<?xml version="1.0" encoding="UTF-8"?>
<testsuites name="Create Store" time="25353.4" tests="259" failures="21" errors="0">
   <testsuite name="Create Store" tests="259" failures="21" errors="0" time="25353.4" skipped="144" timestamp="2023-02-13 08:57:41" hostname="huynh - huynh.mshome.net" id="Test Suites/Store/Create Store">
      <properties>
         <property name="deviceName" value=""/>
         <property name="devicePlatform" value=""/>
         <property name="logFolder" value="C:\\Users\\huynh\\Documents\\Socialhead\\Automation\\Katalon project\\CreateStore\\CreateStore\\Reports\\20230213_085735\\Store\\Create Store\\20230213_085735"/>
         <property name="logFiles" value="C:\\Users\\huynh\\Documents\\Socialhead\\Automation\\Katalon project\\CreateStore\\CreateStore\\Reports\\20230213_085735\\Store\\Create Store\\20230213_085735\\execution0.log"/>
         <property name="attachments" value="C:\\Users\\huynh\\Documents\\Socialhead\\Automation\\Katalon project\\CreateStore\\CreateStore\\Reports\\20230213_085735\\Store\\Create Store\\20230213_085735\\1676254455943.png, C:\\Users\\huynh\\Documents\\Socialhead\\Automation\\Katalon project\\CreateStore\\CreateStore\\Reports\\20230213_085735\\Store\\Create Store\\20230213_085735\\1676256536714.png, C:\\Users\\huynh\\Documents\\Socialhead\\Automation\\Katalon project\\CreateStore\\CreateStore\\Reports\\20230213_085735\\Store\\Create Store\\20230213_085735\\1676257100121.png, C:\\Users\\huynh\\Documents\\Socialhead\\Automation\\Katalon project\\CreateStore\\CreateStore\\Reports\\20230213_085735\\Store\\Create Store\\20230213_085735\\1676257637602.png, C:\\Users\\huynh\\Documents\\Socialhead\\Automation\\Katalon project\\CreateStore\\CreateStore\\Reports\\20230213_085735\\Store\\Create Store\\20230213_085735\\1676257782254.png, C:\\Users\\huynh\\Documents\\Socialhead\\Automation\\Katalon project\\CreateStore\\CreateStore\\Reports\\20230213_085735\\Store\\Create Store\\20230213_085735\\1676258091862.png, C:\\Users\\huynh\\Documents\\Socialhead\\Automation\\Katalon project\\CreateStore\\CreateStore\\Reports\\20230213_085735\\Store\\Create Store\\20230213_085735\\1676261784959.png, C:\\Users\\huynh\\Documents\\Socialhead\\Automation\\Katalon project\\CreateStore\\CreateStore\\Reports\\20230213_085735\\Store\\Create Store\\20230213_085735\\1676263431715.png, C:\\Users\\huynh\\Documents\\Socialhead\\Automation\\Katalon project\\CreateStore\\CreateStore\\Reports\\20230213_085735\\Store\\Create Store\\20230213_085735\\1676263728768.png, C:\\Users\\huynh\\Documents\\Socialhead\\Automation\\Katalon project\\CreateStore\\CreateStore\\Reports\\20230213_085735\\Store\\Create Store\\20230213_085735\\1676265447671.png, C:\\Users\\huynh\\Documents\\Socialhead\\Automation\\Katalon project\\CreateStore\\CreateStore\\Reports\\20230213_085735\\Store\\Create Store\\20230213_085735\\1676266611137.png, C:\\Users\\huynh\\Documents\\Socialhead\\Automation\\Katalon project\\CreateStore\\CreateStore\\Reports\\20230213_085735\\Store\\Create Store\\20230213_085735\\1676266659678.png, C:\\Users\\huynh\\Documents\\Socialhead\\Automation\\Katalon project\\CreateStore\\CreateStore\\Reports\\20230213_085735\\Store\\Create Store\\20230213_085735\\1676270033256.png, C:\\Users\\huynh\\Documents\\Socialhead\\Automation\\Katalon project\\CreateStore\\CreateStore\\Reports\\20230213_085735\\Store\\Create Store\\20230213_085735\\1676270257822.png, C:\\Users\\huynh\\Documents\\Socialhead\\Automation\\Katalon project\\CreateStore\\CreateStore\\Reports\\20230213_085735\\Store\\Create Store\\20230213_085735\\1676272729923.png, C:\\Users\\huynh\\Documents\\Socialhead\\Automation\\Katalon project\\CreateStore\\CreateStore\\Reports\\20230213_085735\\Store\\Create Store\\20230213_085735\\1676272808933.png, C:\\Users\\huynh\\Documents\\Socialhead\\Automation\\Katalon project\\CreateStore\\CreateStore\\Reports\\20230213_085735\\Store\\Create Store\\20230213_085735\\1676275530701.png, C:\\Users\\huynh\\Documents\\Socialhead\\Automation\\Katalon project\\CreateStore\\CreateStore\\Reports\\20230213_085735\\Store\\Create Store\\20230213_085735\\1676275757132.png, C:\\Users\\huynh\\Documents\\Socialhead\\Automation\\Katalon project\\CreateStore\\CreateStore\\Reports\\20230213_085735\\Store\\Create Store\\20230213_085735\\1676275833660.png, C:\\Users\\huynh\\Documents\\Socialhead\\Automation\\Katalon project\\CreateStore\\CreateStore\\Reports\\20230213_085735\\Store\\Create Store\\20230213_085735\\1676275910578.png, C:\\Users\\huynh\\Documents\\Socialhead\\Automation\\Katalon project\\CreateStore\\CreateStore\\Reports\\20230213_085735\\Store\\Create Store\\20230213_085735\\1676278806973.png"/>
         <property name="hostName" value="huynh - huynh.mshome.net"/>
         <property name="os" value="Windows 10 64bit"/>
         <property name="katalonVersion" value="8.5.5.208"/>
         <property name="browser" value="Chrome 109.0.0.0"/>
         <property name="hostAddress" value="172.18.224.1"/>
         <property name="sessionId" value="3fadeedc165450f5d1cdf7615822b4c6"/>
         <property name="seleniumVersion" value="3.141.59"/>
         <property name="proxyInformation" value="ProxyInformation { proxyOption=NO_PROXY, proxyServerType=HTTP, username=, password=********, proxyServerAddress=, proxyServerPort=0, executionList=&quot;&quot;, isApplyToDesiredCapabilities=true }"/>
         <property name="platform" value="Windows 10"/>
      </properties>
      <testcase name="Test Cases/Shopify/CreateStore" time="243.325" classname="Test Cases/Shopify/CreateStore" status="PASSED">
         <system-out><![CDATA[2023-02-13 08:57:41 - [TEST_CASE][PASSED] - Test Cases/Shopify/CreateStore: Test Cases/Shopify/CreateStore

2023-02-13 08:57:41 - [TEST_STEP][PASSED] - Start listener action : skipStatus: null

2023-02-13 08:57:41 - [TEST_STEP][PASSED] - map = testCaseContext.getTestCaseVariables(): null

2023-02-13 08:57:41 - [TEST_STEP][PASSED] - testcae_status = map.get("testcase_status"): null

2023-02-13 08:57:41 - [TEST_STEP][PASSED] - println(testcae_status): null

2023-02-13 08:57:41 - [TEST_STEP][PASSED] - if (testcae_status == "Passed" || testcae_status == "Failed"): null

2023-02-13 08:57:41 - [TEST_STEP][PASSED] - log = new com.kms.katalon.core.util.KeywordUtil(): null

2023-02-13 08:57:41 - [TEST_STEP][PASSED] - openBrowser(""): Browser is opened with url: ''

2023-02-13 08:57:42 - [MESSAGE][INFO] - Starting 'Chrome' driver

2023-02-13 08:57:42 - [MESSAGE][INFO] - Action delay is set to 0 milliseconds

2023-02-13 08:57:43 - [MESSAGE][PASSED] - Browser is opened with url: ''

2023-02-13 08:57:43 - [TEST_STEP][PASSED] - maximizeWindow(): Current window maximized

2023-02-13 08:57:43 - [MESSAGE][PASSED] - Current window maximized

2023-02-13 08:57:43 - [TEST_STEP][PASSED] - st = new shopify.store(): null

2023-02-13 08:57:43 - [TEST_STEP][PASSED] - st.loginShopifyPartner(partner_email, partner_password, partner_id): Object: 'Object Repository/Shopify/btn_login' is clicked on

2023-02-13 08:57:47 - [MESSAGE][PASSED] - Navigate to 'https://partners.shopify.com/1662018/stores/new' successfully

2023-02-13 08:57:48 - [MESSAGE][PASSED] - Text 'huynh@firegroup.io' is set on object 'Object Repository/Shopify/input_email_shopify'

2023-02-13 08:57:51 - [MESSAGE][PASSED] - Object: 'Object Repository/Shopify/btn_continue_with_email' is clicked on

2023-02-13 08:57:53 - [MESSAGE][PASSED] - Text ****** has been set on object 'Object Repository/Shopify/input_password_shopify'

2023-02-13 08:58:19 - [MESSAGE][PASSED] - Object: 'Object Repository/Shopify/btn_login' is clicked on

2023-02-13 08:58:19 - [TEST_STEP][PASSED] - st.navigateToStoreDevelop(partner_id): Navigate to 'https://partners.shopify.com/1662018/stores/new?store_type=dev_preview_store&developer_preview_handle=checkout_extensibility' successfully

2023-02-13 08:58:20 - [MESSAGE][PASSED] - Navigate to 'https://partners.shopify.com/1662018/stores/new?store_type=dev_preview_store&developer_preview_handle=checkout_extensibility' successfully

2023-02-13 08:58:20 - [TEST_STEP][PASSED] - st.inputStoreName(store_name): Delayed 5 second(s)

2023-02-13 08:58:21 - [MESSAGE][PASSED] - Text 'huynh-ar-stag-2365' is set on object 'Object Repository/Shopify/input_store_name'

2023-02-13 08:58:26 - [MESSAGE][PASSED] - Delayed 5 second(s)

2023-02-13 08:58:26 - [TEST_STEP][PASSED] - shopify.store.clickCreateStore(): shopify.store.clickCreateStore is PASSED

2023-02-13 08:58:27 - [MESSAGE][PASSED] - Object: 'Object Repository/Shopify/btn_create_store' is clicked on

2023-02-13 08:58:47 - [MESSAGE][PASSED] - Delayed 20 second(s)

2023-02-13 08:58:47 - [MESSAGE][PASSED] - shopify.store.clickCreateStore is PASSED

2023-02-13 08:58:47 - [TEST_STEP][PASSED] - shopify.store.importProduct(product_file_local): shopify.store.importProduct is PASSED

2023-02-13 08:58:57 - [MESSAGE][PASSED] - Object: 'Object Repository/Shopify/span_product' is clicked on

2023-02-13 08:58:59 - [MESSAGE][PASSED] - Object: 'Object Repository/Shopify/span_import_product' is clicked on

2023-02-13 08:59:00 - [MESSAGE][PASSED] - File 'C:\Users\huynh\Documents\Socialhead\Automation\Katalon project\CreateStore\CreateStore\Data\products_export.csv' sent to object: 'Object Repository/Shopify/file_product'

2023-02-13 08:59:00 - [MESSAGE][PASSED] - Object: 'Object Repository/Shopify/span_upload_product_continue' is clicked on

2023-02-13 08:59:05 - [MESSAGE][PASSED] - Object: 'Object Repository/Shopify/btn_product_confirm_import' is clicked on

2023-02-13 08:59:35 - [MESSAGE][PASSED] - Delayed 30 second(s)

2023-02-13 08:59:35 - [MESSAGE][PASSED] - Refresh successfully

2023-02-13 08:59:50 - [MESSAGE][PASSED] - Delayed 15 second(s)

2023-02-13 08:59:50 - [MESSAGE][PASSED] - shopify.store.importProduct is PASSED

2023-02-13 08:59:50 - [TEST_STEP][PASSED] - shopify.store.clickOnMenuOnlineStore(): shopify.store.clickOnMenuOnlineStore is PASSED

2023-02-13 08:59:51 - [MESSAGE][PASSED] - Object: 'Object Repository/Shopify Store/a_onlie_store' is clicked on

2023-02-13 09:00:01 - [MESSAGE][PASSED] - Delayed 10 second(s)

2023-02-13 09:00:01 - [MESSAGE][PASSED] - shopify.store.clickOnMenuOnlineStore is PASSED

2023-02-13 09:00:01 - [TEST_STEP][PASSED] - shopify.store.clickOnImportTheme(): shopify.store.clickOnImportTheme is PASSED

2023-02-13 09:00:01 - [MESSAGE][PASSED] - Object: 'Object Repository/Shopify Store/btn_add_theme' is clicked on

2023-02-13 09:00:01 - [MESSAGE][PASSED] - shopify.store.clickOnImportTheme is PASSED

2023-02-13 09:00:01 - [TEST_STEP][PASSED] - shopify.store.uploadThemeFile(theme_file_local): shopify.store.uploadThemeFile is PASSED

2023-02-13 09:00:01 - [MESSAGE][PASSED] - Object: 'Object Repository/Shopify Store/btn_upload_zip_file' is clicked on

2023-02-13 09:00:02 - [MESSAGE][PASSED] - File 'C:\Users\huynh\Documents\Socialhead\Automation\Katalon project\CreateStore\CreateStore\Data\theme_export__thracianbio-myshopify-com-responsive-mobile-slider-08feb21__10FEB2021-1015am.zip' sent to object: 'Object Repository/Shopify Store/file_theme'

2023-02-13 09:00:02 - [MESSAGE][PASSED] - Object: 'Object Repository/Shopify Store/btn_upload_theme' is clicked on

2023-02-13 09:00:12 - [MESSAGE][PASSED] - Delayed 10 second(s)

2023-02-13 09:00:12 - [MESSAGE][PASSED] - shopify.store.uploadThemeFile is PASSED

2023-02-13 09:00:12 - [TEST_STEP][PASSED] - shopify.store.clickPublishTheme(): shopify.store.clickPublishTheme is PASSED

2023-02-13 09:00:42 - [MESSAGE][PASSED] - Delayed 30 second(s)

2023-02-13 09:00:42 - [MESSAGE][PASSED] - Refresh successfully

2023-02-13 09:01:12 - [MESSAGE][PASSED] - Delayed 30 second(s)

2023-02-13 09:01:13 - [MESSAGE][PASSED] - Object 'Object Repository/Shopify Store/btn_publish_theme' is clickable

2023-02-13 09:01:13 - [MESSAGE][PASSED] - Object: 'Object Repository/Shopify Store/btn_publish_theme' is clicked on

2023-02-13 09:01:13 - [MESSAGE][PASSED] - shopify.store.clickPublishTheme is PASSED

2023-02-13 09:01:13 - [TEST_STEP][PASSED] - shopify.store.confirmPublishTheme(): shopify.store.confirmPublishTheme is PASSED

2023-02-13 09:01:23 - [MESSAGE][PASSED] - Delayed 10 second(s)

2023-02-13 09:01:24 - [MESSAGE][PASSED] - Object: 'Object Repository/Shopify Store/btn_confirm_publish_theme' is clicked on

2023-02-13 09:01:24 - [MESSAGE][PASSED] - shopify.store.confirmPublishTheme is PASSED

2023-02-13 09:01:24 - [TEST_STEP][PASSED] - shopify.store_setting.changeStoreCurrency(currency, store_name): shopify.store_setting.changeStoreCurrency is PASSED

2023-02-13 09:01:34 - [MESSAGE][PASSED] - Delayed 10 second(s)

2023-02-13 09:01:38 - [MESSAGE][PASSED] - Navigate to 'http://huynh-ar-stag-2365.myshopify.com/admin/settings/general' successfully

2023-02-13 09:01:43 - [MESSAGE][PASSED] - All options with value 'USD' are selected in object 'Object Repository/Shopify Store/select_currency' 

2023-02-13 09:01:43 - [MESSAGE][PASSED] - shopify.store_setting.changeStoreCurrency is PASSED

2023-02-13 09:01:43 - [TEST_STEP][PASSED] - shopify.store_setting.saveStoreSetting(): shopify.store_setting.saveStoreSetting is PASSED

2023-02-13 09:01:44 - [MESSAGE][PASSED] - Object: 'Object Repository/Shopify Store/span_save_admin_setting' is clicked on

2023-02-13 09:01:44 - [MESSAGE][PASSED] - shopify.store_setting.saveStoreSetting is PASSED

2023-02-13 09:01:44 - [TEST_STEP][PASSED] - Start tear down : teardownIfPassed: Method 'teardownIfPassed' complete successfully

2023-02-13 09:01:44 - [TEST_STEP][PASSED] - data.excel.updateValueToSheet(file_data, "store", 4, store_name, 7, "Passed"): data.excel.updateValueToSheet is PASSED

2023-02-13 09:01:44 - [MESSAGE][PASSED] - data.excel.updateValueToSheet is PASSED

2023-02-13 09:01:44 - [MESSAGE][PASSED] - Method 'teardownIfPassed' complete successfully]]></system-out>
         <system-err><![CDATA[]]></system-err>
      </testcase>
      <testcase name="Test Cases/Shopify/CreateStore" time="249.607" classname="Test Cases/Shopify/CreateStore" status="PASSED">
         <system-out><![CDATA[2023-02-13 09:01:44 - [TEST_CASE][PASSED] - Test Cases/Shopify/CreateStore: Test Cases/Shopify/CreateStore

2023-02-13 09:01:44 - [TEST_STEP][PASSED] - Start listener action : skipStatus: null

2023-02-13 09:01:44 - [TEST_STEP][PASSED] - map = testCaseContext.getTestCaseVariables(): null

2023-02-13 09:01:44 - [TEST_STEP][PASSED] - testcae_status = map.get("testcase_status"): null

2023-02-13 09:01:44 - [TEST_STEP][PASSED] - println(testcae_status): null

2023-02-13 09:01:44 - [TEST_STEP][PASSED] - if (testcae_status == "Passed" || testcae_status == "Failed"): null

2023-02-13 09:01:44 - [TEST_STEP][PASSED] - log = new com.kms.katalon.core.util.KeywordUtil(): null

2023-02-13 09:01:44 - [TEST_STEP][PASSED] - openBrowser(""): Browser is opened with url: ''

2023-02-13 09:01:44 - [MESSAGE][WARNING] - A browser is already opened. Closing browser and opening a new one

2023-02-13 09:01:45 - [MESSAGE][INFO] - Starting 'Chrome' driver

2023-02-13 09:01:45 - [MESSAGE][INFO] - Action delay is set to 0 milliseconds

2023-02-13 09:01:46 - [MESSAGE][PASSED] - Browser is opened with url: ''

2023-02-13 09:01:46 - [TEST_STEP][PASSED] - maximizeWindow(): Current window maximized

2023-02-13 09:01:46 - [MESSAGE][PASSED] - Current window maximized

2023-02-13 09:01:46 - [TEST_STEP][PASSED] - st = new shopify.store(): null

2023-02-13 09:01:46 - [TEST_STEP][PASSED] - st.loginShopifyPartner(partner_email, partner_password, partner_id): Object: 'Object Repository/Shopify/btn_login' is clicked on

2023-02-13 09:01:50 - [MESSAGE][PASSED] - Navigate to 'https://partners.shopify.com/1662018/stores/new' successfully

2023-02-13 09:01:51 - [MESSAGE][PASSED] - Text 'huynh@firegroup.io' is set on object 'Object Repository/Shopify/input_email_shopify'

2023-02-13 09:01:54 - [MESSAGE][PASSED] - Object: 'Object Repository/Shopify/btn_continue_with_email' is clicked on

2023-02-13 09:01:56 - [MESSAGE][PASSED] - Text ****** has been set on object 'Object Repository/Shopify/input_password_shopify'

2023-02-13 09:02:22 - [MESSAGE][PASSED] - Object: 'Object Repository/Shopify/btn_login' is clicked on

2023-02-13 09:02:22 - [TEST_STEP][PASSED] - st.navigateToStoreDevelop(partner_id): Navigate to 'https://partners.shopify.com/1662018/stores/new?store_type=dev_preview_store&developer_preview_handle=checkout_extensibility' successfully

2023-02-13 09:02:23 - [MESSAGE][PASSED] - Navigate to 'https://partners.shopify.com/1662018/stores/new?store_type=dev_preview_store&developer_preview_handle=checkout_extensibility' successfully

2023-02-13 09:02:23 - [TEST_STEP][PASSED] - st.inputStoreName(store_name): Delayed 5 second(s)

2023-02-13 09:02:25 - [MESSAGE][PASSED] - Text 'huynh-ar-stag-2366' is set on object 'Object Repository/Shopify/input_store_name'

2023-02-13 09:02:30 - [MESSAGE][PASSED] - Delayed 5 second(s)

2023-02-13 09:02:30 - [TEST_STEP][PASSED] - shopify.store.clickCreateStore(): shopify.store.clickCreateStore is PASSED

2023-02-13 09:02:30 - [MESSAGE][PASSED] - Object: 'Object Repository/Shopify/btn_create_store' is clicked on

2023-02-13 09:02:50 - [MESSAGE][PASSED] - Delayed 20 second(s)

2023-02-13 09:02:50 - [MESSAGE][PASSED] - shopify.store.clickCreateStore is PASSED

2023-02-13 09:02:50 - [TEST_STEP][PASSED] - shopify.store.importProduct(product_file_local): shopify.store.importProduct is PASSED

2023-02-13 09:03:09 - [MESSAGE][PASSED] - Object: 'Object Repository/Shopify/span_product' is clicked on

2023-02-13 09:03:11 - [MESSAGE][PASSED] - Object: 'Object Repository/Shopify/span_import_product' is clicked on

2023-02-13 09:03:12 - [MESSAGE][PASSED] - File 'C:\Users\huynh\Documents\Socialhead\Automation\Katalon project\CreateStore\CreateStore\Data\products_export.csv' sent to object: 'Object Repository/Shopify/file_product'

2023-02-13 09:03:13 - [MESSAGE][PASSED] - Object: 'Object Repository/Shopify/span_upload_product_continue' is clicked on

2023-02-13 09:03:16 - [MESSAGE][PASSED] - Object: 'Object Repository/Shopify/btn_product_confirm_import' is clicked on

2023-02-13 09:03:46 - [MESSAGE][PASSED] - Delayed 30 second(s)

2023-02-13 09:03:46 - [MESSAGE][PASSED] - Refresh successfully

2023-02-13 09:04:01 - [MESSAGE][PASSED] - Delayed 15 second(s)

2023-02-13 09:04:01 - [MESSAGE][PASSED] - shopify.store.importProduct is PASSED

2023-02-13 09:04:01 - [TEST_STEP][PASSED] - shopify.store.clickOnMenuOnlineStore(): shopify.store.clickOnMenuOnlineStore is PASSED

2023-02-13 09:04:02 - [MESSAGE][PASSED] - Object: 'Object Repository/Shopify Store/a_onlie_store' is clicked on

2023-02-13 09:04:12 - [MESSAGE][PASSED] - Delayed 10 second(s)

2023-02-13 09:04:12 - [MESSAGE][PASSED] - shopify.store.clickOnMenuOnlineStore is PASSED

2023-02-13 09:04:12 - [TEST_STEP][PASSED] - shopify.store.clickOnImportTheme(): shopify.store.clickOnImportTheme is PASSED

2023-02-13 09:04:12 - [MESSAGE][PASSED] - Object: 'Object Repository/Shopify Store/btn_add_theme' is clicked on

2023-02-13 09:04:12 - [MESSAGE][PASSED] - shopify.store.clickOnImportTheme is PASSED

2023-02-13 09:04:12 - [TEST_STEP][PASSED] - shopify.store.uploadThemeFile(theme_file_local): shopify.store.uploadThemeFile is PASSED

2023-02-13 09:04:12 - [MESSAGE][PASSED] - Object: 'Object Repository/Shopify Store/btn_upload_zip_file' is clicked on

2023-02-13 09:04:13 - [MESSAGE][PASSED] - File 'C:\Users\huynh\Documents\Socialhead\Automation\Katalon project\CreateStore\CreateStore\Data\theme_export__tia-nova-com-copy-of-envy-17__few_badge__22__july__2019__02JUN2020-0658am.zip' sent to object: 'Object Repository/Shopify Store/file_theme'

2023-02-13 09:04:13 - [MESSAGE][PASSED] - Object: 'Object Repository/Shopify Store/btn_upload_theme' is clicked on

2023-02-13 09:04:23 - [MESSAGE][PASSED] - Delayed 10 second(s)

2023-02-13 09:04:23 - [MESSAGE][PASSED] - shopify.store.uploadThemeFile is PASSED

2023-02-13 09:04:23 - [TEST_STEP][PASSED] - shopify.store.clickPublishTheme(): shopify.store.clickPublishTheme is PASSED

2023-02-13 09:04:53 - [MESSAGE][PASSED] - Delayed 30 second(s)

2023-02-13 09:04:55 - [MESSAGE][PASSED] - Refresh successfully

2023-02-13 09:05:25 - [MESSAGE][PASSED] - Delayed 30 second(s)

2023-02-13 09:05:25 - [MESSAGE][PASSED] - Object 'Object Repository/Shopify Store/btn_publish_theme' is clickable

2023-02-13 09:05:25 - [MESSAGE][PASSED] - Object: 'Object Repository/Shopify Store/btn_publish_theme' is clicked on

2023-02-13 09:05:25 - [MESSAGE][PASSED] - shopify.store.clickPublishTheme is PASSED

2023-02-13 09:05:25 - [TEST_STEP][PASSED] - shopify.store.confirmPublishTheme(): shopify.store.confirmPublishTheme is PASSED

2023-02-13 09:05:35 - [MESSAGE][PASSED] - Delayed 10 second(s)

2023-02-13 09:05:36 - [MESSAGE][PASSED] - Object: 'Object Repository/Shopify Store/btn_confirm_publish_theme' is clicked on

2023-02-13 09:05:36 - [MESSAGE][PASSED] - shopify.store.confirmPublishTheme is PASSED

2023-02-13 09:05:36 - [TEST_STEP][PASSED] - shopify.store_setting.changeStoreCurrency(currency, store_name): shopify.store_setting.changeStoreCurrency is PASSED

2023-02-13 09:05:46 - [MESSAGE][PASSED] - Delayed 10 second(s)

2023-02-13 09:05:49 - [MESSAGE][PASSED] - Navigate to 'http://huynh-ar-stag-2366.myshopify.com/admin/settings/general' successfully

2023-02-13 09:05:53 - [MESSAGE][PASSED] - All options with value 'USD' are selected in object 'Object Repository/Shopify Store/select_currency' 

2023-02-13 09:05:53 - [MESSAGE][PASSED] - shopify.store_setting.changeStoreCurrency is PASSED

2023-02-13 09:05:53 - [TEST_STEP][PASSED] - shopify.store_setting.saveStoreSetting(): shopify.store_setting.saveStoreSetting is PASSED

2023-02-13 09:05:54 - [MESSAGE][PASSED] - Object: 'Object Repository/Shopify Store/span_save_admin_setting' is clicked on

2023-02-13 09:05:54 - [MESSAGE][PASSED] - shopify.store_setting.saveStoreSetting is PASSED

2023-02-13 09:05:54 - [TEST_STEP][PASSED] - Start tear down : teardownIfPassed: Method 'teardownIfPassed' complete successfully

2023-02-13 09:05:54 - [TEST_STEP][PASSED] - data.excel.updateValueToSheet(file_data, "store", 4, store_name, 7, "Passed"): data.excel.updateValueToSheet is PASSED

2023-02-13 09:05:54 - [MESSAGE][PASSED] - data.excel.updateValueToSheet is PASSED

2023-02-13 09:05:54 - [MESSAGE][PASSED] - Method 'teardownIfPassed' complete successfully]]></system-out>
         <system-err><![CDATA[]]></system-err>
      </testcase>
      <testcase name="Test Cases/Shopify/CreateStore" time="251.374" classname="Test Cases/Shopify/CreateStore" status="PASSED">
         <system-out><![CDATA[2023-02-13 09:05:54 - [TEST_CASE][PASSED] - Test Cases/Shopify/CreateStore: Test Cases/Shopify/CreateStore

2023-02-13 09:05:54 - [TEST_STEP][PASSED] - Start listener action : skipStatus: null

2023-02-13 09:05:54 - [TEST_STEP][PASSED] - map = testCaseContext.getTestCaseVariables(): null

2023-02-13 09:05:54 - [TEST_STEP][PASSED] - testcae_status = map.get("testcase_status"): null

2023-02-13 09:05:54 - [TEST_STEP][PASSED] - println(testcae_status): null

2023-02-13 09:05:54 - [TEST_STEP][PASSED] - if (testcae_status == "Passed" || testcae_status == "Failed"): null

2023-02-13 09:05:54 - [TEST_STEP][PASSED] - log = new com.kms.katalon.core.util.KeywordUtil(): null

2023-02-13 09:05:54 - [TEST_STEP][PASSED] - openBrowser(""): Browser is opened with url: ''

2023-02-13 09:05:54 - [MESSAGE][WARNING] - A browser is already opened. Closing browser and opening a new one

2023-02-13 09:05:55 - [MESSAGE][INFO] - Starting 'Chrome' driver

2023-02-13 09:05:55 - [MESSAGE][INFO] - Action delay is set to 0 milliseconds

2023-02-13 09:05:56 - [MESSAGE][PASSED] - Browser is opened with url: ''

2023-02-13 09:05:56 - [TEST_STEP][PASSED] - maximizeWindow(): Current window maximized

2023-02-13 09:05:56 - [MESSAGE][PASSED] - Current window maximized

2023-02-13 09:05:56 - [TEST_STEP][PASSED] - st = new shopify.store(): null

2023-02-13 09:05:56 - [TEST_STEP][PASSED] - st.loginShopifyPartner(partner_email, partner_password, partner_id): Object: 'Object Repository/Shopify/btn_login' is clicked on

2023-02-13 09:06:00 - [MESSAGE][PASSED] - Navigate to 'https://partners.shopify.com/1662018/stores/new' successfully

2023-02-13 09:06:01 - [MESSAGE][PASSED] - Text 'huynh@firegroup.io' is set on object 'Object Repository/Shopify/input_email_shopify'

2023-02-13 09:06:10 - [MESSAGE][PASSED] - Object: 'Object Repository/Shopify/btn_continue_with_email' is clicked on

2023-02-13 09:06:12 - [MESSAGE][PASSED] - Text ****** has been set on object 'Object Repository/Shopify/input_password_shopify'

2023-02-13 09:06:20 - [MESSAGE][PASSED] - Object: 'Object Repository/Shopify/btn_login' is clicked on

2023-02-13 09:06:20 - [TEST_STEP][PASSED] - st.navigateToStoreDevelop(partner_id): Navigate to 'https://partners.shopify.com/1662018/stores/new?store_type=dev_preview_store&developer_preview_handle=checkout_extensibility' successfully

2023-02-13 09:06:21 - [MESSAGE][PASSED] - Navigate to 'https://partners.shopify.com/1662018/stores/new?store_type=dev_preview_store&developer_preview_handle=checkout_extensibility' successfully

2023-02-13 09:06:21 - [TEST_STEP][PASSED] - st.inputStoreName(store_name): Delayed 5 second(s)

2023-02-13 09:06:23 - [MESSAGE][PASSED] - Text 'huynh-ar-stag-2367' is set on object 'Object Repository/Shopify/input_store_name'

2023-02-13 09:06:28 - [MESSAGE][PASSED] - Delayed 5 second(s)

2023-02-13 09:06:28 - [TEST_STEP][PASSED] - shopify.store.clickCreateStore(): shopify.store.clickCreateStore is PASSED

2023-02-13 09:06:28 - [MESSAGE][PASSED] - Object: 'Object Repository/Shopify/btn_create_store' is clicked on

2023-02-13 09:06:48 - [MESSAGE][PASSED] - Delayed 20 second(s)

2023-02-13 09:06:48 - [MESSAGE][PASSED] - shopify.store.clickCreateStore is PASSED

2023-02-13 09:06:48 - [TEST_STEP][PASSED] - shopify.store.importProduct(product_file_local): shopify.store.importProduct is PASSED

2023-02-13 09:07:21 - [MESSAGE][PASSED] - Object: 'Object Repository/Shopify/span_product' is clicked on

2023-02-13 09:07:23 - [MESSAGE][PASSED] - Object: 'Object Repository/Shopify/span_import_product' is clicked on

2023-02-13 09:07:23 - [MESSAGE][PASSED] - File 'C:\Users\huynh\Documents\Socialhead\Automation\Katalon project\CreateStore\CreateStore\Data\products_export.csv' sent to object: 'Object Repository/Shopify/file_product'

2023-02-13 09:07:24 - [MESSAGE][PASSED] - Object: 'Object Repository/Shopify/span_upload_product_continue' is clicked on

2023-02-13 09:07:26 - [MESSAGE][PASSED] - Object: 'Object Repository/Shopify/btn_product_confirm_import' is clicked on

2023-02-13 09:07:56 - [MESSAGE][PASSED] - Delayed 30 second(s)

2023-02-13 09:07:57 - [MESSAGE][PASSED] - Refresh successfully

2023-02-13 09:08:12 - [MESSAGE][PASSED] - Delayed 15 second(s)

2023-02-13 09:08:12 - [MESSAGE][PASSED] - shopify.store.importProduct is PASSED

2023-02-13 09:08:12 - [TEST_STEP][PASSED] - shopify.store.clickOnMenuOnlineStore(): shopify.store.clickOnMenuOnlineStore is PASSED

2023-02-13 09:08:12 - [MESSAGE][PASSED] - Object: 'Object Repository/Shopify Store/a_onlie_store' is clicked on

2023-02-13 09:08:22 - [MESSAGE][PASSED] - Delayed 10 second(s)

2023-02-13 09:08:22 - [MESSAGE][PASSED] - shopify.store.clickOnMenuOnlineStore is PASSED

2023-02-13 09:08:22 - [TEST_STEP][PASSED] - shopify.store.clickOnImportTheme(): shopify.store.clickOnImportTheme is PASSED

2023-02-13 09:08:23 - [MESSAGE][PASSED] - Object: 'Object Repository/Shopify Store/btn_add_theme' is clicked on

2023-02-13 09:08:23 - [MESSAGE][PASSED] - shopify.store.clickOnImportTheme is PASSED

2023-02-13 09:08:23 - [TEST_STEP][PASSED] - shopify.store.uploadThemeFile(theme_file_local): shopify.store.uploadThemeFile is PASSED

2023-02-13 09:08:23 - [MESSAGE][PASSED] - Object: 'Object Repository/Shopify Store/btn_upload_zip_file' is clicked on

2023-02-13 09:08:24 - [MESSAGE][PASSED] - File 'C:\Users\huynh\Documents\Socialhead\Automation\Katalon project\CreateStore\CreateStore\Data\theme_export__topipets-com-theme-export-topipets-com-turbo-4-1-2-350-13j__13AUG2020-1252pm.zip' sent to object: 'Object Repository/Shopify Store/file_theme'

2023-02-13 09:08:24 - [MESSAGE][PASSED] - Object: 'Object Repository/Shopify Store/btn_upload_theme' is clicked on

2023-02-13 09:08:34 - [MESSAGE][PASSED] - Delayed 10 second(s)

2023-02-13 09:08:34 - [MESSAGE][PASSED] - shopify.store.uploadThemeFile is PASSED

2023-02-13 09:08:34 - [TEST_STEP][PASSED] - shopify.store.clickPublishTheme(): shopify.store.clickPublishTheme is PASSED

2023-02-13 09:09:04 - [MESSAGE][PASSED] - Delayed 30 second(s)

2023-02-13 09:09:06 - [MESSAGE][PASSED] - Refresh successfully

2023-02-13 09:09:36 - [MESSAGE][PASSED] - Delayed 30 second(s)

2023-02-13 09:09:36 - [MESSAGE][PASSED] - Object 'Object Repository/Shopify Store/btn_publish_theme' is clickable

2023-02-13 09:09:36 - [MESSAGE][PASSED] - Object: 'Object Repository/Shopify Store/btn_publish_theme' is clicked on

2023-02-13 09:09:36 - [MESSAGE][PASSED] - shopify.store.clickPublishTheme is PASSED

2023-02-13 09:09:36 - [TEST_STEP][PASSED] - shopify.store.confirmPublishTheme(): shopify.store.confirmPublishTheme is PASSED

2023-02-13 09:09:46 - [MESSAGE][PASSED] - Delayed 10 second(s)

2023-02-13 09:09:47 - [MESSAGE][PASSED] - Object: 'Object Repository/Shopify Store/btn_confirm_publish_theme' is clicked on

2023-02-13 09:09:47 - [MESSAGE][PASSED] - shopify.store.confirmPublishTheme is PASSED

2023-02-13 09:09:47 - [TEST_STEP][PASSED] - shopify.store_setting.changeStoreCurrency(currency, store_name): shopify.store_setting.changeStoreCurrency is PASSED

2023-02-13 09:09:57 - [MESSAGE][PASSED] - Delayed 10 second(s)

2023-02-13 09:10:00 - [MESSAGE][PASSED] - Navigate to 'http://huynh-ar-stag-2367.myshopify.com/admin/settings/general' successfully

2023-02-13 09:10:05 - [MESSAGE][PASSED] - All options with value 'USD' are selected in object 'Object Repository/Shopify Store/select_currency' 

2023-02-13 09:10:05 - [MESSAGE][PASSED] - shopify.store_setting.changeStoreCurrency is PASSED

2023-02-13 09:10:05 - [TEST_STEP][PASSED] - shopify.store_setting.saveStoreSetting(): shopify.store_setting.saveStoreSetting is PASSED

2023-02-13 09:10:05 - [MESSAGE][PASSED] - Object: 'Object Repository/Shopify Store/span_save_admin_setting' is clicked on

2023-02-13 09:10:05 - [MESSAGE][PASSED] - shopify.store_setting.saveStoreSetting is PASSED

2023-02-13 09:10:05 - [TEST_STEP][PASSED] - Start tear down : teardownIfPassed: Method 'teardownIfPassed' complete successfully

2023-02-13 09:10:05 - [TEST_STEP][PASSED] - data.excel.updateValueToSheet(file_data, "store", 4, store_name, 7, "Passed"): data.excel.updateValueToSheet is PASSED

2023-02-13 09:10:05 - [MESSAGE][PASSED] - data.excel.updateValueToSheet is PASSED

2023-02-13 09:10:05 - [MESSAGE][PASSED] - Method 'teardownIfPassed' complete successfully]]></system-out>
         <system-err><![CDATA[]]></system-err>
      </testcase>
      <testcase name="Test Cases/Shopify/CreateStore" time="250.141" classname="Test Cases/Shopify/CreateStore" status="FAILED">
         <failure type="FAILED" message="Test Cases/Shopify/CreateStore FAILED.
Reason:
com.kms.katalon.core.exception.StepFailedException: Unable to click on object 'Object Repository/Shopify Store/btn_publish_theme'
	at com.kms.katalon.core.webui.keyword.internal.WebUIKeywordMain.stepFailed(WebUIKeywordMain.groovy:64)
	at com.kms.katalon.core.webui.keyword.internal.WebUIKeywordMain.runKeyword(WebUIKeywordMain.groovy:26)
	at com.kms.katalon.core.webui.keyword.builtin.ClickKeyword.click(ClickKeyword.groovy:74)
	at com.kms.katalon.core.webui.keyword.builtin.ClickKeyword.execute(ClickKeyword.groovy:40)
	at com.kms.katalon.core.keyword.internal.KeywordExecutor.executeKeywordForPlatform(KeywordExecutor.groovy:74)
	at com.kms.katalon.core.webui.keyword.WebUiBuiltInKeywords.click(WebUiBuiltInKeywords.groovy:620)
	at com.kms.katalon.core.webui.keyword.WebUiBuiltInKeywords$click$3.call(Unknown Source)
	at shopify.store.clickPublishTheme(store.groovy:94)
	at shopify.store.invokeMethod(store.groovy)
	at com.kms.katalon.core.main.CustomKeywordDelegatingMetaClass.invokeStaticMethod(CustomKeywordDelegatingMetaClass.java:55)
	at CreateStore.run(CreateStore:56)
	at com.kms.katalon.core.main.ScriptEngine.run(ScriptEngine.java:194)
	at com.kms.katalon.core.main.ScriptEngine.runScriptAsRawText(ScriptEngine.java:119)
	at com.kms.katalon.core.main.TestCaseExecutor.runScript(TestCaseExecutor.java:448)
	at com.kms.katalon.core.main.TestCaseExecutor.doExecute(TestCaseExecutor.java:439)
	at com.kms.katalon.core.main.TestCaseExecutor.processExecutionPhase(TestCaseExecutor.java:418)
	at com.kms.katalon.core.main.TestCaseExecutor.accessMainPhase(TestCaseExecutor.java:410)
	at com.kms.katalon.core.main.TestCaseExecutor.execute(TestCaseExecutor.java:285)
	at com.kms.katalon.core.common.CommonExecutor.accessTestCaseMainPhase(CommonExecutor.java:65)
	at com.kms.katalon.core.main.TestSuiteExecutor.accessTestSuiteMainPhase(TestSuiteExecutor.java:151)
	at com.kms.katalon.core.main.TestSuiteExecutor.execute(TestSuiteExecutor.java:106)
	at com.kms.katalon.core.main.TestCaseMain.startTestSuite(TestCaseMain.java:185)
	at com.kms.katalon.core.main.TestCaseMain$startTestSuite$0.call(Unknown Source)
	at TempTestSuite1676253455264.run(TempTestSuite1676253455264.groovy:36)
Caused by: org.openqa.selenium.ElementClickInterceptedException: element click intercepted: Element &lt;iframe title=&quot;Online Store&quot; src=&quot;https://online-store-web.shopifyapps.com/themes?hmac=c17d723b9ebcecaa746bc9250d43225ab93bc0ef86167879dfb946063a808507&amp;amp;host=YWRtaW4uc2hvcGlmeS5jb20vc3RvcmUvaHV5bmgtYXItc3RhZy0yMzY4&amp;amp;locale=en&amp;amp;session=b7e7cb12c3102c84b2ff7dcf31fd36c4046f4bfe9cf32be6052b882677e94a93&amp;amp;shop=huynh-ar-stag-2368.myshopify.com&amp;amp;timestamp=1676254393&amp;amp;_signed_params=host%2Clocale%2Csession%2Cshop%2Ctimestamp&amp;amp;appLoadId=3d41a161-0b8f-4a03-900f-cbec262858b0&quot; name=&quot;4446c49e-0b30-4c75-8bb7-a2f3686cb4eb&quot; context=&quot;Main&quot; class=&quot;rG8rl&quot; cd_frame_id_=&quot;2b657b86a08d31bf2c0299511d4027d9&quot;>&lt;/iframe> is not clickable at point (859, 946). Other element would receive the click: &lt;p class=&quot;KZJNR&quot; aria-hidden=&quot;true&quot;>...&lt;/p>
  (Session info: chrome=109.0.5414.121)
Build info: version: '3.141.59', revision: 'e82be7d358', time: '2018-11-14T08:25:53'
System info: host: 'HUYNH', ip: '172.18.224.1', os.name: 'Windows 10', os.arch: 'amd64', os.version: '10.0', java.version: '1.8.0_282'
Driver info: com.kms.katalon.selenium.driver.CChromeDriver
Capabilities {acceptInsecureCerts: false, browserName: chrome, browserVersion: 109.0.5414.121, chrome: {chromedriverVersion: 109.0.5414.74 (e7c5703604da..., userDataDir: C:\Users\huynh\AppData\Loca...}, goog:chromeOptions: {debuggerAddress: localhost:57152}, javascriptEnabled: true, networkConnectionEnabled: false, pageLoadStrategy: normal, platform: WINDOWS, platformName: WINDOWS, proxy: Proxy(), setWindowRect: true, strictFileInteractability: false, timeouts: {implicit: 0, pageLoad: 300000, script: 30000}, unhandledPromptBehavior: dismiss and notify, webauthn:extension:credBlob: true, webauthn:extension:largeBlob: true, webauthn:virtualAuthenticators: true}
Session ID: 748a0bbf96b332c739902e7358391e12
	at org.openqa.selenium.remote.http.W3CHttpResponseCodec.createException(W3CHttpResponseCodec.java:187)
	at org.openqa.selenium.remote.http.W3CHttpResponseCodec.decode(W3CHttpResponseCodec.java:122)
	at org.openqa.selenium.remote.http.W3CHttpResponseCodec.decode(W3CHttpResponseCodec.java:49)
	at org.openqa.selenium.remote.HttpCommandExecutor.execute(HttpCommandExecutor.java:158)
	at org.openqa.selenium.remote.service.DriverCommandExecutor.execute(DriverCommandExecutor.java:83)
	at org.openqa.selenium.remote.RemoteWebDriver.execute(RemoteWebDriver.java:552)
	at com.kms.katalon.selenium.driver.CChromeDriver.execute(CChromeDriver.java:19)
	at org.openqa.selenium.remote.RemoteWebElement.execute(RemoteWebElement.java:285)
	at org.openqa.selenium.remote.RemoteWebElement.click(RemoteWebElement.java:84)
	at org.openqa.selenium.support.events.EventFiringWebDriver$EventFiringWebElement.lambda$new$0(EventFiringWebDriver.java:404)
	at com.sun.proxy.$Proxy16.click(Unknown Source)
	at org.openqa.selenium.support.events.EventFiringWebDriver$EventFiringWebElement.click(EventFiringWebDriver.java:417)
	at org.openqa.selenium.WebElement$click.call(Unknown Source)
	at com.kms.katalon.core.webui.keyword.builtin.ClickKeyword.clickUntilSuccessWithTimeout(ClickKeyword.groovy:81)
	at com.kms.katalon.core.webui.keyword.builtin.ClickKeyword.clickUntilSuccessWithTimeout(ClickKeyword.groovy)
	at com.kms.katalon.core.webui.keyword.builtin.ClickKeyword$_click_closure1.doCall(ClickKeyword.groovy:67)
	at com.kms.katalon.core.webui.keyword.builtin.ClickKeyword$_click_closure1.call(ClickKeyword.groovy)
	at com.kms.katalon.core.webui.keyword.internal.WebUIKeywordMain.runKeyword(WebUIKeywordMain.groovy:20)
	... 22 more
"/>
         <system-out><![CDATA[2023-02-13 09:10:06 - [TEST_CASE][FAILED] - Test Cases/Shopify/CreateStore: Test Cases/Shopify/CreateStore FAILED.
Reason:
com.kms.katalon.core.exception.StepFailedException: Unable to click on object 'Object Repository/Shopify Store/btn_publish_theme'
	at com.kms.katalon.core.webui.keyword.internal.WebUIKeywordMain.stepFailed(WebUIKeywordMain.groovy:64)
	at com.kms.katalon.core.webui.keyword.internal.WebUIKeywordMain.runKeyword(WebUIKeywordMain.groovy:26)
	at com.kms.katalon.core.webui.keyword.builtin.ClickKeyword.click(ClickKeyword.groovy:74)
	at com.kms.katalon.core.webui.keyword.builtin.ClickKeyword.execute(ClickKeyword.groovy:40)
	at com.kms.katalon.core.keyword.internal.KeywordExecutor.executeKeywordForPlatform(KeywordExecutor.groovy:74)
	at com.kms.katalon.core.webui.keyword.WebUiBuiltInKeywords.click(WebUiBuiltInKeywords.groovy:620)
	at com.kms.katalon.core.webui.keyword.WebUiBuiltInKeywords$click$3.call(Unknown Source)
	at shopify.store.clickPublishTheme(store.groovy:94)
	at shopify.store.invokeMethod(store.groovy)
	at com.kms.katalon.core.main.CustomKeywordDelegatingMetaClass.invokeStaticMethod(CustomKeywordDelegatingMetaClass.java:55)
	at CreateStore.run(CreateStore:56)
	at com.kms.katalon.core.main.ScriptEngine.run(ScriptEngine.java:194)
	at com.kms.katalon.core.main.ScriptEngine.runScriptAsRawText(ScriptEngine.java:119)
	at com.kms.katalon.core.main.TestCaseExecutor.runScript(TestCaseExecutor.java:448)
	at com.kms.katalon.core.main.TestCaseExecutor.doExecute(TestCaseExecutor.java:439)
	at com.kms.katalon.core.main.TestCaseExecutor.processExecutionPhase(TestCaseExecutor.java:418)
	at com.kms.katalon.core.main.TestCaseExecutor.accessMainPhase(TestCaseExecutor.java:410)
	at com.kms.katalon.core.main.TestCaseExecutor.execute(TestCaseExecutor.java:285)
	at com.kms.katalon.core.common.CommonExecutor.accessTestCaseMainPhase(CommonExecutor.java:65)
	at com.kms.katalon.core.main.TestSuiteExecutor.accessTestSuiteMainPhase(TestSuiteExecutor.java:151)
	at com.kms.katalon.core.main.TestSuiteExecutor.execute(TestSuiteExecutor.java:106)
	at com.kms.katalon.core.main.TestCaseMain.startTestSuite(TestCaseMain.java:185)
	at com.kms.katalon.core.main.TestCaseMain$startTestSuite$0.call(Unknown Source)
	at TempTestSuite1676253455264.run(TempTestSuite1676253455264.groovy:36)
Caused by: org.openqa.selenium.ElementClickInterceptedException: element click intercepted: Element <iframe title="Online Store" src="https://online-store-web.shopifyapps.com/themes?hmac=c17d723b9ebcecaa746bc9250d43225ab93bc0ef86167879dfb946063a808507&amp;host=YWRtaW4uc2hvcGlmeS5jb20vc3RvcmUvaHV5bmgtYXItc3RhZy0yMzY4&amp;locale=en&amp;session=b7e7cb12c3102c84b2ff7dcf31fd36c4046f4bfe9cf32be6052b882677e94a93&amp;shop=huynh-ar-stag-2368.myshopify.com&amp;timestamp=1676254393&amp;_signed_params=host%2Clocale%2Csession%2Cshop%2Ctimestamp&amp;appLoadId=3d41a161-0b8f-4a03-900f-cbec262858b0" name="4446c49e-0b30-4c75-8bb7-a2f3686cb4eb" context="Main" class="rG8rl" cd_frame_id_="2b657b86a08d31bf2c0299511d4027d9"></iframe> is not clickable at point (859, 946). Other element would receive the click: <p class="KZJNR" aria-hidden="true">...</p>
  (Session info: chrome=109.0.5414.121)
Build info: version: '3.141.59', revision: 'e82be7d358', time: '2018-11-14T08:25:53'
System info: host: 'HUYNH', ip: '172.18.224.1', os.name: 'Windows 10', os.arch: 'amd64', os.version: '10.0', java.version: '1.8.0_282'
Driver info: com.kms.katalon.selenium.driver.CChromeDriver
Capabilities {acceptInsecureCerts: false, browserName: chrome, browserVersion: 109.0.5414.121, chrome: {chromedriverVersion: 109.0.5414.74 (e7c5703604da..., userDataDir: C:\Users\huynh\AppData\Loca...}, goog:chromeOptions: {debuggerAddress: localhost:57152}, javascriptEnabled: true, networkConnectionEnabled: false, pageLoadStrategy: normal, platform: WINDOWS, platformName: WINDOWS, proxy: Proxy(), setWindowRect: true, strictFileInteractability: false, timeouts: {implicit: 0, pageLoad: 300000, script: 30000}, unhandledPromptBehavior: dismiss and notify, webauthn:extension:credBlob: true, webauthn:extension:largeBlob: true, webauthn:virtualAuthenticators: true}
Session ID: 748a0bbf96b332c739902e7358391e12
	at org.openqa.selenium.remote.http.W3CHttpResponseCodec.createException(W3CHttpResponseCodec.java:187)
	at org.openqa.selenium.remote.http.W3CHttpResponseCodec.decode(W3CHttpResponseCodec.java:122)
	at org.openqa.selenium.remote.http.W3CHttpResponseCodec.decode(W3CHttpResponseCodec.java:49)
	at org.openqa.selenium.remote.HttpCommandExecutor.execute(HttpCommandExecutor.java:158)
	at org.openqa.selenium.remote.service.DriverCommandExecutor.execute(DriverCommandExecutor.java:83)
	at org.openqa.selenium.remote.RemoteWebDriver.execute(RemoteWebDriver.java:552)
	at com.kms.katalon.selenium.driver.CChromeDriver.execute(CChromeDriver.java:19)
	at org.openqa.selenium.remote.RemoteWebElement.execute(RemoteWebElement.java:285)
	at org.openqa.selenium.remote.RemoteWebElement.click(RemoteWebElement.java:84)
	at org.openqa.selenium.support.events.EventFiringWebDriver$EventFiringWebElement.lambda$new$0(EventFiringWebDriver.java:404)
	at com.sun.proxy.$Proxy16.click(Unknown Source)
	at org.openqa.selenium.support.events.EventFiringWebDriver$EventFiringWebElement.click(EventFiringWebDriver.java:417)
	at org.openqa.selenium.WebElement$click.call(Unknown Source)
	at com.kms.katalon.core.webui.keyword.builtin.ClickKeyword.clickUntilSuccessWithTimeout(ClickKeyword.groovy:81)
	at com.kms.katalon.core.webui.keyword.builtin.ClickKeyword.clickUntilSuccessWithTimeout(ClickKeyword.groovy)
	at com.kms.katalon.core.webui.keyword.builtin.ClickKeyword$_click_closure1.doCall(ClickKeyword.groovy:67)
	at com.kms.katalon.core.webui.keyword.builtin.ClickKeyword$_click_closure1.call(ClickKeyword.groovy)
	at com.kms.katalon.core.webui.keyword.internal.WebUIKeywordMain.runKeyword(WebUIKeywordMain.groovy:20)
	... 22 more


2023-02-13 09:10:06 - [TEST_STEP][PASSED] - Start listener action : skipStatus: null

2023-02-13 09:10:06 - [TEST_STEP][PASSED] - map = testCaseContext.getTestCaseVariables(): null

2023-02-13 09:10:06 - [TEST_STEP][PASSED] - testcae_status = map.get("testcase_status"): null

2023-02-13 09:10:06 - [TEST_STEP][PASSED] - println(testcae_status): null

2023-02-13 09:10:06 - [TEST_STEP][PASSED] - if (testcae_status == "Passed" || testcae_status == "Failed"): null

2023-02-13 09:10:06 - [TEST_STEP][PASSED] - log = new com.kms.katalon.core.util.KeywordUtil(): null

2023-02-13 09:10:06 - [TEST_STEP][PASSED] - openBrowser(""): Browser is opened with url: ''

2023-02-13 09:10:06 - [MESSAGE][WARNING] - A browser is already opened. Closing browser and opening a new one

2023-02-13 09:10:06 - [MESSAGE][INFO] - Starting 'Chrome' driver

2023-02-13 09:10:06 - [MESSAGE][INFO] - Action delay is set to 0 milliseconds

2023-02-13 09:10:07 - [MESSAGE][PASSED] - Browser is opened with url: ''

2023-02-13 09:10:07 - [TEST_STEP][PASSED] - maximizeWindow(): Current window maximized

2023-02-13 09:10:07 - [MESSAGE][PASSED] - Current window maximized

2023-02-13 09:10:07 - [TEST_STEP][PASSED] - st = new shopify.store(): null

2023-02-13 09:10:07 - [TEST_STEP][PASSED] - st.loginShopifyPartner(partner_email, partner_password, partner_id): Object: 'Object Repository/Shopify/btn_login' is clicked on

2023-02-13 09:10:13 - [MESSAGE][PASSED] - Navigate to 'https://partners.shopify.com/1662018/stores/new' successfully

2023-02-13 09:10:14 - [MESSAGE][PASSED] - Text 'huynh@firegroup.io' is set on object 'Object Repository/Shopify/input_email_shopify'

2023-02-13 09:10:17 - [MESSAGE][PASSED] - Object: 'Object Repository/Shopify/btn_continue_with_email' is clicked on

2023-02-13 09:10:19 - [MESSAGE][PASSED] - Text ****** has been set on object 'Object Repository/Shopify/input_password_shopify'

2023-02-13 09:10:39 - [MESSAGE][PASSED] - Object: 'Object Repository/Shopify/btn_login' is clicked on

2023-02-13 09:10:39 - [TEST_STEP][PASSED] - st.navigateToStoreDevelop(partner_id): Navigate to 'https://partners.shopify.com/1662018/stores/new?store_type=dev_preview_store&developer_preview_handle=checkout_extensibility' successfully

2023-02-13 09:10:40 - [MESSAGE][PASSED] - Navigate to 'https://partners.shopify.com/1662018/stores/new?store_type=dev_preview_store&developer_preview_handle=checkout_extensibility' successfully

2023-02-13 09:10:40 - [TEST_STEP][PASSED] - st.inputStoreName(store_name): Delayed 5 second(s)

2023-02-13 09:10:42 - [MESSAGE][PASSED] - Text 'huynh-ar-stag-2368' is set on object 'Object Repository/Shopify/input_store_name'

2023-02-13 09:10:47 - [MESSAGE][PASSED] - Delayed 5 second(s)

2023-02-13 09:10:47 - [TEST_STEP][PASSED] - shopify.store.clickCreateStore(): shopify.store.clickCreateStore is PASSED

2023-02-13 09:10:47 - [MESSAGE][PASSED] - Object: 'Object Repository/Shopify/btn_create_store' is clicked on

2023-02-13 09:11:07 - [MESSAGE][PASSED] - Delayed 20 second(s)

2023-02-13 09:11:07 - [MESSAGE][PASSED] - shopify.store.clickCreateStore is PASSED

2023-02-13 09:11:07 - [TEST_STEP][PASSED] - shopify.store.importProduct(product_file_local): shopify.store.importProduct is PASSED

2023-02-13 09:11:24 - [MESSAGE][PASSED] - Object: 'Object Repository/Shopify/span_product' is clicked on

2023-02-13 09:11:26 - [MESSAGE][PASSED] - Object: 'Object Repository/Shopify/span_import_product' is clicked on

2023-02-13 09:11:27 - [MESSAGE][PASSED] - File 'C:\Users\huynh\Documents\Socialhead\Automation\Katalon project\CreateStore\CreateStore\Data\products_export.csv' sent to object: 'Object Repository/Shopify/file_product'

2023-02-13 09:11:27 - [MESSAGE][PASSED] - Object: 'Object Repository/Shopify/span_upload_product_continue' is clicked on

2023-02-13 09:11:33 - [MESSAGE][PASSED] - Object: 'Object Repository/Shopify/btn_product_confirm_import' is clicked on

2023-02-13 09:12:03 - [MESSAGE][PASSED] - Delayed 30 second(s)

2023-02-13 09:12:04 - [MESSAGE][PASSED] - Refresh successfully

2023-02-13 09:12:19 - [MESSAGE][PASSED] - Delayed 15 second(s)

2023-02-13 09:12:19 - [MESSAGE][PASSED] - shopify.store.importProduct is PASSED

2023-02-13 09:12:19 - [TEST_STEP][PASSED] - shopify.store.clickOnMenuOnlineStore(): shopify.store.clickOnMenuOnlineStore is PASSED

2023-02-13 09:12:20 - [MESSAGE][PASSED] - Object: 'Object Repository/Shopify Store/a_onlie_store' is clicked on

2023-02-13 09:12:30 - [MESSAGE][PASSED] - Delayed 10 second(s)

2023-02-13 09:12:30 - [MESSAGE][PASSED] - shopify.store.clickOnMenuOnlineStore is PASSED

2023-02-13 09:12:30 - [TEST_STEP][PASSED] - shopify.store.clickOnImportTheme(): shopify.store.clickOnImportTheme is PASSED

2023-02-13 09:12:31 - [MESSAGE][PASSED] - Object: 'Object Repository/Shopify Store/btn_add_theme' is clicked on

2023-02-13 09:12:31 - [MESSAGE][PASSED] - shopify.store.clickOnImportTheme is PASSED

2023-02-13 09:12:31 - [TEST_STEP][PASSED] - shopify.store.uploadThemeFile(theme_file_local): shopify.store.uploadThemeFile is PASSED

2023-02-13 09:12:31 - [MESSAGE][PASSED] - Object: 'Object Repository/Shopify Store/btn_upload_zip_file' is clicked on

2023-02-13 09:12:32 - [MESSAGE][PASSED] - File 'C:\Users\huynh\Documents\Socialhead\Automation\Katalon project\CreateStore\CreateStore\Data\theme_export__tricity-shopping-ca-general-store-premier-theme__05MAR2021-1226am.zip' sent to object: 'Object Repository/Shopify Store/file_theme'

2023-02-13 09:12:32 - [MESSAGE][PASSED] - Object: 'Object Repository/Shopify Store/btn_upload_theme' is clicked on

2023-02-13 09:12:42 - [MESSAGE][PASSED] - Delayed 10 second(s)

2023-02-13 09:12:42 - [MESSAGE][PASSED] - shopify.store.uploadThemeFile is PASSED

2023-02-13 09:12:42 - [TEST_STEP][FAILED] - shopify.store.clickPublishTheme(): Unable to click on object 'Object Repository/Shopify Store/btn_publish_theme'

2023-02-13 09:13:12 - [MESSAGE][PASSED] - Delayed 30 second(s)

2023-02-13 09:13:12 - [MESSAGE][PASSED] - Refresh successfully

2023-02-13 09:13:42 - [MESSAGE][PASSED] - Delayed 30 second(s)

2023-02-13 09:13:43 - [MESSAGE][PASSED] - Object 'Object Repository/Shopify Store/btn_publish_theme' is clickable

2023-02-13 09:14:16 - [MESSAGE][FAILED] - Unable to click on object 'Object Repository/Shopify Store/btn_publish_theme' (Root cause: com.kms.katalon.core.exception.StepFailedException: Unable to click on object 'Object Repository/Shopify Store/btn_publish_theme'
	at com.kms.katalon.core.webui.keyword.internal.WebUIKeywordMain.stepFailed(WebUIKeywordMain.groovy:64)
	at com.kms.katalon.core.webui.keyword.internal.WebUIKeywordMain.runKeyword(WebUIKeywordMain.groovy:26)
	at com.kms.katalon.core.webui.keyword.builtin.ClickKeyword.click(ClickKeyword.groovy:74)
	at com.kms.katalon.core.webui.keyword.builtin.ClickKeyword.execute(ClickKeyword.groovy:40)
	at com.kms.katalon.core.keyword.internal.KeywordExecutor.executeKeywordForPlatform(KeywordExecutor.groovy:74)
	at com.kms.katalon.core.webui.keyword.WebUiBuiltInKeywords.click(WebUiBuiltInKeywords.groovy:620)
	at com.kms.katalon.core.webui.keyword.WebUiBuiltInKeywords$click$3.call(Unknown Source)
	at shopify.store.clickPublishTheme(store.groovy:94)
	at shopify.store.invokeMethod(store.groovy)
	at com.kms.katalon.core.main.CustomKeywordDelegatingMetaClass.invokeStaticMethod(CustomKeywordDelegatingMetaClass.java:55)
	at CreateStore.run(CreateStore:56)
	at com.kms.katalon.core.main.ScriptEngine.run(ScriptEngine.java:194)
	at com.kms.katalon.core.main.ScriptEngine.runScriptAsRawText(ScriptEngine.java:119)
	at com.kms.katalon.core.main.TestCaseExecutor.runScript(TestCaseExecutor.java:448)
	at com.kms.katalon.core.main.TestCaseExecutor.doExecute(TestCaseExecutor.java:439)
	at com.kms.katalon.core.main.TestCaseExecutor.processExecutionPhase(TestCaseExecutor.java:418)
	at com.kms.katalon.core.main.TestCaseExecutor.accessMainPhase(TestCaseExecutor.java:410)
	at com.kms.katalon.core.main.TestCaseExecutor.execute(TestCaseExecutor.java:285)
	at com.kms.katalon.core.common.CommonExecutor.accessTestCaseMainPhase(CommonExecutor.java:65)
	at com.kms.katalon.core.main.TestSuiteExecutor.accessTestSuiteMainPhase(TestSuiteExecutor.java:151)
	at com.kms.katalon.core.main.TestSuiteExecutor.execute(TestSuiteExecutor.java:106)
	at com.kms.katalon.core.main.TestCaseMain.startTestSuite(TestCaseMain.java:185)
	at com.kms.katalon.core.main.TestCaseMain$startTestSuite$0.call(Unknown Source)
	at TempTestSuite1676253455264.run(TempTestSuite1676253455264.groovy:36)
Caused by: org.openqa.selenium.ElementClickInterceptedException: element click intercepted: Element <iframe title="Online Store" src="https://online-store-web.shopifyapps.com/themes?hmac=c17d723b9ebcecaa746bc9250d43225ab93bc0ef86167879dfb946063a808507&amp;host=YWRtaW4uc2hvcGlmeS5jb20vc3RvcmUvaHV5bmgtYXItc3RhZy0yMzY4&amp;locale=en&amp;session=b7e7cb12c3102c84b2ff7dcf31fd36c4046f4bfe9cf32be6052b882677e94a93&amp;shop=huynh-ar-stag-2368.myshopify.com&amp;timestamp=1676254393&amp;_signed_params=host%2Clocale%2Csession%2Cshop%2Ctimestamp&amp;appLoadId=3d41a161-0b8f-4a03-900f-cbec262858b0" name="4446c49e-0b30-4c75-8bb7-a2f3686cb4eb" context="Main" class="rG8rl" cd_frame_id_="2b657b86a08d31bf2c0299511d4027d9"></iframe> is not clickable at point (859, 946). Other element would receive the click: <p class="KZJNR" aria-hidden="true">...</p>
  (Session info: chrome=109.0.5414.121)
Build info: version: '3.141.59', revision: 'e82be7d358', time: '2018-11-14T08:25:53'
System info: host: 'HUYNH', ip: '172.18.224.1', os.name: 'Windows 10', os.arch: 'amd64', os.version: '10.0', java.version: '1.8.0_282'
Driver info: com.kms.katalon.selenium.driver.CChromeDriver
Capabilities {acceptInsecureCerts: false, browserName: chrome, browserVersion: 109.0.5414.121, chrome: {chromedriverVersion: 109.0.5414.74 (e7c5703604da..., userDataDir: C:\Users\huynh\AppData\Loca...}, goog:chromeOptions: {debuggerAddress: localhost:57152}, javascriptEnabled: true, networkConnectionEnabled: false, pageLoadStrategy: normal, platform: WINDOWS, platformName: WINDOWS, proxy: Proxy(), setWindowRect: true, strictFileInteractability: false, timeouts: {implicit: 0, pageLoad: 300000, script: 30000}, unhandledPromptBehavior: dismiss and notify, webauthn:extension:credBlob: true, webauthn:extension:largeBlob: true, webauthn:virtualAuthenticators: true}
Session ID: 748a0bbf96b332c739902e7358391e12
	at org.openqa.selenium.remote.http.W3CHttpResponseCodec.createException(W3CHttpResponseCodec.java:187)
	at org.openqa.selenium.remote.http.W3CHttpResponseCodec.decode(W3CHttpResponseCodec.java:122)
	at org.openqa.selenium.remote.http.W3CHttpResponseCodec.decode(W3CHttpResponseCodec.java:49)
	at org.openqa.selenium.remote.HttpCommandExecutor.execute(HttpCommandExecutor.java:158)
	at org.openqa.selenium.remote.service.DriverCommandExecutor.execute(DriverCommandExecutor.java:83)
	at org.openqa.selenium.remote.RemoteWebDriver.execute(RemoteWebDriver.java:552)
	at com.kms.katalon.selenium.driver.CChromeDriver.execute(CChromeDriver.java:19)
	at org.openqa.selenium.remote.RemoteWebElement.execute(RemoteWebElement.java:285)
	at org.openqa.selenium.remote.RemoteWebElement.click(RemoteWebElement.java:84)
	at org.openqa.selenium.support.events.EventFiringWebDriver$EventFiringWebElement.lambda$new$0(EventFiringWebDriver.java:404)
	at com.sun.proxy.$Proxy16.click(Unknown Source)
	at org.openqa.selenium.support.events.EventFiringWebDriver$EventFiringWebElement.click(EventFiringWebDriver.java:417)
	at org.openqa.selenium.WebElement$click.call(Unknown Source)
	at com.kms.katalon.core.webui.keyword.builtin.ClickKeyword.clickUntilSuccessWithTimeout(ClickKeyword.groovy:81)
	at com.kms.katalon.core.webui.keyword.builtin.ClickKeyword.clickUntilSuccessWithTimeout(ClickKeyword.groovy)
	at com.kms.katalon.core.webui.keyword.builtin.ClickKeyword$_click_closure1.doCall(ClickKeyword.groovy:67)
	at com.kms.katalon.core.webui.keyword.builtin.ClickKeyword$_click_closure1.call(ClickKeyword.groovy)
	at com.kms.katalon.core.webui.keyword.internal.WebUIKeywordMain.runKeyword(WebUIKeywordMain.groovy:20)
	at com.kms.katalon.core.webui.keyword.builtin.ClickKeyword.click(ClickKeyword.groovy:74)
	at com.kms.katalon.core.webui.keyword.builtin.ClickKeyword.execute(ClickKeyword.groovy:40)
	at com.kms.katalon.core.keyword.internal.KeywordExecutor.executeKeywordForPlatform(KeywordExecutor.groovy:74)
	at com.kms.katalon.core.webui.keyword.WebUiBuiltInKeywords.click(WebUiBuiltInKeywords.groovy:620)
	at com.kms.katalon.core.webui.keyword.WebUiBuiltInKeywords$click$3.call(Unknown Source)
	at shopify.store.clickPublishTheme(store.groovy:94)
	at shopify.store.invokeMethod(store.groovy)
	at com.kms.katalon.core.main.CustomKeywordDelegatingMetaClass.invokeStaticMethod(CustomKeywordDelegatingMetaClass.java:55)
	at Script1673851860327.run(Script1673851860327.groovy:56)
	... 13 more
)
[[ATTACHMENT|C:\\Users\\huynh\\Documents\\Socialhead\\Automation\\Katalon project\\CreateStore\\CreateStore\\Reports\\20230213_085735\\Store\\Create Store\\20230213_085735\\1676254455943.png]]

2023-02-13 09:14:16 - [MESSAGE][FAILED] - Unable to click on object 'Object Repository/Shopify Store/btn_publish_theme'

2023-02-13 09:14:16 - [TEST_STEP][PASSED] - Start tear down : teardownIfFailed: Method 'teardownIfFailed' complete successfully

2023-02-13 09:14:16 - [TEST_STEP][PASSED] - data.excel.updateValueToSheet(file_data, "store", 4, store_name, 7, "Failed"): data.excel.updateValueToSheet is PASSED

2023-02-13 09:14:16 - [MESSAGE][PASSED] - data.excel.updateValueToSheet is PASSED

2023-02-13 09:14:16 - [MESSAGE][PASSED] - Method 'teardownIfFailed' complete successfully]]></system-out>
         <system-err><![CDATA[2023-02-13 09:10:06 - [TEST_CASE][FAILED] - Test Cases/Shopify/CreateStore: Test Cases/Shopify/CreateStore FAILED.
Reason:
com.kms.katalon.core.exception.StepFailedException: Unable to click on object 'Object Repository/Shopify Store/btn_publish_theme'
	at com.kms.katalon.core.webui.keyword.internal.WebUIKeywordMain.stepFailed(WebUIKeywordMain.groovy:64)
	at com.kms.katalon.core.webui.keyword.internal.WebUIKeywordMain.runKeyword(WebUIKeywordMain.groovy:26)
	at com.kms.katalon.core.webui.keyword.builtin.ClickKeyword.click(ClickKeyword.groovy:74)
	at com.kms.katalon.core.webui.keyword.builtin.ClickKeyword.execute(ClickKeyword.groovy:40)
	at com.kms.katalon.core.keyword.internal.KeywordExecutor.executeKeywordForPlatform(KeywordExecutor.groovy:74)
	at com.kms.katalon.core.webui.keyword.WebUiBuiltInKeywords.click(WebUiBuiltInKeywords.groovy:620)
	at com.kms.katalon.core.webui.keyword.WebUiBuiltInKeywords$click$3.call(Unknown Source)
	at shopify.store.clickPublishTheme(store.groovy:94)
	at shopify.store.invokeMethod(store.groovy)
	at com.kms.katalon.core.main.CustomKeywordDelegatingMetaClass.invokeStaticMethod(CustomKeywordDelegatingMetaClass.java:55)
	at CreateStore.run(CreateStore:56)
	at com.kms.katalon.core.main.ScriptEngine.run(ScriptEngine.java:194)
	at com.kms.katalon.core.main.ScriptEngine.runScriptAsRawText(ScriptEngine.java:119)
	at com.kms.katalon.core.main.TestCaseExecutor.runScript(TestCaseExecutor.java:448)
	at com.kms.katalon.core.main.TestCaseExecutor.doExecute(TestCaseExecutor.java:439)
	at com.kms.katalon.core.main.TestCaseExecutor.processExecutionPhase(TestCaseExecutor.java:418)
	at com.kms.katalon.core.main.TestCaseExecutor.accessMainPhase(TestCaseExecutor.java:410)
	at com.kms.katalon.core.main.TestCaseExecutor.execute(TestCaseExecutor.java:285)
	at com.kms.katalon.core.common.CommonExecutor.accessTestCaseMainPhase(CommonExecutor.java:65)
	at com.kms.katalon.core.main.TestSuiteExecutor.accessTestSuiteMainPhase(TestSuiteExecutor.java:151)
	at com.kms.katalon.core.main.TestSuiteExecutor.execute(TestSuiteExecutor.java:106)
	at com.kms.katalon.core.main.TestCaseMain.startTestSuite(TestCaseMain.java:185)
	at com.kms.katalon.core.main.TestCaseMain$startTestSuite$0.call(Unknown Source)
	at TempTestSuite1676253455264.run(TempTestSuite1676253455264.groovy:36)
Caused by: org.openqa.selenium.ElementClickInterceptedException: element click intercepted: Element <iframe title="Online Store" src="https://online-store-web.shopifyapps.com/themes?hmac=c17d723b9ebcecaa746bc9250d43225ab93bc0ef86167879dfb946063a808507&amp;host=YWRtaW4uc2hvcGlmeS5jb20vc3RvcmUvaHV5bmgtYXItc3RhZy0yMzY4&amp;locale=en&amp;session=b7e7cb12c3102c84b2ff7dcf31fd36c4046f4bfe9cf32be6052b882677e94a93&amp;shop=huynh-ar-stag-2368.myshopify.com&amp;timestamp=1676254393&amp;_signed_params=host%2Clocale%2Csession%2Cshop%2Ctimestamp&amp;appLoadId=3d41a161-0b8f-4a03-900f-cbec262858b0" name="4446c49e-0b30-4c75-8bb7-a2f3686cb4eb" context="Main" class="rG8rl" cd_frame_id_="2b657b86a08d31bf2c0299511d4027d9"></iframe> is not clickable at point (859, 946). Other element would receive the click: <p class="KZJNR" aria-hidden="true">...</p>
  (Session info: chrome=109.0.5414.121)
Build info: version: '3.141.59', revision: 'e82be7d358', time: '2018-11-14T08:25:53'
System info: host: 'HUYNH', ip: '172.18.224.1', os.name: 'Windows 10', os.arch: 'amd64', os.version: '10.0', java.version: '1.8.0_282'
Driver info: com.kms.katalon.selenium.driver.CChromeDriver
Capabilities {acceptInsecureCerts: false, browserName: chrome, browserVersion: 109.0.5414.121, chrome: {chromedriverVersion: 109.0.5414.74 (e7c5703604da..., userDataDir: C:\Users\huynh\AppData\Loca...}, goog:chromeOptions: {debuggerAddress: localhost:57152}, javascriptEnabled: true, networkConnectionEnabled: false, pageLoadStrategy: normal, platform: WINDOWS, platformName: WINDOWS, proxy: Proxy(), setWindowRect: true, strictFileInteractability: false, timeouts: {implicit: 0, pageLoad: 300000, script: 30000}, unhandledPromptBehavior: dismiss and notify, webauthn:extension:credBlob: true, webauthn:extension:largeBlob: true, webauthn:virtualAuthenticators: true}
Session ID: 748a0bbf96b332c739902e7358391e12
	at org.openqa.selenium.remote.http.W3CHttpResponseCodec.createException(W3CHttpResponseCodec.java:187)
	at org.openqa.selenium.remote.http.W3CHttpResponseCodec.decode(W3CHttpResponseCodec.java:122)
	at org.openqa.selenium.remote.http.W3CHttpResponseCodec.decode(W3CHttpResponseCodec.java:49)
	at org.openqa.selenium.remote.HttpCommandExecutor.execute(HttpCommandExecutor.java:158)
	at org.openqa.selenium.remote.service.DriverCommandExecutor.execute(DriverCommandExecutor.java:83)
	at org.openqa.selenium.remote.RemoteWebDriver.execute(RemoteWebDriver.java:552)
	at com.kms.katalon.selenium.driver.CChromeDriver.execute(CChromeDriver.java:19)
	at org.openqa.selenium.remote.RemoteWebElement.execute(RemoteWebElement.java:285)
	at org.openqa.selenium.remote.RemoteWebElement.click(RemoteWebElement.java:84)
	at org.openqa.selenium.support.events.EventFiringWebDriver$EventFiringWebElement.lambda$new$0(EventFiringWebDriver.java:404)
	at com.sun.proxy.$Proxy16.click(Unknown Source)
	at org.openqa.selenium.support.events.EventFiringWebDriver$EventFiringWebElement.click(EventFiringWebDriver.java:417)
	at org.openqa.selenium.WebElement$click.call(Unknown Source)
	at com.kms.katalon.core.webui.keyword.builtin.ClickKeyword.clickUntilSuccessWithTimeout(ClickKeyword.groovy:81)
	at com.kms.katalon.core.webui.keyword.builtin.ClickKeyword.clickUntilSuccessWithTimeout(ClickKeyword.groovy)
	at com.kms.katalon.core.webui.keyword.builtin.ClickKeyword$_click_closure1.doCall(ClickKeyword.groovy:67)
	at com.kms.katalon.core.webui.keyword.builtin.ClickKeyword$_click_closure1.call(ClickKeyword.groovy)
	at com.kms.katalon.core.webui.keyword.internal.WebUIKeywordMain.runKeyword(WebUIKeywordMain.groovy:20)
	... 22 more]]></system-err>
      </testcase>
      <testcase name="Test Cases/Shopify/CreateStore" time="247.618" classname="Test Cases/Shopify/CreateStore" status="PASSED">
         <system-out><![CDATA[2023-02-13 09:14:16 - [TEST_CASE][PASSED] - Test Cases/Shopify/CreateStore: Test Cases/Shopify/CreateStore

2023-02-13 09:14:16 - [TEST_STEP][PASSED] - Start listener action : skipStatus: null

2023-02-13 09:14:16 - [TEST_STEP][PASSED] - map = testCaseContext.getTestCaseVariables(): null

2023-02-13 09:14:16 - [TEST_STEP][PASSED] - testcae_status = map.get("testcase_status"): null

2023-02-13 09:14:16 - [TEST_STEP][PASSED] - println(testcae_status): null

2023-02-13 09:14:16 - [TEST_STEP][PASSED] - if (testcae_status == "Passed" || testcae_status == "Failed"): null

2023-02-13 09:14:16 - [TEST_STEP][PASSED] - log = new com.kms.katalon.core.util.KeywordUtil(): null

2023-02-13 09:14:16 - [TEST_STEP][PASSED] - openBrowser(""): Browser is opened with url: ''

2023-02-13 09:14:16 - [MESSAGE][WARNING] - A browser is already opened. Closing browser and opening a new one

2023-02-13 09:14:16 - [MESSAGE][INFO] - Starting 'Chrome' driver

2023-02-13 09:14:16 - [MESSAGE][INFO] - Action delay is set to 0 milliseconds

2023-02-13 09:14:17 - [MESSAGE][PASSED] - Browser is opened with url: ''

2023-02-13 09:14:17 - [TEST_STEP][PASSED] - maximizeWindow(): Current window maximized

2023-02-13 09:14:18 - [MESSAGE][PASSED] - Current window maximized

2023-02-13 09:14:18 - [TEST_STEP][PASSED] - st = new shopify.store(): null

2023-02-13 09:14:18 - [TEST_STEP][PASSED] - st.loginShopifyPartner(partner_email, partner_password, partner_id): Object: 'Object Repository/Shopify/btn_login' is clicked on

2023-02-13 09:14:27 - [MESSAGE][PASSED] - Navigate to 'https://partners.shopify.com/1662018/stores/new' successfully

2023-02-13 09:14:28 - [MESSAGE][PASSED] - Text 'huynh@firegroup.io' is set on object 'Object Repository/Shopify/input_email_shopify'

2023-02-13 09:14:39 - [MESSAGE][PASSED] - Object: 'Object Repository/Shopify/btn_continue_with_email' is clicked on

2023-02-13 09:14:41 - [MESSAGE][PASSED] - Text ****** has been set on object 'Object Repository/Shopify/input_password_shopify'

2023-02-13 09:14:50 - [MESSAGE][PASSED] - Object: 'Object Repository/Shopify/btn_login' is clicked on

2023-02-13 09:14:50 - [TEST_STEP][PASSED] - st.navigateToStoreDevelop(partner_id): Navigate to 'https://partners.shopify.com/1662018/stores/new?store_type=dev_preview_store&developer_preview_handle=checkout_extensibility' successfully

2023-02-13 09:14:51 - [MESSAGE][PASSED] - Navigate to 'https://partners.shopify.com/1662018/stores/new?store_type=dev_preview_store&developer_preview_handle=checkout_extensibility' successfully

2023-02-13 09:14:51 - [TEST_STEP][PASSED] - st.inputStoreName(store_name): Delayed 5 second(s)

2023-02-13 09:14:53 - [MESSAGE][PASSED] - Text 'huynh-ar-stag-2369' is set on object 'Object Repository/Shopify/input_store_name'

2023-02-13 09:14:58 - [MESSAGE][PASSED] - Delayed 5 second(s)

2023-02-13 09:14:58 - [TEST_STEP][PASSED] - shopify.store.clickCreateStore(): shopify.store.clickCreateStore is PASSED

2023-02-13 09:14:59 - [MESSAGE][PASSED] - Object: 'Object Repository/Shopify/btn_create_store' is clicked on

2023-02-13 09:15:19 - [MESSAGE][PASSED] - Delayed 20 second(s)

2023-02-13 09:15:19 - [MESSAGE][PASSED] - shopify.store.clickCreateStore is PASSED

2023-02-13 09:15:19 - [TEST_STEP][PASSED] - shopify.store.importProduct(product_file_local): shopify.store.importProduct is PASSED

2023-02-13 09:15:36 - [MESSAGE][PASSED] - Object: 'Object Repository/Shopify/span_product' is clicked on

2023-02-13 09:15:38 - [MESSAGE][PASSED] - Object: 'Object Repository/Shopify/span_import_product' is clicked on

2023-02-13 09:15:39 - [MESSAGE][PASSED] - File 'C:\Users\huynh\Documents\Socialhead\Automation\Katalon project\CreateStore\CreateStore\Data\products_export.csv' sent to object: 'Object Repository/Shopify/file_product'

2023-02-13 09:15:39 - [MESSAGE][PASSED] - Object: 'Object Repository/Shopify/span_upload_product_continue' is clicked on

2023-02-13 09:15:43 - [MESSAGE][PASSED] - Object: 'Object Repository/Shopify/btn_product_confirm_import' is clicked on

2023-02-13 09:16:13 - [MESSAGE][PASSED] - Delayed 30 second(s)

2023-02-13 09:16:13 - [MESSAGE][PASSED] - Refresh successfully

2023-02-13 09:16:28 - [MESSAGE][PASSED] - Delayed 15 second(s)

2023-02-13 09:16:28 - [MESSAGE][PASSED] - shopify.store.importProduct is PASSED

2023-02-13 09:16:28 - [TEST_STEP][PASSED] - shopify.store.clickOnMenuOnlineStore(): shopify.store.clickOnMenuOnlineStore is PASSED

2023-02-13 09:16:29 - [MESSAGE][PASSED] - Object: 'Object Repository/Shopify Store/a_onlie_store' is clicked on

2023-02-13 09:16:39 - [MESSAGE][PASSED] - Delayed 10 second(s)

2023-02-13 09:16:39 - [MESSAGE][PASSED] - shopify.store.clickOnMenuOnlineStore is PASSED

2023-02-13 09:16:39 - [TEST_STEP][PASSED] - shopify.store.clickOnImportTheme(): shopify.store.clickOnImportTheme is PASSED

2023-02-13 09:16:39 - [MESSAGE][PASSED] - Object: 'Object Repository/Shopify Store/btn_add_theme' is clicked on

2023-02-13 09:16:39 - [MESSAGE][PASSED] - shopify.store.clickOnImportTheme is PASSED

2023-02-13 09:16:39 - [TEST_STEP][PASSED] - shopify.store.uploadThemeFile(theme_file_local): shopify.store.uploadThemeFile is PASSED

2023-02-13 09:16:39 - [MESSAGE][PASSED] - Object: 'Object Repository/Shopify Store/btn_upload_zip_file' is clicked on

2023-02-13 09:16:40 - [MESSAGE][PASSED] - File 'C:\Users\huynh\Documents\Socialhead\Automation\Katalon project\CreateStore\CreateStore\Data\theme_export__ubenio-com-install-me-wokiee-v-1-7-3__07MAY2020-1225am.zip' sent to object: 'Object Repository/Shopify Store/file_theme'

2023-02-13 09:16:40 - [MESSAGE][PASSED] - Object: 'Object Repository/Shopify Store/btn_upload_theme' is clicked on

2023-02-13 09:16:50 - [MESSAGE][PASSED] - Delayed 10 second(s)

2023-02-13 09:16:50 - [MESSAGE][PASSED] - shopify.store.uploadThemeFile is PASSED

2023-02-13 09:16:50 - [TEST_STEP][PASSED] - shopify.store.clickPublishTheme(): shopify.store.clickPublishTheme is PASSED

2023-02-13 09:17:20 - [MESSAGE][PASSED] - Delayed 30 second(s)

2023-02-13 09:17:23 - [MESSAGE][PASSED] - Refresh successfully

2023-02-13 09:17:53 - [MESSAGE][PASSED] - Delayed 30 second(s)

2023-02-13 09:17:53 - [MESSAGE][PASSED] - Object 'Object Repository/Shopify Store/btn_publish_theme' is clickable

2023-02-13 09:17:53 - [MESSAGE][PASSED] - Object: 'Object Repository/Shopify Store/btn_publish_theme' is clicked on

2023-02-13 09:17:53 - [MESSAGE][PASSED] - shopify.store.clickPublishTheme is PASSED

2023-02-13 09:17:53 - [TEST_STEP][PASSED] - shopify.store.confirmPublishTheme(): shopify.store.confirmPublishTheme is PASSED

2023-02-13 09:18:03 - [MESSAGE][PASSED] - Delayed 10 second(s)

2023-02-13 09:18:04 - [MESSAGE][PASSED] - Object: 'Object Repository/Shopify Store/btn_confirm_publish_theme' is clicked on

2023-02-13 09:18:04 - [MESSAGE][PASSED] - shopify.store.confirmPublishTheme is PASSED

2023-02-13 09:18:04 - [TEST_STEP][PASSED] - shopify.store_setting.changeStoreCurrency(currency, store_name): shopify.store_setting.changeStoreCurrency is PASSED

2023-02-13 09:18:14 - [MESSAGE][PASSED] - Delayed 10 second(s)

2023-02-13 09:18:18 - [MESSAGE][PASSED] - Navigate to 'http://huynh-ar-stag-2369.myshopify.com/admin/settings/general' successfully

2023-02-13 09:18:23 - [MESSAGE][PASSED] - All options with value 'USD' are selected in object 'Object Repository/Shopify Store/select_currency' 

2023-02-13 09:18:23 - [MESSAGE][PASSED] - shopify.store_setting.changeStoreCurrency is PASSED

2023-02-13 09:18:23 - [TEST_STEP][PASSED] - shopify.store_setting.saveStoreSetting(): shopify.store_setting.saveStoreSetting is PASSED

2023-02-13 09:18:23 - [MESSAGE][PASSED] - Object: 'Object Repository/Shopify Store/span_save_admin_setting' is clicked on

2023-02-13 09:18:23 - [MESSAGE][PASSED] - shopify.store_setting.saveStoreSetting is PASSED

2023-02-13 09:18:23 - [TEST_STEP][PASSED] - Start tear down : teardownIfPassed: Method 'teardownIfPassed' complete successfully

2023-02-13 09:18:23 - [TEST_STEP][PASSED] - data.excel.updateValueToSheet(file_data, "store", 4, store_name, 7, "Passed"): data.excel.updateValueToSheet is PASSED

2023-02-13 09:18:23 - [MESSAGE][PASSED] - data.excel.updateValueToSheet is PASSED

2023-02-13 09:18:23 - [MESSAGE][PASSED] - Method 'teardownIfPassed' complete successfully]]></system-out>
         <system-err><![CDATA[]]></system-err>
      </testcase>
      <testcase name="Test Cases/Shopify/CreateStore" time="250.516" classname="Test Cases/Shopify/CreateStore" status="PASSED">
         <system-out><![CDATA[2023-02-13 09:18:23 - [TEST_CASE][PASSED] - Test Cases/Shopify/CreateStore: Test Cases/Shopify/CreateStore

2023-02-13 09:18:23 - [TEST_STEP][PASSED] - Start listener action : skipStatus: null

2023-02-13 09:18:23 - [TEST_STEP][PASSED] - map = testCaseContext.getTestCaseVariables(): null

2023-02-13 09:18:23 - [TEST_STEP][PASSED] - testcae_status = map.get("testcase_status"): null

2023-02-13 09:18:23 - [TEST_STEP][PASSED] - println(testcae_status): null

2023-02-13 09:18:23 - [TEST_STEP][PASSED] - if (testcae_status == "Passed" || testcae_status == "Failed"): null

2023-02-13 09:18:23 - [TEST_STEP][PASSED] - log = new com.kms.katalon.core.util.KeywordUtil(): null

2023-02-13 09:18:23 - [TEST_STEP][PASSED] - openBrowser(""): Browser is opened with url: ''

2023-02-13 09:18:23 - [MESSAGE][WARNING] - A browser is already opened. Closing browser and opening a new one

2023-02-13 09:18:24 - [MESSAGE][INFO] - Starting 'Chrome' driver

2023-02-13 09:18:24 - [MESSAGE][INFO] - Action delay is set to 0 milliseconds

2023-02-13 09:18:25 - [MESSAGE][PASSED] - Browser is opened with url: ''

2023-02-13 09:18:25 - [TEST_STEP][PASSED] - maximizeWindow(): Current window maximized

2023-02-13 09:18:25 - [MESSAGE][PASSED] - Current window maximized

2023-02-13 09:18:25 - [TEST_STEP][PASSED] - st = new shopify.store(): null

2023-02-13 09:18:25 - [TEST_STEP][PASSED] - st.loginShopifyPartner(partner_email, partner_password, partner_id): Object: 'Object Repository/Shopify/btn_login' is clicked on

2023-02-13 09:18:31 - [MESSAGE][PASSED] - Navigate to 'https://partners.shopify.com/1662018/stores/new' successfully

2023-02-13 09:18:32 - [MESSAGE][PASSED] - Text 'huynh@firegroup.io' is set on object 'Object Repository/Shopify/input_email_shopify'

2023-02-13 09:18:33 - [MESSAGE][PASSED] - Object: 'Object Repository/Shopify/btn_continue_with_email' is clicked on

2023-02-13 09:18:35 - [MESSAGE][PASSED] - Text ****** has been set on object 'Object Repository/Shopify/input_password_shopify'

2023-02-13 09:19:01 - [MESSAGE][PASSED] - Object: 'Object Repository/Shopify/btn_login' is clicked on

2023-02-13 09:19:01 - [TEST_STEP][PASSED] - st.navigateToStoreDevelop(partner_id): Navigate to 'https://partners.shopify.com/1662018/stores/new?store_type=dev_preview_store&developer_preview_handle=checkout_extensibility' successfully

2023-02-13 09:19:02 - [MESSAGE][PASSED] - Navigate to 'https://partners.shopify.com/1662018/stores/new?store_type=dev_preview_store&developer_preview_handle=checkout_extensibility' successfully

2023-02-13 09:19:02 - [TEST_STEP][PASSED] - st.inputStoreName(store_name): Delayed 5 second(s)

2023-02-13 09:19:04 - [MESSAGE][PASSED] - Text 'huynh-ar-stag-2370' is set on object 'Object Repository/Shopify/input_store_name'

2023-02-13 09:19:09 - [MESSAGE][PASSED] - Delayed 5 second(s)

2023-02-13 09:19:09 - [TEST_STEP][PASSED] - shopify.store.clickCreateStore(): shopify.store.clickCreateStore is PASSED

2023-02-13 09:19:09 - [MESSAGE][PASSED] - Object: 'Object Repository/Shopify/btn_create_store' is clicked on

2023-02-13 09:19:29 - [MESSAGE][PASSED] - Delayed 20 second(s)

2023-02-13 09:19:29 - [MESSAGE][PASSED] - shopify.store.clickCreateStore is PASSED

2023-02-13 09:19:29 - [TEST_STEP][PASSED] - shopify.store.importProduct(product_file_local): shopify.store.importProduct is PASSED

2023-02-13 09:19:49 - [MESSAGE][PASSED] - Object: 'Object Repository/Shopify/span_product' is clicked on

2023-02-13 09:19:51 - [MESSAGE][PASSED] - Object: 'Object Repository/Shopify/span_import_product' is clicked on

2023-02-13 09:19:51 - [MESSAGE][PASSED] - File 'C:\Users\huynh\Documents\Socialhead\Automation\Katalon project\CreateStore\CreateStore\Data\products_export.csv' sent to object: 'Object Repository/Shopify/file_product'

2023-02-13 09:19:52 - [MESSAGE][PASSED] - Object: 'Object Repository/Shopify/span_upload_product_continue' is clicked on

2023-02-13 09:19:55 - [MESSAGE][PASSED] - Object: 'Object Repository/Shopify/btn_product_confirm_import' is clicked on

2023-02-13 09:20:25 - [MESSAGE][PASSED] - Delayed 30 second(s)

2023-02-13 09:20:26 - [MESSAGE][PASSED] - Refresh successfully

2023-02-13 09:20:41 - [MESSAGE][PASSED] - Delayed 15 second(s)

2023-02-13 09:20:41 - [MESSAGE][PASSED] - shopify.store.importProduct is PASSED

2023-02-13 09:20:41 - [TEST_STEP][PASSED] - shopify.store.clickOnMenuOnlineStore(): shopify.store.clickOnMenuOnlineStore is PASSED

2023-02-13 09:20:41 - [MESSAGE][PASSED] - Object: 'Object Repository/Shopify Store/a_onlie_store' is clicked on

2023-02-13 09:20:51 - [MESSAGE][PASSED] - Delayed 10 second(s)

2023-02-13 09:20:51 - [MESSAGE][PASSED] - shopify.store.clickOnMenuOnlineStore is PASSED

2023-02-13 09:20:51 - [TEST_STEP][PASSED] - shopify.store.clickOnImportTheme(): shopify.store.clickOnImportTheme is PASSED

2023-02-13 09:20:52 - [MESSAGE][PASSED] - Object: 'Object Repository/Shopify Store/btn_add_theme' is clicked on

2023-02-13 09:20:52 - [MESSAGE][PASSED] - shopify.store.clickOnImportTheme is PASSED

2023-02-13 09:20:52 - [TEST_STEP][PASSED] - shopify.store.uploadThemeFile(theme_file_local): shopify.store.uploadThemeFile is PASSED

2023-02-13 09:20:52 - [MESSAGE][PASSED] - Object: 'Object Repository/Shopify Store/btn_upload_zip_file' is clicked on

2023-02-13 09:20:53 - [MESSAGE][PASSED] - File 'C:\Users\huynh\Documents\Socialhead\Automation\Katalon project\CreateStore\CreateStore\Data\theme_export__ubenio-com-install-me-wokiee-v-1-8-0__07MAY2020-1225am.zip' sent to object: 'Object Repository/Shopify Store/file_theme'

2023-02-13 09:20:53 - [MESSAGE][PASSED] - Object: 'Object Repository/Shopify Store/btn_upload_theme' is clicked on

2023-02-13 09:21:03 - [MESSAGE][PASSED] - Delayed 10 second(s)

2023-02-13 09:21:03 - [MESSAGE][PASSED] - shopify.store.uploadThemeFile is PASSED

2023-02-13 09:21:03 - [TEST_STEP][PASSED] - shopify.store.clickPublishTheme(): shopify.store.clickPublishTheme is PASSED

2023-02-13 09:21:33 - [MESSAGE][PASSED] - Delayed 30 second(s)

2023-02-13 09:21:33 - [MESSAGE][PASSED] - Refresh successfully

2023-02-13 09:22:03 - [MESSAGE][PASSED] - Delayed 30 second(s)

2023-02-13 09:22:04 - [MESSAGE][PASSED] - Object 'Object Repository/Shopify Store/btn_publish_theme' is clickable

2023-02-13 09:22:04 - [MESSAGE][PASSED] - Object: 'Object Repository/Shopify Store/btn_publish_theme' is clicked on

2023-02-13 09:22:04 - [MESSAGE][PASSED] - shopify.store.clickPublishTheme is PASSED

2023-02-13 09:22:04 - [TEST_STEP][PASSED] - shopify.store.confirmPublishTheme(): shopify.store.confirmPublishTheme is PASSED

2023-02-13 09:22:14 - [MESSAGE][PASSED] - Delayed 10 second(s)

2023-02-13 09:22:14 - [MESSAGE][PASSED] - Object: 'Object Repository/Shopify Store/btn_confirm_publish_theme' is clicked on

2023-02-13 09:22:14 - [MESSAGE][PASSED] - shopify.store.confirmPublishTheme is PASSED

2023-02-13 09:22:14 - [TEST_STEP][PASSED] - shopify.store_setting.changeStoreCurrency(currency, store_name): shopify.store_setting.changeStoreCurrency is PASSED

2023-02-13 09:22:24 - [MESSAGE][PASSED] - Delayed 10 second(s)

2023-02-13 09:22:28 - [MESSAGE][PASSED] - Navigate to 'http://huynh-ar-stag-2370.myshopify.com/admin/settings/general' successfully

2023-02-13 09:22:33 - [MESSAGE][PASSED] - All options with value 'USD' are selected in object 'Object Repository/Shopify Store/select_currency' 

2023-02-13 09:22:33 - [MESSAGE][PASSED] - shopify.store_setting.changeStoreCurrency is PASSED

2023-02-13 09:22:33 - [TEST_STEP][PASSED] - shopify.store_setting.saveStoreSetting(): shopify.store_setting.saveStoreSetting is PASSED

2023-02-13 09:22:34 - [MESSAGE][PASSED] - Object: 'Object Repository/Shopify Store/span_save_admin_setting' is clicked on

2023-02-13 09:22:34 - [MESSAGE][PASSED] - shopify.store_setting.saveStoreSetting is PASSED

2023-02-13 09:22:34 - [TEST_STEP][PASSED] - Start tear down : teardownIfPassed: Method 'teardownIfPassed' complete successfully

2023-02-13 09:22:34 - [TEST_STEP][PASSED] - data.excel.updateValueToSheet(file_data, "store", 4, store_name, 7, "Passed"): data.excel.updateValueToSheet is PASSED

2023-02-13 09:22:34 - [MESSAGE][PASSED] - data.excel.updateValueToSheet is PASSED

2023-02-13 09:22:34 - [MESSAGE][PASSED] - Method 'teardownIfPassed' complete successfully]]></system-out>
         <system-err><![CDATA[]]></system-err>
      </testcase>
      <testcase name="Test Cases/Shopify/CreateStore" time="244.952" classname="Test Cases/Shopify/CreateStore" status="PASSED">
         <system-out><![CDATA[2023-02-13 09:22:34 - [TEST_CASE][PASSED] - Test Cases/Shopify/CreateStore: Test Cases/Shopify/CreateStore

2023-02-13 09:22:34 - [TEST_STEP][PASSED] - Start listener action : skipStatus: null

2023-02-13 09:22:34 - [TEST_STEP][PASSED] - map = testCaseContext.getTestCaseVariables(): null

2023-02-13 09:22:34 - [TEST_STEP][PASSED] - testcae_status = map.get("testcase_status"): null

2023-02-13 09:22:34 - [TEST_STEP][PASSED] - println(testcae_status): null

2023-02-13 09:22:34 - [TEST_STEP][PASSED] - if (testcae_status == "Passed" || testcae_status == "Failed"): null

2023-02-13 09:22:34 - [TEST_STEP][PASSED] - log = new com.kms.katalon.core.util.KeywordUtil(): null

2023-02-13 09:22:34 - [TEST_STEP][PASSED] - openBrowser(""): Browser is opened with url: ''

2023-02-13 09:22:34 - [MESSAGE][WARNING] - A browser is already opened. Closing browser and opening a new one

2023-02-13 09:22:35 - [MESSAGE][INFO] - Starting 'Chrome' driver

2023-02-13 09:22:35 - [MESSAGE][INFO] - Action delay is set to 0 milliseconds

2023-02-13 09:22:36 - [MESSAGE][PASSED] - Browser is opened with url: ''

2023-02-13 09:22:36 - [TEST_STEP][PASSED] - maximizeWindow(): Current window maximized

2023-02-13 09:22:36 - [MESSAGE][PASSED] - Current window maximized

2023-02-13 09:22:36 - [TEST_STEP][PASSED] - st = new shopify.store(): null

2023-02-13 09:22:36 - [TEST_STEP][PASSED] - st.loginShopifyPartner(partner_email, partner_password, partner_id): Object: 'Object Repository/Shopify/btn_login' is clicked on

2023-02-13 09:22:40 - [MESSAGE][PASSED] - Navigate to 'https://partners.shopify.com/1662018/stores/new' successfully

2023-02-13 09:22:41 - [MESSAGE][PASSED] - Text 'huynh@firegroup.io' is set on object 'Object Repository/Shopify/input_email_shopify'

2023-02-13 09:22:42 - [MESSAGE][PASSED] - Object: 'Object Repository/Shopify/btn_continue_with_email' is clicked on

2023-02-13 09:22:44 - [MESSAGE][PASSED] - Text ****** has been set on object 'Object Repository/Shopify/input_password_shopify'

2023-02-13 09:23:11 - [MESSAGE][PASSED] - Object: 'Object Repository/Shopify/btn_login' is clicked on

2023-02-13 09:23:11 - [TEST_STEP][PASSED] - st.navigateToStoreDevelop(partner_id): Navigate to 'https://partners.shopify.com/1662018/stores/new?store_type=dev_preview_store&developer_preview_handle=checkout_extensibility' successfully

2023-02-13 09:23:12 - [MESSAGE][PASSED] - Navigate to 'https://partners.shopify.com/1662018/stores/new?store_type=dev_preview_store&developer_preview_handle=checkout_extensibility' successfully

2023-02-13 09:23:12 - [TEST_STEP][PASSED] - st.inputStoreName(store_name): Delayed 5 second(s)

2023-02-13 09:23:14 - [MESSAGE][PASSED] - Text 'huynh-ar-stag-2371' is set on object 'Object Repository/Shopify/input_store_name'

2023-02-13 09:23:19 - [MESSAGE][PASSED] - Delayed 5 second(s)

2023-02-13 09:23:19 - [TEST_STEP][PASSED] - shopify.store.clickCreateStore(): shopify.store.clickCreateStore is PASSED

2023-02-13 09:23:19 - [MESSAGE][PASSED] - Object: 'Object Repository/Shopify/btn_create_store' is clicked on

2023-02-13 09:23:39 - [MESSAGE][PASSED] - Delayed 20 second(s)

2023-02-13 09:23:39 - [MESSAGE][PASSED] - shopify.store.clickCreateStore is PASSED

2023-02-13 09:23:39 - [TEST_STEP][PASSED] - shopify.store.importProduct(product_file_local): shopify.store.importProduct is PASSED

2023-02-13 09:23:55 - [MESSAGE][PASSED] - Object: 'Object Repository/Shopify/span_product' is clicked on

2023-02-13 09:23:57 - [MESSAGE][PASSED] - Object: 'Object Repository/Shopify/span_import_product' is clicked on

2023-02-13 09:23:57 - [MESSAGE][PASSED] - File 'C:\Users\huynh\Documents\Socialhead\Automation\Katalon project\CreateStore\CreateStore\Data\products_export.csv' sent to object: 'Object Repository/Shopify/file_product'

2023-02-13 09:23:58 - [MESSAGE][PASSED] - Object: 'Object Repository/Shopify/span_upload_product_continue' is clicked on

2023-02-13 09:24:01 - [MESSAGE][PASSED] - Object: 'Object Repository/Shopify/btn_product_confirm_import' is clicked on

2023-02-13 09:24:31 - [MESSAGE][PASSED] - Delayed 30 second(s)

2023-02-13 09:24:32 - [MESSAGE][PASSED] - Refresh successfully

2023-02-13 09:24:47 - [MESSAGE][PASSED] - Delayed 15 second(s)

2023-02-13 09:24:47 - [MESSAGE][PASSED] - shopify.store.importProduct is PASSED

2023-02-13 09:24:47 - [TEST_STEP][PASSED] - shopify.store.clickOnMenuOnlineStore(): shopify.store.clickOnMenuOnlineStore is PASSED

2023-02-13 09:24:47 - [MESSAGE][PASSED] - Object: 'Object Repository/Shopify Store/a_onlie_store' is clicked on

2023-02-13 09:24:57 - [MESSAGE][PASSED] - Delayed 10 second(s)

2023-02-13 09:24:57 - [MESSAGE][PASSED] - shopify.store.clickOnMenuOnlineStore is PASSED

2023-02-13 09:24:57 - [TEST_STEP][PASSED] - shopify.store.clickOnImportTheme(): shopify.store.clickOnImportTheme is PASSED

2023-02-13 09:24:57 - [MESSAGE][PASSED] - Object: 'Object Repository/Shopify Store/btn_add_theme' is clicked on

2023-02-13 09:24:57 - [MESSAGE][PASSED] - shopify.store.clickOnImportTheme is PASSED

2023-02-13 09:24:57 - [TEST_STEP][PASSED] - shopify.store.uploadThemeFile(theme_file_local): shopify.store.uploadThemeFile is PASSED

2023-02-13 09:24:58 - [MESSAGE][PASSED] - Object: 'Object Repository/Shopify Store/btn_upload_zip_file' is clicked on

2023-02-13 09:24:58 - [MESSAGE][PASSED] - File 'C:\Users\huynh\Documents\Socialhead\Automation\Katalon project\CreateStore\CreateStore\Data\theme_export__uniq-case-com-uniqcase-turbo__26AUG2020-0438am.zip' sent to object: 'Object Repository/Shopify Store/file_theme'

2023-02-13 09:24:58 - [MESSAGE][PASSED] - Object: 'Object Repository/Shopify Store/btn_upload_theme' is clicked on

2023-02-13 09:25:08 - [MESSAGE][PASSED] - Delayed 10 second(s)

2023-02-13 09:25:08 - [MESSAGE][PASSED] - shopify.store.uploadThemeFile is PASSED

2023-02-13 09:25:08 - [TEST_STEP][PASSED] - shopify.store.clickPublishTheme(): shopify.store.clickPublishTheme is PASSED

2023-02-13 09:25:38 - [MESSAGE][PASSED] - Delayed 30 second(s)

2023-02-13 09:25:39 - [MESSAGE][PASSED] - Refresh successfully

2023-02-13 09:26:09 - [MESSAGE][PASSED] - Delayed 30 second(s)

2023-02-13 09:26:09 - [MESSAGE][PASSED] - Object 'Object Repository/Shopify Store/btn_publish_theme' is clickable

2023-02-13 09:26:09 - [MESSAGE][PASSED] - Object: 'Object Repository/Shopify Store/btn_publish_theme' is clicked on

2023-02-13 09:26:09 - [MESSAGE][PASSED] - shopify.store.clickPublishTheme is PASSED

2023-02-13 09:26:09 - [TEST_STEP][PASSED] - shopify.store.confirmPublishTheme(): shopify.store.confirmPublishTheme is PASSED

2023-02-13 09:26:19 - [MESSAGE][PASSED] - Delayed 10 second(s)

2023-02-13 09:26:20 - [MESSAGE][PASSED] - Object: 'Object Repository/Shopify Store/btn_confirm_publish_theme' is clicked on

2023-02-13 09:26:20 - [MESSAGE][PASSED] - shopify.store.confirmPublishTheme is PASSED

2023-02-13 09:26:20 - [TEST_STEP][PASSED] - shopify.store_setting.changeStoreCurrency(currency, store_name): shopify.store_setting.changeStoreCurrency is PASSED

2023-02-13 09:26:30 - [MESSAGE][PASSED] - Delayed 10 second(s)

2023-02-13 09:26:33 - [MESSAGE][PASSED] - Navigate to 'http://huynh-ar-stag-2371.myshopify.com/admin/settings/general' successfully

2023-02-13 09:26:38 - [MESSAGE][PASSED] - All options with value 'USD' are selected in object 'Object Repository/Shopify Store/select_currency' 

2023-02-13 09:26:38 - [MESSAGE][PASSED] - shopify.store_setting.changeStoreCurrency is PASSED

2023-02-13 09:26:38 - [TEST_STEP][PASSED] - shopify.store_setting.saveStoreSetting(): shopify.store_setting.saveStoreSetting is PASSED

2023-02-13 09:26:39 - [MESSAGE][PASSED] - Object: 'Object Repository/Shopify Store/span_save_admin_setting' is clicked on

2023-02-13 09:26:39 - [MESSAGE][PASSED] - shopify.store_setting.saveStoreSetting is PASSED

2023-02-13 09:26:39 - [TEST_STEP][PASSED] - Start tear down : teardownIfPassed: Method 'teardownIfPassed' complete successfully

2023-02-13 09:26:39 - [TEST_STEP][PASSED] - data.excel.updateValueToSheet(file_data, "store", 4, store_name, 7, "Passed"): data.excel.updateValueToSheet is PASSED

2023-02-13 09:26:39 - [MESSAGE][PASSED] - data.excel.updateValueToSheet is PASSED

2023-02-13 09:26:39 - [MESSAGE][PASSED] - Method 'teardownIfPassed' complete successfully]]></system-out>
         <system-err><![CDATA[]]></system-err>
      </testcase>
      <testcase name="Test Cases/Shopify/CreateStore" time="228.976" classname="Test Cases/Shopify/CreateStore" status="PASSED">
         <system-out><![CDATA[2023-02-13 09:26:39 - [TEST_CASE][PASSED] - Test Cases/Shopify/CreateStore: Test Cases/Shopify/CreateStore

2023-02-13 09:26:39 - [TEST_STEP][PASSED] - Start listener action : skipStatus: null

2023-02-13 09:26:39 - [TEST_STEP][PASSED] - map = testCaseContext.getTestCaseVariables(): null

2023-02-13 09:26:39 - [TEST_STEP][PASSED] - testcae_status = map.get("testcase_status"): null

2023-02-13 09:26:39 - [TEST_STEP][PASSED] - println(testcae_status): null

2023-02-13 09:26:39 - [TEST_STEP][PASSED] - if (testcae_status == "Passed" || testcae_status == "Failed"): null

2023-02-13 09:26:39 - [TEST_STEP][PASSED] - log = new com.kms.katalon.core.util.KeywordUtil(): null

2023-02-13 09:26:39 - [TEST_STEP][PASSED] - openBrowser(""): Browser is opened with url: ''

2023-02-13 09:26:39 - [MESSAGE][WARNING] - A browser is already opened. Closing browser and opening a new one

2023-02-13 09:26:40 - [MESSAGE][INFO] - Starting 'Chrome' driver

2023-02-13 09:26:40 - [MESSAGE][INFO] - Action delay is set to 0 milliseconds

2023-02-13 09:26:41 - [MESSAGE][PASSED] - Browser is opened with url: ''

2023-02-13 09:26:41 - [TEST_STEP][PASSED] - maximizeWindow(): Current window maximized

2023-02-13 09:26:41 - [MESSAGE][PASSED] - Current window maximized

2023-02-13 09:26:41 - [TEST_STEP][PASSED] - st = new shopify.store(): null

2023-02-13 09:26:41 - [TEST_STEP][PASSED] - st.loginShopifyPartner(partner_email, partner_password, partner_id): Object: 'Object Repository/Shopify/btn_login' is clicked on

2023-02-13 09:26:47 - [MESSAGE][PASSED] - Navigate to 'https://partners.shopify.com/1662018/stores/new' successfully

2023-02-13 09:26:48 - [MESSAGE][PASSED] - Text 'huynh@firegroup.io' is set on object 'Object Repository/Shopify/input_email_shopify'

2023-02-13 09:26:51 - [MESSAGE][PASSED] - Object: 'Object Repository/Shopify/btn_continue_with_email' is clicked on

2023-02-13 09:26:53 - [MESSAGE][PASSED] - Text ****** has been set on object 'Object Repository/Shopify/input_password_shopify'

2023-02-13 09:27:02 - [MESSAGE][PASSED] - Object: 'Object Repository/Shopify/btn_login' is clicked on

2023-02-13 09:27:02 - [TEST_STEP][PASSED] - st.navigateToStoreDevelop(partner_id): Navigate to 'https://partners.shopify.com/1662018/stores/new?store_type=dev_preview_store&developer_preview_handle=checkout_extensibility' successfully

2023-02-13 09:27:03 - [MESSAGE][PASSED] - Navigate to 'https://partners.shopify.com/1662018/stores/new?store_type=dev_preview_store&developer_preview_handle=checkout_extensibility' successfully

2023-02-13 09:27:03 - [TEST_STEP][PASSED] - st.inputStoreName(store_name): Delayed 5 second(s)

2023-02-13 09:27:05 - [MESSAGE][PASSED] - Text 'huynh-ar-stag-2372' is set on object 'Object Repository/Shopify/input_store_name'

2023-02-13 09:27:10 - [MESSAGE][PASSED] - Delayed 5 second(s)

2023-02-13 09:27:10 - [TEST_STEP][PASSED] - shopify.store.clickCreateStore(): shopify.store.clickCreateStore is PASSED

2023-02-13 09:27:10 - [MESSAGE][PASSED] - Object: 'Object Repository/Shopify/btn_create_store' is clicked on

2023-02-13 09:27:30 - [MESSAGE][PASSED] - Delayed 20 second(s)

2023-02-13 09:27:30 - [MESSAGE][PASSED] - shopify.store.clickCreateStore is PASSED

2023-02-13 09:27:30 - [TEST_STEP][PASSED] - shopify.store.importProduct(product_file_local): shopify.store.importProduct is PASSED

2023-02-13 09:27:44 - [MESSAGE][PASSED] - Object: 'Object Repository/Shopify/span_product' is clicked on

2023-02-13 09:27:46 - [MESSAGE][PASSED] - Object: 'Object Repository/Shopify/span_import_product' is clicked on

2023-02-13 09:27:47 - [MESSAGE][PASSED] - File 'C:\Users\huynh\Documents\Socialhead\Automation\Katalon project\CreateStore\CreateStore\Data\products_export.csv' sent to object: 'Object Repository/Shopify/file_product'

2023-02-13 09:27:47 - [MESSAGE][PASSED] - Object: 'Object Repository/Shopify/span_upload_product_continue' is clicked on

2023-02-13 09:27:50 - [MESSAGE][PASSED] - Object: 'Object Repository/Shopify/btn_product_confirm_import' is clicked on

2023-02-13 09:28:20 - [MESSAGE][PASSED] - Delayed 30 second(s)

2023-02-13 09:28:21 - [MESSAGE][PASSED] - Refresh successfully

2023-02-13 09:28:36 - [MESSAGE][PASSED] - Delayed 15 second(s)

2023-02-13 09:28:36 - [MESSAGE][PASSED] - shopify.store.importProduct is PASSED

2023-02-13 09:28:36 - [TEST_STEP][PASSED] - shopify.store.clickOnMenuOnlineStore(): shopify.store.clickOnMenuOnlineStore is PASSED

2023-02-13 09:28:36 - [MESSAGE][PASSED] - Object: 'Object Repository/Shopify Store/a_onlie_store' is clicked on

2023-02-13 09:28:46 - [MESSAGE][PASSED] - Delayed 10 second(s)

2023-02-13 09:28:46 - [MESSAGE][PASSED] - shopify.store.clickOnMenuOnlineStore is PASSED

2023-02-13 09:28:46 - [TEST_STEP][PASSED] - shopify.store.clickOnImportTheme(): shopify.store.clickOnImportTheme is PASSED

2023-02-13 09:28:47 - [MESSAGE][PASSED] - Object: 'Object Repository/Shopify Store/btn_add_theme' is clicked on

2023-02-13 09:28:47 - [MESSAGE][PASSED] - shopify.store.clickOnImportTheme is PASSED

2023-02-13 09:28:47 - [TEST_STEP][PASSED] - shopify.store.uploadThemeFile(theme_file_local): shopify.store.uploadThemeFile is PASSED

2023-02-13 09:28:47 - [MESSAGE][PASSED] - Object: 'Object Repository/Shopify Store/btn_upload_zip_file' is clicked on

2023-02-13 09:28:48 - [MESSAGE][PASSED] - File 'C:\Users\huynh\Documents\Socialhead\Automation\Katalon project\CreateStore\CreateStore\Data\theme_export__unravvel-com-kalles-1-5-4__10FEB2021-0120am.zip' sent to object: 'Object Repository/Shopify Store/file_theme'

2023-02-13 09:28:48 - [MESSAGE][PASSED] - Object: 'Object Repository/Shopify Store/btn_upload_theme' is clicked on

2023-02-13 09:28:58 - [MESSAGE][PASSED] - Delayed 10 second(s)

2023-02-13 09:28:58 - [MESSAGE][PASSED] - shopify.store.uploadThemeFile is PASSED

2023-02-13 09:28:58 - [TEST_STEP][PASSED] - shopify.store.clickPublishTheme(): shopify.store.clickPublishTheme is PASSED

2023-02-13 09:29:28 - [MESSAGE][PASSED] - Delayed 30 second(s)

2023-02-13 09:29:28 - [MESSAGE][PASSED] - Refresh successfully

2023-02-13 09:29:58 - [MESSAGE][PASSED] - Delayed 30 second(s)

2023-02-13 09:29:59 - [MESSAGE][PASSED] - Object 'Object Repository/Shopify Store/btn_publish_theme' is clickable

2023-02-13 09:29:59 - [MESSAGE][PASSED] - Object: 'Object Repository/Shopify Store/btn_publish_theme' is clicked on

2023-02-13 09:29:59 - [MESSAGE][PASSED] - shopify.store.clickPublishTheme is PASSED

2023-02-13 09:29:59 - [TEST_STEP][PASSED] - shopify.store.confirmPublishTheme(): shopify.store.confirmPublishTheme is PASSED

2023-02-13 09:30:09 - [MESSAGE][PASSED] - Delayed 10 second(s)

2023-02-13 09:30:09 - [MESSAGE][PASSED] - Object: 'Object Repository/Shopify Store/btn_confirm_publish_theme' is clicked on

2023-02-13 09:30:09 - [MESSAGE][PASSED] - shopify.store.confirmPublishTheme is PASSED

2023-02-13 09:30:09 - [TEST_STEP][PASSED] - shopify.store_setting.changeStoreCurrency(currency, store_name): shopify.store_setting.changeStoreCurrency is PASSED

2023-02-13 09:30:19 - [MESSAGE][PASSED] - Delayed 10 second(s)

2023-02-13 09:30:23 - [MESSAGE][PASSED] - Navigate to 'http://huynh-ar-stag-2372.myshopify.com/admin/settings/general' successfully

2023-02-13 09:30:27 - [MESSAGE][PASSED] - All options with value 'USD' are selected in object 'Object Repository/Shopify Store/select_currency' 

2023-02-13 09:30:27 - [MESSAGE][PASSED] - shopify.store_setting.changeStoreCurrency is PASSED

2023-02-13 09:30:27 - [TEST_STEP][PASSED] - shopify.store_setting.saveStoreSetting(): shopify.store_setting.saveStoreSetting is PASSED

2023-02-13 09:30:28 - [MESSAGE][PASSED] - Object: 'Object Repository/Shopify Store/span_save_admin_setting' is clicked on

2023-02-13 09:30:28 - [MESSAGE][PASSED] - shopify.store_setting.saveStoreSetting is PASSED

2023-02-13 09:30:28 - [TEST_STEP][PASSED] - Start tear down : teardownIfPassed: Method 'teardownIfPassed' complete successfully

2023-02-13 09:30:28 - [TEST_STEP][PASSED] - data.excel.updateValueToSheet(file_data, "store", 4, store_name, 7, "Passed"): data.excel.updateValueToSheet is PASSED

2023-02-13 09:30:28 - [MESSAGE][PASSED] - data.excel.updateValueToSheet is PASSED

2023-02-13 09:30:28 - [MESSAGE][PASSED] - Method 'teardownIfPassed' complete successfully]]></system-out>
         <system-err><![CDATA[]]></system-err>
      </testcase>
      <testcase name="Test Cases/Shopify/CreateStore" time="229.541" classname="Test Cases/Shopify/CreateStore" status="PASSED">
         <system-out><![CDATA[2023-02-13 09:30:28 - [TEST_CASE][PASSED] - Test Cases/Shopify/CreateStore: Test Cases/Shopify/CreateStore

2023-02-13 09:30:28 - [TEST_STEP][PASSED] - Start listener action : skipStatus: null

2023-02-13 09:30:28 - [TEST_STEP][PASSED] - map = testCaseContext.getTestCaseVariables(): null

2023-02-13 09:30:28 - [TEST_STEP][PASSED] - testcae_status = map.get("testcase_status"): null

2023-02-13 09:30:28 - [TEST_STEP][PASSED] - println(testcae_status): null

2023-02-13 09:30:28 - [TEST_STEP][PASSED] - if (testcae_status == "Passed" || testcae_status == "Failed"): null

2023-02-13 09:30:28 - [TEST_STEP][PASSED] - log = new com.kms.katalon.core.util.KeywordUtil(): null

2023-02-13 09:30:28 - [TEST_STEP][PASSED] - openBrowser(""): Browser is opened with url: ''

2023-02-13 09:30:28 - [MESSAGE][WARNING] - A browser is already opened. Closing browser and opening a new one

2023-02-13 09:30:29 - [MESSAGE][INFO] - Starting 'Chrome' driver

2023-02-13 09:30:29 - [MESSAGE][INFO] - Action delay is set to 0 milliseconds

2023-02-13 09:30:30 - [MESSAGE][PASSED] - Browser is opened with url: ''

2023-02-13 09:30:30 - [TEST_STEP][PASSED] - maximizeWindow(): Current window maximized

2023-02-13 09:30:30 - [MESSAGE][PASSED] - Current window maximized

2023-02-13 09:30:30 - [TEST_STEP][PASSED] - st = new shopify.store(): null

2023-02-13 09:30:30 - [TEST_STEP][PASSED] - st.loginShopifyPartner(partner_email, partner_password, partner_id): Object: 'Object Repository/Shopify/btn_login' is clicked on

2023-02-13 09:30:34 - [MESSAGE][PASSED] - Navigate to 'https://partners.shopify.com/1662018/stores/new' successfully

2023-02-13 09:30:35 - [MESSAGE][PASSED] - Text 'huynh@firegroup.io' is set on object 'Object Repository/Shopify/input_email_shopify'

2023-02-13 09:30:42 - [MESSAGE][PASSED] - Object: 'Object Repository/Shopify/btn_continue_with_email' is clicked on

2023-02-13 09:30:44 - [MESSAGE][PASSED] - Text ****** has been set on object 'Object Repository/Shopify/input_password_shopify'

2023-02-13 09:30:51 - [MESSAGE][PASSED] - Object: 'Object Repository/Shopify/btn_login' is clicked on

2023-02-13 09:30:51 - [TEST_STEP][PASSED] - st.navigateToStoreDevelop(partner_id): Navigate to 'https://partners.shopify.com/1662018/stores/new?store_type=dev_preview_store&developer_preview_handle=checkout_extensibility' successfully

2023-02-13 09:30:52 - [MESSAGE][PASSED] - Navigate to 'https://partners.shopify.com/1662018/stores/new?store_type=dev_preview_store&developer_preview_handle=checkout_extensibility' successfully

2023-02-13 09:30:52 - [TEST_STEP][PASSED] - st.inputStoreName(store_name): Delayed 5 second(s)

2023-02-13 09:30:54 - [MESSAGE][PASSED] - Text 'huynh-ar-stag-2373' is set on object 'Object Repository/Shopify/input_store_name'

2023-02-13 09:30:59 - [MESSAGE][PASSED] - Delayed 5 second(s)

2023-02-13 09:30:59 - [TEST_STEP][PASSED] - shopify.store.clickCreateStore(): shopify.store.clickCreateStore is PASSED

2023-02-13 09:30:59 - [MESSAGE][PASSED] - Object: 'Object Repository/Shopify/btn_create_store' is clicked on

2023-02-13 09:31:19 - [MESSAGE][PASSED] - Delayed 20 second(s)

2023-02-13 09:31:19 - [MESSAGE][PASSED] - shopify.store.clickCreateStore is PASSED

2023-02-13 09:31:19 - [TEST_STEP][PASSED] - shopify.store.importProduct(product_file_local): shopify.store.importProduct is PASSED

2023-02-13 09:31:33 - [MESSAGE][PASSED] - Object: 'Object Repository/Shopify/span_product' is clicked on

2023-02-13 09:31:35 - [MESSAGE][PASSED] - Object: 'Object Repository/Shopify/span_import_product' is clicked on

2023-02-13 09:31:36 - [MESSAGE][PASSED] - File 'C:\Users\huynh\Documents\Socialhead\Automation\Katalon project\CreateStore\CreateStore\Data\products_export.csv' sent to object: 'Object Repository/Shopify/file_product'

2023-02-13 09:31:36 - [MESSAGE][PASSED] - Object: 'Object Repository/Shopify/span_upload_product_continue' is clicked on

2023-02-13 09:31:39 - [MESSAGE][PASSED] - Object: 'Object Repository/Shopify/btn_product_confirm_import' is clicked on

2023-02-13 09:32:09 - [MESSAGE][PASSED] - Delayed 30 second(s)

2023-02-13 09:32:10 - [MESSAGE][PASSED] - Refresh successfully

2023-02-13 09:32:25 - [MESSAGE][PASSED] - Delayed 15 second(s)

2023-02-13 09:32:25 - [MESSAGE][PASSED] - shopify.store.importProduct is PASSED

2023-02-13 09:32:25 - [TEST_STEP][PASSED] - shopify.store.clickOnMenuOnlineStore(): shopify.store.clickOnMenuOnlineStore is PASSED

2023-02-13 09:32:25 - [MESSAGE][PASSED] - Object: 'Object Repository/Shopify Store/a_onlie_store' is clicked on

2023-02-13 09:32:35 - [MESSAGE][PASSED] - Delayed 10 second(s)

2023-02-13 09:32:35 - [MESSAGE][PASSED] - shopify.store.clickOnMenuOnlineStore is PASSED

2023-02-13 09:32:35 - [TEST_STEP][PASSED] - shopify.store.clickOnImportTheme(): shopify.store.clickOnImportTheme is PASSED

2023-02-13 09:32:36 - [MESSAGE][PASSED] - Object: 'Object Repository/Shopify Store/btn_add_theme' is clicked on

2023-02-13 09:32:36 - [MESSAGE][PASSED] - shopify.store.clickOnImportTheme is PASSED

2023-02-13 09:32:36 - [TEST_STEP][PASSED] - shopify.store.uploadThemeFile(theme_file_local): shopify.store.uploadThemeFile is PASSED

2023-02-13 09:32:36 - [MESSAGE][PASSED] - Object: 'Object Repository/Shopify Store/btn_upload_zip_file' is clicked on

2023-02-13 09:32:36 - [MESSAGE][PASSED] - File 'C:\Users\huynh\Documents\Socialhead\Automation\Katalon project\CreateStore\CreateStore\Data\theme_export__uptakers-co-fastest-fashion-ellyana-v1-2-5__18JUN2020-1058pm.zip' sent to object: 'Object Repository/Shopify Store/file_theme'

2023-02-13 09:32:37 - [MESSAGE][PASSED] - Object: 'Object Repository/Shopify Store/btn_upload_theme' is clicked on

2023-02-13 09:32:47 - [MESSAGE][PASSED] - Delayed 10 second(s)

2023-02-13 09:32:47 - [MESSAGE][PASSED] - shopify.store.uploadThemeFile is PASSED

2023-02-13 09:32:47 - [TEST_STEP][PASSED] - shopify.store.clickPublishTheme(): shopify.store.clickPublishTheme is PASSED

2023-02-13 09:33:17 - [MESSAGE][PASSED] - Delayed 30 second(s)

2023-02-13 09:33:17 - [MESSAGE][PASSED] - Refresh successfully

2023-02-13 09:33:47 - [MESSAGE][PASSED] - Delayed 30 second(s)

2023-02-13 09:33:48 - [MESSAGE][PASSED] - Object 'Object Repository/Shopify Store/btn_publish_theme' is clickable

2023-02-13 09:33:48 - [MESSAGE][PASSED] - Object: 'Object Repository/Shopify Store/btn_publish_theme' is clicked on

2023-02-13 09:33:48 - [MESSAGE][PASSED] - shopify.store.clickPublishTheme is PASSED

2023-02-13 09:33:48 - [TEST_STEP][PASSED] - shopify.store.confirmPublishTheme(): shopify.store.confirmPublishTheme is PASSED

2023-02-13 09:33:58 - [MESSAGE][PASSED] - Delayed 10 second(s)

2023-02-13 09:33:58 - [MESSAGE][PASSED] - Object: 'Object Repository/Shopify Store/btn_confirm_publish_theme' is clicked on

2023-02-13 09:33:58 - [MESSAGE][PASSED] - shopify.store.confirmPublishTheme is PASSED

2023-02-13 09:33:58 - [TEST_STEP][PASSED] - shopify.store_setting.changeStoreCurrency(currency, store_name): shopify.store_setting.changeStoreCurrency is PASSED

2023-02-13 09:34:08 - [MESSAGE][PASSED] - Delayed 10 second(s)

2023-02-13 09:34:12 - [MESSAGE][PASSED] - Navigate to 'http://huynh-ar-stag-2373.myshopify.com/admin/settings/general' successfully

2023-02-13 09:34:17 - [MESSAGE][PASSED] - All options with value 'USD' are selected in object 'Object Repository/Shopify Store/select_currency' 

2023-02-13 09:34:17 - [MESSAGE][PASSED] - shopify.store_setting.changeStoreCurrency is PASSED

2023-02-13 09:34:17 - [TEST_STEP][PASSED] - shopify.store_setting.saveStoreSetting(): shopify.store_setting.saveStoreSetting is PASSED

2023-02-13 09:34:17 - [MESSAGE][PASSED] - Object: 'Object Repository/Shopify Store/span_save_admin_setting' is clicked on

2023-02-13 09:34:17 - [MESSAGE][PASSED] - shopify.store_setting.saveStoreSetting is PASSED

2023-02-13 09:34:17 - [TEST_STEP][PASSED] - Start tear down : teardownIfPassed: Method 'teardownIfPassed' complete successfully

2023-02-13 09:34:17 - [TEST_STEP][PASSED] - data.excel.updateValueToSheet(file_data, "store", 4, store_name, 7, "Passed"): data.excel.updateValueToSheet is PASSED

2023-02-13 09:34:17 - [MESSAGE][PASSED] - data.excel.updateValueToSheet is PASSED

2023-02-13 09:34:17 - [MESSAGE][PASSED] - Method 'teardownIfPassed' complete successfully]]></system-out>
         <system-err><![CDATA[]]></system-err>
      </testcase>
      <testcase name="Test Cases/Shopify/CreateStore" time="229.945" classname="Test Cases/Shopify/CreateStore" status="PASSED">
         <system-out><![CDATA[2023-02-13 09:34:18 - [TEST_CASE][PASSED] - Test Cases/Shopify/CreateStore: Test Cases/Shopify/CreateStore

2023-02-13 09:34:18 - [TEST_STEP][PASSED] - Start listener action : skipStatus: null

2023-02-13 09:34:18 - [TEST_STEP][PASSED] - map = testCaseContext.getTestCaseVariables(): null

2023-02-13 09:34:18 - [TEST_STEP][PASSED] - testcae_status = map.get("testcase_status"): null

2023-02-13 09:34:18 - [TEST_STEP][PASSED] - println(testcae_status): null

2023-02-13 09:34:18 - [TEST_STEP][PASSED] - if (testcae_status == "Passed" || testcae_status == "Failed"): null

2023-02-13 09:34:18 - [TEST_STEP][PASSED] - log = new com.kms.katalon.core.util.KeywordUtil(): null

2023-02-13 09:34:18 - [TEST_STEP][PASSED] - openBrowser(""): Browser is opened with url: ''

2023-02-13 09:34:18 - [MESSAGE][WARNING] - A browser is already opened. Closing browser and opening a new one

2023-02-13 09:34:18 - [MESSAGE][INFO] - Starting 'Chrome' driver

2023-02-13 09:34:18 - [MESSAGE][INFO] - Action delay is set to 0 milliseconds

2023-02-13 09:34:19 - [MESSAGE][PASSED] - Browser is opened with url: ''

2023-02-13 09:34:19 - [TEST_STEP][PASSED] - maximizeWindow(): Current window maximized

2023-02-13 09:34:19 - [MESSAGE][PASSED] - Current window maximized

2023-02-13 09:34:19 - [TEST_STEP][PASSED] - st = new shopify.store(): null

2023-02-13 09:34:19 - [TEST_STEP][PASSED] - st.loginShopifyPartner(partner_email, partner_password, partner_id): Object: 'Object Repository/Shopify/btn_login' is clicked on

2023-02-13 09:34:23 - [MESSAGE][PASSED] - Navigate to 'https://partners.shopify.com/1662018/stores/new' successfully

2023-02-13 09:34:24 - [MESSAGE][PASSED] - Text 'huynh@firegroup.io' is set on object 'Object Repository/Shopify/input_email_shopify'

2023-02-13 09:34:31 - [MESSAGE][PASSED] - Object: 'Object Repository/Shopify/btn_continue_with_email' is clicked on

2023-02-13 09:34:33 - [MESSAGE][PASSED] - Text ****** has been set on object 'Object Repository/Shopify/input_password_shopify'

2023-02-13 09:34:40 - [MESSAGE][PASSED] - Object: 'Object Repository/Shopify/btn_login' is clicked on

2023-02-13 09:34:40 - [TEST_STEP][PASSED] - st.navigateToStoreDevelop(partner_id): Navigate to 'https://partners.shopify.com/1662018/stores/new?store_type=dev_preview_store&developer_preview_handle=checkout_extensibility' successfully

2023-02-13 09:34:42 - [MESSAGE][PASSED] - Navigate to 'https://partners.shopify.com/1662018/stores/new?store_type=dev_preview_store&developer_preview_handle=checkout_extensibility' successfully

2023-02-13 09:34:42 - [TEST_STEP][PASSED] - st.inputStoreName(store_name): Delayed 5 second(s)

2023-02-13 09:34:43 - [MESSAGE][PASSED] - Text 'huynh-ar-stag-2374' is set on object 'Object Repository/Shopify/input_store_name'

2023-02-13 09:34:48 - [MESSAGE][PASSED] - Delayed 5 second(s)

2023-02-13 09:34:48 - [TEST_STEP][PASSED] - shopify.store.clickCreateStore(): shopify.store.clickCreateStore is PASSED

2023-02-13 09:34:48 - [MESSAGE][PASSED] - Object: 'Object Repository/Shopify/btn_create_store' is clicked on

2023-02-13 09:35:08 - [MESSAGE][PASSED] - Delayed 20 second(s)

2023-02-13 09:35:08 - [MESSAGE][PASSED] - shopify.store.clickCreateStore is PASSED

2023-02-13 09:35:08 - [TEST_STEP][PASSED] - shopify.store.importProduct(product_file_local): shopify.store.importProduct is PASSED

2023-02-13 09:35:22 - [MESSAGE][PASSED] - Object: 'Object Repository/Shopify/span_product' is clicked on

2023-02-13 09:35:23 - [MESSAGE][PASSED] - Object: 'Object Repository/Shopify/span_import_product' is clicked on

2023-02-13 09:35:24 - [MESSAGE][PASSED] - File 'C:\Users\huynh\Documents\Socialhead\Automation\Katalon project\CreateStore\CreateStore\Data\products_export.csv' sent to object: 'Object Repository/Shopify/file_product'

2023-02-13 09:35:25 - [MESSAGE][PASSED] - Object: 'Object Repository/Shopify/span_upload_product_continue' is clicked on

2023-02-13 09:35:28 - [MESSAGE][PASSED] - Object: 'Object Repository/Shopify/btn_product_confirm_import' is clicked on

2023-02-13 09:35:58 - [MESSAGE][PASSED] - Delayed 30 second(s)

2023-02-13 09:35:58 - [MESSAGE][PASSED] - Refresh successfully

2023-02-13 09:36:13 - [MESSAGE][PASSED] - Delayed 15 second(s)

2023-02-13 09:36:13 - [MESSAGE][PASSED] - shopify.store.importProduct is PASSED

2023-02-13 09:36:13 - [TEST_STEP][PASSED] - shopify.store.clickOnMenuOnlineStore(): shopify.store.clickOnMenuOnlineStore is PASSED

2023-02-13 09:36:14 - [MESSAGE][PASSED] - Object: 'Object Repository/Shopify Store/a_onlie_store' is clicked on

2023-02-13 09:36:24 - [MESSAGE][PASSED] - Delayed 10 second(s)

2023-02-13 09:36:24 - [MESSAGE][PASSED] - shopify.store.clickOnMenuOnlineStore is PASSED

2023-02-13 09:36:24 - [TEST_STEP][PASSED] - shopify.store.clickOnImportTheme(): shopify.store.clickOnImportTheme is PASSED

2023-02-13 09:36:24 - [MESSAGE][PASSED] - Object: 'Object Repository/Shopify Store/btn_add_theme' is clicked on

2023-02-13 09:36:24 - [MESSAGE][PASSED] - shopify.store.clickOnImportTheme is PASSED

2023-02-13 09:36:24 - [TEST_STEP][PASSED] - shopify.store.uploadThemeFile(theme_file_local): shopify.store.uploadThemeFile is PASSED

2023-02-13 09:36:24 - [MESSAGE][PASSED] - Object: 'Object Repository/Shopify Store/btn_upload_zip_file' is clicked on

2023-02-13 09:36:25 - [MESSAGE][PASSED] - File 'C:\Users\huynh\Documents\Socialhead\Automation\Katalon project\CreateStore\CreateStore\Data\theme_export__vapormaxprofficial-com-venture__06MAY2020-1136am.zip' sent to object: 'Object Repository/Shopify Store/file_theme'

2023-02-13 09:36:25 - [MESSAGE][PASSED] - Object: 'Object Repository/Shopify Store/btn_upload_theme' is clicked on

2023-02-13 09:36:35 - [MESSAGE][PASSED] - Delayed 10 second(s)

2023-02-13 09:36:35 - [MESSAGE][PASSED] - shopify.store.uploadThemeFile is PASSED

2023-02-13 09:36:35 - [TEST_STEP][PASSED] - shopify.store.clickPublishTheme(): shopify.store.clickPublishTheme is PASSED

2023-02-13 09:37:05 - [MESSAGE][PASSED] - Delayed 30 second(s)

2023-02-13 09:37:06 - [MESSAGE][PASSED] - Refresh successfully

2023-02-13 09:37:36 - [MESSAGE][PASSED] - Delayed 30 second(s)

2023-02-13 09:37:36 - [MESSAGE][PASSED] - Object 'Object Repository/Shopify Store/btn_publish_theme' is clickable

2023-02-13 09:37:36 - [MESSAGE][PASSED] - Object: 'Object Repository/Shopify Store/btn_publish_theme' is clicked on

2023-02-13 09:37:36 - [MESSAGE][PASSED] - shopify.store.clickPublishTheme is PASSED

2023-02-13 09:37:36 - [TEST_STEP][PASSED] - shopify.store.confirmPublishTheme(): shopify.store.confirmPublishTheme is PASSED

2023-02-13 09:37:46 - [MESSAGE][PASSED] - Delayed 10 second(s)

2023-02-13 09:37:47 - [MESSAGE][PASSED] - Object: 'Object Repository/Shopify Store/btn_confirm_publish_theme' is clicked on

2023-02-13 09:37:47 - [MESSAGE][PASSED] - shopify.store.confirmPublishTheme is PASSED

2023-02-13 09:37:47 - [TEST_STEP][PASSED] - shopify.store_setting.changeStoreCurrency(currency, store_name): shopify.store_setting.changeStoreCurrency is PASSED

2023-02-13 09:37:57 - [MESSAGE][PASSED] - Delayed 10 second(s)

2023-02-13 09:38:00 - [MESSAGE][PASSED] - Navigate to 'http://huynh-ar-stag-2374.myshopify.com/admin/settings/general' successfully

2023-02-13 09:38:07 - [MESSAGE][PASSED] - All options with value 'USD' are selected in object 'Object Repository/Shopify Store/select_currency' 

2023-02-13 09:38:07 - [MESSAGE][PASSED] - shopify.store_setting.changeStoreCurrency is PASSED

2023-02-13 09:38:07 - [TEST_STEP][PASSED] - shopify.store_setting.saveStoreSetting(): shopify.store_setting.saveStoreSetting is PASSED

2023-02-13 09:38:07 - [MESSAGE][PASSED] - Object: 'Object Repository/Shopify Store/span_save_admin_setting' is clicked on

2023-02-13 09:38:07 - [MESSAGE][PASSED] - shopify.store_setting.saveStoreSetting is PASSED

2023-02-13 09:38:07 - [TEST_STEP][PASSED] - Start tear down : teardownIfPassed: Method 'teardownIfPassed' complete successfully

2023-02-13 09:38:07 - [TEST_STEP][PASSED] - data.excel.updateValueToSheet(file_data, "store", 4, store_name, 7, "Passed"): data.excel.updateValueToSheet is PASSED

2023-02-13 09:38:07 - [MESSAGE][PASSED] - data.excel.updateValueToSheet is PASSED

2023-02-13 09:38:07 - [MESSAGE][PASSED] - Method 'teardownIfPassed' complete successfully]]></system-out>
         <system-err><![CDATA[]]></system-err>
      </testcase>
      <testcase name="Test Cases/Shopify/CreateStore" time="247.39" classname="Test Cases/Shopify/CreateStore" status="PASSED">
         <system-out><![CDATA[2023-02-13 09:38:07 - [TEST_CASE][PASSED] - Test Cases/Shopify/CreateStore: Test Cases/Shopify/CreateStore

2023-02-13 09:38:08 - [TEST_STEP][PASSED] - Start listener action : skipStatus: null

2023-02-13 09:38:08 - [TEST_STEP][PASSED] - map = testCaseContext.getTestCaseVariables(): null

2023-02-13 09:38:08 - [TEST_STEP][PASSED] - testcae_status = map.get("testcase_status"): null

2023-02-13 09:38:08 - [TEST_STEP][PASSED] - println(testcae_status): null

2023-02-13 09:38:08 - [TEST_STEP][PASSED] - if (testcae_status == "Passed" || testcae_status == "Failed"): null

2023-02-13 09:38:08 - [TEST_STEP][PASSED] - log = new com.kms.katalon.core.util.KeywordUtil(): null

2023-02-13 09:38:08 - [TEST_STEP][PASSED] - openBrowser(""): Browser is opened with url: ''

2023-02-13 09:38:08 - [MESSAGE][WARNING] - A browser is already opened. Closing browser and opening a new one

2023-02-13 09:38:08 - [MESSAGE][INFO] - Starting 'Chrome' driver

2023-02-13 09:38:08 - [MESSAGE][INFO] - Action delay is set to 0 milliseconds

2023-02-13 09:38:09 - [MESSAGE][PASSED] - Browser is opened with url: ''

2023-02-13 09:38:09 - [TEST_STEP][PASSED] - maximizeWindow(): Current window maximized

2023-02-13 09:38:09 - [MESSAGE][PASSED] - Current window maximized

2023-02-13 09:38:09 - [TEST_STEP][PASSED] - st = new shopify.store(): null

2023-02-13 09:38:09 - [TEST_STEP][PASSED] - st.loginShopifyPartner(partner_email, partner_password, partner_id): Object: 'Object Repository/Shopify/btn_login' is clicked on

2023-02-13 09:38:13 - [MESSAGE][PASSED] - Navigate to 'https://partners.shopify.com/1662018/stores/new' successfully

2023-02-13 09:38:14 - [MESSAGE][PASSED] - Text 'huynh@firegroup.io' is set on object 'Object Repository/Shopify/input_email_shopify'

2023-02-13 09:38:17 - [MESSAGE][PASSED] - Object: 'Object Repository/Shopify/btn_continue_with_email' is clicked on

2023-02-13 09:38:19 - [MESSAGE][PASSED] - Text ****** has been set on object 'Object Repository/Shopify/input_password_shopify'

2023-02-13 09:38:45 - [MESSAGE][PASSED] - Object: 'Object Repository/Shopify/btn_login' is clicked on

2023-02-13 09:38:45 - [TEST_STEP][PASSED] - st.navigateToStoreDevelop(partner_id): Navigate to 'https://partners.shopify.com/1662018/stores/new?store_type=dev_preview_store&developer_preview_handle=checkout_extensibility' successfully

2023-02-13 09:38:46 - [MESSAGE][PASSED] - Navigate to 'https://partners.shopify.com/1662018/stores/new?store_type=dev_preview_store&developer_preview_handle=checkout_extensibility' successfully

2023-02-13 09:38:46 - [TEST_STEP][PASSED] - st.inputStoreName(store_name): Delayed 5 second(s)

2023-02-13 09:38:48 - [MESSAGE][PASSED] - Text 'huynh-ar-stag-2375' is set on object 'Object Repository/Shopify/input_store_name'

2023-02-13 09:38:53 - [MESSAGE][PASSED] - Delayed 5 second(s)

2023-02-13 09:38:53 - [TEST_STEP][PASSED] - shopify.store.clickCreateStore(): shopify.store.clickCreateStore is PASSED

2023-02-13 09:38:53 - [MESSAGE][PASSED] - Object: 'Object Repository/Shopify/btn_create_store' is clicked on

2023-02-13 09:39:13 - [MESSAGE][PASSED] - Delayed 20 second(s)

2023-02-13 09:39:13 - [MESSAGE][PASSED] - shopify.store.clickCreateStore is PASSED

2023-02-13 09:39:13 - [TEST_STEP][PASSED] - shopify.store.importProduct(product_file_local): shopify.store.importProduct is PASSED

2023-02-13 09:39:29 - [MESSAGE][PASSED] - Object: 'Object Repository/Shopify/span_product' is clicked on

2023-02-13 09:39:31 - [MESSAGE][PASSED] - Object: 'Object Repository/Shopify/span_import_product' is clicked on

2023-02-13 09:39:31 - [MESSAGE][PASSED] - File 'C:\Users\huynh\Documents\Socialhead\Automation\Katalon project\CreateStore\CreateStore\Data\products_export.csv' sent to object: 'Object Repository/Shopify/file_product'

2023-02-13 09:39:32 - [MESSAGE][PASSED] - Object: 'Object Repository/Shopify/span_upload_product_continue' is clicked on

2023-02-13 09:39:36 - [MESSAGE][PASSED] - Object: 'Object Repository/Shopify/btn_product_confirm_import' is clicked on

2023-02-13 09:40:06 - [MESSAGE][PASSED] - Delayed 30 second(s)

2023-02-13 09:40:07 - [MESSAGE][PASSED] - Refresh successfully

2023-02-13 09:40:22 - [MESSAGE][PASSED] - Delayed 15 second(s)

2023-02-13 09:40:22 - [MESSAGE][PASSED] - shopify.store.importProduct is PASSED

2023-02-13 09:40:22 - [TEST_STEP][PASSED] - shopify.store.clickOnMenuOnlineStore(): shopify.store.clickOnMenuOnlineStore is PASSED

2023-02-13 09:40:22 - [MESSAGE][PASSED] - Object: 'Object Repository/Shopify Store/a_onlie_store' is clicked on

2023-02-13 09:40:32 - [MESSAGE][PASSED] - Delayed 10 second(s)

2023-02-13 09:40:32 - [MESSAGE][PASSED] - shopify.store.clickOnMenuOnlineStore is PASSED

2023-02-13 09:40:32 - [TEST_STEP][PASSED] - shopify.store.clickOnImportTheme(): shopify.store.clickOnImportTheme is PASSED

2023-02-13 09:40:32 - [MESSAGE][PASSED] - Object: 'Object Repository/Shopify Store/btn_add_theme' is clicked on

2023-02-13 09:40:32 - [MESSAGE][PASSED] - shopify.store.clickOnImportTheme is PASSED

2023-02-13 09:40:32 - [TEST_STEP][PASSED] - shopify.store.uploadThemeFile(theme_file_local): shopify.store.uploadThemeFile is PASSED

2023-02-13 09:40:33 - [MESSAGE][PASSED] - Object: 'Object Repository/Shopify Store/btn_upload_zip_file' is clicked on

2023-02-13 09:40:33 - [MESSAGE][PASSED] - File 'C:\Users\huynh\Documents\Socialhead\Automation\Katalon project\CreateStore\CreateStore\Data\theme_export__voshoe-com-theme-export-spotalen-com-motion-13jan2020-01__07MAY2020-0307am.zip' sent to object: 'Object Repository/Shopify Store/file_theme'

2023-02-13 09:40:33 - [MESSAGE][PASSED] - Object: 'Object Repository/Shopify Store/btn_upload_theme' is clicked on

2023-02-13 09:40:43 - [MESSAGE][PASSED] - Delayed 10 second(s)

2023-02-13 09:40:43 - [MESSAGE][PASSED] - shopify.store.uploadThemeFile is PASSED

2023-02-13 09:40:43 - [TEST_STEP][PASSED] - shopify.store.clickPublishTheme(): shopify.store.clickPublishTheme is PASSED

2023-02-13 09:41:13 - [MESSAGE][PASSED] - Delayed 30 second(s)

2023-02-13 09:41:14 - [MESSAGE][PASSED] - Refresh successfully

2023-02-13 09:41:44 - [MESSAGE][PASSED] - Delayed 30 second(s)

2023-02-13 09:41:45 - [MESSAGE][PASSED] - Object 'Object Repository/Shopify Store/btn_publish_theme' is clickable

2023-02-13 09:41:45 - [MESSAGE][PASSED] - Object: 'Object Repository/Shopify Store/btn_publish_theme' is clicked on

2023-02-13 09:41:45 - [MESSAGE][PASSED] - shopify.store.clickPublishTheme is PASSED

2023-02-13 09:41:45 - [TEST_STEP][PASSED] - shopify.store.confirmPublishTheme(): shopify.store.confirmPublishTheme is PASSED

2023-02-13 09:41:55 - [MESSAGE][PASSED] - Delayed 10 second(s)

2023-02-13 09:41:56 - [MESSAGE][PASSED] - Object: 'Object Repository/Shopify Store/btn_confirm_publish_theme' is clicked on

2023-02-13 09:41:56 - [MESSAGE][PASSED] - shopify.store.confirmPublishTheme is PASSED

2023-02-13 09:41:56 - [TEST_STEP][PASSED] - shopify.store_setting.changeStoreCurrency(currency, store_name): shopify.store_setting.changeStoreCurrency is PASSED

2023-02-13 09:42:06 - [MESSAGE][PASSED] - Delayed 10 second(s)

2023-02-13 09:42:09 - [MESSAGE][PASSED] - Navigate to 'http://huynh-ar-stag-2375.myshopify.com/admin/settings/general' successfully

2023-02-13 09:42:14 - [MESSAGE][PASSED] - All options with value 'USD' are selected in object 'Object Repository/Shopify Store/select_currency' 

2023-02-13 09:42:14 - [MESSAGE][PASSED] - shopify.store_setting.changeStoreCurrency is PASSED

2023-02-13 09:42:14 - [TEST_STEP][PASSED] - shopify.store_setting.saveStoreSetting(): shopify.store_setting.saveStoreSetting is PASSED

2023-02-13 09:42:15 - [MESSAGE][PASSED] - Object: 'Object Repository/Shopify Store/span_save_admin_setting' is clicked on

2023-02-13 09:42:15 - [MESSAGE][PASSED] - shopify.store_setting.saveStoreSetting is PASSED

2023-02-13 09:42:15 - [TEST_STEP][PASSED] - Start tear down : teardownIfPassed: Method 'teardownIfPassed' complete successfully

2023-02-13 09:42:15 - [TEST_STEP][PASSED] - data.excel.updateValueToSheet(file_data, "store", 4, store_name, 7, "Passed"): data.excel.updateValueToSheet is PASSED

2023-02-13 09:42:15 - [MESSAGE][PASSED] - data.excel.updateValueToSheet is PASSED

2023-02-13 09:42:15 - [MESSAGE][PASSED] - Method 'teardownIfPassed' complete successfully]]></system-out>
         <system-err><![CDATA[]]></system-err>
      </testcase>
      <testcase name="Test Cases/Shopify/CreateStore" time="240.451" classname="Test Cases/Shopify/CreateStore" status="PASSED">
         <system-out><![CDATA[2023-02-13 09:42:15 - [TEST_CASE][PASSED] - Test Cases/Shopify/CreateStore: Test Cases/Shopify/CreateStore

2023-02-13 09:42:15 - [TEST_STEP][PASSED] - Start listener action : skipStatus: null

2023-02-13 09:42:15 - [TEST_STEP][PASSED] - map = testCaseContext.getTestCaseVariables(): null

2023-02-13 09:42:15 - [TEST_STEP][PASSED] - testcae_status = map.get("testcase_status"): null

2023-02-13 09:42:15 - [TEST_STEP][PASSED] - println(testcae_status): null

2023-02-13 09:42:15 - [TEST_STEP][PASSED] - if (testcae_status == "Passed" || testcae_status == "Failed"): null

2023-02-13 09:42:15 - [TEST_STEP][PASSED] - log = new com.kms.katalon.core.util.KeywordUtil(): null

2023-02-13 09:42:15 - [TEST_STEP][PASSED] - openBrowser(""): Browser is opened with url: ''

2023-02-13 09:42:15 - [MESSAGE][WARNING] - A browser is already opened. Closing browser and opening a new one

2023-02-13 09:42:16 - [MESSAGE][INFO] - Starting 'Chrome' driver

2023-02-13 09:42:16 - [MESSAGE][INFO] - Action delay is set to 0 milliseconds

2023-02-13 09:42:17 - [MESSAGE][PASSED] - Browser is opened with url: ''

2023-02-13 09:42:17 - [TEST_STEP][PASSED] - maximizeWindow(): Current window maximized

2023-02-13 09:42:17 - [MESSAGE][PASSED] - Current window maximized

2023-02-13 09:42:17 - [TEST_STEP][PASSED] - st = new shopify.store(): null

2023-02-13 09:42:17 - [TEST_STEP][PASSED] - st.loginShopifyPartner(partner_email, partner_password, partner_id): Object: 'Object Repository/Shopify/btn_login' is clicked on

2023-02-13 09:42:21 - [MESSAGE][PASSED] - Navigate to 'https://partners.shopify.com/1662018/stores/new' successfully

2023-02-13 09:42:21 - [MESSAGE][PASSED] - Text 'huynh@firegroup.io' is set on object 'Object Repository/Shopify/input_email_shopify'

2023-02-13 09:42:23 - [MESSAGE][PASSED] - Object: 'Object Repository/Shopify/btn_continue_with_email' is clicked on

2023-02-13 09:42:25 - [MESSAGE][PASSED] - Text ****** has been set on object 'Object Repository/Shopify/input_password_shopify'

2023-02-13 09:42:52 - [MESSAGE][PASSED] - Object: 'Object Repository/Shopify/btn_login' is clicked on

2023-02-13 09:42:52 - [TEST_STEP][PASSED] - st.navigateToStoreDevelop(partner_id): Navigate to 'https://partners.shopify.com/1662018/stores/new?store_type=dev_preview_store&developer_preview_handle=checkout_extensibility' successfully

2023-02-13 09:42:53 - [MESSAGE][PASSED] - Navigate to 'https://partners.shopify.com/1662018/stores/new?store_type=dev_preview_store&developer_preview_handle=checkout_extensibility' successfully

2023-02-13 09:42:53 - [TEST_STEP][PASSED] - st.inputStoreName(store_name): Delayed 5 second(s)

2023-02-13 09:42:55 - [MESSAGE][PASSED] - Text 'huynh-ar-stag-2376' is set on object 'Object Repository/Shopify/input_store_name'

2023-02-13 09:43:00 - [MESSAGE][PASSED] - Delayed 5 second(s)

2023-02-13 09:43:00 - [TEST_STEP][PASSED] - shopify.store.clickCreateStore(): shopify.store.clickCreateStore is PASSED

2023-02-13 09:43:00 - [MESSAGE][PASSED] - Object: 'Object Repository/Shopify/btn_create_store' is clicked on

2023-02-13 09:43:20 - [MESSAGE][PASSED] - Delayed 20 second(s)

2023-02-13 09:43:20 - [MESSAGE][PASSED] - shopify.store.clickCreateStore is PASSED

2023-02-13 09:43:20 - [TEST_STEP][PASSED] - shopify.store.importProduct(product_file_local): shopify.store.importProduct is PASSED

2023-02-13 09:43:31 - [MESSAGE][PASSED] - Object: 'Object Repository/Shopify/span_product' is clicked on

2023-02-13 09:43:33 - [MESSAGE][PASSED] - Object: 'Object Repository/Shopify/span_import_product' is clicked on

2023-02-13 09:43:34 - [MESSAGE][PASSED] - File 'C:\Users\huynh\Documents\Socialhead\Automation\Katalon project\CreateStore\CreateStore\Data\products_export.csv' sent to object: 'Object Repository/Shopify/file_product'

2023-02-13 09:43:34 - [MESSAGE][PASSED] - Object: 'Object Repository/Shopify/span_upload_product_continue' is clicked on

2023-02-13 09:43:37 - [MESSAGE][PASSED] - Object: 'Object Repository/Shopify/btn_product_confirm_import' is clicked on

2023-02-13 09:44:07 - [MESSAGE][PASSED] - Delayed 30 second(s)

2023-02-13 09:44:08 - [MESSAGE][PASSED] - Refresh successfully

2023-02-13 09:44:23 - [MESSAGE][PASSED] - Delayed 15 second(s)

2023-02-13 09:44:23 - [MESSAGE][PASSED] - shopify.store.importProduct is PASSED

2023-02-13 09:44:23 - [TEST_STEP][PASSED] - shopify.store.clickOnMenuOnlineStore(): shopify.store.clickOnMenuOnlineStore is PASSED

2023-02-13 09:44:23 - [MESSAGE][PASSED] - Object: 'Object Repository/Shopify Store/a_onlie_store' is clicked on

2023-02-13 09:44:33 - [MESSAGE][PASSED] - Delayed 10 second(s)

2023-02-13 09:44:33 - [MESSAGE][PASSED] - shopify.store.clickOnMenuOnlineStore is PASSED

2023-02-13 09:44:33 - [TEST_STEP][PASSED] - shopify.store.clickOnImportTheme(): shopify.store.clickOnImportTheme is PASSED

2023-02-13 09:44:34 - [MESSAGE][PASSED] - Object: 'Object Repository/Shopify Store/btn_add_theme' is clicked on

2023-02-13 09:44:34 - [MESSAGE][PASSED] - shopify.store.clickOnImportTheme is PASSED

2023-02-13 09:44:34 - [TEST_STEP][PASSED] - shopify.store.uploadThemeFile(theme_file_local): shopify.store.uploadThemeFile is PASSED

2023-02-13 09:44:34 - [MESSAGE][PASSED] - Object: 'Object Repository/Shopify Store/btn_upload_zip_file' is clicked on

2023-02-13 09:44:35 - [MESSAGE][PASSED] - File 'C:\Users\huynh\Documents\Socialhead\Automation\Katalon project\CreateStore\CreateStore\Data\theme_export__wafffstudios-com-symmetry__25JAN2021-0157pm.zip' sent to object: 'Object Repository/Shopify Store/file_theme'

2023-02-13 09:44:35 - [MESSAGE][PASSED] - Object: 'Object Repository/Shopify Store/btn_upload_theme' is clicked on

2023-02-13 09:44:45 - [MESSAGE][PASSED] - Delayed 10 second(s)

2023-02-13 09:44:45 - [MESSAGE][PASSED] - shopify.store.uploadThemeFile is PASSED

2023-02-13 09:44:45 - [TEST_STEP][PASSED] - shopify.store.clickPublishTheme(): shopify.store.clickPublishTheme is PASSED

2023-02-13 09:45:15 - [MESSAGE][PASSED] - Delayed 30 second(s)

2023-02-13 09:45:15 - [MESSAGE][PASSED] - Refresh successfully

2023-02-13 09:45:45 - [MESSAGE][PASSED] - Delayed 30 second(s)

2023-02-13 09:45:46 - [MESSAGE][PASSED] - Object 'Object Repository/Shopify Store/btn_publish_theme' is clickable

2023-02-13 09:45:46 - [MESSAGE][PASSED] - Object: 'Object Repository/Shopify Store/btn_publish_theme' is clicked on

2023-02-13 09:45:46 - [MESSAGE][PASSED] - shopify.store.clickPublishTheme is PASSED

2023-02-13 09:45:46 - [TEST_STEP][PASSED] - shopify.store.confirmPublishTheme(): shopify.store.confirmPublishTheme is PASSED

2023-02-13 09:45:56 - [MESSAGE][PASSED] - Delayed 10 second(s)

2023-02-13 09:45:56 - [MESSAGE][PASSED] - Object: 'Object Repository/Shopify Store/btn_confirm_publish_theme' is clicked on

2023-02-13 09:45:56 - [MESSAGE][PASSED] - shopify.store.confirmPublishTheme is PASSED

2023-02-13 09:45:56 - [TEST_STEP][PASSED] - shopify.store_setting.changeStoreCurrency(currency, store_name): shopify.store_setting.changeStoreCurrency is PASSED

2023-02-13 09:46:06 - [MESSAGE][PASSED] - Delayed 10 second(s)

2023-02-13 09:46:10 - [MESSAGE][PASSED] - Navigate to 'http://huynh-ar-stag-2376.myshopify.com/admin/settings/general' successfully

2023-02-13 09:46:15 - [MESSAGE][PASSED] - All options with value 'USD' are selected in object 'Object Repository/Shopify Store/select_currency' 

2023-02-13 09:46:15 - [MESSAGE][PASSED] - shopify.store_setting.changeStoreCurrency is PASSED

2023-02-13 09:46:15 - [TEST_STEP][PASSED] - shopify.store_setting.saveStoreSetting(): shopify.store_setting.saveStoreSetting is PASSED

2023-02-13 09:46:15 - [MESSAGE][PASSED] - Object: 'Object Repository/Shopify Store/span_save_admin_setting' is clicked on

2023-02-13 09:46:15 - [MESSAGE][PASSED] - shopify.store_setting.saveStoreSetting is PASSED

2023-02-13 09:46:15 - [TEST_STEP][PASSED] - Start tear down : teardownIfPassed: Method 'teardownIfPassed' complete successfully

2023-02-13 09:46:15 - [TEST_STEP][PASSED] - data.excel.updateValueToSheet(file_data, "store", 4, store_name, 7, "Passed"): data.excel.updateValueToSheet is PASSED

2023-02-13 09:46:15 - [MESSAGE][PASSED] - data.excel.updateValueToSheet is PASSED

2023-02-13 09:46:15 - [MESSAGE][PASSED] - Method 'teardownIfPassed' complete successfully]]></system-out>
         <system-err><![CDATA[]]></system-err>
      </testcase>
      <testcase name="Test Cases/Shopify/CreateStore" time="161.013" classname="Test Cases/Shopify/CreateStore" status="FAILED">
         <failure type="FAILED" message="Test Cases/Shopify/CreateStore FAILED.
Reason:
com.kms.katalon.core.exception.StepFailedException: Unable to click on object 'Object Repository/Shopify Store/btn_upload_theme'
	at com.kms.katalon.core.webui.keyword.internal.WebUIKeywordMain.stepFailed(WebUIKeywordMain.groovy:64)
	at com.kms.katalon.core.webui.keyword.internal.WebUIKeywordMain.runKeyword(WebUIKeywordMain.groovy:26)
	at com.kms.katalon.core.webui.keyword.builtin.ClickKeyword.click(ClickKeyword.groovy:74)
	at com.kms.katalon.core.webui.keyword.builtin.ClickKeyword.execute(ClickKeyword.groovy:40)
	at com.kms.katalon.core.keyword.internal.KeywordExecutor.executeKeywordForPlatform(KeywordExecutor.groovy:74)
	at com.kms.katalon.core.webui.keyword.WebUiBuiltInKeywords.click(WebUiBuiltInKeywords.groovy:620)
	at com.kms.katalon.core.webui.keyword.WebUiBuiltInKeywords$click$3.call(Unknown Source)
	at shopify.store.uploadThemeFile(store.groovy:78)
	at shopify.store.invokeMethod(store.groovy)
	at com.kms.katalon.core.main.CustomKeywordDelegatingMetaClass.invokeStaticMethod(CustomKeywordDelegatingMetaClass.java:55)
	at CreateStore.run(CreateStore:54)
	at com.kms.katalon.core.main.ScriptEngine.run(ScriptEngine.java:194)
	at com.kms.katalon.core.main.ScriptEngine.runScriptAsRawText(ScriptEngine.java:119)
	at com.kms.katalon.core.main.TestCaseExecutor.runScript(TestCaseExecutor.java:448)
	at com.kms.katalon.core.main.TestCaseExecutor.doExecute(TestCaseExecutor.java:439)
	at com.kms.katalon.core.main.TestCaseExecutor.processExecutionPhase(TestCaseExecutor.java:418)
	at com.kms.katalon.core.main.TestCaseExecutor.accessMainPhase(TestCaseExecutor.java:410)
	at com.kms.katalon.core.main.TestCaseExecutor.execute(TestCaseExecutor.java:285)
	at com.kms.katalon.core.common.CommonExecutor.accessTestCaseMainPhase(CommonExecutor.java:65)
	at com.kms.katalon.core.main.TestSuiteExecutor.accessTestSuiteMainPhase(TestSuiteExecutor.java:151)
	at com.kms.katalon.core.main.TestSuiteExecutor.execute(TestSuiteExecutor.java:106)
	at com.kms.katalon.core.main.TestCaseMain.startTestSuite(TestCaseMain.java:185)
	at com.kms.katalon.core.main.TestCaseMain$startTestSuite$0.call(Unknown Source)
	at TempTestSuite1676253455264.run(TempTestSuite1676253455264.groovy:36)
Caused by: org.openqa.selenium.ElementClickInterceptedException: element click intercepted: Element &lt;button class=&quot;Polaris-Button_r99lw Polaris-Button--primary_7k9zs Polaris-Button--disabled_hcuh9&quot; aria-disabled=&quot;true&quot; type=&quot;button&quot; tabindex=&quot;-1&quot;>...&lt;/button> is not clickable at point (550, 434). Other element would receive the click: &lt;div class=&quot;Polaris-ButtonGroup__Item_yiyol&quot;>...&lt;/div>
  (Session info: chrome=109.0.5414.121)
Build info: version: '3.141.59', revision: 'e82be7d358', time: '2018-11-14T08:25:53'
System info: host: 'HUYNH', ip: '172.18.224.1', os.name: 'Windows 10', os.arch: 'amd64', os.version: '10.0', java.version: '1.8.0_282'
Driver info: com.kms.katalon.selenium.driver.CChromeDriver
Capabilities {acceptInsecureCerts: false, browserName: chrome, browserVersion: 109.0.5414.121, chrome: {chromedriverVersion: 109.0.5414.74 (e7c5703604da..., userDataDir: C:\Users\huynh\AppData\Loca...}, goog:chromeOptions: {debuggerAddress: localhost:50966}, javascriptEnabled: true, networkConnectionEnabled: false, pageLoadStrategy: normal, platform: WINDOWS, platformName: WINDOWS, proxy: Proxy(), setWindowRect: true, strictFileInteractability: false, timeouts: {implicit: 0, pageLoad: 300000, script: 30000}, unhandledPromptBehavior: dismiss and notify, webauthn:extension:credBlob: true, webauthn:extension:largeBlob: true, webauthn:virtualAuthenticators: true}
Session ID: 81ae8e2ff9bf10bc73a08ac1e886b49f
	at org.openqa.selenium.remote.http.W3CHttpResponseCodec.createException(W3CHttpResponseCodec.java:187)
	at org.openqa.selenium.remote.http.W3CHttpResponseCodec.decode(W3CHttpResponseCodec.java:122)
	at org.openqa.selenium.remote.http.W3CHttpResponseCodec.decode(W3CHttpResponseCodec.java:49)
	at org.openqa.selenium.remote.HttpCommandExecutor.execute(HttpCommandExecutor.java:158)
	at org.openqa.selenium.remote.service.DriverCommandExecutor.execute(DriverCommandExecutor.java:83)
	at org.openqa.selenium.remote.RemoteWebDriver.execute(RemoteWebDriver.java:552)
	at com.kms.katalon.selenium.driver.CChromeDriver.execute(CChromeDriver.java:19)
	at org.openqa.selenium.remote.RemoteWebElement.execute(RemoteWebElement.java:285)
	at org.openqa.selenium.remote.RemoteWebElement.click(RemoteWebElement.java:84)
	at org.openqa.selenium.support.events.EventFiringWebDriver$EventFiringWebElement.lambda$new$0(EventFiringWebDriver.java:404)
	at com.sun.proxy.$Proxy16.click(Unknown Source)
	at org.openqa.selenium.support.events.EventFiringWebDriver$EventFiringWebElement.click(EventFiringWebDriver.java:417)
	at org.openqa.selenium.WebElement$click.call(Unknown Source)
	at com.kms.katalon.core.webui.keyword.builtin.ClickKeyword.clickUntilSuccessWithTimeout(ClickKeyword.groovy:81)
	at com.kms.katalon.core.webui.keyword.builtin.ClickKeyword.clickUntilSuccessWithTimeout(ClickKeyword.groovy)
	at com.kms.katalon.core.webui.keyword.builtin.ClickKeyword$_click_closure1.doCall(ClickKeyword.groovy:67)
	at com.kms.katalon.core.webui.keyword.builtin.ClickKeyword$_click_closure1.call(ClickKeyword.groovy)
	at com.kms.katalon.core.webui.keyword.internal.WebUIKeywordMain.runKeyword(WebUIKeywordMain.groovy:20)
	... 22 more
"/>
         <system-out><![CDATA[2023-02-13 09:46:15 - [TEST_CASE][FAILED] - Test Cases/Shopify/CreateStore: Test Cases/Shopify/CreateStore FAILED.
Reason:
com.kms.katalon.core.exception.StepFailedException: Unable to click on object 'Object Repository/Shopify Store/btn_upload_theme'
	at com.kms.katalon.core.webui.keyword.internal.WebUIKeywordMain.stepFailed(WebUIKeywordMain.groovy:64)
	at com.kms.katalon.core.webui.keyword.internal.WebUIKeywordMain.runKeyword(WebUIKeywordMain.groovy:26)
	at com.kms.katalon.core.webui.keyword.builtin.ClickKeyword.click(ClickKeyword.groovy:74)
	at com.kms.katalon.core.webui.keyword.builtin.ClickKeyword.execute(ClickKeyword.groovy:40)
	at com.kms.katalon.core.keyword.internal.KeywordExecutor.executeKeywordForPlatform(KeywordExecutor.groovy:74)
	at com.kms.katalon.core.webui.keyword.WebUiBuiltInKeywords.click(WebUiBuiltInKeywords.groovy:620)
	at com.kms.katalon.core.webui.keyword.WebUiBuiltInKeywords$click$3.call(Unknown Source)
	at shopify.store.uploadThemeFile(store.groovy:78)
	at shopify.store.invokeMethod(store.groovy)
	at com.kms.katalon.core.main.CustomKeywordDelegatingMetaClass.invokeStaticMethod(CustomKeywordDelegatingMetaClass.java:55)
	at CreateStore.run(CreateStore:54)
	at com.kms.katalon.core.main.ScriptEngine.run(ScriptEngine.java:194)
	at com.kms.katalon.core.main.ScriptEngine.runScriptAsRawText(ScriptEngine.java:119)
	at com.kms.katalon.core.main.TestCaseExecutor.runScript(TestCaseExecutor.java:448)
	at com.kms.katalon.core.main.TestCaseExecutor.doExecute(TestCaseExecutor.java:439)
	at com.kms.katalon.core.main.TestCaseExecutor.processExecutionPhase(TestCaseExecutor.java:418)
	at com.kms.katalon.core.main.TestCaseExecutor.accessMainPhase(TestCaseExecutor.java:410)
	at com.kms.katalon.core.main.TestCaseExecutor.execute(TestCaseExecutor.java:285)
	at com.kms.katalon.core.common.CommonExecutor.accessTestCaseMainPhase(CommonExecutor.java:65)
	at com.kms.katalon.core.main.TestSuiteExecutor.accessTestSuiteMainPhase(TestSuiteExecutor.java:151)
	at com.kms.katalon.core.main.TestSuiteExecutor.execute(TestSuiteExecutor.java:106)
	at com.kms.katalon.core.main.TestCaseMain.startTestSuite(TestCaseMain.java:185)
	at com.kms.katalon.core.main.TestCaseMain$startTestSuite$0.call(Unknown Source)
	at TempTestSuite1676253455264.run(TempTestSuite1676253455264.groovy:36)
Caused by: org.openqa.selenium.ElementClickInterceptedException: element click intercepted: Element <button class="Polaris-Button_r99lw Polaris-Button--primary_7k9zs Polaris-Button--disabled_hcuh9" aria-disabled="true" type="button" tabindex="-1">...</button> is not clickable at point (550, 434). Other element would receive the click: <div class="Polaris-ButtonGroup__Item_yiyol">...</div>
  (Session info: chrome=109.0.5414.121)
Build info: version: '3.141.59', revision: 'e82be7d358', time: '2018-11-14T08:25:53'
System info: host: 'HUYNH', ip: '172.18.224.1', os.name: 'Windows 10', os.arch: 'amd64', os.version: '10.0', java.version: '1.8.0_282'
Driver info: com.kms.katalon.selenium.driver.CChromeDriver
Capabilities {acceptInsecureCerts: false, browserName: chrome, browserVersion: 109.0.5414.121, chrome: {chromedriverVersion: 109.0.5414.74 (e7c5703604da..., userDataDir: C:\Users\huynh\AppData\Loca...}, goog:chromeOptions: {debuggerAddress: localhost:50966}, javascriptEnabled: true, networkConnectionEnabled: false, pageLoadStrategy: normal, platform: WINDOWS, platformName: WINDOWS, proxy: Proxy(), setWindowRect: true, strictFileInteractability: false, timeouts: {implicit: 0, pageLoad: 300000, script: 30000}, unhandledPromptBehavior: dismiss and notify, webauthn:extension:credBlob: true, webauthn:extension:largeBlob: true, webauthn:virtualAuthenticators: true}
Session ID: 81ae8e2ff9bf10bc73a08ac1e886b49f
	at org.openqa.selenium.remote.http.W3CHttpResponseCodec.createException(W3CHttpResponseCodec.java:187)
	at org.openqa.selenium.remote.http.W3CHttpResponseCodec.decode(W3CHttpResponseCodec.java:122)
	at org.openqa.selenium.remote.http.W3CHttpResponseCodec.decode(W3CHttpResponseCodec.java:49)
	at org.openqa.selenium.remote.HttpCommandExecutor.execute(HttpCommandExecutor.java:158)
	at org.openqa.selenium.remote.service.DriverCommandExecutor.execute(DriverCommandExecutor.java:83)
	at org.openqa.selenium.remote.RemoteWebDriver.execute(RemoteWebDriver.java:552)
	at com.kms.katalon.selenium.driver.CChromeDriver.execute(CChromeDriver.java:19)
	at org.openqa.selenium.remote.RemoteWebElement.execute(RemoteWebElement.java:285)
	at org.openqa.selenium.remote.RemoteWebElement.click(RemoteWebElement.java:84)
	at org.openqa.selenium.support.events.EventFiringWebDriver$EventFiringWebElement.lambda$new$0(EventFiringWebDriver.java:404)
	at com.sun.proxy.$Proxy16.click(Unknown Source)
	at org.openqa.selenium.support.events.EventFiringWebDriver$EventFiringWebElement.click(EventFiringWebDriver.java:417)
	at org.openqa.selenium.WebElement$click.call(Unknown Source)
	at com.kms.katalon.core.webui.keyword.builtin.ClickKeyword.clickUntilSuccessWithTimeout(ClickKeyword.groovy:81)
	at com.kms.katalon.core.webui.keyword.builtin.ClickKeyword.clickUntilSuccessWithTimeout(ClickKeyword.groovy)
	at com.kms.katalon.core.webui.keyword.builtin.ClickKeyword$_click_closure1.doCall(ClickKeyword.groovy:67)
	at com.kms.katalon.core.webui.keyword.builtin.ClickKeyword$_click_closure1.call(ClickKeyword.groovy)
	at com.kms.katalon.core.webui.keyword.internal.WebUIKeywordMain.runKeyword(WebUIKeywordMain.groovy:20)
	... 22 more


2023-02-13 09:46:15 - [TEST_STEP][PASSED] - Start listener action : skipStatus: null

2023-02-13 09:46:15 - [TEST_STEP][PASSED] - map = testCaseContext.getTestCaseVariables(): null

2023-02-13 09:46:15 - [TEST_STEP][PASSED] - testcae_status = map.get("testcase_status"): null

2023-02-13 09:46:15 - [TEST_STEP][PASSED] - println(testcae_status): null

2023-02-13 09:46:15 - [TEST_STEP][PASSED] - if (testcae_status == "Passed" || testcae_status == "Failed"): null

2023-02-13 09:46:15 - [TEST_STEP][PASSED] - log = new com.kms.katalon.core.util.KeywordUtil(): null

2023-02-13 09:46:15 - [TEST_STEP][PASSED] - openBrowser(""): Browser is opened with url: ''

2023-02-13 09:46:15 - [MESSAGE][WARNING] - A browser is already opened. Closing browser and opening a new one

2023-02-13 09:46:16 - [MESSAGE][INFO] - Starting 'Chrome' driver

2023-02-13 09:46:16 - [MESSAGE][INFO] - Action delay is set to 0 milliseconds

2023-02-13 09:46:17 - [MESSAGE][PASSED] - Browser is opened with url: ''

2023-02-13 09:46:17 - [TEST_STEP][PASSED] - maximizeWindow(): Current window maximized

2023-02-13 09:46:17 - [MESSAGE][PASSED] - Current window maximized

2023-02-13 09:46:17 - [TEST_STEP][PASSED] - st = new shopify.store(): null

2023-02-13 09:46:17 - [TEST_STEP][PASSED] - st.loginShopifyPartner(partner_email, partner_password, partner_id): Object: 'Object Repository/Shopify/btn_login' is clicked on

2023-02-13 09:46:22 - [MESSAGE][PASSED] - Navigate to 'https://partners.shopify.com/1662018/stores/new' successfully

2023-02-13 09:46:23 - [MESSAGE][PASSED] - Text 'huynh@firegroup.io' is set on object 'Object Repository/Shopify/input_email_shopify'

2023-02-13 09:46:28 - [MESSAGE][PASSED] - Object: 'Object Repository/Shopify/btn_continue_with_email' is clicked on

2023-02-13 09:46:30 - [MESSAGE][PASSED] - Text ****** has been set on object 'Object Repository/Shopify/input_password_shopify'

2023-02-13 09:46:40 - [MESSAGE][PASSED] - Object: 'Object Repository/Shopify/btn_login' is clicked on

2023-02-13 09:46:40 - [TEST_STEP][PASSED] - st.navigateToStoreDevelop(partner_id): Navigate to 'https://partners.shopify.com/1662018/stores/new?store_type=dev_preview_store&developer_preview_handle=checkout_extensibility' successfully

2023-02-13 09:46:41 - [MESSAGE][PASSED] - Navigate to 'https://partners.shopify.com/1662018/stores/new?store_type=dev_preview_store&developer_preview_handle=checkout_extensibility' successfully

2023-02-13 09:46:41 - [TEST_STEP][PASSED] - st.inputStoreName(store_name): Delayed 5 second(s)

2023-02-13 09:46:43 - [MESSAGE][PASSED] - Text 'huynh-ar-stag-2377' is set on object 'Object Repository/Shopify/input_store_name'

2023-02-13 09:46:48 - [MESSAGE][PASSED] - Delayed 5 second(s)

2023-02-13 09:46:48 - [TEST_STEP][PASSED] - shopify.store.clickCreateStore(): shopify.store.clickCreateStore is PASSED

2023-02-13 09:46:48 - [MESSAGE][PASSED] - Object: 'Object Repository/Shopify/btn_create_store' is clicked on

2023-02-13 09:47:08 - [MESSAGE][PASSED] - Delayed 20 second(s)

2023-02-13 09:47:08 - [MESSAGE][PASSED] - shopify.store.clickCreateStore is PASSED

2023-02-13 09:47:08 - [TEST_STEP][PASSED] - shopify.store.importProduct(product_file_local): shopify.store.importProduct is PASSED

2023-02-13 09:47:20 - [MESSAGE][PASSED] - Object: 'Object Repository/Shopify/span_product' is clicked on

2023-02-13 09:47:22 - [MESSAGE][PASSED] - Object: 'Object Repository/Shopify/span_import_product' is clicked on

2023-02-13 09:47:23 - [MESSAGE][PASSED] - File 'C:\Users\huynh\Documents\Socialhead\Automation\Katalon project\CreateStore\CreateStore\Data\products_export.csv' sent to object: 'Object Repository/Shopify/file_product'

2023-02-13 09:47:23 - [MESSAGE][PASSED] - Object: 'Object Repository/Shopify/span_upload_product_continue' is clicked on

2023-02-13 09:47:26 - [MESSAGE][PASSED] - Object: 'Object Repository/Shopify/btn_product_confirm_import' is clicked on

2023-02-13 09:47:56 - [MESSAGE][PASSED] - Delayed 30 second(s)

2023-02-13 09:47:57 - [MESSAGE][PASSED] - Refresh successfully

2023-02-13 09:48:12 - [MESSAGE][PASSED] - Delayed 15 second(s)

2023-02-13 09:48:12 - [MESSAGE][PASSED] - shopify.store.importProduct is PASSED

2023-02-13 09:48:12 - [TEST_STEP][PASSED] - shopify.store.clickOnMenuOnlineStore(): shopify.store.clickOnMenuOnlineStore is PASSED

2023-02-13 09:48:12 - [MESSAGE][PASSED] - Object: 'Object Repository/Shopify Store/a_onlie_store' is clicked on

2023-02-13 09:48:22 - [MESSAGE][PASSED] - Delayed 10 second(s)

2023-02-13 09:48:22 - [MESSAGE][PASSED] - shopify.store.clickOnMenuOnlineStore is PASSED

2023-02-13 09:48:22 - [TEST_STEP][PASSED] - shopify.store.clickOnImportTheme(): shopify.store.clickOnImportTheme is PASSED

2023-02-13 09:48:23 - [MESSAGE][PASSED] - Object: 'Object Repository/Shopify Store/btn_add_theme' is clicked on

2023-02-13 09:48:23 - [MESSAGE][PASSED] - shopify.store.clickOnImportTheme is PASSED

2023-02-13 09:48:23 - [TEST_STEP][FAILED] - shopify.store.uploadThemeFile(theme_file_local): Unable to click on object 'Object Repository/Shopify Store/btn_upload_theme'

2023-02-13 09:48:23 - [MESSAGE][PASSED] - Object: 'Object Repository/Shopify Store/btn_upload_zip_file' is clicked on

2023-02-13 09:48:24 - [MESSAGE][PASSED] - File 'C:\Users\huynh\Documents\Socialhead\Automation\Katalon project\CreateStore\CreateStore\Data\theme_export__watchrapport-com-homepage-cd-dawn__18JUL2022-0856am.zip' sent to object: 'Object Repository/Shopify Store/file_theme'

2023-02-13 09:48:56 - [MESSAGE][FAILED] - Unable to click on object 'Object Repository/Shopify Store/btn_upload_theme' (Root cause: com.kms.katalon.core.exception.StepFailedException: Unable to click on object 'Object Repository/Shopify Store/btn_upload_theme'
	at com.kms.katalon.core.webui.keyword.internal.WebUIKeywordMain.stepFailed(WebUIKeywordMain.groovy:64)
	at com.kms.katalon.core.webui.keyword.internal.WebUIKeywordMain.runKeyword(WebUIKeywordMain.groovy:26)
	at com.kms.katalon.core.webui.keyword.builtin.ClickKeyword.click(ClickKeyword.groovy:74)
	at com.kms.katalon.core.webui.keyword.builtin.ClickKeyword.execute(ClickKeyword.groovy:40)
	at com.kms.katalon.core.keyword.internal.KeywordExecutor.executeKeywordForPlatform(KeywordExecutor.groovy:74)
	at com.kms.katalon.core.webui.keyword.WebUiBuiltInKeywords.click(WebUiBuiltInKeywords.groovy:620)
	at com.kms.katalon.core.webui.keyword.WebUiBuiltInKeywords$click$3.call(Unknown Source)
	at shopify.store.uploadThemeFile(store.groovy:78)
	at shopify.store.invokeMethod(store.groovy)
	at com.kms.katalon.core.main.CustomKeywordDelegatingMetaClass.invokeStaticMethod(CustomKeywordDelegatingMetaClass.java:55)
	at CreateStore.run(CreateStore:54)
	at com.kms.katalon.core.main.ScriptEngine.run(ScriptEngine.java:194)
	at com.kms.katalon.core.main.ScriptEngine.runScriptAsRawText(ScriptEngine.java:119)
	at com.kms.katalon.core.main.TestCaseExecutor.runScript(TestCaseExecutor.java:448)
	at com.kms.katalon.core.main.TestCaseExecutor.doExecute(TestCaseExecutor.java:439)
	at com.kms.katalon.core.main.TestCaseExecutor.processExecutionPhase(TestCaseExecutor.java:418)
	at com.kms.katalon.core.main.TestCaseExecutor.accessMainPhase(TestCaseExecutor.java:410)
	at com.kms.katalon.core.main.TestCaseExecutor.execute(TestCaseExecutor.java:285)
	at com.kms.katalon.core.common.CommonExecutor.accessTestCaseMainPhase(CommonExecutor.java:65)
	at com.kms.katalon.core.main.TestSuiteExecutor.accessTestSuiteMainPhase(TestSuiteExecutor.java:151)
	at com.kms.katalon.core.main.TestSuiteExecutor.execute(TestSuiteExecutor.java:106)
	at com.kms.katalon.core.main.TestCaseMain.startTestSuite(TestCaseMain.java:185)
	at com.kms.katalon.core.main.TestCaseMain$startTestSuite$0.call(Unknown Source)
	at TempTestSuite1676253455264.run(TempTestSuite1676253455264.groovy:36)
Caused by: org.openqa.selenium.ElementClickInterceptedException: element click intercepted: Element <button class="Polaris-Button_r99lw Polaris-Button--primary_7k9zs Polaris-Button--disabled_hcuh9" aria-disabled="true" type="button" tabindex="-1">...</button> is not clickable at point (550, 434). Other element would receive the click: <div class="Polaris-ButtonGroup__Item_yiyol">...</div>
  (Session info: chrome=109.0.5414.121)
Build info: version: '3.141.59', revision: 'e82be7d358', time: '2018-11-14T08:25:53'
System info: host: 'HUYNH', ip: '172.18.224.1', os.name: 'Windows 10', os.arch: 'amd64', os.version: '10.0', java.version: '1.8.0_282'
Driver info: com.kms.katalon.selenium.driver.CChromeDriver
Capabilities {acceptInsecureCerts: false, browserName: chrome, browserVersion: 109.0.5414.121, chrome: {chromedriverVersion: 109.0.5414.74 (e7c5703604da..., userDataDir: C:\Users\huynh\AppData\Loca...}, goog:chromeOptions: {debuggerAddress: localhost:50966}, javascriptEnabled: true, networkConnectionEnabled: false, pageLoadStrategy: normal, platform: WINDOWS, platformName: WINDOWS, proxy: Proxy(), setWindowRect: true, strictFileInteractability: false, timeouts: {implicit: 0, pageLoad: 300000, script: 30000}, unhandledPromptBehavior: dismiss and notify, webauthn:extension:credBlob: true, webauthn:extension:largeBlob: true, webauthn:virtualAuthenticators: true}
Session ID: 81ae8e2ff9bf10bc73a08ac1e886b49f
	at org.openqa.selenium.remote.http.W3CHttpResponseCodec.createException(W3CHttpResponseCodec.java:187)
	at org.openqa.selenium.remote.http.W3CHttpResponseCodec.decode(W3CHttpResponseCodec.java:122)
	at org.openqa.selenium.remote.http.W3CHttpResponseCodec.decode(W3CHttpResponseCodec.java:49)
	at org.openqa.selenium.remote.HttpCommandExecutor.execute(HttpCommandExecutor.java:158)
	at org.openqa.selenium.remote.service.DriverCommandExecutor.execute(DriverCommandExecutor.java:83)
	at org.openqa.selenium.remote.RemoteWebDriver.execute(RemoteWebDriver.java:552)
	at com.kms.katalon.selenium.driver.CChromeDriver.execute(CChromeDriver.java:19)
	at org.openqa.selenium.remote.RemoteWebElement.execute(RemoteWebElement.java:285)
	at org.openqa.selenium.remote.RemoteWebElement.click(RemoteWebElement.java:84)
	at org.openqa.selenium.support.events.EventFiringWebDriver$EventFiringWebElement.lambda$new$0(EventFiringWebDriver.java:404)
	at com.sun.proxy.$Proxy16.click(Unknown Source)
	at org.openqa.selenium.support.events.EventFiringWebDriver$EventFiringWebElement.click(EventFiringWebDriver.java:417)
	at org.openqa.selenium.WebElement$click.call(Unknown Source)
	at com.kms.katalon.core.webui.keyword.builtin.ClickKeyword.clickUntilSuccessWithTimeout(ClickKeyword.groovy:81)
	at com.kms.katalon.core.webui.keyword.builtin.ClickKeyword.clickUntilSuccessWithTimeout(ClickKeyword.groovy)
	at com.kms.katalon.core.webui.keyword.builtin.ClickKeyword$_click_closure1.doCall(ClickKeyword.groovy:67)
	at com.kms.katalon.core.webui.keyword.builtin.ClickKeyword$_click_closure1.call(ClickKeyword.groovy)
	at com.kms.katalon.core.webui.keyword.internal.WebUIKeywordMain.runKeyword(WebUIKeywordMain.groovy:20)
	at com.kms.katalon.core.webui.keyword.builtin.ClickKeyword.click(ClickKeyword.groovy:74)
	at com.kms.katalon.core.webui.keyword.builtin.ClickKeyword.execute(ClickKeyword.groovy:40)
	at com.kms.katalon.core.keyword.internal.KeywordExecutor.executeKeywordForPlatform(KeywordExecutor.groovy:74)
	at com.kms.katalon.core.webui.keyword.WebUiBuiltInKeywords.click(WebUiBuiltInKeywords.groovy:620)
	at com.kms.katalon.core.webui.keyword.WebUiBuiltInKeywords$click$3.call(Unknown Source)
	at shopify.store.uploadThemeFile(store.groovy:78)
	at shopify.store.invokeMethod(store.groovy)
	at com.kms.katalon.core.main.CustomKeywordDelegatingMetaClass.invokeStaticMethod(CustomKeywordDelegatingMetaClass.java:55)
	at Script1673851860327.run(Script1673851860327.groovy:54)
	... 13 more
)
[[ATTACHMENT|C:\\Users\\huynh\\Documents\\Socialhead\\Automation\\Katalon project\\CreateStore\\CreateStore\\Reports\\20230213_085735\\Store\\Create Store\\20230213_085735\\1676256536714.png]]

2023-02-13 09:48:56 - [MESSAGE][FAILED] - Unable to click on object 'Object Repository/Shopify Store/btn_upload_theme'

2023-02-13 09:48:56 - [TEST_STEP][PASSED] - Start tear down : teardownIfFailed: Method 'teardownIfFailed' complete successfully

2023-02-13 09:48:56 - [TEST_STEP][PASSED] - data.excel.updateValueToSheet(file_data, "store", 4, store_name, 7, "Failed"): data.excel.updateValueToSheet is PASSED

2023-02-13 09:48:56 - [MESSAGE][PASSED] - data.excel.updateValueToSheet is PASSED

2023-02-13 09:48:56 - [MESSAGE][PASSED] - Method 'teardownIfFailed' complete successfully]]></system-out>
         <system-err><![CDATA[2023-02-13 09:46:15 - [TEST_CASE][FAILED] - Test Cases/Shopify/CreateStore: Test Cases/Shopify/CreateStore FAILED.
Reason:
com.kms.katalon.core.exception.StepFailedException: Unable to click on object 'Object Repository/Shopify Store/btn_upload_theme'
	at com.kms.katalon.core.webui.keyword.internal.WebUIKeywordMain.stepFailed(WebUIKeywordMain.groovy:64)
	at com.kms.katalon.core.webui.keyword.internal.WebUIKeywordMain.runKeyword(WebUIKeywordMain.groovy:26)
	at com.kms.katalon.core.webui.keyword.builtin.ClickKeyword.click(ClickKeyword.groovy:74)
	at com.kms.katalon.core.webui.keyword.builtin.ClickKeyword.execute(ClickKeyword.groovy:40)
	at com.kms.katalon.core.keyword.internal.KeywordExecutor.executeKeywordForPlatform(KeywordExecutor.groovy:74)
	at com.kms.katalon.core.webui.keyword.WebUiBuiltInKeywords.click(WebUiBuiltInKeywords.groovy:620)
	at com.kms.katalon.core.webui.keyword.WebUiBuiltInKeywords$click$3.call(Unknown Source)
	at shopify.store.uploadThemeFile(store.groovy:78)
	at shopify.store.invokeMethod(store.groovy)
	at com.kms.katalon.core.main.CustomKeywordDelegatingMetaClass.invokeStaticMethod(CustomKeywordDelegatingMetaClass.java:55)
	at CreateStore.run(CreateStore:54)
	at com.kms.katalon.core.main.ScriptEngine.run(ScriptEngine.java:194)
	at com.kms.katalon.core.main.ScriptEngine.runScriptAsRawText(ScriptEngine.java:119)
	at com.kms.katalon.core.main.TestCaseExecutor.runScript(TestCaseExecutor.java:448)
	at com.kms.katalon.core.main.TestCaseExecutor.doExecute(TestCaseExecutor.java:439)
	at com.kms.katalon.core.main.TestCaseExecutor.processExecutionPhase(TestCaseExecutor.java:418)
	at com.kms.katalon.core.main.TestCaseExecutor.accessMainPhase(TestCaseExecutor.java:410)
	at com.kms.katalon.core.main.TestCaseExecutor.execute(TestCaseExecutor.java:285)
	at com.kms.katalon.core.common.CommonExecutor.accessTestCaseMainPhase(CommonExecutor.java:65)
	at com.kms.katalon.core.main.TestSuiteExecutor.accessTestSuiteMainPhase(TestSuiteExecutor.java:151)
	at com.kms.katalon.core.main.TestSuiteExecutor.execute(TestSuiteExecutor.java:106)
	at com.kms.katalon.core.main.TestCaseMain.startTestSuite(TestCaseMain.java:185)
	at com.kms.katalon.core.main.TestCaseMain$startTestSuite$0.call(Unknown Source)
	at TempTestSuite1676253455264.run(TempTestSuite1676253455264.groovy:36)
Caused by: org.openqa.selenium.ElementClickInterceptedException: element click intercepted: Element <button class="Polaris-Button_r99lw Polaris-Button--primary_7k9zs Polaris-Button--disabled_hcuh9" aria-disabled="true" type="button" tabindex="-1">...</button> is not clickable at point (550, 434). Other element would receive the click: <div class="Polaris-ButtonGroup__Item_yiyol">...</div>
  (Session info: chrome=109.0.5414.121)
Build info: version: '3.141.59', revision: 'e82be7d358', time: '2018-11-14T08:25:53'
System info: host: 'HUYNH', ip: '172.18.224.1', os.name: 'Windows 10', os.arch: 'amd64', os.version: '10.0', java.version: '1.8.0_282'
Driver info: com.kms.katalon.selenium.driver.CChromeDriver
Capabilities {acceptInsecureCerts: false, browserName: chrome, browserVersion: 109.0.5414.121, chrome: {chromedriverVersion: 109.0.5414.74 (e7c5703604da..., userDataDir: C:\Users\huynh\AppData\Loca...}, goog:chromeOptions: {debuggerAddress: localhost:50966}, javascriptEnabled: true, networkConnectionEnabled: false, pageLoadStrategy: normal, platform: WINDOWS, platformName: WINDOWS, proxy: Proxy(), setWindowRect: true, strictFileInteractability: false, timeouts: {implicit: 0, pageLoad: 300000, script: 30000}, unhandledPromptBehavior: dismiss and notify, webauthn:extension:credBlob: true, webauthn:extension:largeBlob: true, webauthn:virtualAuthenticators: true}
Session ID: 81ae8e2ff9bf10bc73a08ac1e886b49f
	at org.openqa.selenium.remote.http.W3CHttpResponseCodec.createException(W3CHttpResponseCodec.java:187)
	at org.openqa.selenium.remote.http.W3CHttpResponseCodec.decode(W3CHttpResponseCodec.java:122)
	at org.openqa.selenium.remote.http.W3CHttpResponseCodec.decode(W3CHttpResponseCodec.java:49)
	at org.openqa.selenium.remote.HttpCommandExecutor.execute(HttpCommandExecutor.java:158)
	at org.openqa.selenium.remote.service.DriverCommandExecutor.execute(DriverCommandExecutor.java:83)
	at org.openqa.selenium.remote.RemoteWebDriver.execute(RemoteWebDriver.java:552)
	at com.kms.katalon.selenium.driver.CChromeDriver.execute(CChromeDriver.java:19)
	at org.openqa.selenium.remote.RemoteWebElement.execute(RemoteWebElement.java:285)
	at org.openqa.selenium.remote.RemoteWebElement.click(RemoteWebElement.java:84)
	at org.openqa.selenium.support.events.EventFiringWebDriver$EventFiringWebElement.lambda$new$0(EventFiringWebDriver.java:404)
	at com.sun.proxy.$Proxy16.click(Unknown Source)
	at org.openqa.selenium.support.events.EventFiringWebDriver$EventFiringWebElement.click(EventFiringWebDriver.java:417)
	at org.openqa.selenium.WebElement$click.call(Unknown Source)
	at com.kms.katalon.core.webui.keyword.builtin.ClickKeyword.clickUntilSuccessWithTimeout(ClickKeyword.groovy:81)
	at com.kms.katalon.core.webui.keyword.builtin.ClickKeyword.clickUntilSuccessWithTimeout(ClickKeyword.groovy)
	at com.kms.katalon.core.webui.keyword.builtin.ClickKeyword$_click_closure1.doCall(ClickKeyword.groovy:67)
	at com.kms.katalon.core.webui.keyword.builtin.ClickKeyword$_click_closure1.call(ClickKeyword.groovy)
	at com.kms.katalon.core.webui.keyword.internal.WebUIKeywordMain.runKeyword(WebUIKeywordMain.groovy:20)
	... 22 more]]></system-err>
      </testcase>
      <testcase name="Test Cases/Shopify/CreateStore" time="244.415" classname="Test Cases/Shopify/CreateStore" status="PASSED">
         <system-out><![CDATA[2023-02-13 09:48:56 - [TEST_CASE][PASSED] - Test Cases/Shopify/CreateStore: Test Cases/Shopify/CreateStore

2023-02-13 09:48:56 - [TEST_STEP][PASSED] - Start listener action : skipStatus: null

2023-02-13 09:48:56 - [TEST_STEP][PASSED] - map = testCaseContext.getTestCaseVariables(): null

2023-02-13 09:48:56 - [TEST_STEP][PASSED] - testcae_status = map.get("testcase_status"): null

2023-02-13 09:48:56 - [TEST_STEP][PASSED] - println(testcae_status): null

2023-02-13 09:48:56 - [TEST_STEP][PASSED] - if (testcae_status == "Passed" || testcae_status == "Failed"): null

2023-02-13 09:48:56 - [TEST_STEP][PASSED] - log = new com.kms.katalon.core.util.KeywordUtil(): null

2023-02-13 09:48:56 - [TEST_STEP][PASSED] - openBrowser(""): Browser is opened with url: ''

2023-02-13 09:48:56 - [MESSAGE][WARNING] - A browser is already opened. Closing browser and opening a new one

2023-02-13 09:48:57 - [MESSAGE][INFO] - Starting 'Chrome' driver

2023-02-13 09:48:57 - [MESSAGE][INFO] - Action delay is set to 0 milliseconds

2023-02-13 09:48:58 - [MESSAGE][PASSED] - Browser is opened with url: ''

2023-02-13 09:48:58 - [TEST_STEP][PASSED] - maximizeWindow(): Current window maximized

2023-02-13 09:48:58 - [MESSAGE][PASSED] - Current window maximized

2023-02-13 09:48:58 - [TEST_STEP][PASSED] - st = new shopify.store(): null

2023-02-13 09:48:58 - [TEST_STEP][PASSED] - st.loginShopifyPartner(partner_email, partner_password, partner_id): Object: 'Object Repository/Shopify/btn_login' is clicked on

2023-02-13 09:49:02 - [MESSAGE][PASSED] - Navigate to 'https://partners.shopify.com/1662018/stores/new' successfully

2023-02-13 09:49:03 - [MESSAGE][PASSED] - Text 'huynh@firegroup.io' is set on object 'Object Repository/Shopify/input_email_shopify'

2023-02-13 09:49:06 - [MESSAGE][PASSED] - Object: 'Object Repository/Shopify/btn_continue_with_email' is clicked on

2023-02-13 09:49:08 - [MESSAGE][PASSED] - Text ****** has been set on object 'Object Repository/Shopify/input_password_shopify'

2023-02-13 09:49:34 - [MESSAGE][PASSED] - Object: 'Object Repository/Shopify/btn_login' is clicked on

2023-02-13 09:49:34 - [TEST_STEP][PASSED] - st.navigateToStoreDevelop(partner_id): Navigate to 'https://partners.shopify.com/1662018/stores/new?store_type=dev_preview_store&developer_preview_handle=checkout_extensibility' successfully

2023-02-13 09:49:35 - [MESSAGE][PASSED] - Navigate to 'https://partners.shopify.com/1662018/stores/new?store_type=dev_preview_store&developer_preview_handle=checkout_extensibility' successfully

2023-02-13 09:49:35 - [TEST_STEP][PASSED] - st.inputStoreName(store_name): Delayed 5 second(s)

2023-02-13 09:49:36 - [MESSAGE][PASSED] - Text 'huynh-ar-stag-2378' is set on object 'Object Repository/Shopify/input_store_name'

2023-02-13 09:49:41 - [MESSAGE][PASSED] - Delayed 5 second(s)

2023-02-13 09:49:41 - [TEST_STEP][PASSED] - shopify.store.clickCreateStore(): shopify.store.clickCreateStore is PASSED

2023-02-13 09:49:42 - [MESSAGE][PASSED] - Object: 'Object Repository/Shopify/btn_create_store' is clicked on

2023-02-13 09:50:02 - [MESSAGE][PASSED] - Delayed 20 second(s)

2023-02-13 09:50:02 - [MESSAGE][PASSED] - shopify.store.clickCreateStore is PASSED

2023-02-13 09:50:02 - [TEST_STEP][PASSED] - shopify.store.importProduct(product_file_local): shopify.store.importProduct is PASSED

2023-02-13 09:50:16 - [MESSAGE][PASSED] - Object: 'Object Repository/Shopify/span_product' is clicked on

2023-02-13 09:50:18 - [MESSAGE][PASSED] - Object: 'Object Repository/Shopify/span_import_product' is clicked on

2023-02-13 09:50:19 - [MESSAGE][PASSED] - File 'C:\Users\huynh\Documents\Socialhead\Automation\Katalon project\CreateStore\CreateStore\Data\products_export.csv' sent to object: 'Object Repository/Shopify/file_product'

2023-02-13 09:50:19 - [MESSAGE][PASSED] - Object: 'Object Repository/Shopify/span_upload_product_continue' is clicked on

2023-02-13 09:50:22 - [MESSAGE][PASSED] - Object: 'Object Repository/Shopify/btn_product_confirm_import' is clicked on

2023-02-13 09:50:52 - [MESSAGE][PASSED] - Delayed 30 second(s)

2023-02-13 09:50:53 - [MESSAGE][PASSED] - Refresh successfully

2023-02-13 09:51:08 - [MESSAGE][PASSED] - Delayed 15 second(s)

2023-02-13 09:51:08 - [MESSAGE][PASSED] - shopify.store.importProduct is PASSED

2023-02-13 09:51:08 - [TEST_STEP][PASSED] - shopify.store.clickOnMenuOnlineStore(): shopify.store.clickOnMenuOnlineStore is PASSED

2023-02-13 09:51:08 - [MESSAGE][PASSED] - Object: 'Object Repository/Shopify Store/a_onlie_store' is clicked on

2023-02-13 09:51:18 - [MESSAGE][PASSED] - Delayed 10 second(s)

2023-02-13 09:51:18 - [MESSAGE][PASSED] - shopify.store.clickOnMenuOnlineStore is PASSED

2023-02-13 09:51:18 - [TEST_STEP][PASSED] - shopify.store.clickOnImportTheme(): shopify.store.clickOnImportTheme is PASSED

2023-02-13 09:51:19 - [MESSAGE][PASSED] - Object: 'Object Repository/Shopify Store/btn_add_theme' is clicked on

2023-02-13 09:51:19 - [MESSAGE][PASSED] - shopify.store.clickOnImportTheme is PASSED

2023-02-13 09:51:19 - [TEST_STEP][PASSED] - shopify.store.uploadThemeFile(theme_file_local): shopify.store.uploadThemeFile is PASSED

2023-02-13 09:51:19 - [MESSAGE][PASSED] - Object: 'Object Repository/Shopify Store/btn_upload_zip_file' is clicked on

2023-02-13 09:51:20 - [MESSAGE][PASSED] - File 'C:\Users\huynh\Documents\Socialhead\Automation\Katalon project\CreateStore\CreateStore\Data\theme_export__westtoys-co-fastest-fashion-ellyana-v1-2-5__03JUL2020-0701am.zip' sent to object: 'Object Repository/Shopify Store/file_theme'

2023-02-13 09:51:20 - [MESSAGE][PASSED] - Object: 'Object Repository/Shopify Store/btn_upload_theme' is clicked on

2023-02-13 09:51:30 - [MESSAGE][PASSED] - Delayed 10 second(s)

2023-02-13 09:51:30 - [MESSAGE][PASSED] - shopify.store.uploadThemeFile is PASSED

2023-02-13 09:51:30 - [TEST_STEP][PASSED] - shopify.store.clickPublishTheme(): shopify.store.clickPublishTheme is PASSED

2023-02-13 09:52:00 - [MESSAGE][PASSED] - Delayed 30 second(s)

2023-02-13 09:52:00 - [MESSAGE][PASSED] - Refresh successfully

2023-02-13 09:52:30 - [MESSAGE][PASSED] - Delayed 30 second(s)

2023-02-13 09:52:31 - [MESSAGE][PASSED] - Object 'Object Repository/Shopify Store/btn_publish_theme' is clickable

2023-02-13 09:52:31 - [MESSAGE][PASSED] - Object: 'Object Repository/Shopify Store/btn_publish_theme' is clicked on

2023-02-13 09:52:31 - [MESSAGE][PASSED] - shopify.store.clickPublishTheme is PASSED

2023-02-13 09:52:31 - [TEST_STEP][PASSED] - shopify.store.confirmPublishTheme(): shopify.store.confirmPublishTheme is PASSED

2023-02-13 09:52:41 - [MESSAGE][PASSED] - Delayed 10 second(s)

2023-02-13 09:52:41 - [MESSAGE][PASSED] - Object: 'Object Repository/Shopify Store/btn_confirm_publish_theme' is clicked on

2023-02-13 09:52:41 - [MESSAGE][PASSED] - shopify.store.confirmPublishTheme is PASSED

2023-02-13 09:52:41 - [TEST_STEP][PASSED] - shopify.store_setting.changeStoreCurrency(currency, store_name): shopify.store_setting.changeStoreCurrency is PASSED

2023-02-13 09:52:51 - [MESSAGE][PASSED] - Delayed 10 second(s)

2023-02-13 09:52:56 - [MESSAGE][PASSED] - Navigate to 'http://huynh-ar-stag-2378.myshopify.com/admin/settings/general' successfully

2023-02-13 09:53:00 - [MESSAGE][PASSED] - All options with value 'USD' are selected in object 'Object Repository/Shopify Store/select_currency' 

2023-02-13 09:53:00 - [MESSAGE][PASSED] - shopify.store_setting.changeStoreCurrency is PASSED

2023-02-13 09:53:00 - [TEST_STEP][PASSED] - shopify.store_setting.saveStoreSetting(): shopify.store_setting.saveStoreSetting is PASSED

2023-02-13 09:53:01 - [MESSAGE][PASSED] - Object: 'Object Repository/Shopify Store/span_save_admin_setting' is clicked on

2023-02-13 09:53:01 - [MESSAGE][PASSED] - shopify.store_setting.saveStoreSetting is PASSED

2023-02-13 09:53:01 - [TEST_STEP][PASSED] - Start tear down : teardownIfPassed: Method 'teardownIfPassed' complete successfully

2023-02-13 09:53:01 - [TEST_STEP][PASSED] - data.excel.updateValueToSheet(file_data, "store", 4, store_name, 7, "Passed"): data.excel.updateValueToSheet is PASSED

2023-02-13 09:53:01 - [MESSAGE][PASSED] - data.excel.updateValueToSheet is PASSED

2023-02-13 09:53:01 - [MESSAGE][PASSED] - Method 'teardownIfPassed' complete successfully]]></system-out>
         <system-err><![CDATA[]]></system-err>
      </testcase>
      <testcase name="Test Cases/Shopify/CreateStore" time="224.566" classname="Test Cases/Shopify/CreateStore" status="PASSED">
         <system-out><![CDATA[2023-02-13 09:53:01 - [TEST_CASE][PASSED] - Test Cases/Shopify/CreateStore: Test Cases/Shopify/CreateStore

2023-02-13 09:53:01 - [TEST_STEP][PASSED] - Start listener action : skipStatus: null

2023-02-13 09:53:01 - [TEST_STEP][PASSED] - map = testCaseContext.getTestCaseVariables(): null

2023-02-13 09:53:01 - [TEST_STEP][PASSED] - testcae_status = map.get("testcase_status"): null

2023-02-13 09:53:01 - [TEST_STEP][PASSED] - println(testcae_status): null

2023-02-13 09:53:01 - [TEST_STEP][PASSED] - if (testcae_status == "Passed" || testcae_status == "Failed"): null

2023-02-13 09:53:01 - [TEST_STEP][PASSED] - log = new com.kms.katalon.core.util.KeywordUtil(): null

2023-02-13 09:53:01 - [TEST_STEP][PASSED] - openBrowser(""): Browser is opened with url: ''

2023-02-13 09:53:01 - [MESSAGE][WARNING] - A browser is already opened. Closing browser and opening a new one

2023-02-13 09:53:02 - [MESSAGE][INFO] - Starting 'Chrome' driver

2023-02-13 09:53:02 - [MESSAGE][INFO] - Action delay is set to 0 milliseconds

2023-02-13 09:53:03 - [MESSAGE][PASSED] - Browser is opened with url: ''

2023-02-13 09:53:03 - [TEST_STEP][PASSED] - maximizeWindow(): Current window maximized

2023-02-13 09:53:03 - [MESSAGE][PASSED] - Current window maximized

2023-02-13 09:53:03 - [TEST_STEP][PASSED] - st = new shopify.store(): null

2023-02-13 09:53:03 - [TEST_STEP][PASSED] - st.loginShopifyPartner(partner_email, partner_password, partner_id): Object: 'Object Repository/Shopify/btn_login' is clicked on

2023-02-13 09:53:07 - [MESSAGE][PASSED] - Navigate to 'https://partners.shopify.com/1662018/stores/new' successfully

2023-02-13 09:53:08 - [MESSAGE][PASSED] - Text 'huynh@firegroup.io' is set on object 'Object Repository/Shopify/input_email_shopify'

2023-02-13 09:53:14 - [MESSAGE][PASSED] - Object: 'Object Repository/Shopify/btn_continue_with_email' is clicked on

2023-02-13 09:53:16 - [MESSAGE][PASSED] - Text ****** has been set on object 'Object Repository/Shopify/input_password_shopify'

2023-02-13 09:53:22 - [MESSAGE][PASSED] - Object: 'Object Repository/Shopify/btn_login' is clicked on

2023-02-13 09:53:22 - [TEST_STEP][PASSED] - st.navigateToStoreDevelop(partner_id): Navigate to 'https://partners.shopify.com/1662018/stores/new?store_type=dev_preview_store&developer_preview_handle=checkout_extensibility' successfully

2023-02-13 09:53:23 - [MESSAGE][PASSED] - Navigate to 'https://partners.shopify.com/1662018/stores/new?store_type=dev_preview_store&developer_preview_handle=checkout_extensibility' successfully

2023-02-13 09:53:23 - [TEST_STEP][PASSED] - st.inputStoreName(store_name): Delayed 5 second(s)

2023-02-13 09:53:25 - [MESSAGE][PASSED] - Text 'huynh-ar-stag-2379' is set on object 'Object Repository/Shopify/input_store_name'

2023-02-13 09:53:30 - [MESSAGE][PASSED] - Delayed 5 second(s)

2023-02-13 09:53:30 - [TEST_STEP][PASSED] - shopify.store.clickCreateStore(): shopify.store.clickCreateStore is PASSED

2023-02-13 09:53:30 - [MESSAGE][PASSED] - Object: 'Object Repository/Shopify/btn_create_store' is clicked on

2023-02-13 09:53:50 - [MESSAGE][PASSED] - Delayed 20 second(s)

2023-02-13 09:53:50 - [MESSAGE][PASSED] - shopify.store.clickCreateStore is PASSED

2023-02-13 09:53:50 - [TEST_STEP][PASSED] - shopify.store.importProduct(product_file_local): shopify.store.importProduct is PASSED

2023-02-13 09:54:02 - [MESSAGE][PASSED] - Object: 'Object Repository/Shopify/span_product' is clicked on

2023-02-13 09:54:03 - [MESSAGE][PASSED] - Object: 'Object Repository/Shopify/span_import_product' is clicked on

2023-02-13 09:54:04 - [MESSAGE][PASSED] - File 'C:\Users\huynh\Documents\Socialhead\Automation\Katalon project\CreateStore\CreateStore\Data\products_export.csv' sent to object: 'Object Repository/Shopify/file_product'

2023-02-13 09:54:04 - [MESSAGE][PASSED] - Object: 'Object Repository/Shopify/span_upload_product_continue' is clicked on

2023-02-13 09:54:08 - [MESSAGE][PASSED] - Object: 'Object Repository/Shopify/btn_product_confirm_import' is clicked on

2023-02-13 09:54:38 - [MESSAGE][PASSED] - Delayed 30 second(s)

2023-02-13 09:54:39 - [MESSAGE][PASSED] - Refresh successfully

2023-02-13 09:54:54 - [MESSAGE][PASSED] - Delayed 15 second(s)

2023-02-13 09:54:54 - [MESSAGE][PASSED] - shopify.store.importProduct is PASSED

2023-02-13 09:54:54 - [TEST_STEP][PASSED] - shopify.store.clickOnMenuOnlineStore(): shopify.store.clickOnMenuOnlineStore is PASSED

2023-02-13 09:54:54 - [MESSAGE][PASSED] - Object: 'Object Repository/Shopify Store/a_onlie_store' is clicked on

2023-02-13 09:55:04 - [MESSAGE][PASSED] - Delayed 10 second(s)

2023-02-13 09:55:04 - [MESSAGE][PASSED] - shopify.store.clickOnMenuOnlineStore is PASSED

2023-02-13 09:55:04 - [TEST_STEP][PASSED] - shopify.store.clickOnImportTheme(): shopify.store.clickOnImportTheme is PASSED

2023-02-13 09:55:05 - [MESSAGE][PASSED] - Object: 'Object Repository/Shopify Store/btn_add_theme' is clicked on

2023-02-13 09:55:05 - [MESSAGE][PASSED] - shopify.store.clickOnImportTheme is PASSED

2023-02-13 09:55:05 - [TEST_STEP][PASSED] - shopify.store.uploadThemeFile(theme_file_local): shopify.store.uploadThemeFile is PASSED

2023-02-13 09:55:05 - [MESSAGE][PASSED] - Object: 'Object Repository/Shopify Store/btn_upload_zip_file' is clicked on

2023-02-13 09:55:06 - [MESSAGE][PASSED] - File 'C:\Users\huynh\Documents\Socialhead\Automation\Katalon project\CreateStore\CreateStore\Data\theme_export__wiboutik-com-debut__11JUN2020-0607am.zip' sent to object: 'Object Repository/Shopify Store/file_theme'

2023-02-13 09:55:06 - [MESSAGE][PASSED] - Object: 'Object Repository/Shopify Store/btn_upload_theme' is clicked on

2023-02-13 09:55:16 - [MESSAGE][PASSED] - Delayed 10 second(s)

2023-02-13 09:55:16 - [MESSAGE][PASSED] - shopify.store.uploadThemeFile is PASSED

2023-02-13 09:55:16 - [TEST_STEP][PASSED] - shopify.store.clickPublishTheme(): shopify.store.clickPublishTheme is PASSED

2023-02-13 09:55:46 - [MESSAGE][PASSED] - Delayed 30 second(s)

2023-02-13 09:55:46 - [MESSAGE][PASSED] - Refresh successfully

2023-02-13 09:56:16 - [MESSAGE][PASSED] - Delayed 30 second(s)

2023-02-13 09:56:17 - [MESSAGE][PASSED] - Object 'Object Repository/Shopify Store/btn_publish_theme' is clickable

2023-02-13 09:56:17 - [MESSAGE][PASSED] - Object: 'Object Repository/Shopify Store/btn_publish_theme' is clicked on

2023-02-13 09:56:17 - [MESSAGE][PASSED] - shopify.store.clickPublishTheme is PASSED

2023-02-13 09:56:17 - [TEST_STEP][PASSED] - shopify.store.confirmPublishTheme(): shopify.store.confirmPublishTheme is PASSED

2023-02-13 09:56:27 - [MESSAGE][PASSED] - Delayed 10 second(s)

2023-02-13 09:56:27 - [MESSAGE][PASSED] - Object: 'Object Repository/Shopify Store/btn_confirm_publish_theme' is clicked on

2023-02-13 09:56:27 - [MESSAGE][PASSED] - shopify.store.confirmPublishTheme is PASSED

2023-02-13 09:56:27 - [TEST_STEP][PASSED] - shopify.store_setting.changeStoreCurrency(currency, store_name): shopify.store_setting.changeStoreCurrency is PASSED

2023-02-13 09:56:37 - [MESSAGE][PASSED] - Delayed 10 second(s)

2023-02-13 09:56:41 - [MESSAGE][PASSED] - Navigate to 'http://huynh-ar-stag-2379.myshopify.com/admin/settings/general' successfully

2023-02-13 09:56:45 - [MESSAGE][PASSED] - All options with value 'USD' are selected in object 'Object Repository/Shopify Store/select_currency' 

2023-02-13 09:56:45 - [MESSAGE][PASSED] - shopify.store_setting.changeStoreCurrency is PASSED

2023-02-13 09:56:45 - [TEST_STEP][PASSED] - shopify.store_setting.saveStoreSetting(): shopify.store_setting.saveStoreSetting is PASSED

2023-02-13 09:56:45 - [MESSAGE][PASSED] - Object: 'Object Repository/Shopify Store/span_save_admin_setting' is clicked on

2023-02-13 09:56:45 - [MESSAGE][PASSED] - shopify.store_setting.saveStoreSetting is PASSED

2023-02-13 09:56:45 - [TEST_STEP][PASSED] - Start tear down : teardownIfPassed: Method 'teardownIfPassed' complete successfully

2023-02-13 09:56:45 - [TEST_STEP][PASSED] - data.excel.updateValueToSheet(file_data, "store", 4, store_name, 7, "Passed"): data.excel.updateValueToSheet is PASSED

2023-02-13 09:56:46 - [MESSAGE][PASSED] - data.excel.updateValueToSheet is PASSED

2023-02-13 09:56:46 - [MESSAGE][PASSED] - Method 'teardownIfPassed' complete successfully]]></system-out>
         <system-err><![CDATA[]]></system-err>
      </testcase>
      <testcase name="Test Cases/Shopify/CreateStore" time="94.27" classname="Test Cases/Shopify/CreateStore" status="FAILED">
         <failure type="FAILED" message="Test Cases/Shopify/CreateStore FAILED.
Reason:
com.kms.katalon.core.exception.StepFailedException: Unable to click on object 'Object Repository/Shopify/btn_product_confirm_import'
	at com.kms.katalon.core.webui.keyword.internal.WebUIKeywordMain.stepFailed(WebUIKeywordMain.groovy:64)
	at com.kms.katalon.core.webui.keyword.internal.WebUIKeywordMain.runKeyword(WebUIKeywordMain.groovy:26)
	at com.kms.katalon.core.webui.keyword.builtin.ClickKeyword.click(ClickKeyword.groovy:74)
	at com.kms.katalon.core.webui.keyword.builtin.ClickKeyword.execute(ClickKeyword.groovy:40)
	at com.kms.katalon.core.keyword.internal.KeywordExecutor.executeKeywordForPlatform(KeywordExecutor.groovy:74)
	at com.kms.katalon.core.webui.keyword.WebUiBuiltInKeywords.click(WebUiBuiltInKeywords.groovy:620)
	at com.kms.katalon.core.webui.keyword.WebUiBuiltInKeywords$click$3.call(Unknown Source)
	at shopify.store.importProduct(store.groovy:55)
	at shopify.store.invokeMethod(store.groovy)
	at com.kms.katalon.core.main.CustomKeywordDelegatingMetaClass.invokeStaticMethod(CustomKeywordDelegatingMetaClass.java:55)
	at CreateStore.run(CreateStore:45)
	at com.kms.katalon.core.main.ScriptEngine.run(ScriptEngine.java:194)
	at com.kms.katalon.core.main.ScriptEngine.runScriptAsRawText(ScriptEngine.java:119)
	at com.kms.katalon.core.main.TestCaseExecutor.runScript(TestCaseExecutor.java:448)
	at com.kms.katalon.core.main.TestCaseExecutor.doExecute(TestCaseExecutor.java:439)
	at com.kms.katalon.core.main.TestCaseExecutor.processExecutionPhase(TestCaseExecutor.java:418)
	at com.kms.katalon.core.main.TestCaseExecutor.accessMainPhase(TestCaseExecutor.java:410)
	at com.kms.katalon.core.main.TestCaseExecutor.execute(TestCaseExecutor.java:285)
	at com.kms.katalon.core.common.CommonExecutor.accessTestCaseMainPhase(CommonExecutor.java:65)
	at com.kms.katalon.core.main.TestSuiteExecutor.accessTestSuiteMainPhase(TestSuiteExecutor.java:151)
	at com.kms.katalon.core.main.TestSuiteExecutor.execute(TestSuiteExecutor.java:106)
	at com.kms.katalon.core.main.TestCaseMain.startTestSuite(TestCaseMain.java:185)
	at com.kms.katalon.core.main.TestCaseMain$startTestSuite$0.call(Unknown Source)
	at TempTestSuite1676253455264.run(TempTestSuite1676253455264.groovy:36)
Caused by: com.kms.katalon.core.webui.exception.WebElementNotFoundException: Web element with id: 'Object Repository/Shopify/btn_product_confirm_import' located by '//span[text()='Import products']' not found
	at com.kms.katalon.core.webui.common.WebUiCommonHelper.findWebElement(WebUiCommonHelper.java:1370)
	at com.kms.katalon.core.webui.keyword.internal.WebUIAbstractKeyword.findWebElement(WebUIAbstractKeyword.groovy:27)
	at com.kms.katalon.core.webui.keyword.builtin.ClickKeyword$_click_closure1.doCall(ClickKeyword.groovy:65)
	at com.kms.katalon.core.webui.keyword.builtin.ClickKeyword$_click_closure1.call(ClickKeyword.groovy)
	at com.kms.katalon.core.webui.keyword.internal.WebUIKeywordMain.runKeyword(WebUIKeywordMain.groovy:20)
	... 22 more
"/>
         <system-out><![CDATA[2023-02-13 09:56:46 - [TEST_CASE][FAILED] - Test Cases/Shopify/CreateStore: Test Cases/Shopify/CreateStore FAILED.
Reason:
com.kms.katalon.core.exception.StepFailedException: Unable to click on object 'Object Repository/Shopify/btn_product_confirm_import'
	at com.kms.katalon.core.webui.keyword.internal.WebUIKeywordMain.stepFailed(WebUIKeywordMain.groovy:64)
	at com.kms.katalon.core.webui.keyword.internal.WebUIKeywordMain.runKeyword(WebUIKeywordMain.groovy:26)
	at com.kms.katalon.core.webui.keyword.builtin.ClickKeyword.click(ClickKeyword.groovy:74)
	at com.kms.katalon.core.webui.keyword.builtin.ClickKeyword.execute(ClickKeyword.groovy:40)
	at com.kms.katalon.core.keyword.internal.KeywordExecutor.executeKeywordForPlatform(KeywordExecutor.groovy:74)
	at com.kms.katalon.core.webui.keyword.WebUiBuiltInKeywords.click(WebUiBuiltInKeywords.groovy:620)
	at com.kms.katalon.core.webui.keyword.WebUiBuiltInKeywords$click$3.call(Unknown Source)
	at shopify.store.importProduct(store.groovy:55)
	at shopify.store.invokeMethod(store.groovy)
	at com.kms.katalon.core.main.CustomKeywordDelegatingMetaClass.invokeStaticMethod(CustomKeywordDelegatingMetaClass.java:55)
	at CreateStore.run(CreateStore:45)
	at com.kms.katalon.core.main.ScriptEngine.run(ScriptEngine.java:194)
	at com.kms.katalon.core.main.ScriptEngine.runScriptAsRawText(ScriptEngine.java:119)
	at com.kms.katalon.core.main.TestCaseExecutor.runScript(TestCaseExecutor.java:448)
	at com.kms.katalon.core.main.TestCaseExecutor.doExecute(TestCaseExecutor.java:439)
	at com.kms.katalon.core.main.TestCaseExecutor.processExecutionPhase(TestCaseExecutor.java:418)
	at com.kms.katalon.core.main.TestCaseExecutor.accessMainPhase(TestCaseExecutor.java:410)
	at com.kms.katalon.core.main.TestCaseExecutor.execute(TestCaseExecutor.java:285)
	at com.kms.katalon.core.common.CommonExecutor.accessTestCaseMainPhase(CommonExecutor.java:65)
	at com.kms.katalon.core.main.TestSuiteExecutor.accessTestSuiteMainPhase(TestSuiteExecutor.java:151)
	at com.kms.katalon.core.main.TestSuiteExecutor.execute(TestSuiteExecutor.java:106)
	at com.kms.katalon.core.main.TestCaseMain.startTestSuite(TestCaseMain.java:185)
	at com.kms.katalon.core.main.TestCaseMain$startTestSuite$0.call(Unknown Source)
	at TempTestSuite1676253455264.run(TempTestSuite1676253455264.groovy:36)
Caused by: com.kms.katalon.core.webui.exception.WebElementNotFoundException: Web element with id: 'Object Repository/Shopify/btn_product_confirm_import' located by '//span[text()='Import products']' not found
	at com.kms.katalon.core.webui.common.WebUiCommonHelper.findWebElement(WebUiCommonHelper.java:1370)
	at com.kms.katalon.core.webui.keyword.internal.WebUIAbstractKeyword.findWebElement(WebUIAbstractKeyword.groovy:27)
	at com.kms.katalon.core.webui.keyword.builtin.ClickKeyword$_click_closure1.doCall(ClickKeyword.groovy:65)
	at com.kms.katalon.core.webui.keyword.builtin.ClickKeyword$_click_closure1.call(ClickKeyword.groovy)
	at com.kms.katalon.core.webui.keyword.internal.WebUIKeywordMain.runKeyword(WebUIKeywordMain.groovy:20)
	... 22 more


2023-02-13 09:56:46 - [TEST_STEP][PASSED] - Start listener action : skipStatus: null

2023-02-13 09:56:46 - [TEST_STEP][PASSED] - map = testCaseContext.getTestCaseVariables(): null

2023-02-13 09:56:46 - [TEST_STEP][PASSED] - testcae_status = map.get("testcase_status"): null

2023-02-13 09:56:46 - [TEST_STEP][PASSED] - println(testcae_status): null

2023-02-13 09:56:46 - [TEST_STEP][PASSED] - if (testcae_status == "Passed" || testcae_status == "Failed"): null

2023-02-13 09:56:46 - [TEST_STEP][PASSED] - log = new com.kms.katalon.core.util.KeywordUtil(): null

2023-02-13 09:56:46 - [TEST_STEP][PASSED] - openBrowser(""): Browser is opened with url: ''

2023-02-13 09:56:46 - [MESSAGE][WARNING] - A browser is already opened. Closing browser and opening a new one

2023-02-13 09:56:46 - [MESSAGE][INFO] - Starting 'Chrome' driver

2023-02-13 09:56:46 - [MESSAGE][INFO] - Action delay is set to 0 milliseconds

2023-02-13 09:56:47 - [MESSAGE][PASSED] - Browser is opened with url: ''

2023-02-13 09:56:47 - [TEST_STEP][PASSED] - maximizeWindow(): Current window maximized

2023-02-13 09:56:47 - [MESSAGE][PASSED] - Current window maximized

2023-02-13 09:56:47 - [TEST_STEP][PASSED] - st = new shopify.store(): null

2023-02-13 09:56:47 - [TEST_STEP][PASSED] - st.loginShopifyPartner(partner_email, partner_password, partner_id): Object: 'Object Repository/Shopify/btn_login' is clicked on

2023-02-13 09:56:51 - [MESSAGE][PASSED] - Navigate to 'https://partners.shopify.com/1662018/stores/new' successfully

2023-02-13 09:56:52 - [MESSAGE][PASSED] - Text 'huynh@firegroup.io' is set on object 'Object Repository/Shopify/input_email_shopify'

2023-02-13 09:56:57 - [MESSAGE][PASSED] - Object: 'Object Repository/Shopify/btn_continue_with_email' is clicked on

2023-02-13 09:56:58 - [MESSAGE][PASSED] - Text ****** has been set on object 'Object Repository/Shopify/input_password_shopify'

2023-02-13 09:57:05 - [MESSAGE][PASSED] - Object: 'Object Repository/Shopify/btn_login' is clicked on

2023-02-13 09:57:05 - [TEST_STEP][PASSED] - st.navigateToStoreDevelop(partner_id): Navigate to 'https://partners.shopify.com/1662018/stores/new?store_type=dev_preview_store&developer_preview_handle=checkout_extensibility' successfully

2023-02-13 09:57:06 - [MESSAGE][PASSED] - Navigate to 'https://partners.shopify.com/1662018/stores/new?store_type=dev_preview_store&developer_preview_handle=checkout_extensibility' successfully

2023-02-13 09:57:06 - [TEST_STEP][PASSED] - st.inputStoreName(store_name): Delayed 5 second(s)

2023-02-13 09:57:08 - [MESSAGE][PASSED] - Text 'huynh-ar-stag-2380' is set on object 'Object Repository/Shopify/input_store_name'

2023-02-13 09:57:13 - [MESSAGE][PASSED] - Delayed 5 second(s)

2023-02-13 09:57:13 - [TEST_STEP][PASSED] - shopify.store.clickCreateStore(): shopify.store.clickCreateStore is PASSED

2023-02-13 09:57:13 - [MESSAGE][PASSED] - Object: 'Object Repository/Shopify/btn_create_store' is clicked on

2023-02-13 09:57:33 - [MESSAGE][PASSED] - Delayed 20 second(s)

2023-02-13 09:57:33 - [MESSAGE][PASSED] - shopify.store.clickCreateStore is PASSED

2023-02-13 09:57:33 - [TEST_STEP][FAILED] - shopify.store.importProduct(product_file_local): Unable to click on object 'Object Repository/Shopify/btn_product_confirm_import'

2023-02-13 09:57:46 - [MESSAGE][PASSED] - Object: 'Object Repository/Shopify/span_product' is clicked on

2023-02-13 09:57:47 - [MESSAGE][PASSED] - Object: 'Object Repository/Shopify/span_import_product' is clicked on

2023-02-13 09:57:48 - [MESSAGE][PASSED] - File 'C:\Users\huynh\Documents\Socialhead\Automation\Katalon project\CreateStore\CreateStore\Data\products_export.csv' sent to object: 'Object Repository/Shopify/file_product'

2023-02-13 09:57:48 - [MESSAGE][PASSED] - Object: 'Object Repository/Shopify/span_upload_product_continue' is clicked on

2023-02-13 09:58:20 - [MESSAGE][INFO] - Unable to find the element located by 'By.xpath: //span[text()='Import products']'. Please recheck the objects properties to make sure the desired element is located. 

2023-02-13 09:58:20 - [MESSAGE][FAILED] - Unable to click on object 'Object Repository/Shopify/btn_product_confirm_import' (Root cause: com.kms.katalon.core.exception.StepFailedException: Unable to click on object 'Object Repository/Shopify/btn_product_confirm_import'
	at com.kms.katalon.core.webui.keyword.internal.WebUIKeywordMain.stepFailed(WebUIKeywordMain.groovy:64)
	at com.kms.katalon.core.webui.keyword.internal.WebUIKeywordMain.runKeyword(WebUIKeywordMain.groovy:26)
	at com.kms.katalon.core.webui.keyword.builtin.ClickKeyword.click(ClickKeyword.groovy:74)
	at com.kms.katalon.core.webui.keyword.builtin.ClickKeyword.execute(ClickKeyword.groovy:40)
	at com.kms.katalon.core.keyword.internal.KeywordExecutor.executeKeywordForPlatform(KeywordExecutor.groovy:74)
	at com.kms.katalon.core.webui.keyword.WebUiBuiltInKeywords.click(WebUiBuiltInKeywords.groovy:620)
	at com.kms.katalon.core.webui.keyword.WebUiBuiltInKeywords$click$3.call(Unknown Source)
	at shopify.store.importProduct(store.groovy:55)
	at shopify.store.invokeMethod(store.groovy)
	at com.kms.katalon.core.main.CustomKeywordDelegatingMetaClass.invokeStaticMethod(CustomKeywordDelegatingMetaClass.java:55)
	at CreateStore.run(CreateStore:45)
	at com.kms.katalon.core.main.ScriptEngine.run(ScriptEngine.java:194)
	at com.kms.katalon.core.main.ScriptEngine.runScriptAsRawText(ScriptEngine.java:119)
	at com.kms.katalon.core.main.TestCaseExecutor.runScript(TestCaseExecutor.java:448)
	at com.kms.katalon.core.main.TestCaseExecutor.doExecute(TestCaseExecutor.java:439)
	at com.kms.katalon.core.main.TestCaseExecutor.processExecutionPhase(TestCaseExecutor.java:418)
	at com.kms.katalon.core.main.TestCaseExecutor.accessMainPhase(TestCaseExecutor.java:410)
	at com.kms.katalon.core.main.TestCaseExecutor.execute(TestCaseExecutor.java:285)
	at com.kms.katalon.core.common.CommonExecutor.accessTestCaseMainPhase(CommonExecutor.java:65)
	at com.kms.katalon.core.main.TestSuiteExecutor.accessTestSuiteMainPhase(TestSuiteExecutor.java:151)
	at com.kms.katalon.core.main.TestSuiteExecutor.execute(TestSuiteExecutor.java:106)
	at com.kms.katalon.core.main.TestCaseMain.startTestSuite(TestCaseMain.java:185)
	at com.kms.katalon.core.main.TestCaseMain$startTestSuite$0.call(Unknown Source)
	at TempTestSuite1676253455264.run(TempTestSuite1676253455264.groovy:36)
Caused by: com.kms.katalon.core.webui.exception.WebElementNotFoundException: Web element with id: 'Object Repository/Shopify/btn_product_confirm_import' located by '//span[text()='Import products']' not found
	at com.kms.katalon.core.webui.common.WebUiCommonHelper.findWebElement(WebUiCommonHelper.java:1370)
	at com.kms.katalon.core.webui.keyword.internal.WebUIAbstractKeyword.findWebElement(WebUIAbstractKeyword.groovy:27)
	at com.kms.katalon.core.webui.keyword.builtin.ClickKeyword$_click_closure1.doCall(ClickKeyword.groovy:65)
	at com.kms.katalon.core.webui.keyword.builtin.ClickKeyword$_click_closure1.call(ClickKeyword.groovy)
	at com.kms.katalon.core.webui.keyword.internal.WebUIKeywordMain.runKeyword(WebUIKeywordMain.groovy:20)
	at com.kms.katalon.core.webui.keyword.builtin.ClickKeyword.click(ClickKeyword.groovy:74)
	at com.kms.katalon.core.webui.keyword.builtin.ClickKeyword.execute(ClickKeyword.groovy:40)
	at com.kms.katalon.core.keyword.internal.KeywordExecutor.executeKeywordForPlatform(KeywordExecutor.groovy:74)
	at com.kms.katalon.core.webui.keyword.WebUiBuiltInKeywords.click(WebUiBuiltInKeywords.groovy:620)
	at com.kms.katalon.core.webui.keyword.WebUiBuiltInKeywords$click$3.call(Unknown Source)
	at shopify.store.importProduct(store.groovy:55)
	at shopify.store.invokeMethod(store.groovy)
	at com.kms.katalon.core.main.CustomKeywordDelegatingMetaClass.invokeStaticMethod(CustomKeywordDelegatingMetaClass.java:55)
	at Script1673851860327.run(Script1673851860327.groovy:45)
	... 13 more
)
[[ATTACHMENT|C:\\Users\\huynh\\Documents\\Socialhead\\Automation\\Katalon project\\CreateStore\\CreateStore\\Reports\\20230213_085735\\Store\\Create Store\\20230213_085735\\1676257100121.png]]

2023-02-13 09:58:20 - [MESSAGE][FAILED] - Unable to click on object 'Object Repository/Shopify/btn_product_confirm_import'

2023-02-13 09:58:20 - [TEST_STEP][PASSED] - Start tear down : teardownIfFailed: Method 'teardownIfFailed' complete successfully

2023-02-13 09:58:20 - [TEST_STEP][PASSED] - data.excel.updateValueToSheet(file_data, "store", 4, store_name, 7, "Failed"): data.excel.updateValueToSheet is PASSED

2023-02-13 09:58:20 - [MESSAGE][PASSED] - data.excel.updateValueToSheet is PASSED

2023-02-13 09:58:20 - [MESSAGE][PASSED] - Method 'teardownIfFailed' complete successfully]]></system-out>
         <system-err><![CDATA[2023-02-13 09:56:46 - [TEST_CASE][FAILED] - Test Cases/Shopify/CreateStore: Test Cases/Shopify/CreateStore FAILED.
Reason:
com.kms.katalon.core.exception.StepFailedException: Unable to click on object 'Object Repository/Shopify/btn_product_confirm_import'
	at com.kms.katalon.core.webui.keyword.internal.WebUIKeywordMain.stepFailed(WebUIKeywordMain.groovy:64)
	at com.kms.katalon.core.webui.keyword.internal.WebUIKeywordMain.runKeyword(WebUIKeywordMain.groovy:26)
	at com.kms.katalon.core.webui.keyword.builtin.ClickKeyword.click(ClickKeyword.groovy:74)
	at com.kms.katalon.core.webui.keyword.builtin.ClickKeyword.execute(ClickKeyword.groovy:40)
	at com.kms.katalon.core.keyword.internal.KeywordExecutor.executeKeywordForPlatform(KeywordExecutor.groovy:74)
	at com.kms.katalon.core.webui.keyword.WebUiBuiltInKeywords.click(WebUiBuiltInKeywords.groovy:620)
	at com.kms.katalon.core.webui.keyword.WebUiBuiltInKeywords$click$3.call(Unknown Source)
	at shopify.store.importProduct(store.groovy:55)
	at shopify.store.invokeMethod(store.groovy)
	at com.kms.katalon.core.main.CustomKeywordDelegatingMetaClass.invokeStaticMethod(CustomKeywordDelegatingMetaClass.java:55)
	at CreateStore.run(CreateStore:45)
	at com.kms.katalon.core.main.ScriptEngine.run(ScriptEngine.java:194)
	at com.kms.katalon.core.main.ScriptEngine.runScriptAsRawText(ScriptEngine.java:119)
	at com.kms.katalon.core.main.TestCaseExecutor.runScript(TestCaseExecutor.java:448)
	at com.kms.katalon.core.main.TestCaseExecutor.doExecute(TestCaseExecutor.java:439)
	at com.kms.katalon.core.main.TestCaseExecutor.processExecutionPhase(TestCaseExecutor.java:418)
	at com.kms.katalon.core.main.TestCaseExecutor.accessMainPhase(TestCaseExecutor.java:410)
	at com.kms.katalon.core.main.TestCaseExecutor.execute(TestCaseExecutor.java:285)
	at com.kms.katalon.core.common.CommonExecutor.accessTestCaseMainPhase(CommonExecutor.java:65)
	at com.kms.katalon.core.main.TestSuiteExecutor.accessTestSuiteMainPhase(TestSuiteExecutor.java:151)
	at com.kms.katalon.core.main.TestSuiteExecutor.execute(TestSuiteExecutor.java:106)
	at com.kms.katalon.core.main.TestCaseMain.startTestSuite(TestCaseMain.java:185)
	at com.kms.katalon.core.main.TestCaseMain$startTestSuite$0.call(Unknown Source)
	at TempTestSuite1676253455264.run(TempTestSuite1676253455264.groovy:36)
Caused by: com.kms.katalon.core.webui.exception.WebElementNotFoundException: Web element with id: 'Object Repository/Shopify/btn_product_confirm_import' located by '//span[text()='Import products']' not found
	at com.kms.katalon.core.webui.common.WebUiCommonHelper.findWebElement(WebUiCommonHelper.java:1370)
	at com.kms.katalon.core.webui.keyword.internal.WebUIAbstractKeyword.findWebElement(WebUIAbstractKeyword.groovy:27)
	at com.kms.katalon.core.webui.keyword.builtin.ClickKeyword$_click_closure1.doCall(ClickKeyword.groovy:65)
	at com.kms.katalon.core.webui.keyword.builtin.ClickKeyword$_click_closure1.call(ClickKeyword.groovy)
	at com.kms.katalon.core.webui.keyword.internal.WebUIKeywordMain.runKeyword(WebUIKeywordMain.groovy:20)
	... 22 more]]></system-err>
      </testcase>
      <testcase name="Test Cases/Shopify/CreateStore" time="256.647" classname="Test Cases/Shopify/CreateStore" status="PASSED">
         <system-out><![CDATA[2023-02-13 09:58:20 - [TEST_CASE][PASSED] - Test Cases/Shopify/CreateStore: Test Cases/Shopify/CreateStore

2023-02-13 09:58:20 - [TEST_STEP][PASSED] - Start listener action : skipStatus: null

2023-02-13 09:58:20 - [TEST_STEP][PASSED] - map = testCaseContext.getTestCaseVariables(): null

2023-02-13 09:58:20 - [TEST_STEP][PASSED] - testcae_status = map.get("testcase_status"): null

2023-02-13 09:58:20 - [TEST_STEP][PASSED] - println(testcae_status): null

2023-02-13 09:58:20 - [TEST_STEP][PASSED] - if (testcae_status == "Passed" || testcae_status == "Failed"): null

2023-02-13 09:58:20 - [TEST_STEP][PASSED] - log = new com.kms.katalon.core.util.KeywordUtil(): null

2023-02-13 09:58:20 - [TEST_STEP][PASSED] - openBrowser(""): Browser is opened with url: ''

2023-02-13 09:58:20 - [MESSAGE][WARNING] - A browser is already opened. Closing browser and opening a new one

2023-02-13 09:58:21 - [MESSAGE][INFO] - Starting 'Chrome' driver

2023-02-13 09:58:21 - [MESSAGE][INFO] - Action delay is set to 0 milliseconds

2023-02-13 09:58:22 - [MESSAGE][PASSED] - Browser is opened with url: ''

2023-02-13 09:58:22 - [TEST_STEP][PASSED] - maximizeWindow(): Current window maximized

2023-02-13 09:58:22 - [MESSAGE][PASSED] - Current window maximized

2023-02-13 09:58:22 - [TEST_STEP][PASSED] - st = new shopify.store(): null

2023-02-13 09:58:22 - [TEST_STEP][PASSED] - st.loginShopifyPartner(partner_email, partner_password, partner_id): Object: 'Object Repository/Shopify/btn_login' is clicked on

2023-02-13 09:58:44 - [MESSAGE][PASSED] - Navigate to 'https://partners.shopify.com/1662018/stores/new' successfully

2023-02-13 09:58:45 - [MESSAGE][PASSED] - Text 'huynh@firegroup.io' is set on object 'Object Repository/Shopify/input_email_shopify'

2023-02-13 09:58:54 - [MESSAGE][PASSED] - Object: 'Object Repository/Shopify/btn_continue_with_email' is clicked on

2023-02-13 09:58:56 - [MESSAGE][PASSED] - Text ****** has been set on object 'Object Repository/Shopify/input_password_shopify'

2023-02-13 09:59:08 - [MESSAGE][PASSED] - Object: 'Object Repository/Shopify/btn_login' is clicked on

2023-02-13 09:59:08 - [TEST_STEP][PASSED] - st.navigateToStoreDevelop(partner_id): Navigate to 'https://partners.shopify.com/1662018/stores/new?store_type=dev_preview_store&developer_preview_handle=checkout_extensibility' successfully

2023-02-13 09:59:09 - [MESSAGE][PASSED] - Navigate to 'https://partners.shopify.com/1662018/stores/new?store_type=dev_preview_store&developer_preview_handle=checkout_extensibility' successfully

2023-02-13 09:59:09 - [TEST_STEP][PASSED] - st.inputStoreName(store_name): Delayed 5 second(s)

2023-02-13 09:59:11 - [MESSAGE][PASSED] - Text 'huynh-ar-stag-2381' is set on object 'Object Repository/Shopify/input_store_name'

2023-02-13 09:59:16 - [MESSAGE][PASSED] - Delayed 5 second(s)

2023-02-13 09:59:16 - [TEST_STEP][PASSED] - shopify.store.clickCreateStore(): shopify.store.clickCreateStore is PASSED

2023-02-13 09:59:16 - [MESSAGE][PASSED] - Object: 'Object Repository/Shopify/btn_create_store' is clicked on

2023-02-13 09:59:36 - [MESSAGE][PASSED] - Delayed 20 second(s)

2023-02-13 09:59:36 - [MESSAGE][PASSED] - shopify.store.clickCreateStore is PASSED

2023-02-13 09:59:36 - [TEST_STEP][PASSED] - shopify.store.importProduct(product_file_local): shopify.store.importProduct is PASSED

2023-02-13 09:59:51 - [MESSAGE][PASSED] - Object: 'Object Repository/Shopify/span_product' is clicked on

2023-02-13 09:59:53 - [MESSAGE][PASSED] - Object: 'Object Repository/Shopify/span_import_product' is clicked on

2023-02-13 09:59:54 - [MESSAGE][PASSED] - File 'C:\Users\huynh\Documents\Socialhead\Automation\Katalon project\CreateStore\CreateStore\Data\products_export.csv' sent to object: 'Object Repository/Shopify/file_product'

2023-02-13 09:59:54 - [MESSAGE][PASSED] - Object: 'Object Repository/Shopify/span_upload_product_continue' is clicked on

2023-02-13 09:59:59 - [MESSAGE][PASSED] - Object: 'Object Repository/Shopify/btn_product_confirm_import' is clicked on

2023-02-13 10:00:29 - [MESSAGE][PASSED] - Delayed 30 second(s)

2023-02-13 10:00:29 - [MESSAGE][PASSED] - Refresh successfully

2023-02-13 10:00:44 - [MESSAGE][PASSED] - Delayed 15 second(s)

2023-02-13 10:00:44 - [MESSAGE][PASSED] - shopify.store.importProduct is PASSED

2023-02-13 10:00:44 - [TEST_STEP][PASSED] - shopify.store.clickOnMenuOnlineStore(): shopify.store.clickOnMenuOnlineStore is PASSED

2023-02-13 10:00:45 - [MESSAGE][PASSED] - Object: 'Object Repository/Shopify Store/a_onlie_store' is clicked on

2023-02-13 10:00:55 - [MESSAGE][PASSED] - Delayed 10 second(s)

2023-02-13 10:00:55 - [MESSAGE][PASSED] - shopify.store.clickOnMenuOnlineStore is PASSED

2023-02-13 10:00:55 - [TEST_STEP][PASSED] - shopify.store.clickOnImportTheme(): shopify.store.clickOnImportTheme is PASSED

2023-02-13 10:00:55 - [MESSAGE][PASSED] - Object: 'Object Repository/Shopify Store/btn_add_theme' is clicked on

2023-02-13 10:00:55 - [MESSAGE][PASSED] - shopify.store.clickOnImportTheme is PASSED

2023-02-13 10:00:55 - [TEST_STEP][PASSED] - shopify.store.uploadThemeFile(theme_file_local): shopify.store.uploadThemeFile is PASSED

2023-02-13 10:00:55 - [MESSAGE][PASSED] - Object: 'Object Repository/Shopify Store/btn_upload_zip_file' is clicked on

2023-02-13 10:00:56 - [MESSAGE][PASSED] - File 'C:\Users\huynh\Documents\Socialhead\Automation\Katalon project\CreateStore\CreateStore\Data\theme_export__womma-com-tr-source-code__19MAY2021-0910am.zip' sent to object: 'Object Repository/Shopify Store/file_theme'

2023-02-13 10:00:56 - [MESSAGE][PASSED] - Object: 'Object Repository/Shopify Store/btn_upload_theme' is clicked on

2023-02-13 10:01:06 - [MESSAGE][PASSED] - Delayed 10 second(s)

2023-02-13 10:01:06 - [MESSAGE][PASSED] - shopify.store.uploadThemeFile is PASSED

2023-02-13 10:01:06 - [TEST_STEP][PASSED] - shopify.store.clickPublishTheme(): shopify.store.clickPublishTheme is PASSED

2023-02-13 10:01:36 - [MESSAGE][PASSED] - Delayed 30 second(s)

2023-02-13 10:01:37 - [MESSAGE][PASSED] - Refresh successfully

2023-02-13 10:02:07 - [MESSAGE][PASSED] - Delayed 30 second(s)

2023-02-13 10:02:07 - [MESSAGE][PASSED] - Object 'Object Repository/Shopify Store/btn_publish_theme' is clickable

2023-02-13 10:02:07 - [MESSAGE][PASSED] - Object: 'Object Repository/Shopify Store/btn_publish_theme' is clicked on

2023-02-13 10:02:07 - [MESSAGE][PASSED] - shopify.store.clickPublishTheme is PASSED

2023-02-13 10:02:07 - [TEST_STEP][PASSED] - shopify.store.confirmPublishTheme(): shopify.store.confirmPublishTheme is PASSED

2023-02-13 10:02:17 - [MESSAGE][PASSED] - Delayed 10 second(s)

2023-02-13 10:02:18 - [MESSAGE][PASSED] - Object: 'Object Repository/Shopify Store/btn_confirm_publish_theme' is clicked on

2023-02-13 10:02:18 - [MESSAGE][PASSED] - shopify.store.confirmPublishTheme is PASSED

2023-02-13 10:02:18 - [TEST_STEP][PASSED] - shopify.store_setting.changeStoreCurrency(currency, store_name): shopify.store_setting.changeStoreCurrency is PASSED

2023-02-13 10:02:28 - [MESSAGE][PASSED] - Delayed 10 second(s)

2023-02-13 10:02:31 - [MESSAGE][PASSED] - Navigate to 'http://huynh-ar-stag-2381.myshopify.com/admin/settings/general' successfully

2023-02-13 10:02:36 - [MESSAGE][PASSED] - All options with value 'USD' are selected in object 'Object Repository/Shopify Store/select_currency' 

2023-02-13 10:02:36 - [MESSAGE][PASSED] - shopify.store_setting.changeStoreCurrency is PASSED

2023-02-13 10:02:36 - [TEST_STEP][PASSED] - shopify.store_setting.saveStoreSetting(): shopify.store_setting.saveStoreSetting is PASSED

2023-02-13 10:02:36 - [MESSAGE][PASSED] - Object: 'Object Repository/Shopify Store/span_save_admin_setting' is clicked on

2023-02-13 10:02:36 - [MESSAGE][PASSED] - shopify.store_setting.saveStoreSetting is PASSED

2023-02-13 10:02:36 - [TEST_STEP][PASSED] - Start tear down : teardownIfPassed: Method 'teardownIfPassed' complete successfully

2023-02-13 10:02:36 - [TEST_STEP][PASSED] - data.excel.updateValueToSheet(file_data, "store", 4, store_name, 7, "Passed"): data.excel.updateValueToSheet is PASSED

2023-02-13 10:02:37 - [MESSAGE][PASSED] - data.excel.updateValueToSheet is PASSED

2023-02-13 10:02:37 - [MESSAGE][PASSED] - Method 'teardownIfPassed' complete successfully]]></system-out>
         <system-err><![CDATA[]]></system-err>
      </testcase>
      <testcase name="Test Cases/Shopify/CreateStore" time="280.759" classname="Test Cases/Shopify/CreateStore" status="FAILED">
         <failure type="FAILED" message="Test Cases/Shopify/CreateStore FAILED.
Reason:
com.kms.katalon.core.exception.StepFailedException: Unable to select option by value 'USD' of object 'Object Repository/Shopify Store/select_currency' 
	at com.kms.katalon.core.webui.keyword.internal.WebUIKeywordMain.stepFailed(WebUIKeywordMain.groovy:64)
	at com.kms.katalon.core.webui.keyword.internal.WebUIKeywordMain.runKeyword(WebUIKeywordMain.groovy:26)
	at com.kms.katalon.core.webui.keyword.builtin.SelectOptionByValueKeyword.selectOptionByValue(SelectOptionByValueKeyword.groovy:99)
	at com.kms.katalon.core.webui.keyword.builtin.SelectOptionByValueKeyword.execute(SelectOptionByValueKeyword.groovy:71)
	at com.kms.katalon.core.keyword.internal.KeywordExecutor.executeKeywordForPlatform(KeywordExecutor.groovy:74)
	at com.kms.katalon.core.webui.keyword.WebUiBuiltInKeywords.selectOptionByValue(WebUiBuiltInKeywords.groovy:1168)
	at com.kms.katalon.core.webui.keyword.WebUiBuiltInKeywords$selectOptionByValue$10.call(Unknown Source)
	at shopify.store_setting.changeStoreCurrency(store_setting.groovy:29)
	at shopify.store_setting.invokeMethod(store_setting.groovy)
	at com.kms.katalon.core.main.CustomKeywordDelegatingMetaClass.invokeStaticMethod(CustomKeywordDelegatingMetaClass.java:55)
	at CreateStore.run(CreateStore:59)
	at com.kms.katalon.core.main.ScriptEngine.run(ScriptEngine.java:194)
	at com.kms.katalon.core.main.ScriptEngine.runScriptAsRawText(ScriptEngine.java:119)
	at com.kms.katalon.core.main.TestCaseExecutor.runScript(TestCaseExecutor.java:448)
	at com.kms.katalon.core.main.TestCaseExecutor.doExecute(TestCaseExecutor.java:439)
	at com.kms.katalon.core.main.TestCaseExecutor.processExecutionPhase(TestCaseExecutor.java:418)
	at com.kms.katalon.core.main.TestCaseExecutor.accessMainPhase(TestCaseExecutor.java:410)
	at com.kms.katalon.core.main.TestCaseExecutor.execute(TestCaseExecutor.java:285)
	at com.kms.katalon.core.common.CommonExecutor.accessTestCaseMainPhase(CommonExecutor.java:65)
	at com.kms.katalon.core.main.TestSuiteExecutor.accessTestSuiteMainPhase(TestSuiteExecutor.java:151)
	at com.kms.katalon.core.main.TestSuiteExecutor.execute(TestSuiteExecutor.java:106)
	at com.kms.katalon.core.main.TestCaseMain.startTestSuite(TestCaseMain.java:185)
	at com.kms.katalon.core.main.TestCaseMain$startTestSuite$0.call(Unknown Source)
	at TempTestSuite1676253455264.run(TempTestSuite1676253455264.groovy:36)
Caused by: com.kms.katalon.core.webui.exception.WebElementNotFoundException: Web element with id: 'Object Repository/Shopify Store/select_currency' located by '//*[contains(@id, 'PolarisSelect') and @class = 'Polaris-Select__Input_30ock']' not found
	at com.kms.katalon.core.webui.common.WebUiCommonHelper.findWebElement(WebUiCommonHelper.java:1370)
	at com.kms.katalon.core.webui.keyword.internal.WebUIAbstractKeyword.findWebElement(WebUIAbstractKeyword.groovy:27)
	at com.kms.katalon.core.webui.keyword.internal.WebUIAbstractKeyword.findWebElement(WebUIAbstractKeyword.groovy:26)
	at com.kms.katalon.core.webui.keyword.builtin.SelectOptionByValueKeyword$_selectOptionByValue_closure1.doCall(SelectOptionByValueKeyword.groovy:86)
	at com.kms.katalon.core.webui.keyword.builtin.SelectOptionByValueKeyword$_selectOptionByValue_closure1.call(SelectOptionByValueKeyword.groovy)
	at com.kms.katalon.core.webui.keyword.internal.WebUIKeywordMain.runKeyword(WebUIKeywordMain.groovy:20)
	... 22 more
"/>
         <system-out><![CDATA[2023-02-13 10:02:37 - [TEST_CASE][FAILED] - Test Cases/Shopify/CreateStore: Test Cases/Shopify/CreateStore FAILED.
Reason:
com.kms.katalon.core.exception.StepFailedException: Unable to select option by value 'USD' of object 'Object Repository/Shopify Store/select_currency' 
	at com.kms.katalon.core.webui.keyword.internal.WebUIKeywordMain.stepFailed(WebUIKeywordMain.groovy:64)
	at com.kms.katalon.core.webui.keyword.internal.WebUIKeywordMain.runKeyword(WebUIKeywordMain.groovy:26)
	at com.kms.katalon.core.webui.keyword.builtin.SelectOptionByValueKeyword.selectOptionByValue(SelectOptionByValueKeyword.groovy:99)
	at com.kms.katalon.core.webui.keyword.builtin.SelectOptionByValueKeyword.execute(SelectOptionByValueKeyword.groovy:71)
	at com.kms.katalon.core.keyword.internal.KeywordExecutor.executeKeywordForPlatform(KeywordExecutor.groovy:74)
	at com.kms.katalon.core.webui.keyword.WebUiBuiltInKeywords.selectOptionByValue(WebUiBuiltInKeywords.groovy:1168)
	at com.kms.katalon.core.webui.keyword.WebUiBuiltInKeywords$selectOptionByValue$10.call(Unknown Source)
	at shopify.store_setting.changeStoreCurrency(store_setting.groovy:29)
	at shopify.store_setting.invokeMethod(store_setting.groovy)
	at com.kms.katalon.core.main.CustomKeywordDelegatingMetaClass.invokeStaticMethod(CustomKeywordDelegatingMetaClass.java:55)
	at CreateStore.run(CreateStore:59)
	at com.kms.katalon.core.main.ScriptEngine.run(ScriptEngine.java:194)
	at com.kms.katalon.core.main.ScriptEngine.runScriptAsRawText(ScriptEngine.java:119)
	at com.kms.katalon.core.main.TestCaseExecutor.runScript(TestCaseExecutor.java:448)
	at com.kms.katalon.core.main.TestCaseExecutor.doExecute(TestCaseExecutor.java:439)
	at com.kms.katalon.core.main.TestCaseExecutor.processExecutionPhase(TestCaseExecutor.java:418)
	at com.kms.katalon.core.main.TestCaseExecutor.accessMainPhase(TestCaseExecutor.java:410)
	at com.kms.katalon.core.main.TestCaseExecutor.execute(TestCaseExecutor.java:285)
	at com.kms.katalon.core.common.CommonExecutor.accessTestCaseMainPhase(CommonExecutor.java:65)
	at com.kms.katalon.core.main.TestSuiteExecutor.accessTestSuiteMainPhase(TestSuiteExecutor.java:151)
	at com.kms.katalon.core.main.TestSuiteExecutor.execute(TestSuiteExecutor.java:106)
	at com.kms.katalon.core.main.TestCaseMain.startTestSuite(TestCaseMain.java:185)
	at com.kms.katalon.core.main.TestCaseMain$startTestSuite$0.call(Unknown Source)
	at TempTestSuite1676253455264.run(TempTestSuite1676253455264.groovy:36)
Caused by: com.kms.katalon.core.webui.exception.WebElementNotFoundException: Web element with id: 'Object Repository/Shopify Store/select_currency' located by '//*[contains(@id, 'PolarisSelect') and @class = 'Polaris-Select__Input_30ock']' not found
	at com.kms.katalon.core.webui.common.WebUiCommonHelper.findWebElement(WebUiCommonHelper.java:1370)
	at com.kms.katalon.core.webui.keyword.internal.WebUIAbstractKeyword.findWebElement(WebUIAbstractKeyword.groovy:27)
	at com.kms.katalon.core.webui.keyword.internal.WebUIAbstractKeyword.findWebElement(WebUIAbstractKeyword.groovy:26)
	at com.kms.katalon.core.webui.keyword.builtin.SelectOptionByValueKeyword$_selectOptionByValue_closure1.doCall(SelectOptionByValueKeyword.groovy:86)
	at com.kms.katalon.core.webui.keyword.builtin.SelectOptionByValueKeyword$_selectOptionByValue_closure1.call(SelectOptionByValueKeyword.groovy)
	at com.kms.katalon.core.webui.keyword.internal.WebUIKeywordMain.runKeyword(WebUIKeywordMain.groovy:20)
	... 22 more


2023-02-13 10:02:37 - [TEST_STEP][PASSED] - Start listener action : skipStatus: null

2023-02-13 10:02:37 - [TEST_STEP][PASSED] - map = testCaseContext.getTestCaseVariables(): null

2023-02-13 10:02:37 - [TEST_STEP][PASSED] - testcae_status = map.get("testcase_status"): null

2023-02-13 10:02:37 - [TEST_STEP][PASSED] - println(testcae_status): null

2023-02-13 10:02:37 - [TEST_STEP][PASSED] - if (testcae_status == "Passed" || testcae_status == "Failed"): null

2023-02-13 10:02:37 - [TEST_STEP][PASSED] - log = new com.kms.katalon.core.util.KeywordUtil(): null

2023-02-13 10:02:37 - [TEST_STEP][PASSED] - openBrowser(""): Browser is opened with url: ''

2023-02-13 10:02:37 - [MESSAGE][WARNING] - A browser is already opened. Closing browser and opening a new one

2023-02-13 10:02:37 - [MESSAGE][INFO] - Starting 'Chrome' driver

2023-02-13 10:02:37 - [MESSAGE][INFO] - Action delay is set to 0 milliseconds

2023-02-13 10:02:38 - [MESSAGE][PASSED] - Browser is opened with url: ''

2023-02-13 10:02:38 - [TEST_STEP][PASSED] - maximizeWindow(): Current window maximized

2023-02-13 10:02:38 - [MESSAGE][PASSED] - Current window maximized

2023-02-13 10:02:38 - [TEST_STEP][PASSED] - st = new shopify.store(): null

2023-02-13 10:02:38 - [TEST_STEP][PASSED] - st.loginShopifyPartner(partner_email, partner_password, partner_id): Object: 'Object Repository/Shopify/btn_login' is clicked on

2023-02-13 10:02:43 - [MESSAGE][PASSED] - Navigate to 'https://partners.shopify.com/1662018/stores/new' successfully

2023-02-13 10:02:43 - [MESSAGE][PASSED] - Text 'huynh@firegroup.io' is set on object 'Object Repository/Shopify/input_email_shopify'

2023-02-13 10:02:48 - [MESSAGE][PASSED] - Object: 'Object Repository/Shopify/btn_continue_with_email' is clicked on

2023-02-13 10:02:50 - [MESSAGE][PASSED] - Text ****** has been set on object 'Object Repository/Shopify/input_password_shopify'

2023-02-13 10:03:18 - [MESSAGE][PASSED] - Object: 'Object Repository/Shopify/btn_login' is clicked on

2023-02-13 10:03:18 - [TEST_STEP][PASSED] - st.navigateToStoreDevelop(partner_id): Navigate to 'https://partners.shopify.com/1662018/stores/new?store_type=dev_preview_store&developer_preview_handle=checkout_extensibility' successfully

2023-02-13 10:03:21 - [MESSAGE][PASSED] - Navigate to 'https://partners.shopify.com/1662018/stores/new?store_type=dev_preview_store&developer_preview_handle=checkout_extensibility' successfully

2023-02-13 10:03:21 - [TEST_STEP][PASSED] - st.inputStoreName(store_name): Delayed 5 second(s)

2023-02-13 10:03:22 - [MESSAGE][PASSED] - Text 'huynh-ar-stag-2382' is set on object 'Object Repository/Shopify/input_store_name'

2023-02-13 10:03:27 - [MESSAGE][PASSED] - Delayed 5 second(s)

2023-02-13 10:03:27 - [TEST_STEP][PASSED] - shopify.store.clickCreateStore(): shopify.store.clickCreateStore is PASSED

2023-02-13 10:03:27 - [MESSAGE][PASSED] - Object: 'Object Repository/Shopify/btn_create_store' is clicked on

2023-02-13 10:03:47 - [MESSAGE][PASSED] - Delayed 20 second(s)

2023-02-13 10:03:47 - [MESSAGE][PASSED] - shopify.store.clickCreateStore is PASSED

2023-02-13 10:03:47 - [TEST_STEP][PASSED] - shopify.store.importProduct(product_file_local): shopify.store.importProduct is PASSED

2023-02-13 10:04:05 - [MESSAGE][PASSED] - Object: 'Object Repository/Shopify/span_product' is clicked on

2023-02-13 10:04:08 - [MESSAGE][PASSED] - Object: 'Object Repository/Shopify/span_import_product' is clicked on

2023-02-13 10:04:08 - [MESSAGE][PASSED] - File 'C:\Users\huynh\Documents\Socialhead\Automation\Katalon project\CreateStore\CreateStore\Data\products_export.csv' sent to object: 'Object Repository/Shopify/file_product'

2023-02-13 10:04:09 - [MESSAGE][PASSED] - Object: 'Object Repository/Shopify/span_upload_product_continue' is clicked on

2023-02-13 10:04:13 - [MESSAGE][PASSED] - Object: 'Object Repository/Shopify/btn_product_confirm_import' is clicked on

2023-02-13 10:04:43 - [MESSAGE][PASSED] - Delayed 30 second(s)

2023-02-13 10:04:43 - [MESSAGE][PASSED] - Refresh successfully

2023-02-13 10:04:58 - [MESSAGE][PASSED] - Delayed 15 second(s)

2023-02-13 10:04:58 - [MESSAGE][PASSED] - shopify.store.importProduct is PASSED

2023-02-13 10:04:58 - [TEST_STEP][PASSED] - shopify.store.clickOnMenuOnlineStore(): shopify.store.clickOnMenuOnlineStore is PASSED

2023-02-13 10:04:59 - [MESSAGE][PASSED] - Object: 'Object Repository/Shopify Store/a_onlie_store' is clicked on

2023-02-13 10:05:09 - [MESSAGE][PASSED] - Delayed 10 second(s)

2023-02-13 10:05:09 - [MESSAGE][PASSED] - shopify.store.clickOnMenuOnlineStore is PASSED

2023-02-13 10:05:09 - [TEST_STEP][PASSED] - shopify.store.clickOnImportTheme(): shopify.store.clickOnImportTheme is PASSED

2023-02-13 10:05:09 - [MESSAGE][PASSED] - Object: 'Object Repository/Shopify Store/btn_add_theme' is clicked on

2023-02-13 10:05:09 - [MESSAGE][PASSED] - shopify.store.clickOnImportTheme is PASSED

2023-02-13 10:05:09 - [TEST_STEP][PASSED] - shopify.store.uploadThemeFile(theme_file_local): shopify.store.uploadThemeFile is PASSED

2023-02-13 10:05:09 - [MESSAGE][PASSED] - Object: 'Object Repository/Shopify Store/btn_upload_zip_file' is clicked on

2023-02-13 10:05:10 - [MESSAGE][PASSED] - File 'C:\Users\huynh\Documents\Socialhead\Automation\Katalon project\CreateStore\CreateStore\Data\theme_export__www-arttell-co-impulse__07MAY2020-0146am.zip' sent to object: 'Object Repository/Shopify Store/file_theme'

2023-02-13 10:05:10 - [MESSAGE][PASSED] - Object: 'Object Repository/Shopify Store/btn_upload_theme' is clicked on

2023-02-13 10:05:20 - [MESSAGE][PASSED] - Delayed 10 second(s)

2023-02-13 10:05:20 - [MESSAGE][PASSED] - shopify.store.uploadThemeFile is PASSED

2023-02-13 10:05:20 - [TEST_STEP][PASSED] - shopify.store.clickPublishTheme(): shopify.store.clickPublishTheme is PASSED

2023-02-13 10:05:50 - [MESSAGE][PASSED] - Delayed 30 second(s)

2023-02-13 10:05:51 - [MESSAGE][PASSED] - Refresh successfully

2023-02-13 10:06:21 - [MESSAGE][PASSED] - Delayed 30 second(s)

2023-02-13 10:06:21 - [MESSAGE][PASSED] - Object 'Object Repository/Shopify Store/btn_publish_theme' is clickable

2023-02-13 10:06:21 - [MESSAGE][PASSED] - Object: 'Object Repository/Shopify Store/btn_publish_theme' is clicked on

2023-02-13 10:06:21 - [MESSAGE][PASSED] - shopify.store.clickPublishTheme is PASSED

2023-02-13 10:06:21 - [TEST_STEP][PASSED] - shopify.store.confirmPublishTheme(): shopify.store.confirmPublishTheme is PASSED

2023-02-13 10:06:31 - [MESSAGE][PASSED] - Delayed 10 second(s)

2023-02-13 10:06:32 - [MESSAGE][PASSED] - Object: 'Object Repository/Shopify Store/btn_confirm_publish_theme' is clicked on

2023-02-13 10:06:32 - [MESSAGE][PASSED] - shopify.store.confirmPublishTheme is PASSED

2023-02-13 10:06:32 - [TEST_STEP][FAILED] - shopify.store_setting.changeStoreCurrency(currency, store_name): Unable to select option by value 'USD' of object 'Object Repository/Shopify Store/select_currency' 

2023-02-13 10:06:42 - [MESSAGE][PASSED] - Delayed 10 second(s)

2023-02-13 10:06:46 - [MESSAGE][PASSED] - Navigate to 'http://huynh-ar-stag-2382.myshopify.com/admin/settings/general' successfully

2023-02-13 10:07:17 - [MESSAGE][INFO] - Unable to find the element located by 'By.xpath: //*[contains(@id, 'PolarisSelect') and @class = 'Polaris-Select__Input_30ock']'. Please recheck the objects properties to make sure the desired element is located. 

2023-02-13 10:07:17 - [MESSAGE][FAILED] - Unable to select option by value 'USD' of object 'Object Repository/Shopify Store/select_currency'  (Root cause: com.kms.katalon.core.exception.StepFailedException: Unable to select option by value 'USD' of object 'Object Repository/Shopify Store/select_currency' 
	at com.kms.katalon.core.webui.keyword.internal.WebUIKeywordMain.stepFailed(WebUIKeywordMain.groovy:64)
	at com.kms.katalon.core.webui.keyword.internal.WebUIKeywordMain.runKeyword(WebUIKeywordMain.groovy:26)
	at com.kms.katalon.core.webui.keyword.builtin.SelectOptionByValueKeyword.selectOptionByValue(SelectOptionByValueKeyword.groovy:99)
	at com.kms.katalon.core.webui.keyword.builtin.SelectOptionByValueKeyword.execute(SelectOptionByValueKeyword.groovy:71)
	at com.kms.katalon.core.keyword.internal.KeywordExecutor.executeKeywordForPlatform(KeywordExecutor.groovy:74)
	at com.kms.katalon.core.webui.keyword.WebUiBuiltInKeywords.selectOptionByValue(WebUiBuiltInKeywords.groovy:1168)
	at com.kms.katalon.core.webui.keyword.WebUiBuiltInKeywords$selectOptionByValue$10.call(Unknown Source)
	at shopify.store_setting.changeStoreCurrency(store_setting.groovy:29)
	at shopify.store_setting.invokeMethod(store_setting.groovy)
	at com.kms.katalon.core.main.CustomKeywordDelegatingMetaClass.invokeStaticMethod(CustomKeywordDelegatingMetaClass.java:55)
	at CreateStore.run(CreateStore:59)
	at com.kms.katalon.core.main.ScriptEngine.run(ScriptEngine.java:194)
	at com.kms.katalon.core.main.ScriptEngine.runScriptAsRawText(ScriptEngine.java:119)
	at com.kms.katalon.core.main.TestCaseExecutor.runScript(TestCaseExecutor.java:448)
	at com.kms.katalon.core.main.TestCaseExecutor.doExecute(TestCaseExecutor.java:439)
	at com.kms.katalon.core.main.TestCaseExecutor.processExecutionPhase(TestCaseExecutor.java:418)
	at com.kms.katalon.core.main.TestCaseExecutor.accessMainPhase(TestCaseExecutor.java:410)
	at com.kms.katalon.core.main.TestCaseExecutor.execute(TestCaseExecutor.java:285)
	at com.kms.katalon.core.common.CommonExecutor.accessTestCaseMainPhase(CommonExecutor.java:65)
	at com.kms.katalon.core.main.TestSuiteExecutor.accessTestSuiteMainPhase(TestSuiteExecutor.java:151)
	at com.kms.katalon.core.main.TestSuiteExecutor.execute(TestSuiteExecutor.java:106)
	at com.kms.katalon.core.main.TestCaseMain.startTestSuite(TestCaseMain.java:185)
	at com.kms.katalon.core.main.TestCaseMain$startTestSuite$0.call(Unknown Source)
	at TempTestSuite1676253455264.run(TempTestSuite1676253455264.groovy:36)
Caused by: com.kms.katalon.core.webui.exception.WebElementNotFoundException: Web element with id: 'Object Repository/Shopify Store/select_currency' located by '//*[contains(@id, 'PolarisSelect') and @class = 'Polaris-Select__Input_30ock']' not found
	at com.kms.katalon.core.webui.common.WebUiCommonHelper.findWebElement(WebUiCommonHelper.java:1370)
	at com.kms.katalon.core.webui.keyword.internal.WebUIAbstractKeyword.findWebElement(WebUIAbstractKeyword.groovy:27)
	at com.kms.katalon.core.webui.keyword.internal.WebUIAbstractKeyword.findWebElement(WebUIAbstractKeyword.groovy:26)
	at com.kms.katalon.core.webui.keyword.builtin.SelectOptionByValueKeyword$_selectOptionByValue_closure1.doCall(SelectOptionByValueKeyword.groovy:86)
	at com.kms.katalon.core.webui.keyword.builtin.SelectOptionByValueKeyword$_selectOptionByValue_closure1.call(SelectOptionByValueKeyword.groovy)
	at com.kms.katalon.core.webui.keyword.internal.WebUIKeywordMain.runKeyword(WebUIKeywordMain.groovy:20)
	at com.kms.katalon.core.webui.keyword.builtin.SelectOptionByValueKeyword.selectOptionByValue(SelectOptionByValueKeyword.groovy:99)
	at com.kms.katalon.core.webui.keyword.builtin.SelectOptionByValueKeyword.execute(SelectOptionByValueKeyword.groovy:71)
	at com.kms.katalon.core.keyword.internal.KeywordExecutor.executeKeywordForPlatform(KeywordExecutor.groovy:74)
	at com.kms.katalon.core.webui.keyword.WebUiBuiltInKeywords.selectOptionByValue(WebUiBuiltInKeywords.groovy:1168)
	at com.kms.katalon.core.webui.keyword.WebUiBuiltInKeywords$selectOptionByValue$10.call(Unknown Source)
	at shopify.store_setting.changeStoreCurrency(store_setting.groovy:29)
	at shopify.store_setting.invokeMethod(store_setting.groovy)
	at com.kms.katalon.core.main.CustomKeywordDelegatingMetaClass.invokeStaticMethod(CustomKeywordDelegatingMetaClass.java:55)
	at Script1673851860327.run(Script1673851860327.groovy:59)
	... 13 more
)
[[ATTACHMENT|C:\\Users\\huynh\\Documents\\Socialhead\\Automation\\Katalon project\\CreateStore\\CreateStore\\Reports\\20230213_085735\\Store\\Create Store\\20230213_085735\\1676257637602.png]]

2023-02-13 10:07:17 - [MESSAGE][FAILED] - Unable to select option by value 'USD' of object 'Object Repository/Shopify Store/select_currency' 

2023-02-13 10:07:17 - [TEST_STEP][PASSED] - Start tear down : teardownIfFailed: Method 'teardownIfFailed' complete successfully

2023-02-13 10:07:17 - [TEST_STEP][PASSED] - data.excel.updateValueToSheet(file_data, "store", 4, store_name, 7, "Failed"): data.excel.updateValueToSheet is PASSED

2023-02-13 10:07:17 - [MESSAGE][PASSED] - data.excel.updateValueToSheet is PASSED

2023-02-13 10:07:17 - [MESSAGE][PASSED] - Method 'teardownIfFailed' complete successfully]]></system-out>
         <system-err><![CDATA[2023-02-13 10:02:37 - [TEST_CASE][FAILED] - Test Cases/Shopify/CreateStore: Test Cases/Shopify/CreateStore FAILED.
Reason:
com.kms.katalon.core.exception.StepFailedException: Unable to select option by value 'USD' of object 'Object Repository/Shopify Store/select_currency' 
	at com.kms.katalon.core.webui.keyword.internal.WebUIKeywordMain.stepFailed(WebUIKeywordMain.groovy:64)
	at com.kms.katalon.core.webui.keyword.internal.WebUIKeywordMain.runKeyword(WebUIKeywordMain.groovy:26)
	at com.kms.katalon.core.webui.keyword.builtin.SelectOptionByValueKeyword.selectOptionByValue(SelectOptionByValueKeyword.groovy:99)
	at com.kms.katalon.core.webui.keyword.builtin.SelectOptionByValueKeyword.execute(SelectOptionByValueKeyword.groovy:71)
	at com.kms.katalon.core.keyword.internal.KeywordExecutor.executeKeywordForPlatform(KeywordExecutor.groovy:74)
	at com.kms.katalon.core.webui.keyword.WebUiBuiltInKeywords.selectOptionByValue(WebUiBuiltInKeywords.groovy:1168)
	at com.kms.katalon.core.webui.keyword.WebUiBuiltInKeywords$selectOptionByValue$10.call(Unknown Source)
	at shopify.store_setting.changeStoreCurrency(store_setting.groovy:29)
	at shopify.store_setting.invokeMethod(store_setting.groovy)
	at com.kms.katalon.core.main.CustomKeywordDelegatingMetaClass.invokeStaticMethod(CustomKeywordDelegatingMetaClass.java:55)
	at CreateStore.run(CreateStore:59)
	at com.kms.katalon.core.main.ScriptEngine.run(ScriptEngine.java:194)
	at com.kms.katalon.core.main.ScriptEngine.runScriptAsRawText(ScriptEngine.java:119)
	at com.kms.katalon.core.main.TestCaseExecutor.runScript(TestCaseExecutor.java:448)
	at com.kms.katalon.core.main.TestCaseExecutor.doExecute(TestCaseExecutor.java:439)
	at com.kms.katalon.core.main.TestCaseExecutor.processExecutionPhase(TestCaseExecutor.java:418)
	at com.kms.katalon.core.main.TestCaseExecutor.accessMainPhase(TestCaseExecutor.java:410)
	at com.kms.katalon.core.main.TestCaseExecutor.execute(TestCaseExecutor.java:285)
	at com.kms.katalon.core.common.CommonExecutor.accessTestCaseMainPhase(CommonExecutor.java:65)
	at com.kms.katalon.core.main.TestSuiteExecutor.accessTestSuiteMainPhase(TestSuiteExecutor.java:151)
	at com.kms.katalon.core.main.TestSuiteExecutor.execute(TestSuiteExecutor.java:106)
	at com.kms.katalon.core.main.TestCaseMain.startTestSuite(TestCaseMain.java:185)
	at com.kms.katalon.core.main.TestCaseMain$startTestSuite$0.call(Unknown Source)
	at TempTestSuite1676253455264.run(TempTestSuite1676253455264.groovy:36)
Caused by: com.kms.katalon.core.webui.exception.WebElementNotFoundException: Web element with id: 'Object Repository/Shopify Store/select_currency' located by '//*[contains(@id, 'PolarisSelect') and @class = 'Polaris-Select__Input_30ock']' not found
	at com.kms.katalon.core.webui.common.WebUiCommonHelper.findWebElement(WebUiCommonHelper.java:1370)
	at com.kms.katalon.core.webui.keyword.internal.WebUIAbstractKeyword.findWebElement(WebUIAbstractKeyword.groovy:27)
	at com.kms.katalon.core.webui.keyword.internal.WebUIAbstractKeyword.findWebElement(WebUIAbstractKeyword.groovy:26)
	at com.kms.katalon.core.webui.keyword.builtin.SelectOptionByValueKeyword$_selectOptionByValue_closure1.doCall(SelectOptionByValueKeyword.groovy:86)
	at com.kms.katalon.core.webui.keyword.builtin.SelectOptionByValueKeyword$_selectOptionByValue_closure1.call(SelectOptionByValueKeyword.groovy)
	at com.kms.katalon.core.webui.keyword.internal.WebUIKeywordMain.runKeyword(WebUIKeywordMain.groovy:20)
	... 22 more]]></system-err>
      </testcase>
      <testcase name="Test Cases/Shopify/CreateStore" time="144.621" classname="Test Cases/Shopify/CreateStore" status="FAILED">
         <failure type="FAILED" message="Test Cases/Shopify/CreateStore FAILED.
Reason:
com.kms.katalon.core.exception.StepFailedException: Unable to verify image 'Object Repository/Shopify Store/iframe_online_store' present
	at com.kms.katalon.core.webui.keyword.internal.WebUIKeywordMain.stepFailed(WebUIKeywordMain.groovy:64)
	at com.kms.katalon.core.webui.keyword.internal.WebUIKeywordMain.runKeyword(WebUIKeywordMain.groovy:26)
	at com.kms.katalon.core.webui.keyword.builtin.SwitchToFrameKeyword.switchToFrame(SwitchToFrameKeyword.groovy:84)
	at com.kms.katalon.core.webui.keyword.builtin.SwitchToFrameKeyword.execute(SwitchToFrameKeyword.groovy:68)
	at com.kms.katalon.core.keyword.internal.KeywordExecutor.executeKeywordForPlatform(KeywordExecutor.groovy:74)
	at com.kms.katalon.core.webui.keyword.WebUiBuiltInKeywords.switchToFrame(WebUiBuiltInKeywords.groovy:2899)
	at com.kms.katalon.core.webui.keyword.WebUiBuiltInKeywords$switchToFrame$8.call(Unknown Source)
	at shopify.store.clickOnImportTheme(store.groovy:68)
	at shopify.store.invokeMethod(store.groovy)
	at com.kms.katalon.core.main.CustomKeywordDelegatingMetaClass.invokeStaticMethod(CustomKeywordDelegatingMetaClass.java:55)
	at CreateStore.run(CreateStore:49)
	at com.kms.katalon.core.main.ScriptEngine.run(ScriptEngine.java:194)
	at com.kms.katalon.core.main.ScriptEngine.runScriptAsRawText(ScriptEngine.java:119)
	at com.kms.katalon.core.main.TestCaseExecutor.runScript(TestCaseExecutor.java:448)
	at com.kms.katalon.core.main.TestCaseExecutor.doExecute(TestCaseExecutor.java:439)
	at com.kms.katalon.core.main.TestCaseExecutor.processExecutionPhase(TestCaseExecutor.java:418)
	at com.kms.katalon.core.main.TestCaseExecutor.accessMainPhase(TestCaseExecutor.java:410)
	at com.kms.katalon.core.main.TestCaseExecutor.execute(TestCaseExecutor.java:285)
	at com.kms.katalon.core.common.CommonExecutor.accessTestCaseMainPhase(CommonExecutor.java:65)
	at com.kms.katalon.core.main.TestSuiteExecutor.accessTestSuiteMainPhase(TestSuiteExecutor.java:151)
	at com.kms.katalon.core.main.TestSuiteExecutor.execute(TestSuiteExecutor.java:106)
	at com.kms.katalon.core.main.TestCaseMain.startTestSuite(TestCaseMain.java:185)
	at com.kms.katalon.core.main.TestCaseMain$startTestSuite$0.call(Unknown Source)
	at TempTestSuite1676253455264.run(TempTestSuite1676253455264.groovy:36)
Caused by: com.kms.katalon.core.webui.exception.WebElementNotFoundException: Web element with id: 'Object Repository/Shopify Store/iframe_online_store' located by '//*[@class = 'rG8rl' and @title = 'Online Store']' not found
	at com.kms.katalon.core.webui.common.WebUiCommonHelper.findWebElement(WebUiCommonHelper.java:1370)
	at com.kms.katalon.core.webui.keyword.builtin.SwitchToFrameKeyword$_switchToFrame_closure1.doCall(SwitchToFrameKeyword.groovy:77)
	at com.kms.katalon.core.webui.keyword.builtin.SwitchToFrameKeyword$_switchToFrame_closure1.call(SwitchToFrameKeyword.groovy)
	at com.kms.katalon.core.webui.keyword.internal.WebUIKeywordMain.runKeyword(WebUIKeywordMain.groovy:20)
	... 22 more
"/>
         <system-out><![CDATA[2023-02-13 10:07:17 - [TEST_CASE][FAILED] - Test Cases/Shopify/CreateStore: Test Cases/Shopify/CreateStore FAILED.
Reason:
com.kms.katalon.core.exception.StepFailedException: Unable to verify image 'Object Repository/Shopify Store/iframe_online_store' present
	at com.kms.katalon.core.webui.keyword.internal.WebUIKeywordMain.stepFailed(WebUIKeywordMain.groovy:64)
	at com.kms.katalon.core.webui.keyword.internal.WebUIKeywordMain.runKeyword(WebUIKeywordMain.groovy:26)
	at com.kms.katalon.core.webui.keyword.builtin.SwitchToFrameKeyword.switchToFrame(SwitchToFrameKeyword.groovy:84)
	at com.kms.katalon.core.webui.keyword.builtin.SwitchToFrameKeyword.execute(SwitchToFrameKeyword.groovy:68)
	at com.kms.katalon.core.keyword.internal.KeywordExecutor.executeKeywordForPlatform(KeywordExecutor.groovy:74)
	at com.kms.katalon.core.webui.keyword.WebUiBuiltInKeywords.switchToFrame(WebUiBuiltInKeywords.groovy:2899)
	at com.kms.katalon.core.webui.keyword.WebUiBuiltInKeywords$switchToFrame$8.call(Unknown Source)
	at shopify.store.clickOnImportTheme(store.groovy:68)
	at shopify.store.invokeMethod(store.groovy)
	at com.kms.katalon.core.main.CustomKeywordDelegatingMetaClass.invokeStaticMethod(CustomKeywordDelegatingMetaClass.java:55)
	at CreateStore.run(CreateStore:49)
	at com.kms.katalon.core.main.ScriptEngine.run(ScriptEngine.java:194)
	at com.kms.katalon.core.main.ScriptEngine.runScriptAsRawText(ScriptEngine.java:119)
	at com.kms.katalon.core.main.TestCaseExecutor.runScript(TestCaseExecutor.java:448)
	at com.kms.katalon.core.main.TestCaseExecutor.doExecute(TestCaseExecutor.java:439)
	at com.kms.katalon.core.main.TestCaseExecutor.processExecutionPhase(TestCaseExecutor.java:418)
	at com.kms.katalon.core.main.TestCaseExecutor.accessMainPhase(TestCaseExecutor.java:410)
	at com.kms.katalon.core.main.TestCaseExecutor.execute(TestCaseExecutor.java:285)
	at com.kms.katalon.core.common.CommonExecutor.accessTestCaseMainPhase(CommonExecutor.java:65)
	at com.kms.katalon.core.main.TestSuiteExecutor.accessTestSuiteMainPhase(TestSuiteExecutor.java:151)
	at com.kms.katalon.core.main.TestSuiteExecutor.execute(TestSuiteExecutor.java:106)
	at com.kms.katalon.core.main.TestCaseMain.startTestSuite(TestCaseMain.java:185)
	at com.kms.katalon.core.main.TestCaseMain$startTestSuite$0.call(Unknown Source)
	at TempTestSuite1676253455264.run(TempTestSuite1676253455264.groovy:36)
Caused by: com.kms.katalon.core.webui.exception.WebElementNotFoundException: Web element with id: 'Object Repository/Shopify Store/iframe_online_store' located by '//*[@class = 'rG8rl' and @title = 'Online Store']' not found
	at com.kms.katalon.core.webui.common.WebUiCommonHelper.findWebElement(WebUiCommonHelper.java:1370)
	at com.kms.katalon.core.webui.keyword.builtin.SwitchToFrameKeyword$_switchToFrame_closure1.doCall(SwitchToFrameKeyword.groovy:77)
	at com.kms.katalon.core.webui.keyword.builtin.SwitchToFrameKeyword$_switchToFrame_closure1.call(SwitchToFrameKeyword.groovy)
	at com.kms.katalon.core.webui.keyword.internal.WebUIKeywordMain.runKeyword(WebUIKeywordMain.groovy:20)
	... 22 more


2023-02-13 10:07:17 - [TEST_STEP][PASSED] - Start listener action : skipStatus: null

2023-02-13 10:07:17 - [TEST_STEP][PASSED] - map = testCaseContext.getTestCaseVariables(): null

2023-02-13 10:07:17 - [TEST_STEP][PASSED] - testcae_status = map.get("testcase_status"): null

2023-02-13 10:07:17 - [TEST_STEP][PASSED] - println(testcae_status): null

2023-02-13 10:07:17 - [TEST_STEP][PASSED] - if (testcae_status == "Passed" || testcae_status == "Failed"): null

2023-02-13 10:07:17 - [TEST_STEP][PASSED] - log = new com.kms.katalon.core.util.KeywordUtil(): null

2023-02-13 10:07:17 - [TEST_STEP][PASSED] - openBrowser(""): Browser is opened with url: ''

2023-02-13 10:07:17 - [MESSAGE][WARNING] - A browser is already opened. Closing browser and opening a new one

2023-02-13 10:07:18 - [MESSAGE][INFO] - Starting 'Chrome' driver

2023-02-13 10:07:18 - [MESSAGE][INFO] - Action delay is set to 0 milliseconds

2023-02-13 10:07:19 - [MESSAGE][PASSED] - Browser is opened with url: ''

2023-02-13 10:07:19 - [TEST_STEP][PASSED] - maximizeWindow(): Current window maximized

2023-02-13 10:07:19 - [MESSAGE][PASSED] - Current window maximized

2023-02-13 10:07:19 - [TEST_STEP][PASSED] - st = new shopify.store(): null

2023-02-13 10:07:19 - [TEST_STEP][PASSED] - st.loginShopifyPartner(partner_email, partner_password, partner_id): Object: 'Object Repository/Shopify/btn_login' is clicked on

2023-02-13 10:07:23 - [MESSAGE][PASSED] - Navigate to 'https://partners.shopify.com/1662018/stores/new' successfully

2023-02-13 10:07:24 - [MESSAGE][PASSED] - Text 'huynh@firegroup.io' is set on object 'Object Repository/Shopify/input_email_shopify'

2023-02-13 10:07:28 - [MESSAGE][PASSED] - Object: 'Object Repository/Shopify/btn_continue_with_email' is clicked on

2023-02-13 10:07:30 - [MESSAGE][PASSED] - Text ****** has been set on object 'Object Repository/Shopify/input_password_shopify'

2023-02-13 10:07:57 - [MESSAGE][PASSED] - Object: 'Object Repository/Shopify/btn_login' is clicked on

2023-02-13 10:07:57 - [TEST_STEP][PASSED] - st.navigateToStoreDevelop(partner_id): Navigate to 'https://partners.shopify.com/1662018/stores/new?store_type=dev_preview_store&developer_preview_handle=checkout_extensibility' successfully

2023-02-13 10:07:58 - [MESSAGE][PASSED] - Navigate to 'https://partners.shopify.com/1662018/stores/new?store_type=dev_preview_store&developer_preview_handle=checkout_extensibility' successfully

2023-02-13 10:07:58 - [TEST_STEP][PASSED] - st.inputStoreName(store_name): Delayed 5 second(s)

2023-02-13 10:08:00 - [MESSAGE][PASSED] - Text 'huynh-ar-stag-2383' is set on object 'Object Repository/Shopify/input_store_name'

2023-02-13 10:08:05 - [MESSAGE][PASSED] - Delayed 5 second(s)

2023-02-13 10:08:05 - [TEST_STEP][PASSED] - shopify.store.clickCreateStore(): shopify.store.clickCreateStore is PASSED

2023-02-13 10:08:05 - [MESSAGE][PASSED] - Object: 'Object Repository/Shopify/btn_create_store' is clicked on

2023-02-13 10:08:25 - [MESSAGE][PASSED] - Delayed 20 second(s)

2023-02-13 10:08:25 - [MESSAGE][PASSED] - shopify.store.clickCreateStore is PASSED

2023-02-13 10:08:25 - [TEST_STEP][PASSED] - shopify.store.importProduct(product_file_local): shopify.store.importProduct is PASSED

2023-02-13 10:08:36 - [MESSAGE][PASSED] - Object: 'Object Repository/Shopify/span_product' is clicked on

2023-02-13 10:08:37 - [MESSAGE][PASSED] - Object: 'Object Repository/Shopify/span_import_product' is clicked on

2023-02-13 10:08:38 - [MESSAGE][PASSED] - File 'C:\Users\huynh\Documents\Socialhead\Automation\Katalon project\CreateStore\CreateStore\Data\products_export.csv' sent to object: 'Object Repository/Shopify/file_product'

2023-02-13 10:08:39 - [MESSAGE][PASSED] - Object: 'Object Repository/Shopify/span_upload_product_continue' is clicked on

2023-02-13 10:08:41 - [MESSAGE][PASSED] - Object: 'Object Repository/Shopify/btn_product_confirm_import' is clicked on

2023-02-13 10:09:11 - [MESSAGE][PASSED] - Delayed 30 second(s)

2023-02-13 10:09:12 - [MESSAGE][PASSED] - Refresh successfully

2023-02-13 10:09:27 - [MESSAGE][PASSED] - Delayed 15 second(s)

2023-02-13 10:09:27 - [MESSAGE][PASSED] - shopify.store.importProduct is PASSED

2023-02-13 10:09:27 - [TEST_STEP][PASSED] - shopify.store.clickOnMenuOnlineStore(): shopify.store.clickOnMenuOnlineStore is PASSED

2023-02-13 10:09:27 - [MESSAGE][PASSED] - Object: 'Object Repository/Shopify Store/a_onlie_store' is clicked on

2023-02-13 10:09:37 - [MESSAGE][PASSED] - Delayed 10 second(s)

2023-02-13 10:09:37 - [MESSAGE][PASSED] - shopify.store.clickOnMenuOnlineStore is PASSED

2023-02-13 10:09:37 - [TEST_STEP][FAILED] - shopify.store.clickOnImportTheme(): Unable to verify image 'Object Repository/Shopify Store/iframe_online_store' present

2023-02-13 10:09:42 - [MESSAGE][INFO] - Unable to find the element located by 'By.xpath: //*[@class = 'rG8rl' and @title = 'Online Store']'. Please recheck the objects properties to make sure the desired element is located. 

2023-02-13 10:09:42 - [MESSAGE][FAILED] - Unable to verify image 'Object Repository/Shopify Store/iframe_online_store' present (Root cause: com.kms.katalon.core.exception.StepFailedException: Unable to verify image 'Object Repository/Shopify Store/iframe_online_store' present
	at com.kms.katalon.core.webui.keyword.internal.WebUIKeywordMain.stepFailed(WebUIKeywordMain.groovy:64)
	at com.kms.katalon.core.webui.keyword.internal.WebUIKeywordMain.runKeyword(WebUIKeywordMain.groovy:26)
	at com.kms.katalon.core.webui.keyword.builtin.SwitchToFrameKeyword.switchToFrame(SwitchToFrameKeyword.groovy:84)
	at com.kms.katalon.core.webui.keyword.builtin.SwitchToFrameKeyword.execute(SwitchToFrameKeyword.groovy:68)
	at com.kms.katalon.core.keyword.internal.KeywordExecutor.executeKeywordForPlatform(KeywordExecutor.groovy:74)
	at com.kms.katalon.core.webui.keyword.WebUiBuiltInKeywords.switchToFrame(WebUiBuiltInKeywords.groovy:2899)
	at com.kms.katalon.core.webui.keyword.WebUiBuiltInKeywords$switchToFrame$8.call(Unknown Source)
	at shopify.store.clickOnImportTheme(store.groovy:68)
	at shopify.store.invokeMethod(store.groovy)
	at com.kms.katalon.core.main.CustomKeywordDelegatingMetaClass.invokeStaticMethod(CustomKeywordDelegatingMetaClass.java:55)
	at CreateStore.run(CreateStore:49)
	at com.kms.katalon.core.main.ScriptEngine.run(ScriptEngine.java:194)
	at com.kms.katalon.core.main.ScriptEngine.runScriptAsRawText(ScriptEngine.java:119)
	at com.kms.katalon.core.main.TestCaseExecutor.runScript(TestCaseExecutor.java:448)
	at com.kms.katalon.core.main.TestCaseExecutor.doExecute(TestCaseExecutor.java:439)
	at com.kms.katalon.core.main.TestCaseExecutor.processExecutionPhase(TestCaseExecutor.java:418)
	at com.kms.katalon.core.main.TestCaseExecutor.accessMainPhase(TestCaseExecutor.java:410)
	at com.kms.katalon.core.main.TestCaseExecutor.execute(TestCaseExecutor.java:285)
	at com.kms.katalon.core.common.CommonExecutor.accessTestCaseMainPhase(CommonExecutor.java:65)
	at com.kms.katalon.core.main.TestSuiteExecutor.accessTestSuiteMainPhase(TestSuiteExecutor.java:151)
	at com.kms.katalon.core.main.TestSuiteExecutor.execute(TestSuiteExecutor.java:106)
	at com.kms.katalon.core.main.TestCaseMain.startTestSuite(TestCaseMain.java:185)
	at com.kms.katalon.core.main.TestCaseMain$startTestSuite$0.call(Unknown Source)
	at TempTestSuite1676253455264.run(TempTestSuite1676253455264.groovy:36)
Caused by: com.kms.katalon.core.webui.exception.WebElementNotFoundException: Web element with id: 'Object Repository/Shopify Store/iframe_online_store' located by '//*[@class = 'rG8rl' and @title = 'Online Store']' not found
	at com.kms.katalon.core.webui.common.WebUiCommonHelper.findWebElement(WebUiCommonHelper.java:1370)
	at com.kms.katalon.core.webui.keyword.builtin.SwitchToFrameKeyword$_switchToFrame_closure1.doCall(SwitchToFrameKeyword.groovy:77)
	at com.kms.katalon.core.webui.keyword.builtin.SwitchToFrameKeyword$_switchToFrame_closure1.call(SwitchToFrameKeyword.groovy)
	at com.kms.katalon.core.webui.keyword.internal.WebUIKeywordMain.runKeyword(WebUIKeywordMain.groovy:20)
	at com.kms.katalon.core.webui.keyword.builtin.SwitchToFrameKeyword.switchToFrame(SwitchToFrameKeyword.groovy:84)
	at com.kms.katalon.core.webui.keyword.builtin.SwitchToFrameKeyword.execute(SwitchToFrameKeyword.groovy:68)
	at com.kms.katalon.core.keyword.internal.KeywordExecutor.executeKeywordForPlatform(KeywordExecutor.groovy:74)
	at com.kms.katalon.core.webui.keyword.WebUiBuiltInKeywords.switchToFrame(WebUiBuiltInKeywords.groovy:2899)
	at com.kms.katalon.core.webui.keyword.WebUiBuiltInKeywords$switchToFrame$8.call(Unknown Source)
	at shopify.store.clickOnImportTheme(store.groovy:68)
	at shopify.store.invokeMethod(store.groovy)
	at com.kms.katalon.core.main.CustomKeywordDelegatingMetaClass.invokeStaticMethod(CustomKeywordDelegatingMetaClass.java:55)
	at Script1673851860327.run(Script1673851860327.groovy:49)
	... 13 more
)
[[ATTACHMENT|C:\\Users\\huynh\\Documents\\Socialhead\\Automation\\Katalon project\\CreateStore\\CreateStore\\Reports\\20230213_085735\\Store\\Create Store\\20230213_085735\\1676257782254.png]]

2023-02-13 10:09:42 - [MESSAGE][FAILED] - Unable to verify image 'Object Repository/Shopify Store/iframe_online_store' present

2023-02-13 10:09:42 - [TEST_STEP][PASSED] - Start tear down : teardownIfFailed: Method 'teardownIfFailed' complete successfully

2023-02-13 10:09:42 - [TEST_STEP][PASSED] - data.excel.updateValueToSheet(file_data, "store", 4, store_name, 7, "Failed"): data.excel.updateValueToSheet is PASSED

2023-02-13 10:09:42 - [MESSAGE][PASSED] - data.excel.updateValueToSheet is PASSED

2023-02-13 10:09:42 - [MESSAGE][PASSED] - Method 'teardownIfFailed' complete successfully]]></system-out>
         <system-err><![CDATA[2023-02-13 10:07:17 - [TEST_CASE][FAILED] - Test Cases/Shopify/CreateStore: Test Cases/Shopify/CreateStore FAILED.
Reason:
com.kms.katalon.core.exception.StepFailedException: Unable to verify image 'Object Repository/Shopify Store/iframe_online_store' present
	at com.kms.katalon.core.webui.keyword.internal.WebUIKeywordMain.stepFailed(WebUIKeywordMain.groovy:64)
	at com.kms.katalon.core.webui.keyword.internal.WebUIKeywordMain.runKeyword(WebUIKeywordMain.groovy:26)
	at com.kms.katalon.core.webui.keyword.builtin.SwitchToFrameKeyword.switchToFrame(SwitchToFrameKeyword.groovy:84)
	at com.kms.katalon.core.webui.keyword.builtin.SwitchToFrameKeyword.execute(SwitchToFrameKeyword.groovy:68)
	at com.kms.katalon.core.keyword.internal.KeywordExecutor.executeKeywordForPlatform(KeywordExecutor.groovy:74)
	at com.kms.katalon.core.webui.keyword.WebUiBuiltInKeywords.switchToFrame(WebUiBuiltInKeywords.groovy:2899)
	at com.kms.katalon.core.webui.keyword.WebUiBuiltInKeywords$switchToFrame$8.call(Unknown Source)
	at shopify.store.clickOnImportTheme(store.groovy:68)
	at shopify.store.invokeMethod(store.groovy)
	at com.kms.katalon.core.main.CustomKeywordDelegatingMetaClass.invokeStaticMethod(CustomKeywordDelegatingMetaClass.java:55)
	at CreateStore.run(CreateStore:49)
	at com.kms.katalon.core.main.ScriptEngine.run(ScriptEngine.java:194)
	at com.kms.katalon.core.main.ScriptEngine.runScriptAsRawText(ScriptEngine.java:119)
	at com.kms.katalon.core.main.TestCaseExecutor.runScript(TestCaseExecutor.java:448)
	at com.kms.katalon.core.main.TestCaseExecutor.doExecute(TestCaseExecutor.java:439)
	at com.kms.katalon.core.main.TestCaseExecutor.processExecutionPhase(TestCaseExecutor.java:418)
	at com.kms.katalon.core.main.TestCaseExecutor.accessMainPhase(TestCaseExecutor.java:410)
	at com.kms.katalon.core.main.TestCaseExecutor.execute(TestCaseExecutor.java:285)
	at com.kms.katalon.core.common.CommonExecutor.accessTestCaseMainPhase(CommonExecutor.java:65)
	at com.kms.katalon.core.main.TestSuiteExecutor.accessTestSuiteMainPhase(TestSuiteExecutor.java:151)
	at com.kms.katalon.core.main.TestSuiteExecutor.execute(TestSuiteExecutor.java:106)
	at com.kms.katalon.core.main.TestCaseMain.startTestSuite(TestCaseMain.java:185)
	at com.kms.katalon.core.main.TestCaseMain$startTestSuite$0.call(Unknown Source)
	at TempTestSuite1676253455264.run(TempTestSuite1676253455264.groovy:36)
Caused by: com.kms.katalon.core.webui.exception.WebElementNotFoundException: Web element with id: 'Object Repository/Shopify Store/iframe_online_store' located by '//*[@class = 'rG8rl' and @title = 'Online Store']' not found
	at com.kms.katalon.core.webui.common.WebUiCommonHelper.findWebElement(WebUiCommonHelper.java:1370)
	at com.kms.katalon.core.webui.keyword.builtin.SwitchToFrameKeyword$_switchToFrame_closure1.doCall(SwitchToFrameKeyword.groovy:77)
	at com.kms.katalon.core.webui.keyword.builtin.SwitchToFrameKeyword$_switchToFrame_closure1.call(SwitchToFrameKeyword.groovy)
	at com.kms.katalon.core.webui.keyword.internal.WebUIKeywordMain.runKeyword(WebUIKeywordMain.groovy:20)
	... 22 more]]></system-err>
      </testcase>
      <testcase name="Test Cases/Shopify/CreateStore" time="219.367" classname="Test Cases/Shopify/CreateStore" status="PASSED">
         <system-out><![CDATA[2023-02-13 10:09:42 - [TEST_CASE][PASSED] - Test Cases/Shopify/CreateStore: Test Cases/Shopify/CreateStore

2023-02-13 10:09:42 - [TEST_STEP][PASSED] - Start listener action : skipStatus: null

2023-02-13 10:09:42 - [TEST_STEP][PASSED] - map = testCaseContext.getTestCaseVariables(): null

2023-02-13 10:09:42 - [TEST_STEP][PASSED] - testcae_status = map.get("testcase_status"): null

2023-02-13 10:09:42 - [TEST_STEP][PASSED] - println(testcae_status): null

2023-02-13 10:09:42 - [TEST_STEP][PASSED] - if (testcae_status == "Passed" || testcae_status == "Failed"): null

2023-02-13 10:09:42 - [TEST_STEP][PASSED] - log = new com.kms.katalon.core.util.KeywordUtil(): null

2023-02-13 10:09:42 - [TEST_STEP][PASSED] - openBrowser(""): Browser is opened with url: ''

2023-02-13 10:09:42 - [MESSAGE][WARNING] - A browser is already opened. Closing browser and opening a new one

2023-02-13 10:09:43 - [MESSAGE][INFO] - Starting 'Chrome' driver

2023-02-13 10:09:43 - [MESSAGE][INFO] - Action delay is set to 0 milliseconds

2023-02-13 10:09:44 - [MESSAGE][PASSED] - Browser is opened with url: ''

2023-02-13 10:09:44 - [TEST_STEP][PASSED] - maximizeWindow(): Current window maximized

2023-02-13 10:09:44 - [MESSAGE][PASSED] - Current window maximized

2023-02-13 10:09:44 - [TEST_STEP][PASSED] - st = new shopify.store(): null

2023-02-13 10:09:44 - [TEST_STEP][PASSED] - st.loginShopifyPartner(partner_email, partner_password, partner_id): Object: 'Object Repository/Shopify/btn_login' is clicked on

2023-02-13 10:09:48 - [MESSAGE][PASSED] - Navigate to 'https://partners.shopify.com/1662018/stores/new' successfully

2023-02-13 10:09:48 - [MESSAGE][PASSED] - Text 'huynh@firegroup.io' is set on object 'Object Repository/Shopify/input_email_shopify'

2023-02-13 10:09:50 - [MESSAGE][PASSED] - Object: 'Object Repository/Shopify/btn_continue_with_email' is clicked on

2023-02-13 10:09:52 - [MESSAGE][PASSED] - Text ****** has been set on object 'Object Repository/Shopify/input_password_shopify'

2023-02-13 10:09:57 - [MESSAGE][PASSED] - Object: 'Object Repository/Shopify/btn_login' is clicked on

2023-02-13 10:09:57 - [TEST_STEP][PASSED] - st.navigateToStoreDevelop(partner_id): Navigate to 'https://partners.shopify.com/1662018/stores/new?store_type=dev_preview_store&developer_preview_handle=checkout_extensibility' successfully

2023-02-13 10:09:59 - [MESSAGE][PASSED] - Navigate to 'https://partners.shopify.com/1662018/stores/new?store_type=dev_preview_store&developer_preview_handle=checkout_extensibility' successfully

2023-02-13 10:09:59 - [TEST_STEP][PASSED] - st.inputStoreName(store_name): Delayed 5 second(s)

2023-02-13 10:10:00 - [MESSAGE][PASSED] - Text 'huynh-ar-stag-2384' is set on object 'Object Repository/Shopify/input_store_name'

2023-02-13 10:10:05 - [MESSAGE][PASSED] - Delayed 5 second(s)

2023-02-13 10:10:05 - [TEST_STEP][PASSED] - shopify.store.clickCreateStore(): shopify.store.clickCreateStore is PASSED

2023-02-13 10:10:05 - [MESSAGE][PASSED] - Object: 'Object Repository/Shopify/btn_create_store' is clicked on

2023-02-13 10:10:25 - [MESSAGE][PASSED] - Delayed 20 second(s)

2023-02-13 10:10:25 - [MESSAGE][PASSED] - shopify.store.clickCreateStore is PASSED

2023-02-13 10:10:25 - [TEST_STEP][PASSED] - shopify.store.importProduct(product_file_local): shopify.store.importProduct is PASSED

2023-02-13 10:10:37 - [MESSAGE][PASSED] - Object: 'Object Repository/Shopify/span_product' is clicked on

2023-02-13 10:10:38 - [MESSAGE][PASSED] - Object: 'Object Repository/Shopify/span_import_product' is clicked on

2023-02-13 10:10:39 - [MESSAGE][PASSED] - File 'C:\Users\huynh\Documents\Socialhead\Automation\Katalon project\CreateStore\CreateStore\Data\products_export.csv' sent to object: 'Object Repository/Shopify/file_product'

2023-02-13 10:10:39 - [MESSAGE][PASSED] - Object: 'Object Repository/Shopify/span_upload_product_continue' is clicked on

2023-02-13 10:10:43 - [MESSAGE][PASSED] - Object: 'Object Repository/Shopify/btn_product_confirm_import' is clicked on

2023-02-13 10:11:13 - [MESSAGE][PASSED] - Delayed 30 second(s)

2023-02-13 10:11:13 - [MESSAGE][PASSED] - Refresh successfully

2023-02-13 10:11:28 - [MESSAGE][PASSED] - Delayed 15 second(s)

2023-02-13 10:11:28 - [MESSAGE][PASSED] - shopify.store.importProduct is PASSED

2023-02-13 10:11:28 - [TEST_STEP][PASSED] - shopify.store.clickOnMenuOnlineStore(): shopify.store.clickOnMenuOnlineStore is PASSED

2023-02-13 10:11:28 - [MESSAGE][PASSED] - Object: 'Object Repository/Shopify Store/a_onlie_store' is clicked on

2023-02-13 10:11:38 - [MESSAGE][PASSED] - Delayed 10 second(s)

2023-02-13 10:11:38 - [MESSAGE][PASSED] - shopify.store.clickOnMenuOnlineStore is PASSED

2023-02-13 10:11:38 - [TEST_STEP][PASSED] - shopify.store.clickOnImportTheme(): shopify.store.clickOnImportTheme is PASSED

2023-02-13 10:11:39 - [MESSAGE][PASSED] - Object: 'Object Repository/Shopify Store/btn_add_theme' is clicked on

2023-02-13 10:11:39 - [MESSAGE][PASSED] - shopify.store.clickOnImportTheme is PASSED

2023-02-13 10:11:39 - [TEST_STEP][PASSED] - shopify.store.uploadThemeFile(theme_file_local): shopify.store.uploadThemeFile is PASSED

2023-02-13 10:11:39 - [MESSAGE][PASSED] - Object: 'Object Repository/Shopify Store/btn_upload_zip_file' is clicked on

2023-02-13 10:11:40 - [MESSAGE][PASSED] - File 'C:\Users\huynh\Documents\Socialhead\Automation\Katalon project\CreateStore\CreateStore\Data\theme_export__www-babyepoch-com-copy-of-babyepoch__15OCT2020-0507pm.zip' sent to object: 'Object Repository/Shopify Store/file_theme'

2023-02-13 10:11:40 - [MESSAGE][PASSED] - Object: 'Object Repository/Shopify Store/btn_upload_theme' is clicked on

2023-02-13 10:11:50 - [MESSAGE][PASSED] - Delayed 10 second(s)

2023-02-13 10:11:50 - [MESSAGE][PASSED] - shopify.store.uploadThemeFile is PASSED

2023-02-13 10:11:50 - [TEST_STEP][PASSED] - shopify.store.clickPublishTheme(): shopify.store.clickPublishTheme is PASSED

2023-02-13 10:12:20 - [MESSAGE][PASSED] - Delayed 30 second(s)

2023-02-13 10:12:20 - [MESSAGE][PASSED] - Refresh successfully

2023-02-13 10:12:50 - [MESSAGE][PASSED] - Delayed 30 second(s)

2023-02-13 10:12:51 - [MESSAGE][PASSED] - Object 'Object Repository/Shopify Store/btn_publish_theme' is clickable

2023-02-13 10:12:51 - [MESSAGE][PASSED] - Object: 'Object Repository/Shopify Store/btn_publish_theme' is clicked on

2023-02-13 10:12:51 - [MESSAGE][PASSED] - shopify.store.clickPublishTheme is PASSED

2023-02-13 10:12:51 - [TEST_STEP][PASSED] - shopify.store.confirmPublishTheme(): shopify.store.confirmPublishTheme is PASSED

2023-02-13 10:13:01 - [MESSAGE][PASSED] - Delayed 10 second(s)

2023-02-13 10:13:01 - [MESSAGE][PASSED] - Object: 'Object Repository/Shopify Store/btn_confirm_publish_theme' is clicked on

2023-02-13 10:13:01 - [MESSAGE][PASSED] - shopify.store.confirmPublishTheme is PASSED

2023-02-13 10:13:01 - [TEST_STEP][PASSED] - shopify.store_setting.changeStoreCurrency(currency, store_name): shopify.store_setting.changeStoreCurrency is PASSED

2023-02-13 10:13:11 - [MESSAGE][PASSED] - Delayed 10 second(s)

2023-02-13 10:13:16 - [MESSAGE][PASSED] - Navigate to 'http://huynh-ar-stag-2384.myshopify.com/admin/settings/general' successfully

2023-02-13 10:13:21 - [MESSAGE][PASSED] - All options with value 'USD' are selected in object 'Object Repository/Shopify Store/select_currency' 

2023-02-13 10:13:21 - [MESSAGE][PASSED] - shopify.store_setting.changeStoreCurrency is PASSED

2023-02-13 10:13:21 - [TEST_STEP][PASSED] - shopify.store_setting.saveStoreSetting(): shopify.store_setting.saveStoreSetting is PASSED

2023-02-13 10:13:21 - [MESSAGE][PASSED] - Object: 'Object Repository/Shopify Store/span_save_admin_setting' is clicked on

2023-02-13 10:13:21 - [MESSAGE][PASSED] - shopify.store_setting.saveStoreSetting is PASSED

2023-02-13 10:13:21 - [TEST_STEP][PASSED] - Start tear down : teardownIfPassed: Method 'teardownIfPassed' complete successfully

2023-02-13 10:13:21 - [TEST_STEP][PASSED] - data.excel.updateValueToSheet(file_data, "store", 4, store_name, 7, "Passed"): data.excel.updateValueToSheet is PASSED

2023-02-13 10:13:21 - [MESSAGE][PASSED] - data.excel.updateValueToSheet is PASSED

2023-02-13 10:13:21 - [MESSAGE][PASSED] - Method 'teardownIfPassed' complete successfully]]></system-out>
         <system-err><![CDATA[]]></system-err>
      </testcase>
      <testcase name="Test Cases/Shopify/CreateStore" time="90.125" classname="Test Cases/Shopify/CreateStore" status="FAILED">
         <failure type="FAILED" message="Test Cases/Shopify/CreateStore FAILED.
Reason:
com.kms.katalon.core.exception.StepFailedException: Unable to click on object 'Object Repository/Shopify/btn_product_confirm_import'
	at com.kms.katalon.core.webui.keyword.internal.WebUIKeywordMain.stepFailed(WebUIKeywordMain.groovy:64)
	at com.kms.katalon.core.webui.keyword.internal.WebUIKeywordMain.runKeyword(WebUIKeywordMain.groovy:26)
	at com.kms.katalon.core.webui.keyword.builtin.ClickKeyword.click(ClickKeyword.groovy:74)
	at com.kms.katalon.core.webui.keyword.builtin.ClickKeyword.execute(ClickKeyword.groovy:40)
	at com.kms.katalon.core.keyword.internal.KeywordExecutor.executeKeywordForPlatform(KeywordExecutor.groovy:74)
	at com.kms.katalon.core.webui.keyword.WebUiBuiltInKeywords.click(WebUiBuiltInKeywords.groovy:620)
	at com.kms.katalon.core.webui.keyword.WebUiBuiltInKeywords$click$3.call(Unknown Source)
	at shopify.store.importProduct(store.groovy:55)
	at shopify.store.invokeMethod(store.groovy)
	at com.kms.katalon.core.main.CustomKeywordDelegatingMetaClass.invokeStaticMethod(CustomKeywordDelegatingMetaClass.java:55)
	at CreateStore.run(CreateStore:45)
	at com.kms.katalon.core.main.ScriptEngine.run(ScriptEngine.java:194)
	at com.kms.katalon.core.main.ScriptEngine.runScriptAsRawText(ScriptEngine.java:119)
	at com.kms.katalon.core.main.TestCaseExecutor.runScript(TestCaseExecutor.java:448)
	at com.kms.katalon.core.main.TestCaseExecutor.doExecute(TestCaseExecutor.java:439)
	at com.kms.katalon.core.main.TestCaseExecutor.processExecutionPhase(TestCaseExecutor.java:418)
	at com.kms.katalon.core.main.TestCaseExecutor.accessMainPhase(TestCaseExecutor.java:410)
	at com.kms.katalon.core.main.TestCaseExecutor.execute(TestCaseExecutor.java:285)
	at com.kms.katalon.core.common.CommonExecutor.accessTestCaseMainPhase(CommonExecutor.java:65)
	at com.kms.katalon.core.main.TestSuiteExecutor.accessTestSuiteMainPhase(TestSuiteExecutor.java:151)
	at com.kms.katalon.core.main.TestSuiteExecutor.execute(TestSuiteExecutor.java:106)
	at com.kms.katalon.core.main.TestCaseMain.startTestSuite(TestCaseMain.java:185)
	at com.kms.katalon.core.main.TestCaseMain$startTestSuite$0.call(Unknown Source)
	at TempTestSuite1676253455264.run(TempTestSuite1676253455264.groovy:36)
Caused by: com.kms.katalon.core.webui.exception.WebElementNotFoundException: Web element with id: 'Object Repository/Shopify/btn_product_confirm_import' located by '//span[text()='Import products']' not found
	at com.kms.katalon.core.webui.common.WebUiCommonHelper.findWebElement(WebUiCommonHelper.java:1370)
	at com.kms.katalon.core.webui.keyword.internal.WebUIAbstractKeyword.findWebElement(WebUIAbstractKeyword.groovy:27)
	at com.kms.katalon.core.webui.keyword.builtin.ClickKeyword$_click_closure1.doCall(ClickKeyword.groovy:65)
	at com.kms.katalon.core.webui.keyword.builtin.ClickKeyword$_click_closure1.call(ClickKeyword.groovy)
	at com.kms.katalon.core.webui.keyword.internal.WebUIKeywordMain.runKeyword(WebUIKeywordMain.groovy:20)
	... 22 more
"/>
         <system-out><![CDATA[2023-02-13 10:13:21 - [TEST_CASE][FAILED] - Test Cases/Shopify/CreateStore: Test Cases/Shopify/CreateStore FAILED.
Reason:
com.kms.katalon.core.exception.StepFailedException: Unable to click on object 'Object Repository/Shopify/btn_product_confirm_import'
	at com.kms.katalon.core.webui.keyword.internal.WebUIKeywordMain.stepFailed(WebUIKeywordMain.groovy:64)
	at com.kms.katalon.core.webui.keyword.internal.WebUIKeywordMain.runKeyword(WebUIKeywordMain.groovy:26)
	at com.kms.katalon.core.webui.keyword.builtin.ClickKeyword.click(ClickKeyword.groovy:74)
	at com.kms.katalon.core.webui.keyword.builtin.ClickKeyword.execute(ClickKeyword.groovy:40)
	at com.kms.katalon.core.keyword.internal.KeywordExecutor.executeKeywordForPlatform(KeywordExecutor.groovy:74)
	at com.kms.katalon.core.webui.keyword.WebUiBuiltInKeywords.click(WebUiBuiltInKeywords.groovy:620)
	at com.kms.katalon.core.webui.keyword.WebUiBuiltInKeywords$click$3.call(Unknown Source)
	at shopify.store.importProduct(store.groovy:55)
	at shopify.store.invokeMethod(store.groovy)
	at com.kms.katalon.core.main.CustomKeywordDelegatingMetaClass.invokeStaticMethod(CustomKeywordDelegatingMetaClass.java:55)
	at CreateStore.run(CreateStore:45)
	at com.kms.katalon.core.main.ScriptEngine.run(ScriptEngine.java:194)
	at com.kms.katalon.core.main.ScriptEngine.runScriptAsRawText(ScriptEngine.java:119)
	at com.kms.katalon.core.main.TestCaseExecutor.runScript(TestCaseExecutor.java:448)
	at com.kms.katalon.core.main.TestCaseExecutor.doExecute(TestCaseExecutor.java:439)
	at com.kms.katalon.core.main.TestCaseExecutor.processExecutionPhase(TestCaseExecutor.java:418)
	at com.kms.katalon.core.main.TestCaseExecutor.accessMainPhase(TestCaseExecutor.java:410)
	at com.kms.katalon.core.main.TestCaseExecutor.execute(TestCaseExecutor.java:285)
	at com.kms.katalon.core.common.CommonExecutor.accessTestCaseMainPhase(CommonExecutor.java:65)
	at com.kms.katalon.core.main.TestSuiteExecutor.accessTestSuiteMainPhase(TestSuiteExecutor.java:151)
	at com.kms.katalon.core.main.TestSuiteExecutor.execute(TestSuiteExecutor.java:106)
	at com.kms.katalon.core.main.TestCaseMain.startTestSuite(TestCaseMain.java:185)
	at com.kms.katalon.core.main.TestCaseMain$startTestSuite$0.call(Unknown Source)
	at TempTestSuite1676253455264.run(TempTestSuite1676253455264.groovy:36)
Caused by: com.kms.katalon.core.webui.exception.WebElementNotFoundException: Web element with id: 'Object Repository/Shopify/btn_product_confirm_import' located by '//span[text()='Import products']' not found
	at com.kms.katalon.core.webui.common.WebUiCommonHelper.findWebElement(WebUiCommonHelper.java:1370)
	at com.kms.katalon.core.webui.keyword.internal.WebUIAbstractKeyword.findWebElement(WebUIAbstractKeyword.groovy:27)
	at com.kms.katalon.core.webui.keyword.builtin.ClickKeyword$_click_closure1.doCall(ClickKeyword.groovy:65)
	at com.kms.katalon.core.webui.keyword.builtin.ClickKeyword$_click_closure1.call(ClickKeyword.groovy)
	at com.kms.katalon.core.webui.keyword.internal.WebUIKeywordMain.runKeyword(WebUIKeywordMain.groovy:20)
	... 22 more


2023-02-13 10:13:21 - [TEST_STEP][PASSED] - Start listener action : skipStatus: null

2023-02-13 10:13:21 - [TEST_STEP][PASSED] - map = testCaseContext.getTestCaseVariables(): null

2023-02-13 10:13:21 - [TEST_STEP][PASSED] - testcae_status = map.get("testcase_status"): null

2023-02-13 10:13:21 - [TEST_STEP][PASSED] - println(testcae_status): null

2023-02-13 10:13:21 - [TEST_STEP][PASSED] - if (testcae_status == "Passed" || testcae_status == "Failed"): null

2023-02-13 10:13:21 - [TEST_STEP][PASSED] - log = new com.kms.katalon.core.util.KeywordUtil(): null

2023-02-13 10:13:21 - [TEST_STEP][PASSED] - openBrowser(""): Browser is opened with url: ''

2023-02-13 10:13:21 - [MESSAGE][WARNING] - A browser is already opened. Closing browser and opening a new one

2023-02-13 10:13:22 - [MESSAGE][INFO] - Starting 'Chrome' driver

2023-02-13 10:13:22 - [MESSAGE][INFO] - Action delay is set to 0 milliseconds

2023-02-13 10:13:23 - [MESSAGE][PASSED] - Browser is opened with url: ''

2023-02-13 10:13:23 - [TEST_STEP][PASSED] - maximizeWindow(): Current window maximized

2023-02-13 10:13:23 - [MESSAGE][PASSED] - Current window maximized

2023-02-13 10:13:23 - [TEST_STEP][PASSED] - st = new shopify.store(): null

2023-02-13 10:13:23 - [TEST_STEP][PASSED] - st.loginShopifyPartner(partner_email, partner_password, partner_id): Object: 'Object Repository/Shopify/btn_login' is clicked on

2023-02-13 10:13:27 - [MESSAGE][PASSED] - Navigate to 'https://partners.shopify.com/1662018/stores/new' successfully

2023-02-13 10:13:28 - [MESSAGE][PASSED] - Text 'huynh@firegroup.io' is set on object 'Object Repository/Shopify/input_email_shopify'

2023-02-13 10:13:30 - [MESSAGE][PASSED] - Object: 'Object Repository/Shopify/btn_continue_with_email' is clicked on

2023-02-13 10:13:33 - [MESSAGE][PASSED] - Text ****** has been set on object 'Object Repository/Shopify/input_password_shopify'

2023-02-13 10:13:38 - [MESSAGE][PASSED] - Object: 'Object Repository/Shopify/btn_login' is clicked on

2023-02-13 10:13:38 - [TEST_STEP][PASSED] - st.navigateToStoreDevelop(partner_id): Navigate to 'https://partners.shopify.com/1662018/stores/new?store_type=dev_preview_store&developer_preview_handle=checkout_extensibility' successfully

2023-02-13 10:13:39 - [MESSAGE][PASSED] - Navigate to 'https://partners.shopify.com/1662018/stores/new?store_type=dev_preview_store&developer_preview_handle=checkout_extensibility' successfully

2023-02-13 10:13:39 - [TEST_STEP][PASSED] - st.inputStoreName(store_name): Delayed 5 second(s)

2023-02-13 10:13:41 - [MESSAGE][PASSED] - Text 'huynh-ar-stag-2385' is set on object 'Object Repository/Shopify/input_store_name'

2023-02-13 10:13:46 - [MESSAGE][PASSED] - Delayed 5 second(s)

2023-02-13 10:13:46 - [TEST_STEP][PASSED] - shopify.store.clickCreateStore(): shopify.store.clickCreateStore is PASSED

2023-02-13 10:13:46 - [MESSAGE][PASSED] - Object: 'Object Repository/Shopify/btn_create_store' is clicked on

2023-02-13 10:14:06 - [MESSAGE][PASSED] - Delayed 20 second(s)

2023-02-13 10:14:06 - [MESSAGE][PASSED] - shopify.store.clickCreateStore is PASSED

2023-02-13 10:14:06 - [TEST_STEP][FAILED] - shopify.store.importProduct(product_file_local): Unable to click on object 'Object Repository/Shopify/btn_product_confirm_import'

2023-02-13 10:14:17 - [MESSAGE][PASSED] - Object: 'Object Repository/Shopify/span_product' is clicked on

2023-02-13 10:14:19 - [MESSAGE][PASSED] - Object: 'Object Repository/Shopify/span_import_product' is clicked on

2023-02-13 10:14:20 - [MESSAGE][PASSED] - File 'C:\Users\huynh\Documents\Socialhead\Automation\Katalon project\CreateStore\CreateStore\Data\products_export.csv' sent to object: 'Object Repository/Shopify/file_product'

2023-02-13 10:14:20 - [MESSAGE][PASSED] - Object: 'Object Repository/Shopify/span_upload_product_continue' is clicked on

2023-02-13 10:14:51 - [MESSAGE][INFO] - Unable to find the element located by 'By.xpath: //span[text()='Import products']'. Please recheck the objects properties to make sure the desired element is located. 

2023-02-13 10:14:52 - [MESSAGE][FAILED] - Unable to click on object 'Object Repository/Shopify/btn_product_confirm_import' (Root cause: com.kms.katalon.core.exception.StepFailedException: Unable to click on object 'Object Repository/Shopify/btn_product_confirm_import'
	at com.kms.katalon.core.webui.keyword.internal.WebUIKeywordMain.stepFailed(WebUIKeywordMain.groovy:64)
	at com.kms.katalon.core.webui.keyword.internal.WebUIKeywordMain.runKeyword(WebUIKeywordMain.groovy:26)
	at com.kms.katalon.core.webui.keyword.builtin.ClickKeyword.click(ClickKeyword.groovy:74)
	at com.kms.katalon.core.webui.keyword.builtin.ClickKeyword.execute(ClickKeyword.groovy:40)
	at com.kms.katalon.core.keyword.internal.KeywordExecutor.executeKeywordForPlatform(KeywordExecutor.groovy:74)
	at com.kms.katalon.core.webui.keyword.WebUiBuiltInKeywords.click(WebUiBuiltInKeywords.groovy:620)
	at com.kms.katalon.core.webui.keyword.WebUiBuiltInKeywords$click$3.call(Unknown Source)
	at shopify.store.importProduct(store.groovy:55)
	at shopify.store.invokeMethod(store.groovy)
	at com.kms.katalon.core.main.CustomKeywordDelegatingMetaClass.invokeStaticMethod(CustomKeywordDelegatingMetaClass.java:55)
	at CreateStore.run(CreateStore:45)
	at com.kms.katalon.core.main.ScriptEngine.run(ScriptEngine.java:194)
	at com.kms.katalon.core.main.ScriptEngine.runScriptAsRawText(ScriptEngine.java:119)
	at com.kms.katalon.core.main.TestCaseExecutor.runScript(TestCaseExecutor.java:448)
	at com.kms.katalon.core.main.TestCaseExecutor.doExecute(TestCaseExecutor.java:439)
	at com.kms.katalon.core.main.TestCaseExecutor.processExecutionPhase(TestCaseExecutor.java:418)
	at com.kms.katalon.core.main.TestCaseExecutor.accessMainPhase(TestCaseExecutor.java:410)
	at com.kms.katalon.core.main.TestCaseExecutor.execute(TestCaseExecutor.java:285)
	at com.kms.katalon.core.common.CommonExecutor.accessTestCaseMainPhase(CommonExecutor.java:65)
	at com.kms.katalon.core.main.TestSuiteExecutor.accessTestSuiteMainPhase(TestSuiteExecutor.java:151)
	at com.kms.katalon.core.main.TestSuiteExecutor.execute(TestSuiteExecutor.java:106)
	at com.kms.katalon.core.main.TestCaseMain.startTestSuite(TestCaseMain.java:185)
	at com.kms.katalon.core.main.TestCaseMain$startTestSuite$0.call(Unknown Source)
	at TempTestSuite1676253455264.run(TempTestSuite1676253455264.groovy:36)
Caused by: com.kms.katalon.core.webui.exception.WebElementNotFoundException: Web element with id: 'Object Repository/Shopify/btn_product_confirm_import' located by '//span[text()='Import products']' not found
	at com.kms.katalon.core.webui.common.WebUiCommonHelper.findWebElement(WebUiCommonHelper.java:1370)
	at com.kms.katalon.core.webui.keyword.internal.WebUIAbstractKeyword.findWebElement(WebUIAbstractKeyword.groovy:27)
	at com.kms.katalon.core.webui.keyword.builtin.ClickKeyword$_click_closure1.doCall(ClickKeyword.groovy:65)
	at com.kms.katalon.core.webui.keyword.builtin.ClickKeyword$_click_closure1.call(ClickKeyword.groovy)
	at com.kms.katalon.core.webui.keyword.internal.WebUIKeywordMain.runKeyword(WebUIKeywordMain.groovy:20)
	at com.kms.katalon.core.webui.keyword.builtin.ClickKeyword.click(ClickKeyword.groovy:74)
	at com.kms.katalon.core.webui.keyword.builtin.ClickKeyword.execute(ClickKeyword.groovy:40)
	at com.kms.katalon.core.keyword.internal.KeywordExecutor.executeKeywordForPlatform(KeywordExecutor.groovy:74)
	at com.kms.katalon.core.webui.keyword.WebUiBuiltInKeywords.click(WebUiBuiltInKeywords.groovy:620)
	at com.kms.katalon.core.webui.keyword.WebUiBuiltInKeywords$click$3.call(Unknown Source)
	at shopify.store.importProduct(store.groovy:55)
	at shopify.store.invokeMethod(store.groovy)
	at com.kms.katalon.core.main.CustomKeywordDelegatingMetaClass.invokeStaticMethod(CustomKeywordDelegatingMetaClass.java:55)
	at Script1673851860327.run(Script1673851860327.groovy:45)
	... 13 more
)
[[ATTACHMENT|C:\\Users\\huynh\\Documents\\Socialhead\\Automation\\Katalon project\\CreateStore\\CreateStore\\Reports\\20230213_085735\\Store\\Create Store\\20230213_085735\\1676258091862.png]]

2023-02-13 10:14:52 - [MESSAGE][FAILED] - Unable to click on object 'Object Repository/Shopify/btn_product_confirm_import'

2023-02-13 10:14:52 - [TEST_STEP][PASSED] - Start tear down : teardownIfFailed: Method 'teardownIfFailed' complete successfully

2023-02-13 10:14:52 - [TEST_STEP][PASSED] - data.excel.updateValueToSheet(file_data, "store", 4, store_name, 7, "Failed"): data.excel.updateValueToSheet is PASSED

2023-02-13 10:14:52 - [MESSAGE][PASSED] - data.excel.updateValueToSheet is PASSED

2023-02-13 10:14:52 - [MESSAGE][PASSED] - Method 'teardownIfFailed' complete successfully]]></system-out>
         <system-err><![CDATA[2023-02-13 10:13:21 - [TEST_CASE][FAILED] - Test Cases/Shopify/CreateStore: Test Cases/Shopify/CreateStore FAILED.
Reason:
com.kms.katalon.core.exception.StepFailedException: Unable to click on object 'Object Repository/Shopify/btn_product_confirm_import'
	at com.kms.katalon.core.webui.keyword.internal.WebUIKeywordMain.stepFailed(WebUIKeywordMain.groovy:64)
	at com.kms.katalon.core.webui.keyword.internal.WebUIKeywordMain.runKeyword(WebUIKeywordMain.groovy:26)
	at com.kms.katalon.core.webui.keyword.builtin.ClickKeyword.click(ClickKeyword.groovy:74)
	at com.kms.katalon.core.webui.keyword.builtin.ClickKeyword.execute(ClickKeyword.groovy:40)
	at com.kms.katalon.core.keyword.internal.KeywordExecutor.executeKeywordForPlatform(KeywordExecutor.groovy:74)
	at com.kms.katalon.core.webui.keyword.WebUiBuiltInKeywords.click(WebUiBuiltInKeywords.groovy:620)
	at com.kms.katalon.core.webui.keyword.WebUiBuiltInKeywords$click$3.call(Unknown Source)
	at shopify.store.importProduct(store.groovy:55)
	at shopify.store.invokeMethod(store.groovy)
	at com.kms.katalon.core.main.CustomKeywordDelegatingMetaClass.invokeStaticMethod(CustomKeywordDelegatingMetaClass.java:55)
	at CreateStore.run(CreateStore:45)
	at com.kms.katalon.core.main.ScriptEngine.run(ScriptEngine.java:194)
	at com.kms.katalon.core.main.ScriptEngine.runScriptAsRawText(ScriptEngine.java:119)
	at com.kms.katalon.core.main.TestCaseExecutor.runScript(TestCaseExecutor.java:448)
	at com.kms.katalon.core.main.TestCaseExecutor.doExecute(TestCaseExecutor.java:439)
	at com.kms.katalon.core.main.TestCaseExecutor.processExecutionPhase(TestCaseExecutor.java:418)
	at com.kms.katalon.core.main.TestCaseExecutor.accessMainPhase(TestCaseExecutor.java:410)
	at com.kms.katalon.core.main.TestCaseExecutor.execute(TestCaseExecutor.java:285)
	at com.kms.katalon.core.common.CommonExecutor.accessTestCaseMainPhase(CommonExecutor.java:65)
	at com.kms.katalon.core.main.TestSuiteExecutor.accessTestSuiteMainPhase(TestSuiteExecutor.java:151)
	at com.kms.katalon.core.main.TestSuiteExecutor.execute(TestSuiteExecutor.java:106)
	at com.kms.katalon.core.main.TestCaseMain.startTestSuite(TestCaseMain.java:185)
	at com.kms.katalon.core.main.TestCaseMain$startTestSuite$0.call(Unknown Source)
	at TempTestSuite1676253455264.run(TempTestSuite1676253455264.groovy:36)
Caused by: com.kms.katalon.core.webui.exception.WebElementNotFoundException: Web element with id: 'Object Repository/Shopify/btn_product_confirm_import' located by '//span[text()='Import products']' not found
	at com.kms.katalon.core.webui.common.WebUiCommonHelper.findWebElement(WebUiCommonHelper.java:1370)
	at com.kms.katalon.core.webui.keyword.internal.WebUIAbstractKeyword.findWebElement(WebUIAbstractKeyword.groovy:27)
	at com.kms.katalon.core.webui.keyword.builtin.ClickKeyword$_click_closure1.doCall(ClickKeyword.groovy:65)
	at com.kms.katalon.core.webui.keyword.builtin.ClickKeyword$_click_closure1.call(ClickKeyword.groovy)
	at com.kms.katalon.core.webui.keyword.internal.WebUIKeywordMain.runKeyword(WebUIKeywordMain.groovy:20)
	... 22 more]]></system-err>
      </testcase>
      <testcase name="Test Cases/Shopify/CreateStore" time="245.398" classname="Test Cases/Shopify/CreateStore" status="PASSED">
         <system-out><![CDATA[2023-02-13 10:14:52 - [TEST_CASE][PASSED] - Test Cases/Shopify/CreateStore: Test Cases/Shopify/CreateStore

2023-02-13 10:14:52 - [TEST_STEP][PASSED] - Start listener action : skipStatus: null

2023-02-13 10:14:52 - [TEST_STEP][PASSED] - map = testCaseContext.getTestCaseVariables(): null

2023-02-13 10:14:52 - [TEST_STEP][PASSED] - testcae_status = map.get("testcase_status"): null

2023-02-13 10:14:52 - [TEST_STEP][PASSED] - println(testcae_status): null

2023-02-13 10:14:52 - [TEST_STEP][PASSED] - if (testcae_status == "Passed" || testcae_status == "Failed"): null

2023-02-13 10:14:52 - [TEST_STEP][PASSED] - log = new com.kms.katalon.core.util.KeywordUtil(): null

2023-02-13 10:14:52 - [TEST_STEP][PASSED] - openBrowser(""): Browser is opened with url: ''

2023-02-13 10:14:52 - [MESSAGE][WARNING] - A browser is already opened. Closing browser and opening a new one

2023-02-13 10:14:52 - [MESSAGE][INFO] - Starting 'Chrome' driver

2023-02-13 10:14:52 - [MESSAGE][INFO] - Action delay is set to 0 milliseconds

2023-02-13 10:14:53 - [MESSAGE][PASSED] - Browser is opened with url: ''

2023-02-13 10:14:53 - [TEST_STEP][PASSED] - maximizeWindow(): Current window maximized

2023-02-13 10:14:53 - [MESSAGE][PASSED] - Current window maximized

2023-02-13 10:14:53 - [TEST_STEP][PASSED] - st = new shopify.store(): null

2023-02-13 10:14:53 - [TEST_STEP][PASSED] - st.loginShopifyPartner(partner_email, partner_password, partner_id): Object: 'Object Repository/Shopify/btn_login' is clicked on

2023-02-13 10:14:57 - [MESSAGE][PASSED] - Navigate to 'https://partners.shopify.com/1662018/stores/new' successfully

2023-02-13 10:14:58 - [MESSAGE][PASSED] - Text 'huynh@firegroup.io' is set on object 'Object Repository/Shopify/input_email_shopify'

2023-02-13 10:15:01 - [MESSAGE][PASSED] - Object: 'Object Repository/Shopify/btn_continue_with_email' is clicked on

2023-02-13 10:15:03 - [MESSAGE][PASSED] - Text ****** has been set on object 'Object Repository/Shopify/input_password_shopify'

2023-02-13 10:15:09 - [MESSAGE][PASSED] - Object: 'Object Repository/Shopify/btn_login' is clicked on

2023-02-13 10:15:09 - [TEST_STEP][PASSED] - st.navigateToStoreDevelop(partner_id): Navigate to 'https://partners.shopify.com/1662018/stores/new?store_type=dev_preview_store&developer_preview_handle=checkout_extensibility' successfully

2023-02-13 10:15:11 - [MESSAGE][PASSED] - Navigate to 'https://partners.shopify.com/1662018/stores/new?store_type=dev_preview_store&developer_preview_handle=checkout_extensibility' successfully

2023-02-13 10:15:11 - [TEST_STEP][PASSED] - st.inputStoreName(store_name): Delayed 5 second(s)

2023-02-13 10:15:29 - [MESSAGE][PASSED] - Text 'huynh-ar-stag-2386' is set on object 'Object Repository/Shopify/input_store_name'

2023-02-13 10:15:34 - [MESSAGE][PASSED] - Delayed 5 second(s)

2023-02-13 10:15:34 - [TEST_STEP][PASSED] - shopify.store.clickCreateStore(): shopify.store.clickCreateStore is PASSED

2023-02-13 10:15:34 - [MESSAGE][PASSED] - Object: 'Object Repository/Shopify/btn_create_store' is clicked on

2023-02-13 10:15:54 - [MESSAGE][PASSED] - Delayed 20 second(s)

2023-02-13 10:15:54 - [MESSAGE][PASSED] - shopify.store.clickCreateStore is PASSED

2023-02-13 10:15:54 - [TEST_STEP][PASSED] - shopify.store.importProduct(product_file_local): shopify.store.importProduct is PASSED

2023-02-13 10:16:12 - [MESSAGE][PASSED] - Object: 'Object Repository/Shopify/span_product' is clicked on

2023-02-13 10:16:14 - [MESSAGE][PASSED] - Object: 'Object Repository/Shopify/span_import_product' is clicked on

2023-02-13 10:16:14 - [MESSAGE][PASSED] - File 'C:\Users\huynh\Documents\Socialhead\Automation\Katalon project\CreateStore\CreateStore\Data\products_export.csv' sent to object: 'Object Repository/Shopify/file_product'

2023-02-13 10:16:15 - [MESSAGE][PASSED] - Object: 'Object Repository/Shopify/span_upload_product_continue' is clicked on

2023-02-13 10:16:19 - [MESSAGE][PASSED] - Object: 'Object Repository/Shopify/btn_product_confirm_import' is clicked on

2023-02-13 10:16:49 - [MESSAGE][PASSED] - Delayed 30 second(s)

2023-02-13 10:16:49 - [MESSAGE][PASSED] - Refresh successfully

2023-02-13 10:17:04 - [MESSAGE][PASSED] - Delayed 15 second(s)

2023-02-13 10:17:04 - [MESSAGE][PASSED] - shopify.store.importProduct is PASSED

2023-02-13 10:17:04 - [TEST_STEP][PASSED] - shopify.store.clickOnMenuOnlineStore(): shopify.store.clickOnMenuOnlineStore is PASSED

2023-02-13 10:17:05 - [MESSAGE][PASSED] - Object: 'Object Repository/Shopify Store/a_onlie_store' is clicked on

2023-02-13 10:17:15 - [MESSAGE][PASSED] - Delayed 10 second(s)

2023-02-13 10:17:15 - [MESSAGE][PASSED] - shopify.store.clickOnMenuOnlineStore is PASSED

2023-02-13 10:17:15 - [TEST_STEP][PASSED] - shopify.store.clickOnImportTheme(): shopify.store.clickOnImportTheme is PASSED

2023-02-13 10:17:15 - [MESSAGE][PASSED] - Object: 'Object Repository/Shopify Store/btn_add_theme' is clicked on

2023-02-13 10:17:15 - [MESSAGE][PASSED] - shopify.store.clickOnImportTheme is PASSED

2023-02-13 10:17:15 - [TEST_STEP][PASSED] - shopify.store.uploadThemeFile(theme_file_local): shopify.store.uploadThemeFile is PASSED

2023-02-13 10:17:15 - [MESSAGE][PASSED] - Object: 'Object Repository/Shopify Store/btn_upload_zip_file' is clicked on

2023-02-13 10:17:16 - [MESSAGE][PASSED] - File 'C:\Users\huynh\Documents\Socialhead\Automation\Katalon project\CreateStore\CreateStore\Data\theme_export__www-bgshoe-com-gymuso-1-0-0-section-ready__04AUG2020-0506am (1).zip' sent to object: 'Object Repository/Shopify Store/file_theme'

2023-02-13 10:17:16 - [MESSAGE][PASSED] - Object: 'Object Repository/Shopify Store/btn_upload_theme' is clicked on

2023-02-13 10:17:26 - [MESSAGE][PASSED] - Delayed 10 second(s)

2023-02-13 10:17:26 - [MESSAGE][PASSED] - shopify.store.uploadThemeFile is PASSED

2023-02-13 10:17:26 - [TEST_STEP][PASSED] - shopify.store.clickPublishTheme(): shopify.store.clickPublishTheme is PASSED

2023-02-13 10:17:56 - [MESSAGE][PASSED] - Delayed 30 second(s)

2023-02-13 10:17:57 - [MESSAGE][PASSED] - Refresh successfully

2023-02-13 10:18:27 - [MESSAGE][PASSED] - Delayed 30 second(s)

2023-02-13 10:18:27 - [MESSAGE][PASSED] - Object 'Object Repository/Shopify Store/btn_publish_theme' is clickable

2023-02-13 10:18:27 - [MESSAGE][PASSED] - Object: 'Object Repository/Shopify Store/btn_publish_theme' is clicked on

2023-02-13 10:18:27 - [MESSAGE][PASSED] - shopify.store.clickPublishTheme is PASSED

2023-02-13 10:18:27 - [TEST_STEP][PASSED] - shopify.store.confirmPublishTheme(): shopify.store.confirmPublishTheme is PASSED

2023-02-13 10:18:37 - [MESSAGE][PASSED] - Delayed 10 second(s)

2023-02-13 10:18:38 - [MESSAGE][PASSED] - Object: 'Object Repository/Shopify Store/btn_confirm_publish_theme' is clicked on

2023-02-13 10:18:38 - [MESSAGE][PASSED] - shopify.store.confirmPublishTheme is PASSED

2023-02-13 10:18:38 - [TEST_STEP][PASSED] - shopify.store_setting.changeStoreCurrency(currency, store_name): shopify.store_setting.changeStoreCurrency is PASSED

2023-02-13 10:18:48 - [MESSAGE][PASSED] - Delayed 10 second(s)

2023-02-13 10:18:51 - [MESSAGE][PASSED] - Navigate to 'http://huynh-ar-stag-2386.myshopify.com/admin/settings/general' successfully

2023-02-13 10:18:56 - [MESSAGE][PASSED] - All options with value 'USD' are selected in object 'Object Repository/Shopify Store/select_currency' 

2023-02-13 10:18:56 - [MESSAGE][PASSED] - shopify.store_setting.changeStoreCurrency is PASSED

2023-02-13 10:18:56 - [TEST_STEP][PASSED] - shopify.store_setting.saveStoreSetting(): shopify.store_setting.saveStoreSetting is PASSED

2023-02-13 10:18:57 - [MESSAGE][PASSED] - Object: 'Object Repository/Shopify Store/span_save_admin_setting' is clicked on

2023-02-13 10:18:57 - [MESSAGE][PASSED] - shopify.store_setting.saveStoreSetting is PASSED

2023-02-13 10:18:57 - [TEST_STEP][PASSED] - Start tear down : teardownIfPassed: Method 'teardownIfPassed' complete successfully

2023-02-13 10:18:57 - [TEST_STEP][PASSED] - data.excel.updateValueToSheet(file_data, "store", 4, store_name, 7, "Passed"): data.excel.updateValueToSheet is PASSED

2023-02-13 10:18:57 - [MESSAGE][PASSED] - data.excel.updateValueToSheet is PASSED

2023-02-13 10:18:57 - [MESSAGE][PASSED] - Method 'teardownIfPassed' complete successfully]]></system-out>
         <system-err><![CDATA[]]></system-err>
      </testcase>
      <testcase name="Test Cases/Shopify/CreateStore" time="242.272" classname="Test Cases/Shopify/CreateStore" status="PASSED">
         <system-out><![CDATA[2023-02-13 10:18:57 - [TEST_CASE][PASSED] - Test Cases/Shopify/CreateStore: Test Cases/Shopify/CreateStore

2023-02-13 10:18:57 - [TEST_STEP][PASSED] - Start listener action : skipStatus: null

2023-02-13 10:18:57 - [TEST_STEP][PASSED] - map = testCaseContext.getTestCaseVariables(): null

2023-02-13 10:18:57 - [TEST_STEP][PASSED] - testcae_status = map.get("testcase_status"): null

2023-02-13 10:18:57 - [TEST_STEP][PASSED] - println(testcae_status): null

2023-02-13 10:18:57 - [TEST_STEP][PASSED] - if (testcae_status == "Passed" || testcae_status == "Failed"): null

2023-02-13 10:18:57 - [TEST_STEP][PASSED] - log = new com.kms.katalon.core.util.KeywordUtil(): null

2023-02-13 10:18:57 - [TEST_STEP][PASSED] - openBrowser(""): Browser is opened with url: ''

2023-02-13 10:18:57 - [MESSAGE][WARNING] - A browser is already opened. Closing browser and opening a new one

2023-02-13 10:18:58 - [MESSAGE][INFO] - Starting 'Chrome' driver

2023-02-13 10:18:58 - [MESSAGE][INFO] - Action delay is set to 0 milliseconds

2023-02-13 10:18:59 - [MESSAGE][PASSED] - Browser is opened with url: ''

2023-02-13 10:18:59 - [TEST_STEP][PASSED] - maximizeWindow(): Current window maximized

2023-02-13 10:18:59 - [MESSAGE][PASSED] - Current window maximized

2023-02-13 10:18:59 - [TEST_STEP][PASSED] - st = new shopify.store(): null

2023-02-13 10:18:59 - [TEST_STEP][PASSED] - st.loginShopifyPartner(partner_email, partner_password, partner_id): Object: 'Object Repository/Shopify/btn_login' is clicked on

2023-02-13 10:19:03 - [MESSAGE][PASSED] - Navigate to 'https://partners.shopify.com/1662018/stores/new' successfully

2023-02-13 10:19:04 - [MESSAGE][PASSED] - Text 'huynh@firegroup.io' is set on object 'Object Repository/Shopify/input_email_shopify'

2023-02-13 10:19:06 - [MESSAGE][PASSED] - Object: 'Object Repository/Shopify/btn_continue_with_email' is clicked on

2023-02-13 10:19:08 - [MESSAGE][PASSED] - Text ****** has been set on object 'Object Repository/Shopify/input_password_shopify'

2023-02-13 10:19:14 - [MESSAGE][PASSED] - Object: 'Object Repository/Shopify/btn_login' is clicked on

2023-02-13 10:19:14 - [TEST_STEP][PASSED] - st.navigateToStoreDevelop(partner_id): Navigate to 'https://partners.shopify.com/1662018/stores/new?store_type=dev_preview_store&developer_preview_handle=checkout_extensibility' successfully

2023-02-13 10:19:16 - [MESSAGE][PASSED] - Navigate to 'https://partners.shopify.com/1662018/stores/new?store_type=dev_preview_store&developer_preview_handle=checkout_extensibility' successfully

2023-02-13 10:19:16 - [TEST_STEP][PASSED] - st.inputStoreName(store_name): Delayed 5 second(s)

2023-02-13 10:19:17 - [MESSAGE][PASSED] - Text 'huynh-ar-stag-2387' is set on object 'Object Repository/Shopify/input_store_name'

2023-02-13 10:19:22 - [MESSAGE][PASSED] - Delayed 5 second(s)

2023-02-13 10:19:22 - [TEST_STEP][PASSED] - shopify.store.clickCreateStore(): shopify.store.clickCreateStore is PASSED

2023-02-13 10:19:22 - [MESSAGE][PASSED] - Object: 'Object Repository/Shopify/btn_create_store' is clicked on

2023-02-13 10:19:42 - [MESSAGE][PASSED] - Delayed 20 second(s)

2023-02-13 10:19:42 - [MESSAGE][PASSED] - shopify.store.clickCreateStore is PASSED

2023-02-13 10:19:42 - [TEST_STEP][PASSED] - shopify.store.importProduct(product_file_local): shopify.store.importProduct is PASSED

2023-02-13 10:19:55 - [MESSAGE][PASSED] - Object: 'Object Repository/Shopify/span_product' is clicked on

2023-02-13 10:19:56 - [MESSAGE][PASSED] - Object: 'Object Repository/Shopify/span_import_product' is clicked on

2023-02-13 10:19:57 - [MESSAGE][PASSED] - File 'C:\Users\huynh\Documents\Socialhead\Automation\Katalon project\CreateStore\CreateStore\Data\products_export.csv' sent to object: 'Object Repository/Shopify/file_product'

2023-02-13 10:19:57 - [MESSAGE][PASSED] - Object: 'Object Repository/Shopify/span_upload_product_continue' is clicked on

2023-02-13 10:20:01 - [MESSAGE][PASSED] - Object: 'Object Repository/Shopify/btn_product_confirm_import' is clicked on

2023-02-13 10:20:31 - [MESSAGE][PASSED] - Delayed 30 second(s)

2023-02-13 10:20:32 - [MESSAGE][PASSED] - Refresh successfully

2023-02-13 10:20:47 - [MESSAGE][PASSED] - Delayed 15 second(s)

2023-02-13 10:20:47 - [MESSAGE][PASSED] - shopify.store.importProduct is PASSED

2023-02-13 10:20:47 - [TEST_STEP][PASSED] - shopify.store.clickOnMenuOnlineStore(): shopify.store.clickOnMenuOnlineStore is PASSED

2023-02-13 10:21:07 - [MESSAGE][PASSED] - Object: 'Object Repository/Shopify Store/a_onlie_store' is clicked on

2023-02-13 10:21:17 - [MESSAGE][PASSED] - Delayed 10 second(s)

2023-02-13 10:21:17 - [MESSAGE][PASSED] - shopify.store.clickOnMenuOnlineStore is PASSED

2023-02-13 10:21:17 - [TEST_STEP][PASSED] - shopify.store.clickOnImportTheme(): shopify.store.clickOnImportTheme is PASSED

2023-02-13 10:21:18 - [MESSAGE][PASSED] - Object: 'Object Repository/Shopify Store/btn_add_theme' is clicked on

2023-02-13 10:21:18 - [MESSAGE][PASSED] - shopify.store.clickOnImportTheme is PASSED

2023-02-13 10:21:18 - [TEST_STEP][PASSED] - shopify.store.uploadThemeFile(theme_file_local): shopify.store.uploadThemeFile is PASSED

2023-02-13 10:21:18 - [MESSAGE][PASSED] - Object: 'Object Repository/Shopify Store/btn_upload_zip_file' is clicked on

2023-02-13 10:21:19 - [MESSAGE][PASSED] - File 'C:\Users\huynh\Documents\Socialhead\Automation\Katalon project\CreateStore\CreateStore\Data\theme_export__www-calmcollar-com-debutify-2-0-2__07MAR2021-0821pm.zip' sent to object: 'Object Repository/Shopify Store/file_theme'

2023-02-13 10:21:19 - [MESSAGE][PASSED] - Object: 'Object Repository/Shopify Store/btn_upload_theme' is clicked on

2023-02-13 10:21:29 - [MESSAGE][PASSED] - Delayed 10 second(s)

2023-02-13 10:21:29 - [MESSAGE][PASSED] - shopify.store.uploadThemeFile is PASSED

2023-02-13 10:21:29 - [TEST_STEP][PASSED] - shopify.store.clickPublishTheme(): shopify.store.clickPublishTheme is PASSED

2023-02-13 10:21:59 - [MESSAGE][PASSED] - Delayed 30 second(s)

2023-02-13 10:21:59 - [MESSAGE][PASSED] - Refresh successfully

2023-02-13 10:22:29 - [MESSAGE][PASSED] - Delayed 30 second(s)

2023-02-13 10:22:30 - [MESSAGE][PASSED] - Object 'Object Repository/Shopify Store/btn_publish_theme' is clickable

2023-02-13 10:22:30 - [MESSAGE][PASSED] - Object: 'Object Repository/Shopify Store/btn_publish_theme' is clicked on

2023-02-13 10:22:30 - [MESSAGE][PASSED] - shopify.store.clickPublishTheme is PASSED

2023-02-13 10:22:30 - [TEST_STEP][PASSED] - shopify.store.confirmPublishTheme(): shopify.store.confirmPublishTheme is PASSED

2023-02-13 10:22:40 - [MESSAGE][PASSED] - Delayed 10 second(s)

2023-02-13 10:22:40 - [MESSAGE][PASSED] - Object: 'Object Repository/Shopify Store/btn_confirm_publish_theme' is clicked on

2023-02-13 10:22:40 - [MESSAGE][PASSED] - shopify.store.confirmPublishTheme is PASSED

2023-02-13 10:22:40 - [TEST_STEP][PASSED] - shopify.store_setting.changeStoreCurrency(currency, store_name): shopify.store_setting.changeStoreCurrency is PASSED

2023-02-13 10:22:50 - [MESSAGE][PASSED] - Delayed 10 second(s)

2023-02-13 10:22:54 - [MESSAGE][PASSED] - Navigate to 'http://huynh-ar-stag-2387.myshopify.com/admin/settings/general' successfully

2023-02-13 10:22:59 - [MESSAGE][PASSED] - All options with value 'USD' are selected in object 'Object Repository/Shopify Store/select_currency' 

2023-02-13 10:22:59 - [MESSAGE][PASSED] - shopify.store_setting.changeStoreCurrency is PASSED

2023-02-13 10:22:59 - [TEST_STEP][PASSED] - shopify.store_setting.saveStoreSetting(): shopify.store_setting.saveStoreSetting is PASSED

2023-02-13 10:22:59 - [MESSAGE][PASSED] - Object: 'Object Repository/Shopify Store/span_save_admin_setting' is clicked on

2023-02-13 10:22:59 - [MESSAGE][PASSED] - shopify.store_setting.saveStoreSetting is PASSED

2023-02-13 10:22:59 - [TEST_STEP][PASSED] - Start tear down : teardownIfPassed: Method 'teardownIfPassed' complete successfully

2023-02-13 10:22:59 - [TEST_STEP][PASSED] - data.excel.updateValueToSheet(file_data, "store", 4, store_name, 7, "Passed"): data.excel.updateValueToSheet is PASSED

2023-02-13 10:22:59 - [MESSAGE][PASSED] - data.excel.updateValueToSheet is PASSED

2023-02-13 10:22:59 - [MESSAGE][PASSED] - Method 'teardownIfPassed' complete successfully]]></system-out>
         <system-err><![CDATA[]]></system-err>
      </testcase>
      <testcase name="Test Cases/Shopify/CreateStore" time="225.042" classname="Test Cases/Shopify/CreateStore" status="PASSED">
         <system-out><![CDATA[2023-02-13 10:22:59 - [TEST_CASE][PASSED] - Test Cases/Shopify/CreateStore: Test Cases/Shopify/CreateStore

2023-02-13 10:22:59 - [TEST_STEP][PASSED] - Start listener action : skipStatus: null

2023-02-13 10:22:59 - [TEST_STEP][PASSED] - map = testCaseContext.getTestCaseVariables(): null

2023-02-13 10:22:59 - [TEST_STEP][PASSED] - testcae_status = map.get("testcase_status"): null

2023-02-13 10:22:59 - [TEST_STEP][PASSED] - println(testcae_status): null

2023-02-13 10:22:59 - [TEST_STEP][PASSED] - if (testcae_status == "Passed" || testcae_status == "Failed"): null

2023-02-13 10:22:59 - [TEST_STEP][PASSED] - log = new com.kms.katalon.core.util.KeywordUtil(): null

2023-02-13 10:22:59 - [TEST_STEP][PASSED] - openBrowser(""): Browser is opened with url: ''

2023-02-13 10:22:59 - [MESSAGE][WARNING] - A browser is already opened. Closing browser and opening a new one

2023-02-13 10:23:00 - [MESSAGE][INFO] - Starting 'Chrome' driver

2023-02-13 10:23:00 - [MESSAGE][INFO] - Action delay is set to 0 milliseconds

2023-02-13 10:23:01 - [MESSAGE][PASSED] - Browser is opened with url: ''

2023-02-13 10:23:01 - [TEST_STEP][PASSED] - maximizeWindow(): Current window maximized

2023-02-13 10:23:01 - [MESSAGE][PASSED] - Current window maximized

2023-02-13 10:23:01 - [TEST_STEP][PASSED] - st = new shopify.store(): null

2023-02-13 10:23:01 - [TEST_STEP][PASSED] - st.loginShopifyPartner(partner_email, partner_password, partner_id): Object: 'Object Repository/Shopify/btn_login' is clicked on

2023-02-13 10:23:05 - [MESSAGE][PASSED] - Navigate to 'https://partners.shopify.com/1662018/stores/new' successfully

2023-02-13 10:23:06 - [MESSAGE][PASSED] - Text 'huynh@firegroup.io' is set on object 'Object Repository/Shopify/input_email_shopify'

2023-02-13 10:23:09 - [MESSAGE][PASSED] - Object: 'Object Repository/Shopify/btn_continue_with_email' is clicked on

2023-02-13 10:23:11 - [MESSAGE][PASSED] - Text ****** has been set on object 'Object Repository/Shopify/input_password_shopify'

2023-02-13 10:23:16 - [MESSAGE][PASSED] - Object: 'Object Repository/Shopify/btn_login' is clicked on

2023-02-13 10:23:16 - [TEST_STEP][PASSED] - st.navigateToStoreDevelop(partner_id): Navigate to 'https://partners.shopify.com/1662018/stores/new?store_type=dev_preview_store&developer_preview_handle=checkout_extensibility' successfully

2023-02-13 10:23:17 - [MESSAGE][PASSED] - Navigate to 'https://partners.shopify.com/1662018/stores/new?store_type=dev_preview_store&developer_preview_handle=checkout_extensibility' successfully

2023-02-13 10:23:17 - [TEST_STEP][PASSED] - st.inputStoreName(store_name): Delayed 5 second(s)

2023-02-13 10:23:19 - [MESSAGE][PASSED] - Text 'huynh-ar-stag-2388' is set on object 'Object Repository/Shopify/input_store_name'

2023-02-13 10:23:24 - [MESSAGE][PASSED] - Delayed 5 second(s)

2023-02-13 10:23:24 - [TEST_STEP][PASSED] - shopify.store.clickCreateStore(): shopify.store.clickCreateStore is PASSED

2023-02-13 10:23:24 - [MESSAGE][PASSED] - Object: 'Object Repository/Shopify/btn_create_store' is clicked on

2023-02-13 10:23:44 - [MESSAGE][PASSED] - Delayed 20 second(s)

2023-02-13 10:23:44 - [MESSAGE][PASSED] - shopify.store.clickCreateStore is PASSED

2023-02-13 10:23:44 - [TEST_STEP][PASSED] - shopify.store.importProduct(product_file_local): shopify.store.importProduct is PASSED

2023-02-13 10:24:01 - [MESSAGE][PASSED] - Object: 'Object Repository/Shopify/span_product' is clicked on

2023-02-13 10:24:02 - [MESSAGE][PASSED] - Object: 'Object Repository/Shopify/span_import_product' is clicked on

2023-02-13 10:24:03 - [MESSAGE][PASSED] - File 'C:\Users\huynh\Documents\Socialhead\Automation\Katalon project\CreateStore\CreateStore\Data\products_export.csv' sent to object: 'Object Repository/Shopify/file_product'

2023-02-13 10:24:04 - [MESSAGE][PASSED] - Object: 'Object Repository/Shopify/span_upload_product_continue' is clicked on

2023-02-13 10:24:07 - [MESSAGE][PASSED] - Object: 'Object Repository/Shopify/btn_product_confirm_import' is clicked on

2023-02-13 10:24:37 - [MESSAGE][PASSED] - Delayed 30 second(s)

2023-02-13 10:24:37 - [MESSAGE][PASSED] - Refresh successfully

2023-02-13 10:24:52 - [MESSAGE][PASSED] - Delayed 15 second(s)

2023-02-13 10:24:52 - [MESSAGE][PASSED] - shopify.store.importProduct is PASSED

2023-02-13 10:24:52 - [TEST_STEP][PASSED] - shopify.store.clickOnMenuOnlineStore(): shopify.store.clickOnMenuOnlineStore is PASSED

2023-02-13 10:24:52 - [MESSAGE][PASSED] - Object: 'Object Repository/Shopify Store/a_onlie_store' is clicked on

2023-02-13 10:25:02 - [MESSAGE][PASSED] - Delayed 10 second(s)

2023-02-13 10:25:02 - [MESSAGE][PASSED] - shopify.store.clickOnMenuOnlineStore is PASSED

2023-02-13 10:25:02 - [TEST_STEP][PASSED] - shopify.store.clickOnImportTheme(): shopify.store.clickOnImportTheme is PASSED

2023-02-13 10:25:03 - [MESSAGE][PASSED] - Object: 'Object Repository/Shopify Store/btn_add_theme' is clicked on

2023-02-13 10:25:03 - [MESSAGE][PASSED] - shopify.store.clickOnImportTheme is PASSED

2023-02-13 10:25:03 - [TEST_STEP][PASSED] - shopify.store.uploadThemeFile(theme_file_local): shopify.store.uploadThemeFile is PASSED

2023-02-13 10:25:03 - [MESSAGE][PASSED] - Object: 'Object Repository/Shopify Store/btn_upload_zip_file' is clicked on

2023-02-13 10:25:04 - [MESSAGE][PASSED] - File 'C:\Users\huynh\Documents\Socialhead\Automation\Katalon project\CreateStore\CreateStore\Data\theme_export__www-chatsboutique-fr-flex-nourish__07MAY2020-0748am.zip' sent to object: 'Object Repository/Shopify Store/file_theme'

2023-02-13 10:25:04 - [MESSAGE][PASSED] - Object: 'Object Repository/Shopify Store/btn_upload_theme' is clicked on

2023-02-13 10:25:14 - [MESSAGE][PASSED] - Delayed 10 second(s)

2023-02-13 10:25:14 - [MESSAGE][PASSED] - shopify.store.uploadThemeFile is PASSED

2023-02-13 10:25:14 - [TEST_STEP][PASSED] - shopify.store.clickPublishTheme(): shopify.store.clickPublishTheme is PASSED

2023-02-13 10:25:44 - [MESSAGE][PASSED] - Delayed 30 second(s)

2023-02-13 10:25:44 - [MESSAGE][PASSED] - Refresh successfully

2023-02-13 10:26:14 - [MESSAGE][PASSED] - Delayed 30 second(s)

2023-02-13 10:26:15 - [MESSAGE][PASSED] - Object 'Object Repository/Shopify Store/btn_publish_theme' is clickable

2023-02-13 10:26:15 - [MESSAGE][PASSED] - Object: 'Object Repository/Shopify Store/btn_publish_theme' is clicked on

2023-02-13 10:26:15 - [MESSAGE][PASSED] - shopify.store.clickPublishTheme is PASSED

2023-02-13 10:26:15 - [TEST_STEP][PASSED] - shopify.store.confirmPublishTheme(): shopify.store.confirmPublishTheme is PASSED

2023-02-13 10:26:25 - [MESSAGE][PASSED] - Delayed 10 second(s)

2023-02-13 10:26:26 - [MESSAGE][PASSED] - Object: 'Object Repository/Shopify Store/btn_confirm_publish_theme' is clicked on

2023-02-13 10:26:26 - [MESSAGE][PASSED] - shopify.store.confirmPublishTheme is PASSED

2023-02-13 10:26:26 - [TEST_STEP][PASSED] - shopify.store_setting.changeStoreCurrency(currency, store_name): shopify.store_setting.changeStoreCurrency is PASSED

2023-02-13 10:26:36 - [MESSAGE][PASSED] - Delayed 10 second(s)

2023-02-13 10:26:39 - [MESSAGE][PASSED] - Navigate to 'http://huynh-ar-stag-2388.myshopify.com/admin/settings/general' successfully

2023-02-13 10:26:44 - [MESSAGE][PASSED] - All options with value 'USD' are selected in object 'Object Repository/Shopify Store/select_currency' 

2023-02-13 10:26:44 - [MESSAGE][PASSED] - shopify.store_setting.changeStoreCurrency is PASSED

2023-02-13 10:26:44 - [TEST_STEP][PASSED] - shopify.store_setting.saveStoreSetting(): shopify.store_setting.saveStoreSetting is PASSED

2023-02-13 10:26:44 - [MESSAGE][PASSED] - Object: 'Object Repository/Shopify Store/span_save_admin_setting' is clicked on

2023-02-13 10:26:44 - [MESSAGE][PASSED] - shopify.store_setting.saveStoreSetting is PASSED

2023-02-13 10:26:44 - [TEST_STEP][PASSED] - Start tear down : teardownIfPassed: Method 'teardownIfPassed' complete successfully

2023-02-13 10:26:44 - [TEST_STEP][PASSED] - data.excel.updateValueToSheet(file_data, "store", 4, store_name, 7, "Passed"): data.excel.updateValueToSheet is PASSED

2023-02-13 10:26:44 - [MESSAGE][PASSED] - data.excel.updateValueToSheet is PASSED

2023-02-13 10:26:44 - [MESSAGE][PASSED] - Method 'teardownIfPassed' complete successfully]]></system-out>
         <system-err><![CDATA[]]></system-err>
      </testcase>
      <testcase name="Test Cases/Shopify/CreateStore" time="261.467" classname="Test Cases/Shopify/CreateStore" status="PASSED">
         <system-out><![CDATA[2023-02-13 10:26:44 - [TEST_CASE][PASSED] - Test Cases/Shopify/CreateStore: Test Cases/Shopify/CreateStore

2023-02-13 10:26:44 - [TEST_STEP][PASSED] - Start listener action : skipStatus: null

2023-02-13 10:26:44 - [TEST_STEP][PASSED] - map = testCaseContext.getTestCaseVariables(): null

2023-02-13 10:26:44 - [TEST_STEP][PASSED] - testcae_status = map.get("testcase_status"): null

2023-02-13 10:26:44 - [TEST_STEP][PASSED] - println(testcae_status): null

2023-02-13 10:26:44 - [TEST_STEP][PASSED] - if (testcae_status == "Passed" || testcae_status == "Failed"): null

2023-02-13 10:26:44 - [TEST_STEP][PASSED] - log = new com.kms.katalon.core.util.KeywordUtil(): null

2023-02-13 10:26:44 - [TEST_STEP][PASSED] - openBrowser(""): Browser is opened with url: ''

2023-02-13 10:26:44 - [MESSAGE][WARNING] - A browser is already opened. Closing browser and opening a new one

2023-02-13 10:26:45 - [MESSAGE][INFO] - Starting 'Chrome' driver

2023-02-13 10:26:45 - [MESSAGE][INFO] - Action delay is set to 0 milliseconds

2023-02-13 10:26:46 - [MESSAGE][PASSED] - Browser is opened with url: ''

2023-02-13 10:26:46 - [TEST_STEP][PASSED] - maximizeWindow(): Current window maximized

2023-02-13 10:26:46 - [MESSAGE][PASSED] - Current window maximized

2023-02-13 10:26:46 - [TEST_STEP][PASSED] - st = new shopify.store(): null

2023-02-13 10:26:46 - [TEST_STEP][PASSED] - st.loginShopifyPartner(partner_email, partner_password, partner_id): Object: 'Object Repository/Shopify/btn_login' is clicked on

2023-02-13 10:26:50 - [MESSAGE][PASSED] - Navigate to 'https://partners.shopify.com/1662018/stores/new' successfully

2023-02-13 10:26:51 - [MESSAGE][PASSED] - Text 'huynh@firegroup.io' is set on object 'Object Repository/Shopify/input_email_shopify'

2023-02-13 10:26:54 - [MESSAGE][PASSED] - Object: 'Object Repository/Shopify/btn_continue_with_email' is clicked on

2023-02-13 10:26:56 - [MESSAGE][PASSED] - Text ****** has been set on object 'Object Repository/Shopify/input_password_shopify'

2023-02-13 10:27:23 - [MESSAGE][PASSED] - Object: 'Object Repository/Shopify/btn_login' is clicked on

2023-02-13 10:27:23 - [TEST_STEP][PASSED] - st.navigateToStoreDevelop(partner_id): Navigate to 'https://partners.shopify.com/1662018/stores/new?store_type=dev_preview_store&developer_preview_handle=checkout_extensibility' successfully

2023-02-13 10:27:24 - [MESSAGE][PASSED] - Navigate to 'https://partners.shopify.com/1662018/stores/new?store_type=dev_preview_store&developer_preview_handle=checkout_extensibility' successfully

2023-02-13 10:27:24 - [TEST_STEP][PASSED] - st.inputStoreName(store_name): Delayed 5 second(s)

2023-02-13 10:27:46 - [MESSAGE][PASSED] - Text 'huynh-ar-stag-2389' is set on object 'Object Repository/Shopify/input_store_name'

2023-02-13 10:27:51 - [MESSAGE][PASSED] - Delayed 5 second(s)

2023-02-13 10:27:51 - [TEST_STEP][PASSED] - shopify.store.clickCreateStore(): shopify.store.clickCreateStore is PASSED

2023-02-13 10:27:52 - [MESSAGE][PASSED] - Object: 'Object Repository/Shopify/btn_create_store' is clicked on

2023-02-13 10:28:12 - [MESSAGE][PASSED] - Delayed 20 second(s)

2023-02-13 10:28:12 - [MESSAGE][PASSED] - shopify.store.clickCreateStore is PASSED

2023-02-13 10:28:12 - [TEST_STEP][PASSED] - shopify.store.importProduct(product_file_local): shopify.store.importProduct is PASSED

2023-02-13 10:28:23 - [MESSAGE][PASSED] - Object: 'Object Repository/Shopify/span_product' is clicked on

2023-02-13 10:28:25 - [MESSAGE][PASSED] - Object: 'Object Repository/Shopify/span_import_product' is clicked on

2023-02-13 10:28:25 - [MESSAGE][PASSED] - File 'C:\Users\huynh\Documents\Socialhead\Automation\Katalon project\CreateStore\CreateStore\Data\products_export.csv' sent to object: 'Object Repository/Shopify/file_product'

2023-02-13 10:28:26 - [MESSAGE][PASSED] - Object: 'Object Repository/Shopify/span_upload_product_continue' is clicked on

2023-02-13 10:28:29 - [MESSAGE][PASSED] - Object: 'Object Repository/Shopify/btn_product_confirm_import' is clicked on

2023-02-13 10:28:59 - [MESSAGE][PASSED] - Delayed 30 second(s)

2023-02-13 10:28:59 - [MESSAGE][PASSED] - Refresh successfully

2023-02-13 10:29:14 - [MESSAGE][PASSED] - Delayed 15 second(s)

2023-02-13 10:29:14 - [MESSAGE][PASSED] - shopify.store.importProduct is PASSED

2023-02-13 10:29:14 - [TEST_STEP][PASSED] - shopify.store.clickOnMenuOnlineStore(): shopify.store.clickOnMenuOnlineStore is PASSED

2023-02-13 10:29:15 - [MESSAGE][PASSED] - Object: 'Object Repository/Shopify Store/a_onlie_store' is clicked on

2023-02-13 10:29:25 - [MESSAGE][PASSED] - Delayed 10 second(s)

2023-02-13 10:29:25 - [MESSAGE][PASSED] - shopify.store.clickOnMenuOnlineStore is PASSED

2023-02-13 10:29:25 - [TEST_STEP][PASSED] - shopify.store.clickOnImportTheme(): shopify.store.clickOnImportTheme is PASSED

2023-02-13 10:29:25 - [MESSAGE][PASSED] - Object: 'Object Repository/Shopify Store/btn_add_theme' is clicked on

2023-02-13 10:29:25 - [MESSAGE][PASSED] - shopify.store.clickOnImportTheme is PASSED

2023-02-13 10:29:25 - [TEST_STEP][PASSED] - shopify.store.uploadThemeFile(theme_file_local): shopify.store.uploadThemeFile is PASSED

2023-02-13 10:29:25 - [MESSAGE][PASSED] - Object: 'Object Repository/Shopify Store/btn_upload_zip_file' is clicked on

2023-02-13 10:29:26 - [MESSAGE][PASSED] - File 'C:\Users\huynh\Documents\Socialhead\Automation\Katalon project\CreateStore\CreateStore\Data\theme_export__www-chatsboutique-fr-impulse-25-04-20__07MAY2020-0747am.zip' sent to object: 'Object Repository/Shopify Store/file_theme'

2023-02-13 10:29:26 - [MESSAGE][PASSED] - Object: 'Object Repository/Shopify Store/btn_upload_theme' is clicked on

2023-02-13 10:29:36 - [MESSAGE][PASSED] - Delayed 10 second(s)

2023-02-13 10:29:36 - [MESSAGE][PASSED] - shopify.store.uploadThemeFile is PASSED

2023-02-13 10:29:36 - [TEST_STEP][PASSED] - shopify.store.clickPublishTheme(): shopify.store.clickPublishTheme is PASSED

2023-02-13 10:30:06 - [MESSAGE][PASSED] - Delayed 30 second(s)

2023-02-13 10:30:07 - [MESSAGE][PASSED] - Refresh successfully

2023-02-13 10:30:37 - [MESSAGE][PASSED] - Delayed 30 second(s)

2023-02-13 10:30:37 - [MESSAGE][PASSED] - Object 'Object Repository/Shopify Store/btn_publish_theme' is clickable

2023-02-13 10:30:37 - [MESSAGE][PASSED] - Object: 'Object Repository/Shopify Store/btn_publish_theme' is clicked on

2023-02-13 10:30:37 - [MESSAGE][PASSED] - shopify.store.clickPublishTheme is PASSED

2023-02-13 10:30:37 - [TEST_STEP][PASSED] - shopify.store.confirmPublishTheme(): shopify.store.confirmPublishTheme is PASSED

2023-02-13 10:30:47 - [MESSAGE][PASSED] - Delayed 10 second(s)

2023-02-13 10:30:48 - [MESSAGE][PASSED] - Object: 'Object Repository/Shopify Store/btn_confirm_publish_theme' is clicked on

2023-02-13 10:30:48 - [MESSAGE][PASSED] - shopify.store.confirmPublishTheme is PASSED

2023-02-13 10:30:48 - [TEST_STEP][PASSED] - shopify.store_setting.changeStoreCurrency(currency, store_name): shopify.store_setting.changeStoreCurrency is PASSED

2023-02-13 10:30:58 - [MESSAGE][PASSED] - Delayed 10 second(s)

2023-02-13 10:31:01 - [MESSAGE][PASSED] - Navigate to 'http://huynh-ar-stag-2389.myshopify.com/admin/settings/general' successfully

2023-02-13 10:31:05 - [MESSAGE][PASSED] - All options with value 'USD' are selected in object 'Object Repository/Shopify Store/select_currency' 

2023-02-13 10:31:05 - [MESSAGE][PASSED] - shopify.store_setting.changeStoreCurrency is PASSED

2023-02-13 10:31:05 - [TEST_STEP][PASSED] - shopify.store_setting.saveStoreSetting(): shopify.store_setting.saveStoreSetting is PASSED

2023-02-13 10:31:06 - [MESSAGE][PASSED] - Object: 'Object Repository/Shopify Store/span_save_admin_setting' is clicked on

2023-02-13 10:31:06 - [MESSAGE][PASSED] - shopify.store_setting.saveStoreSetting is PASSED

2023-02-13 10:31:06 - [TEST_STEP][PASSED] - Start tear down : teardownIfPassed: Method 'teardownIfPassed' complete successfully

2023-02-13 10:31:06 - [TEST_STEP][PASSED] - data.excel.updateValueToSheet(file_data, "store", 4, store_name, 7, "Passed"): data.excel.updateValueToSheet is PASSED

2023-02-13 10:31:06 - [MESSAGE][PASSED] - data.excel.updateValueToSheet is PASSED

2023-02-13 10:31:06 - [MESSAGE][PASSED] - Method 'teardownIfPassed' complete successfully]]></system-out>
         <system-err><![CDATA[]]></system-err>
      </testcase>
      <testcase name="Test Cases/Shopify/CreateStore" time="236.043" classname="Test Cases/Shopify/CreateStore" status="PASSED">
         <system-out><![CDATA[2023-02-13 10:31:06 - [TEST_CASE][PASSED] - Test Cases/Shopify/CreateStore: Test Cases/Shopify/CreateStore

2023-02-13 10:31:06 - [TEST_STEP][PASSED] - Start listener action : skipStatus: null

2023-02-13 10:31:06 - [TEST_STEP][PASSED] - map = testCaseContext.getTestCaseVariables(): null

2023-02-13 10:31:06 - [TEST_STEP][PASSED] - testcae_status = map.get("testcase_status"): null

2023-02-13 10:31:06 - [TEST_STEP][PASSED] - println(testcae_status): null

2023-02-13 10:31:06 - [TEST_STEP][PASSED] - if (testcae_status == "Passed" || testcae_status == "Failed"): null

2023-02-13 10:31:06 - [TEST_STEP][PASSED] - log = new com.kms.katalon.core.util.KeywordUtil(): null

2023-02-13 10:31:06 - [TEST_STEP][PASSED] - openBrowser(""): Browser is opened with url: ''

2023-02-13 10:31:06 - [MESSAGE][WARNING] - A browser is already opened. Closing browser and opening a new one

2023-02-13 10:31:07 - [MESSAGE][INFO] - Starting 'Chrome' driver

2023-02-13 10:31:07 - [MESSAGE][INFO] - Action delay is set to 0 milliseconds

2023-02-13 10:31:08 - [MESSAGE][PASSED] - Browser is opened with url: ''

2023-02-13 10:31:08 - [TEST_STEP][PASSED] - maximizeWindow(): Current window maximized

2023-02-13 10:31:08 - [MESSAGE][PASSED] - Current window maximized

2023-02-13 10:31:08 - [TEST_STEP][PASSED] - st = new shopify.store(): null

2023-02-13 10:31:08 - [TEST_STEP][PASSED] - st.loginShopifyPartner(partner_email, partner_password, partner_id): Object: 'Object Repository/Shopify/btn_login' is clicked on

2023-02-13 10:31:11 - [MESSAGE][PASSED] - Navigate to 'https://partners.shopify.com/1662018/stores/new' successfully

2023-02-13 10:31:12 - [MESSAGE][PASSED] - Text 'huynh@firegroup.io' is set on object 'Object Repository/Shopify/input_email_shopify'

2023-02-13 10:31:17 - [MESSAGE][PASSED] - Object: 'Object Repository/Shopify/btn_continue_with_email' is clicked on

2023-02-13 10:31:19 - [MESSAGE][PASSED] - Text ****** has been set on object 'Object Repository/Shopify/input_password_shopify'

2023-02-13 10:31:26 - [MESSAGE][PASSED] - Object: 'Object Repository/Shopify/btn_login' is clicked on

2023-02-13 10:31:26 - [TEST_STEP][PASSED] - st.navigateToStoreDevelop(partner_id): Navigate to 'https://partners.shopify.com/1662018/stores/new?store_type=dev_preview_store&developer_preview_handle=checkout_extensibility' successfully

2023-02-13 10:31:28 - [MESSAGE][PASSED] - Navigate to 'https://partners.shopify.com/1662018/stores/new?store_type=dev_preview_store&developer_preview_handle=checkout_extensibility' successfully

2023-02-13 10:31:28 - [TEST_STEP][PASSED] - st.inputStoreName(store_name): Delayed 5 second(s)

2023-02-13 10:31:30 - [MESSAGE][PASSED] - Text 'huynh-ar-stag-2390' is set on object 'Object Repository/Shopify/input_store_name'

2023-02-13 10:31:35 - [MESSAGE][PASSED] - Delayed 5 second(s)

2023-02-13 10:31:35 - [TEST_STEP][PASSED] - shopify.store.clickCreateStore(): shopify.store.clickCreateStore is PASSED

2023-02-13 10:31:35 - [MESSAGE][PASSED] - Object: 'Object Repository/Shopify/btn_create_store' is clicked on

2023-02-13 10:31:55 - [MESSAGE][PASSED] - Delayed 20 second(s)

2023-02-13 10:31:55 - [MESSAGE][PASSED] - shopify.store.clickCreateStore is PASSED

2023-02-13 10:31:55 - [TEST_STEP][PASSED] - shopify.store.importProduct(product_file_local): shopify.store.importProduct is PASSED

2023-02-13 10:32:15 - [MESSAGE][PASSED] - Object: 'Object Repository/Shopify/span_product' is clicked on

2023-02-13 10:32:16 - [MESSAGE][PASSED] - Object: 'Object Repository/Shopify/span_import_product' is clicked on

2023-02-13 10:32:17 - [MESSAGE][PASSED] - File 'C:\Users\huynh\Documents\Socialhead\Automation\Katalon project\CreateStore\CreateStore\Data\products_export.csv' sent to object: 'Object Repository/Shopify/file_product'

2023-02-13 10:32:17 - [MESSAGE][PASSED] - Object: 'Object Repository/Shopify/span_upload_product_continue' is clicked on

2023-02-13 10:32:21 - [MESSAGE][PASSED] - Object: 'Object Repository/Shopify/btn_product_confirm_import' is clicked on

2023-02-13 10:32:51 - [MESSAGE][PASSED] - Delayed 30 second(s)

2023-02-13 10:32:51 - [MESSAGE][PASSED] - Refresh successfully

2023-02-13 10:33:06 - [MESSAGE][PASSED] - Delayed 15 second(s)

2023-02-13 10:33:06 - [MESSAGE][PASSED] - shopify.store.importProduct is PASSED

2023-02-13 10:33:06 - [TEST_STEP][PASSED] - shopify.store.clickOnMenuOnlineStore(): shopify.store.clickOnMenuOnlineStore is PASSED

2023-02-13 10:33:09 - [MESSAGE][PASSED] - Object: 'Object Repository/Shopify Store/a_onlie_store' is clicked on

2023-02-13 10:33:19 - [MESSAGE][PASSED] - Delayed 10 second(s)

2023-02-13 10:33:19 - [MESSAGE][PASSED] - shopify.store.clickOnMenuOnlineStore is PASSED

2023-02-13 10:33:19 - [TEST_STEP][PASSED] - shopify.store.clickOnImportTheme(): shopify.store.clickOnImportTheme is PASSED

2023-02-13 10:33:20 - [MESSAGE][PASSED] - Object: 'Object Repository/Shopify Store/btn_add_theme' is clicked on

2023-02-13 10:33:20 - [MESSAGE][PASSED] - shopify.store.clickOnImportTheme is PASSED

2023-02-13 10:33:20 - [TEST_STEP][PASSED] - shopify.store.uploadThemeFile(theme_file_local): shopify.store.uploadThemeFile is PASSED

2023-02-13 10:33:20 - [MESSAGE][PASSED] - Object: 'Object Repository/Shopify Store/btn_upload_zip_file' is clicked on

2023-02-13 10:33:21 - [MESSAGE][PASSED] - File 'C:\Users\huynh\Documents\Socialhead\Automation\Katalon project\CreateStore\CreateStore\Data\theme_export__www-chatsboutique-fr-impulse__07MAY2020-0747am.zip' sent to object: 'Object Repository/Shopify Store/file_theme'

2023-02-13 10:33:21 - [MESSAGE][PASSED] - Object: 'Object Repository/Shopify Store/btn_upload_theme' is clicked on

2023-02-13 10:33:31 - [MESSAGE][PASSED] - Delayed 10 second(s)

2023-02-13 10:33:31 - [MESSAGE][PASSED] - shopify.store.uploadThemeFile is PASSED

2023-02-13 10:33:31 - [TEST_STEP][PASSED] - shopify.store.clickPublishTheme(): shopify.store.clickPublishTheme is PASSED

2023-02-13 10:34:01 - [MESSAGE][PASSED] - Delayed 30 second(s)

2023-02-13 10:34:02 - [MESSAGE][PASSED] - Refresh successfully

2023-02-13 10:34:32 - [MESSAGE][PASSED] - Delayed 30 second(s)

2023-02-13 10:34:32 - [MESSAGE][PASSED] - Object 'Object Repository/Shopify Store/btn_publish_theme' is clickable

2023-02-13 10:34:32 - [MESSAGE][PASSED] - Object: 'Object Repository/Shopify Store/btn_publish_theme' is clicked on

2023-02-13 10:34:32 - [MESSAGE][PASSED] - shopify.store.clickPublishTheme is PASSED

2023-02-13 10:34:32 - [TEST_STEP][PASSED] - shopify.store.confirmPublishTheme(): shopify.store.confirmPublishTheme is PASSED

2023-02-13 10:34:42 - [MESSAGE][PASSED] - Delayed 10 second(s)

2023-02-13 10:34:43 - [MESSAGE][PASSED] - Object: 'Object Repository/Shopify Store/btn_confirm_publish_theme' is clicked on

2023-02-13 10:34:43 - [MESSAGE][PASSED] - shopify.store.confirmPublishTheme is PASSED

2023-02-13 10:34:43 - [TEST_STEP][PASSED] - shopify.store_setting.changeStoreCurrency(currency, store_name): shopify.store_setting.changeStoreCurrency is PASSED

2023-02-13 10:34:53 - [MESSAGE][PASSED] - Delayed 10 second(s)

2023-02-13 10:34:56 - [MESSAGE][PASSED] - Navigate to 'http://huynh-ar-stag-2390.myshopify.com/admin/settings/general' successfully

2023-02-13 10:35:01 - [MESSAGE][PASSED] - All options with value 'USD' are selected in object 'Object Repository/Shopify Store/select_currency' 

2023-02-13 10:35:01 - [MESSAGE][PASSED] - shopify.store_setting.changeStoreCurrency is PASSED

2023-02-13 10:35:01 - [TEST_STEP][PASSED] - shopify.store_setting.saveStoreSetting(): shopify.store_setting.saveStoreSetting is PASSED

2023-02-13 10:35:02 - [MESSAGE][PASSED] - Object: 'Object Repository/Shopify Store/span_save_admin_setting' is clicked on

2023-02-13 10:35:02 - [MESSAGE][PASSED] - shopify.store_setting.saveStoreSetting is PASSED

2023-02-13 10:35:02 - [TEST_STEP][PASSED] - Start tear down : teardownIfPassed: Method 'teardownIfPassed' complete successfully

2023-02-13 10:35:02 - [TEST_STEP][PASSED] - data.excel.updateValueToSheet(file_data, "store", 4, store_name, 7, "Passed"): data.excel.updateValueToSheet is PASSED

2023-02-13 10:35:02 - [MESSAGE][PASSED] - data.excel.updateValueToSheet is PASSED

2023-02-13 10:35:02 - [MESSAGE][PASSED] - Method 'teardownIfPassed' complete successfully]]></system-out>
         <system-err><![CDATA[]]></system-err>
      </testcase>
      <testcase name="Test Cases/Shopify/CreateStore" time="234.804" classname="Test Cases/Shopify/CreateStore" status="PASSED">
         <system-out><![CDATA[2023-02-13 10:35:02 - [TEST_CASE][PASSED] - Test Cases/Shopify/CreateStore: Test Cases/Shopify/CreateStore

2023-02-13 10:35:02 - [TEST_STEP][PASSED] - Start listener action : skipStatus: null

2023-02-13 10:35:02 - [TEST_STEP][PASSED] - map = testCaseContext.getTestCaseVariables(): null

2023-02-13 10:35:02 - [TEST_STEP][PASSED] - testcae_status = map.get("testcase_status"): null

2023-02-13 10:35:02 - [TEST_STEP][PASSED] - println(testcae_status): null

2023-02-13 10:35:02 - [TEST_STEP][PASSED] - if (testcae_status == "Passed" || testcae_status == "Failed"): null

2023-02-13 10:35:02 - [TEST_STEP][PASSED] - log = new com.kms.katalon.core.util.KeywordUtil(): null

2023-02-13 10:35:02 - [TEST_STEP][PASSED] - openBrowser(""): Browser is opened with url: ''

2023-02-13 10:35:02 - [MESSAGE][WARNING] - A browser is already opened. Closing browser and opening a new one

2023-02-13 10:35:03 - [MESSAGE][INFO] - Starting 'Chrome' driver

2023-02-13 10:35:03 - [MESSAGE][INFO] - Action delay is set to 0 milliseconds

2023-02-13 10:35:04 - [MESSAGE][PASSED] - Browser is opened with url: ''

2023-02-13 10:35:04 - [TEST_STEP][PASSED] - maximizeWindow(): Current window maximized

2023-02-13 10:35:04 - [MESSAGE][PASSED] - Current window maximized

2023-02-13 10:35:04 - [TEST_STEP][PASSED] - st = new shopify.store(): null

2023-02-13 10:35:04 - [TEST_STEP][PASSED] - st.loginShopifyPartner(partner_email, partner_password, partner_id): Object: 'Object Repository/Shopify/btn_login' is clicked on

2023-02-13 10:35:08 - [MESSAGE][PASSED] - Navigate to 'https://partners.shopify.com/1662018/stores/new' successfully

2023-02-13 10:35:09 - [MESSAGE][PASSED] - Text 'huynh@firegroup.io' is set on object 'Object Repository/Shopify/input_email_shopify'

2023-02-13 10:35:10 - [MESSAGE][PASSED] - Object: 'Object Repository/Shopify/btn_continue_with_email' is clicked on

2023-02-13 10:35:12 - [MESSAGE][PASSED] - Text ****** has been set on object 'Object Repository/Shopify/input_password_shopify'

2023-02-13 10:35:18 - [MESSAGE][PASSED] - Object: 'Object Repository/Shopify/btn_login' is clicked on

2023-02-13 10:35:18 - [TEST_STEP][PASSED] - st.navigateToStoreDevelop(partner_id): Navigate to 'https://partners.shopify.com/1662018/stores/new?store_type=dev_preview_store&developer_preview_handle=checkout_extensibility' successfully

2023-02-13 10:35:19 - [MESSAGE][PASSED] - Navigate to 'https://partners.shopify.com/1662018/stores/new?store_type=dev_preview_store&developer_preview_handle=checkout_extensibility' successfully

2023-02-13 10:35:19 - [TEST_STEP][PASSED] - st.inputStoreName(store_name): Delayed 5 second(s)

2023-02-13 10:35:37 - [MESSAGE][PASSED] - Text 'huynh-ar-stag-2391' is set on object 'Object Repository/Shopify/input_store_name'

2023-02-13 10:35:42 - [MESSAGE][PASSED] - Delayed 5 second(s)

2023-02-13 10:35:42 - [TEST_STEP][PASSED] - shopify.store.clickCreateStore(): shopify.store.clickCreateStore is PASSED

2023-02-13 10:35:42 - [MESSAGE][PASSED] - Object: 'Object Repository/Shopify/btn_create_store' is clicked on

2023-02-13 10:36:02 - [MESSAGE][PASSED] - Delayed 20 second(s)

2023-02-13 10:36:02 - [MESSAGE][PASSED] - shopify.store.clickCreateStore is PASSED

2023-02-13 10:36:02 - [TEST_STEP][PASSED] - shopify.store.importProduct(product_file_local): shopify.store.importProduct is PASSED

2023-02-13 10:36:13 - [MESSAGE][PASSED] - Object: 'Object Repository/Shopify/span_product' is clicked on

2023-02-13 10:36:15 - [MESSAGE][PASSED] - Object: 'Object Repository/Shopify/span_import_product' is clicked on

2023-02-13 10:36:15 - [MESSAGE][PASSED] - File 'C:\Users\huynh\Documents\Socialhead\Automation\Katalon project\CreateStore\CreateStore\Data\products_export.csv' sent to object: 'Object Repository/Shopify/file_product'

2023-02-13 10:36:16 - [MESSAGE][PASSED] - Object: 'Object Repository/Shopify/span_upload_product_continue' is clicked on

2023-02-13 10:36:19 - [MESSAGE][PASSED] - Object: 'Object Repository/Shopify/btn_product_confirm_import' is clicked on

2023-02-13 10:36:49 - [MESSAGE][PASSED] - Delayed 30 second(s)

2023-02-13 10:36:50 - [MESSAGE][PASSED] - Refresh successfully

2023-02-13 10:37:05 - [MESSAGE][PASSED] - Delayed 15 second(s)

2023-02-13 10:37:05 - [MESSAGE][PASSED] - shopify.store.importProduct is PASSED

2023-02-13 10:37:05 - [TEST_STEP][PASSED] - shopify.store.clickOnMenuOnlineStore(): shopify.store.clickOnMenuOnlineStore is PASSED

2023-02-13 10:37:05 - [MESSAGE][PASSED] - Object: 'Object Repository/Shopify Store/a_onlie_store' is clicked on

2023-02-13 10:37:15 - [MESSAGE][PASSED] - Delayed 10 second(s)

2023-02-13 10:37:15 - [MESSAGE][PASSED] - shopify.store.clickOnMenuOnlineStore is PASSED

2023-02-13 10:37:15 - [TEST_STEP][PASSED] - shopify.store.clickOnImportTheme(): shopify.store.clickOnImportTheme is PASSED

2023-02-13 10:37:16 - [MESSAGE][PASSED] - Object: 'Object Repository/Shopify Store/btn_add_theme' is clicked on

2023-02-13 10:37:16 - [MESSAGE][PASSED] - shopify.store.clickOnImportTheme is PASSED

2023-02-13 10:37:16 - [TEST_STEP][PASSED] - shopify.store.uploadThemeFile(theme_file_local): shopify.store.uploadThemeFile is PASSED

2023-02-13 10:37:16 - [MESSAGE][PASSED] - Object: 'Object Repository/Shopify Store/btn_upload_zip_file' is clicked on

2023-02-13 10:37:17 - [MESSAGE][PASSED] - File 'C:\Users\huynh\Documents\Socialhead\Automation\Katalon project\CreateStore\CreateStore\Data\theme_export__www-cigarsofdubai-com-www-cigarsofdubai-com-install-me-v-1-1-0-27may__15JUN2020-0623am.zip' sent to object: 'Object Repository/Shopify Store/file_theme'

2023-02-13 10:37:17 - [MESSAGE][PASSED] - Object: 'Object Repository/Shopify Store/btn_upload_theme' is clicked on

2023-02-13 10:37:27 - [MESSAGE][PASSED] - Delayed 10 second(s)

2023-02-13 10:37:27 - [MESSAGE][PASSED] - shopify.store.uploadThemeFile is PASSED

2023-02-13 10:37:27 - [TEST_STEP][PASSED] - shopify.store.clickPublishTheme(): shopify.store.clickPublishTheme is PASSED

2023-02-13 10:37:57 - [MESSAGE][PASSED] - Delayed 30 second(s)

2023-02-13 10:37:57 - [MESSAGE][PASSED] - Refresh successfully

2023-02-13 10:38:28 - [MESSAGE][PASSED] - Delayed 30 second(s)

2023-02-13 10:38:28 - [MESSAGE][PASSED] - Object 'Object Repository/Shopify Store/btn_publish_theme' is clickable

2023-02-13 10:38:28 - [MESSAGE][PASSED] - Object: 'Object Repository/Shopify Store/btn_publish_theme' is clicked on

2023-02-13 10:38:28 - [MESSAGE][PASSED] - shopify.store.clickPublishTheme is PASSED

2023-02-13 10:38:28 - [TEST_STEP][PASSED] - shopify.store.confirmPublishTheme(): shopify.store.confirmPublishTheme is PASSED

2023-02-13 10:38:38 - [MESSAGE][PASSED] - Delayed 10 second(s)

2023-02-13 10:38:39 - [MESSAGE][PASSED] - Object: 'Object Repository/Shopify Store/btn_confirm_publish_theme' is clicked on

2023-02-13 10:38:39 - [MESSAGE][PASSED] - shopify.store.confirmPublishTheme is PASSED

2023-02-13 10:38:39 - [TEST_STEP][PASSED] - shopify.store_setting.changeStoreCurrency(currency, store_name): shopify.store_setting.changeStoreCurrency is PASSED

2023-02-13 10:38:49 - [MESSAGE][PASSED] - Delayed 10 second(s)

2023-02-13 10:38:52 - [MESSAGE][PASSED] - Navigate to 'http://huynh-ar-stag-2391.myshopify.com/admin/settings/general' successfully

2023-02-13 10:38:56 - [MESSAGE][PASSED] - All options with value 'USD' are selected in object 'Object Repository/Shopify Store/select_currency' 

2023-02-13 10:38:56 - [MESSAGE][PASSED] - shopify.store_setting.changeStoreCurrency is PASSED

2023-02-13 10:38:56 - [TEST_STEP][PASSED] - shopify.store_setting.saveStoreSetting(): shopify.store_setting.saveStoreSetting is PASSED

2023-02-13 10:38:57 - [MESSAGE][PASSED] - Object: 'Object Repository/Shopify Store/span_save_admin_setting' is clicked on

2023-02-13 10:38:57 - [MESSAGE][PASSED] - shopify.store_setting.saveStoreSetting is PASSED

2023-02-13 10:38:57 - [TEST_STEP][PASSED] - Start tear down : teardownIfPassed: Method 'teardownIfPassed' complete successfully

2023-02-13 10:38:57 - [TEST_STEP][PASSED] - data.excel.updateValueToSheet(file_data, "store", 4, store_name, 7, "Passed"): data.excel.updateValueToSheet is PASSED

2023-02-13 10:38:57 - [MESSAGE][PASSED] - data.excel.updateValueToSheet is PASSED

2023-02-13 10:38:57 - [MESSAGE][PASSED] - Method 'teardownIfPassed' complete successfully]]></system-out>
         <system-err><![CDATA[]]></system-err>
      </testcase>
      <testcase name="Test Cases/Shopify/CreateStore" time="224.119" classname="Test Cases/Shopify/CreateStore" status="PASSED">
         <system-out><![CDATA[2023-02-13 10:38:57 - [TEST_CASE][PASSED] - Test Cases/Shopify/CreateStore: Test Cases/Shopify/CreateStore

2023-02-13 10:38:57 - [TEST_STEP][PASSED] - Start listener action : skipStatus: null

2023-02-13 10:38:57 - [TEST_STEP][PASSED] - map = testCaseContext.getTestCaseVariables(): null

2023-02-13 10:38:57 - [TEST_STEP][PASSED] - testcae_status = map.get("testcase_status"): null

2023-02-13 10:38:57 - [TEST_STEP][PASSED] - println(testcae_status): null

2023-02-13 10:38:57 - [TEST_STEP][PASSED] - if (testcae_status == "Passed" || testcae_status == "Failed"): null

2023-02-13 10:38:57 - [TEST_STEP][PASSED] - log = new com.kms.katalon.core.util.KeywordUtil(): null

2023-02-13 10:38:57 - [TEST_STEP][PASSED] - openBrowser(""): Browser is opened with url: ''

2023-02-13 10:38:57 - [MESSAGE][WARNING] - A browser is already opened. Closing browser and opening a new one

2023-02-13 10:38:58 - [MESSAGE][INFO] - Starting 'Chrome' driver

2023-02-13 10:38:58 - [MESSAGE][INFO] - Action delay is set to 0 milliseconds

2023-02-13 10:38:59 - [MESSAGE][PASSED] - Browser is opened with url: ''

2023-02-13 10:38:59 - [TEST_STEP][PASSED] - maximizeWindow(): Current window maximized

2023-02-13 10:38:59 - [MESSAGE][PASSED] - Current window maximized

2023-02-13 10:38:59 - [TEST_STEP][PASSED] - st = new shopify.store(): null

2023-02-13 10:38:59 - [TEST_STEP][PASSED] - st.loginShopifyPartner(partner_email, partner_password, partner_id): Object: 'Object Repository/Shopify/btn_login' is clicked on

2023-02-13 10:39:03 - [MESSAGE][PASSED] - Navigate to 'https://partners.shopify.com/1662018/stores/new' successfully

2023-02-13 10:39:04 - [MESSAGE][PASSED] - Text 'huynh@firegroup.io' is set on object 'Object Repository/Shopify/input_email_shopify'

2023-02-13 10:39:06 - [MESSAGE][PASSED] - Object: 'Object Repository/Shopify/btn_continue_with_email' is clicked on

2023-02-13 10:39:08 - [MESSAGE][PASSED] - Text ****** has been set on object 'Object Repository/Shopify/input_password_shopify'

2023-02-13 10:39:14 - [MESSAGE][PASSED] - Object: 'Object Repository/Shopify/btn_login' is clicked on

2023-02-13 10:39:14 - [TEST_STEP][PASSED] - st.navigateToStoreDevelop(partner_id): Navigate to 'https://partners.shopify.com/1662018/stores/new?store_type=dev_preview_store&developer_preview_handle=checkout_extensibility' successfully

2023-02-13 10:39:15 - [MESSAGE][PASSED] - Navigate to 'https://partners.shopify.com/1662018/stores/new?store_type=dev_preview_store&developer_preview_handle=checkout_extensibility' successfully

2023-02-13 10:39:15 - [TEST_STEP][PASSED] - st.inputStoreName(store_name): Delayed 5 second(s)

2023-02-13 10:39:16 - [MESSAGE][PASSED] - Text 'huynh-ar-stag-2392' is set on object 'Object Repository/Shopify/input_store_name'

2023-02-13 10:39:21 - [MESSAGE][PASSED] - Delayed 5 second(s)

2023-02-13 10:39:21 - [TEST_STEP][PASSED] - shopify.store.clickCreateStore(): shopify.store.clickCreateStore is PASSED

2023-02-13 10:39:22 - [MESSAGE][PASSED] - Object: 'Object Repository/Shopify/btn_create_store' is clicked on

2023-02-13 10:39:42 - [MESSAGE][PASSED] - Delayed 20 second(s)

2023-02-13 10:39:42 - [MESSAGE][PASSED] - shopify.store.clickCreateStore is PASSED

2023-02-13 10:39:42 - [TEST_STEP][PASSED] - shopify.store.importProduct(product_file_local): shopify.store.importProduct is PASSED

2023-02-13 10:39:56 - [MESSAGE][PASSED] - Object: 'Object Repository/Shopify/span_product' is clicked on

2023-02-13 10:39:58 - [MESSAGE][PASSED] - Object: 'Object Repository/Shopify/span_import_product' is clicked on

2023-02-13 10:39:59 - [MESSAGE][PASSED] - File 'C:\Users\huynh\Documents\Socialhead\Automation\Katalon project\CreateStore\CreateStore\Data\products_export.csv' sent to object: 'Object Repository/Shopify/file_product'

2023-02-13 10:39:59 - [MESSAGE][PASSED] - Object: 'Object Repository/Shopify/span_upload_product_continue' is clicked on

2023-02-13 10:40:02 - [MESSAGE][PASSED] - Object: 'Object Repository/Shopify/btn_product_confirm_import' is clicked on

2023-02-13 10:40:32 - [MESSAGE][PASSED] - Delayed 30 second(s)

2023-02-13 10:40:33 - [MESSAGE][PASSED] - Refresh successfully

2023-02-13 10:40:48 - [MESSAGE][PASSED] - Delayed 15 second(s)

2023-02-13 10:40:48 - [MESSAGE][PASSED] - shopify.store.importProduct is PASSED

2023-02-13 10:40:48 - [TEST_STEP][PASSED] - shopify.store.clickOnMenuOnlineStore(): shopify.store.clickOnMenuOnlineStore is PASSED

2023-02-13 10:40:48 - [MESSAGE][PASSED] - Object: 'Object Repository/Shopify Store/a_onlie_store' is clicked on

2023-02-13 10:40:58 - [MESSAGE][PASSED] - Delayed 10 second(s)

2023-02-13 10:40:58 - [MESSAGE][PASSED] - shopify.store.clickOnMenuOnlineStore is PASSED

2023-02-13 10:40:58 - [TEST_STEP][PASSED] - shopify.store.clickOnImportTheme(): shopify.store.clickOnImportTheme is PASSED

2023-02-13 10:40:59 - [MESSAGE][PASSED] - Object: 'Object Repository/Shopify Store/btn_add_theme' is clicked on

2023-02-13 10:40:59 - [MESSAGE][PASSED] - shopify.store.clickOnImportTheme is PASSED

2023-02-13 10:40:59 - [TEST_STEP][PASSED] - shopify.store.uploadThemeFile(theme_file_local): shopify.store.uploadThemeFile is PASSED

2023-02-13 10:40:59 - [MESSAGE][PASSED] - Object: 'Object Repository/Shopify Store/btn_upload_zip_file' is clicked on

2023-02-13 10:41:00 - [MESSAGE][PASSED] - File 'C:\Users\huynh\Documents\Socialhead\Automation\Katalon project\CreateStore\CreateStore\Data\theme_export__www-circleandluck-com-ecomsolid__07MAY2020-1218am.zip' sent to object: 'Object Repository/Shopify Store/file_theme'

2023-02-13 10:41:00 - [MESSAGE][PASSED] - Object: 'Object Repository/Shopify Store/btn_upload_theme' is clicked on

2023-02-13 10:41:10 - [MESSAGE][PASSED] - Delayed 10 second(s)

2023-02-13 10:41:10 - [MESSAGE][PASSED] - shopify.store.uploadThemeFile is PASSED

2023-02-13 10:41:10 - [TEST_STEP][PASSED] - shopify.store.clickPublishTheme(): shopify.store.clickPublishTheme is PASSED

2023-02-13 10:41:40 - [MESSAGE][PASSED] - Delayed 30 second(s)

2023-02-13 10:41:40 - [MESSAGE][PASSED] - Refresh successfully

2023-02-13 10:42:10 - [MESSAGE][PASSED] - Delayed 30 second(s)

2023-02-13 10:42:11 - [MESSAGE][PASSED] - Object 'Object Repository/Shopify Store/btn_publish_theme' is clickable

2023-02-13 10:42:11 - [MESSAGE][PASSED] - Object: 'Object Repository/Shopify Store/btn_publish_theme' is clicked on

2023-02-13 10:42:11 - [MESSAGE][PASSED] - shopify.store.clickPublishTheme is PASSED

2023-02-13 10:42:11 - [TEST_STEP][PASSED] - shopify.store.confirmPublishTheme(): shopify.store.confirmPublishTheme is PASSED

2023-02-13 10:42:21 - [MESSAGE][PASSED] - Delayed 10 second(s)

2023-02-13 10:42:22 - [MESSAGE][PASSED] - Object: 'Object Repository/Shopify Store/btn_confirm_publish_theme' is clicked on

2023-02-13 10:42:22 - [MESSAGE][PASSED] - shopify.store.confirmPublishTheme is PASSED

2023-02-13 10:42:22 - [TEST_STEP][PASSED] - shopify.store_setting.changeStoreCurrency(currency, store_name): shopify.store_setting.changeStoreCurrency is PASSED

2023-02-13 10:42:32 - [MESSAGE][PASSED] - Delayed 10 second(s)

2023-02-13 10:42:35 - [MESSAGE][PASSED] - Navigate to 'http://huynh-ar-stag-2392.myshopify.com/admin/settings/general' successfully

2023-02-13 10:42:40 - [MESSAGE][PASSED] - All options with value 'USD' are selected in object 'Object Repository/Shopify Store/select_currency' 

2023-02-13 10:42:40 - [MESSAGE][PASSED] - shopify.store_setting.changeStoreCurrency is PASSED

2023-02-13 10:42:40 - [TEST_STEP][PASSED] - shopify.store_setting.saveStoreSetting(): shopify.store_setting.saveStoreSetting is PASSED

2023-02-13 10:42:41 - [MESSAGE][PASSED] - Object: 'Object Repository/Shopify Store/span_save_admin_setting' is clicked on

2023-02-13 10:42:41 - [MESSAGE][PASSED] - shopify.store_setting.saveStoreSetting is PASSED

2023-02-13 10:42:41 - [TEST_STEP][PASSED] - Start tear down : teardownIfPassed: Method 'teardownIfPassed' complete successfully

2023-02-13 10:42:41 - [TEST_STEP][PASSED] - data.excel.updateValueToSheet(file_data, "store", 4, store_name, 7, "Passed"): data.excel.updateValueToSheet is PASSED

2023-02-13 10:42:41 - [MESSAGE][PASSED] - data.excel.updateValueToSheet is PASSED

2023-02-13 10:42:41 - [MESSAGE][PASSED] - Method 'teardownIfPassed' complete successfully]]></system-out>
         <system-err><![CDATA[]]></system-err>
      </testcase>
      <testcase name="Test Cases/Shopify/CreateStore" time="307.873" classname="Test Cases/Shopify/CreateStore" status="PASSED">
         <system-out><![CDATA[2023-02-13 10:42:41 - [TEST_CASE][PASSED] - Test Cases/Shopify/CreateStore: Test Cases/Shopify/CreateStore

2023-02-13 10:42:41 - [TEST_STEP][PASSED] - Start listener action : skipStatus: null

2023-02-13 10:42:41 - [TEST_STEP][PASSED] - map = testCaseContext.getTestCaseVariables(): null

2023-02-13 10:42:41 - [TEST_STEP][PASSED] - testcae_status = map.get("testcase_status"): null

2023-02-13 10:42:41 - [TEST_STEP][PASSED] - println(testcae_status): null

2023-02-13 10:42:41 - [TEST_STEP][PASSED] - if (testcae_status == "Passed" || testcae_status == "Failed"): null

2023-02-13 10:42:41 - [TEST_STEP][PASSED] - log = new com.kms.katalon.core.util.KeywordUtil(): null

2023-02-13 10:42:41 - [TEST_STEP][PASSED] - openBrowser(""): Browser is opened with url: ''

2023-02-13 10:42:41 - [MESSAGE][WARNING] - A browser is already opened. Closing browser and opening a new one

2023-02-13 10:42:42 - [MESSAGE][INFO] - Starting 'Chrome' driver

2023-02-13 10:42:42 - [MESSAGE][INFO] - Action delay is set to 0 milliseconds

2023-02-13 10:42:43 - [MESSAGE][PASSED] - Browser is opened with url: ''

2023-02-13 10:42:43 - [TEST_STEP][PASSED] - maximizeWindow(): Current window maximized

2023-02-13 10:42:43 - [MESSAGE][PASSED] - Current window maximized

2023-02-13 10:42:43 - [TEST_STEP][PASSED] - st = new shopify.store(): null

2023-02-13 10:42:43 - [TEST_STEP][PASSED] - st.loginShopifyPartner(partner_email, partner_password, partner_id): Object: 'Object Repository/Shopify/btn_login' is clicked on

2023-02-13 10:42:48 - [MESSAGE][PASSED] - Navigate to 'https://partners.shopify.com/1662018/stores/new' successfully

2023-02-13 10:42:49 - [MESSAGE][PASSED] - Text 'huynh@firegroup.io' is set on object 'Object Repository/Shopify/input_email_shopify'

2023-02-13 10:42:51 - [MESSAGE][PASSED] - Object: 'Object Repository/Shopify/btn_continue_with_email' is clicked on

2023-02-13 10:42:53 - [MESSAGE][PASSED] - Text ****** has been set on object 'Object Repository/Shopify/input_password_shopify'

2023-02-13 10:43:17 - [MESSAGE][PASSED] - Object: 'Object Repository/Shopify/btn_login' is clicked on

2023-02-13 10:43:17 - [TEST_STEP][PASSED] - st.navigateToStoreDevelop(partner_id): Navigate to 'https://partners.shopify.com/1662018/stores/new?store_type=dev_preview_store&developer_preview_handle=checkout_extensibility' successfully

2023-02-13 10:44:29 - [MESSAGE][PASSED] - Navigate to 'https://partners.shopify.com/1662018/stores/new?store_type=dev_preview_store&developer_preview_handle=checkout_extensibility' successfully

2023-02-13 10:44:29 - [TEST_STEP][PASSED] - st.inputStoreName(store_name): Delayed 5 second(s)

2023-02-13 10:44:30 - [MESSAGE][PASSED] - Text 'huynh-ar-stag-2393' is set on object 'Object Repository/Shopify/input_store_name'

2023-02-13 10:44:35 - [MESSAGE][PASSED] - Delayed 5 second(s)

2023-02-13 10:44:35 - [TEST_STEP][PASSED] - shopify.store.clickCreateStore(): shopify.store.clickCreateStore is PASSED

2023-02-13 10:44:35 - [MESSAGE][PASSED] - Object: 'Object Repository/Shopify/btn_create_store' is clicked on

2023-02-13 10:44:55 - [MESSAGE][PASSED] - Delayed 20 second(s)

2023-02-13 10:44:55 - [MESSAGE][PASSED] - shopify.store.clickCreateStore is PASSED

2023-02-13 10:44:55 - [TEST_STEP][PASSED] - shopify.store.importProduct(product_file_local): shopify.store.importProduct is PASSED

2023-02-13 10:45:05 - [MESSAGE][PASSED] - Object: 'Object Repository/Shopify/span_product' is clicked on

2023-02-13 10:45:06 - [MESSAGE][PASSED] - Object: 'Object Repository/Shopify/span_import_product' is clicked on

2023-02-13 10:45:07 - [MESSAGE][PASSED] - File 'C:\Users\huynh\Documents\Socialhead\Automation\Katalon project\CreateStore\CreateStore\Data\products_export.csv' sent to object: 'Object Repository/Shopify/file_product'

2023-02-13 10:45:08 - [MESSAGE][PASSED] - Object: 'Object Repository/Shopify/span_upload_product_continue' is clicked on

2023-02-13 10:45:12 - [MESSAGE][PASSED] - Object: 'Object Repository/Shopify/btn_product_confirm_import' is clicked on

2023-02-13 10:45:42 - [MESSAGE][PASSED] - Delayed 30 second(s)

2023-02-13 10:45:42 - [MESSAGE][PASSED] - Refresh successfully

2023-02-13 10:45:57 - [MESSAGE][PASSED] - Delayed 15 second(s)

2023-02-13 10:45:57 - [MESSAGE][PASSED] - shopify.store.importProduct is PASSED

2023-02-13 10:45:57 - [TEST_STEP][PASSED] - shopify.store.clickOnMenuOnlineStore(): shopify.store.clickOnMenuOnlineStore is PASSED

2023-02-13 10:45:58 - [MESSAGE][PASSED] - Object: 'Object Repository/Shopify Store/a_onlie_store' is clicked on

2023-02-13 10:46:08 - [MESSAGE][PASSED] - Delayed 10 second(s)

2023-02-13 10:46:08 - [MESSAGE][PASSED] - shopify.store.clickOnMenuOnlineStore is PASSED

2023-02-13 10:46:08 - [TEST_STEP][PASSED] - shopify.store.clickOnImportTheme(): shopify.store.clickOnImportTheme is PASSED

2023-02-13 10:46:08 - [MESSAGE][PASSED] - Object: 'Object Repository/Shopify Store/btn_add_theme' is clicked on

2023-02-13 10:46:08 - [MESSAGE][PASSED] - shopify.store.clickOnImportTheme is PASSED

2023-02-13 10:46:08 - [TEST_STEP][PASSED] - shopify.store.uploadThemeFile(theme_file_local): shopify.store.uploadThemeFile is PASSED

2023-02-13 10:46:08 - [MESSAGE][PASSED] - Object: 'Object Repository/Shopify Store/btn_upload_zip_file' is clicked on

2023-02-13 10:46:09 - [MESSAGE][PASSED] - File 'C:\Users\huynh\Documents\Socialhead\Automation\Katalon project\CreateStore\CreateStore\Data\theme_export__www-circleandluck-com-motion__07MAY2020-1216am.zip' sent to object: 'Object Repository/Shopify Store/file_theme'

2023-02-13 10:46:09 - [MESSAGE][PASSED] - Object: 'Object Repository/Shopify Store/btn_upload_theme' is clicked on

2023-02-13 10:46:19 - [MESSAGE][PASSED] - Delayed 10 second(s)

2023-02-13 10:46:19 - [MESSAGE][PASSED] - shopify.store.uploadThemeFile is PASSED

2023-02-13 10:46:19 - [TEST_STEP][PASSED] - shopify.store.clickPublishTheme(): shopify.store.clickPublishTheme is PASSED

2023-02-13 10:46:49 - [MESSAGE][PASSED] - Delayed 30 second(s)

2023-02-13 10:46:49 - [MESSAGE][PASSED] - Refresh successfully

2023-02-13 10:47:19 - [MESSAGE][PASSED] - Delayed 30 second(s)

2023-02-13 10:47:20 - [MESSAGE][PASSED] - Object 'Object Repository/Shopify Store/btn_publish_theme' is clickable

2023-02-13 10:47:20 - [MESSAGE][PASSED] - Object: 'Object Repository/Shopify Store/btn_publish_theme' is clicked on

2023-02-13 10:47:20 - [MESSAGE][PASSED] - shopify.store.clickPublishTheme is PASSED

2023-02-13 10:47:20 - [TEST_STEP][PASSED] - shopify.store.confirmPublishTheme(): shopify.store.confirmPublishTheme is PASSED

2023-02-13 10:47:30 - [MESSAGE][PASSED] - Delayed 10 second(s)

2023-02-13 10:47:30 - [MESSAGE][PASSED] - Object: 'Object Repository/Shopify Store/btn_confirm_publish_theme' is clicked on

2023-02-13 10:47:30 - [MESSAGE][PASSED] - shopify.store.confirmPublishTheme is PASSED

2023-02-13 10:47:30 - [TEST_STEP][PASSED] - shopify.store_setting.changeStoreCurrency(currency, store_name): shopify.store_setting.changeStoreCurrency is PASSED

2023-02-13 10:47:40 - [MESSAGE][PASSED] - Delayed 10 second(s)

2023-02-13 10:47:44 - [MESSAGE][PASSED] - Navigate to 'http://huynh-ar-stag-2393.myshopify.com/admin/settings/general' successfully

2023-02-13 10:47:48 - [MESSAGE][PASSED] - All options with value 'USD' are selected in object 'Object Repository/Shopify Store/select_currency' 

2023-02-13 10:47:48 - [MESSAGE][PASSED] - shopify.store_setting.changeStoreCurrency is PASSED

2023-02-13 10:47:48 - [TEST_STEP][PASSED] - shopify.store_setting.saveStoreSetting(): shopify.store_setting.saveStoreSetting is PASSED

2023-02-13 10:47:49 - [MESSAGE][PASSED] - Object: 'Object Repository/Shopify Store/span_save_admin_setting' is clicked on

2023-02-13 10:47:49 - [MESSAGE][PASSED] - shopify.store_setting.saveStoreSetting is PASSED

2023-02-13 10:47:49 - [TEST_STEP][PASSED] - Start tear down : teardownIfPassed: Method 'teardownIfPassed' complete successfully

2023-02-13 10:47:49 - [TEST_STEP][PASSED] - data.excel.updateValueToSheet(file_data, "store", 4, store_name, 7, "Passed"): data.excel.updateValueToSheet is PASSED

2023-02-13 10:47:49 - [MESSAGE][PASSED] - data.excel.updateValueToSheet is PASSED

2023-02-13 10:47:49 - [MESSAGE][PASSED] - Method 'teardownIfPassed' complete successfully]]></system-out>
         <system-err><![CDATA[]]></system-err>
      </testcase>
      <testcase name="Test Cases/Shopify/CreateStore" time="266.782" classname="Test Cases/Shopify/CreateStore" status="PASSED">
         <system-out><![CDATA[2023-02-13 10:47:49 - [TEST_CASE][PASSED] - Test Cases/Shopify/CreateStore: Test Cases/Shopify/CreateStore

2023-02-13 10:47:49 - [TEST_STEP][PASSED] - Start listener action : skipStatus: null

2023-02-13 10:47:49 - [TEST_STEP][PASSED] - map = testCaseContext.getTestCaseVariables(): null

2023-02-13 10:47:49 - [TEST_STEP][PASSED] - testcae_status = map.get("testcase_status"): null

2023-02-13 10:47:49 - [TEST_STEP][PASSED] - println(testcae_status): null

2023-02-13 10:47:49 - [TEST_STEP][PASSED] - if (testcae_status == "Passed" || testcae_status == "Failed"): null

2023-02-13 10:47:49 - [TEST_STEP][PASSED] - log = new com.kms.katalon.core.util.KeywordUtil(): null

2023-02-13 10:47:49 - [TEST_STEP][PASSED] - openBrowser(""): Browser is opened with url: ''

2023-02-13 10:47:49 - [MESSAGE][WARNING] - A browser is already opened. Closing browser and opening a new one

2023-02-13 10:47:50 - [MESSAGE][INFO] - Starting 'Chrome' driver

2023-02-13 10:47:50 - [MESSAGE][INFO] - Action delay is set to 0 milliseconds

2023-02-13 10:47:51 - [MESSAGE][PASSED] - Browser is opened with url: ''

2023-02-13 10:47:51 - [TEST_STEP][PASSED] - maximizeWindow(): Current window maximized

2023-02-13 10:47:51 - [MESSAGE][PASSED] - Current window maximized

2023-02-13 10:47:51 - [TEST_STEP][PASSED] - st = new shopify.store(): null

2023-02-13 10:47:51 - [TEST_STEP][PASSED] - st.loginShopifyPartner(partner_email, partner_password, partner_id): Object: 'Object Repository/Shopify/btn_login' is clicked on

2023-02-13 10:47:56 - [MESSAGE][PASSED] - Navigate to 'https://partners.shopify.com/1662018/stores/new' successfully

2023-02-13 10:47:57 - [MESSAGE][PASSED] - Text 'huynh@firegroup.io' is set on object 'Object Repository/Shopify/input_email_shopify'

2023-02-13 10:48:03 - [MESSAGE][PASSED] - Object: 'Object Repository/Shopify/btn_continue_with_email' is clicked on

2023-02-13 10:48:05 - [MESSAGE][PASSED] - Text ****** has been set on object 'Object Repository/Shopify/input_password_shopify'

2023-02-13 10:48:33 - [MESSAGE][PASSED] - Object: 'Object Repository/Shopify/btn_login' is clicked on

2023-02-13 10:48:33 - [TEST_STEP][PASSED] - st.navigateToStoreDevelop(partner_id): Navigate to 'https://partners.shopify.com/1662018/stores/new?store_type=dev_preview_store&developer_preview_handle=checkout_extensibility' successfully

2023-02-13 10:48:34 - [MESSAGE][PASSED] - Navigate to 'https://partners.shopify.com/1662018/stores/new?store_type=dev_preview_store&developer_preview_handle=checkout_extensibility' successfully

2023-02-13 10:48:34 - [TEST_STEP][PASSED] - st.inputStoreName(store_name): Delayed 5 second(s)

2023-02-13 10:48:53 - [MESSAGE][PASSED] - Text 'huynh-ar-stag-2394' is set on object 'Object Repository/Shopify/input_store_name'

2023-02-13 10:48:58 - [MESSAGE][PASSED] - Delayed 5 second(s)

2023-02-13 10:48:58 - [TEST_STEP][PASSED] - shopify.store.clickCreateStore(): shopify.store.clickCreateStore is PASSED

2023-02-13 10:48:59 - [MESSAGE][PASSED] - Object: 'Object Repository/Shopify/btn_create_store' is clicked on

2023-02-13 10:49:19 - [MESSAGE][PASSED] - Delayed 20 second(s)

2023-02-13 10:49:19 - [MESSAGE][PASSED] - shopify.store.clickCreateStore is PASSED

2023-02-13 10:49:19 - [TEST_STEP][PASSED] - shopify.store.importProduct(product_file_local): shopify.store.importProduct is PASSED

2023-02-13 10:49:31 - [MESSAGE][PASSED] - Object: 'Object Repository/Shopify/span_product' is clicked on

2023-02-13 10:49:33 - [MESSAGE][PASSED] - Object: 'Object Repository/Shopify/span_import_product' is clicked on

2023-02-13 10:49:34 - [MESSAGE][PASSED] - File 'C:\Users\huynh\Documents\Socialhead\Automation\Katalon project\CreateStore\CreateStore\Data\products_export.csv' sent to object: 'Object Repository/Shopify/file_product'

2023-02-13 10:49:34 - [MESSAGE][PASSED] - Object: 'Object Repository/Shopify/span_upload_product_continue' is clicked on

2023-02-13 10:49:38 - [MESSAGE][PASSED] - Object: 'Object Repository/Shopify/btn_product_confirm_import' is clicked on

2023-02-13 10:50:08 - [MESSAGE][PASSED] - Delayed 30 second(s)

2023-02-13 10:50:08 - [MESSAGE][PASSED] - Refresh successfully

2023-02-13 10:50:23 - [MESSAGE][PASSED] - Delayed 15 second(s)

2023-02-13 10:50:23 - [MESSAGE][PASSED] - shopify.store.importProduct is PASSED

2023-02-13 10:50:23 - [TEST_STEP][PASSED] - shopify.store.clickOnMenuOnlineStore(): shopify.store.clickOnMenuOnlineStore is PASSED

2023-02-13 10:50:24 - [MESSAGE][PASSED] - Object: 'Object Repository/Shopify Store/a_onlie_store' is clicked on

2023-02-13 10:50:34 - [MESSAGE][PASSED] - Delayed 10 second(s)

2023-02-13 10:50:34 - [MESSAGE][PASSED] - shopify.store.clickOnMenuOnlineStore is PASSED

2023-02-13 10:50:34 - [TEST_STEP][PASSED] - shopify.store.clickOnImportTheme(): shopify.store.clickOnImportTheme is PASSED

2023-02-13 10:50:34 - [MESSAGE][PASSED] - Object: 'Object Repository/Shopify Store/btn_add_theme' is clicked on

2023-02-13 10:50:34 - [MESSAGE][PASSED] - shopify.store.clickOnImportTheme is PASSED

2023-02-13 10:50:34 - [TEST_STEP][PASSED] - shopify.store.uploadThemeFile(theme_file_local): shopify.store.uploadThemeFile is PASSED

2023-02-13 10:50:34 - [MESSAGE][PASSED] - Object: 'Object Repository/Shopify Store/btn_upload_zip_file' is clicked on

2023-02-13 10:50:35 - [MESSAGE][PASSED] - File 'C:\Users\huynh\Documents\Socialhead\Automation\Katalon project\CreateStore\CreateStore\Data\theme_export__www-circleandluck-com-motion__07MAY2020-1218am.zip' sent to object: 'Object Repository/Shopify Store/file_theme'

2023-02-13 10:50:35 - [MESSAGE][PASSED] - Object: 'Object Repository/Shopify Store/btn_upload_theme' is clicked on

2023-02-13 10:50:45 - [MESSAGE][PASSED] - Delayed 10 second(s)

2023-02-13 10:50:45 - [MESSAGE][PASSED] - shopify.store.uploadThemeFile is PASSED

2023-02-13 10:50:45 - [TEST_STEP][PASSED] - shopify.store.clickPublishTheme(): shopify.store.clickPublishTheme is PASSED

2023-02-13 10:51:15 - [MESSAGE][PASSED] - Delayed 30 second(s)

2023-02-13 10:51:16 - [MESSAGE][PASSED] - Refresh successfully

2023-02-13 10:51:46 - [MESSAGE][PASSED] - Delayed 30 second(s)

2023-02-13 10:51:47 - [MESSAGE][PASSED] - Object 'Object Repository/Shopify Store/btn_publish_theme' is clickable

2023-02-13 10:51:47 - [MESSAGE][PASSED] - Object: 'Object Repository/Shopify Store/btn_publish_theme' is clicked on

2023-02-13 10:51:47 - [MESSAGE][PASSED] - shopify.store.clickPublishTheme is PASSED

2023-02-13 10:51:47 - [TEST_STEP][PASSED] - shopify.store.confirmPublishTheme(): shopify.store.confirmPublishTheme is PASSED

2023-02-13 10:51:57 - [MESSAGE][PASSED] - Delayed 10 second(s)

2023-02-13 10:51:58 - [MESSAGE][PASSED] - Object: 'Object Repository/Shopify Store/btn_confirm_publish_theme' is clicked on

2023-02-13 10:51:58 - [MESSAGE][PASSED] - shopify.store.confirmPublishTheme is PASSED

2023-02-13 10:51:58 - [TEST_STEP][PASSED] - shopify.store_setting.changeStoreCurrency(currency, store_name): shopify.store_setting.changeStoreCurrency is PASSED

2023-02-13 10:52:08 - [MESSAGE][PASSED] - Delayed 10 second(s)

2023-02-13 10:52:11 - [MESSAGE][PASSED] - Navigate to 'http://huynh-ar-stag-2394.myshopify.com/admin/settings/general' successfully

2023-02-13 10:52:15 - [MESSAGE][PASSED] - All options with value 'USD' are selected in object 'Object Repository/Shopify Store/select_currency' 

2023-02-13 10:52:15 - [MESSAGE][PASSED] - shopify.store_setting.changeStoreCurrency is PASSED

2023-02-13 10:52:15 - [TEST_STEP][PASSED] - shopify.store_setting.saveStoreSetting(): shopify.store_setting.saveStoreSetting is PASSED

2023-02-13 10:52:16 - [MESSAGE][PASSED] - Object: 'Object Repository/Shopify Store/span_save_admin_setting' is clicked on

2023-02-13 10:52:16 - [MESSAGE][PASSED] - shopify.store_setting.saveStoreSetting is PASSED

2023-02-13 10:52:16 - [TEST_STEP][PASSED] - Start tear down : teardownIfPassed: Method 'teardownIfPassed' complete successfully

2023-02-13 10:52:16 - [TEST_STEP][PASSED] - data.excel.updateValueToSheet(file_data, "store", 4, store_name, 7, "Passed"): data.excel.updateValueToSheet is PASSED

2023-02-13 10:52:16 - [MESSAGE][PASSED] - data.excel.updateValueToSheet is PASSED

2023-02-13 10:52:16 - [MESSAGE][PASSED] - Method 'teardownIfPassed' complete successfully]]></system-out>
         <system-err><![CDATA[]]></system-err>
      </testcase>
      <testcase name="Test Cases/Shopify/CreateStore" time="267.75" classname="Test Cases/Shopify/CreateStore" status="PASSED">
         <system-out><![CDATA[2023-02-13 10:52:16 - [TEST_CASE][PASSED] - Test Cases/Shopify/CreateStore: Test Cases/Shopify/CreateStore

2023-02-13 10:52:16 - [TEST_STEP][PASSED] - Start listener action : skipStatus: null

2023-02-13 10:52:16 - [TEST_STEP][PASSED] - map = testCaseContext.getTestCaseVariables(): null

2023-02-13 10:52:16 - [TEST_STEP][PASSED] - testcae_status = map.get("testcase_status"): null

2023-02-13 10:52:16 - [TEST_STEP][PASSED] - println(testcae_status): null

2023-02-13 10:52:16 - [TEST_STEP][PASSED] - if (testcae_status == "Passed" || testcae_status == "Failed"): null

2023-02-13 10:52:16 - [TEST_STEP][PASSED] - log = new com.kms.katalon.core.util.KeywordUtil(): null

2023-02-13 10:52:16 - [TEST_STEP][PASSED] - openBrowser(""): Browser is opened with url: ''

2023-02-13 10:52:16 - [MESSAGE][WARNING] - A browser is already opened. Closing browser and opening a new one

2023-02-13 10:52:16 - [MESSAGE][INFO] - Starting 'Chrome' driver

2023-02-13 10:52:16 - [MESSAGE][INFO] - Action delay is set to 0 milliseconds

2023-02-13 10:52:18 - [MESSAGE][PASSED] - Browser is opened with url: ''

2023-02-13 10:52:18 - [TEST_STEP][PASSED] - maximizeWindow(): Current window maximized

2023-02-13 10:52:18 - [MESSAGE][PASSED] - Current window maximized

2023-02-13 10:52:18 - [TEST_STEP][PASSED] - st = new shopify.store(): null

2023-02-13 10:52:18 - [TEST_STEP][PASSED] - st.loginShopifyPartner(partner_email, partner_password, partner_id): Object: 'Object Repository/Shopify/btn_login' is clicked on

2023-02-13 10:52:25 - [MESSAGE][PASSED] - Navigate to 'https://partners.shopify.com/1662018/stores/new' successfully

2023-02-13 10:52:25 - [MESSAGE][PASSED] - Text 'huynh@firegroup.io' is set on object 'Object Repository/Shopify/input_email_shopify'

2023-02-13 10:52:33 - [MESSAGE][PASSED] - Object: 'Object Repository/Shopify/btn_continue_with_email' is clicked on

2023-02-13 10:52:35 - [MESSAGE][PASSED] - Text ****** has been set on object 'Object Repository/Shopify/input_password_shopify'

2023-02-13 10:53:01 - [MESSAGE][PASSED] - Object: 'Object Repository/Shopify/btn_login' is clicked on

2023-02-13 10:53:01 - [TEST_STEP][PASSED] - st.navigateToStoreDevelop(partner_id): Navigate to 'https://partners.shopify.com/1662018/stores/new?store_type=dev_preview_store&developer_preview_handle=checkout_extensibility' successfully

2023-02-13 10:53:21 - [MESSAGE][PASSED] - Navigate to 'https://partners.shopify.com/1662018/stores/new?store_type=dev_preview_store&developer_preview_handle=checkout_extensibility' successfully

2023-02-13 10:53:21 - [TEST_STEP][PASSED] - st.inputStoreName(store_name): Delayed 5 second(s)

2023-02-13 10:53:22 - [MESSAGE][PASSED] - Text 'huynh-ar-stag-2395' is set on object 'Object Repository/Shopify/input_store_name'

2023-02-13 10:53:27 - [MESSAGE][PASSED] - Delayed 5 second(s)

2023-02-13 10:53:27 - [TEST_STEP][PASSED] - shopify.store.clickCreateStore(): shopify.store.clickCreateStore is PASSED

2023-02-13 10:53:27 - [MESSAGE][PASSED] - Object: 'Object Repository/Shopify/btn_create_store' is clicked on

2023-02-13 10:53:47 - [MESSAGE][PASSED] - Delayed 20 second(s)

2023-02-13 10:53:47 - [MESSAGE][PASSED] - shopify.store.clickCreateStore is PASSED

2023-02-13 10:53:47 - [TEST_STEP][PASSED] - shopify.store.importProduct(product_file_local): shopify.store.importProduct is PASSED

2023-02-13 10:53:59 - [MESSAGE][PASSED] - Object: 'Object Repository/Shopify/span_product' is clicked on

2023-02-13 10:54:01 - [MESSAGE][PASSED] - Object: 'Object Repository/Shopify/span_import_product' is clicked on

2023-02-13 10:54:02 - [MESSAGE][PASSED] - File 'C:\Users\huynh\Documents\Socialhead\Automation\Katalon project\CreateStore\CreateStore\Data\products_export.csv' sent to object: 'Object Repository/Shopify/file_product'

2023-02-13 10:54:02 - [MESSAGE][PASSED] - Object: 'Object Repository/Shopify/span_upload_product_continue' is clicked on

2023-02-13 10:54:06 - [MESSAGE][PASSED] - Object: 'Object Repository/Shopify/btn_product_confirm_import' is clicked on

2023-02-13 10:54:36 - [MESSAGE][PASSED] - Delayed 30 second(s)

2023-02-13 10:54:36 - [MESSAGE][PASSED] - Refresh successfully

2023-02-13 10:54:51 - [MESSAGE][PASSED] - Delayed 15 second(s)

2023-02-13 10:54:51 - [MESSAGE][PASSED] - shopify.store.importProduct is PASSED

2023-02-13 10:54:51 - [TEST_STEP][PASSED] - shopify.store.clickOnMenuOnlineStore(): shopify.store.clickOnMenuOnlineStore is PASSED

2023-02-13 10:54:51 - [MESSAGE][PASSED] - Object: 'Object Repository/Shopify Store/a_onlie_store' is clicked on

2023-02-13 10:55:01 - [MESSAGE][PASSED] - Delayed 10 second(s)

2023-02-13 10:55:01 - [MESSAGE][PASSED] - shopify.store.clickOnMenuOnlineStore is PASSED

2023-02-13 10:55:01 - [TEST_STEP][PASSED] - shopify.store.clickOnImportTheme(): shopify.store.clickOnImportTheme is PASSED

2023-02-13 10:55:02 - [MESSAGE][PASSED] - Object: 'Object Repository/Shopify Store/btn_add_theme' is clicked on

2023-02-13 10:55:02 - [MESSAGE][PASSED] - shopify.store.clickOnImportTheme is PASSED

2023-02-13 10:55:02 - [TEST_STEP][PASSED] - shopify.store.uploadThemeFile(theme_file_local): shopify.store.uploadThemeFile is PASSED

2023-02-13 10:55:02 - [MESSAGE][PASSED] - Object: 'Object Repository/Shopify Store/btn_upload_zip_file' is clicked on

2023-02-13 10:55:03 - [MESSAGE][PASSED] - File 'C:\Users\huynh\Documents\Socialhead\Automation\Katalon project\CreateStore\CreateStore\Data\theme_export__www-circleandluck-com-theme-export-boringwish-com-motion-theme-28ja__07MAY2020-1218am.zip' sent to object: 'Object Repository/Shopify Store/file_theme'

2023-02-13 10:55:03 - [MESSAGE][PASSED] - Object: 'Object Repository/Shopify Store/btn_upload_theme' is clicked on

2023-02-13 10:55:13 - [MESSAGE][PASSED] - Delayed 10 second(s)

2023-02-13 10:55:13 - [MESSAGE][PASSED] - shopify.store.uploadThemeFile is PASSED

2023-02-13 10:55:13 - [TEST_STEP][PASSED] - shopify.store.clickPublishTheme(): shopify.store.clickPublishTheme is PASSED

2023-02-13 10:55:43 - [MESSAGE][PASSED] - Delayed 30 second(s)

2023-02-13 10:55:43 - [MESSAGE][PASSED] - Refresh successfully

2023-02-13 10:56:13 - [MESSAGE][PASSED] - Delayed 30 second(s)

2023-02-13 10:56:14 - [MESSAGE][PASSED] - Object 'Object Repository/Shopify Store/btn_publish_theme' is clickable

2023-02-13 10:56:14 - [MESSAGE][PASSED] - Object: 'Object Repository/Shopify Store/btn_publish_theme' is clicked on

2023-02-13 10:56:14 - [MESSAGE][PASSED] - shopify.store.clickPublishTheme is PASSED

2023-02-13 10:56:14 - [TEST_STEP][PASSED] - shopify.store.confirmPublishTheme(): shopify.store.confirmPublishTheme is PASSED

2023-02-13 10:56:24 - [MESSAGE][PASSED] - Delayed 10 second(s)

2023-02-13 10:56:24 - [MESSAGE][PASSED] - Object: 'Object Repository/Shopify Store/btn_confirm_publish_theme' is clicked on

2023-02-13 10:56:24 - [MESSAGE][PASSED] - shopify.store.confirmPublishTheme is PASSED

2023-02-13 10:56:24 - [TEST_STEP][PASSED] - shopify.store_setting.changeStoreCurrency(currency, store_name): shopify.store_setting.changeStoreCurrency is PASSED

2023-02-13 10:56:34 - [MESSAGE][PASSED] - Delayed 10 second(s)

2023-02-13 10:56:39 - [MESSAGE][PASSED] - Navigate to 'http://huynh-ar-stag-2395.myshopify.com/admin/settings/general' successfully

2023-02-13 10:56:43 - [MESSAGE][PASSED] - All options with value 'USD' are selected in object 'Object Repository/Shopify Store/select_currency' 

2023-02-13 10:56:43 - [MESSAGE][PASSED] - shopify.store_setting.changeStoreCurrency is PASSED

2023-02-13 10:56:43 - [TEST_STEP][PASSED] - shopify.store_setting.saveStoreSetting(): shopify.store_setting.saveStoreSetting is PASSED

2023-02-13 10:56:44 - [MESSAGE][PASSED] - Object: 'Object Repository/Shopify Store/span_save_admin_setting' is clicked on

2023-02-13 10:56:44 - [MESSAGE][PASSED] - shopify.store_setting.saveStoreSetting is PASSED

2023-02-13 10:56:44 - [TEST_STEP][PASSED] - Start tear down : teardownIfPassed: Method 'teardownIfPassed' complete successfully

2023-02-13 10:56:44 - [TEST_STEP][PASSED] - data.excel.updateValueToSheet(file_data, "store", 4, store_name, 7, "Passed"): data.excel.updateValueToSheet is PASSED

2023-02-13 10:56:44 - [MESSAGE][PASSED] - data.excel.updateValueToSheet is PASSED

2023-02-13 10:56:44 - [MESSAGE][PASSED] - Method 'teardownIfPassed' complete successfully]]></system-out>
         <system-err><![CDATA[]]></system-err>
      </testcase>
      <testcase name="Test Cases/Shopify/CreateStore" time="243.098" classname="Test Cases/Shopify/CreateStore" status="PASSED">
         <system-out><![CDATA[2023-02-13 10:56:44 - [TEST_CASE][PASSED] - Test Cases/Shopify/CreateStore: Test Cases/Shopify/CreateStore

2023-02-13 10:56:44 - [TEST_STEP][PASSED] - Start listener action : skipStatus: null

2023-02-13 10:56:44 - [TEST_STEP][PASSED] - map = testCaseContext.getTestCaseVariables(): null

2023-02-13 10:56:44 - [TEST_STEP][PASSED] - testcae_status = map.get("testcase_status"): null

2023-02-13 10:56:44 - [TEST_STEP][PASSED] - println(testcae_status): null

2023-02-13 10:56:44 - [TEST_STEP][PASSED] - if (testcae_status == "Passed" || testcae_status == "Failed"): null

2023-02-13 10:56:44 - [TEST_STEP][PASSED] - log = new com.kms.katalon.core.util.KeywordUtil(): null

2023-02-13 10:56:44 - [TEST_STEP][PASSED] - openBrowser(""): Browser is opened with url: ''

2023-02-13 10:56:44 - [MESSAGE][WARNING] - A browser is already opened. Closing browser and opening a new one

2023-02-13 10:56:44 - [MESSAGE][INFO] - Starting 'Chrome' driver

2023-02-13 10:56:44 - [MESSAGE][INFO] - Action delay is set to 0 milliseconds

2023-02-13 10:56:45 - [MESSAGE][PASSED] - Browser is opened with url: ''

2023-02-13 10:56:45 - [TEST_STEP][PASSED] - maximizeWindow(): Current window maximized

2023-02-13 10:56:45 - [MESSAGE][PASSED] - Current window maximized

2023-02-13 10:56:46 - [TEST_STEP][PASSED] - st = new shopify.store(): null

2023-02-13 10:56:46 - [TEST_STEP][PASSED] - st.loginShopifyPartner(partner_email, partner_password, partner_id): Object: 'Object Repository/Shopify/btn_login' is clicked on

2023-02-13 10:56:49 - [MESSAGE][PASSED] - Navigate to 'https://partners.shopify.com/1662018/stores/new' successfully

2023-02-13 10:56:50 - [MESSAGE][PASSED] - Text 'huynh@firegroup.io' is set on object 'Object Repository/Shopify/input_email_shopify'

2023-02-13 10:56:54 - [MESSAGE][PASSED] - Object: 'Object Repository/Shopify/btn_continue_with_email' is clicked on

2023-02-13 10:56:56 - [MESSAGE][PASSED] - Text ****** has been set on object 'Object Repository/Shopify/input_password_shopify'

2023-02-13 10:57:02 - [MESSAGE][PASSED] - Object: 'Object Repository/Shopify/btn_login' is clicked on

2023-02-13 10:57:02 - [TEST_STEP][PASSED] - st.navigateToStoreDevelop(partner_id): Navigate to 'https://partners.shopify.com/1662018/stores/new?store_type=dev_preview_store&developer_preview_handle=checkout_extensibility' successfully

2023-02-13 10:57:03 - [MESSAGE][PASSED] - Navigate to 'https://partners.shopify.com/1662018/stores/new?store_type=dev_preview_store&developer_preview_handle=checkout_extensibility' successfully

2023-02-13 10:57:03 - [TEST_STEP][PASSED] - st.inputStoreName(store_name): Delayed 5 second(s)

2023-02-13 10:57:21 - [MESSAGE][PASSED] - Text 'huynh-ar-stag-2396' is set on object 'Object Repository/Shopify/input_store_name'

2023-02-13 10:57:26 - [MESSAGE][PASSED] - Delayed 5 second(s)

2023-02-13 10:57:26 - [TEST_STEP][PASSED] - shopify.store.clickCreateStore(): shopify.store.clickCreateStore is PASSED

2023-02-13 10:57:27 - [MESSAGE][PASSED] - Object: 'Object Repository/Shopify/btn_create_store' is clicked on

2023-02-13 10:57:47 - [MESSAGE][PASSED] - Delayed 20 second(s)

2023-02-13 10:57:47 - [MESSAGE][PASSED] - shopify.store.clickCreateStore is PASSED

2023-02-13 10:57:47 - [TEST_STEP][PASSED] - shopify.store.importProduct(product_file_local): shopify.store.importProduct is PASSED

2023-02-13 10:58:03 - [MESSAGE][PASSED] - Object: 'Object Repository/Shopify/span_product' is clicked on

2023-02-13 10:58:05 - [MESSAGE][PASSED] - Object: 'Object Repository/Shopify/span_import_product' is clicked on

2023-02-13 10:58:06 - [MESSAGE][PASSED] - File 'C:\Users\huynh\Documents\Socialhead\Automation\Katalon project\CreateStore\CreateStore\Data\products_export.csv' sent to object: 'Object Repository/Shopify/file_product'

2023-02-13 10:58:06 - [MESSAGE][PASSED] - Object: 'Object Repository/Shopify/span_upload_product_continue' is clicked on

2023-02-13 10:58:09 - [MESSAGE][PASSED] - Object: 'Object Repository/Shopify/btn_product_confirm_import' is clicked on

2023-02-13 10:58:39 - [MESSAGE][PASSED] - Delayed 30 second(s)

2023-02-13 10:58:39 - [MESSAGE][PASSED] - Refresh successfully

2023-02-13 10:58:54 - [MESSAGE][PASSED] - Delayed 15 second(s)

2023-02-13 10:58:54 - [MESSAGE][PASSED] - shopify.store.importProduct is PASSED

2023-02-13 10:58:54 - [TEST_STEP][PASSED] - shopify.store.clickOnMenuOnlineStore(): shopify.store.clickOnMenuOnlineStore is PASSED

2023-02-13 10:58:55 - [MESSAGE][PASSED] - Object: 'Object Repository/Shopify Store/a_onlie_store' is clicked on

2023-02-13 10:59:05 - [MESSAGE][PASSED] - Delayed 10 second(s)

2023-02-13 10:59:05 - [MESSAGE][PASSED] - shopify.store.clickOnMenuOnlineStore is PASSED

2023-02-13 10:59:05 - [TEST_STEP][PASSED] - shopify.store.clickOnImportTheme(): shopify.store.clickOnImportTheme is PASSED

2023-02-13 10:59:06 - [MESSAGE][PASSED] - Object: 'Object Repository/Shopify Store/btn_add_theme' is clicked on

2023-02-13 10:59:06 - [MESSAGE][PASSED] - shopify.store.clickOnImportTheme is PASSED

2023-02-13 10:59:06 - [TEST_STEP][PASSED] - shopify.store.uploadThemeFile(theme_file_local): shopify.store.uploadThemeFile is PASSED

2023-02-13 10:59:06 - [MESSAGE][PASSED] - Object: 'Object Repository/Shopify Store/btn_upload_zip_file' is clicked on

2023-02-13 10:59:06 - [MESSAGE][PASSED] - File 'C:\Users\huynh\Documents\Socialhead\Automation\Katalon project\CreateStore\CreateStore\Data\theme_export__www-circleandluck-com-turbo__07MAY2020-1218am.zip' sent to object: 'Object Repository/Shopify Store/file_theme'

2023-02-13 10:59:07 - [MESSAGE][PASSED] - Object: 'Object Repository/Shopify Store/btn_upload_theme' is clicked on

2023-02-13 10:59:17 - [MESSAGE][PASSED] - Delayed 10 second(s)

2023-02-13 10:59:17 - [MESSAGE][PASSED] - shopify.store.uploadThemeFile is PASSED

2023-02-13 10:59:17 - [TEST_STEP][PASSED] - shopify.store.clickPublishTheme(): shopify.store.clickPublishTheme is PASSED

2023-02-13 10:59:47 - [MESSAGE][PASSED] - Delayed 30 second(s)

2023-02-13 10:59:47 - [MESSAGE][PASSED] - Refresh successfully

2023-02-13 11:00:17 - [MESSAGE][PASSED] - Delayed 30 second(s)

2023-02-13 11:00:18 - [MESSAGE][PASSED] - Object 'Object Repository/Shopify Store/btn_publish_theme' is clickable

2023-02-13 11:00:18 - [MESSAGE][PASSED] - Object: 'Object Repository/Shopify Store/btn_publish_theme' is clicked on

2023-02-13 11:00:18 - [MESSAGE][PASSED] - shopify.store.clickPublishTheme is PASSED

2023-02-13 11:00:18 - [TEST_STEP][PASSED] - shopify.store.confirmPublishTheme(): shopify.store.confirmPublishTheme is PASSED

2023-02-13 11:00:28 - [MESSAGE][PASSED] - Delayed 10 second(s)

2023-02-13 11:00:28 - [MESSAGE][PASSED] - Object: 'Object Repository/Shopify Store/btn_confirm_publish_theme' is clicked on

2023-02-13 11:00:28 - [MESSAGE][PASSED] - shopify.store.confirmPublishTheme is PASSED

2023-02-13 11:00:28 - [TEST_STEP][PASSED] - shopify.store_setting.changeStoreCurrency(currency, store_name): shopify.store_setting.changeStoreCurrency is PASSED

2023-02-13 11:00:38 - [MESSAGE][PASSED] - Delayed 10 second(s)

2023-02-13 11:00:41 - [MESSAGE][PASSED] - Navigate to 'http://huynh-ar-stag-2396.myshopify.com/admin/settings/general' successfully

2023-02-13 11:00:46 - [MESSAGE][PASSED] - All options with value 'USD' are selected in object 'Object Repository/Shopify Store/select_currency' 

2023-02-13 11:00:46 - [MESSAGE][PASSED] - shopify.store_setting.changeStoreCurrency is PASSED

2023-02-13 11:00:46 - [TEST_STEP][PASSED] - shopify.store_setting.saveStoreSetting(): shopify.store_setting.saveStoreSetting is PASSED

2023-02-13 11:00:47 - [MESSAGE][PASSED] - Object: 'Object Repository/Shopify Store/span_save_admin_setting' is clicked on

2023-02-13 11:00:47 - [MESSAGE][PASSED] - shopify.store_setting.saveStoreSetting is PASSED

2023-02-13 11:00:47 - [TEST_STEP][PASSED] - Start tear down : teardownIfPassed: Method 'teardownIfPassed' complete successfully

2023-02-13 11:00:47 - [TEST_STEP][PASSED] - data.excel.updateValueToSheet(file_data, "store", 4, store_name, 7, "Passed"): data.excel.updateValueToSheet is PASSED

2023-02-13 11:00:47 - [MESSAGE][PASSED] - data.excel.updateValueToSheet is PASSED

2023-02-13 11:00:47 - [MESSAGE][PASSED] - Method 'teardownIfPassed' complete successfully]]></system-out>
         <system-err><![CDATA[]]></system-err>
      </testcase>
      <testcase name="Test Cases/Shopify/CreateStore" time="248.536" classname="Test Cases/Shopify/CreateStore" status="PASSED">
         <system-out><![CDATA[2023-02-13 11:00:47 - [TEST_CASE][PASSED] - Test Cases/Shopify/CreateStore: Test Cases/Shopify/CreateStore

2023-02-13 11:00:47 - [TEST_STEP][PASSED] - Start listener action : skipStatus: null

2023-02-13 11:00:47 - [TEST_STEP][PASSED] - map = testCaseContext.getTestCaseVariables(): null

2023-02-13 11:00:47 - [TEST_STEP][PASSED] - testcae_status = map.get("testcase_status"): null

2023-02-13 11:00:47 - [TEST_STEP][PASSED] - println(testcae_status): null

2023-02-13 11:00:47 - [TEST_STEP][PASSED] - if (testcae_status == "Passed" || testcae_status == "Failed"): null

2023-02-13 11:00:47 - [TEST_STEP][PASSED] - log = new com.kms.katalon.core.util.KeywordUtil(): null

2023-02-13 11:00:47 - [TEST_STEP][PASSED] - openBrowser(""): Browser is opened with url: ''

2023-02-13 11:00:47 - [MESSAGE][WARNING] - A browser is already opened. Closing browser and opening a new one

2023-02-13 11:00:47 - [MESSAGE][INFO] - Starting 'Chrome' driver

2023-02-13 11:00:47 - [MESSAGE][INFO] - Action delay is set to 0 milliseconds

2023-02-13 11:00:49 - [MESSAGE][PASSED] - Browser is opened with url: ''

2023-02-13 11:00:49 - [TEST_STEP][PASSED] - maximizeWindow(): Current window maximized

2023-02-13 11:00:49 - [MESSAGE][PASSED] - Current window maximized

2023-02-13 11:00:49 - [TEST_STEP][PASSED] - st = new shopify.store(): null

2023-02-13 11:00:49 - [TEST_STEP][PASSED] - st.loginShopifyPartner(partner_email, partner_password, partner_id): Object: 'Object Repository/Shopify/btn_login' is clicked on

2023-02-13 11:00:53 - [MESSAGE][PASSED] - Navigate to 'https://partners.shopify.com/1662018/stores/new' successfully

2023-02-13 11:00:54 - [MESSAGE][PASSED] - Text 'huynh@firegroup.io' is set on object 'Object Repository/Shopify/input_email_shopify'

2023-02-13 11:00:57 - [MESSAGE][PASSED] - Object: 'Object Repository/Shopify/btn_continue_with_email' is clicked on

2023-02-13 11:00:59 - [MESSAGE][PASSED] - Text ****** has been set on object 'Object Repository/Shopify/input_password_shopify'

2023-02-13 11:01:25 - [MESSAGE][PASSED] - Object: 'Object Repository/Shopify/btn_login' is clicked on

2023-02-13 11:01:25 - [TEST_STEP][PASSED] - st.navigateToStoreDevelop(partner_id): Navigate to 'https://partners.shopify.com/1662018/stores/new?store_type=dev_preview_store&developer_preview_handle=checkout_extensibility' successfully

2023-02-13 11:01:26 - [MESSAGE][PASSED] - Navigate to 'https://partners.shopify.com/1662018/stores/new?store_type=dev_preview_store&developer_preview_handle=checkout_extensibility' successfully

2023-02-13 11:01:26 - [TEST_STEP][PASSED] - st.inputStoreName(store_name): Delayed 5 second(s)

2023-02-13 11:01:28 - [MESSAGE][PASSED] - Text 'huynh-ar-stag-2397' is set on object 'Object Repository/Shopify/input_store_name'

2023-02-13 11:01:33 - [MESSAGE][PASSED] - Delayed 5 second(s)

2023-02-13 11:01:33 - [TEST_STEP][PASSED] - shopify.store.clickCreateStore(): shopify.store.clickCreateStore is PASSED

2023-02-13 11:01:33 - [MESSAGE][PASSED] - Object: 'Object Repository/Shopify/btn_create_store' is clicked on

2023-02-13 11:01:53 - [MESSAGE][PASSED] - Delayed 20 second(s)

2023-02-13 11:01:53 - [MESSAGE][PASSED] - shopify.store.clickCreateStore is PASSED

2023-02-13 11:01:53 - [TEST_STEP][PASSED] - shopify.store.importProduct(product_file_local): shopify.store.importProduct is PASSED

2023-02-13 11:02:08 - [MESSAGE][PASSED] - Object: 'Object Repository/Shopify/span_product' is clicked on

2023-02-13 11:02:11 - [MESSAGE][PASSED] - Object: 'Object Repository/Shopify/span_import_product' is clicked on

2023-02-13 11:02:11 - [MESSAGE][PASSED] - File 'C:\Users\huynh\Documents\Socialhead\Automation\Katalon project\CreateStore\CreateStore\Data\products_export.csv' sent to object: 'Object Repository/Shopify/file_product'

2023-02-13 11:02:12 - [MESSAGE][PASSED] - Object: 'Object Repository/Shopify/span_upload_product_continue' is clicked on

2023-02-13 11:02:15 - [MESSAGE][PASSED] - Object: 'Object Repository/Shopify/btn_product_confirm_import' is clicked on

2023-02-13 11:02:45 - [MESSAGE][PASSED] - Delayed 30 second(s)

2023-02-13 11:02:45 - [MESSAGE][PASSED] - Refresh successfully

2023-02-13 11:03:00 - [MESSAGE][PASSED] - Delayed 15 second(s)

2023-02-13 11:03:00 - [MESSAGE][PASSED] - shopify.store.importProduct is PASSED

2023-02-13 11:03:00 - [TEST_STEP][PASSED] - shopify.store.clickOnMenuOnlineStore(): shopify.store.clickOnMenuOnlineStore is PASSED

2023-02-13 11:03:01 - [MESSAGE][PASSED] - Object: 'Object Repository/Shopify Store/a_onlie_store' is clicked on

2023-02-13 11:03:11 - [MESSAGE][PASSED] - Delayed 10 second(s)

2023-02-13 11:03:11 - [MESSAGE][PASSED] - shopify.store.clickOnMenuOnlineStore is PASSED

2023-02-13 11:03:11 - [TEST_STEP][PASSED] - shopify.store.clickOnImportTheme(): shopify.store.clickOnImportTheme is PASSED

2023-02-13 11:03:11 - [MESSAGE][PASSED] - Object: 'Object Repository/Shopify Store/btn_add_theme' is clicked on

2023-02-13 11:03:11 - [MESSAGE][PASSED] - shopify.store.clickOnImportTheme is PASSED

2023-02-13 11:03:11 - [TEST_STEP][PASSED] - shopify.store.uploadThemeFile(theme_file_local): shopify.store.uploadThemeFile is PASSED

2023-02-13 11:03:11 - [MESSAGE][PASSED] - Object: 'Object Repository/Shopify Store/btn_upload_zip_file' is clicked on

2023-02-13 11:03:12 - [MESSAGE][PASSED] - File 'C:\Users\huynh\Documents\Socialhead\Automation\Katalon project\CreateStore\CreateStore\Data\theme_export__www-creativeheavens-com-triss-home-2__10MAR2021-1143am.zip' sent to object: 'Object Repository/Shopify Store/file_theme'

2023-02-13 11:03:12 - [MESSAGE][PASSED] - Object: 'Object Repository/Shopify Store/btn_upload_theme' is clicked on

2023-02-13 11:03:22 - [MESSAGE][PASSED] - Delayed 10 second(s)

2023-02-13 11:03:22 - [MESSAGE][PASSED] - shopify.store.uploadThemeFile is PASSED

2023-02-13 11:03:22 - [TEST_STEP][PASSED] - shopify.store.clickPublishTheme(): shopify.store.clickPublishTheme is PASSED

2023-02-13 11:03:52 - [MESSAGE][PASSED] - Delayed 30 second(s)

2023-02-13 11:03:54 - [MESSAGE][PASSED] - Refresh successfully

2023-02-13 11:04:24 - [MESSAGE][PASSED] - Delayed 30 second(s)

2023-02-13 11:04:24 - [MESSAGE][PASSED] - Object 'Object Repository/Shopify Store/btn_publish_theme' is clickable

2023-02-13 11:04:24 - [MESSAGE][PASSED] - Object: 'Object Repository/Shopify Store/btn_publish_theme' is clicked on

2023-02-13 11:04:24 - [MESSAGE][PASSED] - shopify.store.clickPublishTheme is PASSED

2023-02-13 11:04:24 - [TEST_STEP][PASSED] - shopify.store.confirmPublishTheme(): shopify.store.confirmPublishTheme is PASSED

2023-02-13 11:04:34 - [MESSAGE][PASSED] - Delayed 10 second(s)

2023-02-13 11:04:35 - [MESSAGE][PASSED] - Object: 'Object Repository/Shopify Store/btn_confirm_publish_theme' is clicked on

2023-02-13 11:04:35 - [MESSAGE][PASSED] - shopify.store.confirmPublishTheme is PASSED

2023-02-13 11:04:35 - [TEST_STEP][PASSED] - shopify.store_setting.changeStoreCurrency(currency, store_name): shopify.store_setting.changeStoreCurrency is PASSED

2023-02-13 11:04:45 - [MESSAGE][PASSED] - Delayed 10 second(s)

2023-02-13 11:04:49 - [MESSAGE][PASSED] - Navigate to 'http://huynh-ar-stag-2397.myshopify.com/admin/settings/general' successfully

2023-02-13 11:04:55 - [MESSAGE][PASSED] - All options with value 'USD' are selected in object 'Object Repository/Shopify Store/select_currency' 

2023-02-13 11:04:55 - [MESSAGE][PASSED] - shopify.store_setting.changeStoreCurrency is PASSED

2023-02-13 11:04:55 - [TEST_STEP][PASSED] - shopify.store_setting.saveStoreSetting(): shopify.store_setting.saveStoreSetting is PASSED

2023-02-13 11:04:55 - [MESSAGE][PASSED] - Object: 'Object Repository/Shopify Store/span_save_admin_setting' is clicked on

2023-02-13 11:04:55 - [MESSAGE][PASSED] - shopify.store_setting.saveStoreSetting is PASSED

2023-02-13 11:04:55 - [TEST_STEP][PASSED] - Start tear down : teardownIfPassed: Method 'teardownIfPassed' complete successfully

2023-02-13 11:04:55 - [TEST_STEP][PASSED] - data.excel.updateValueToSheet(file_data, "store", 4, store_name, 7, "Passed"): data.excel.updateValueToSheet is PASSED

2023-02-13 11:04:55 - [MESSAGE][PASSED] - data.excel.updateValueToSheet is PASSED

2023-02-13 11:04:55 - [MESSAGE][PASSED] - Method 'teardownIfPassed' complete successfully]]></system-out>
         <system-err><![CDATA[]]></system-err>
      </testcase>
      <testcase name="Test Cases/Shopify/CreateStore" time="221.568" classname="Test Cases/Shopify/CreateStore" status="PASSED">
         <system-out><![CDATA[2023-02-13 11:04:55 - [TEST_CASE][PASSED] - Test Cases/Shopify/CreateStore: Test Cases/Shopify/CreateStore

2023-02-13 11:04:55 - [TEST_STEP][PASSED] - Start listener action : skipStatus: null

2023-02-13 11:04:55 - [TEST_STEP][PASSED] - map = testCaseContext.getTestCaseVariables(): null

2023-02-13 11:04:55 - [TEST_STEP][PASSED] - testcae_status = map.get("testcase_status"): null

2023-02-13 11:04:55 - [TEST_STEP][PASSED] - println(testcae_status): null

2023-02-13 11:04:55 - [TEST_STEP][PASSED] - if (testcae_status == "Passed" || testcae_status == "Failed"): null

2023-02-13 11:04:55 - [TEST_STEP][PASSED] - log = new com.kms.katalon.core.util.KeywordUtil(): null

2023-02-13 11:04:55 - [TEST_STEP][PASSED] - openBrowser(""): Browser is opened with url: ''

2023-02-13 11:04:55 - [MESSAGE][WARNING] - A browser is already opened. Closing browser and opening a new one

2023-02-13 11:04:56 - [MESSAGE][INFO] - Starting 'Chrome' driver

2023-02-13 11:04:56 - [MESSAGE][INFO] - Action delay is set to 0 milliseconds

2023-02-13 11:04:57 - [MESSAGE][PASSED] - Browser is opened with url: ''

2023-02-13 11:04:57 - [TEST_STEP][PASSED] - maximizeWindow(): Current window maximized

2023-02-13 11:04:57 - [MESSAGE][PASSED] - Current window maximized

2023-02-13 11:04:57 - [TEST_STEP][PASSED] - st = new shopify.store(): null

2023-02-13 11:04:57 - [TEST_STEP][PASSED] - st.loginShopifyPartner(partner_email, partner_password, partner_id): Object: 'Object Repository/Shopify/btn_login' is clicked on

2023-02-13 11:05:01 - [MESSAGE][PASSED] - Navigate to 'https://partners.shopify.com/1662018/stores/new' successfully

2023-02-13 11:05:02 - [MESSAGE][PASSED] - Text 'huynh@firegroup.io' is set on object 'Object Repository/Shopify/input_email_shopify'

2023-02-13 11:05:03 - [MESSAGE][PASSED] - Object: 'Object Repository/Shopify/btn_continue_with_email' is clicked on

2023-02-13 11:05:05 - [MESSAGE][PASSED] - Text ****** has been set on object 'Object Repository/Shopify/input_password_shopify'

2023-02-13 11:05:10 - [MESSAGE][PASSED] - Object: 'Object Repository/Shopify/btn_login' is clicked on

2023-02-13 11:05:10 - [TEST_STEP][PASSED] - st.navigateToStoreDevelop(partner_id): Navigate to 'https://partners.shopify.com/1662018/stores/new?store_type=dev_preview_store&developer_preview_handle=checkout_extensibility' successfully

2023-02-13 11:05:12 - [MESSAGE][PASSED] - Navigate to 'https://partners.shopify.com/1662018/stores/new?store_type=dev_preview_store&developer_preview_handle=checkout_extensibility' successfully

2023-02-13 11:05:12 - [TEST_STEP][PASSED] - st.inputStoreName(store_name): Delayed 5 second(s)

2023-02-13 11:05:13 - [MESSAGE][PASSED] - Text 'huynh-ar-stag-2398' is set on object 'Object Repository/Shopify/input_store_name'

2023-02-13 11:05:18 - [MESSAGE][PASSED] - Delayed 5 second(s)

2023-02-13 11:05:18 - [TEST_STEP][PASSED] - shopify.store.clickCreateStore(): shopify.store.clickCreateStore is PASSED

2023-02-13 11:05:19 - [MESSAGE][PASSED] - Object: 'Object Repository/Shopify/btn_create_store' is clicked on

2023-02-13 11:05:39 - [MESSAGE][PASSED] - Delayed 20 second(s)

2023-02-13 11:05:39 - [MESSAGE][PASSED] - shopify.store.clickCreateStore is PASSED

2023-02-13 11:05:39 - [TEST_STEP][PASSED] - shopify.store.importProduct(product_file_local): shopify.store.importProduct is PASSED

2023-02-13 11:05:50 - [MESSAGE][PASSED] - Object: 'Object Repository/Shopify/span_product' is clicked on

2023-02-13 11:05:52 - [MESSAGE][PASSED] - Object: 'Object Repository/Shopify/span_import_product' is clicked on

2023-02-13 11:05:52 - [MESSAGE][PASSED] - File 'C:\Users\huynh\Documents\Socialhead\Automation\Katalon project\CreateStore\CreateStore\Data\products_export.csv' sent to object: 'Object Repository/Shopify/file_product'

2023-02-13 11:05:53 - [MESSAGE][PASSED] - Object: 'Object Repository/Shopify/span_upload_product_continue' is clicked on

2023-02-13 11:05:57 - [MESSAGE][PASSED] - Object: 'Object Repository/Shopify/btn_product_confirm_import' is clicked on

2023-02-13 11:06:27 - [MESSAGE][PASSED] - Delayed 30 second(s)

2023-02-13 11:06:27 - [MESSAGE][PASSED] - Refresh successfully

2023-02-13 11:06:42 - [MESSAGE][PASSED] - Delayed 15 second(s)

2023-02-13 11:06:42 - [MESSAGE][PASSED] - shopify.store.importProduct is PASSED

2023-02-13 11:06:42 - [TEST_STEP][PASSED] - shopify.store.clickOnMenuOnlineStore(): shopify.store.clickOnMenuOnlineStore is PASSED

2023-02-13 11:06:43 - [MESSAGE][PASSED] - Object: 'Object Repository/Shopify Store/a_onlie_store' is clicked on

2023-02-13 11:06:53 - [MESSAGE][PASSED] - Delayed 10 second(s)

2023-02-13 11:06:53 - [MESSAGE][PASSED] - shopify.store.clickOnMenuOnlineStore is PASSED

2023-02-13 11:06:53 - [TEST_STEP][PASSED] - shopify.store.clickOnImportTheme(): shopify.store.clickOnImportTheme is PASSED

2023-02-13 11:06:53 - [MESSAGE][PASSED] - Object: 'Object Repository/Shopify Store/btn_add_theme' is clicked on

2023-02-13 11:06:53 - [MESSAGE][PASSED] - shopify.store.clickOnImportTheme is PASSED

2023-02-13 11:06:53 - [TEST_STEP][PASSED] - shopify.store.uploadThemeFile(theme_file_local): shopify.store.uploadThemeFile is PASSED

2023-02-13 11:06:53 - [MESSAGE][PASSED] - Object: 'Object Repository/Shopify Store/btn_upload_zip_file' is clicked on

2023-02-13 11:06:54 - [MESSAGE][PASSED] - File 'C:\Users\huynh\Documents\Socialhead\Automation\Katalon project\CreateStore\CreateStore\Data\theme_export__www-dexter-store-com-brooklyn__19MAY2021-1019am.zip' sent to object: 'Object Repository/Shopify Store/file_theme'

2023-02-13 11:06:54 - [MESSAGE][PASSED] - Object: 'Object Repository/Shopify Store/btn_upload_theme' is clicked on

2023-02-13 11:07:04 - [MESSAGE][PASSED] - Delayed 10 second(s)

2023-02-13 11:07:04 - [MESSAGE][PASSED] - shopify.store.uploadThemeFile is PASSED

2023-02-13 11:07:04 - [TEST_STEP][PASSED] - shopify.store.clickPublishTheme(): shopify.store.clickPublishTheme is PASSED

2023-02-13 11:07:34 - [MESSAGE][PASSED] - Delayed 30 second(s)

2023-02-13 11:07:37 - [MESSAGE][PASSED] - Refresh successfully

2023-02-13 11:08:07 - [MESSAGE][PASSED] - Delayed 30 second(s)

2023-02-13 11:08:07 - [MESSAGE][PASSED] - Object 'Object Repository/Shopify Store/btn_publish_theme' is clickable

2023-02-13 11:08:07 - [MESSAGE][PASSED] - Object: 'Object Repository/Shopify Store/btn_publish_theme' is clicked on

2023-02-13 11:08:07 - [MESSAGE][PASSED] - shopify.store.clickPublishTheme is PASSED

2023-02-13 11:08:07 - [TEST_STEP][PASSED] - shopify.store.confirmPublishTheme(): shopify.store.confirmPublishTheme is PASSED

2023-02-13 11:08:17 - [MESSAGE][PASSED] - Delayed 10 second(s)

2023-02-13 11:08:18 - [MESSAGE][PASSED] - Object: 'Object Repository/Shopify Store/btn_confirm_publish_theme' is clicked on

2023-02-13 11:08:18 - [MESSAGE][PASSED] - shopify.store.confirmPublishTheme is PASSED

2023-02-13 11:08:18 - [TEST_STEP][PASSED] - shopify.store_setting.changeStoreCurrency(currency, store_name): shopify.store_setting.changeStoreCurrency is PASSED

2023-02-13 11:08:28 - [MESSAGE][PASSED] - Delayed 10 second(s)

2023-02-13 11:08:32 - [MESSAGE][PASSED] - Navigate to 'http://huynh-ar-stag-2398.myshopify.com/admin/settings/general' successfully

2023-02-13 11:08:36 - [MESSAGE][PASSED] - All options with value 'USD' are selected in object 'Object Repository/Shopify Store/select_currency' 

2023-02-13 11:08:36 - [MESSAGE][PASSED] - shopify.store_setting.changeStoreCurrency is PASSED

2023-02-13 11:08:36 - [TEST_STEP][PASSED] - shopify.store_setting.saveStoreSetting(): shopify.store_setting.saveStoreSetting is PASSED

2023-02-13 11:08:37 - [MESSAGE][PASSED] - Object: 'Object Repository/Shopify Store/span_save_admin_setting' is clicked on

2023-02-13 11:08:37 - [MESSAGE][PASSED] - shopify.store_setting.saveStoreSetting is PASSED

2023-02-13 11:08:37 - [TEST_STEP][PASSED] - Start tear down : teardownIfPassed: Method 'teardownIfPassed' complete successfully

2023-02-13 11:08:37 - [TEST_STEP][PASSED] - data.excel.updateValueToSheet(file_data, "store", 4, store_name, 7, "Passed"): data.excel.updateValueToSheet is PASSED

2023-02-13 11:08:37 - [MESSAGE][PASSED] - data.excel.updateValueToSheet is PASSED

2023-02-13 11:08:37 - [MESSAGE][PASSED] - Method 'teardownIfPassed' complete successfully]]></system-out>
         <system-err><![CDATA[]]></system-err>
      </testcase>
      <testcase name="Test Cases/Shopify/CreateStore" time="245.263" classname="Test Cases/Shopify/CreateStore" status="PASSED">
         <system-out><![CDATA[2023-02-13 11:08:37 - [TEST_CASE][PASSED] - Test Cases/Shopify/CreateStore: Test Cases/Shopify/CreateStore

2023-02-13 11:08:37 - [TEST_STEP][PASSED] - Start listener action : skipStatus: null

2023-02-13 11:08:37 - [TEST_STEP][PASSED] - map = testCaseContext.getTestCaseVariables(): null

2023-02-13 11:08:37 - [TEST_STEP][PASSED] - testcae_status = map.get("testcase_status"): null

2023-02-13 11:08:37 - [TEST_STEP][PASSED] - println(testcae_status): null

2023-02-13 11:08:37 - [TEST_STEP][PASSED] - if (testcae_status == "Passed" || testcae_status == "Failed"): null

2023-02-13 11:08:37 - [TEST_STEP][PASSED] - log = new com.kms.katalon.core.util.KeywordUtil(): null

2023-02-13 11:08:37 - [TEST_STEP][PASSED] - openBrowser(""): Browser is opened with url: ''

2023-02-13 11:08:37 - [MESSAGE][WARNING] - A browser is already opened. Closing browser and opening a new one

2023-02-13 11:08:38 - [MESSAGE][INFO] - Starting 'Chrome' driver

2023-02-13 11:08:38 - [MESSAGE][INFO] - Action delay is set to 0 milliseconds

2023-02-13 11:08:39 - [MESSAGE][PASSED] - Browser is opened with url: ''

2023-02-13 11:08:39 - [TEST_STEP][PASSED] - maximizeWindow(): Current window maximized

2023-02-13 11:08:39 - [MESSAGE][PASSED] - Current window maximized

2023-02-13 11:08:39 - [TEST_STEP][PASSED] - st = new shopify.store(): null

2023-02-13 11:08:39 - [TEST_STEP][PASSED] - st.loginShopifyPartner(partner_email, partner_password, partner_id): Object: 'Object Repository/Shopify/btn_login' is clicked on

2023-02-13 11:08:43 - [MESSAGE][PASSED] - Navigate to 'https://partners.shopify.com/1662018/stores/new' successfully

2023-02-13 11:08:44 - [MESSAGE][PASSED] - Text 'huynh@firegroup.io' is set on object 'Object Repository/Shopify/input_email_shopify'

2023-02-13 11:08:49 - [MESSAGE][PASSED] - Object: 'Object Repository/Shopify/btn_continue_with_email' is clicked on

2023-02-13 11:08:51 - [MESSAGE][PASSED] - Text ****** has been set on object 'Object Repository/Shopify/input_password_shopify'

2023-02-13 11:09:05 - [MESSAGE][PASSED] - Object: 'Object Repository/Shopify/btn_login' is clicked on

2023-02-13 11:09:05 - [TEST_STEP][PASSED] - st.navigateToStoreDevelop(partner_id): Navigate to 'https://partners.shopify.com/1662018/stores/new?store_type=dev_preview_store&developer_preview_handle=checkout_extensibility' successfully

2023-02-13 11:09:06 - [MESSAGE][PASSED] - Navigate to 'https://partners.shopify.com/1662018/stores/new?store_type=dev_preview_store&developer_preview_handle=checkout_extensibility' successfully

2023-02-13 11:09:06 - [TEST_STEP][PASSED] - st.inputStoreName(store_name): Delayed 5 second(s)

2023-02-13 11:09:19 - [MESSAGE][PASSED] - Text 'huynh-ar-stag-2399' is set on object 'Object Repository/Shopify/input_store_name'

2023-02-13 11:09:24 - [MESSAGE][PASSED] - Delayed 5 second(s)

2023-02-13 11:09:24 - [TEST_STEP][PASSED] - shopify.store.clickCreateStore(): shopify.store.clickCreateStore is PASSED

2023-02-13 11:09:24 - [MESSAGE][PASSED] - Object: 'Object Repository/Shopify/btn_create_store' is clicked on

2023-02-13 11:09:44 - [MESSAGE][PASSED] - Delayed 20 second(s)

2023-02-13 11:09:44 - [MESSAGE][PASSED] - shopify.store.clickCreateStore is PASSED

2023-02-13 11:09:44 - [TEST_STEP][PASSED] - shopify.store.importProduct(product_file_local): shopify.store.importProduct is PASSED

2023-02-13 11:09:56 - [MESSAGE][PASSED] - Object: 'Object Repository/Shopify/span_product' is clicked on

2023-02-13 11:09:57 - [MESSAGE][PASSED] - Object: 'Object Repository/Shopify/span_import_product' is clicked on

2023-02-13 11:09:58 - [MESSAGE][PASSED] - File 'C:\Users\huynh\Documents\Socialhead\Automation\Katalon project\CreateStore\CreateStore\Data\products_export.csv' sent to object: 'Object Repository/Shopify/file_product'

2023-02-13 11:09:59 - [MESSAGE][PASSED] - Object: 'Object Repository/Shopify/span_upload_product_continue' is clicked on

2023-02-13 11:10:03 - [MESSAGE][PASSED] - Object: 'Object Repository/Shopify/btn_product_confirm_import' is clicked on

2023-02-13 11:10:33 - [MESSAGE][PASSED] - Delayed 30 second(s)

2023-02-13 11:10:33 - [MESSAGE][PASSED] - Refresh successfully

2023-02-13 11:10:48 - [MESSAGE][PASSED] - Delayed 15 second(s)

2023-02-13 11:10:48 - [MESSAGE][PASSED] - shopify.store.importProduct is PASSED

2023-02-13 11:10:48 - [TEST_STEP][PASSED] - shopify.store.clickOnMenuOnlineStore(): shopify.store.clickOnMenuOnlineStore is PASSED

2023-02-13 11:10:49 - [MESSAGE][PASSED] - Object: 'Object Repository/Shopify Store/a_onlie_store' is clicked on

2023-02-13 11:10:59 - [MESSAGE][PASSED] - Delayed 10 second(s)

2023-02-13 11:10:59 - [MESSAGE][PASSED] - shopify.store.clickOnMenuOnlineStore is PASSED

2023-02-13 11:10:59 - [TEST_STEP][PASSED] - shopify.store.clickOnImportTheme(): shopify.store.clickOnImportTheme is PASSED

2023-02-13 11:10:59 - [MESSAGE][PASSED] - Object: 'Object Repository/Shopify Store/btn_add_theme' is clicked on

2023-02-13 11:10:59 - [MESSAGE][PASSED] - shopify.store.clickOnImportTheme is PASSED

2023-02-13 11:10:59 - [TEST_STEP][PASSED] - shopify.store.uploadThemeFile(theme_file_local): shopify.store.uploadThemeFile is PASSED

2023-02-13 11:10:59 - [MESSAGE][PASSED] - Object: 'Object Repository/Shopify Store/btn_upload_zip_file' is clicked on

2023-02-13 11:11:00 - [MESSAGE][PASSED] - File 'C:\Users\huynh\Documents\Socialhead\Automation\Katalon project\CreateStore\CreateStore\Data\theme_export__www-ecosusi-com-streamline__08MAR2021-0643pm.zip' sent to object: 'Object Repository/Shopify Store/file_theme'

2023-02-13 11:11:00 - [MESSAGE][PASSED] - Object: 'Object Repository/Shopify Store/btn_upload_theme' is clicked on

2023-02-13 11:11:10 - [MESSAGE][PASSED] - Delayed 10 second(s)

2023-02-13 11:11:10 - [MESSAGE][PASSED] - shopify.store.uploadThemeFile is PASSED

2023-02-13 11:11:10 - [TEST_STEP][PASSED] - shopify.store.clickPublishTheme(): shopify.store.clickPublishTheme is PASSED

2023-02-13 11:11:40 - [MESSAGE][PASSED] - Delayed 30 second(s)

2023-02-13 11:11:41 - [MESSAGE][PASSED] - Refresh successfully

2023-02-13 11:12:11 - [MESSAGE][PASSED] - Delayed 30 second(s)

2023-02-13 11:12:11 - [MESSAGE][PASSED] - Object 'Object Repository/Shopify Store/btn_publish_theme' is clickable

2023-02-13 11:12:11 - [MESSAGE][PASSED] - Object: 'Object Repository/Shopify Store/btn_publish_theme' is clicked on

2023-02-13 11:12:11 - [MESSAGE][PASSED] - shopify.store.clickPublishTheme is PASSED

2023-02-13 11:12:11 - [TEST_STEP][PASSED] - shopify.store.confirmPublishTheme(): shopify.store.confirmPublishTheme is PASSED

2023-02-13 11:12:21 - [MESSAGE][PASSED] - Delayed 10 second(s)

2023-02-13 11:12:22 - [MESSAGE][PASSED] - Object: 'Object Repository/Shopify Store/btn_confirm_publish_theme' is clicked on

2023-02-13 11:12:22 - [MESSAGE][PASSED] - shopify.store.confirmPublishTheme is PASSED

2023-02-13 11:12:22 - [TEST_STEP][PASSED] - shopify.store_setting.changeStoreCurrency(currency, store_name): shopify.store_setting.changeStoreCurrency is PASSED

2023-02-13 11:12:32 - [MESSAGE][PASSED] - Delayed 10 second(s)

2023-02-13 11:12:37 - [MESSAGE][PASSED] - Navigate to 'http://huynh-ar-stag-2399.myshopify.com/admin/settings/general' successfully

2023-02-13 11:12:42 - [MESSAGE][PASSED] - All options with value 'USD' are selected in object 'Object Repository/Shopify Store/select_currency' 

2023-02-13 11:12:42 - [MESSAGE][PASSED] - shopify.store_setting.changeStoreCurrency is PASSED

2023-02-13 11:12:42 - [TEST_STEP][PASSED] - shopify.store_setting.saveStoreSetting(): shopify.store_setting.saveStoreSetting is PASSED

2023-02-13 11:12:42 - [MESSAGE][PASSED] - Object: 'Object Repository/Shopify Store/span_save_admin_setting' is clicked on

2023-02-13 11:12:42 - [MESSAGE][PASSED] - shopify.store_setting.saveStoreSetting is PASSED

2023-02-13 11:12:42 - [TEST_STEP][PASSED] - Start tear down : teardownIfPassed: Method 'teardownIfPassed' complete successfully

2023-02-13 11:12:42 - [TEST_STEP][PASSED] - data.excel.updateValueToSheet(file_data, "store", 4, store_name, 7, "Passed"): data.excel.updateValueToSheet is PASSED

2023-02-13 11:12:42 - [MESSAGE][PASSED] - data.excel.updateValueToSheet is PASSED

2023-02-13 11:12:42 - [MESSAGE][PASSED] - Method 'teardownIfPassed' complete successfully]]></system-out>
         <system-err><![CDATA[]]></system-err>
      </testcase>
      <testcase name="Test Cases/Shopify/CreateStore" time="222.435" classname="Test Cases/Shopify/CreateStore" status="FAILED">
         <failure type="FAILED" message="Test Cases/Shopify/CreateStore FAILED.
Reason:
com.kms.katalon.core.exception.StepFailedException: Unable to click on object 'Object Repository/Shopify Store/btn_publish_theme'
	at com.kms.katalon.core.webui.keyword.internal.WebUIKeywordMain.stepFailed(WebUIKeywordMain.groovy:64)
	at com.kms.katalon.core.webui.keyword.internal.WebUIKeywordMain.runKeyword(WebUIKeywordMain.groovy:26)
	at com.kms.katalon.core.webui.keyword.builtin.ClickKeyword.click(ClickKeyword.groovy:74)
	at com.kms.katalon.core.webui.keyword.builtin.ClickKeyword.execute(ClickKeyword.groovy:40)
	at com.kms.katalon.core.keyword.internal.KeywordExecutor.executeKeywordForPlatform(KeywordExecutor.groovy:74)
	at com.kms.katalon.core.webui.keyword.WebUiBuiltInKeywords.click(WebUiBuiltInKeywords.groovy:620)
	at com.kms.katalon.core.webui.keyword.WebUiBuiltInKeywords$click$3.call(Unknown Source)
	at shopify.store.clickPublishTheme(store.groovy:94)
	at shopify.store.invokeMethod(store.groovy)
	at com.kms.katalon.core.main.CustomKeywordDelegatingMetaClass.invokeStaticMethod(CustomKeywordDelegatingMetaClass.java:55)
	at CreateStore.run(CreateStore:56)
	at com.kms.katalon.core.main.ScriptEngine.run(ScriptEngine.java:194)
	at com.kms.katalon.core.main.ScriptEngine.runScriptAsRawText(ScriptEngine.java:119)
	at com.kms.katalon.core.main.TestCaseExecutor.runScript(TestCaseExecutor.java:448)
	at com.kms.katalon.core.main.TestCaseExecutor.doExecute(TestCaseExecutor.java:439)
	at com.kms.katalon.core.main.TestCaseExecutor.processExecutionPhase(TestCaseExecutor.java:418)
	at com.kms.katalon.core.main.TestCaseExecutor.accessMainPhase(TestCaseExecutor.java:410)
	at com.kms.katalon.core.main.TestCaseExecutor.execute(TestCaseExecutor.java:285)
	at com.kms.katalon.core.common.CommonExecutor.accessTestCaseMainPhase(CommonExecutor.java:65)
	at com.kms.katalon.core.main.TestSuiteExecutor.accessTestSuiteMainPhase(TestSuiteExecutor.java:151)
	at com.kms.katalon.core.main.TestSuiteExecutor.execute(TestSuiteExecutor.java:106)
	at com.kms.katalon.core.main.TestCaseMain.startTestSuite(TestCaseMain.java:185)
	at com.kms.katalon.core.main.TestCaseMain$startTestSuite$0.call(Unknown Source)
	at TempTestSuite1676253455264.run(TempTestSuite1676253455264.groovy:36)
Caused by: org.openqa.selenium.ElementClickInterceptedException: element click intercepted: Element &lt;iframe title=&quot;Online Store&quot; src=&quot;https://online-store-web.shopifyapps.com/themes?hmac=b14e52bba336ac675561c2d0168c1f60113671be0b6ad8645fabacdc4485c01b&amp;amp;host=YWRtaW4uc2hvcGlmeS5jb20vc3RvcmUvaHV5bmgtYXItc3RhZy0yNDAw&amp;amp;locale=en&amp;amp;session=566e1dc6163ab181ff8331416098e912eb47601ac3a9a51f8ee291fbeec309d9&amp;amp;shop=huynh-ar-stag-2400.myshopify.com&amp;amp;timestamp=1676261723&amp;amp;_signed_params=host%2Clocale%2Csession%2Cshop%2Ctimestamp&amp;amp;appLoadId=661d4cf9-a0f7-4e84-829f-414e52f74bfe&quot; name=&quot;db6c7682-fad0-4c5d-85cd-d330726fe9dc&quot; context=&quot;Main&quot; class=&quot;rG8rl&quot; cd_frame_id_=&quot;c4d2fc1663feacb56300e1204f7efdec&quot;>&lt;/iframe> is not clickable at point (859, 906). Other element would receive the click: &lt;p class=&quot;KZJNR&quot; aria-hidden=&quot;true&quot;>...&lt;/p>
  (Session info: chrome=109.0.5414.121)
Build info: version: '3.141.59', revision: 'e82be7d358', time: '2018-11-14T08:25:53'
System info: host: 'HUYNH', ip: '172.18.224.1', os.name: 'Windows 10', os.arch: 'amd64', os.version: '10.0', java.version: '1.8.0_282'
Driver info: com.kms.katalon.selenium.driver.CChromeDriver
Capabilities {acceptInsecureCerts: false, browserName: chrome, browserVersion: 109.0.5414.121, chrome: {chromedriverVersion: 109.0.5414.74 (e7c5703604da..., userDataDir: C:\Users\huynh\AppData\Loca...}, goog:chromeOptions: {debuggerAddress: localhost:59126}, javascriptEnabled: true, networkConnectionEnabled: false, pageLoadStrategy: normal, platform: WINDOWS, platformName: WINDOWS, proxy: Proxy(), setWindowRect: true, strictFileInteractability: false, timeouts: {implicit: 0, pageLoad: 300000, script: 30000}, unhandledPromptBehavior: dismiss and notify, webauthn:extension:credBlob: true, webauthn:extension:largeBlob: true, webauthn:virtualAuthenticators: true}
Session ID: 8afd6f020a1b59347c191f36e79fecd9
	at org.openqa.selenium.remote.http.W3CHttpResponseCodec.createException(W3CHttpResponseCodec.java:187)
	at org.openqa.selenium.remote.http.W3CHttpResponseCodec.decode(W3CHttpResponseCodec.java:122)
	at org.openqa.selenium.remote.http.W3CHttpResponseCodec.decode(W3CHttpResponseCodec.java:49)
	at org.openqa.selenium.remote.HttpCommandExecutor.execute(HttpCommandExecutor.java:158)
	at org.openqa.selenium.remote.service.DriverCommandExecutor.execute(DriverCommandExecutor.java:83)
	at org.openqa.selenium.remote.RemoteWebDriver.execute(RemoteWebDriver.java:552)
	at com.kms.katalon.selenium.driver.CChromeDriver.execute(CChromeDriver.java:19)
	at org.openqa.selenium.remote.RemoteWebElement.execute(RemoteWebElement.java:285)
	at org.openqa.selenium.remote.RemoteWebElement.click(RemoteWebElement.java:84)
	at org.openqa.selenium.support.events.EventFiringWebDriver$EventFiringWebElement.lambda$new$0(EventFiringWebDriver.java:404)
	at com.sun.proxy.$Proxy16.click(Unknown Source)
	at org.openqa.selenium.support.events.EventFiringWebDriver$EventFiringWebElement.click(EventFiringWebDriver.java:417)
	at org.openqa.selenium.WebElement$click.call(Unknown Source)
	at com.kms.katalon.core.webui.keyword.builtin.ClickKeyword.clickUntilSuccessWithTimeout(ClickKeyword.groovy:81)
	at com.kms.katalon.core.webui.keyword.builtin.ClickKeyword.clickUntilSuccessWithTimeout(ClickKeyword.groovy)
	at com.kms.katalon.core.webui.keyword.builtin.ClickKeyword$_click_closure1.doCall(ClickKeyword.groovy:67)
	at com.kms.katalon.core.webui.keyword.builtin.ClickKeyword$_click_closure1.call(ClickKeyword.groovy)
	at com.kms.katalon.core.webui.keyword.internal.WebUIKeywordMain.runKeyword(WebUIKeywordMain.groovy:20)
	... 22 more
"/>
         <system-out><![CDATA[2023-02-13 11:12:42 - [TEST_CASE][FAILED] - Test Cases/Shopify/CreateStore: Test Cases/Shopify/CreateStore FAILED.
Reason:
com.kms.katalon.core.exception.StepFailedException: Unable to click on object 'Object Repository/Shopify Store/btn_publish_theme'
	at com.kms.katalon.core.webui.keyword.internal.WebUIKeywordMain.stepFailed(WebUIKeywordMain.groovy:64)
	at com.kms.katalon.core.webui.keyword.internal.WebUIKeywordMain.runKeyword(WebUIKeywordMain.groovy:26)
	at com.kms.katalon.core.webui.keyword.builtin.ClickKeyword.click(ClickKeyword.groovy:74)
	at com.kms.katalon.core.webui.keyword.builtin.ClickKeyword.execute(ClickKeyword.groovy:40)
	at com.kms.katalon.core.keyword.internal.KeywordExecutor.executeKeywordForPlatform(KeywordExecutor.groovy:74)
	at com.kms.katalon.core.webui.keyword.WebUiBuiltInKeywords.click(WebUiBuiltInKeywords.groovy:620)
	at com.kms.katalon.core.webui.keyword.WebUiBuiltInKeywords$click$3.call(Unknown Source)
	at shopify.store.clickPublishTheme(store.groovy:94)
	at shopify.store.invokeMethod(store.groovy)
	at com.kms.katalon.core.main.CustomKeywordDelegatingMetaClass.invokeStaticMethod(CustomKeywordDelegatingMetaClass.java:55)
	at CreateStore.run(CreateStore:56)
	at com.kms.katalon.core.main.ScriptEngine.run(ScriptEngine.java:194)
	at com.kms.katalon.core.main.ScriptEngine.runScriptAsRawText(ScriptEngine.java:119)
	at com.kms.katalon.core.main.TestCaseExecutor.runScript(TestCaseExecutor.java:448)
	at com.kms.katalon.core.main.TestCaseExecutor.doExecute(TestCaseExecutor.java:439)
	at com.kms.katalon.core.main.TestCaseExecutor.processExecutionPhase(TestCaseExecutor.java:418)
	at com.kms.katalon.core.main.TestCaseExecutor.accessMainPhase(TestCaseExecutor.java:410)
	at com.kms.katalon.core.main.TestCaseExecutor.execute(TestCaseExecutor.java:285)
	at com.kms.katalon.core.common.CommonExecutor.accessTestCaseMainPhase(CommonExecutor.java:65)
	at com.kms.katalon.core.main.TestSuiteExecutor.accessTestSuiteMainPhase(TestSuiteExecutor.java:151)
	at com.kms.katalon.core.main.TestSuiteExecutor.execute(TestSuiteExecutor.java:106)
	at com.kms.katalon.core.main.TestCaseMain.startTestSuite(TestCaseMain.java:185)
	at com.kms.katalon.core.main.TestCaseMain$startTestSuite$0.call(Unknown Source)
	at TempTestSuite1676253455264.run(TempTestSuite1676253455264.groovy:36)
Caused by: org.openqa.selenium.ElementClickInterceptedException: element click intercepted: Element <iframe title="Online Store" src="https://online-store-web.shopifyapps.com/themes?hmac=b14e52bba336ac675561c2d0168c1f60113671be0b6ad8645fabacdc4485c01b&amp;host=YWRtaW4uc2hvcGlmeS5jb20vc3RvcmUvaHV5bmgtYXItc3RhZy0yNDAw&amp;locale=en&amp;session=566e1dc6163ab181ff8331416098e912eb47601ac3a9a51f8ee291fbeec309d9&amp;shop=huynh-ar-stag-2400.myshopify.com&amp;timestamp=1676261723&amp;_signed_params=host%2Clocale%2Csession%2Cshop%2Ctimestamp&amp;appLoadId=661d4cf9-a0f7-4e84-829f-414e52f74bfe" name="db6c7682-fad0-4c5d-85cd-d330726fe9dc" context="Main" class="rG8rl" cd_frame_id_="c4d2fc1663feacb56300e1204f7efdec"></iframe> is not clickable at point (859, 906). Other element would receive the click: <p class="KZJNR" aria-hidden="true">...</p>
  (Session info: chrome=109.0.5414.121)
Build info: version: '3.141.59', revision: 'e82be7d358', time: '2018-11-14T08:25:53'
System info: host: 'HUYNH', ip: '172.18.224.1', os.name: 'Windows 10', os.arch: 'amd64', os.version: '10.0', java.version: '1.8.0_282'
Driver info: com.kms.katalon.selenium.driver.CChromeDriver
Capabilities {acceptInsecureCerts: false, browserName: chrome, browserVersion: 109.0.5414.121, chrome: {chromedriverVersion: 109.0.5414.74 (e7c5703604da..., userDataDir: C:\Users\huynh\AppData\Loca...}, goog:chromeOptions: {debuggerAddress: localhost:59126}, javascriptEnabled: true, networkConnectionEnabled: false, pageLoadStrategy: normal, platform: WINDOWS, platformName: WINDOWS, proxy: Proxy(), setWindowRect: true, strictFileInteractability: false, timeouts: {implicit: 0, pageLoad: 300000, script: 30000}, unhandledPromptBehavior: dismiss and notify, webauthn:extension:credBlob: true, webauthn:extension:largeBlob: true, webauthn:virtualAuthenticators: true}
Session ID: 8afd6f020a1b59347c191f36e79fecd9
	at org.openqa.selenium.remote.http.W3CHttpResponseCodec.createException(W3CHttpResponseCodec.java:187)
	at org.openqa.selenium.remote.http.W3CHttpResponseCodec.decode(W3CHttpResponseCodec.java:122)
	at org.openqa.selenium.remote.http.W3CHttpResponseCodec.decode(W3CHttpResponseCodec.java:49)
	at org.openqa.selenium.remote.HttpCommandExecutor.execute(HttpCommandExecutor.java:158)
	at org.openqa.selenium.remote.service.DriverCommandExecutor.execute(DriverCommandExecutor.java:83)
	at org.openqa.selenium.remote.RemoteWebDriver.execute(RemoteWebDriver.java:552)
	at com.kms.katalon.selenium.driver.CChromeDriver.execute(CChromeDriver.java:19)
	at org.openqa.selenium.remote.RemoteWebElement.execute(RemoteWebElement.java:285)
	at org.openqa.selenium.remote.RemoteWebElement.click(RemoteWebElement.java:84)
	at org.openqa.selenium.support.events.EventFiringWebDriver$EventFiringWebElement.lambda$new$0(EventFiringWebDriver.java:404)
	at com.sun.proxy.$Proxy16.click(Unknown Source)
	at org.openqa.selenium.support.events.EventFiringWebDriver$EventFiringWebElement.click(EventFiringWebDriver.java:417)
	at org.openqa.selenium.WebElement$click.call(Unknown Source)
	at com.kms.katalon.core.webui.keyword.builtin.ClickKeyword.clickUntilSuccessWithTimeout(ClickKeyword.groovy:81)
	at com.kms.katalon.core.webui.keyword.builtin.ClickKeyword.clickUntilSuccessWithTimeout(ClickKeyword.groovy)
	at com.kms.katalon.core.webui.keyword.builtin.ClickKeyword$_click_closure1.doCall(ClickKeyword.groovy:67)
	at com.kms.katalon.core.webui.keyword.builtin.ClickKeyword$_click_closure1.call(ClickKeyword.groovy)
	at com.kms.katalon.core.webui.keyword.internal.WebUIKeywordMain.runKeyword(WebUIKeywordMain.groovy:20)
	... 22 more


2023-02-13 11:12:42 - [TEST_STEP][PASSED] - Start listener action : skipStatus: null

2023-02-13 11:12:42 - [TEST_STEP][PASSED] - map = testCaseContext.getTestCaseVariables(): null

2023-02-13 11:12:42 - [TEST_STEP][PASSED] - testcae_status = map.get("testcase_status"): null

2023-02-13 11:12:42 - [TEST_STEP][PASSED] - println(testcae_status): null

2023-02-13 11:12:42 - [TEST_STEP][PASSED] - if (testcae_status == "Passed" || testcae_status == "Failed"): null

2023-02-13 11:12:42 - [TEST_STEP][PASSED] - log = new com.kms.katalon.core.util.KeywordUtil(): null

2023-02-13 11:12:42 - [TEST_STEP][PASSED] - openBrowser(""): Browser is opened with url: ''

2023-02-13 11:12:42 - [MESSAGE][WARNING] - A browser is already opened. Closing browser and opening a new one

2023-02-13 11:12:43 - [MESSAGE][INFO] - Starting 'Chrome' driver

2023-02-13 11:12:43 - [MESSAGE][INFO] - Action delay is set to 0 milliseconds

2023-02-13 11:12:44 - [MESSAGE][PASSED] - Browser is opened with url: ''

2023-02-13 11:12:44 - [TEST_STEP][PASSED] - maximizeWindow(): Current window maximized

2023-02-13 11:12:44 - [MESSAGE][PASSED] - Current window maximized

2023-02-13 11:12:44 - [TEST_STEP][PASSED] - st = new shopify.store(): null

2023-02-13 11:12:44 - [TEST_STEP][PASSED] - st.loginShopifyPartner(partner_email, partner_password, partner_id): Object: 'Object Repository/Shopify/btn_login' is clicked on

2023-02-13 11:12:48 - [MESSAGE][PASSED] - Navigate to 'https://partners.shopify.com/1662018/stores/new' successfully

2023-02-13 11:12:48 - [MESSAGE][PASSED] - Text 'huynh@firegroup.io' is set on object 'Object Repository/Shopify/input_email_shopify'

2023-02-13 11:12:50 - [MESSAGE][PASSED] - Object: 'Object Repository/Shopify/btn_continue_with_email' is clicked on

2023-02-13 11:12:52 - [MESSAGE][PASSED] - Text ****** has been set on object 'Object Repository/Shopify/input_password_shopify'

2023-02-13 11:12:58 - [MESSAGE][PASSED] - Object: 'Object Repository/Shopify/btn_login' is clicked on

2023-02-13 11:12:58 - [TEST_STEP][PASSED] - st.navigateToStoreDevelop(partner_id): Navigate to 'https://partners.shopify.com/1662018/stores/new?store_type=dev_preview_store&developer_preview_handle=checkout_extensibility' successfully

2023-02-13 11:12:59 - [MESSAGE][PASSED] - Navigate to 'https://partners.shopify.com/1662018/stores/new?store_type=dev_preview_store&developer_preview_handle=checkout_extensibility' successfully

2023-02-13 11:12:59 - [TEST_STEP][PASSED] - st.inputStoreName(store_name): Delayed 5 second(s)

2023-02-13 11:13:01 - [MESSAGE][PASSED] - Text 'huynh-ar-stag-2400' is set on object 'Object Repository/Shopify/input_store_name'

2023-02-13 11:13:06 - [MESSAGE][PASSED] - Delayed 5 second(s)

2023-02-13 11:13:06 - [TEST_STEP][PASSED] - shopify.store.clickCreateStore(): shopify.store.clickCreateStore is PASSED

2023-02-13 11:13:06 - [MESSAGE][PASSED] - Object: 'Object Repository/Shopify/btn_create_store' is clicked on

2023-02-13 11:13:26 - [MESSAGE][PASSED] - Delayed 20 second(s)

2023-02-13 11:13:26 - [MESSAGE][PASSED] - shopify.store.clickCreateStore is PASSED

2023-02-13 11:13:26 - [TEST_STEP][PASSED] - shopify.store.importProduct(product_file_local): shopify.store.importProduct is PASSED

2023-02-13 11:13:38 - [MESSAGE][PASSED] - Object: 'Object Repository/Shopify/span_product' is clicked on

2023-02-13 11:13:39 - [MESSAGE][PASSED] - Object: 'Object Repository/Shopify/span_import_product' is clicked on

2023-02-13 11:13:40 - [MESSAGE][PASSED] - File 'C:\Users\huynh\Documents\Socialhead\Automation\Katalon project\CreateStore\CreateStore\Data\products_export.csv' sent to object: 'Object Repository/Shopify/file_product'

2023-02-13 11:13:40 - [MESSAGE][PASSED] - Object: 'Object Repository/Shopify/span_upload_product_continue' is clicked on

2023-02-13 11:13:43 - [MESSAGE][PASSED] - Object: 'Object Repository/Shopify/btn_product_confirm_import' is clicked on

2023-02-13 11:14:13 - [MESSAGE][PASSED] - Delayed 30 second(s)

2023-02-13 11:14:14 - [MESSAGE][PASSED] - Refresh successfully

2023-02-13 11:14:29 - [MESSAGE][PASSED] - Delayed 15 second(s)

2023-02-13 11:14:29 - [MESSAGE][PASSED] - shopify.store.importProduct is PASSED

2023-02-13 11:14:29 - [TEST_STEP][PASSED] - shopify.store.clickOnMenuOnlineStore(): shopify.store.clickOnMenuOnlineStore is PASSED

2023-02-13 11:14:29 - [MESSAGE][PASSED] - Object: 'Object Repository/Shopify Store/a_onlie_store' is clicked on

2023-02-13 11:14:39 - [MESSAGE][PASSED] - Delayed 10 second(s)

2023-02-13 11:14:39 - [MESSAGE][PASSED] - shopify.store.clickOnMenuOnlineStore is PASSED

2023-02-13 11:14:39 - [TEST_STEP][PASSED] - shopify.store.clickOnImportTheme(): shopify.store.clickOnImportTheme is PASSED

2023-02-13 11:14:40 - [MESSAGE][PASSED] - Object: 'Object Repository/Shopify Store/btn_add_theme' is clicked on

2023-02-13 11:14:40 - [MESSAGE][PASSED] - shopify.store.clickOnImportTheme is PASSED

2023-02-13 11:14:40 - [TEST_STEP][PASSED] - shopify.store.uploadThemeFile(theme_file_local): shopify.store.uploadThemeFile is PASSED

2023-02-13 11:14:40 - [MESSAGE][PASSED] - Object: 'Object Repository/Shopify Store/btn_upload_zip_file' is clicked on

2023-02-13 11:14:41 - [MESSAGE][PASSED] - File 'C:\Users\huynh\Documents\Socialhead\Automation\Katalon project\CreateStore\CreateStore\Data\theme_export__www-exultplanet-com-basel-3-0-1-upload__29JUN2020-0133pm.zip' sent to object: 'Object Repository/Shopify Store/file_theme'

2023-02-13 11:14:41 - [MESSAGE][PASSED] - Object: 'Object Repository/Shopify Store/btn_upload_theme' is clicked on

2023-02-13 11:14:51 - [MESSAGE][PASSED] - Delayed 10 second(s)

2023-02-13 11:14:51 - [MESSAGE][PASSED] - shopify.store.uploadThemeFile is PASSED

2023-02-13 11:14:51 - [TEST_STEP][FAILED] - shopify.store.clickPublishTheme(): Unable to click on object 'Object Repository/Shopify Store/btn_publish_theme'

2023-02-13 11:15:21 - [MESSAGE][PASSED] - Delayed 30 second(s)

2023-02-13 11:15:21 - [MESSAGE][PASSED] - Refresh successfully

2023-02-13 11:15:51 - [MESSAGE][PASSED] - Delayed 30 second(s)

2023-02-13 11:15:52 - [MESSAGE][PASSED] - Object 'Object Repository/Shopify Store/btn_publish_theme' is clickable

2023-02-13 11:16:25 - [MESSAGE][FAILED] - Unable to click on object 'Object Repository/Shopify Store/btn_publish_theme' (Root cause: com.kms.katalon.core.exception.StepFailedException: Unable to click on object 'Object Repository/Shopify Store/btn_publish_theme'
	at com.kms.katalon.core.webui.keyword.internal.WebUIKeywordMain.stepFailed(WebUIKeywordMain.groovy:64)
	at com.kms.katalon.core.webui.keyword.internal.WebUIKeywordMain.runKeyword(WebUIKeywordMain.groovy:26)
	at com.kms.katalon.core.webui.keyword.builtin.ClickKeyword.click(ClickKeyword.groovy:74)
	at com.kms.katalon.core.webui.keyword.builtin.ClickKeyword.execute(ClickKeyword.groovy:40)
	at com.kms.katalon.core.keyword.internal.KeywordExecutor.executeKeywordForPlatform(KeywordExecutor.groovy:74)
	at com.kms.katalon.core.webui.keyword.WebUiBuiltInKeywords.click(WebUiBuiltInKeywords.groovy:620)
	at com.kms.katalon.core.webui.keyword.WebUiBuiltInKeywords$click$3.call(Unknown Source)
	at shopify.store.clickPublishTheme(store.groovy:94)
	at shopify.store.invokeMethod(store.groovy)
	at com.kms.katalon.core.main.CustomKeywordDelegatingMetaClass.invokeStaticMethod(CustomKeywordDelegatingMetaClass.java:55)
	at CreateStore.run(CreateStore:56)
	at com.kms.katalon.core.main.ScriptEngine.run(ScriptEngine.java:194)
	at com.kms.katalon.core.main.ScriptEngine.runScriptAsRawText(ScriptEngine.java:119)
	at com.kms.katalon.core.main.TestCaseExecutor.runScript(TestCaseExecutor.java:448)
	at com.kms.katalon.core.main.TestCaseExecutor.doExecute(TestCaseExecutor.java:439)
	at com.kms.katalon.core.main.TestCaseExecutor.processExecutionPhase(TestCaseExecutor.java:418)
	at com.kms.katalon.core.main.TestCaseExecutor.accessMainPhase(TestCaseExecutor.java:410)
	at com.kms.katalon.core.main.TestCaseExecutor.execute(TestCaseExecutor.java:285)
	at com.kms.katalon.core.common.CommonExecutor.accessTestCaseMainPhase(CommonExecutor.java:65)
	at com.kms.katalon.core.main.TestSuiteExecutor.accessTestSuiteMainPhase(TestSuiteExecutor.java:151)
	at com.kms.katalon.core.main.TestSuiteExecutor.execute(TestSuiteExecutor.java:106)
	at com.kms.katalon.core.main.TestCaseMain.startTestSuite(TestCaseMain.java:185)
	at com.kms.katalon.core.main.TestCaseMain$startTestSuite$0.call(Unknown Source)
	at TempTestSuite1676253455264.run(TempTestSuite1676253455264.groovy:36)
Caused by: org.openqa.selenium.ElementClickInterceptedException: element click intercepted: Element <iframe title="Online Store" src="https://online-store-web.shopifyapps.com/themes?hmac=b14e52bba336ac675561c2d0168c1f60113671be0b6ad8645fabacdc4485c01b&amp;host=YWRtaW4uc2hvcGlmeS5jb20vc3RvcmUvaHV5bmgtYXItc3RhZy0yNDAw&amp;locale=en&amp;session=566e1dc6163ab181ff8331416098e912eb47601ac3a9a51f8ee291fbeec309d9&amp;shop=huynh-ar-stag-2400.myshopify.com&amp;timestamp=1676261723&amp;_signed_params=host%2Clocale%2Csession%2Cshop%2Ctimestamp&amp;appLoadId=661d4cf9-a0f7-4e84-829f-414e52f74bfe" name="db6c7682-fad0-4c5d-85cd-d330726fe9dc" context="Main" class="rG8rl" cd_frame_id_="c4d2fc1663feacb56300e1204f7efdec"></iframe> is not clickable at point (859, 906). Other element would receive the click: <p class="KZJNR" aria-hidden="true">...</p>
  (Session info: chrome=109.0.5414.121)
Build info: version: '3.141.59', revision: 'e82be7d358', time: '2018-11-14T08:25:53'
System info: host: 'HUYNH', ip: '172.18.224.1', os.name: 'Windows 10', os.arch: 'amd64', os.version: '10.0', java.version: '1.8.0_282'
Driver info: com.kms.katalon.selenium.driver.CChromeDriver
Capabilities {acceptInsecureCerts: false, browserName: chrome, browserVersion: 109.0.5414.121, chrome: {chromedriverVersion: 109.0.5414.74 (e7c5703604da..., userDataDir: C:\Users\huynh\AppData\Loca...}, goog:chromeOptions: {debuggerAddress: localhost:59126}, javascriptEnabled: true, networkConnectionEnabled: false, pageLoadStrategy: normal, platform: WINDOWS, platformName: WINDOWS, proxy: Proxy(), setWindowRect: true, strictFileInteractability: false, timeouts: {implicit: 0, pageLoad: 300000, script: 30000}, unhandledPromptBehavior: dismiss and notify, webauthn:extension:credBlob: true, webauthn:extension:largeBlob: true, webauthn:virtualAuthenticators: true}
Session ID: 8afd6f020a1b59347c191f36e79fecd9
	at org.openqa.selenium.remote.http.W3CHttpResponseCodec.createException(W3CHttpResponseCodec.java:187)
	at org.openqa.selenium.remote.http.W3CHttpResponseCodec.decode(W3CHttpResponseCodec.java:122)
	at org.openqa.selenium.remote.http.W3CHttpResponseCodec.decode(W3CHttpResponseCodec.java:49)
	at org.openqa.selenium.remote.HttpCommandExecutor.execute(HttpCommandExecutor.java:158)
	at org.openqa.selenium.remote.service.DriverCommandExecutor.execute(DriverCommandExecutor.java:83)
	at org.openqa.selenium.remote.RemoteWebDriver.execute(RemoteWebDriver.java:552)
	at com.kms.katalon.selenium.driver.CChromeDriver.execute(CChromeDriver.java:19)
	at org.openqa.selenium.remote.RemoteWebElement.execute(RemoteWebElement.java:285)
	at org.openqa.selenium.remote.RemoteWebElement.click(RemoteWebElement.java:84)
	at org.openqa.selenium.support.events.EventFiringWebDriver$EventFiringWebElement.lambda$new$0(EventFiringWebDriver.java:404)
	at com.sun.proxy.$Proxy16.click(Unknown Source)
	at org.openqa.selenium.support.events.EventFiringWebDriver$EventFiringWebElement.click(EventFiringWebDriver.java:417)
	at org.openqa.selenium.WebElement$click.call(Unknown Source)
	at com.kms.katalon.core.webui.keyword.builtin.ClickKeyword.clickUntilSuccessWithTimeout(ClickKeyword.groovy:81)
	at com.kms.katalon.core.webui.keyword.builtin.ClickKeyword.clickUntilSuccessWithTimeout(ClickKeyword.groovy)
	at com.kms.katalon.core.webui.keyword.builtin.ClickKeyword$_click_closure1.doCall(ClickKeyword.groovy:67)
	at com.kms.katalon.core.webui.keyword.builtin.ClickKeyword$_click_closure1.call(ClickKeyword.groovy)
	at com.kms.katalon.core.webui.keyword.internal.WebUIKeywordMain.runKeyword(WebUIKeywordMain.groovy:20)
	at com.kms.katalon.core.webui.keyword.builtin.ClickKeyword.click(ClickKeyword.groovy:74)
	at com.kms.katalon.core.webui.keyword.builtin.ClickKeyword.execute(ClickKeyword.groovy:40)
	at com.kms.katalon.core.keyword.internal.KeywordExecutor.executeKeywordForPlatform(KeywordExecutor.groovy:74)
	at com.kms.katalon.core.webui.keyword.WebUiBuiltInKeywords.click(WebUiBuiltInKeywords.groovy:620)
	at com.kms.katalon.core.webui.keyword.WebUiBuiltInKeywords$click$3.call(Unknown Source)
	at shopify.store.clickPublishTheme(store.groovy:94)
	at shopify.store.invokeMethod(store.groovy)
	at com.kms.katalon.core.main.CustomKeywordDelegatingMetaClass.invokeStaticMethod(CustomKeywordDelegatingMetaClass.java:55)
	at Script1673851860327.run(Script1673851860327.groovy:56)
	... 13 more
)
[[ATTACHMENT|C:\\Users\\huynh\\Documents\\Socialhead\\Automation\\Katalon project\\CreateStore\\CreateStore\\Reports\\20230213_085735\\Store\\Create Store\\20230213_085735\\1676261784959.png]]

2023-02-13 11:16:25 - [MESSAGE][FAILED] - Unable to click on object 'Object Repository/Shopify Store/btn_publish_theme'

2023-02-13 11:16:25 - [TEST_STEP][PASSED] - Start tear down : teardownIfFailed: Method 'teardownIfFailed' complete successfully

2023-02-13 11:16:25 - [TEST_STEP][PASSED] - data.excel.updateValueToSheet(file_data, "store", 4, store_name, 7, "Failed"): data.excel.updateValueToSheet is PASSED

2023-02-13 11:16:25 - [MESSAGE][PASSED] - data.excel.updateValueToSheet is PASSED

2023-02-13 11:16:25 - [MESSAGE][PASSED] - Method 'teardownIfFailed' complete successfully]]></system-out>
         <system-err><![CDATA[2023-02-13 11:12:42 - [TEST_CASE][FAILED] - Test Cases/Shopify/CreateStore: Test Cases/Shopify/CreateStore FAILED.
Reason:
com.kms.katalon.core.exception.StepFailedException: Unable to click on object 'Object Repository/Shopify Store/btn_publish_theme'
	at com.kms.katalon.core.webui.keyword.internal.WebUIKeywordMain.stepFailed(WebUIKeywordMain.groovy:64)
	at com.kms.katalon.core.webui.keyword.internal.WebUIKeywordMain.runKeyword(WebUIKeywordMain.groovy:26)
	at com.kms.katalon.core.webui.keyword.builtin.ClickKeyword.click(ClickKeyword.groovy:74)
	at com.kms.katalon.core.webui.keyword.builtin.ClickKeyword.execute(ClickKeyword.groovy:40)
	at com.kms.katalon.core.keyword.internal.KeywordExecutor.executeKeywordForPlatform(KeywordExecutor.groovy:74)
	at com.kms.katalon.core.webui.keyword.WebUiBuiltInKeywords.click(WebUiBuiltInKeywords.groovy:620)
	at com.kms.katalon.core.webui.keyword.WebUiBuiltInKeywords$click$3.call(Unknown Source)
	at shopify.store.clickPublishTheme(store.groovy:94)
	at shopify.store.invokeMethod(store.groovy)
	at com.kms.katalon.core.main.CustomKeywordDelegatingMetaClass.invokeStaticMethod(CustomKeywordDelegatingMetaClass.java:55)
	at CreateStore.run(CreateStore:56)
	at com.kms.katalon.core.main.ScriptEngine.run(ScriptEngine.java:194)
	at com.kms.katalon.core.main.ScriptEngine.runScriptAsRawText(ScriptEngine.java:119)
	at com.kms.katalon.core.main.TestCaseExecutor.runScript(TestCaseExecutor.java:448)
	at com.kms.katalon.core.main.TestCaseExecutor.doExecute(TestCaseExecutor.java:439)
	at com.kms.katalon.core.main.TestCaseExecutor.processExecutionPhase(TestCaseExecutor.java:418)
	at com.kms.katalon.core.main.TestCaseExecutor.accessMainPhase(TestCaseExecutor.java:410)
	at com.kms.katalon.core.main.TestCaseExecutor.execute(TestCaseExecutor.java:285)
	at com.kms.katalon.core.common.CommonExecutor.accessTestCaseMainPhase(CommonExecutor.java:65)
	at com.kms.katalon.core.main.TestSuiteExecutor.accessTestSuiteMainPhase(TestSuiteExecutor.java:151)
	at com.kms.katalon.core.main.TestSuiteExecutor.execute(TestSuiteExecutor.java:106)
	at com.kms.katalon.core.main.TestCaseMain.startTestSuite(TestCaseMain.java:185)
	at com.kms.katalon.core.main.TestCaseMain$startTestSuite$0.call(Unknown Source)
	at TempTestSuite1676253455264.run(TempTestSuite1676253455264.groovy:36)
Caused by: org.openqa.selenium.ElementClickInterceptedException: element click intercepted: Element <iframe title="Online Store" src="https://online-store-web.shopifyapps.com/themes?hmac=b14e52bba336ac675561c2d0168c1f60113671be0b6ad8645fabacdc4485c01b&amp;host=YWRtaW4uc2hvcGlmeS5jb20vc3RvcmUvaHV5bmgtYXItc3RhZy0yNDAw&amp;locale=en&amp;session=566e1dc6163ab181ff8331416098e912eb47601ac3a9a51f8ee291fbeec309d9&amp;shop=huynh-ar-stag-2400.myshopify.com&amp;timestamp=1676261723&amp;_signed_params=host%2Clocale%2Csession%2Cshop%2Ctimestamp&amp;appLoadId=661d4cf9-a0f7-4e84-829f-414e52f74bfe" name="db6c7682-fad0-4c5d-85cd-d330726fe9dc" context="Main" class="rG8rl" cd_frame_id_="c4d2fc1663feacb56300e1204f7efdec"></iframe> is not clickable at point (859, 906). Other element would receive the click: <p class="KZJNR" aria-hidden="true">...</p>
  (Session info: chrome=109.0.5414.121)
Build info: version: '3.141.59', revision: 'e82be7d358', time: '2018-11-14T08:25:53'
System info: host: 'HUYNH', ip: '172.18.224.1', os.name: 'Windows 10', os.arch: 'amd64', os.version: '10.0', java.version: '1.8.0_282'
Driver info: com.kms.katalon.selenium.driver.CChromeDriver
Capabilities {acceptInsecureCerts: false, browserName: chrome, browserVersion: 109.0.5414.121, chrome: {chromedriverVersion: 109.0.5414.74 (e7c5703604da..., userDataDir: C:\Users\huynh\AppData\Loca...}, goog:chromeOptions: {debuggerAddress: localhost:59126}, javascriptEnabled: true, networkConnectionEnabled: false, pageLoadStrategy: normal, platform: WINDOWS, platformName: WINDOWS, proxy: Proxy(), setWindowRect: true, strictFileInteractability: false, timeouts: {implicit: 0, pageLoad: 300000, script: 30000}, unhandledPromptBehavior: dismiss and notify, webauthn:extension:credBlob: true, webauthn:extension:largeBlob: true, webauthn:virtualAuthenticators: true}
Session ID: 8afd6f020a1b59347c191f36e79fecd9
	at org.openqa.selenium.remote.http.W3CHttpResponseCodec.createException(W3CHttpResponseCodec.java:187)
	at org.openqa.selenium.remote.http.W3CHttpResponseCodec.decode(W3CHttpResponseCodec.java:122)
	at org.openqa.selenium.remote.http.W3CHttpResponseCodec.decode(W3CHttpResponseCodec.java:49)
	at org.openqa.selenium.remote.HttpCommandExecutor.execute(HttpCommandExecutor.java:158)
	at org.openqa.selenium.remote.service.DriverCommandExecutor.execute(DriverCommandExecutor.java:83)
	at org.openqa.selenium.remote.RemoteWebDriver.execute(RemoteWebDriver.java:552)
	at com.kms.katalon.selenium.driver.CChromeDriver.execute(CChromeDriver.java:19)
	at org.openqa.selenium.remote.RemoteWebElement.execute(RemoteWebElement.java:285)
	at org.openqa.selenium.remote.RemoteWebElement.click(RemoteWebElement.java:84)
	at org.openqa.selenium.support.events.EventFiringWebDriver$EventFiringWebElement.lambda$new$0(EventFiringWebDriver.java:404)
	at com.sun.proxy.$Proxy16.click(Unknown Source)
	at org.openqa.selenium.support.events.EventFiringWebDriver$EventFiringWebElement.click(EventFiringWebDriver.java:417)
	at org.openqa.selenium.WebElement$click.call(Unknown Source)
	at com.kms.katalon.core.webui.keyword.builtin.ClickKeyword.clickUntilSuccessWithTimeout(ClickKeyword.groovy:81)
	at com.kms.katalon.core.webui.keyword.builtin.ClickKeyword.clickUntilSuccessWithTimeout(ClickKeyword.groovy)
	at com.kms.katalon.core.webui.keyword.builtin.ClickKeyword$_click_closure1.doCall(ClickKeyword.groovy:67)
	at com.kms.katalon.core.webui.keyword.builtin.ClickKeyword$_click_closure1.call(ClickKeyword.groovy)
	at com.kms.katalon.core.webui.keyword.internal.WebUIKeywordMain.runKeyword(WebUIKeywordMain.groovy:20)
	... 22 more]]></system-err>
      </testcase>
      <testcase name="Test Cases/Shopify/CreateStore" time="246.526" classname="Test Cases/Shopify/CreateStore" status="PASSED">
         <system-out><![CDATA[2023-02-13 11:16:25 - [TEST_CASE][PASSED] - Test Cases/Shopify/CreateStore: Test Cases/Shopify/CreateStore

2023-02-13 11:16:25 - [TEST_STEP][PASSED] - Start listener action : skipStatus: null

2023-02-13 11:16:25 - [TEST_STEP][PASSED] - map = testCaseContext.getTestCaseVariables(): null

2023-02-13 11:16:25 - [TEST_STEP][PASSED] - testcae_status = map.get("testcase_status"): null

2023-02-13 11:16:25 - [TEST_STEP][PASSED] - println(testcae_status): null

2023-02-13 11:16:25 - [TEST_STEP][PASSED] - if (testcae_status == "Passed" || testcae_status == "Failed"): null

2023-02-13 11:16:25 - [TEST_STEP][PASSED] - log = new com.kms.katalon.core.util.KeywordUtil(): null

2023-02-13 11:16:25 - [TEST_STEP][PASSED] - openBrowser(""): Browser is opened with url: ''

2023-02-13 11:16:25 - [MESSAGE][WARNING] - A browser is already opened. Closing browser and opening a new one

2023-02-13 11:16:25 - [MESSAGE][INFO] - Starting 'Chrome' driver

2023-02-13 11:16:25 - [MESSAGE][INFO] - Action delay is set to 0 milliseconds

2023-02-13 11:16:27 - [MESSAGE][PASSED] - Browser is opened with url: ''

2023-02-13 11:16:27 - [TEST_STEP][PASSED] - maximizeWindow(): Current window maximized

2023-02-13 11:16:27 - [MESSAGE][PASSED] - Current window maximized

2023-02-13 11:16:27 - [TEST_STEP][PASSED] - st = new shopify.store(): null

2023-02-13 11:16:27 - [TEST_STEP][PASSED] - st.loginShopifyPartner(partner_email, partner_password, partner_id): Object: 'Object Repository/Shopify/btn_login' is clicked on

2023-02-13 11:16:30 - [MESSAGE][PASSED] - Navigate to 'https://partners.shopify.com/1662018/stores/new' successfully

2023-02-13 11:16:31 - [MESSAGE][PASSED] - Text 'huynh@firegroup.io' is set on object 'Object Repository/Shopify/input_email_shopify'

2023-02-13 11:16:36 - [MESSAGE][PASSED] - Object: 'Object Repository/Shopify/btn_continue_with_email' is clicked on

2023-02-13 11:16:38 - [MESSAGE][PASSED] - Text ****** has been set on object 'Object Repository/Shopify/input_password_shopify'

2023-02-13 11:17:04 - [MESSAGE][PASSED] - Object: 'Object Repository/Shopify/btn_login' is clicked on

2023-02-13 11:17:04 - [TEST_STEP][PASSED] - st.navigateToStoreDevelop(partner_id): Navigate to 'https://partners.shopify.com/1662018/stores/new?store_type=dev_preview_store&developer_preview_handle=checkout_extensibility' successfully

2023-02-13 11:17:05 - [MESSAGE][PASSED] - Navigate to 'https://partners.shopify.com/1662018/stores/new?store_type=dev_preview_store&developer_preview_handle=checkout_extensibility' successfully

2023-02-13 11:17:05 - [TEST_STEP][PASSED] - st.inputStoreName(store_name): Delayed 5 second(s)

2023-02-13 11:17:07 - [MESSAGE][PASSED] - Text 'huynh-ar-stag-2401' is set on object 'Object Repository/Shopify/input_store_name'

2023-02-13 11:17:12 - [MESSAGE][PASSED] - Delayed 5 second(s)

2023-02-13 11:17:12 - [TEST_STEP][PASSED] - shopify.store.clickCreateStore(): shopify.store.clickCreateStore is PASSED

2023-02-13 11:17:12 - [MESSAGE][PASSED] - Object: 'Object Repository/Shopify/btn_create_store' is clicked on

2023-02-13 11:17:32 - [MESSAGE][PASSED] - Delayed 20 second(s)

2023-02-13 11:17:32 - [MESSAGE][PASSED] - shopify.store.clickCreateStore is PASSED

2023-02-13 11:17:32 - [TEST_STEP][PASSED] - shopify.store.importProduct(product_file_local): shopify.store.importProduct is PASSED

2023-02-13 11:17:47 - [MESSAGE][PASSED] - Object: 'Object Repository/Shopify/span_product' is clicked on

2023-02-13 11:17:49 - [MESSAGE][PASSED] - Object: 'Object Repository/Shopify/span_import_product' is clicked on

2023-02-13 11:17:50 - [MESSAGE][PASSED] - File 'C:\Users\huynh\Documents\Socialhead\Automation\Katalon project\CreateStore\CreateStore\Data\products_export.csv' sent to object: 'Object Repository/Shopify/file_product'

2023-02-13 11:17:50 - [MESSAGE][PASSED] - Object: 'Object Repository/Shopify/span_upload_product_continue' is clicked on

2023-02-13 11:17:53 - [MESSAGE][PASSED] - Object: 'Object Repository/Shopify/btn_product_confirm_import' is clicked on

2023-02-13 11:18:23 - [MESSAGE][PASSED] - Delayed 30 second(s)

2023-02-13 11:18:24 - [MESSAGE][PASSED] - Refresh successfully

2023-02-13 11:18:39 - [MESSAGE][PASSED] - Delayed 15 second(s)

2023-02-13 11:18:39 - [MESSAGE][PASSED] - shopify.store.importProduct is PASSED

2023-02-13 11:18:39 - [TEST_STEP][PASSED] - shopify.store.clickOnMenuOnlineStore(): shopify.store.clickOnMenuOnlineStore is PASSED

2023-02-13 11:18:39 - [MESSAGE][PASSED] - Object: 'Object Repository/Shopify Store/a_onlie_store' is clicked on

2023-02-13 11:18:49 - [MESSAGE][PASSED] - Delayed 10 second(s)

2023-02-13 11:18:49 - [MESSAGE][PASSED] - shopify.store.clickOnMenuOnlineStore is PASSED

2023-02-13 11:18:49 - [TEST_STEP][PASSED] - shopify.store.clickOnImportTheme(): shopify.store.clickOnImportTheme is PASSED

2023-02-13 11:18:50 - [MESSAGE][PASSED] - Object: 'Object Repository/Shopify Store/btn_add_theme' is clicked on

2023-02-13 11:18:50 - [MESSAGE][PASSED] - shopify.store.clickOnImportTheme is PASSED

2023-02-13 11:18:50 - [TEST_STEP][PASSED] - shopify.store.uploadThemeFile(theme_file_local): shopify.store.uploadThemeFile is PASSED

2023-02-13 11:18:50 - [MESSAGE][PASSED] - Object: 'Object Repository/Shopify Store/btn_upload_zip_file' is clicked on

2023-02-13 11:18:51 - [MESSAGE][PASSED] - File 'C:\Users\huynh\Documents\Socialhead\Automation\Katalon project\CreateStore\CreateStore\Data\theme_export__www-fashionbarnshop-com-testament-original__02JUN2020-1213am.zip' sent to object: 'Object Repository/Shopify Store/file_theme'

2023-02-13 11:18:51 - [MESSAGE][PASSED] - Object: 'Object Repository/Shopify Store/btn_upload_theme' is clicked on

2023-02-13 11:19:01 - [MESSAGE][PASSED] - Delayed 10 second(s)

2023-02-13 11:19:01 - [MESSAGE][PASSED] - shopify.store.uploadThemeFile is PASSED

2023-02-13 11:19:01 - [TEST_STEP][PASSED] - shopify.store.clickPublishTheme(): shopify.store.clickPublishTheme is PASSED

2023-02-13 11:19:31 - [MESSAGE][PASSED] - Delayed 30 second(s)

2023-02-13 11:19:31 - [MESSAGE][PASSED] - Refresh successfully

2023-02-13 11:20:01 - [MESSAGE][PASSED] - Delayed 30 second(s)

2023-02-13 11:20:02 - [MESSAGE][PASSED] - Object 'Object Repository/Shopify Store/btn_publish_theme' is clickable

2023-02-13 11:20:02 - [MESSAGE][PASSED] - Object: 'Object Repository/Shopify Store/btn_publish_theme' is clicked on

2023-02-13 11:20:02 - [MESSAGE][PASSED] - shopify.store.clickPublishTheme is PASSED

2023-02-13 11:20:02 - [TEST_STEP][PASSED] - shopify.store.confirmPublishTheme(): shopify.store.confirmPublishTheme is PASSED

2023-02-13 11:20:12 - [MESSAGE][PASSED] - Delayed 10 second(s)

2023-02-13 11:20:12 - [MESSAGE][PASSED] - Object: 'Object Repository/Shopify Store/btn_confirm_publish_theme' is clicked on

2023-02-13 11:20:12 - [MESSAGE][PASSED] - shopify.store.confirmPublishTheme is PASSED

2023-02-13 11:20:12 - [TEST_STEP][PASSED] - shopify.store_setting.changeStoreCurrency(currency, store_name): shopify.store_setting.changeStoreCurrency is PASSED

2023-02-13 11:20:22 - [MESSAGE][PASSED] - Delayed 10 second(s)

2023-02-13 11:20:26 - [MESSAGE][PASSED] - Navigate to 'http://huynh-ar-stag-2401.myshopify.com/admin/settings/general' successfully

2023-02-13 11:20:31 - [MESSAGE][PASSED] - All options with value 'USD' are selected in object 'Object Repository/Shopify Store/select_currency' 

2023-02-13 11:20:31 - [MESSAGE][PASSED] - shopify.store_setting.changeStoreCurrency is PASSED

2023-02-13 11:20:31 - [TEST_STEP][PASSED] - shopify.store_setting.saveStoreSetting(): shopify.store_setting.saveStoreSetting is PASSED

2023-02-13 11:20:31 - [MESSAGE][PASSED] - Object: 'Object Repository/Shopify Store/span_save_admin_setting' is clicked on

2023-02-13 11:20:31 - [MESSAGE][PASSED] - shopify.store_setting.saveStoreSetting is PASSED

2023-02-13 11:20:31 - [TEST_STEP][PASSED] - Start tear down : teardownIfPassed: Method 'teardownIfPassed' complete successfully

2023-02-13 11:20:31 - [TEST_STEP][PASSED] - data.excel.updateValueToSheet(file_data, "store", 4, store_name, 7, "Passed"): data.excel.updateValueToSheet is PASSED

2023-02-13 11:20:31 - [MESSAGE][PASSED] - data.excel.updateValueToSheet is PASSED

2023-02-13 11:20:31 - [MESSAGE][PASSED] - Method 'teardownIfPassed' complete successfully]]></system-out>
         <system-err><![CDATA[]]></system-err>
      </testcase>
      <testcase name="Test Cases/Shopify/CreateStore" time="223.057" classname="Test Cases/Shopify/CreateStore" status="PASSED">
         <system-out><![CDATA[2023-02-13 11:20:31 - [TEST_CASE][PASSED] - Test Cases/Shopify/CreateStore: Test Cases/Shopify/CreateStore

2023-02-13 11:20:31 - [TEST_STEP][PASSED] - Start listener action : skipStatus: null

2023-02-13 11:20:31 - [TEST_STEP][PASSED] - map = testCaseContext.getTestCaseVariables(): null

2023-02-13 11:20:31 - [TEST_STEP][PASSED] - testcae_status = map.get("testcase_status"): null

2023-02-13 11:20:31 - [TEST_STEP][PASSED] - println(testcae_status): null

2023-02-13 11:20:31 - [TEST_STEP][PASSED] - if (testcae_status == "Passed" || testcae_status == "Failed"): null

2023-02-13 11:20:31 - [TEST_STEP][PASSED] - log = new com.kms.katalon.core.util.KeywordUtil(): null

2023-02-13 11:20:31 - [TEST_STEP][PASSED] - openBrowser(""): Browser is opened with url: ''

2023-02-13 11:20:31 - [MESSAGE][WARNING] - A browser is already opened. Closing browser and opening a new one

2023-02-13 11:20:32 - [MESSAGE][INFO] - Starting 'Chrome' driver

2023-02-13 11:20:32 - [MESSAGE][INFO] - Action delay is set to 0 milliseconds

2023-02-13 11:20:33 - [MESSAGE][PASSED] - Browser is opened with url: ''

2023-02-13 11:20:33 - [TEST_STEP][PASSED] - maximizeWindow(): Current window maximized

2023-02-13 11:20:33 - [MESSAGE][PASSED] - Current window maximized

2023-02-13 11:20:33 - [TEST_STEP][PASSED] - st = new shopify.store(): null

2023-02-13 11:20:33 - [TEST_STEP][PASSED] - st.loginShopifyPartner(partner_email, partner_password, partner_id): Object: 'Object Repository/Shopify/btn_login' is clicked on

2023-02-13 11:20:37 - [MESSAGE][PASSED] - Navigate to 'https://partners.shopify.com/1662018/stores/new' successfully

2023-02-13 11:20:38 - [MESSAGE][PASSED] - Text 'huynh@firegroup.io' is set on object 'Object Repository/Shopify/input_email_shopify'

2023-02-13 11:20:39 - [MESSAGE][PASSED] - Object: 'Object Repository/Shopify/btn_continue_with_email' is clicked on

2023-02-13 11:20:41 - [MESSAGE][PASSED] - Text ****** has been set on object 'Object Repository/Shopify/input_password_shopify'

2023-02-13 11:20:46 - [MESSAGE][PASSED] - Object: 'Object Repository/Shopify/btn_login' is clicked on

2023-02-13 11:20:46 - [TEST_STEP][PASSED] - st.navigateToStoreDevelop(partner_id): Navigate to 'https://partners.shopify.com/1662018/stores/new?store_type=dev_preview_store&developer_preview_handle=checkout_extensibility' successfully

2023-02-13 11:20:48 - [MESSAGE][PASSED] - Navigate to 'https://partners.shopify.com/1662018/stores/new?store_type=dev_preview_store&developer_preview_handle=checkout_extensibility' successfully

2023-02-13 11:20:48 - [TEST_STEP][PASSED] - st.inputStoreName(store_name): Delayed 5 second(s)

2023-02-13 11:20:55 - [MESSAGE][PASSED] - Text 'huynh-ar-stag-2402' is set on object 'Object Repository/Shopify/input_store_name'

2023-02-13 11:21:00 - [MESSAGE][PASSED] - Delayed 5 second(s)

2023-02-13 11:21:00 - [TEST_STEP][PASSED] - shopify.store.clickCreateStore(): shopify.store.clickCreateStore is PASSED

2023-02-13 11:21:00 - [MESSAGE][PASSED] - Object: 'Object Repository/Shopify/btn_create_store' is clicked on

2023-02-13 11:21:20 - [MESSAGE][PASSED] - Delayed 20 second(s)

2023-02-13 11:21:20 - [MESSAGE][PASSED] - shopify.store.clickCreateStore is PASSED

2023-02-13 11:21:20 - [TEST_STEP][PASSED] - shopify.store.importProduct(product_file_local): shopify.store.importProduct is PASSED

2023-02-13 11:21:31 - [MESSAGE][PASSED] - Object: 'Object Repository/Shopify/span_product' is clicked on

2023-02-13 11:21:33 - [MESSAGE][PASSED] - Object: 'Object Repository/Shopify/span_import_product' is clicked on

2023-02-13 11:21:33 - [MESSAGE][PASSED] - File 'C:\Users\huynh\Documents\Socialhead\Automation\Katalon project\CreateStore\CreateStore\Data\products_export.csv' sent to object: 'Object Repository/Shopify/file_product'

2023-02-13 11:21:34 - [MESSAGE][PASSED] - Object: 'Object Repository/Shopify/span_upload_product_continue' is clicked on

2023-02-13 11:21:37 - [MESSAGE][PASSED] - Object: 'Object Repository/Shopify/btn_product_confirm_import' is clicked on

2023-02-13 11:22:07 - [MESSAGE][PASSED] - Delayed 30 second(s)

2023-02-13 11:22:07 - [MESSAGE][PASSED] - Refresh successfully

2023-02-13 11:22:22 - [MESSAGE][PASSED] - Delayed 15 second(s)

2023-02-13 11:22:22 - [MESSAGE][PASSED] - shopify.store.importProduct is PASSED

2023-02-13 11:22:22 - [TEST_STEP][PASSED] - shopify.store.clickOnMenuOnlineStore(): shopify.store.clickOnMenuOnlineStore is PASSED

2023-02-13 11:22:23 - [MESSAGE][PASSED] - Object: 'Object Repository/Shopify Store/a_onlie_store' is clicked on

2023-02-13 11:22:33 - [MESSAGE][PASSED] - Delayed 10 second(s)

2023-02-13 11:22:33 - [MESSAGE][PASSED] - shopify.store.clickOnMenuOnlineStore is PASSED

2023-02-13 11:22:33 - [TEST_STEP][PASSED] - shopify.store.clickOnImportTheme(): shopify.store.clickOnImportTheme is PASSED

2023-02-13 11:22:33 - [MESSAGE][PASSED] - Object: 'Object Repository/Shopify Store/btn_add_theme' is clicked on

2023-02-13 11:22:33 - [MESSAGE][PASSED] - shopify.store.clickOnImportTheme is PASSED

2023-02-13 11:22:33 - [TEST_STEP][PASSED] - shopify.store.uploadThemeFile(theme_file_local): shopify.store.uploadThemeFile is PASSED

2023-02-13 11:22:33 - [MESSAGE][PASSED] - Object: 'Object Repository/Shopify Store/btn_upload_zip_file' is clicked on

2023-02-13 11:22:34 - [MESSAGE][PASSED] - File 'C:\Users\huynh\Documents\Socialhead\Automation\Katalon project\CreateStore\CreateStore\Data\theme_export__www-fashionbarnshop-com-testament-v-7-2-new__02JUN2020-1213am(1).zip' sent to object: 'Object Repository/Shopify Store/file_theme'

2023-02-13 11:22:34 - [MESSAGE][PASSED] - Object: 'Object Repository/Shopify Store/btn_upload_theme' is clicked on

2023-02-13 11:22:44 - [MESSAGE][PASSED] - Delayed 10 second(s)

2023-02-13 11:22:44 - [MESSAGE][PASSED] - shopify.store.uploadThemeFile is PASSED

2023-02-13 11:22:44 - [TEST_STEP][PASSED] - shopify.store.clickPublishTheme(): shopify.store.clickPublishTheme is PASSED

2023-02-13 11:23:14 - [MESSAGE][PASSED] - Delayed 30 second(s)

2023-02-13 11:23:15 - [MESSAGE][PASSED] - Refresh successfully

2023-02-13 11:23:45 - [MESSAGE][PASSED] - Delayed 30 second(s)

2023-02-13 11:23:45 - [MESSAGE][PASSED] - Object 'Object Repository/Shopify Store/btn_publish_theme' is clickable

2023-02-13 11:23:45 - [MESSAGE][PASSED] - Object: 'Object Repository/Shopify Store/btn_publish_theme' is clicked on

2023-02-13 11:23:45 - [MESSAGE][PASSED] - shopify.store.clickPublishTheme is PASSED

2023-02-13 11:23:45 - [TEST_STEP][PASSED] - shopify.store.confirmPublishTheme(): shopify.store.confirmPublishTheme is PASSED

2023-02-13 11:23:55 - [MESSAGE][PASSED] - Delayed 10 second(s)

2023-02-13 11:23:56 - [MESSAGE][PASSED] - Object: 'Object Repository/Shopify Store/btn_confirm_publish_theme' is clicked on

2023-02-13 11:23:56 - [MESSAGE][PASSED] - shopify.store.confirmPublishTheme is PASSED

2023-02-13 11:23:56 - [TEST_STEP][PASSED] - shopify.store_setting.changeStoreCurrency(currency, store_name): shopify.store_setting.changeStoreCurrency is PASSED

2023-02-13 11:24:06 - [MESSAGE][PASSED] - Delayed 10 second(s)

2023-02-13 11:24:09 - [MESSAGE][PASSED] - Navigate to 'http://huynh-ar-stag-2402.myshopify.com/admin/settings/general' successfully

2023-02-13 11:24:14 - [MESSAGE][PASSED] - All options with value 'USD' are selected in object 'Object Repository/Shopify Store/select_currency' 

2023-02-13 11:24:14 - [MESSAGE][PASSED] - shopify.store_setting.changeStoreCurrency is PASSED

2023-02-13 11:24:14 - [TEST_STEP][PASSED] - shopify.store_setting.saveStoreSetting(): shopify.store_setting.saveStoreSetting is PASSED

2023-02-13 11:24:14 - [MESSAGE][PASSED] - Object: 'Object Repository/Shopify Store/span_save_admin_setting' is clicked on

2023-02-13 11:24:14 - [MESSAGE][PASSED] - shopify.store_setting.saveStoreSetting is PASSED

2023-02-13 11:24:14 - [TEST_STEP][PASSED] - Start tear down : teardownIfPassed: Method 'teardownIfPassed' complete successfully

2023-02-13 11:24:14 - [TEST_STEP][PASSED] - data.excel.updateValueToSheet(file_data, "store", 4, store_name, 7, "Passed"): data.excel.updateValueToSheet is PASSED

2023-02-13 11:24:14 - [MESSAGE][PASSED] - data.excel.updateValueToSheet is PASSED

2023-02-13 11:24:14 - [MESSAGE][PASSED] - Method 'teardownIfPassed' complete successfully]]></system-out>
         <system-err><![CDATA[]]></system-err>
      </testcase>
      <testcase name="Test Cases/Shopify/CreateStore" time="238.287" classname="Test Cases/Shopify/CreateStore" status="PASSED">
         <system-out><![CDATA[2023-02-13 11:24:14 - [TEST_CASE][PASSED] - Test Cases/Shopify/CreateStore: Test Cases/Shopify/CreateStore

2023-02-13 11:24:14 - [TEST_STEP][PASSED] - Start listener action : skipStatus: null

2023-02-13 11:24:14 - [TEST_STEP][PASSED] - map = testCaseContext.getTestCaseVariables(): null

2023-02-13 11:24:14 - [TEST_STEP][PASSED] - testcae_status = map.get("testcase_status"): null

2023-02-13 11:24:14 - [TEST_STEP][PASSED] - println(testcae_status): null

2023-02-13 11:24:14 - [TEST_STEP][PASSED] - if (testcae_status == "Passed" || testcae_status == "Failed"): null

2023-02-13 11:24:14 - [TEST_STEP][PASSED] - log = new com.kms.katalon.core.util.KeywordUtil(): null

2023-02-13 11:24:14 - [TEST_STEP][PASSED] - openBrowser(""): Browser is opened with url: ''

2023-02-13 11:24:14 - [MESSAGE][WARNING] - A browser is already opened. Closing browser and opening a new one

2023-02-13 11:24:15 - [MESSAGE][INFO] - Starting 'Chrome' driver

2023-02-13 11:24:15 - [MESSAGE][INFO] - Action delay is set to 0 milliseconds

2023-02-13 11:24:16 - [MESSAGE][PASSED] - Browser is opened with url: ''

2023-02-13 11:24:16 - [TEST_STEP][PASSED] - maximizeWindow(): Current window maximized

2023-02-13 11:24:16 - [MESSAGE][PASSED] - Current window maximized

2023-02-13 11:24:16 - [TEST_STEP][PASSED] - st = new shopify.store(): null

2023-02-13 11:24:16 - [TEST_STEP][PASSED] - st.loginShopifyPartner(partner_email, partner_password, partner_id): Object: 'Object Repository/Shopify/btn_login' is clicked on

2023-02-13 11:24:22 - [MESSAGE][PASSED] - Navigate to 'https://partners.shopify.com/1662018/stores/new' successfully

2023-02-13 11:24:23 - [MESSAGE][PASSED] - Text 'huynh@firegroup.io' is set on object 'Object Repository/Shopify/input_email_shopify'

2023-02-13 11:24:26 - [MESSAGE][PASSED] - Object: 'Object Repository/Shopify/btn_continue_with_email' is clicked on

2023-02-13 11:24:28 - [MESSAGE][PASSED] - Text ****** has been set on object 'Object Repository/Shopify/input_password_shopify'

2023-02-13 11:24:34 - [MESSAGE][PASSED] - Object: 'Object Repository/Shopify/btn_login' is clicked on

2023-02-13 11:24:34 - [TEST_STEP][PASSED] - st.navigateToStoreDevelop(partner_id): Navigate to 'https://partners.shopify.com/1662018/stores/new?store_type=dev_preview_store&developer_preview_handle=checkout_extensibility' successfully

2023-02-13 11:24:35 - [MESSAGE][PASSED] - Navigate to 'https://partners.shopify.com/1662018/stores/new?store_type=dev_preview_store&developer_preview_handle=checkout_extensibility' successfully

2023-02-13 11:24:35 - [TEST_STEP][PASSED] - st.inputStoreName(store_name): Delayed 5 second(s)

2023-02-13 11:24:53 - [MESSAGE][PASSED] - Text 'huynh-ar-stag-2403' is set on object 'Object Repository/Shopify/input_store_name'

2023-02-13 11:24:58 - [MESSAGE][PASSED] - Delayed 5 second(s)

2023-02-13 11:24:58 - [TEST_STEP][PASSED] - shopify.store.clickCreateStore(): shopify.store.clickCreateStore is PASSED

2023-02-13 11:24:59 - [MESSAGE][PASSED] - Object: 'Object Repository/Shopify/btn_create_store' is clicked on

2023-02-13 11:25:19 - [MESSAGE][PASSED] - Delayed 20 second(s)

2023-02-13 11:25:19 - [MESSAGE][PASSED] - shopify.store.clickCreateStore is PASSED

2023-02-13 11:25:19 - [TEST_STEP][PASSED] - shopify.store.importProduct(product_file_local): shopify.store.importProduct is PASSED

2023-02-13 11:25:29 - [MESSAGE][PASSED] - Object: 'Object Repository/Shopify/span_product' is clicked on

2023-02-13 11:25:31 - [MESSAGE][PASSED] - Object: 'Object Repository/Shopify/span_import_product' is clicked on

2023-02-13 11:25:31 - [MESSAGE][PASSED] - File 'C:\Users\huynh\Documents\Socialhead\Automation\Katalon project\CreateStore\CreateStore\Data\products_export.csv' sent to object: 'Object Repository/Shopify/file_product'

2023-02-13 11:25:32 - [MESSAGE][PASSED] - Object: 'Object Repository/Shopify/span_upload_product_continue' is clicked on

2023-02-13 11:25:35 - [MESSAGE][PASSED] - Object: 'Object Repository/Shopify/btn_product_confirm_import' is clicked on

2023-02-13 11:26:05 - [MESSAGE][PASSED] - Delayed 30 second(s)

2023-02-13 11:26:06 - [MESSAGE][PASSED] - Refresh successfully

2023-02-13 11:26:21 - [MESSAGE][PASSED] - Delayed 15 second(s)

2023-02-13 11:26:21 - [MESSAGE][PASSED] - shopify.store.importProduct is PASSED

2023-02-13 11:26:21 - [TEST_STEP][PASSED] - shopify.store.clickOnMenuOnlineStore(): shopify.store.clickOnMenuOnlineStore is PASSED

2023-02-13 11:26:21 - [MESSAGE][PASSED] - Object: 'Object Repository/Shopify Store/a_onlie_store' is clicked on

2023-02-13 11:26:31 - [MESSAGE][PASSED] - Delayed 10 second(s)

2023-02-13 11:26:31 - [MESSAGE][PASSED] - shopify.store.clickOnMenuOnlineStore is PASSED

2023-02-13 11:26:31 - [TEST_STEP][PASSED] - shopify.store.clickOnImportTheme(): shopify.store.clickOnImportTheme is PASSED

2023-02-13 11:26:32 - [MESSAGE][PASSED] - Object: 'Object Repository/Shopify Store/btn_add_theme' is clicked on

2023-02-13 11:26:32 - [MESSAGE][PASSED] - shopify.store.clickOnImportTheme is PASSED

2023-02-13 11:26:32 - [TEST_STEP][PASSED] - shopify.store.uploadThemeFile(theme_file_local): shopify.store.uploadThemeFile is PASSED

2023-02-13 11:26:32 - [MESSAGE][PASSED] - Object: 'Object Repository/Shopify Store/btn_upload_zip_file' is clicked on

2023-02-13 11:26:32 - [MESSAGE][PASSED] - File 'C:\Users\huynh\Documents\Socialhead\Automation\Katalon project\CreateStore\CreateStore\Data\theme_export__www-fashionbarnshop-com-testament-v-7-2-new__02JUN2020-1213am.zip' sent to object: 'Object Repository/Shopify Store/file_theme'

2023-02-13 11:26:33 - [MESSAGE][PASSED] - Object: 'Object Repository/Shopify Store/btn_upload_theme' is clicked on

2023-02-13 11:26:43 - [MESSAGE][PASSED] - Delayed 10 second(s)

2023-02-13 11:26:43 - [MESSAGE][PASSED] - shopify.store.uploadThemeFile is PASSED

2023-02-13 11:26:43 - [TEST_STEP][PASSED] - shopify.store.clickPublishTheme(): shopify.store.clickPublishTheme is PASSED

2023-02-13 11:27:13 - [MESSAGE][PASSED] - Delayed 30 second(s)

2023-02-13 11:27:13 - [MESSAGE][PASSED] - Refresh successfully

2023-02-13 11:27:43 - [MESSAGE][PASSED] - Delayed 30 second(s)

2023-02-13 11:27:44 - [MESSAGE][PASSED] - Object 'Object Repository/Shopify Store/btn_publish_theme' is clickable

2023-02-13 11:27:44 - [MESSAGE][PASSED] - Object: 'Object Repository/Shopify Store/btn_publish_theme' is clicked on

2023-02-13 11:27:44 - [MESSAGE][PASSED] - shopify.store.clickPublishTheme is PASSED

2023-02-13 11:27:44 - [TEST_STEP][PASSED] - shopify.store.confirmPublishTheme(): shopify.store.confirmPublishTheme is PASSED

2023-02-13 11:27:54 - [MESSAGE][PASSED] - Delayed 10 second(s)

2023-02-13 11:27:54 - [MESSAGE][PASSED] - Object: 'Object Repository/Shopify Store/btn_confirm_publish_theme' is clicked on

2023-02-13 11:27:54 - [MESSAGE][PASSED] - shopify.store.confirmPublishTheme is PASSED

2023-02-13 11:27:54 - [TEST_STEP][PASSED] - shopify.store_setting.changeStoreCurrency(currency, store_name): shopify.store_setting.changeStoreCurrency is PASSED

2023-02-13 11:28:04 - [MESSAGE][PASSED] - Delayed 10 second(s)

2023-02-13 11:28:08 - [MESSAGE][PASSED] - Navigate to 'http://huynh-ar-stag-2403.myshopify.com/admin/settings/general' successfully

2023-02-13 11:28:12 - [MESSAGE][PASSED] - All options with value 'USD' are selected in object 'Object Repository/Shopify Store/select_currency' 

2023-02-13 11:28:12 - [MESSAGE][PASSED] - shopify.store_setting.changeStoreCurrency is PASSED

2023-02-13 11:28:12 - [TEST_STEP][PASSED] - shopify.store_setting.saveStoreSetting(): shopify.store_setting.saveStoreSetting is PASSED

2023-02-13 11:28:13 - [MESSAGE][PASSED] - Object: 'Object Repository/Shopify Store/span_save_admin_setting' is clicked on

2023-02-13 11:28:13 - [MESSAGE][PASSED] - shopify.store_setting.saveStoreSetting is PASSED

2023-02-13 11:28:13 - [TEST_STEP][PASSED] - Start tear down : teardownIfPassed: Method 'teardownIfPassed' complete successfully

2023-02-13 11:28:13 - [TEST_STEP][PASSED] - data.excel.updateValueToSheet(file_data, "store", 4, store_name, 7, "Passed"): data.excel.updateValueToSheet is PASSED

2023-02-13 11:28:13 - [MESSAGE][PASSED] - data.excel.updateValueToSheet is PASSED

2023-02-13 11:28:13 - [MESSAGE][PASSED] - Method 'teardownIfPassed' complete successfully]]></system-out>
         <system-err><![CDATA[]]></system-err>
      </testcase>
      <testcase name="Test Cases/Shopify/CreateStore" time="263.957" classname="Test Cases/Shopify/CreateStore" status="PASSED">
         <system-out><![CDATA[2023-02-13 11:28:13 - [TEST_CASE][PASSED] - Test Cases/Shopify/CreateStore: Test Cases/Shopify/CreateStore

2023-02-13 11:28:13 - [TEST_STEP][PASSED] - Start listener action : skipStatus: null

2023-02-13 11:28:13 - [TEST_STEP][PASSED] - map = testCaseContext.getTestCaseVariables(): null

2023-02-13 11:28:13 - [TEST_STEP][PASSED] - testcae_status = map.get("testcase_status"): null

2023-02-13 11:28:13 - [TEST_STEP][PASSED] - println(testcae_status): null

2023-02-13 11:28:13 - [TEST_STEP][PASSED] - if (testcae_status == "Passed" || testcae_status == "Failed"): null

2023-02-13 11:28:13 - [TEST_STEP][PASSED] - log = new com.kms.katalon.core.util.KeywordUtil(): null

2023-02-13 11:28:13 - [TEST_STEP][PASSED] - openBrowser(""): Browser is opened with url: ''

2023-02-13 11:28:13 - [MESSAGE][WARNING] - A browser is already opened. Closing browser and opening a new one

2023-02-13 11:28:13 - [MESSAGE][INFO] - Starting 'Chrome' driver

2023-02-13 11:28:13 - [MESSAGE][INFO] - Action delay is set to 0 milliseconds

2023-02-13 11:28:14 - [MESSAGE][PASSED] - Browser is opened with url: ''

2023-02-13 11:28:14 - [TEST_STEP][PASSED] - maximizeWindow(): Current window maximized

2023-02-13 11:28:15 - [MESSAGE][PASSED] - Current window maximized

2023-02-13 11:28:15 - [TEST_STEP][PASSED] - st = new shopify.store(): null

2023-02-13 11:28:15 - [TEST_STEP][PASSED] - st.loginShopifyPartner(partner_email, partner_password, partner_id): Object: 'Object Repository/Shopify/btn_login' is clicked on

2023-02-13 11:28:18 - [MESSAGE][PASSED] - Navigate to 'https://partners.shopify.com/1662018/stores/new' successfully

2023-02-13 11:28:19 - [MESSAGE][PASSED] - Text 'huynh@firegroup.io' is set on object 'Object Repository/Shopify/input_email_shopify'

2023-02-13 11:28:24 - [MESSAGE][PASSED] - Object: 'Object Repository/Shopify/btn_continue_with_email' is clicked on

2023-02-13 11:28:26 - [MESSAGE][PASSED] - Text ****** has been set on object 'Object Repository/Shopify/input_password_shopify'

2023-02-13 11:28:52 - [MESSAGE][PASSED] - Object: 'Object Repository/Shopify/btn_login' is clicked on

2023-02-13 11:28:52 - [TEST_STEP][PASSED] - st.navigateToStoreDevelop(partner_id): Navigate to 'https://partners.shopify.com/1662018/stores/new?store_type=dev_preview_store&developer_preview_handle=checkout_extensibility' successfully

2023-02-13 11:29:13 - [MESSAGE][PASSED] - Navigate to 'https://partners.shopify.com/1662018/stores/new?store_type=dev_preview_store&developer_preview_handle=checkout_extensibility' successfully

2023-02-13 11:29:13 - [TEST_STEP][PASSED] - st.inputStoreName(store_name): Delayed 5 second(s)

2023-02-13 11:29:13 - [MESSAGE][PASSED] - Text 'huynh-ar-stag-2404' is set on object 'Object Repository/Shopify/input_store_name'

2023-02-13 11:29:18 - [MESSAGE][PASSED] - Delayed 5 second(s)

2023-02-13 11:29:18 - [TEST_STEP][PASSED] - shopify.store.clickCreateStore(): shopify.store.clickCreateStore is PASSED

2023-02-13 11:29:19 - [MESSAGE][PASSED] - Object: 'Object Repository/Shopify/btn_create_store' is clicked on

2023-02-13 11:29:39 - [MESSAGE][PASSED] - Delayed 20 second(s)

2023-02-13 11:29:39 - [MESSAGE][PASSED] - shopify.store.clickCreateStore is PASSED

2023-02-13 11:29:39 - [TEST_STEP][PASSED] - shopify.store.importProduct(product_file_local): shopify.store.importProduct is PASSED

2023-02-13 11:29:53 - [MESSAGE][PASSED] - Object: 'Object Repository/Shopify/span_product' is clicked on

2023-02-13 11:29:55 - [MESSAGE][PASSED] - Object: 'Object Repository/Shopify/span_import_product' is clicked on

2023-02-13 11:29:55 - [MESSAGE][PASSED] - File 'C:\Users\huynh\Documents\Socialhead\Automation\Katalon project\CreateStore\CreateStore\Data\products_export.csv' sent to object: 'Object Repository/Shopify/file_product'

2023-02-13 11:29:56 - [MESSAGE][PASSED] - Object: 'Object Repository/Shopify/span_upload_product_continue' is clicked on

2023-02-13 11:29:59 - [MESSAGE][PASSED] - Object: 'Object Repository/Shopify/btn_product_confirm_import' is clicked on

2023-02-13 11:30:29 - [MESSAGE][PASSED] - Delayed 30 second(s)

2023-02-13 11:30:29 - [MESSAGE][PASSED] - Refresh successfully

2023-02-13 11:30:44 - [MESSAGE][PASSED] - Delayed 15 second(s)

2023-02-13 11:30:44 - [MESSAGE][PASSED] - shopify.store.importProduct is PASSED

2023-02-13 11:30:44 - [TEST_STEP][PASSED] - shopify.store.clickOnMenuOnlineStore(): shopify.store.clickOnMenuOnlineStore is PASSED

2023-02-13 11:30:45 - [MESSAGE][PASSED] - Object: 'Object Repository/Shopify Store/a_onlie_store' is clicked on

2023-02-13 11:30:55 - [MESSAGE][PASSED] - Delayed 10 second(s)

2023-02-13 11:30:55 - [MESSAGE][PASSED] - shopify.store.clickOnMenuOnlineStore is PASSED

2023-02-13 11:30:55 - [TEST_STEP][PASSED] - shopify.store.clickOnImportTheme(): shopify.store.clickOnImportTheme is PASSED

2023-02-13 11:30:55 - [MESSAGE][PASSED] - Object: 'Object Repository/Shopify Store/btn_add_theme' is clicked on

2023-02-13 11:30:55 - [MESSAGE][PASSED] - shopify.store.clickOnImportTheme is PASSED

2023-02-13 11:30:55 - [TEST_STEP][PASSED] - shopify.store.uploadThemeFile(theme_file_local): shopify.store.uploadThemeFile is PASSED

2023-02-13 11:30:55 - [MESSAGE][PASSED] - Object: 'Object Repository/Shopify Store/btn_upload_zip_file' is clicked on

2023-02-13 11:30:56 - [MESSAGE][PASSED] - File 'C:\Users\huynh\Documents\Socialhead\Automation\Katalon project\CreateStore\CreateStore\Data\theme_export__www-fitrealness-com-alidrop-premium__16JUN2020-0354am.zip' sent to object: 'Object Repository/Shopify Store/file_theme'

2023-02-13 11:30:56 - [MESSAGE][PASSED] - Object: 'Object Repository/Shopify Store/btn_upload_theme' is clicked on

2023-02-13 11:31:06 - [MESSAGE][PASSED] - Delayed 10 second(s)

2023-02-13 11:31:06 - [MESSAGE][PASSED] - shopify.store.uploadThemeFile is PASSED

2023-02-13 11:31:06 - [TEST_STEP][PASSED] - shopify.store.clickPublishTheme(): shopify.store.clickPublishTheme is PASSED

2023-02-13 11:31:36 - [MESSAGE][PASSED] - Delayed 30 second(s)

2023-02-13 11:31:37 - [MESSAGE][PASSED] - Refresh successfully

2023-02-13 11:32:07 - [MESSAGE][PASSED] - Delayed 30 second(s)

2023-02-13 11:32:07 - [MESSAGE][PASSED] - Object 'Object Repository/Shopify Store/btn_publish_theme' is clickable

2023-02-13 11:32:07 - [MESSAGE][PASSED] - Object: 'Object Repository/Shopify Store/btn_publish_theme' is clicked on

2023-02-13 11:32:07 - [MESSAGE][PASSED] - shopify.store.clickPublishTheme is PASSED

2023-02-13 11:32:07 - [TEST_STEP][PASSED] - shopify.store.confirmPublishTheme(): shopify.store.confirmPublishTheme is PASSED

2023-02-13 11:32:17 - [MESSAGE][PASSED] - Delayed 10 second(s)

2023-02-13 11:32:18 - [MESSAGE][PASSED] - Object: 'Object Repository/Shopify Store/btn_confirm_publish_theme' is clicked on

2023-02-13 11:32:18 - [MESSAGE][PASSED] - shopify.store.confirmPublishTheme is PASSED

2023-02-13 11:32:18 - [TEST_STEP][PASSED] - shopify.store_setting.changeStoreCurrency(currency, store_name): shopify.store_setting.changeStoreCurrency is PASSED

2023-02-13 11:32:28 - [MESSAGE][PASSED] - Delayed 10 second(s)

2023-02-13 11:32:31 - [MESSAGE][PASSED] - Navigate to 'http://huynh-ar-stag-2404.myshopify.com/admin/settings/general' successfully

2023-02-13 11:32:36 - [MESSAGE][PASSED] - All options with value 'USD' are selected in object 'Object Repository/Shopify Store/select_currency' 

2023-02-13 11:32:36 - [MESSAGE][PASSED] - shopify.store_setting.changeStoreCurrency is PASSED

2023-02-13 11:32:36 - [TEST_STEP][PASSED] - shopify.store_setting.saveStoreSetting(): shopify.store_setting.saveStoreSetting is PASSED

2023-02-13 11:32:37 - [MESSAGE][PASSED] - Object: 'Object Repository/Shopify Store/span_save_admin_setting' is clicked on

2023-02-13 11:32:37 - [MESSAGE][PASSED] - shopify.store_setting.saveStoreSetting is PASSED

2023-02-13 11:32:37 - [TEST_STEP][PASSED] - Start tear down : teardownIfPassed: Method 'teardownIfPassed' complete successfully

2023-02-13 11:32:37 - [TEST_STEP][PASSED] - data.excel.updateValueToSheet(file_data, "store", 4, store_name, 7, "Passed"): data.excel.updateValueToSheet is PASSED

2023-02-13 11:32:37 - [MESSAGE][PASSED] - data.excel.updateValueToSheet is PASSED

2023-02-13 11:32:37 - [MESSAGE][PASSED] - Method 'teardownIfPassed' complete successfully]]></system-out>
         <system-err><![CDATA[]]></system-err>
      </testcase>
      <testcase name="Test Cases/Shopify/CreateStore" time="222.911" classname="Test Cases/Shopify/CreateStore" status="PASSED">
         <system-out><![CDATA[2023-02-13 11:32:37 - [TEST_CASE][PASSED] - Test Cases/Shopify/CreateStore: Test Cases/Shopify/CreateStore

2023-02-13 11:32:37 - [TEST_STEP][PASSED] - Start listener action : skipStatus: null

2023-02-13 11:32:37 - [TEST_STEP][PASSED] - map = testCaseContext.getTestCaseVariables(): null

2023-02-13 11:32:37 - [TEST_STEP][PASSED] - testcae_status = map.get("testcase_status"): null

2023-02-13 11:32:37 - [TEST_STEP][PASSED] - println(testcae_status): null

2023-02-13 11:32:37 - [TEST_STEP][PASSED] - if (testcae_status == "Passed" || testcae_status == "Failed"): null

2023-02-13 11:32:37 - [TEST_STEP][PASSED] - log = new com.kms.katalon.core.util.KeywordUtil(): null

2023-02-13 11:32:37 - [TEST_STEP][PASSED] - openBrowser(""): Browser is opened with url: ''

2023-02-13 11:32:37 - [MESSAGE][WARNING] - A browser is already opened. Closing browser and opening a new one

2023-02-13 11:32:37 - [MESSAGE][INFO] - Starting 'Chrome' driver

2023-02-13 11:32:37 - [MESSAGE][INFO] - Action delay is set to 0 milliseconds

2023-02-13 11:32:38 - [MESSAGE][PASSED] - Browser is opened with url: ''

2023-02-13 11:32:38 - [TEST_STEP][PASSED] - maximizeWindow(): Current window maximized

2023-02-13 11:32:39 - [MESSAGE][PASSED] - Current window maximized

2023-02-13 11:32:39 - [TEST_STEP][PASSED] - st = new shopify.store(): null

2023-02-13 11:32:39 - [TEST_STEP][PASSED] - st.loginShopifyPartner(partner_email, partner_password, partner_id): Object: 'Object Repository/Shopify/btn_login' is clicked on

2023-02-13 11:32:43 - [MESSAGE][PASSED] - Navigate to 'https://partners.shopify.com/1662018/stores/new' successfully

2023-02-13 11:32:44 - [MESSAGE][PASSED] - Text 'huynh@firegroup.io' is set on object 'Object Repository/Shopify/input_email_shopify'

2023-02-13 11:32:46 - [MESSAGE][PASSED] - Object: 'Object Repository/Shopify/btn_continue_with_email' is clicked on

2023-02-13 11:32:48 - [MESSAGE][PASSED] - Text ****** has been set on object 'Object Repository/Shopify/input_password_shopify'

2023-02-13 11:32:54 - [MESSAGE][PASSED] - Object: 'Object Repository/Shopify/btn_login' is clicked on

2023-02-13 11:32:54 - [TEST_STEP][PASSED] - st.navigateToStoreDevelop(partner_id): Navigate to 'https://partners.shopify.com/1662018/stores/new?store_type=dev_preview_store&developer_preview_handle=checkout_extensibility' successfully

2023-02-13 11:32:54 - [MESSAGE][PASSED] - Navigate to 'https://partners.shopify.com/1662018/stores/new?store_type=dev_preview_store&developer_preview_handle=checkout_extensibility' successfully

2023-02-13 11:32:54 - [TEST_STEP][PASSED] - st.inputStoreName(store_name): Delayed 5 second(s)

2023-02-13 11:32:56 - [MESSAGE][PASSED] - Text 'huynh-ar-stag-2405' is set on object 'Object Repository/Shopify/input_store_name'

2023-02-13 11:33:01 - [MESSAGE][PASSED] - Delayed 5 second(s)

2023-02-13 11:33:01 - [TEST_STEP][PASSED] - shopify.store.clickCreateStore(): shopify.store.clickCreateStore is PASSED

2023-02-13 11:33:02 - [MESSAGE][PASSED] - Object: 'Object Repository/Shopify/btn_create_store' is clicked on

2023-02-13 11:33:22 - [MESSAGE][PASSED] - Delayed 20 second(s)

2023-02-13 11:33:22 - [MESSAGE][PASSED] - shopify.store.clickCreateStore is PASSED

2023-02-13 11:33:22 - [TEST_STEP][PASSED] - shopify.store.importProduct(product_file_local): shopify.store.importProduct is PASSED

2023-02-13 11:33:31 - [MESSAGE][PASSED] - Object: 'Object Repository/Shopify/span_product' is clicked on

2023-02-13 11:33:37 - [MESSAGE][PASSED] - Object: 'Object Repository/Shopify/span_import_product' is clicked on

2023-02-13 11:33:38 - [MESSAGE][PASSED] - File 'C:\Users\huynh\Documents\Socialhead\Automation\Katalon project\CreateStore\CreateStore\Data\products_export.csv' sent to object: 'Object Repository/Shopify/file_product'

2023-02-13 11:33:38 - [MESSAGE][PASSED] - Object: 'Object Repository/Shopify/span_upload_product_continue' is clicked on

2023-02-13 11:33:41 - [MESSAGE][PASSED] - Object: 'Object Repository/Shopify/btn_product_confirm_import' is clicked on

2023-02-13 11:34:11 - [MESSAGE][PASSED] - Delayed 30 second(s)

2023-02-13 11:34:12 - [MESSAGE][PASSED] - Refresh successfully

2023-02-13 11:34:27 - [MESSAGE][PASSED] - Delayed 15 second(s)

2023-02-13 11:34:27 - [MESSAGE][PASSED] - shopify.store.importProduct is PASSED

2023-02-13 11:34:27 - [TEST_STEP][PASSED] - shopify.store.clickOnMenuOnlineStore(): shopify.store.clickOnMenuOnlineStore is PASSED

2023-02-13 11:34:27 - [MESSAGE][PASSED] - Object: 'Object Repository/Shopify Store/a_onlie_store' is clicked on

2023-02-13 11:34:37 - [MESSAGE][PASSED] - Delayed 10 second(s)

2023-02-13 11:34:37 - [MESSAGE][PASSED] - shopify.store.clickOnMenuOnlineStore is PASSED

2023-02-13 11:34:37 - [TEST_STEP][PASSED] - shopify.store.clickOnImportTheme(): shopify.store.clickOnImportTheme is PASSED

2023-02-13 11:34:37 - [MESSAGE][PASSED] - Object: 'Object Repository/Shopify Store/btn_add_theme' is clicked on

2023-02-13 11:34:37 - [MESSAGE][PASSED] - shopify.store.clickOnImportTheme is PASSED

2023-02-13 11:34:37 - [TEST_STEP][PASSED] - shopify.store.uploadThemeFile(theme_file_local): shopify.store.uploadThemeFile is PASSED

2023-02-13 11:34:38 - [MESSAGE][PASSED] - Object: 'Object Repository/Shopify Store/btn_upload_zip_file' is clicked on

2023-02-13 11:34:38 - [MESSAGE][PASSED] - File 'C:\Users\huynh\Documents\Socialhead\Automation\Katalon project\CreateStore\CreateStore\Data\theme_export__www-frilldepot-com-install-me-wokiee-v-1-8-1__07MAY2020-0323am.zip' sent to object: 'Object Repository/Shopify Store/file_theme'

2023-02-13 11:34:39 - [MESSAGE][PASSED] - Object: 'Object Repository/Shopify Store/btn_upload_theme' is clicked on

2023-02-13 11:34:49 - [MESSAGE][PASSED] - Delayed 10 second(s)

2023-02-13 11:34:49 - [MESSAGE][PASSED] - shopify.store.uploadThemeFile is PASSED

2023-02-13 11:34:49 - [TEST_STEP][PASSED] - shopify.store.clickPublishTheme(): shopify.store.clickPublishTheme is PASSED

2023-02-13 11:35:19 - [MESSAGE][PASSED] - Delayed 30 second(s)

2023-02-13 11:35:19 - [MESSAGE][PASSED] - Refresh successfully

2023-02-13 11:35:49 - [MESSAGE][PASSED] - Delayed 30 second(s)

2023-02-13 11:35:50 - [MESSAGE][PASSED] - Object 'Object Repository/Shopify Store/btn_publish_theme' is clickable

2023-02-13 11:35:50 - [MESSAGE][PASSED] - Object: 'Object Repository/Shopify Store/btn_publish_theme' is clicked on

2023-02-13 11:35:50 - [MESSAGE][PASSED] - shopify.store.clickPublishTheme is PASSED

2023-02-13 11:35:50 - [TEST_STEP][PASSED] - shopify.store.confirmPublishTheme(): shopify.store.confirmPublishTheme is PASSED

2023-02-13 11:36:00 - [MESSAGE][PASSED] - Delayed 10 second(s)

2023-02-13 11:36:00 - [MESSAGE][PASSED] - Object: 'Object Repository/Shopify Store/btn_confirm_publish_theme' is clicked on

2023-02-13 11:36:00 - [MESSAGE][PASSED] - shopify.store.confirmPublishTheme is PASSED

2023-02-13 11:36:00 - [TEST_STEP][PASSED] - shopify.store_setting.changeStoreCurrency(currency, store_name): shopify.store_setting.changeStoreCurrency is PASSED

2023-02-13 11:36:10 - [MESSAGE][PASSED] - Delayed 10 second(s)

2023-02-13 11:36:14 - [MESSAGE][PASSED] - Navigate to 'http://huynh-ar-stag-2405.myshopify.com/admin/settings/general' successfully

2023-02-13 11:36:19 - [MESSAGE][PASSED] - All options with value 'USD' are selected in object 'Object Repository/Shopify Store/select_currency' 

2023-02-13 11:36:19 - [MESSAGE][PASSED] - shopify.store_setting.changeStoreCurrency is PASSED

2023-02-13 11:36:19 - [TEST_STEP][PASSED] - shopify.store_setting.saveStoreSetting(): shopify.store_setting.saveStoreSetting is PASSED

2023-02-13 11:36:20 - [MESSAGE][PASSED] - Object: 'Object Repository/Shopify Store/span_save_admin_setting' is clicked on

2023-02-13 11:36:20 - [MESSAGE][PASSED] - shopify.store_setting.saveStoreSetting is PASSED

2023-02-13 11:36:20 - [TEST_STEP][PASSED] - Start tear down : teardownIfPassed: Method 'teardownIfPassed' complete successfully

2023-02-13 11:36:20 - [TEST_STEP][PASSED] - data.excel.updateValueToSheet(file_data, "store", 4, store_name, 7, "Passed"): data.excel.updateValueToSheet is PASSED

2023-02-13 11:36:20 - [MESSAGE][PASSED] - data.excel.updateValueToSheet is PASSED

2023-02-13 11:36:20 - [MESSAGE][PASSED] - Method 'teardownIfPassed' complete successfully]]></system-out>
         <system-err><![CDATA[]]></system-err>
      </testcase>
      <testcase name="Test Cases/Shopify/CreateStore" time="225.547" classname="Test Cases/Shopify/CreateStore" status="PASSED">
         <system-out><![CDATA[2023-02-13 11:36:20 - [TEST_CASE][PASSED] - Test Cases/Shopify/CreateStore: Test Cases/Shopify/CreateStore

2023-02-13 11:36:20 - [TEST_STEP][PASSED] - Start listener action : skipStatus: null

2023-02-13 11:36:20 - [TEST_STEP][PASSED] - map = testCaseContext.getTestCaseVariables(): null

2023-02-13 11:36:20 - [TEST_STEP][PASSED] - testcae_status = map.get("testcase_status"): null

2023-02-13 11:36:20 - [TEST_STEP][PASSED] - println(testcae_status): null

2023-02-13 11:36:20 - [TEST_STEP][PASSED] - if (testcae_status == "Passed" || testcae_status == "Failed"): null

2023-02-13 11:36:20 - [TEST_STEP][PASSED] - log = new com.kms.katalon.core.util.KeywordUtil(): null

2023-02-13 11:36:20 - [TEST_STEP][PASSED] - openBrowser(""): Browser is opened with url: ''

2023-02-13 11:36:20 - [MESSAGE][WARNING] - A browser is already opened. Closing browser and opening a new one

2023-02-13 11:36:20 - [MESSAGE][INFO] - Starting 'Chrome' driver

2023-02-13 11:36:20 - [MESSAGE][INFO] - Action delay is set to 0 milliseconds

2023-02-13 11:36:21 - [MESSAGE][PASSED] - Browser is opened with url: ''

2023-02-13 11:36:21 - [TEST_STEP][PASSED] - maximizeWindow(): Current window maximized

2023-02-13 11:36:22 - [MESSAGE][PASSED] - Current window maximized

2023-02-13 11:36:22 - [TEST_STEP][PASSED] - st = new shopify.store(): null

2023-02-13 11:36:22 - [TEST_STEP][PASSED] - st.loginShopifyPartner(partner_email, partner_password, partner_id): Object: 'Object Repository/Shopify/btn_login' is clicked on

2023-02-13 11:36:25 - [MESSAGE][PASSED] - Navigate to 'https://partners.shopify.com/1662018/stores/new' successfully

2023-02-13 11:36:26 - [MESSAGE][PASSED] - Text 'huynh@firegroup.io' is set on object 'Object Repository/Shopify/input_email_shopify'

2023-02-13 11:36:29 - [MESSAGE][PASSED] - Object: 'Object Repository/Shopify/btn_continue_with_email' is clicked on

2023-02-13 11:36:31 - [MESSAGE][PASSED] - Text ****** has been set on object 'Object Repository/Shopify/input_password_shopify'

2023-02-13 11:36:36 - [MESSAGE][PASSED] - Object: 'Object Repository/Shopify/btn_login' is clicked on

2023-02-13 11:36:36 - [TEST_STEP][PASSED] - st.navigateToStoreDevelop(partner_id): Navigate to 'https://partners.shopify.com/1662018/stores/new?store_type=dev_preview_store&developer_preview_handle=checkout_extensibility' successfully

2023-02-13 11:36:38 - [MESSAGE][PASSED] - Navigate to 'https://partners.shopify.com/1662018/stores/new?store_type=dev_preview_store&developer_preview_handle=checkout_extensibility' successfully

2023-02-13 11:36:38 - [TEST_STEP][PASSED] - st.inputStoreName(store_name): Delayed 5 second(s)

2023-02-13 11:36:40 - [MESSAGE][PASSED] - Text 'huynh-ar-stag-2406' is set on object 'Object Repository/Shopify/input_store_name'

2023-02-13 11:36:45 - [MESSAGE][PASSED] - Delayed 5 second(s)

2023-02-13 11:36:45 - [TEST_STEP][PASSED] - shopify.store.clickCreateStore(): shopify.store.clickCreateStore is PASSED

2023-02-13 11:36:45 - [MESSAGE][PASSED] - Object: 'Object Repository/Shopify/btn_create_store' is clicked on

2023-02-13 11:37:05 - [MESSAGE][PASSED] - Delayed 20 second(s)

2023-02-13 11:37:05 - [MESSAGE][PASSED] - shopify.store.clickCreateStore is PASSED

2023-02-13 11:37:05 - [TEST_STEP][PASSED] - shopify.store.importProduct(product_file_local): shopify.store.importProduct is PASSED

2023-02-13 11:37:21 - [MESSAGE][PASSED] - Object: 'Object Repository/Shopify/span_product' is clicked on

2023-02-13 11:37:23 - [MESSAGE][PASSED] - Object: 'Object Repository/Shopify/span_import_product' is clicked on

2023-02-13 11:37:23 - [MESSAGE][PASSED] - File 'C:\Users\huynh\Documents\Socialhead\Automation\Katalon project\CreateStore\CreateStore\Data\products_export.csv' sent to object: 'Object Repository/Shopify/file_product'

2023-02-13 11:37:24 - [MESSAGE][PASSED] - Object: 'Object Repository/Shopify/span_upload_product_continue' is clicked on

2023-02-13 11:37:27 - [MESSAGE][PASSED] - Object: 'Object Repository/Shopify/btn_product_confirm_import' is clicked on

2023-02-13 11:37:57 - [MESSAGE][PASSED] - Delayed 30 second(s)

2023-02-13 11:37:58 - [MESSAGE][PASSED] - Refresh successfully

2023-02-13 11:38:13 - [MESSAGE][PASSED] - Delayed 15 second(s)

2023-02-13 11:38:13 - [MESSAGE][PASSED] - shopify.store.importProduct is PASSED

2023-02-13 11:38:13 - [TEST_STEP][PASSED] - shopify.store.clickOnMenuOnlineStore(): shopify.store.clickOnMenuOnlineStore is PASSED

2023-02-13 11:38:13 - [MESSAGE][PASSED] - Object: 'Object Repository/Shopify Store/a_onlie_store' is clicked on

2023-02-13 11:38:23 - [MESSAGE][PASSED] - Delayed 10 second(s)

2023-02-13 11:38:23 - [MESSAGE][PASSED] - shopify.store.clickOnMenuOnlineStore is PASSED

2023-02-13 11:38:23 - [TEST_STEP][PASSED] - shopify.store.clickOnImportTheme(): shopify.store.clickOnImportTheme is PASSED

2023-02-13 11:38:24 - [MESSAGE][PASSED] - Object: 'Object Repository/Shopify Store/btn_add_theme' is clicked on

2023-02-13 11:38:24 - [MESSAGE][PASSED] - shopify.store.clickOnImportTheme is PASSED

2023-02-13 11:38:24 - [TEST_STEP][PASSED] - shopify.store.uploadThemeFile(theme_file_local): shopify.store.uploadThemeFile is PASSED

2023-02-13 11:38:24 - [MESSAGE][PASSED] - Object: 'Object Repository/Shopify Store/btn_upload_zip_file' is clicked on

2023-02-13 11:38:25 - [MESSAGE][PASSED] - File 'C:\Users\huynh\Documents\Socialhead\Automation\Katalon project\CreateStore\CreateStore\Data\theme_export__www-gearsmanila-com-jumpstart__07MAY2020-0215pm.zip' sent to object: 'Object Repository/Shopify Store/file_theme'

2023-02-13 11:38:25 - [MESSAGE][PASSED] - Object: 'Object Repository/Shopify Store/btn_upload_theme' is clicked on

2023-02-13 11:38:35 - [MESSAGE][PASSED] - Delayed 10 second(s)

2023-02-13 11:38:35 - [MESSAGE][PASSED] - shopify.store.uploadThemeFile is PASSED

2023-02-13 11:38:35 - [TEST_STEP][PASSED] - shopify.store.clickPublishTheme(): shopify.store.clickPublishTheme is PASSED

2023-02-13 11:39:05 - [MESSAGE][PASSED] - Delayed 30 second(s)

2023-02-13 11:39:05 - [MESSAGE][PASSED] - Refresh successfully

2023-02-13 11:39:35 - [MESSAGE][PASSED] - Delayed 30 second(s)

2023-02-13 11:39:36 - [MESSAGE][PASSED] - Object 'Object Repository/Shopify Store/btn_publish_theme' is clickable

2023-02-13 11:39:36 - [MESSAGE][PASSED] - Object: 'Object Repository/Shopify Store/btn_publish_theme' is clicked on

2023-02-13 11:39:36 - [MESSAGE][PASSED] - shopify.store.clickPublishTheme is PASSED

2023-02-13 11:39:36 - [TEST_STEP][PASSED] - shopify.store.confirmPublishTheme(): shopify.store.confirmPublishTheme is PASSED

2023-02-13 11:39:46 - [MESSAGE][PASSED] - Delayed 10 second(s)

2023-02-13 11:39:46 - [MESSAGE][PASSED] - Object: 'Object Repository/Shopify Store/btn_confirm_publish_theme' is clicked on

2023-02-13 11:39:46 - [MESSAGE][PASSED] - shopify.store.confirmPublishTheme is PASSED

2023-02-13 11:39:46 - [TEST_STEP][PASSED] - shopify.store_setting.changeStoreCurrency(currency, store_name): shopify.store_setting.changeStoreCurrency is PASSED

2023-02-13 11:39:56 - [MESSAGE][PASSED] - Delayed 10 second(s)

2023-02-13 11:40:00 - [MESSAGE][PASSED] - Navigate to 'http://huynh-ar-stag-2406.myshopify.com/admin/settings/general' successfully

2023-02-13 11:40:05 - [MESSAGE][PASSED] - All options with value 'USD' are selected in object 'Object Repository/Shopify Store/select_currency' 

2023-02-13 11:40:05 - [MESSAGE][PASSED] - shopify.store_setting.changeStoreCurrency is PASSED

2023-02-13 11:40:05 - [TEST_STEP][PASSED] - shopify.store_setting.saveStoreSetting(): shopify.store_setting.saveStoreSetting is PASSED

2023-02-13 11:40:05 - [MESSAGE][PASSED] - Object: 'Object Repository/Shopify Store/span_save_admin_setting' is clicked on

2023-02-13 11:40:05 - [MESSAGE][PASSED] - shopify.store_setting.saveStoreSetting is PASSED

2023-02-13 11:40:05 - [TEST_STEP][PASSED] - Start tear down : teardownIfPassed: Method 'teardownIfPassed' complete successfully

2023-02-13 11:40:05 - [TEST_STEP][PASSED] - data.excel.updateValueToSheet(file_data, "store", 4, store_name, 7, "Passed"): data.excel.updateValueToSheet is PASSED

2023-02-13 11:40:05 - [MESSAGE][PASSED] - data.excel.updateValueToSheet is PASSED

2023-02-13 11:40:05 - [MESSAGE][PASSED] - Method 'teardownIfPassed' complete successfully]]></system-out>
         <system-err><![CDATA[]]></system-err>
      </testcase>
      <testcase name="Test Cases/Shopify/CreateStore" time="226.216" classname="Test Cases/Shopify/CreateStore" status="FAILED">
         <failure type="FAILED" message="Test Cases/Shopify/CreateStore FAILED.
Reason:
com.kms.katalon.core.exception.StepFailedException: Unable to click on object 'Object Repository/Shopify Store/btn_publish_theme'
	at com.kms.katalon.core.webui.keyword.internal.WebUIKeywordMain.stepFailed(WebUIKeywordMain.groovy:64)
	at com.kms.katalon.core.webui.keyword.internal.WebUIKeywordMain.runKeyword(WebUIKeywordMain.groovy:26)
	at com.kms.katalon.core.webui.keyword.builtin.ClickKeyword.click(ClickKeyword.groovy:74)
	at com.kms.katalon.core.webui.keyword.builtin.ClickKeyword.execute(ClickKeyword.groovy:40)
	at com.kms.katalon.core.keyword.internal.KeywordExecutor.executeKeywordForPlatform(KeywordExecutor.groovy:74)
	at com.kms.katalon.core.webui.keyword.WebUiBuiltInKeywords.click(WebUiBuiltInKeywords.groovy:620)
	at com.kms.katalon.core.webui.keyword.WebUiBuiltInKeywords$click$3.call(Unknown Source)
	at shopify.store.clickPublishTheme(store.groovy:94)
	at shopify.store.invokeMethod(store.groovy)
	at com.kms.katalon.core.main.CustomKeywordDelegatingMetaClass.invokeStaticMethod(CustomKeywordDelegatingMetaClass.java:55)
	at CreateStore.run(CreateStore:56)
	at com.kms.katalon.core.main.ScriptEngine.run(ScriptEngine.java:194)
	at com.kms.katalon.core.main.ScriptEngine.runScriptAsRawText(ScriptEngine.java:119)
	at com.kms.katalon.core.main.TestCaseExecutor.runScript(TestCaseExecutor.java:448)
	at com.kms.katalon.core.main.TestCaseExecutor.doExecute(TestCaseExecutor.java:439)
	at com.kms.katalon.core.main.TestCaseExecutor.processExecutionPhase(TestCaseExecutor.java:418)
	at com.kms.katalon.core.main.TestCaseExecutor.accessMainPhase(TestCaseExecutor.java:410)
	at com.kms.katalon.core.main.TestCaseExecutor.execute(TestCaseExecutor.java:285)
	at com.kms.katalon.core.common.CommonExecutor.accessTestCaseMainPhase(CommonExecutor.java:65)
	at com.kms.katalon.core.main.TestSuiteExecutor.accessTestSuiteMainPhase(TestSuiteExecutor.java:151)
	at com.kms.katalon.core.main.TestSuiteExecutor.execute(TestSuiteExecutor.java:106)
	at com.kms.katalon.core.main.TestCaseMain.startTestSuite(TestCaseMain.java:185)
	at com.kms.katalon.core.main.TestCaseMain$startTestSuite$0.call(Unknown Source)
	at TempTestSuite1676253455264.run(TempTestSuite1676253455264.groovy:36)
Caused by: org.openqa.selenium.ElementClickInterceptedException: element click intercepted: Element &lt;iframe title=&quot;Online Store&quot; src=&quot;https://online-store-web.shopifyapps.com/themes?hmac=3f97153f86b7490441208153196d057d9c6924feaf1d40de8f4166e8e4ff27a7&amp;amp;host=YWRtaW4uc2hvcGlmeS5jb20vc3RvcmUvaHV5bmgtYXItc3RhZy0yNDA3&amp;amp;locale=en&amp;amp;session=e36335d01a83dd364f80d55726e2459fd3c1459a21ef31da9353fb21565bb892&amp;amp;shop=huynh-ar-stag-2407.myshopify.com&amp;amp;timestamp=1676263370&amp;amp;_signed_params=host%2Clocale%2Csession%2Cshop%2Ctimestamp&amp;amp;appLoadId=7b98897f-4c91-48ef-b5df-b6a5a65d2714&quot; name=&quot;b3415db6-5d79-4301-aebc-3c9c6ec361cb&quot; context=&quot;Main&quot; class=&quot;rG8rl&quot; cd_frame_id_=&quot;e16c43f1cf6303bc72fc941992e549c7&quot;>&lt;/iframe> is not clickable at point (859, 906). Other element would receive the click: &lt;p class=&quot;KZJNR&quot; aria-hidden=&quot;true&quot;>...&lt;/p>
  (Session info: chrome=109.0.5414.121)
Build info: version: '3.141.59', revision: 'e82be7d358', time: '2018-11-14T08:25:53'
System info: host: 'HUYNH', ip: '172.18.224.1', os.name: 'Windows 10', os.arch: 'amd64', os.version: '10.0', java.version: '1.8.0_282'
Driver info: com.kms.katalon.selenium.driver.CChromeDriver
Capabilities {acceptInsecureCerts: false, browserName: chrome, browserVersion: 109.0.5414.121, chrome: {chromedriverVersion: 109.0.5414.74 (e7c5703604da..., userDataDir: C:\Users\huynh\AppData\Loca...}, goog:chromeOptions: {debuggerAddress: localhost:55105}, javascriptEnabled: true, networkConnectionEnabled: false, pageLoadStrategy: normal, platform: WINDOWS, platformName: WINDOWS, proxy: Proxy(), setWindowRect: true, strictFileInteractability: false, timeouts: {implicit: 0, pageLoad: 300000, script: 30000}, unhandledPromptBehavior: dismiss and notify, webauthn:extension:credBlob: true, webauthn:extension:largeBlob: true, webauthn:virtualAuthenticators: true}
Session ID: 0c3974c13a5f9366e024882b6d2691b0
	at org.openqa.selenium.remote.http.W3CHttpResponseCodec.createException(W3CHttpResponseCodec.java:187)
	at org.openqa.selenium.remote.http.W3CHttpResponseCodec.decode(W3CHttpResponseCodec.java:122)
	at org.openqa.selenium.remote.http.W3CHttpResponseCodec.decode(W3CHttpResponseCodec.java:49)
	at org.openqa.selenium.remote.HttpCommandExecutor.execute(HttpCommandExecutor.java:158)
	at org.openqa.selenium.remote.service.DriverCommandExecutor.execute(DriverCommandExecutor.java:83)
	at org.openqa.selenium.remote.RemoteWebDriver.execute(RemoteWebDriver.java:552)
	at com.kms.katalon.selenium.driver.CChromeDriver.execute(CChromeDriver.java:19)
	at org.openqa.selenium.remote.RemoteWebElement.execute(RemoteWebElement.java:285)
	at org.openqa.selenium.remote.RemoteWebElement.click(RemoteWebElement.java:84)
	at org.openqa.selenium.support.events.EventFiringWebDriver$EventFiringWebElement.lambda$new$0(EventFiringWebDriver.java:404)
	at com.sun.proxy.$Proxy16.click(Unknown Source)
	at org.openqa.selenium.support.events.EventFiringWebDriver$EventFiringWebElement.click(EventFiringWebDriver.java:417)
	at org.openqa.selenium.WebElement$click.call(Unknown Source)
	at com.kms.katalon.core.webui.keyword.builtin.ClickKeyword.clickUntilSuccessWithTimeout(ClickKeyword.groovy:81)
	at com.kms.katalon.core.webui.keyword.builtin.ClickKeyword.clickUntilSuccessWithTimeout(ClickKeyword.groovy)
	at com.kms.katalon.core.webui.keyword.builtin.ClickKeyword$_click_closure1.doCall(ClickKeyword.groovy:67)
	at com.kms.katalon.core.webui.keyword.builtin.ClickKeyword$_click_closure1.call(ClickKeyword.groovy)
	at com.kms.katalon.core.webui.keyword.internal.WebUIKeywordMain.runKeyword(WebUIKeywordMain.groovy:20)
	... 22 more
"/>
         <system-out><![CDATA[2023-02-13 11:40:05 - [TEST_CASE][FAILED] - Test Cases/Shopify/CreateStore: Test Cases/Shopify/CreateStore FAILED.
Reason:
com.kms.katalon.core.exception.StepFailedException: Unable to click on object 'Object Repository/Shopify Store/btn_publish_theme'
	at com.kms.katalon.core.webui.keyword.internal.WebUIKeywordMain.stepFailed(WebUIKeywordMain.groovy:64)
	at com.kms.katalon.core.webui.keyword.internal.WebUIKeywordMain.runKeyword(WebUIKeywordMain.groovy:26)
	at com.kms.katalon.core.webui.keyword.builtin.ClickKeyword.click(ClickKeyword.groovy:74)
	at com.kms.katalon.core.webui.keyword.builtin.ClickKeyword.execute(ClickKeyword.groovy:40)
	at com.kms.katalon.core.keyword.internal.KeywordExecutor.executeKeywordForPlatform(KeywordExecutor.groovy:74)
	at com.kms.katalon.core.webui.keyword.WebUiBuiltInKeywords.click(WebUiBuiltInKeywords.groovy:620)
	at com.kms.katalon.core.webui.keyword.WebUiBuiltInKeywords$click$3.call(Unknown Source)
	at shopify.store.clickPublishTheme(store.groovy:94)
	at shopify.store.invokeMethod(store.groovy)
	at com.kms.katalon.core.main.CustomKeywordDelegatingMetaClass.invokeStaticMethod(CustomKeywordDelegatingMetaClass.java:55)
	at CreateStore.run(CreateStore:56)
	at com.kms.katalon.core.main.ScriptEngine.run(ScriptEngine.java:194)
	at com.kms.katalon.core.main.ScriptEngine.runScriptAsRawText(ScriptEngine.java:119)
	at com.kms.katalon.core.main.TestCaseExecutor.runScript(TestCaseExecutor.java:448)
	at com.kms.katalon.core.main.TestCaseExecutor.doExecute(TestCaseExecutor.java:439)
	at com.kms.katalon.core.main.TestCaseExecutor.processExecutionPhase(TestCaseExecutor.java:418)
	at com.kms.katalon.core.main.TestCaseExecutor.accessMainPhase(TestCaseExecutor.java:410)
	at com.kms.katalon.core.main.TestCaseExecutor.execute(TestCaseExecutor.java:285)
	at com.kms.katalon.core.common.CommonExecutor.accessTestCaseMainPhase(CommonExecutor.java:65)
	at com.kms.katalon.core.main.TestSuiteExecutor.accessTestSuiteMainPhase(TestSuiteExecutor.java:151)
	at com.kms.katalon.core.main.TestSuiteExecutor.execute(TestSuiteExecutor.java:106)
	at com.kms.katalon.core.main.TestCaseMain.startTestSuite(TestCaseMain.java:185)
	at com.kms.katalon.core.main.TestCaseMain$startTestSuite$0.call(Unknown Source)
	at TempTestSuite1676253455264.run(TempTestSuite1676253455264.groovy:36)
Caused by: org.openqa.selenium.ElementClickInterceptedException: element click intercepted: Element <iframe title="Online Store" src="https://online-store-web.shopifyapps.com/themes?hmac=3f97153f86b7490441208153196d057d9c6924feaf1d40de8f4166e8e4ff27a7&amp;host=YWRtaW4uc2hvcGlmeS5jb20vc3RvcmUvaHV5bmgtYXItc3RhZy0yNDA3&amp;locale=en&amp;session=e36335d01a83dd364f80d55726e2459fd3c1459a21ef31da9353fb21565bb892&amp;shop=huynh-ar-stag-2407.myshopify.com&amp;timestamp=1676263370&amp;_signed_params=host%2Clocale%2Csession%2Cshop%2Ctimestamp&amp;appLoadId=7b98897f-4c91-48ef-b5df-b6a5a65d2714" name="b3415db6-5d79-4301-aebc-3c9c6ec361cb" context="Main" class="rG8rl" cd_frame_id_="e16c43f1cf6303bc72fc941992e549c7"></iframe> is not clickable at point (859, 906). Other element would receive the click: <p class="KZJNR" aria-hidden="true">...</p>
  (Session info: chrome=109.0.5414.121)
Build info: version: '3.141.59', revision: 'e82be7d358', time: '2018-11-14T08:25:53'
System info: host: 'HUYNH', ip: '172.18.224.1', os.name: 'Windows 10', os.arch: 'amd64', os.version: '10.0', java.version: '1.8.0_282'
Driver info: com.kms.katalon.selenium.driver.CChromeDriver
Capabilities {acceptInsecureCerts: false, browserName: chrome, browserVersion: 109.0.5414.121, chrome: {chromedriverVersion: 109.0.5414.74 (e7c5703604da..., userDataDir: C:\Users\huynh\AppData\Loca...}, goog:chromeOptions: {debuggerAddress: localhost:55105}, javascriptEnabled: true, networkConnectionEnabled: false, pageLoadStrategy: normal, platform: WINDOWS, platformName: WINDOWS, proxy: Proxy(), setWindowRect: true, strictFileInteractability: false, timeouts: {implicit: 0, pageLoad: 300000, script: 30000}, unhandledPromptBehavior: dismiss and notify, webauthn:extension:credBlob: true, webauthn:extension:largeBlob: true, webauthn:virtualAuthenticators: true}
Session ID: 0c3974c13a5f9366e024882b6d2691b0
	at org.openqa.selenium.remote.http.W3CHttpResponseCodec.createException(W3CHttpResponseCodec.java:187)
	at org.openqa.selenium.remote.http.W3CHttpResponseCodec.decode(W3CHttpResponseCodec.java:122)
	at org.openqa.selenium.remote.http.W3CHttpResponseCodec.decode(W3CHttpResponseCodec.java:49)
	at org.openqa.selenium.remote.HttpCommandExecutor.execute(HttpCommandExecutor.java:158)
	at org.openqa.selenium.remote.service.DriverCommandExecutor.execute(DriverCommandExecutor.java:83)
	at org.openqa.selenium.remote.RemoteWebDriver.execute(RemoteWebDriver.java:552)
	at com.kms.katalon.selenium.driver.CChromeDriver.execute(CChromeDriver.java:19)
	at org.openqa.selenium.remote.RemoteWebElement.execute(RemoteWebElement.java:285)
	at org.openqa.selenium.remote.RemoteWebElement.click(RemoteWebElement.java:84)
	at org.openqa.selenium.support.events.EventFiringWebDriver$EventFiringWebElement.lambda$new$0(EventFiringWebDriver.java:404)
	at com.sun.proxy.$Proxy16.click(Unknown Source)
	at org.openqa.selenium.support.events.EventFiringWebDriver$EventFiringWebElement.click(EventFiringWebDriver.java:417)
	at org.openqa.selenium.WebElement$click.call(Unknown Source)
	at com.kms.katalon.core.webui.keyword.builtin.ClickKeyword.clickUntilSuccessWithTimeout(ClickKeyword.groovy:81)
	at com.kms.katalon.core.webui.keyword.builtin.ClickKeyword.clickUntilSuccessWithTimeout(ClickKeyword.groovy)
	at com.kms.katalon.core.webui.keyword.builtin.ClickKeyword$_click_closure1.doCall(ClickKeyword.groovy:67)
	at com.kms.katalon.core.webui.keyword.builtin.ClickKeyword$_click_closure1.call(ClickKeyword.groovy)
	at com.kms.katalon.core.webui.keyword.internal.WebUIKeywordMain.runKeyword(WebUIKeywordMain.groovy:20)
	... 22 more


2023-02-13 11:40:05 - [TEST_STEP][PASSED] - Start listener action : skipStatus: null

2023-02-13 11:40:05 - [TEST_STEP][PASSED] - map = testCaseContext.getTestCaseVariables(): null

2023-02-13 11:40:05 - [TEST_STEP][PASSED] - testcae_status = map.get("testcase_status"): null

2023-02-13 11:40:05 - [TEST_STEP][PASSED] - println(testcae_status): null

2023-02-13 11:40:05 - [TEST_STEP][PASSED] - if (testcae_status == "Passed" || testcae_status == "Failed"): null

2023-02-13 11:40:05 - [TEST_STEP][PASSED] - log = new com.kms.katalon.core.util.KeywordUtil(): null

2023-02-13 11:40:05 - [TEST_STEP][PASSED] - openBrowser(""): Browser is opened with url: ''

2023-02-13 11:40:05 - [MESSAGE][WARNING] - A browser is already opened. Closing browser and opening a new one

2023-02-13 11:40:06 - [MESSAGE][INFO] - Starting 'Chrome' driver

2023-02-13 11:40:06 - [MESSAGE][INFO] - Action delay is set to 0 milliseconds

2023-02-13 11:40:07 - [MESSAGE][PASSED] - Browser is opened with url: ''

2023-02-13 11:40:07 - [TEST_STEP][PASSED] - maximizeWindow(): Current window maximized

2023-02-13 11:40:07 - [MESSAGE][PASSED] - Current window maximized

2023-02-13 11:40:07 - [TEST_STEP][PASSED] - st = new shopify.store(): null

2023-02-13 11:40:07 - [TEST_STEP][PASSED] - st.loginShopifyPartner(partner_email, partner_password, partner_id): Object: 'Object Repository/Shopify/btn_login' is clicked on

2023-02-13 11:40:11 - [MESSAGE][PASSED] - Navigate to 'https://partners.shopify.com/1662018/stores/new' successfully

2023-02-13 11:40:12 - [MESSAGE][PASSED] - Text 'huynh@firegroup.io' is set on object 'Object Repository/Shopify/input_email_shopify'

2023-02-13 11:40:15 - [MESSAGE][PASSED] - Object: 'Object Repository/Shopify/btn_continue_with_email' is clicked on

2023-02-13 11:40:17 - [MESSAGE][PASSED] - Text ****** has been set on object 'Object Repository/Shopify/input_password_shopify'

2023-02-13 11:40:23 - [MESSAGE][PASSED] - Object: 'Object Repository/Shopify/btn_login' is clicked on

2023-02-13 11:40:23 - [TEST_STEP][PASSED] - st.navigateToStoreDevelop(partner_id): Navigate to 'https://partners.shopify.com/1662018/stores/new?store_type=dev_preview_store&developer_preview_handle=checkout_extensibility' successfully

2023-02-13 11:40:24 - [MESSAGE][PASSED] - Navigate to 'https://partners.shopify.com/1662018/stores/new?store_type=dev_preview_store&developer_preview_handle=checkout_extensibility' successfully

2023-02-13 11:40:24 - [TEST_STEP][PASSED] - st.inputStoreName(store_name): Delayed 5 second(s)

2023-02-13 11:40:26 - [MESSAGE][PASSED] - Text 'huynh-ar-stag-2407' is set on object 'Object Repository/Shopify/input_store_name'

2023-02-13 11:40:31 - [MESSAGE][PASSED] - Delayed 5 second(s)

2023-02-13 11:40:31 - [TEST_STEP][PASSED] - shopify.store.clickCreateStore(): shopify.store.clickCreateStore is PASSED

2023-02-13 11:40:32 - [MESSAGE][PASSED] - Object: 'Object Repository/Shopify/btn_create_store' is clicked on

2023-02-13 11:40:52 - [MESSAGE][PASSED] - Delayed 20 second(s)

2023-02-13 11:40:52 - [MESSAGE][PASSED] - shopify.store.clickCreateStore is PASSED

2023-02-13 11:40:52 - [TEST_STEP][PASSED] - shopify.store.importProduct(product_file_local): shopify.store.importProduct is PASSED

2023-02-13 11:41:04 - [MESSAGE][PASSED] - Object: 'Object Repository/Shopify/span_product' is clicked on

2023-02-13 11:41:06 - [MESSAGE][PASSED] - Object: 'Object Repository/Shopify/span_import_product' is clicked on

2023-02-13 11:41:06 - [MESSAGE][PASSED] - File 'C:\Users\huynh\Documents\Socialhead\Automation\Katalon project\CreateStore\CreateStore\Data\products_export.csv' sent to object: 'Object Repository/Shopify/file_product'

2023-02-13 11:41:07 - [MESSAGE][PASSED] - Object: 'Object Repository/Shopify/span_upload_product_continue' is clicked on

2023-02-13 11:41:10 - [MESSAGE][PASSED] - Object: 'Object Repository/Shopify/btn_product_confirm_import' is clicked on

2023-02-13 11:41:40 - [MESSAGE][PASSED] - Delayed 30 second(s)

2023-02-13 11:41:41 - [MESSAGE][PASSED] - Refresh successfully

2023-02-13 11:41:56 - [MESSAGE][PASSED] - Delayed 15 second(s)

2023-02-13 11:41:56 - [MESSAGE][PASSED] - shopify.store.importProduct is PASSED

2023-02-13 11:41:56 - [TEST_STEP][PASSED] - shopify.store.clickOnMenuOnlineStore(): shopify.store.clickOnMenuOnlineStore is PASSED

2023-02-13 11:41:56 - [MESSAGE][PASSED] - Object: 'Object Repository/Shopify Store/a_onlie_store' is clicked on

2023-02-13 11:42:06 - [MESSAGE][PASSED] - Delayed 10 second(s)

2023-02-13 11:42:06 - [MESSAGE][PASSED] - shopify.store.clickOnMenuOnlineStore is PASSED

2023-02-13 11:42:06 - [TEST_STEP][PASSED] - shopify.store.clickOnImportTheme(): shopify.store.clickOnImportTheme is PASSED

2023-02-13 11:42:07 - [MESSAGE][PASSED] - Object: 'Object Repository/Shopify Store/btn_add_theme' is clicked on

2023-02-13 11:42:07 - [MESSAGE][PASSED] - shopify.store.clickOnImportTheme is PASSED

2023-02-13 11:42:07 - [TEST_STEP][PASSED] - shopify.store.uploadThemeFile(theme_file_local): shopify.store.uploadThemeFile is PASSED

2023-02-13 11:42:07 - [MESSAGE][PASSED] - Object: 'Object Repository/Shopify Store/btn_upload_zip_file' is clicked on

2023-02-13 11:42:08 - [MESSAGE][PASSED] - File 'C:\Users\huynh\Documents\Socialhead\Automation\Katalon project\CreateStore\CreateStore\Data\theme_export__www-gearsmanila-com-shoptimized-theme-5-03__07MAY2020-0214pm.zip' sent to object: 'Object Repository/Shopify Store/file_theme'

2023-02-13 11:42:08 - [MESSAGE][PASSED] - Object: 'Object Repository/Shopify Store/btn_upload_theme' is clicked on

2023-02-13 11:42:18 - [MESSAGE][PASSED] - Delayed 10 second(s)

2023-02-13 11:42:18 - [MESSAGE][PASSED] - shopify.store.uploadThemeFile is PASSED

2023-02-13 11:42:18 - [TEST_STEP][FAILED] - shopify.store.clickPublishTheme(): Unable to click on object 'Object Repository/Shopify Store/btn_publish_theme'

2023-02-13 11:42:48 - [MESSAGE][PASSED] - Delayed 30 second(s)

2023-02-13 11:42:48 - [MESSAGE][PASSED] - Refresh successfully

2023-02-13 11:43:18 - [MESSAGE][PASSED] - Delayed 30 second(s)

2023-02-13 11:43:19 - [MESSAGE][PASSED] - Object 'Object Repository/Shopify Store/btn_publish_theme' is clickable

2023-02-13 11:43:51 - [MESSAGE][FAILED] - Unable to click on object 'Object Repository/Shopify Store/btn_publish_theme' (Root cause: com.kms.katalon.core.exception.StepFailedException: Unable to click on object 'Object Repository/Shopify Store/btn_publish_theme'
	at com.kms.katalon.core.webui.keyword.internal.WebUIKeywordMain.stepFailed(WebUIKeywordMain.groovy:64)
	at com.kms.katalon.core.webui.keyword.internal.WebUIKeywordMain.runKeyword(WebUIKeywordMain.groovy:26)
	at com.kms.katalon.core.webui.keyword.builtin.ClickKeyword.click(ClickKeyword.groovy:74)
	at com.kms.katalon.core.webui.keyword.builtin.ClickKeyword.execute(ClickKeyword.groovy:40)
	at com.kms.katalon.core.keyword.internal.KeywordExecutor.executeKeywordForPlatform(KeywordExecutor.groovy:74)
	at com.kms.katalon.core.webui.keyword.WebUiBuiltInKeywords.click(WebUiBuiltInKeywords.groovy:620)
	at com.kms.katalon.core.webui.keyword.WebUiBuiltInKeywords$click$3.call(Unknown Source)
	at shopify.store.clickPublishTheme(store.groovy:94)
	at shopify.store.invokeMethod(store.groovy)
	at com.kms.katalon.core.main.CustomKeywordDelegatingMetaClass.invokeStaticMethod(CustomKeywordDelegatingMetaClass.java:55)
	at CreateStore.run(CreateStore:56)
	at com.kms.katalon.core.main.ScriptEngine.run(ScriptEngine.java:194)
	at com.kms.katalon.core.main.ScriptEngine.runScriptAsRawText(ScriptEngine.java:119)
	at com.kms.katalon.core.main.TestCaseExecutor.runScript(TestCaseExecutor.java:448)
	at com.kms.katalon.core.main.TestCaseExecutor.doExecute(TestCaseExecutor.java:439)
	at com.kms.katalon.core.main.TestCaseExecutor.processExecutionPhase(TestCaseExecutor.java:418)
	at com.kms.katalon.core.main.TestCaseExecutor.accessMainPhase(TestCaseExecutor.java:410)
	at com.kms.katalon.core.main.TestCaseExecutor.execute(TestCaseExecutor.java:285)
	at com.kms.katalon.core.common.CommonExecutor.accessTestCaseMainPhase(CommonExecutor.java:65)
	at com.kms.katalon.core.main.TestSuiteExecutor.accessTestSuiteMainPhase(TestSuiteExecutor.java:151)
	at com.kms.katalon.core.main.TestSuiteExecutor.execute(TestSuiteExecutor.java:106)
	at com.kms.katalon.core.main.TestCaseMain.startTestSuite(TestCaseMain.java:185)
	at com.kms.katalon.core.main.TestCaseMain$startTestSuite$0.call(Unknown Source)
	at TempTestSuite1676253455264.run(TempTestSuite1676253455264.groovy:36)
Caused by: org.openqa.selenium.ElementClickInterceptedException: element click intercepted: Element <iframe title="Online Store" src="https://online-store-web.shopifyapps.com/themes?hmac=3f97153f86b7490441208153196d057d9c6924feaf1d40de8f4166e8e4ff27a7&amp;host=YWRtaW4uc2hvcGlmeS5jb20vc3RvcmUvaHV5bmgtYXItc3RhZy0yNDA3&amp;locale=en&amp;session=e36335d01a83dd364f80d55726e2459fd3c1459a21ef31da9353fb21565bb892&amp;shop=huynh-ar-stag-2407.myshopify.com&amp;timestamp=1676263370&amp;_signed_params=host%2Clocale%2Csession%2Cshop%2Ctimestamp&amp;appLoadId=7b98897f-4c91-48ef-b5df-b6a5a65d2714" name="b3415db6-5d79-4301-aebc-3c9c6ec361cb" context="Main" class="rG8rl" cd_frame_id_="e16c43f1cf6303bc72fc941992e549c7"></iframe> is not clickable at point (859, 906). Other element would receive the click: <p class="KZJNR" aria-hidden="true">...</p>
  (Session info: chrome=109.0.5414.121)
Build info: version: '3.141.59', revision: 'e82be7d358', time: '2018-11-14T08:25:53'
System info: host: 'HUYNH', ip: '172.18.224.1', os.name: 'Windows 10', os.arch: 'amd64', os.version: '10.0', java.version: '1.8.0_282'
Driver info: com.kms.katalon.selenium.driver.CChromeDriver
Capabilities {acceptInsecureCerts: false, browserName: chrome, browserVersion: 109.0.5414.121, chrome: {chromedriverVersion: 109.0.5414.74 (e7c5703604da..., userDataDir: C:\Users\huynh\AppData\Loca...}, goog:chromeOptions: {debuggerAddress: localhost:55105}, javascriptEnabled: true, networkConnectionEnabled: false, pageLoadStrategy: normal, platform: WINDOWS, platformName: WINDOWS, proxy: Proxy(), setWindowRect: true, strictFileInteractability: false, timeouts: {implicit: 0, pageLoad: 300000, script: 30000}, unhandledPromptBehavior: dismiss and notify, webauthn:extension:credBlob: true, webauthn:extension:largeBlob: true, webauthn:virtualAuthenticators: true}
Session ID: 0c3974c13a5f9366e024882b6d2691b0
	at org.openqa.selenium.remote.http.W3CHttpResponseCodec.createException(W3CHttpResponseCodec.java:187)
	at org.openqa.selenium.remote.http.W3CHttpResponseCodec.decode(W3CHttpResponseCodec.java:122)
	at org.openqa.selenium.remote.http.W3CHttpResponseCodec.decode(W3CHttpResponseCodec.java:49)
	at org.openqa.selenium.remote.HttpCommandExecutor.execute(HttpCommandExecutor.java:158)
	at org.openqa.selenium.remote.service.DriverCommandExecutor.execute(DriverCommandExecutor.java:83)
	at org.openqa.selenium.remote.RemoteWebDriver.execute(RemoteWebDriver.java:552)
	at com.kms.katalon.selenium.driver.CChromeDriver.execute(CChromeDriver.java:19)
	at org.openqa.selenium.remote.RemoteWebElement.execute(RemoteWebElement.java:285)
	at org.openqa.selenium.remote.RemoteWebElement.click(RemoteWebElement.java:84)
	at org.openqa.selenium.support.events.EventFiringWebDriver$EventFiringWebElement.lambda$new$0(EventFiringWebDriver.java:404)
	at com.sun.proxy.$Proxy16.click(Unknown Source)
	at org.openqa.selenium.support.events.EventFiringWebDriver$EventFiringWebElement.click(EventFiringWebDriver.java:417)
	at org.openqa.selenium.WebElement$click.call(Unknown Source)
	at com.kms.katalon.core.webui.keyword.builtin.ClickKeyword.clickUntilSuccessWithTimeout(ClickKeyword.groovy:81)
	at com.kms.katalon.core.webui.keyword.builtin.ClickKeyword.clickUntilSuccessWithTimeout(ClickKeyword.groovy)
	at com.kms.katalon.core.webui.keyword.builtin.ClickKeyword$_click_closure1.doCall(ClickKeyword.groovy:67)
	at com.kms.katalon.core.webui.keyword.builtin.ClickKeyword$_click_closure1.call(ClickKeyword.groovy)
	at com.kms.katalon.core.webui.keyword.internal.WebUIKeywordMain.runKeyword(WebUIKeywordMain.groovy:20)
	at com.kms.katalon.core.webui.keyword.builtin.ClickKeyword.click(ClickKeyword.groovy:74)
	at com.kms.katalon.core.webui.keyword.builtin.ClickKeyword.execute(ClickKeyword.groovy:40)
	at com.kms.katalon.core.keyword.internal.KeywordExecutor.executeKeywordForPlatform(KeywordExecutor.groovy:74)
	at com.kms.katalon.core.webui.keyword.WebUiBuiltInKeywords.click(WebUiBuiltInKeywords.groovy:620)
	at com.kms.katalon.core.webui.keyword.WebUiBuiltInKeywords$click$3.call(Unknown Source)
	at shopify.store.clickPublishTheme(store.groovy:94)
	at shopify.store.invokeMethod(store.groovy)
	at com.kms.katalon.core.main.CustomKeywordDelegatingMetaClass.invokeStaticMethod(CustomKeywordDelegatingMetaClass.java:55)
	at Script1673851860327.run(Script1673851860327.groovy:56)
	... 13 more
)
[[ATTACHMENT|C:\\Users\\huynh\\Documents\\Socialhead\\Automation\\Katalon project\\CreateStore\\CreateStore\\Reports\\20230213_085735\\Store\\Create Store\\20230213_085735\\1676263431715.png]]

2023-02-13 11:43:51 - [MESSAGE][FAILED] - Unable to click on object 'Object Repository/Shopify Store/btn_publish_theme'

2023-02-13 11:43:51 - [TEST_STEP][PASSED] - Start tear down : teardownIfFailed: Method 'teardownIfFailed' complete successfully

2023-02-13 11:43:51 - [TEST_STEP][PASSED] - data.excel.updateValueToSheet(file_data, "store", 4, store_name, 7, "Failed"): data.excel.updateValueToSheet is PASSED

2023-02-13 11:43:51 - [MESSAGE][PASSED] - data.excel.updateValueToSheet is PASSED

2023-02-13 11:43:51 - [MESSAGE][PASSED] - Method 'teardownIfFailed' complete successfully]]></system-out>
         <system-err><![CDATA[2023-02-13 11:40:05 - [TEST_CASE][FAILED] - Test Cases/Shopify/CreateStore: Test Cases/Shopify/CreateStore FAILED.
Reason:
com.kms.katalon.core.exception.StepFailedException: Unable to click on object 'Object Repository/Shopify Store/btn_publish_theme'
	at com.kms.katalon.core.webui.keyword.internal.WebUIKeywordMain.stepFailed(WebUIKeywordMain.groovy:64)
	at com.kms.katalon.core.webui.keyword.internal.WebUIKeywordMain.runKeyword(WebUIKeywordMain.groovy:26)
	at com.kms.katalon.core.webui.keyword.builtin.ClickKeyword.click(ClickKeyword.groovy:74)
	at com.kms.katalon.core.webui.keyword.builtin.ClickKeyword.execute(ClickKeyword.groovy:40)
	at com.kms.katalon.core.keyword.internal.KeywordExecutor.executeKeywordForPlatform(KeywordExecutor.groovy:74)
	at com.kms.katalon.core.webui.keyword.WebUiBuiltInKeywords.click(WebUiBuiltInKeywords.groovy:620)
	at com.kms.katalon.core.webui.keyword.WebUiBuiltInKeywords$click$3.call(Unknown Source)
	at shopify.store.clickPublishTheme(store.groovy:94)
	at shopify.store.invokeMethod(store.groovy)
	at com.kms.katalon.core.main.CustomKeywordDelegatingMetaClass.invokeStaticMethod(CustomKeywordDelegatingMetaClass.java:55)
	at CreateStore.run(CreateStore:56)
	at com.kms.katalon.core.main.ScriptEngine.run(ScriptEngine.java:194)
	at com.kms.katalon.core.main.ScriptEngine.runScriptAsRawText(ScriptEngine.java:119)
	at com.kms.katalon.core.main.TestCaseExecutor.runScript(TestCaseExecutor.java:448)
	at com.kms.katalon.core.main.TestCaseExecutor.doExecute(TestCaseExecutor.java:439)
	at com.kms.katalon.core.main.TestCaseExecutor.processExecutionPhase(TestCaseExecutor.java:418)
	at com.kms.katalon.core.main.TestCaseExecutor.accessMainPhase(TestCaseExecutor.java:410)
	at com.kms.katalon.core.main.TestCaseExecutor.execute(TestCaseExecutor.java:285)
	at com.kms.katalon.core.common.CommonExecutor.accessTestCaseMainPhase(CommonExecutor.java:65)
	at com.kms.katalon.core.main.TestSuiteExecutor.accessTestSuiteMainPhase(TestSuiteExecutor.java:151)
	at com.kms.katalon.core.main.TestSuiteExecutor.execute(TestSuiteExecutor.java:106)
	at com.kms.katalon.core.main.TestCaseMain.startTestSuite(TestCaseMain.java:185)
	at com.kms.katalon.core.main.TestCaseMain$startTestSuite$0.call(Unknown Source)
	at TempTestSuite1676253455264.run(TempTestSuite1676253455264.groovy:36)
Caused by: org.openqa.selenium.ElementClickInterceptedException: element click intercepted: Element <iframe title="Online Store" src="https://online-store-web.shopifyapps.com/themes?hmac=3f97153f86b7490441208153196d057d9c6924feaf1d40de8f4166e8e4ff27a7&amp;host=YWRtaW4uc2hvcGlmeS5jb20vc3RvcmUvaHV5bmgtYXItc3RhZy0yNDA3&amp;locale=en&amp;session=e36335d01a83dd364f80d55726e2459fd3c1459a21ef31da9353fb21565bb892&amp;shop=huynh-ar-stag-2407.myshopify.com&amp;timestamp=1676263370&amp;_signed_params=host%2Clocale%2Csession%2Cshop%2Ctimestamp&amp;appLoadId=7b98897f-4c91-48ef-b5df-b6a5a65d2714" name="b3415db6-5d79-4301-aebc-3c9c6ec361cb" context="Main" class="rG8rl" cd_frame_id_="e16c43f1cf6303bc72fc941992e549c7"></iframe> is not clickable at point (859, 906). Other element would receive the click: <p class="KZJNR" aria-hidden="true">...</p>
  (Session info: chrome=109.0.5414.121)
Build info: version: '3.141.59', revision: 'e82be7d358', time: '2018-11-14T08:25:53'
System info: host: 'HUYNH', ip: '172.18.224.1', os.name: 'Windows 10', os.arch: 'amd64', os.version: '10.0', java.version: '1.8.0_282'
Driver info: com.kms.katalon.selenium.driver.CChromeDriver
Capabilities {acceptInsecureCerts: false, browserName: chrome, browserVersion: 109.0.5414.121, chrome: {chromedriverVersion: 109.0.5414.74 (e7c5703604da..., userDataDir: C:\Users\huynh\AppData\Loca...}, goog:chromeOptions: {debuggerAddress: localhost:55105}, javascriptEnabled: true, networkConnectionEnabled: false, pageLoadStrategy: normal, platform: WINDOWS, platformName: WINDOWS, proxy: Proxy(), setWindowRect: true, strictFileInteractability: false, timeouts: {implicit: 0, pageLoad: 300000, script: 30000}, unhandledPromptBehavior: dismiss and notify, webauthn:extension:credBlob: true, webauthn:extension:largeBlob: true, webauthn:virtualAuthenticators: true}
Session ID: 0c3974c13a5f9366e024882b6d2691b0
	at org.openqa.selenium.remote.http.W3CHttpResponseCodec.createException(W3CHttpResponseCodec.java:187)
	at org.openqa.selenium.remote.http.W3CHttpResponseCodec.decode(W3CHttpResponseCodec.java:122)
	at org.openqa.selenium.remote.http.W3CHttpResponseCodec.decode(W3CHttpResponseCodec.java:49)
	at org.openqa.selenium.remote.HttpCommandExecutor.execute(HttpCommandExecutor.java:158)
	at org.openqa.selenium.remote.service.DriverCommandExecutor.execute(DriverCommandExecutor.java:83)
	at org.openqa.selenium.remote.RemoteWebDriver.execute(RemoteWebDriver.java:552)
	at com.kms.katalon.selenium.driver.CChromeDriver.execute(CChromeDriver.java:19)
	at org.openqa.selenium.remote.RemoteWebElement.execute(RemoteWebElement.java:285)
	at org.openqa.selenium.remote.RemoteWebElement.click(RemoteWebElement.java:84)
	at org.openqa.selenium.support.events.EventFiringWebDriver$EventFiringWebElement.lambda$new$0(EventFiringWebDriver.java:404)
	at com.sun.proxy.$Proxy16.click(Unknown Source)
	at org.openqa.selenium.support.events.EventFiringWebDriver$EventFiringWebElement.click(EventFiringWebDriver.java:417)
	at org.openqa.selenium.WebElement$click.call(Unknown Source)
	at com.kms.katalon.core.webui.keyword.builtin.ClickKeyword.clickUntilSuccessWithTimeout(ClickKeyword.groovy:81)
	at com.kms.katalon.core.webui.keyword.builtin.ClickKeyword.clickUntilSuccessWithTimeout(ClickKeyword.groovy)
	at com.kms.katalon.core.webui.keyword.builtin.ClickKeyword$_click_closure1.doCall(ClickKeyword.groovy:67)
	at com.kms.katalon.core.webui.keyword.builtin.ClickKeyword$_click_closure1.call(ClickKeyword.groovy)
	at com.kms.katalon.core.webui.keyword.internal.WebUIKeywordMain.runKeyword(WebUIKeywordMain.groovy:20)
	... 22 more]]></system-err>
      </testcase>
      <testcase name="Test Cases/Shopify/CreateStore" time="221.09" classname="Test Cases/Shopify/CreateStore" status="PASSED">
         <system-out><![CDATA[2023-02-13 11:43:52 - [TEST_CASE][PASSED] - Test Cases/Shopify/CreateStore: Test Cases/Shopify/CreateStore

2023-02-13 11:43:52 - [TEST_STEP][PASSED] - Start listener action : skipStatus: null

2023-02-13 11:43:52 - [TEST_STEP][PASSED] - map = testCaseContext.getTestCaseVariables(): null

2023-02-13 11:43:52 - [TEST_STEP][PASSED] - testcae_status = map.get("testcase_status"): null

2023-02-13 11:43:52 - [TEST_STEP][PASSED] - println(testcae_status): null

2023-02-13 11:43:52 - [TEST_STEP][PASSED] - if (testcae_status == "Passed" || testcae_status == "Failed"): null

2023-02-13 11:43:52 - [TEST_STEP][PASSED] - log = new com.kms.katalon.core.util.KeywordUtil(): null

2023-02-13 11:43:52 - [TEST_STEP][PASSED] - openBrowser(""): Browser is opened with url: ''

2023-02-13 11:43:52 - [MESSAGE][WARNING] - A browser is already opened. Closing browser and opening a new one

2023-02-13 11:43:52 - [MESSAGE][INFO] - Starting 'Chrome' driver

2023-02-13 11:43:52 - [MESSAGE][INFO] - Action delay is set to 0 milliseconds

2023-02-13 11:43:53 - [MESSAGE][PASSED] - Browser is opened with url: ''

2023-02-13 11:43:53 - [TEST_STEP][PASSED] - maximizeWindow(): Current window maximized

2023-02-13 11:43:53 - [MESSAGE][PASSED] - Current window maximized

2023-02-13 11:43:53 - [TEST_STEP][PASSED] - st = new shopify.store(): null

2023-02-13 11:43:53 - [TEST_STEP][PASSED] - st.loginShopifyPartner(partner_email, partner_password, partner_id): Object: 'Object Repository/Shopify/btn_login' is clicked on

2023-02-13 11:43:58 - [MESSAGE][PASSED] - Navigate to 'https://partners.shopify.com/1662018/stores/new' successfully

2023-02-13 11:43:59 - [MESSAGE][PASSED] - Text 'huynh@firegroup.io' is set on object 'Object Repository/Shopify/input_email_shopify'

2023-02-13 11:44:01 - [MESSAGE][PASSED] - Object: 'Object Repository/Shopify/btn_continue_with_email' is clicked on

2023-02-13 11:44:03 - [MESSAGE][PASSED] - Text ****** has been set on object 'Object Repository/Shopify/input_password_shopify'

2023-02-13 11:44:09 - [MESSAGE][PASSED] - Object: 'Object Repository/Shopify/btn_login' is clicked on

2023-02-13 11:44:09 - [TEST_STEP][PASSED] - st.navigateToStoreDevelop(partner_id): Navigate to 'https://partners.shopify.com/1662018/stores/new?store_type=dev_preview_store&developer_preview_handle=checkout_extensibility' successfully

2023-02-13 11:44:11 - [MESSAGE][PASSED] - Navigate to 'https://partners.shopify.com/1662018/stores/new?store_type=dev_preview_store&developer_preview_handle=checkout_extensibility' successfully

2023-02-13 11:44:11 - [TEST_STEP][PASSED] - st.inputStoreName(store_name): Delayed 5 second(s)

2023-02-13 11:44:13 - [MESSAGE][PASSED] - Text 'huynh-ar-stag-2408' is set on object 'Object Repository/Shopify/input_store_name'

2023-02-13 11:44:18 - [MESSAGE][PASSED] - Delayed 5 second(s)

2023-02-13 11:44:18 - [TEST_STEP][PASSED] - shopify.store.clickCreateStore(): shopify.store.clickCreateStore is PASSED

2023-02-13 11:44:18 - [MESSAGE][PASSED] - Object: 'Object Repository/Shopify/btn_create_store' is clicked on

2023-02-13 11:44:38 - [MESSAGE][PASSED] - Delayed 20 second(s)

2023-02-13 11:44:38 - [MESSAGE][PASSED] - shopify.store.clickCreateStore is PASSED

2023-02-13 11:44:38 - [TEST_STEP][PASSED] - shopify.store.importProduct(product_file_local): shopify.store.importProduct is PASSED

2023-02-13 11:44:49 - [MESSAGE][PASSED] - Object: 'Object Repository/Shopify/span_product' is clicked on

2023-02-13 11:44:51 - [MESSAGE][PASSED] - Object: 'Object Repository/Shopify/span_import_product' is clicked on

2023-02-13 11:44:51 - [MESSAGE][PASSED] - File 'C:\Users\huynh\Documents\Socialhead\Automation\Katalon project\CreateStore\CreateStore\Data\products_export.csv' sent to object: 'Object Repository/Shopify/file_product'

2023-02-13 11:44:52 - [MESSAGE][PASSED] - Object: 'Object Repository/Shopify/span_upload_product_continue' is clicked on

2023-02-13 11:44:55 - [MESSAGE][PASSED] - Object: 'Object Repository/Shopify/btn_product_confirm_import' is clicked on

2023-02-13 11:45:25 - [MESSAGE][PASSED] - Delayed 30 second(s)

2023-02-13 11:45:25 - [MESSAGE][PASSED] - Refresh successfully

2023-02-13 11:45:40 - [MESSAGE][PASSED] - Delayed 15 second(s)

2023-02-13 11:45:40 - [MESSAGE][PASSED] - shopify.store.importProduct is PASSED

2023-02-13 11:45:40 - [TEST_STEP][PASSED] - shopify.store.clickOnMenuOnlineStore(): shopify.store.clickOnMenuOnlineStore is PASSED

2023-02-13 11:45:41 - [MESSAGE][PASSED] - Object: 'Object Repository/Shopify Store/a_onlie_store' is clicked on

2023-02-13 11:45:51 - [MESSAGE][PASSED] - Delayed 10 second(s)

2023-02-13 11:45:51 - [MESSAGE][PASSED] - shopify.store.clickOnMenuOnlineStore is PASSED

2023-02-13 11:45:51 - [TEST_STEP][PASSED] - shopify.store.clickOnImportTheme(): shopify.store.clickOnImportTheme is PASSED

2023-02-13 11:45:51 - [MESSAGE][PASSED] - Object: 'Object Repository/Shopify Store/btn_add_theme' is clicked on

2023-02-13 11:45:51 - [MESSAGE][PASSED] - shopify.store.clickOnImportTheme is PASSED

2023-02-13 11:45:51 - [TEST_STEP][PASSED] - shopify.store.uploadThemeFile(theme_file_local): shopify.store.uploadThemeFile is PASSED

2023-02-13 11:45:51 - [MESSAGE][PASSED] - Object: 'Object Repository/Shopify Store/btn_upload_zip_file' is clicked on

2023-02-13 11:45:52 - [MESSAGE][PASSED] - File 'C:\Users\huynh\Documents\Socialhead\Automation\Katalon project\CreateStore\CreateStore\Data\theme_export__www-gearsmanila-com-supply__07MAY2020-0214pm.zip' sent to object: 'Object Repository/Shopify Store/file_theme'

2023-02-13 11:45:52 - [MESSAGE][PASSED] - Object: 'Object Repository/Shopify Store/btn_upload_theme' is clicked on

2023-02-13 11:46:02 - [MESSAGE][PASSED] - Delayed 10 second(s)

2023-02-13 11:46:02 - [MESSAGE][PASSED] - shopify.store.uploadThemeFile is PASSED

2023-02-13 11:46:02 - [TEST_STEP][PASSED] - shopify.store.clickPublishTheme(): shopify.store.clickPublishTheme is PASSED

2023-02-13 11:46:32 - [MESSAGE][PASSED] - Delayed 30 second(s)

2023-02-13 11:46:33 - [MESSAGE][PASSED] - Refresh successfully

2023-02-13 11:47:03 - [MESSAGE][PASSED] - Delayed 30 second(s)

2023-02-13 11:47:04 - [MESSAGE][PASSED] - Object 'Object Repository/Shopify Store/btn_publish_theme' is clickable

2023-02-13 11:47:04 - [MESSAGE][PASSED] - Object: 'Object Repository/Shopify Store/btn_publish_theme' is clicked on

2023-02-13 11:47:04 - [MESSAGE][PASSED] - shopify.store.clickPublishTheme is PASSED

2023-02-13 11:47:04 - [TEST_STEP][PASSED] - shopify.store.confirmPublishTheme(): shopify.store.confirmPublishTheme is PASSED

2023-02-13 11:47:14 - [MESSAGE][PASSED] - Delayed 10 second(s)

2023-02-13 11:47:14 - [MESSAGE][PASSED] - Object: 'Object Repository/Shopify Store/btn_confirm_publish_theme' is clicked on

2023-02-13 11:47:14 - [MESSAGE][PASSED] - shopify.store.confirmPublishTheme is PASSED

2023-02-13 11:47:14 - [TEST_STEP][PASSED] - shopify.store_setting.changeStoreCurrency(currency, store_name): shopify.store_setting.changeStoreCurrency is PASSED

2023-02-13 11:47:24 - [MESSAGE][PASSED] - Delayed 10 second(s)

2023-02-13 11:47:27 - [MESSAGE][PASSED] - Navigate to 'http://huynh-ar-stag-2408.myshopify.com/admin/settings/general' successfully

2023-02-13 11:47:32 - [MESSAGE][PASSED] - All options with value 'USD' are selected in object 'Object Repository/Shopify Store/select_currency' 

2023-02-13 11:47:32 - [MESSAGE][PASSED] - shopify.store_setting.changeStoreCurrency is PASSED

2023-02-13 11:47:32 - [TEST_STEP][PASSED] - shopify.store_setting.saveStoreSetting(): shopify.store_setting.saveStoreSetting is PASSED

2023-02-13 11:47:33 - [MESSAGE][PASSED] - Object: 'Object Repository/Shopify Store/span_save_admin_setting' is clicked on

2023-02-13 11:47:33 - [MESSAGE][PASSED] - shopify.store_setting.saveStoreSetting is PASSED

2023-02-13 11:47:33 - [TEST_STEP][PASSED] - Start tear down : teardownIfPassed: Method 'teardownIfPassed' complete successfully

2023-02-13 11:47:33 - [TEST_STEP][PASSED] - data.excel.updateValueToSheet(file_data, "store", 4, store_name, 7, "Passed"): data.excel.updateValueToSheet is PASSED

2023-02-13 11:47:33 - [MESSAGE][PASSED] - data.excel.updateValueToSheet is PASSED

2023-02-13 11:47:33 - [MESSAGE][PASSED] - Method 'teardownIfPassed' complete successfully]]></system-out>
         <system-err><![CDATA[]]></system-err>
      </testcase>
      <testcase name="Test Cases/Shopify/CreateStore" time="75.808" classname="Test Cases/Shopify/CreateStore" status="FAILED">
         <failure type="FAILED" message="Test Cases/Shopify/CreateStore FAILED.
Reason:
com.kms.katalon.core.exception.StepFailedException: Unable to click on object 'Object Repository/Shopify/span_product'
	at com.kms.katalon.core.webui.keyword.internal.WebUIKeywordMain.stepFailed(WebUIKeywordMain.groovy:64)
	at com.kms.katalon.core.webui.keyword.internal.WebUIKeywordMain.runKeyword(WebUIKeywordMain.groovy:26)
	at com.kms.katalon.core.webui.keyword.builtin.ClickKeyword.click(ClickKeyword.groovy:74)
	at com.kms.katalon.core.webui.keyword.builtin.ClickKeyword.execute(ClickKeyword.groovy:40)
	at com.kms.katalon.core.keyword.internal.KeywordExecutor.executeKeywordForPlatform(KeywordExecutor.groovy:74)
	at com.kms.katalon.core.webui.keyword.WebUiBuiltInKeywords.click(WebUiBuiltInKeywords.groovy:620)
	at com.kms.katalon.core.webui.keyword.WebUiBuiltInKeywords$click$3.call(Unknown Source)
	at shopify.store.importProduct(store.groovy:51)
	at shopify.store.invokeMethod(store.groovy)
	at com.kms.katalon.core.main.CustomKeywordDelegatingMetaClass.invokeStaticMethod(CustomKeywordDelegatingMetaClass.java:55)
	at CreateStore.run(CreateStore:45)
	at com.kms.katalon.core.main.ScriptEngine.run(ScriptEngine.java:194)
	at com.kms.katalon.core.main.ScriptEngine.runScriptAsRawText(ScriptEngine.java:119)
	at com.kms.katalon.core.main.TestCaseExecutor.runScript(TestCaseExecutor.java:448)
	at com.kms.katalon.core.main.TestCaseExecutor.doExecute(TestCaseExecutor.java:439)
	at com.kms.katalon.core.main.TestCaseExecutor.processExecutionPhase(TestCaseExecutor.java:418)
	at com.kms.katalon.core.main.TestCaseExecutor.accessMainPhase(TestCaseExecutor.java:410)
	at com.kms.katalon.core.main.TestCaseExecutor.execute(TestCaseExecutor.java:285)
	at com.kms.katalon.core.common.CommonExecutor.accessTestCaseMainPhase(CommonExecutor.java:65)
	at com.kms.katalon.core.main.TestSuiteExecutor.accessTestSuiteMainPhase(TestSuiteExecutor.java:151)
	at com.kms.katalon.core.main.TestSuiteExecutor.execute(TestSuiteExecutor.java:106)
	at com.kms.katalon.core.main.TestCaseMain.startTestSuite(TestCaseMain.java:185)
	at com.kms.katalon.core.main.TestCaseMain$startTestSuite$0.call(Unknown Source)
	at TempTestSuite1676253455264.run(TempTestSuite1676253455264.groovy:36)
Caused by: com.kms.katalon.core.webui.exception.WebElementNotFoundException: Web element with id: 'Object Repository/Shopify/span_product' located by '//div[@id='AppFrameNav']/div/nav/div[2]/div[2]/ul/li[3]/div/div/a/span' not found
	at com.kms.katalon.core.webui.common.WebUiCommonHelper.findWebElement(WebUiCommonHelper.java:1370)
	at com.kms.katalon.core.webui.keyword.internal.WebUIAbstractKeyword.findWebElement(WebUIAbstractKeyword.groovy:27)
	at com.kms.katalon.core.webui.keyword.builtin.ClickKeyword$_click_closure1.doCall(ClickKeyword.groovy:65)
	at com.kms.katalon.core.webui.keyword.builtin.ClickKeyword$_click_closure1.call(ClickKeyword.groovy)
	at com.kms.katalon.core.webui.keyword.internal.WebUIKeywordMain.runKeyword(WebUIKeywordMain.groovy:20)
	... 22 more
"/>
         <system-out><![CDATA[2023-02-13 11:47:33 - [TEST_CASE][FAILED] - Test Cases/Shopify/CreateStore: Test Cases/Shopify/CreateStore FAILED.
Reason:
com.kms.katalon.core.exception.StepFailedException: Unable to click on object 'Object Repository/Shopify/span_product'
	at com.kms.katalon.core.webui.keyword.internal.WebUIKeywordMain.stepFailed(WebUIKeywordMain.groovy:64)
	at com.kms.katalon.core.webui.keyword.internal.WebUIKeywordMain.runKeyword(WebUIKeywordMain.groovy:26)
	at com.kms.katalon.core.webui.keyword.builtin.ClickKeyword.click(ClickKeyword.groovy:74)
	at com.kms.katalon.core.webui.keyword.builtin.ClickKeyword.execute(ClickKeyword.groovy:40)
	at com.kms.katalon.core.keyword.internal.KeywordExecutor.executeKeywordForPlatform(KeywordExecutor.groovy:74)
	at com.kms.katalon.core.webui.keyword.WebUiBuiltInKeywords.click(WebUiBuiltInKeywords.groovy:620)
	at com.kms.katalon.core.webui.keyword.WebUiBuiltInKeywords$click$3.call(Unknown Source)
	at shopify.store.importProduct(store.groovy:51)
	at shopify.store.invokeMethod(store.groovy)
	at com.kms.katalon.core.main.CustomKeywordDelegatingMetaClass.invokeStaticMethod(CustomKeywordDelegatingMetaClass.java:55)
	at CreateStore.run(CreateStore:45)
	at com.kms.katalon.core.main.ScriptEngine.run(ScriptEngine.java:194)
	at com.kms.katalon.core.main.ScriptEngine.runScriptAsRawText(ScriptEngine.java:119)
	at com.kms.katalon.core.main.TestCaseExecutor.runScript(TestCaseExecutor.java:448)
	at com.kms.katalon.core.main.TestCaseExecutor.doExecute(TestCaseExecutor.java:439)
	at com.kms.katalon.core.main.TestCaseExecutor.processExecutionPhase(TestCaseExecutor.java:418)
	at com.kms.katalon.core.main.TestCaseExecutor.accessMainPhase(TestCaseExecutor.java:410)
	at com.kms.katalon.core.main.TestCaseExecutor.execute(TestCaseExecutor.java:285)
	at com.kms.katalon.core.common.CommonExecutor.accessTestCaseMainPhase(CommonExecutor.java:65)
	at com.kms.katalon.core.main.TestSuiteExecutor.accessTestSuiteMainPhase(TestSuiteExecutor.java:151)
	at com.kms.katalon.core.main.TestSuiteExecutor.execute(TestSuiteExecutor.java:106)
	at com.kms.katalon.core.main.TestCaseMain.startTestSuite(TestCaseMain.java:185)
	at com.kms.katalon.core.main.TestCaseMain$startTestSuite$0.call(Unknown Source)
	at TempTestSuite1676253455264.run(TempTestSuite1676253455264.groovy:36)
Caused by: com.kms.katalon.core.webui.exception.WebElementNotFoundException: Web element with id: 'Object Repository/Shopify/span_product' located by '//div[@id='AppFrameNav']/div/nav/div[2]/div[2]/ul/li[3]/div/div/a/span' not found
	at com.kms.katalon.core.webui.common.WebUiCommonHelper.findWebElement(WebUiCommonHelper.java:1370)
	at com.kms.katalon.core.webui.keyword.internal.WebUIAbstractKeyword.findWebElement(WebUIAbstractKeyword.groovy:27)
	at com.kms.katalon.core.webui.keyword.builtin.ClickKeyword$_click_closure1.doCall(ClickKeyword.groovy:65)
	at com.kms.katalon.core.webui.keyword.builtin.ClickKeyword$_click_closure1.call(ClickKeyword.groovy)
	at com.kms.katalon.core.webui.keyword.internal.WebUIKeywordMain.runKeyword(WebUIKeywordMain.groovy:20)
	... 22 more


2023-02-13 11:47:33 - [TEST_STEP][PASSED] - Start listener action : skipStatus: null

2023-02-13 11:47:33 - [TEST_STEP][PASSED] - map = testCaseContext.getTestCaseVariables(): null

2023-02-13 11:47:33 - [TEST_STEP][PASSED] - testcae_status = map.get("testcase_status"): null

2023-02-13 11:47:33 - [TEST_STEP][PASSED] - println(testcae_status): null

2023-02-13 11:47:33 - [TEST_STEP][PASSED] - if (testcae_status == "Passed" || testcae_status == "Failed"): null

2023-02-13 11:47:33 - [TEST_STEP][PASSED] - log = new com.kms.katalon.core.util.KeywordUtil(): null

2023-02-13 11:47:33 - [TEST_STEP][PASSED] - openBrowser(""): Browser is opened with url: ''

2023-02-13 11:47:33 - [MESSAGE][WARNING] - A browser is already opened. Closing browser and opening a new one

2023-02-13 11:47:33 - [MESSAGE][INFO] - Starting 'Chrome' driver

2023-02-13 11:47:33 - [MESSAGE][INFO] - Action delay is set to 0 milliseconds

2023-02-13 11:47:34 - [MESSAGE][PASSED] - Browser is opened with url: ''

2023-02-13 11:47:34 - [TEST_STEP][PASSED] - maximizeWindow(): Current window maximized

2023-02-13 11:47:35 - [MESSAGE][PASSED] - Current window maximized

2023-02-13 11:47:35 - [TEST_STEP][PASSED] - st = new shopify.store(): null

2023-02-13 11:47:35 - [TEST_STEP][PASSED] - st.loginShopifyPartner(partner_email, partner_password, partner_id): Object: 'Object Repository/Shopify/btn_login' is clicked on

2023-02-13 11:47:38 - [MESSAGE][PASSED] - Navigate to 'https://partners.shopify.com/1662018/stores/new' successfully

2023-02-13 11:47:39 - [MESSAGE][PASSED] - Text 'huynh@firegroup.io' is set on object 'Object Repository/Shopify/input_email_shopify'

2023-02-13 11:47:41 - [MESSAGE][PASSED] - Object: 'Object Repository/Shopify/btn_continue_with_email' is clicked on

2023-02-13 11:47:43 - [MESSAGE][PASSED] - Text ****** has been set on object 'Object Repository/Shopify/input_password_shopify'

2023-02-13 11:47:49 - [MESSAGE][PASSED] - Object: 'Object Repository/Shopify/btn_login' is clicked on

2023-02-13 11:47:49 - [TEST_STEP][PASSED] - st.navigateToStoreDevelop(partner_id): Navigate to 'https://partners.shopify.com/1662018/stores/new?store_type=dev_preview_store&developer_preview_handle=checkout_extensibility' successfully

2023-02-13 11:47:50 - [MESSAGE][PASSED] - Navigate to 'https://partners.shopify.com/1662018/stores/new?store_type=dev_preview_store&developer_preview_handle=checkout_extensibility' successfully

2023-02-13 11:47:50 - [TEST_STEP][PASSED] - st.inputStoreName(store_name): Delayed 5 second(s)

2023-02-13 11:47:52 - [MESSAGE][PASSED] - Text 'huynh-ar-stag-2409' is set on object 'Object Repository/Shopify/input_store_name'

2023-02-13 11:47:57 - [MESSAGE][PASSED] - Delayed 5 second(s)

2023-02-13 11:47:57 - [TEST_STEP][PASSED] - shopify.store.clickCreateStore(): shopify.store.clickCreateStore is PASSED

2023-02-13 11:47:57 - [MESSAGE][PASSED] - Object: 'Object Repository/Shopify/btn_create_store' is clicked on

2023-02-13 11:48:17 - [MESSAGE][PASSED] - Delayed 20 second(s)

2023-02-13 11:48:17 - [MESSAGE][PASSED] - shopify.store.clickCreateStore is PASSED

2023-02-13 11:48:17 - [TEST_STEP][FAILED] - shopify.store.importProduct(product_file_local): Unable to click on object 'Object Repository/Shopify/span_product'

2023-02-13 11:48:48 - [MESSAGE][INFO] - Unable to find the element located by 'By.xpath: //div[@id='AppFrameNav']/div/nav/div[2]/div[2]/ul/li[3]/div/div/a/span'. Please recheck the objects properties to make sure the desired element is located. 

2023-02-13 11:48:48 - [MESSAGE][FAILED] - Unable to click on object 'Object Repository/Shopify/span_product' (Root cause: com.kms.katalon.core.exception.StepFailedException: Unable to click on object 'Object Repository/Shopify/span_product'
	at com.kms.katalon.core.webui.keyword.internal.WebUIKeywordMain.stepFailed(WebUIKeywordMain.groovy:64)
	at com.kms.katalon.core.webui.keyword.internal.WebUIKeywordMain.runKeyword(WebUIKeywordMain.groovy:26)
	at com.kms.katalon.core.webui.keyword.builtin.ClickKeyword.click(ClickKeyword.groovy:74)
	at com.kms.katalon.core.webui.keyword.builtin.ClickKeyword.execute(ClickKeyword.groovy:40)
	at com.kms.katalon.core.keyword.internal.KeywordExecutor.executeKeywordForPlatform(KeywordExecutor.groovy:74)
	at com.kms.katalon.core.webui.keyword.WebUiBuiltInKeywords.click(WebUiBuiltInKeywords.groovy:620)
	at com.kms.katalon.core.webui.keyword.WebUiBuiltInKeywords$click$3.call(Unknown Source)
	at shopify.store.importProduct(store.groovy:51)
	at shopify.store.invokeMethod(store.groovy)
	at com.kms.katalon.core.main.CustomKeywordDelegatingMetaClass.invokeStaticMethod(CustomKeywordDelegatingMetaClass.java:55)
	at CreateStore.run(CreateStore:45)
	at com.kms.katalon.core.main.ScriptEngine.run(ScriptEngine.java:194)
	at com.kms.katalon.core.main.ScriptEngine.runScriptAsRawText(ScriptEngine.java:119)
	at com.kms.katalon.core.main.TestCaseExecutor.runScript(TestCaseExecutor.java:448)
	at com.kms.katalon.core.main.TestCaseExecutor.doExecute(TestCaseExecutor.java:439)
	at com.kms.katalon.core.main.TestCaseExecutor.processExecutionPhase(TestCaseExecutor.java:418)
	at com.kms.katalon.core.main.TestCaseExecutor.accessMainPhase(TestCaseExecutor.java:410)
	at com.kms.katalon.core.main.TestCaseExecutor.execute(TestCaseExecutor.java:285)
	at com.kms.katalon.core.common.CommonExecutor.accessTestCaseMainPhase(CommonExecutor.java:65)
	at com.kms.katalon.core.main.TestSuiteExecutor.accessTestSuiteMainPhase(TestSuiteExecutor.java:151)
	at com.kms.katalon.core.main.TestSuiteExecutor.execute(TestSuiteExecutor.java:106)
	at com.kms.katalon.core.main.TestCaseMain.startTestSuite(TestCaseMain.java:185)
	at com.kms.katalon.core.main.TestCaseMain$startTestSuite$0.call(Unknown Source)
	at TempTestSuite1676253455264.run(TempTestSuite1676253455264.groovy:36)
Caused by: com.kms.katalon.core.webui.exception.WebElementNotFoundException: Web element with id: 'Object Repository/Shopify/span_product' located by '//div[@id='AppFrameNav']/div/nav/div[2]/div[2]/ul/li[3]/div/div/a/span' not found
	at com.kms.katalon.core.webui.common.WebUiCommonHelper.findWebElement(WebUiCommonHelper.java:1370)
	at com.kms.katalon.core.webui.keyword.internal.WebUIAbstractKeyword.findWebElement(WebUIAbstractKeyword.groovy:27)
	at com.kms.katalon.core.webui.keyword.builtin.ClickKeyword$_click_closure1.doCall(ClickKeyword.groovy:65)
	at com.kms.katalon.core.webui.keyword.builtin.ClickKeyword$_click_closure1.call(ClickKeyword.groovy)
	at com.kms.katalon.core.webui.keyword.internal.WebUIKeywordMain.runKeyword(WebUIKeywordMain.groovy:20)
	at com.kms.katalon.core.webui.keyword.builtin.ClickKeyword.click(ClickKeyword.groovy:74)
	at com.kms.katalon.core.webui.keyword.builtin.ClickKeyword.execute(ClickKeyword.groovy:40)
	at com.kms.katalon.core.keyword.internal.KeywordExecutor.executeKeywordForPlatform(KeywordExecutor.groovy:74)
	at com.kms.katalon.core.webui.keyword.WebUiBuiltInKeywords.click(WebUiBuiltInKeywords.groovy:620)
	at com.kms.katalon.core.webui.keyword.WebUiBuiltInKeywords$click$3.call(Unknown Source)
	at shopify.store.importProduct(store.groovy:51)
	at shopify.store.invokeMethod(store.groovy)
	at com.kms.katalon.core.main.CustomKeywordDelegatingMetaClass.invokeStaticMethod(CustomKeywordDelegatingMetaClass.java:55)
	at Script1673851860327.run(Script1673851860327.groovy:45)
	... 13 more
)
[[ATTACHMENT|C:\\Users\\huynh\\Documents\\Socialhead\\Automation\\Katalon project\\CreateStore\\CreateStore\\Reports\\20230213_085735\\Store\\Create Store\\20230213_085735\\1676263728768.png]]

2023-02-13 11:48:48 - [MESSAGE][FAILED] - Unable to click on object 'Object Repository/Shopify/span_product'

2023-02-13 11:48:48 - [TEST_STEP][PASSED] - Start tear down : teardownIfFailed: Method 'teardownIfFailed' complete successfully

2023-02-13 11:48:48 - [TEST_STEP][PASSED] - data.excel.updateValueToSheet(file_data, "store", 4, store_name, 7, "Failed"): data.excel.updateValueToSheet is PASSED

2023-02-13 11:48:48 - [MESSAGE][PASSED] - data.excel.updateValueToSheet is PASSED

2023-02-13 11:48:48 - [MESSAGE][PASSED] - Method 'teardownIfFailed' complete successfully]]></system-out>
         <system-err><![CDATA[2023-02-13 11:47:33 - [TEST_CASE][FAILED] - Test Cases/Shopify/CreateStore: Test Cases/Shopify/CreateStore FAILED.
Reason:
com.kms.katalon.core.exception.StepFailedException: Unable to click on object 'Object Repository/Shopify/span_product'
	at com.kms.katalon.core.webui.keyword.internal.WebUIKeywordMain.stepFailed(WebUIKeywordMain.groovy:64)
	at com.kms.katalon.core.webui.keyword.internal.WebUIKeywordMain.runKeyword(WebUIKeywordMain.groovy:26)
	at com.kms.katalon.core.webui.keyword.builtin.ClickKeyword.click(ClickKeyword.groovy:74)
	at com.kms.katalon.core.webui.keyword.builtin.ClickKeyword.execute(ClickKeyword.groovy:40)
	at com.kms.katalon.core.keyword.internal.KeywordExecutor.executeKeywordForPlatform(KeywordExecutor.groovy:74)
	at com.kms.katalon.core.webui.keyword.WebUiBuiltInKeywords.click(WebUiBuiltInKeywords.groovy:620)
	at com.kms.katalon.core.webui.keyword.WebUiBuiltInKeywords$click$3.call(Unknown Source)
	at shopify.store.importProduct(store.groovy:51)
	at shopify.store.invokeMethod(store.groovy)
	at com.kms.katalon.core.main.CustomKeywordDelegatingMetaClass.invokeStaticMethod(CustomKeywordDelegatingMetaClass.java:55)
	at CreateStore.run(CreateStore:45)
	at com.kms.katalon.core.main.ScriptEngine.run(ScriptEngine.java:194)
	at com.kms.katalon.core.main.ScriptEngine.runScriptAsRawText(ScriptEngine.java:119)
	at com.kms.katalon.core.main.TestCaseExecutor.runScript(TestCaseExecutor.java:448)
	at com.kms.katalon.core.main.TestCaseExecutor.doExecute(TestCaseExecutor.java:439)
	at com.kms.katalon.core.main.TestCaseExecutor.processExecutionPhase(TestCaseExecutor.java:418)
	at com.kms.katalon.core.main.TestCaseExecutor.accessMainPhase(TestCaseExecutor.java:410)
	at com.kms.katalon.core.main.TestCaseExecutor.execute(TestCaseExecutor.java:285)
	at com.kms.katalon.core.common.CommonExecutor.accessTestCaseMainPhase(CommonExecutor.java:65)
	at com.kms.katalon.core.main.TestSuiteExecutor.accessTestSuiteMainPhase(TestSuiteExecutor.java:151)
	at com.kms.katalon.core.main.TestSuiteExecutor.execute(TestSuiteExecutor.java:106)
	at com.kms.katalon.core.main.TestCaseMain.startTestSuite(TestCaseMain.java:185)
	at com.kms.katalon.core.main.TestCaseMain$startTestSuite$0.call(Unknown Source)
	at TempTestSuite1676253455264.run(TempTestSuite1676253455264.groovy:36)
Caused by: com.kms.katalon.core.webui.exception.WebElementNotFoundException: Web element with id: 'Object Repository/Shopify/span_product' located by '//div[@id='AppFrameNav']/div/nav/div[2]/div[2]/ul/li[3]/div/div/a/span' not found
	at com.kms.katalon.core.webui.common.WebUiCommonHelper.findWebElement(WebUiCommonHelper.java:1370)
	at com.kms.katalon.core.webui.keyword.internal.WebUIAbstractKeyword.findWebElement(WebUIAbstractKeyword.groovy:27)
	at com.kms.katalon.core.webui.keyword.builtin.ClickKeyword$_click_closure1.doCall(ClickKeyword.groovy:65)
	at com.kms.katalon.core.webui.keyword.builtin.ClickKeyword$_click_closure1.call(ClickKeyword.groovy)
	at com.kms.katalon.core.webui.keyword.internal.WebUIKeywordMain.runKeyword(WebUIKeywordMain.groovy:20)
	... 22 more]]></system-err>
      </testcase>
      <testcase name="Test Cases/Shopify/CreateStore" time="226.196" classname="Test Cases/Shopify/CreateStore" status="PASSED">
         <system-out><![CDATA[2023-02-13 11:48:49 - [TEST_CASE][PASSED] - Test Cases/Shopify/CreateStore: Test Cases/Shopify/CreateStore

2023-02-13 11:48:49 - [TEST_STEP][PASSED] - Start listener action : skipStatus: null

2023-02-13 11:48:49 - [TEST_STEP][PASSED] - map = testCaseContext.getTestCaseVariables(): null

2023-02-13 11:48:49 - [TEST_STEP][PASSED] - testcae_status = map.get("testcase_status"): null

2023-02-13 11:48:49 - [TEST_STEP][PASSED] - println(testcae_status): null

2023-02-13 11:48:49 - [TEST_STEP][PASSED] - if (testcae_status == "Passed" || testcae_status == "Failed"): null

2023-02-13 11:48:49 - [TEST_STEP][PASSED] - log = new com.kms.katalon.core.util.KeywordUtil(): null

2023-02-13 11:48:49 - [TEST_STEP][PASSED] - openBrowser(""): Browser is opened with url: ''

2023-02-13 11:48:49 - [MESSAGE][WARNING] - A browser is already opened. Closing browser and opening a new one

2023-02-13 11:48:49 - [MESSAGE][INFO] - Starting 'Chrome' driver

2023-02-13 11:48:49 - [MESSAGE][INFO] - Action delay is set to 0 milliseconds

2023-02-13 11:48:50 - [MESSAGE][PASSED] - Browser is opened with url: ''

2023-02-13 11:48:50 - [TEST_STEP][PASSED] - maximizeWindow(): Current window maximized

2023-02-13 11:48:50 - [MESSAGE][PASSED] - Current window maximized

2023-02-13 11:48:50 - [TEST_STEP][PASSED] - st = new shopify.store(): null

2023-02-13 11:48:50 - [TEST_STEP][PASSED] - st.loginShopifyPartner(partner_email, partner_password, partner_id): Object: 'Object Repository/Shopify/btn_login' is clicked on

2023-02-13 11:48:55 - [MESSAGE][PASSED] - Navigate to 'https://partners.shopify.com/1662018/stores/new' successfully

2023-02-13 11:48:56 - [MESSAGE][PASSED] - Text 'huynh@firegroup.io' is set on object 'Object Repository/Shopify/input_email_shopify'

2023-02-13 11:48:57 - [MESSAGE][PASSED] - Object: 'Object Repository/Shopify/btn_continue_with_email' is clicked on

2023-02-13 11:48:59 - [MESSAGE][PASSED] - Text ****** has been set on object 'Object Repository/Shopify/input_password_shopify'

2023-02-13 11:49:06 - [MESSAGE][PASSED] - Object: 'Object Repository/Shopify/btn_login' is clicked on

2023-02-13 11:49:06 - [TEST_STEP][PASSED] - st.navigateToStoreDevelop(partner_id): Navigate to 'https://partners.shopify.com/1662018/stores/new?store_type=dev_preview_store&developer_preview_handle=checkout_extensibility' successfully

2023-02-13 11:49:07 - [MESSAGE][PASSED] - Navigate to 'https://partners.shopify.com/1662018/stores/new?store_type=dev_preview_store&developer_preview_handle=checkout_extensibility' successfully

2023-02-13 11:49:07 - [TEST_STEP][PASSED] - st.inputStoreName(store_name): Delayed 5 second(s)

2023-02-13 11:49:08 - [MESSAGE][PASSED] - Text 'huynh-ar-stag-2410' is set on object 'Object Repository/Shopify/input_store_name'

2023-02-13 11:49:13 - [MESSAGE][PASSED] - Delayed 5 second(s)

2023-02-13 11:49:13 - [TEST_STEP][PASSED] - shopify.store.clickCreateStore(): shopify.store.clickCreateStore is PASSED

2023-02-13 11:49:14 - [MESSAGE][PASSED] - Object: 'Object Repository/Shopify/btn_create_store' is clicked on

2023-02-13 11:49:34 - [MESSAGE][PASSED] - Delayed 20 second(s)

2023-02-13 11:49:34 - [MESSAGE][PASSED] - shopify.store.clickCreateStore is PASSED

2023-02-13 11:49:34 - [TEST_STEP][PASSED] - shopify.store.importProduct(product_file_local): shopify.store.importProduct is PASSED

2023-02-13 11:49:50 - [MESSAGE][PASSED] - Object: 'Object Repository/Shopify/span_product' is clicked on

2023-02-13 11:49:51 - [MESSAGE][PASSED] - Object: 'Object Repository/Shopify/span_import_product' is clicked on

2023-02-13 11:49:52 - [MESSAGE][PASSED] - File 'C:\Users\huynh\Documents\Socialhead\Automation\Katalon project\CreateStore\CreateStore\Data\products_export.csv' sent to object: 'Object Repository/Shopify/file_product'

2023-02-13 11:49:53 - [MESSAGE][PASSED] - Object: 'Object Repository/Shopify/span_upload_product_continue' is clicked on

2023-02-13 11:49:57 - [MESSAGE][PASSED] - Object: 'Object Repository/Shopify/btn_product_confirm_import' is clicked on

2023-02-13 11:50:27 - [MESSAGE][PASSED] - Delayed 30 second(s)

2023-02-13 11:50:27 - [MESSAGE][PASSED] - Refresh successfully

2023-02-13 11:50:42 - [MESSAGE][PASSED] - Delayed 15 second(s)

2023-02-13 11:50:42 - [MESSAGE][PASSED] - shopify.store.importProduct is PASSED

2023-02-13 11:50:42 - [TEST_STEP][PASSED] - shopify.store.clickOnMenuOnlineStore(): shopify.store.clickOnMenuOnlineStore is PASSED

2023-02-13 11:50:43 - [MESSAGE][PASSED] - Object: 'Object Repository/Shopify Store/a_onlie_store' is clicked on

2023-02-13 11:50:53 - [MESSAGE][PASSED] - Delayed 10 second(s)

2023-02-13 11:50:53 - [MESSAGE][PASSED] - shopify.store.clickOnMenuOnlineStore is PASSED

2023-02-13 11:50:53 - [TEST_STEP][PASSED] - shopify.store.clickOnImportTheme(): shopify.store.clickOnImportTheme is PASSED

2023-02-13 11:50:53 - [MESSAGE][PASSED] - Object: 'Object Repository/Shopify Store/btn_add_theme' is clicked on

2023-02-13 11:50:53 - [MESSAGE][PASSED] - shopify.store.clickOnImportTheme is PASSED

2023-02-13 11:50:53 - [TEST_STEP][PASSED] - shopify.store.uploadThemeFile(theme_file_local): shopify.store.uploadThemeFile is PASSED

2023-02-13 11:50:53 - [MESSAGE][PASSED] - Object: 'Object Repository/Shopify Store/btn_upload_zip_file' is clicked on

2023-02-13 11:50:54 - [MESSAGE][PASSED] - File 'C:\Users\huynh\Documents\Socialhead\Automation\Katalon project\CreateStore\CreateStore\Data\theme_export__www-gobuylondon-com-electro-home-05__03JUL2020-0246pm.zip' sent to object: 'Object Repository/Shopify Store/file_theme'

2023-02-13 11:50:54 - [MESSAGE][PASSED] - Object: 'Object Repository/Shopify Store/btn_upload_theme' is clicked on

2023-02-13 11:51:04 - [MESSAGE][PASSED] - Delayed 10 second(s)

2023-02-13 11:51:04 - [MESSAGE][PASSED] - shopify.store.uploadThemeFile is PASSED

2023-02-13 11:51:04 - [TEST_STEP][PASSED] - shopify.store.clickPublishTheme(): shopify.store.clickPublishTheme is PASSED

2023-02-13 11:51:34 - [MESSAGE][PASSED] - Delayed 30 second(s)

2023-02-13 11:51:35 - [MESSAGE][PASSED] - Refresh successfully

2023-02-13 11:52:05 - [MESSAGE][PASSED] - Delayed 30 second(s)

2023-02-13 11:52:05 - [MESSAGE][PASSED] - Object 'Object Repository/Shopify Store/btn_publish_theme' is clickable

2023-02-13 11:52:05 - [MESSAGE][PASSED] - Object: 'Object Repository/Shopify Store/btn_publish_theme' is clicked on

2023-02-13 11:52:05 - [MESSAGE][PASSED] - shopify.store.clickPublishTheme is PASSED

2023-02-13 11:52:05 - [TEST_STEP][PASSED] - shopify.store.confirmPublishTheme(): shopify.store.confirmPublishTheme is PASSED

2023-02-13 11:52:15 - [MESSAGE][PASSED] - Delayed 10 second(s)

2023-02-13 11:52:16 - [MESSAGE][PASSED] - Object: 'Object Repository/Shopify Store/btn_confirm_publish_theme' is clicked on

2023-02-13 11:52:16 - [MESSAGE][PASSED] - shopify.store.confirmPublishTheme is PASSED

2023-02-13 11:52:16 - [TEST_STEP][PASSED] - shopify.store_setting.changeStoreCurrency(currency, store_name): shopify.store_setting.changeStoreCurrency is PASSED

2023-02-13 11:52:26 - [MESSAGE][PASSED] - Delayed 10 second(s)

2023-02-13 11:52:30 - [MESSAGE][PASSED] - Navigate to 'http://huynh-ar-stag-2410.myshopify.com/admin/settings/general' successfully

2023-02-13 11:52:34 - [MESSAGE][PASSED] - All options with value 'USD' are selected in object 'Object Repository/Shopify Store/select_currency' 

2023-02-13 11:52:34 - [MESSAGE][PASSED] - shopify.store_setting.changeStoreCurrency is PASSED

2023-02-13 11:52:34 - [TEST_STEP][PASSED] - shopify.store_setting.saveStoreSetting(): shopify.store_setting.saveStoreSetting is PASSED

2023-02-13 11:52:35 - [MESSAGE][PASSED] - Object: 'Object Repository/Shopify Store/span_save_admin_setting' is clicked on

2023-02-13 11:52:35 - [MESSAGE][PASSED] - shopify.store_setting.saveStoreSetting is PASSED

2023-02-13 11:52:35 - [TEST_STEP][PASSED] - Start tear down : teardownIfPassed: Method 'teardownIfPassed' complete successfully

2023-02-13 11:52:35 - [TEST_STEP][PASSED] - data.excel.updateValueToSheet(file_data, "store", 4, store_name, 7, "Passed"): data.excel.updateValueToSheet is PASSED

2023-02-13 11:52:35 - [MESSAGE][PASSED] - data.excel.updateValueToSheet is PASSED

2023-02-13 11:52:35 - [MESSAGE][PASSED] - Method 'teardownIfPassed' complete successfully]]></system-out>
         <system-err><![CDATA[]]></system-err>
      </testcase>
      <testcase name="Test Cases/Shopify/CreateStore" time="221.513" classname="Test Cases/Shopify/CreateStore" status="PASSED">
         <system-out><![CDATA[2023-02-13 11:52:35 - [TEST_CASE][PASSED] - Test Cases/Shopify/CreateStore: Test Cases/Shopify/CreateStore

2023-02-13 11:52:35 - [TEST_STEP][PASSED] - Start listener action : skipStatus: null

2023-02-13 11:52:35 - [TEST_STEP][PASSED] - map = testCaseContext.getTestCaseVariables(): null

2023-02-13 11:52:35 - [TEST_STEP][PASSED] - testcae_status = map.get("testcase_status"): null

2023-02-13 11:52:35 - [TEST_STEP][PASSED] - println(testcae_status): null

2023-02-13 11:52:35 - [TEST_STEP][PASSED] - if (testcae_status == "Passed" || testcae_status == "Failed"): null

2023-02-13 11:52:35 - [TEST_STEP][PASSED] - log = new com.kms.katalon.core.util.KeywordUtil(): null

2023-02-13 11:52:35 - [TEST_STEP][PASSED] - openBrowser(""): Browser is opened with url: ''

2023-02-13 11:52:35 - [MESSAGE][WARNING] - A browser is already opened. Closing browser and opening a new one

2023-02-13 11:52:35 - [MESSAGE][INFO] - Starting 'Chrome' driver

2023-02-13 11:52:35 - [MESSAGE][INFO] - Action delay is set to 0 milliseconds

2023-02-13 11:52:36 - [MESSAGE][PASSED] - Browser is opened with url: ''

2023-02-13 11:52:36 - [TEST_STEP][PASSED] - maximizeWindow(): Current window maximized

2023-02-13 11:52:37 - [MESSAGE][PASSED] - Current window maximized

2023-02-13 11:52:37 - [TEST_STEP][PASSED] - st = new shopify.store(): null

2023-02-13 11:52:37 - [TEST_STEP][PASSED] - st.loginShopifyPartner(partner_email, partner_password, partner_id): Object: 'Object Repository/Shopify/btn_login' is clicked on

2023-02-13 11:52:40 - [MESSAGE][PASSED] - Navigate to 'https://partners.shopify.com/1662018/stores/new' successfully

2023-02-13 11:52:41 - [MESSAGE][PASSED] - Text 'huynh@firegroup.io' is set on object 'Object Repository/Shopify/input_email_shopify'

2023-02-13 11:52:44 - [MESSAGE][PASSED] - Object: 'Object Repository/Shopify/btn_continue_with_email' is clicked on

2023-02-13 11:52:46 - [MESSAGE][PASSED] - Text ****** has been set on object 'Object Repository/Shopify/input_password_shopify'

2023-02-13 11:52:52 - [MESSAGE][PASSED] - Object: 'Object Repository/Shopify/btn_login' is clicked on

2023-02-13 11:52:52 - [TEST_STEP][PASSED] - st.navigateToStoreDevelop(partner_id): Navigate to 'https://partners.shopify.com/1662018/stores/new?store_type=dev_preview_store&developer_preview_handle=checkout_extensibility' successfully

2023-02-13 11:52:54 - [MESSAGE][PASSED] - Navigate to 'https://partners.shopify.com/1662018/stores/new?store_type=dev_preview_store&developer_preview_handle=checkout_extensibility' successfully

2023-02-13 11:52:54 - [TEST_STEP][PASSED] - st.inputStoreName(store_name): Delayed 5 second(s)

2023-02-13 11:52:55 - [MESSAGE][PASSED] - Text 'huynh-ar-stag-2411' is set on object 'Object Repository/Shopify/input_store_name'

2023-02-13 11:53:00 - [MESSAGE][PASSED] - Delayed 5 second(s)

2023-02-13 11:53:00 - [TEST_STEP][PASSED] - shopify.store.clickCreateStore(): shopify.store.clickCreateStore is PASSED

2023-02-13 11:53:01 - [MESSAGE][PASSED] - Object: 'Object Repository/Shopify/btn_create_store' is clicked on

2023-02-13 11:53:21 - [MESSAGE][PASSED] - Delayed 20 second(s)

2023-02-13 11:53:21 - [MESSAGE][PASSED] - shopify.store.clickCreateStore is PASSED

2023-02-13 11:53:21 - [TEST_STEP][PASSED] - shopify.store.importProduct(product_file_local): shopify.store.importProduct is PASSED

2023-02-13 11:53:32 - [MESSAGE][PASSED] - Object: 'Object Repository/Shopify/span_product' is clicked on

2023-02-13 11:53:33 - [MESSAGE][PASSED] - Object: 'Object Repository/Shopify/span_import_product' is clicked on

2023-02-13 11:53:34 - [MESSAGE][PASSED] - File 'C:\Users\huynh\Documents\Socialhead\Automation\Katalon project\CreateStore\CreateStore\Data\products_export.csv' sent to object: 'Object Repository/Shopify/file_product'

2023-02-13 11:53:35 - [MESSAGE][PASSED] - Object: 'Object Repository/Shopify/span_upload_product_continue' is clicked on

2023-02-13 11:53:38 - [MESSAGE][PASSED] - Object: 'Object Repository/Shopify/btn_product_confirm_import' is clicked on

2023-02-13 11:54:08 - [MESSAGE][PASSED] - Delayed 30 second(s)

2023-02-13 11:54:08 - [MESSAGE][PASSED] - Refresh successfully

2023-02-13 11:54:23 - [MESSAGE][PASSED] - Delayed 15 second(s)

2023-02-13 11:54:23 - [MESSAGE][PASSED] - shopify.store.importProduct is PASSED

2023-02-13 11:54:23 - [TEST_STEP][PASSED] - shopify.store.clickOnMenuOnlineStore(): shopify.store.clickOnMenuOnlineStore is PASSED

2023-02-13 11:54:24 - [MESSAGE][PASSED] - Object: 'Object Repository/Shopify Store/a_onlie_store' is clicked on

2023-02-13 11:54:34 - [MESSAGE][PASSED] - Delayed 10 second(s)

2023-02-13 11:54:34 - [MESSAGE][PASSED] - shopify.store.clickOnMenuOnlineStore is PASSED

2023-02-13 11:54:34 - [TEST_STEP][PASSED] - shopify.store.clickOnImportTheme(): shopify.store.clickOnImportTheme is PASSED

2023-02-13 11:54:34 - [MESSAGE][PASSED] - Object: 'Object Repository/Shopify Store/btn_add_theme' is clicked on

2023-02-13 11:54:34 - [MESSAGE][PASSED] - shopify.store.clickOnImportTheme is PASSED

2023-02-13 11:54:34 - [TEST_STEP][PASSED] - shopify.store.uploadThemeFile(theme_file_local): shopify.store.uploadThemeFile is PASSED

2023-02-13 11:54:34 - [MESSAGE][PASSED] - Object: 'Object Repository/Shopify Store/btn_upload_zip_file' is clicked on

2023-02-13 11:54:35 - [MESSAGE][PASSED] - File 'C:\Users\huynh\Documents\Socialhead\Automation\Katalon project\CreateStore\CreateStore\Data\theme_export__www-grrlygrrls-com-kenza001-optimize__24FEB2021-0827pm.zip' sent to object: 'Object Repository/Shopify Store/file_theme'

2023-02-13 11:54:35 - [MESSAGE][PASSED] - Object: 'Object Repository/Shopify Store/btn_upload_theme' is clicked on

2023-02-13 11:54:45 - [MESSAGE][PASSED] - Delayed 10 second(s)

2023-02-13 11:54:45 - [MESSAGE][PASSED] - shopify.store.uploadThemeFile is PASSED

2023-02-13 11:54:45 - [TEST_STEP][PASSED] - shopify.store.clickPublishTheme(): shopify.store.clickPublishTheme is PASSED

2023-02-13 11:55:15 - [MESSAGE][PASSED] - Delayed 30 second(s)

2023-02-13 11:55:15 - [MESSAGE][PASSED] - Refresh successfully

2023-02-13 11:55:45 - [MESSAGE][PASSED] - Delayed 30 second(s)

2023-02-13 11:55:46 - [MESSAGE][PASSED] - Object 'Object Repository/Shopify Store/btn_publish_theme' is clickable

2023-02-13 11:55:46 - [MESSAGE][PASSED] - Object: 'Object Repository/Shopify Store/btn_publish_theme' is clicked on

2023-02-13 11:55:46 - [MESSAGE][PASSED] - shopify.store.clickPublishTheme is PASSED

2023-02-13 11:55:46 - [TEST_STEP][PASSED] - shopify.store.confirmPublishTheme(): shopify.store.confirmPublishTheme is PASSED

2023-02-13 11:55:56 - [MESSAGE][PASSED] - Delayed 10 second(s)

2023-02-13 11:55:57 - [MESSAGE][PASSED] - Object: 'Object Repository/Shopify Store/btn_confirm_publish_theme' is clicked on

2023-02-13 11:55:57 - [MESSAGE][PASSED] - shopify.store.confirmPublishTheme is PASSED

2023-02-13 11:55:57 - [TEST_STEP][PASSED] - shopify.store_setting.changeStoreCurrency(currency, store_name): shopify.store_setting.changeStoreCurrency is PASSED

2023-02-13 11:56:07 - [MESSAGE][PASSED] - Delayed 10 second(s)

2023-02-13 11:56:11 - [MESSAGE][PASSED] - Navigate to 'http://huynh-ar-stag-2411.myshopify.com/admin/settings/general' successfully

2023-02-13 11:56:16 - [MESSAGE][PASSED] - All options with value 'USD' are selected in object 'Object Repository/Shopify Store/select_currency' 

2023-02-13 11:56:16 - [MESSAGE][PASSED] - shopify.store_setting.changeStoreCurrency is PASSED

2023-02-13 11:56:16 - [TEST_STEP][PASSED] - shopify.store_setting.saveStoreSetting(): shopify.store_setting.saveStoreSetting is PASSED

2023-02-13 11:56:16 - [MESSAGE][PASSED] - Object: 'Object Repository/Shopify Store/span_save_admin_setting' is clicked on

2023-02-13 11:56:16 - [MESSAGE][PASSED] - shopify.store_setting.saveStoreSetting is PASSED

2023-02-13 11:56:16 - [TEST_STEP][PASSED] - Start tear down : teardownIfPassed: Method 'teardownIfPassed' complete successfully

2023-02-13 11:56:16 - [TEST_STEP][PASSED] - data.excel.updateValueToSheet(file_data, "store", 4, store_name, 7, "Passed"): data.excel.updateValueToSheet is PASSED

2023-02-13 11:56:16 - [MESSAGE][PASSED] - data.excel.updateValueToSheet is PASSED

2023-02-13 11:56:16 - [MESSAGE][PASSED] - Method 'teardownIfPassed' complete successfully]]></system-out>
         <system-err><![CDATA[]]></system-err>
      </testcase>
      <testcase name="Test Cases/Shopify/CreateStore" time="223.19" classname="Test Cases/Shopify/CreateStore" status="PASSED">
         <system-out><![CDATA[2023-02-13 11:56:16 - [TEST_CASE][PASSED] - Test Cases/Shopify/CreateStore: Test Cases/Shopify/CreateStore

2023-02-13 11:56:16 - [TEST_STEP][PASSED] - Start listener action : skipStatus: null

2023-02-13 11:56:16 - [TEST_STEP][PASSED] - map = testCaseContext.getTestCaseVariables(): null

2023-02-13 11:56:16 - [TEST_STEP][PASSED] - testcae_status = map.get("testcase_status"): null

2023-02-13 11:56:16 - [TEST_STEP][PASSED] - println(testcae_status): null

2023-02-13 11:56:16 - [TEST_STEP][PASSED] - if (testcae_status == "Passed" || testcae_status == "Failed"): null

2023-02-13 11:56:16 - [TEST_STEP][PASSED] - log = new com.kms.katalon.core.util.KeywordUtil(): null

2023-02-13 11:56:16 - [TEST_STEP][PASSED] - openBrowser(""): Browser is opened with url: ''

2023-02-13 11:56:16 - [MESSAGE][WARNING] - A browser is already opened. Closing browser and opening a new one

2023-02-13 11:56:17 - [MESSAGE][INFO] - Starting 'Chrome' driver

2023-02-13 11:56:17 - [MESSAGE][INFO] - Action delay is set to 0 milliseconds

2023-02-13 11:56:18 - [MESSAGE][PASSED] - Browser is opened with url: ''

2023-02-13 11:56:18 - [TEST_STEP][PASSED] - maximizeWindow(): Current window maximized

2023-02-13 11:56:18 - [MESSAGE][PASSED] - Current window maximized

2023-02-13 11:56:18 - [TEST_STEP][PASSED] - st = new shopify.store(): null

2023-02-13 11:56:18 - [TEST_STEP][PASSED] - st.loginShopifyPartner(partner_email, partner_password, partner_id): Object: 'Object Repository/Shopify/btn_login' is clicked on

2023-02-13 11:56:22 - [MESSAGE][PASSED] - Navigate to 'https://partners.shopify.com/1662018/stores/new' successfully

2023-02-13 11:56:23 - [MESSAGE][PASSED] - Text 'huynh@firegroup.io' is set on object 'Object Repository/Shopify/input_email_shopify'

2023-02-13 11:56:24 - [MESSAGE][PASSED] - Object: 'Object Repository/Shopify/btn_continue_with_email' is clicked on

2023-02-13 11:56:26 - [MESSAGE][PASSED] - Text ****** has been set on object 'Object Repository/Shopify/input_password_shopify'

2023-02-13 11:56:33 - [MESSAGE][PASSED] - Object: 'Object Repository/Shopify/btn_login' is clicked on

2023-02-13 11:56:33 - [TEST_STEP][PASSED] - st.navigateToStoreDevelop(partner_id): Navigate to 'https://partners.shopify.com/1662018/stores/new?store_type=dev_preview_store&developer_preview_handle=checkout_extensibility' successfully

2023-02-13 11:56:34 - [MESSAGE][PASSED] - Navigate to 'https://partners.shopify.com/1662018/stores/new?store_type=dev_preview_store&developer_preview_handle=checkout_extensibility' successfully

2023-02-13 11:56:34 - [TEST_STEP][PASSED] - st.inputStoreName(store_name): Delayed 5 second(s)

2023-02-13 11:56:36 - [MESSAGE][PASSED] - Text 'huynh-ar-stag-2412' is set on object 'Object Repository/Shopify/input_store_name'

2023-02-13 11:56:41 - [MESSAGE][PASSED] - Delayed 5 second(s)

2023-02-13 11:56:41 - [TEST_STEP][PASSED] - shopify.store.clickCreateStore(): shopify.store.clickCreateStore is PASSED

2023-02-13 11:56:41 - [MESSAGE][PASSED] - Object: 'Object Repository/Shopify/btn_create_store' is clicked on

2023-02-13 11:57:01 - [MESSAGE][PASSED] - Delayed 20 second(s)

2023-02-13 11:57:01 - [MESSAGE][PASSED] - shopify.store.clickCreateStore is PASSED

2023-02-13 11:57:01 - [TEST_STEP][PASSED] - shopify.store.importProduct(product_file_local): shopify.store.importProduct is PASSED

2023-02-13 11:57:14 - [MESSAGE][PASSED] - Object: 'Object Repository/Shopify/span_product' is clicked on

2023-02-13 11:57:15 - [MESSAGE][PASSED] - Object: 'Object Repository/Shopify/span_import_product' is clicked on

2023-02-13 11:57:16 - [MESSAGE][PASSED] - File 'C:\Users\huynh\Documents\Socialhead\Automation\Katalon project\CreateStore\CreateStore\Data\products_export.csv' sent to object: 'Object Repository/Shopify/file_product'

2023-02-13 11:57:17 - [MESSAGE][PASSED] - Object: 'Object Repository/Shopify/span_upload_product_continue' is clicked on

2023-02-13 11:57:20 - [MESSAGE][PASSED] - Object: 'Object Repository/Shopify/btn_product_confirm_import' is clicked on

2023-02-13 11:57:50 - [MESSAGE][PASSED] - Delayed 30 second(s)

2023-02-13 11:57:50 - [MESSAGE][PASSED] - Refresh successfully

2023-02-13 11:58:05 - [MESSAGE][PASSED] - Delayed 15 second(s)

2023-02-13 11:58:05 - [MESSAGE][PASSED] - shopify.store.importProduct is PASSED

2023-02-13 11:58:05 - [TEST_STEP][PASSED] - shopify.store.clickOnMenuOnlineStore(): shopify.store.clickOnMenuOnlineStore is PASSED

2023-02-13 11:58:06 - [MESSAGE][PASSED] - Object: 'Object Repository/Shopify Store/a_onlie_store' is clicked on

2023-02-13 11:58:16 - [MESSAGE][PASSED] - Delayed 10 second(s)

2023-02-13 11:58:16 - [MESSAGE][PASSED] - shopify.store.clickOnMenuOnlineStore is PASSED

2023-02-13 11:58:16 - [TEST_STEP][PASSED] - shopify.store.clickOnImportTheme(): shopify.store.clickOnImportTheme is PASSED

2023-02-13 11:58:16 - [MESSAGE][PASSED] - Object: 'Object Repository/Shopify Store/btn_add_theme' is clicked on

2023-02-13 11:58:16 - [MESSAGE][PASSED] - shopify.store.clickOnImportTheme is PASSED

2023-02-13 11:58:16 - [TEST_STEP][PASSED] - shopify.store.uploadThemeFile(theme_file_local): shopify.store.uploadThemeFile is PASSED

2023-02-13 11:58:16 - [MESSAGE][PASSED] - Object: 'Object Repository/Shopify Store/btn_upload_zip_file' is clicked on

2023-02-13 11:58:17 - [MESSAGE][PASSED] - File 'C:\Users\huynh\Documents\Socialhead\Automation\Katalon project\CreateStore\CreateStore\Data\theme_export__www-habazoo-com-symmetry__01JUN2020-0947pm.zip' sent to object: 'Object Repository/Shopify Store/file_theme'

2023-02-13 11:58:17 - [MESSAGE][PASSED] - Object: 'Object Repository/Shopify Store/btn_upload_theme' is clicked on

2023-02-13 11:58:27 - [MESSAGE][PASSED] - Delayed 10 second(s)

2023-02-13 11:58:27 - [MESSAGE][PASSED] - shopify.store.uploadThemeFile is PASSED

2023-02-13 11:58:27 - [TEST_STEP][PASSED] - shopify.store.clickPublishTheme(): shopify.store.clickPublishTheme is PASSED

2023-02-13 11:58:57 - [MESSAGE][PASSED] - Delayed 30 second(s)

2023-02-13 11:58:58 - [MESSAGE][PASSED] - Refresh successfully

2023-02-13 11:59:28 - [MESSAGE][PASSED] - Delayed 30 second(s)

2023-02-13 11:59:28 - [MESSAGE][PASSED] - Object 'Object Repository/Shopify Store/btn_publish_theme' is clickable

2023-02-13 11:59:29 - [MESSAGE][PASSED] - Object: 'Object Repository/Shopify Store/btn_publish_theme' is clicked on

2023-02-13 11:59:29 - [MESSAGE][PASSED] - shopify.store.clickPublishTheme is PASSED

2023-02-13 11:59:29 - [TEST_STEP][PASSED] - shopify.store.confirmPublishTheme(): shopify.store.confirmPublishTheme is PASSED

2023-02-13 11:59:39 - [MESSAGE][PASSED] - Delayed 10 second(s)

2023-02-13 11:59:39 - [MESSAGE][PASSED] - Object: 'Object Repository/Shopify Store/btn_confirm_publish_theme' is clicked on

2023-02-13 11:59:39 - [MESSAGE][PASSED] - shopify.store.confirmPublishTheme is PASSED

2023-02-13 11:59:39 - [TEST_STEP][PASSED] - shopify.store_setting.changeStoreCurrency(currency, store_name): shopify.store_setting.changeStoreCurrency is PASSED

2023-02-13 11:59:49 - [MESSAGE][PASSED] - Delayed 10 second(s)

2023-02-13 11:59:53 - [MESSAGE][PASSED] - Navigate to 'http://huynh-ar-stag-2412.myshopify.com/admin/settings/general' successfully

2023-02-13 11:59:59 - [MESSAGE][PASSED] - All options with value 'USD' are selected in object 'Object Repository/Shopify Store/select_currency' 

2023-02-13 11:59:59 - [MESSAGE][PASSED] - shopify.store_setting.changeStoreCurrency is PASSED

2023-02-13 11:59:59 - [TEST_STEP][PASSED] - shopify.store_setting.saveStoreSetting(): shopify.store_setting.saveStoreSetting is PASSED

2023-02-13 11:59:59 - [MESSAGE][PASSED] - Object: 'Object Repository/Shopify Store/span_save_admin_setting' is clicked on

2023-02-13 11:59:59 - [MESSAGE][PASSED] - shopify.store_setting.saveStoreSetting is PASSED

2023-02-13 11:59:59 - [TEST_STEP][PASSED] - Start tear down : teardownIfPassed: Method 'teardownIfPassed' complete successfully

2023-02-13 11:59:59 - [TEST_STEP][PASSED] - data.excel.updateValueToSheet(file_data, "store", 4, store_name, 7, "Passed"): data.excel.updateValueToSheet is PASSED

2023-02-13 11:59:59 - [MESSAGE][PASSED] - data.excel.updateValueToSheet is PASSED

2023-02-13 11:59:59 - [MESSAGE][PASSED] - Method 'teardownIfPassed' complete successfully]]></system-out>
         <system-err><![CDATA[]]></system-err>
      </testcase>
      <testcase name="Test Cases/Shopify/CreateStore" time="233.957" classname="Test Cases/Shopify/CreateStore" status="PASSED">
         <system-out><![CDATA[2023-02-13 12:00:00 - [TEST_CASE][PASSED] - Test Cases/Shopify/CreateStore: Test Cases/Shopify/CreateStore

2023-02-13 12:00:00 - [TEST_STEP][PASSED] - Start listener action : skipStatus: null

2023-02-13 12:00:00 - [TEST_STEP][PASSED] - map = testCaseContext.getTestCaseVariables(): null

2023-02-13 12:00:00 - [TEST_STEP][PASSED] - testcae_status = map.get("testcase_status"): null

2023-02-13 12:00:00 - [TEST_STEP][PASSED] - println(testcae_status): null

2023-02-13 12:00:00 - [TEST_STEP][PASSED] - if (testcae_status == "Passed" || testcae_status == "Failed"): null

2023-02-13 12:00:00 - [TEST_STEP][PASSED] - log = new com.kms.katalon.core.util.KeywordUtil(): null

2023-02-13 12:00:00 - [TEST_STEP][PASSED] - openBrowser(""): Browser is opened with url: ''

2023-02-13 12:00:00 - [MESSAGE][WARNING] - A browser is already opened. Closing browser and opening a new one

2023-02-13 12:00:00 - [MESSAGE][INFO] - Starting 'Chrome' driver

2023-02-13 12:00:00 - [MESSAGE][INFO] - Action delay is set to 0 milliseconds

2023-02-13 12:00:01 - [MESSAGE][PASSED] - Browser is opened with url: ''

2023-02-13 12:00:01 - [TEST_STEP][PASSED] - maximizeWindow(): Current window maximized

2023-02-13 12:00:01 - [MESSAGE][PASSED] - Current window maximized

2023-02-13 12:00:01 - [TEST_STEP][PASSED] - st = new shopify.store(): null

2023-02-13 12:00:01 - [TEST_STEP][PASSED] - st.loginShopifyPartner(partner_email, partner_password, partner_id): Object: 'Object Repository/Shopify/btn_login' is clicked on

2023-02-13 12:00:05 - [MESSAGE][PASSED] - Navigate to 'https://partners.shopify.com/1662018/stores/new' successfully

2023-02-13 12:00:06 - [MESSAGE][PASSED] - Text 'huynh@firegroup.io' is set on object 'Object Repository/Shopify/input_email_shopify'

2023-02-13 12:00:09 - [MESSAGE][PASSED] - Object: 'Object Repository/Shopify/btn_continue_with_email' is clicked on

2023-02-13 12:00:11 - [MESSAGE][PASSED] - Text ****** has been set on object 'Object Repository/Shopify/input_password_shopify'

2023-02-13 12:00:18 - [MESSAGE][PASSED] - Object: 'Object Repository/Shopify/btn_login' is clicked on

2023-02-13 12:00:18 - [TEST_STEP][PASSED] - st.navigateToStoreDevelop(partner_id): Navigate to 'https://partners.shopify.com/1662018/stores/new?store_type=dev_preview_store&developer_preview_handle=checkout_extensibility' successfully

2023-02-13 12:00:19 - [MESSAGE][PASSED] - Navigate to 'https://partners.shopify.com/1662018/stores/new?store_type=dev_preview_store&developer_preview_handle=checkout_extensibility' successfully

2023-02-13 12:00:19 - [TEST_STEP][PASSED] - st.inputStoreName(store_name): Delayed 5 second(s)

2023-02-13 12:00:20 - [MESSAGE][PASSED] - Text 'huynh-ar-stag-2413' is set on object 'Object Repository/Shopify/input_store_name'

2023-02-13 12:00:25 - [MESSAGE][PASSED] - Delayed 5 second(s)

2023-02-13 12:00:25 - [TEST_STEP][PASSED] - shopify.store.clickCreateStore(): shopify.store.clickCreateStore is PASSED

2023-02-13 12:00:26 - [MESSAGE][PASSED] - Object: 'Object Repository/Shopify/btn_create_store' is clicked on

2023-02-13 12:00:46 - [MESSAGE][PASSED] - Delayed 20 second(s)

2023-02-13 12:00:46 - [MESSAGE][PASSED] - shopify.store.clickCreateStore is PASSED

2023-02-13 12:00:46 - [TEST_STEP][PASSED] - shopify.store.importProduct(product_file_local): shopify.store.importProduct is PASSED

2023-02-13 12:01:02 - [MESSAGE][PASSED] - Object: 'Object Repository/Shopify/span_product' is clicked on

2023-02-13 12:01:04 - [MESSAGE][PASSED] - Object: 'Object Repository/Shopify/span_import_product' is clicked on

2023-02-13 12:01:05 - [MESSAGE][PASSED] - File 'C:\Users\huynh\Documents\Socialhead\Automation\Katalon project\CreateStore\CreateStore\Data\products_export.csv' sent to object: 'Object Repository/Shopify/file_product'

2023-02-13 12:01:05 - [MESSAGE][PASSED] - Object: 'Object Repository/Shopify/span_upload_product_continue' is clicked on

2023-02-13 12:01:08 - [MESSAGE][PASSED] - Object: 'Object Repository/Shopify/btn_product_confirm_import' is clicked on

2023-02-13 12:01:38 - [MESSAGE][PASSED] - Delayed 30 second(s)

2023-02-13 12:01:39 - [MESSAGE][PASSED] - Refresh successfully

2023-02-13 12:01:54 - [MESSAGE][PASSED] - Delayed 15 second(s)

2023-02-13 12:01:54 - [MESSAGE][PASSED] - shopify.store.importProduct is PASSED

2023-02-13 12:01:54 - [TEST_STEP][PASSED] - shopify.store.clickOnMenuOnlineStore(): shopify.store.clickOnMenuOnlineStore is PASSED

2023-02-13 12:01:54 - [MESSAGE][PASSED] - Object: 'Object Repository/Shopify Store/a_onlie_store' is clicked on

2023-02-13 12:02:04 - [MESSAGE][PASSED] - Delayed 10 second(s)

2023-02-13 12:02:04 - [MESSAGE][PASSED] - shopify.store.clickOnMenuOnlineStore is PASSED

2023-02-13 12:02:04 - [TEST_STEP][PASSED] - shopify.store.clickOnImportTheme(): shopify.store.clickOnImportTheme is PASSED

2023-02-13 12:02:05 - [MESSAGE][PASSED] - Object: 'Object Repository/Shopify Store/btn_add_theme' is clicked on

2023-02-13 12:02:05 - [MESSAGE][PASSED] - shopify.store.clickOnImportTheme is PASSED

2023-02-13 12:02:05 - [TEST_STEP][PASSED] - shopify.store.uploadThemeFile(theme_file_local): shopify.store.uploadThemeFile is PASSED

2023-02-13 12:02:05 - [MESSAGE][PASSED] - Object: 'Object Repository/Shopify Store/btn_upload_zip_file' is clicked on

2023-02-13 12:02:06 - [MESSAGE][PASSED] - File 'C:\Users\huynh\Documents\Socialhead\Automation\Katalon project\CreateStore\CreateStore\Data\theme_export__www-healthmeasure-it-debutify-2-0-2__06MAY2020-0610pm.zip' sent to object: 'Object Repository/Shopify Store/file_theme'

2023-02-13 12:02:06 - [MESSAGE][PASSED] - Object: 'Object Repository/Shopify Store/btn_upload_theme' is clicked on

2023-02-13 12:02:16 - [MESSAGE][PASSED] - Delayed 10 second(s)

2023-02-13 12:02:16 - [MESSAGE][PASSED] - shopify.store.uploadThemeFile is PASSED

2023-02-13 12:02:16 - [TEST_STEP][PASSED] - shopify.store.clickPublishTheme(): shopify.store.clickPublishTheme is PASSED

2023-02-13 12:02:46 - [MESSAGE][PASSED] - Delayed 30 second(s)

2023-02-13 12:02:46 - [MESSAGE][PASSED] - Refresh successfully

2023-02-13 12:03:16 - [MESSAGE][PASSED] - Delayed 30 second(s)

2023-02-13 12:03:17 - [MESSAGE][PASSED] - Object 'Object Repository/Shopify Store/btn_publish_theme' is clickable

2023-02-13 12:03:17 - [MESSAGE][PASSED] - Object: 'Object Repository/Shopify Store/btn_publish_theme' is clicked on

2023-02-13 12:03:17 - [MESSAGE][PASSED] - shopify.store.clickPublishTheme is PASSED

2023-02-13 12:03:17 - [TEST_STEP][PASSED] - shopify.store.confirmPublishTheme(): shopify.store.confirmPublishTheme is PASSED

2023-02-13 12:03:27 - [MESSAGE][PASSED] - Delayed 10 second(s)

2023-02-13 12:03:27 - [MESSAGE][PASSED] - Object: 'Object Repository/Shopify Store/btn_confirm_publish_theme' is clicked on

2023-02-13 12:03:27 - [MESSAGE][PASSED] - shopify.store.confirmPublishTheme is PASSED

2023-02-13 12:03:27 - [TEST_STEP][PASSED] - shopify.store_setting.changeStoreCurrency(currency, store_name): shopify.store_setting.changeStoreCurrency is PASSED

2023-02-13 12:03:37 - [MESSAGE][PASSED] - Delayed 10 second(s)

2023-02-13 12:03:41 - [MESSAGE][PASSED] - Navigate to 'http://huynh-ar-stag-2413.myshopify.com/admin/settings/general' successfully

2023-02-13 12:03:53 - [MESSAGE][PASSED] - All options with value 'USD' are selected in object 'Object Repository/Shopify Store/select_currency' 

2023-02-13 12:03:53 - [MESSAGE][PASSED] - shopify.store_setting.changeStoreCurrency is PASSED

2023-02-13 12:03:53 - [TEST_STEP][PASSED] - shopify.store_setting.saveStoreSetting(): shopify.store_setting.saveStoreSetting is PASSED

2023-02-13 12:03:53 - [MESSAGE][PASSED] - Object: 'Object Repository/Shopify Store/span_save_admin_setting' is clicked on

2023-02-13 12:03:53 - [MESSAGE][PASSED] - shopify.store_setting.saveStoreSetting is PASSED

2023-02-13 12:03:53 - [TEST_STEP][PASSED] - Start tear down : teardownIfPassed: Method 'teardownIfPassed' complete successfully

2023-02-13 12:03:53 - [TEST_STEP][PASSED] - data.excel.updateValueToSheet(file_data, "store", 4, store_name, 7, "Passed"): data.excel.updateValueToSheet is PASSED

2023-02-13 12:03:53 - [MESSAGE][PASSED] - data.excel.updateValueToSheet is PASSED

2023-02-13 12:03:53 - [MESSAGE][PASSED] - Method 'teardownIfPassed' complete successfully]]></system-out>
         <system-err><![CDATA[]]></system-err>
      </testcase>
      <testcase name="Test Cases/Shopify/CreateStore" time="224.41" classname="Test Cases/Shopify/CreateStore" status="PASSED">
         <system-out><![CDATA[2023-02-13 12:03:54 - [TEST_CASE][PASSED] - Test Cases/Shopify/CreateStore: Test Cases/Shopify/CreateStore

2023-02-13 12:03:54 - [TEST_STEP][PASSED] - Start listener action : skipStatus: null

2023-02-13 12:03:54 - [TEST_STEP][PASSED] - map = testCaseContext.getTestCaseVariables(): null

2023-02-13 12:03:54 - [TEST_STEP][PASSED] - testcae_status = map.get("testcase_status"): null

2023-02-13 12:03:54 - [TEST_STEP][PASSED] - println(testcae_status): null

2023-02-13 12:03:54 - [TEST_STEP][PASSED] - if (testcae_status == "Passed" || testcae_status == "Failed"): null

2023-02-13 12:03:54 - [TEST_STEP][PASSED] - log = new com.kms.katalon.core.util.KeywordUtil(): null

2023-02-13 12:03:54 - [TEST_STEP][PASSED] - openBrowser(""): Browser is opened with url: ''

2023-02-13 12:03:54 - [MESSAGE][WARNING] - A browser is already opened. Closing browser and opening a new one

2023-02-13 12:03:54 - [MESSAGE][INFO] - Starting 'Chrome' driver

2023-02-13 12:03:54 - [MESSAGE][INFO] - Action delay is set to 0 milliseconds

2023-02-13 12:03:55 - [MESSAGE][PASSED] - Browser is opened with url: ''

2023-02-13 12:03:55 - [TEST_STEP][PASSED] - maximizeWindow(): Current window maximized

2023-02-13 12:03:55 - [MESSAGE][PASSED] - Current window maximized

2023-02-13 12:03:55 - [TEST_STEP][PASSED] - st = new shopify.store(): null

2023-02-13 12:03:55 - [TEST_STEP][PASSED] - st.loginShopifyPartner(partner_email, partner_password, partner_id): Object: 'Object Repository/Shopify/btn_login' is clicked on

2023-02-13 12:03:59 - [MESSAGE][PASSED] - Navigate to 'https://partners.shopify.com/1662018/stores/new' successfully

2023-02-13 12:04:00 - [MESSAGE][PASSED] - Text 'huynh@firegroup.io' is set on object 'Object Repository/Shopify/input_email_shopify'

2023-02-13 12:04:03 - [MESSAGE][PASSED] - Object: 'Object Repository/Shopify/btn_continue_with_email' is clicked on

2023-02-13 12:04:05 - [MESSAGE][PASSED] - Text ****** has been set on object 'Object Repository/Shopify/input_password_shopify'

2023-02-13 12:04:11 - [MESSAGE][PASSED] - Object: 'Object Repository/Shopify/btn_login' is clicked on

2023-02-13 12:04:11 - [TEST_STEP][PASSED] - st.navigateToStoreDevelop(partner_id): Navigate to 'https://partners.shopify.com/1662018/stores/new?store_type=dev_preview_store&developer_preview_handle=checkout_extensibility' successfully

2023-02-13 12:04:11 - [MESSAGE][PASSED] - Navigate to 'https://partners.shopify.com/1662018/stores/new?store_type=dev_preview_store&developer_preview_handle=checkout_extensibility' successfully

2023-02-13 12:04:11 - [TEST_STEP][PASSED] - st.inputStoreName(store_name): Delayed 5 second(s)

2023-02-13 12:04:14 - [MESSAGE][PASSED] - Text 'huynh-ar-stag-2414' is set on object 'Object Repository/Shopify/input_store_name'

2023-02-13 12:04:19 - [MESSAGE][PASSED] - Delayed 5 second(s)

2023-02-13 12:04:19 - [TEST_STEP][PASSED] - shopify.store.clickCreateStore(): shopify.store.clickCreateStore is PASSED

2023-02-13 12:04:19 - [MESSAGE][PASSED] - Object: 'Object Repository/Shopify/btn_create_store' is clicked on

2023-02-13 12:04:39 - [MESSAGE][PASSED] - Delayed 20 second(s)

2023-02-13 12:04:39 - [MESSAGE][PASSED] - shopify.store.clickCreateStore is PASSED

2023-02-13 12:04:39 - [TEST_STEP][PASSED] - shopify.store.importProduct(product_file_local): shopify.store.importProduct is PASSED

2023-02-13 12:04:53 - [MESSAGE][PASSED] - Object: 'Object Repository/Shopify/span_product' is clicked on

2023-02-13 12:04:55 - [MESSAGE][PASSED] - Object: 'Object Repository/Shopify/span_import_product' is clicked on

2023-02-13 12:04:56 - [MESSAGE][PASSED] - File 'C:\Users\huynh\Documents\Socialhead\Automation\Katalon project\CreateStore\CreateStore\Data\products_export.csv' sent to object: 'Object Repository/Shopify/file_product'

2023-02-13 12:04:56 - [MESSAGE][PASSED] - Object: 'Object Repository/Shopify/span_upload_product_continue' is clicked on

2023-02-13 12:04:59 - [MESSAGE][PASSED] - Object: 'Object Repository/Shopify/btn_product_confirm_import' is clicked on

2023-02-13 12:05:29 - [MESSAGE][PASSED] - Delayed 30 second(s)

2023-02-13 12:05:30 - [MESSAGE][PASSED] - Refresh successfully

2023-02-13 12:05:45 - [MESSAGE][PASSED] - Delayed 15 second(s)

2023-02-13 12:05:45 - [MESSAGE][PASSED] - shopify.store.importProduct is PASSED

2023-02-13 12:05:45 - [TEST_STEP][PASSED] - shopify.store.clickOnMenuOnlineStore(): shopify.store.clickOnMenuOnlineStore is PASSED

2023-02-13 12:05:45 - [MESSAGE][PASSED] - Object: 'Object Repository/Shopify Store/a_onlie_store' is clicked on

2023-02-13 12:05:55 - [MESSAGE][PASSED] - Delayed 10 second(s)

2023-02-13 12:05:55 - [MESSAGE][PASSED] - shopify.store.clickOnMenuOnlineStore is PASSED

2023-02-13 12:05:55 - [TEST_STEP][PASSED] - shopify.store.clickOnImportTheme(): shopify.store.clickOnImportTheme is PASSED

2023-02-13 12:05:56 - [MESSAGE][PASSED] - Object: 'Object Repository/Shopify Store/btn_add_theme' is clicked on

2023-02-13 12:05:56 - [MESSAGE][PASSED] - shopify.store.clickOnImportTheme is PASSED

2023-02-13 12:05:56 - [TEST_STEP][PASSED] - shopify.store.uploadThemeFile(theme_file_local): shopify.store.uploadThemeFile is PASSED

2023-02-13 12:05:56 - [MESSAGE][PASSED] - Object: 'Object Repository/Shopify Store/btn_upload_zip_file' is clicked on

2023-02-13 12:05:57 - [MESSAGE][PASSED] - File 'C:\Users\huynh\Documents\Socialhead\Automation\Katalon project\CreateStore\CreateStore\Data\theme_export__www-healthmeasure-it-narrative__06MAY2020-0610pm.zip' sent to object: 'Object Repository/Shopify Store/file_theme'

2023-02-13 12:05:57 - [MESSAGE][PASSED] - Object: 'Object Repository/Shopify Store/btn_upload_theme' is clicked on

2023-02-13 12:06:07 - [MESSAGE][PASSED] - Delayed 10 second(s)

2023-02-13 12:06:07 - [MESSAGE][PASSED] - shopify.store.uploadThemeFile is PASSED

2023-02-13 12:06:07 - [TEST_STEP][PASSED] - shopify.store.clickPublishTheme(): shopify.store.clickPublishTheme is PASSED

2023-02-13 12:06:37 - [MESSAGE][PASSED] - Delayed 30 second(s)

2023-02-13 12:06:37 - [MESSAGE][PASSED] - Refresh successfully

2023-02-13 12:07:07 - [MESSAGE][PASSED] - Delayed 30 second(s)

2023-02-13 12:07:08 - [MESSAGE][PASSED] - Object 'Object Repository/Shopify Store/btn_publish_theme' is clickable

2023-02-13 12:07:08 - [MESSAGE][PASSED] - Object: 'Object Repository/Shopify Store/btn_publish_theme' is clicked on

2023-02-13 12:07:08 - [MESSAGE][PASSED] - shopify.store.clickPublishTheme is PASSED

2023-02-13 12:07:08 - [TEST_STEP][PASSED] - shopify.store.confirmPublishTheme(): shopify.store.confirmPublishTheme is PASSED

2023-02-13 12:07:18 - [MESSAGE][PASSED] - Delayed 10 second(s)

2023-02-13 12:07:18 - [MESSAGE][PASSED] - Object: 'Object Repository/Shopify Store/btn_confirm_publish_theme' is clicked on

2023-02-13 12:07:18 - [MESSAGE][PASSED] - shopify.store.confirmPublishTheme is PASSED

2023-02-13 12:07:18 - [TEST_STEP][PASSED] - shopify.store_setting.changeStoreCurrency(currency, store_name): shopify.store_setting.changeStoreCurrency is PASSED

2023-02-13 12:07:28 - [MESSAGE][PASSED] - Delayed 10 second(s)

2023-02-13 12:07:32 - [MESSAGE][PASSED] - Navigate to 'http://huynh-ar-stag-2414.myshopify.com/admin/settings/general' successfully

2023-02-13 12:07:37 - [MESSAGE][PASSED] - All options with value 'USD' are selected in object 'Object Repository/Shopify Store/select_currency' 

2023-02-13 12:07:37 - [MESSAGE][PASSED] - shopify.store_setting.changeStoreCurrency is PASSED

2023-02-13 12:07:37 - [TEST_STEP][PASSED] - shopify.store_setting.saveStoreSetting(): shopify.store_setting.saveStoreSetting is PASSED

2023-02-13 12:07:38 - [MESSAGE][PASSED] - Object: 'Object Repository/Shopify Store/span_save_admin_setting' is clicked on

2023-02-13 12:07:38 - [MESSAGE][PASSED] - shopify.store_setting.saveStoreSetting is PASSED

2023-02-13 12:07:38 - [TEST_STEP][PASSED] - Start tear down : teardownIfPassed: Method 'teardownIfPassed' complete successfully

2023-02-13 12:07:38 - [TEST_STEP][PASSED] - data.excel.updateValueToSheet(file_data, "store", 4, store_name, 7, "Passed"): data.excel.updateValueToSheet is PASSED

2023-02-13 12:07:38 - [MESSAGE][PASSED] - data.excel.updateValueToSheet is PASSED

2023-02-13 12:07:38 - [MESSAGE][PASSED] - Method 'teardownIfPassed' complete successfully]]></system-out>
         <system-err><![CDATA[]]></system-err>
      </testcase>
      <testcase name="Test Cases/Shopify/CreateStore" time="230.897" classname="Test Cases/Shopify/CreateStore" status="PASSED">
         <system-out><![CDATA[2023-02-13 12:07:38 - [TEST_CASE][PASSED] - Test Cases/Shopify/CreateStore: Test Cases/Shopify/CreateStore

2023-02-13 12:07:38 - [TEST_STEP][PASSED] - Start listener action : skipStatus: null

2023-02-13 12:07:38 - [TEST_STEP][PASSED] - map = testCaseContext.getTestCaseVariables(): null

2023-02-13 12:07:38 - [TEST_STEP][PASSED] - testcae_status = map.get("testcase_status"): null

2023-02-13 12:07:38 - [TEST_STEP][PASSED] - println(testcae_status): null

2023-02-13 12:07:38 - [TEST_STEP][PASSED] - if (testcae_status == "Passed" || testcae_status == "Failed"): null

2023-02-13 12:07:38 - [TEST_STEP][PASSED] - log = new com.kms.katalon.core.util.KeywordUtil(): null

2023-02-13 12:07:38 - [TEST_STEP][PASSED] - openBrowser(""): Browser is opened with url: ''

2023-02-13 12:07:38 - [MESSAGE][WARNING] - A browser is already opened. Closing browser and opening a new one

2023-02-13 12:07:39 - [MESSAGE][INFO] - Starting 'Chrome' driver

2023-02-13 12:07:39 - [MESSAGE][INFO] - Action delay is set to 0 milliseconds

2023-02-13 12:07:40 - [MESSAGE][PASSED] - Browser is opened with url: ''

2023-02-13 12:07:40 - [TEST_STEP][PASSED] - maximizeWindow(): Current window maximized

2023-02-13 12:07:40 - [MESSAGE][PASSED] - Current window maximized

2023-02-13 12:07:40 - [TEST_STEP][PASSED] - st = new shopify.store(): null

2023-02-13 12:07:40 - [TEST_STEP][PASSED] - st.loginShopifyPartner(partner_email, partner_password, partner_id): Object: 'Object Repository/Shopify/btn_login' is clicked on

2023-02-13 12:07:44 - [MESSAGE][PASSED] - Navigate to 'https://partners.shopify.com/1662018/stores/new' successfully

2023-02-13 12:07:45 - [MESSAGE][PASSED] - Text 'huynh@firegroup.io' is set on object 'Object Repository/Shopify/input_email_shopify'

2023-02-13 12:07:48 - [MESSAGE][PASSED] - Object: 'Object Repository/Shopify/btn_continue_with_email' is clicked on

2023-02-13 12:07:50 - [MESSAGE][PASSED] - Text ****** has been set on object 'Object Repository/Shopify/input_password_shopify'

2023-02-13 12:08:02 - [MESSAGE][PASSED] - Object: 'Object Repository/Shopify/btn_login' is clicked on

2023-02-13 12:08:02 - [TEST_STEP][PASSED] - st.navigateToStoreDevelop(partner_id): Navigate to 'https://partners.shopify.com/1662018/stores/new?store_type=dev_preview_store&developer_preview_handle=checkout_extensibility' successfully

2023-02-13 12:08:03 - [MESSAGE][PASSED] - Navigate to 'https://partners.shopify.com/1662018/stores/new?store_type=dev_preview_store&developer_preview_handle=checkout_extensibility' successfully

2023-02-13 12:08:03 - [TEST_STEP][PASSED] - st.inputStoreName(store_name): Delayed 5 second(s)

2023-02-13 12:08:05 - [MESSAGE][PASSED] - Text 'huynh-ar-stag-2415' is set on object 'Object Repository/Shopify/input_store_name'

2023-02-13 12:08:10 - [MESSAGE][PASSED] - Delayed 5 second(s)

2023-02-13 12:08:10 - [TEST_STEP][PASSED] - shopify.store.clickCreateStore(): shopify.store.clickCreateStore is PASSED

2023-02-13 12:08:11 - [MESSAGE][PASSED] - Object: 'Object Repository/Shopify/btn_create_store' is clicked on

2023-02-13 12:08:31 - [MESSAGE][PASSED] - Delayed 20 second(s)

2023-02-13 12:08:31 - [MESSAGE][PASSED] - shopify.store.clickCreateStore is PASSED

2023-02-13 12:08:31 - [TEST_STEP][PASSED] - shopify.store.importProduct(product_file_local): shopify.store.importProduct is PASSED

2023-02-13 12:08:44 - [MESSAGE][PASSED] - Object: 'Object Repository/Shopify/span_product' is clicked on

2023-02-13 12:08:46 - [MESSAGE][PASSED] - Object: 'Object Repository/Shopify/span_import_product' is clicked on

2023-02-13 12:08:47 - [MESSAGE][PASSED] - File 'C:\Users\huynh\Documents\Socialhead\Automation\Katalon project\CreateStore\CreateStore\Data\products_export.csv' sent to object: 'Object Repository/Shopify/file_product'

2023-02-13 12:08:47 - [MESSAGE][PASSED] - Object: 'Object Repository/Shopify/span_upload_product_continue' is clicked on

2023-02-13 12:08:51 - [MESSAGE][PASSED] - Object: 'Object Repository/Shopify/btn_product_confirm_import' is clicked on

2023-02-13 12:09:21 - [MESSAGE][PASSED] - Delayed 30 second(s)

2023-02-13 12:09:21 - [MESSAGE][PASSED] - Refresh successfully

2023-02-13 12:09:36 - [MESSAGE][PASSED] - Delayed 15 second(s)

2023-02-13 12:09:36 - [MESSAGE][PASSED] - shopify.store.importProduct is PASSED

2023-02-13 12:09:36 - [TEST_STEP][PASSED] - shopify.store.clickOnMenuOnlineStore(): shopify.store.clickOnMenuOnlineStore is PASSED

2023-02-13 12:09:37 - [MESSAGE][PASSED] - Object: 'Object Repository/Shopify Store/a_onlie_store' is clicked on

2023-02-13 12:09:47 - [MESSAGE][PASSED] - Delayed 10 second(s)

2023-02-13 12:09:47 - [MESSAGE][PASSED] - shopify.store.clickOnMenuOnlineStore is PASSED

2023-02-13 12:09:47 - [TEST_STEP][PASSED] - shopify.store.clickOnImportTheme(): shopify.store.clickOnImportTheme is PASSED

2023-02-13 12:09:47 - [MESSAGE][PASSED] - Object: 'Object Repository/Shopify Store/btn_add_theme' is clicked on

2023-02-13 12:09:47 - [MESSAGE][PASSED] - shopify.store.clickOnImportTheme is PASSED

2023-02-13 12:09:47 - [TEST_STEP][PASSED] - shopify.store.uploadThemeFile(theme_file_local): shopify.store.uploadThemeFile is PASSED

2023-02-13 12:09:47 - [MESSAGE][PASSED] - Object: 'Object Repository/Shopify Store/btn_upload_zip_file' is clicked on

2023-02-13 12:09:48 - [MESSAGE][PASSED] - File 'C:\Users\huynh\Documents\Socialhead\Automation\Katalon project\CreateStore\CreateStore\Data\theme_export__www-healthmeasure-it-venture__06MAY2020-0610pm.zip' sent to object: 'Object Repository/Shopify Store/file_theme'

2023-02-13 12:09:48 - [MESSAGE][PASSED] - Object: 'Object Repository/Shopify Store/btn_upload_theme' is clicked on

2023-02-13 12:09:58 - [MESSAGE][PASSED] - Delayed 10 second(s)

2023-02-13 12:09:58 - [MESSAGE][PASSED] - shopify.store.uploadThemeFile is PASSED

2023-02-13 12:09:58 - [TEST_STEP][PASSED] - shopify.store.clickPublishTheme(): shopify.store.clickPublishTheme is PASSED

2023-02-13 12:10:28 - [MESSAGE][PASSED] - Delayed 30 second(s)

2023-02-13 12:10:29 - [MESSAGE][PASSED] - Refresh successfully

2023-02-13 12:10:59 - [MESSAGE][PASSED] - Delayed 30 second(s)

2023-02-13 12:10:59 - [MESSAGE][PASSED] - Object 'Object Repository/Shopify Store/btn_publish_theme' is clickable

2023-02-13 12:10:59 - [MESSAGE][PASSED] - Object: 'Object Repository/Shopify Store/btn_publish_theme' is clicked on

2023-02-13 12:10:59 - [MESSAGE][PASSED] - shopify.store.clickPublishTheme is PASSED

2023-02-13 12:10:59 - [TEST_STEP][PASSED] - shopify.store.confirmPublishTheme(): shopify.store.confirmPublishTheme is PASSED

2023-02-13 12:11:09 - [MESSAGE][PASSED] - Delayed 10 second(s)

2023-02-13 12:11:10 - [MESSAGE][PASSED] - Object: 'Object Repository/Shopify Store/btn_confirm_publish_theme' is clicked on

2023-02-13 12:11:10 - [MESSAGE][PASSED] - shopify.store.confirmPublishTheme is PASSED

2023-02-13 12:11:10 - [TEST_STEP][PASSED] - shopify.store_setting.changeStoreCurrency(currency, store_name): shopify.store_setting.changeStoreCurrency is PASSED

2023-02-13 12:11:20 - [MESSAGE][PASSED] - Delayed 10 second(s)

2023-02-13 12:11:23 - [MESSAGE][PASSED] - Navigate to 'http://huynh-ar-stag-2415.myshopify.com/admin/settings/general' successfully

2023-02-13 12:11:28 - [MESSAGE][PASSED] - All options with value 'USD' are selected in object 'Object Repository/Shopify Store/select_currency' 

2023-02-13 12:11:28 - [MESSAGE][PASSED] - shopify.store_setting.changeStoreCurrency is PASSED

2023-02-13 12:11:28 - [TEST_STEP][PASSED] - shopify.store_setting.saveStoreSetting(): shopify.store_setting.saveStoreSetting is PASSED

2023-02-13 12:11:29 - [MESSAGE][PASSED] - Object: 'Object Repository/Shopify Store/span_save_admin_setting' is clicked on

2023-02-13 12:11:29 - [MESSAGE][PASSED] - shopify.store_setting.saveStoreSetting is PASSED

2023-02-13 12:11:29 - [TEST_STEP][PASSED] - Start tear down : teardownIfPassed: Method 'teardownIfPassed' complete successfully

2023-02-13 12:11:29 - [TEST_STEP][PASSED] - data.excel.updateValueToSheet(file_data, "store", 4, store_name, 7, "Passed"): data.excel.updateValueToSheet is PASSED

2023-02-13 12:11:29 - [MESSAGE][PASSED] - data.excel.updateValueToSheet is PASSED

2023-02-13 12:11:29 - [MESSAGE][PASSED] - Method 'teardownIfPassed' complete successfully]]></system-out>
         <system-err><![CDATA[]]></system-err>
      </testcase>
      <testcase name="Test Cases/Shopify/CreateStore" time="232.972" classname="Test Cases/Shopify/CreateStore" status="PASSED">
         <system-out><![CDATA[2023-02-13 12:11:29 - [TEST_CASE][PASSED] - Test Cases/Shopify/CreateStore: Test Cases/Shopify/CreateStore

2023-02-13 12:11:29 - [TEST_STEP][PASSED] - Start listener action : skipStatus: null

2023-02-13 12:11:29 - [TEST_STEP][PASSED] - map = testCaseContext.getTestCaseVariables(): null

2023-02-13 12:11:29 - [TEST_STEP][PASSED] - testcae_status = map.get("testcase_status"): null

2023-02-13 12:11:29 - [TEST_STEP][PASSED] - println(testcae_status): null

2023-02-13 12:11:29 - [TEST_STEP][PASSED] - if (testcae_status == "Passed" || testcae_status == "Failed"): null

2023-02-13 12:11:29 - [TEST_STEP][PASSED] - log = new com.kms.katalon.core.util.KeywordUtil(): null

2023-02-13 12:11:29 - [TEST_STEP][PASSED] - openBrowser(""): Browser is opened with url: ''

2023-02-13 12:11:29 - [MESSAGE][WARNING] - A browser is already opened. Closing browser and opening a new one

2023-02-13 12:11:30 - [MESSAGE][INFO] - Starting 'Chrome' driver

2023-02-13 12:11:30 - [MESSAGE][INFO] - Action delay is set to 0 milliseconds

2023-02-13 12:11:31 - [MESSAGE][PASSED] - Browser is opened with url: ''

2023-02-13 12:11:31 - [TEST_STEP][PASSED] - maximizeWindow(): Current window maximized

2023-02-13 12:11:31 - [MESSAGE][PASSED] - Current window maximized

2023-02-13 12:11:31 - [TEST_STEP][PASSED] - st = new shopify.store(): null

2023-02-13 12:11:31 - [TEST_STEP][PASSED] - st.loginShopifyPartner(partner_email, partner_password, partner_id): Object: 'Object Repository/Shopify/btn_login' is clicked on

2023-02-13 12:11:34 - [MESSAGE][PASSED] - Navigate to 'https://partners.shopify.com/1662018/stores/new' successfully

2023-02-13 12:11:35 - [MESSAGE][PASSED] - Text 'huynh@firegroup.io' is set on object 'Object Repository/Shopify/input_email_shopify'

2023-02-13 12:11:38 - [MESSAGE][PASSED] - Object: 'Object Repository/Shopify/btn_continue_with_email' is clicked on

2023-02-13 12:11:40 - [MESSAGE][PASSED] - Text ****** has been set on object 'Object Repository/Shopify/input_password_shopify'

2023-02-13 12:11:46 - [MESSAGE][PASSED] - Object: 'Object Repository/Shopify/btn_login' is clicked on

2023-02-13 12:11:46 - [TEST_STEP][PASSED] - st.navigateToStoreDevelop(partner_id): Navigate to 'https://partners.shopify.com/1662018/stores/new?store_type=dev_preview_store&developer_preview_handle=checkout_extensibility' successfully

2023-02-13 12:11:48 - [MESSAGE][PASSED] - Navigate to 'https://partners.shopify.com/1662018/stores/new?store_type=dev_preview_store&developer_preview_handle=checkout_extensibility' successfully

2023-02-13 12:11:48 - [TEST_STEP][PASSED] - st.inputStoreName(store_name): Delayed 5 second(s)

2023-02-13 12:11:49 - [MESSAGE][PASSED] - Text 'huynh-ar-stag-2416' is set on object 'Object Repository/Shopify/input_store_name'

2023-02-13 12:11:54 - [MESSAGE][PASSED] - Delayed 5 second(s)

2023-02-13 12:11:54 - [TEST_STEP][PASSED] - shopify.store.clickCreateStore(): shopify.store.clickCreateStore is PASSED

2023-02-13 12:11:55 - [MESSAGE][PASSED] - Object: 'Object Repository/Shopify/btn_create_store' is clicked on

2023-02-13 12:12:15 - [MESSAGE][PASSED] - Delayed 20 second(s)

2023-02-13 12:12:15 - [MESSAGE][PASSED] - shopify.store.clickCreateStore is PASSED

2023-02-13 12:12:15 - [TEST_STEP][PASSED] - shopify.store.importProduct(product_file_local): shopify.store.importProduct is PASSED

2023-02-13 12:12:28 - [MESSAGE][PASSED] - Object: 'Object Repository/Shopify/span_product' is clicked on

2023-02-13 12:12:30 - [MESSAGE][PASSED] - Object: 'Object Repository/Shopify/span_import_product' is clicked on

2023-02-13 12:12:31 - [MESSAGE][PASSED] - File 'C:\Users\huynh\Documents\Socialhead\Automation\Katalon project\CreateStore\CreateStore\Data\products_export.csv' sent to object: 'Object Repository/Shopify/file_product'

2023-02-13 12:12:31 - [MESSAGE][PASSED] - Object: 'Object Repository/Shopify/span_upload_product_continue' is clicked on

2023-02-13 12:12:34 - [MESSAGE][PASSED] - Object: 'Object Repository/Shopify/btn_product_confirm_import' is clicked on

2023-02-13 12:13:04 - [MESSAGE][PASSED] - Delayed 30 second(s)

2023-02-13 12:13:05 - [MESSAGE][PASSED] - Refresh successfully

2023-02-13 12:13:20 - [MESSAGE][PASSED] - Delayed 15 second(s)

2023-02-13 12:13:20 - [MESSAGE][PASSED] - shopify.store.importProduct is PASSED

2023-02-13 12:13:20 - [TEST_STEP][PASSED] - shopify.store.clickOnMenuOnlineStore(): shopify.store.clickOnMenuOnlineStore is PASSED

2023-02-13 12:13:30 - [MESSAGE][PASSED] - Object: 'Object Repository/Shopify Store/a_onlie_store' is clicked on

2023-02-13 12:13:40 - [MESSAGE][PASSED] - Delayed 10 second(s)

2023-02-13 12:13:40 - [MESSAGE][PASSED] - shopify.store.clickOnMenuOnlineStore is PASSED

2023-02-13 12:13:40 - [TEST_STEP][PASSED] - shopify.store.clickOnImportTheme(): shopify.store.clickOnImportTheme is PASSED

2023-02-13 12:13:40 - [MESSAGE][PASSED] - Object: 'Object Repository/Shopify Store/btn_add_theme' is clicked on

2023-02-13 12:13:40 - [MESSAGE][PASSED] - shopify.store.clickOnImportTheme is PASSED

2023-02-13 12:13:40 - [TEST_STEP][PASSED] - shopify.store.uploadThemeFile(theme_file_local): shopify.store.uploadThemeFile is PASSED

2023-02-13 12:13:41 - [MESSAGE][PASSED] - Object: 'Object Repository/Shopify Store/btn_upload_zip_file' is clicked on

2023-02-13 12:13:41 - [MESSAGE][PASSED] - File 'C:\Users\huynh\Documents\Socialhead\Automation\Katalon project\CreateStore\CreateStore\Data\theme_export__www-hedonauta-com-motion__07MAY2020-0912am.zip' sent to object: 'Object Repository/Shopify Store/file_theme'

2023-02-13 12:13:41 - [MESSAGE][PASSED] - Object: 'Object Repository/Shopify Store/btn_upload_theme' is clicked on

2023-02-13 12:13:51 - [MESSAGE][PASSED] - Delayed 10 second(s)

2023-02-13 12:13:51 - [MESSAGE][PASSED] - shopify.store.uploadThemeFile is PASSED

2023-02-13 12:13:51 - [TEST_STEP][PASSED] - shopify.store.clickPublishTheme(): shopify.store.clickPublishTheme is PASSED

2023-02-13 12:14:21 - [MESSAGE][PASSED] - Delayed 30 second(s)

2023-02-13 12:14:22 - [MESSAGE][PASSED] - Refresh successfully

2023-02-13 12:14:52 - [MESSAGE][PASSED] - Delayed 30 second(s)

2023-02-13 12:14:53 - [MESSAGE][PASSED] - Object 'Object Repository/Shopify Store/btn_publish_theme' is clickable

2023-02-13 12:14:53 - [MESSAGE][PASSED] - Object: 'Object Repository/Shopify Store/btn_publish_theme' is clicked on

2023-02-13 12:14:53 - [MESSAGE][PASSED] - shopify.store.clickPublishTheme is PASSED

2023-02-13 12:14:53 - [TEST_STEP][PASSED] - shopify.store.confirmPublishTheme(): shopify.store.confirmPublishTheme is PASSED

2023-02-13 12:15:03 - [MESSAGE][PASSED] - Delayed 10 second(s)

2023-02-13 12:15:03 - [MESSAGE][PASSED] - Object: 'Object Repository/Shopify Store/btn_confirm_publish_theme' is clicked on

2023-02-13 12:15:03 - [MESSAGE][PASSED] - shopify.store.confirmPublishTheme is PASSED

2023-02-13 12:15:03 - [TEST_STEP][PASSED] - shopify.store_setting.changeStoreCurrency(currency, store_name): shopify.store_setting.changeStoreCurrency is PASSED

2023-02-13 12:15:13 - [MESSAGE][PASSED] - Delayed 10 second(s)

2023-02-13 12:15:17 - [MESSAGE][PASSED] - Navigate to 'http://huynh-ar-stag-2416.myshopify.com/admin/settings/general' successfully

2023-02-13 12:15:21 - [MESSAGE][PASSED] - All options with value 'USD' are selected in object 'Object Repository/Shopify Store/select_currency' 

2023-02-13 12:15:21 - [MESSAGE][PASSED] - shopify.store_setting.changeStoreCurrency is PASSED

2023-02-13 12:15:21 - [TEST_STEP][PASSED] - shopify.store_setting.saveStoreSetting(): shopify.store_setting.saveStoreSetting is PASSED

2023-02-13 12:15:22 - [MESSAGE][PASSED] - Object: 'Object Repository/Shopify Store/span_save_admin_setting' is clicked on

2023-02-13 12:15:22 - [MESSAGE][PASSED] - shopify.store_setting.saveStoreSetting is PASSED

2023-02-13 12:15:22 - [TEST_STEP][PASSED] - Start tear down : teardownIfPassed: Method 'teardownIfPassed' complete successfully

2023-02-13 12:15:22 - [TEST_STEP][PASSED] - data.excel.updateValueToSheet(file_data, "store", 4, store_name, 7, "Passed"): data.excel.updateValueToSheet is PASSED

2023-02-13 12:15:22 - [MESSAGE][PASSED] - data.excel.updateValueToSheet is PASSED

2023-02-13 12:15:22 - [MESSAGE][PASSED] - Method 'teardownIfPassed' complete successfully]]></system-out>
         <system-err><![CDATA[]]></system-err>
      </testcase>
      <testcase name="Test Cases/Shopify/CreateStore" time="125.45" classname="Test Cases/Shopify/CreateStore" status="FAILED">
         <failure type="FAILED" message="Test Cases/Shopify/CreateStore FAILED.
Reason:
com.kms.katalon.core.exception.StepFailedException: Unable to verify image 'Object Repository/Shopify Store/iframe_online_store' present
	at com.kms.katalon.core.webui.keyword.internal.WebUIKeywordMain.stepFailed(WebUIKeywordMain.groovy:64)
	at com.kms.katalon.core.webui.keyword.internal.WebUIKeywordMain.runKeyword(WebUIKeywordMain.groovy:26)
	at com.kms.katalon.core.webui.keyword.builtin.SwitchToFrameKeyword.switchToFrame(SwitchToFrameKeyword.groovy:84)
	at com.kms.katalon.core.webui.keyword.builtin.SwitchToFrameKeyword.execute(SwitchToFrameKeyword.groovy:68)
	at com.kms.katalon.core.keyword.internal.KeywordExecutor.executeKeywordForPlatform(KeywordExecutor.groovy:74)
	at com.kms.katalon.core.webui.keyword.WebUiBuiltInKeywords.switchToFrame(WebUiBuiltInKeywords.groovy:2899)
	at com.kms.katalon.core.webui.keyword.WebUiBuiltInKeywords$switchToFrame$8.call(Unknown Source)
	at shopify.store.clickOnImportTheme(store.groovy:68)
	at shopify.store.invokeMethod(store.groovy)
	at com.kms.katalon.core.main.CustomKeywordDelegatingMetaClass.invokeStaticMethod(CustomKeywordDelegatingMetaClass.java:55)
	at CreateStore.run(CreateStore:49)
	at com.kms.katalon.core.main.ScriptEngine.run(ScriptEngine.java:194)
	at com.kms.katalon.core.main.ScriptEngine.runScriptAsRawText(ScriptEngine.java:119)
	at com.kms.katalon.core.main.TestCaseExecutor.runScript(TestCaseExecutor.java:448)
	at com.kms.katalon.core.main.TestCaseExecutor.doExecute(TestCaseExecutor.java:439)
	at com.kms.katalon.core.main.TestCaseExecutor.processExecutionPhase(TestCaseExecutor.java:418)
	at com.kms.katalon.core.main.TestCaseExecutor.accessMainPhase(TestCaseExecutor.java:410)
	at com.kms.katalon.core.main.TestCaseExecutor.execute(TestCaseExecutor.java:285)
	at com.kms.katalon.core.common.CommonExecutor.accessTestCaseMainPhase(CommonExecutor.java:65)
	at com.kms.katalon.core.main.TestSuiteExecutor.accessTestSuiteMainPhase(TestSuiteExecutor.java:151)
	at com.kms.katalon.core.main.TestSuiteExecutor.execute(TestSuiteExecutor.java:106)
	at com.kms.katalon.core.main.TestCaseMain.startTestSuite(TestCaseMain.java:185)
	at com.kms.katalon.core.main.TestCaseMain$startTestSuite$0.call(Unknown Source)
	at TempTestSuite1676253455264.run(TempTestSuite1676253455264.groovy:36)
Caused by: com.kms.katalon.core.webui.exception.WebElementNotFoundException: Web element with id: 'Object Repository/Shopify Store/iframe_online_store' located by '//*[@class = 'rG8rl' and @title = 'Online Store']' not found
	at com.kms.katalon.core.webui.common.WebUiCommonHelper.findWebElement(WebUiCommonHelper.java:1370)
	at com.kms.katalon.core.webui.keyword.builtin.SwitchToFrameKeyword$_switchToFrame_closure1.doCall(SwitchToFrameKeyword.groovy:77)
	at com.kms.katalon.core.webui.keyword.builtin.SwitchToFrameKeyword$_switchToFrame_closure1.call(SwitchToFrameKeyword.groovy)
	at com.kms.katalon.core.webui.keyword.internal.WebUIKeywordMain.runKeyword(WebUIKeywordMain.groovy:20)
	... 22 more
"/>
         <system-out><![CDATA[2023-02-13 12:15:22 - [TEST_CASE][FAILED] - Test Cases/Shopify/CreateStore: Test Cases/Shopify/CreateStore FAILED.
Reason:
com.kms.katalon.core.exception.StepFailedException: Unable to verify image 'Object Repository/Shopify Store/iframe_online_store' present
	at com.kms.katalon.core.webui.keyword.internal.WebUIKeywordMain.stepFailed(WebUIKeywordMain.groovy:64)
	at com.kms.katalon.core.webui.keyword.internal.WebUIKeywordMain.runKeyword(WebUIKeywordMain.groovy:26)
	at com.kms.katalon.core.webui.keyword.builtin.SwitchToFrameKeyword.switchToFrame(SwitchToFrameKeyword.groovy:84)
	at com.kms.katalon.core.webui.keyword.builtin.SwitchToFrameKeyword.execute(SwitchToFrameKeyword.groovy:68)
	at com.kms.katalon.core.keyword.internal.KeywordExecutor.executeKeywordForPlatform(KeywordExecutor.groovy:74)
	at com.kms.katalon.core.webui.keyword.WebUiBuiltInKeywords.switchToFrame(WebUiBuiltInKeywords.groovy:2899)
	at com.kms.katalon.core.webui.keyword.WebUiBuiltInKeywords$switchToFrame$8.call(Unknown Source)
	at shopify.store.clickOnImportTheme(store.groovy:68)
	at shopify.store.invokeMethod(store.groovy)
	at com.kms.katalon.core.main.CustomKeywordDelegatingMetaClass.invokeStaticMethod(CustomKeywordDelegatingMetaClass.java:55)
	at CreateStore.run(CreateStore:49)
	at com.kms.katalon.core.main.ScriptEngine.run(ScriptEngine.java:194)
	at com.kms.katalon.core.main.ScriptEngine.runScriptAsRawText(ScriptEngine.java:119)
	at com.kms.katalon.core.main.TestCaseExecutor.runScript(TestCaseExecutor.java:448)
	at com.kms.katalon.core.main.TestCaseExecutor.doExecute(TestCaseExecutor.java:439)
	at com.kms.katalon.core.main.TestCaseExecutor.processExecutionPhase(TestCaseExecutor.java:418)
	at com.kms.katalon.core.main.TestCaseExecutor.accessMainPhase(TestCaseExecutor.java:410)
	at com.kms.katalon.core.main.TestCaseExecutor.execute(TestCaseExecutor.java:285)
	at com.kms.katalon.core.common.CommonExecutor.accessTestCaseMainPhase(CommonExecutor.java:65)
	at com.kms.katalon.core.main.TestSuiteExecutor.accessTestSuiteMainPhase(TestSuiteExecutor.java:151)
	at com.kms.katalon.core.main.TestSuiteExecutor.execute(TestSuiteExecutor.java:106)
	at com.kms.katalon.core.main.TestCaseMain.startTestSuite(TestCaseMain.java:185)
	at com.kms.katalon.core.main.TestCaseMain$startTestSuite$0.call(Unknown Source)
	at TempTestSuite1676253455264.run(TempTestSuite1676253455264.groovy:36)
Caused by: com.kms.katalon.core.webui.exception.WebElementNotFoundException: Web element with id: 'Object Repository/Shopify Store/iframe_online_store' located by '//*[@class = 'rG8rl' and @title = 'Online Store']' not found
	at com.kms.katalon.core.webui.common.WebUiCommonHelper.findWebElement(WebUiCommonHelper.java:1370)
	at com.kms.katalon.core.webui.keyword.builtin.SwitchToFrameKeyword$_switchToFrame_closure1.doCall(SwitchToFrameKeyword.groovy:77)
	at com.kms.katalon.core.webui.keyword.builtin.SwitchToFrameKeyword$_switchToFrame_closure1.call(SwitchToFrameKeyword.groovy)
	at com.kms.katalon.core.webui.keyword.internal.WebUIKeywordMain.runKeyword(WebUIKeywordMain.groovy:20)
	... 22 more


2023-02-13 12:15:22 - [TEST_STEP][PASSED] - Start listener action : skipStatus: null

2023-02-13 12:15:22 - [TEST_STEP][PASSED] - map = testCaseContext.getTestCaseVariables(): null

2023-02-13 12:15:22 - [TEST_STEP][PASSED] - testcae_status = map.get("testcase_status"): null

2023-02-13 12:15:22 - [TEST_STEP][PASSED] - println(testcae_status): null

2023-02-13 12:15:22 - [TEST_STEP][PASSED] - if (testcae_status == "Passed" || testcae_status == "Failed"): null

2023-02-13 12:15:22 - [TEST_STEP][PASSED] - log = new com.kms.katalon.core.util.KeywordUtil(): null

2023-02-13 12:15:22 - [TEST_STEP][PASSED] - openBrowser(""): Browser is opened with url: ''

2023-02-13 12:15:22 - [MESSAGE][WARNING] - A browser is already opened. Closing browser and opening a new one

2023-02-13 12:15:23 - [MESSAGE][INFO] - Starting 'Chrome' driver

2023-02-13 12:15:23 - [MESSAGE][INFO] - Action delay is set to 0 milliseconds

2023-02-13 12:15:24 - [MESSAGE][PASSED] - Browser is opened with url: ''

2023-02-13 12:15:24 - [TEST_STEP][PASSED] - maximizeWindow(): Current window maximized

2023-02-13 12:15:24 - [MESSAGE][PASSED] - Current window maximized

2023-02-13 12:15:24 - [TEST_STEP][PASSED] - st = new shopify.store(): null

2023-02-13 12:15:24 - [TEST_STEP][PASSED] - st.loginShopifyPartner(partner_email, partner_password, partner_id): Object: 'Object Repository/Shopify/btn_login' is clicked on

2023-02-13 12:15:28 - [MESSAGE][PASSED] - Navigate to 'https://partners.shopify.com/1662018/stores/new' successfully

2023-02-13 12:15:28 - [MESSAGE][PASSED] - Text 'huynh@firegroup.io' is set on object 'Object Repository/Shopify/input_email_shopify'

2023-02-13 12:15:31 - [MESSAGE][PASSED] - Object: 'Object Repository/Shopify/btn_continue_with_email' is clicked on

2023-02-13 12:15:33 - [MESSAGE][PASSED] - Text ****** has been set on object 'Object Repository/Shopify/input_password_shopify'

2023-02-13 12:15:38 - [MESSAGE][PASSED] - Object: 'Object Repository/Shopify/btn_login' is clicked on

2023-02-13 12:15:38 - [TEST_STEP][PASSED] - st.navigateToStoreDevelop(partner_id): Navigate to 'https://partners.shopify.com/1662018/stores/new?store_type=dev_preview_store&developer_preview_handle=checkout_extensibility' successfully

2023-02-13 12:15:39 - [MESSAGE][PASSED] - Navigate to 'https://partners.shopify.com/1662018/stores/new?store_type=dev_preview_store&developer_preview_handle=checkout_extensibility' successfully

2023-02-13 12:15:39 - [TEST_STEP][PASSED] - st.inputStoreName(store_name): Delayed 5 second(s)

2023-02-13 12:15:41 - [MESSAGE][PASSED] - Text 'huynh-ar-stag-2417' is set on object 'Object Repository/Shopify/input_store_name'

2023-02-13 12:15:46 - [MESSAGE][PASSED] - Delayed 5 second(s)

2023-02-13 12:15:46 - [TEST_STEP][PASSED] - shopify.store.clickCreateStore(): shopify.store.clickCreateStore is PASSED

2023-02-13 12:15:47 - [MESSAGE][PASSED] - Object: 'Object Repository/Shopify/btn_create_store' is clicked on

2023-02-13 12:16:07 - [MESSAGE][PASSED] - Delayed 20 second(s)

2023-02-13 12:16:07 - [MESSAGE][PASSED] - shopify.store.clickCreateStore is PASSED

2023-02-13 12:16:07 - [TEST_STEP][PASSED] - shopify.store.importProduct(product_file_local): shopify.store.importProduct is PASSED

2023-02-13 12:16:18 - [MESSAGE][PASSED] - Object: 'Object Repository/Shopify/span_product' is clicked on

2023-02-13 12:16:21 - [MESSAGE][PASSED] - Object: 'Object Repository/Shopify/span_import_product' is clicked on

2023-02-13 12:16:21 - [MESSAGE][PASSED] - File 'C:\Users\huynh\Documents\Socialhead\Automation\Katalon project\CreateStore\CreateStore\Data\products_export.csv' sent to object: 'Object Repository/Shopify/file_product'

2023-02-13 12:16:22 - [MESSAGE][PASSED] - Object: 'Object Repository/Shopify/span_upload_product_continue' is clicked on

2023-02-13 12:16:26 - [MESSAGE][PASSED] - Object: 'Object Repository/Shopify/btn_product_confirm_import' is clicked on

2023-02-13 12:16:56 - [MESSAGE][PASSED] - Delayed 30 second(s)

2023-02-13 12:16:56 - [MESSAGE][PASSED] - Refresh successfully

2023-02-13 12:17:11 - [MESSAGE][PASSED] - Delayed 15 second(s)

2023-02-13 12:17:11 - [MESSAGE][PASSED] - shopify.store.importProduct is PASSED

2023-02-13 12:17:11 - [TEST_STEP][PASSED] - shopify.store.clickOnMenuOnlineStore(): shopify.store.clickOnMenuOnlineStore is PASSED

2023-02-13 12:17:11 - [MESSAGE][PASSED] - Object: 'Object Repository/Shopify Store/a_onlie_store' is clicked on

2023-02-13 12:17:21 - [MESSAGE][PASSED] - Delayed 10 second(s)

2023-02-13 12:17:21 - [MESSAGE][PASSED] - shopify.store.clickOnMenuOnlineStore is PASSED

2023-02-13 12:17:21 - [TEST_STEP][FAILED] - shopify.store.clickOnImportTheme(): Unable to verify image 'Object Repository/Shopify Store/iframe_online_store' present

2023-02-13 12:17:27 - [MESSAGE][INFO] - Unable to find the element located by 'By.xpath: //*[@class = 'rG8rl' and @title = 'Online Store']'. Please recheck the objects properties to make sure the desired element is located. 

2023-02-13 12:17:27 - [MESSAGE][FAILED] - Unable to verify image 'Object Repository/Shopify Store/iframe_online_store' present (Root cause: com.kms.katalon.core.exception.StepFailedException: Unable to verify image 'Object Repository/Shopify Store/iframe_online_store' present
	at com.kms.katalon.core.webui.keyword.internal.WebUIKeywordMain.stepFailed(WebUIKeywordMain.groovy:64)
	at com.kms.katalon.core.webui.keyword.internal.WebUIKeywordMain.runKeyword(WebUIKeywordMain.groovy:26)
	at com.kms.katalon.core.webui.keyword.builtin.SwitchToFrameKeyword.switchToFrame(SwitchToFrameKeyword.groovy:84)
	at com.kms.katalon.core.webui.keyword.builtin.SwitchToFrameKeyword.execute(SwitchToFrameKeyword.groovy:68)
	at com.kms.katalon.core.keyword.internal.KeywordExecutor.executeKeywordForPlatform(KeywordExecutor.groovy:74)
	at com.kms.katalon.core.webui.keyword.WebUiBuiltInKeywords.switchToFrame(WebUiBuiltInKeywords.groovy:2899)
	at com.kms.katalon.core.webui.keyword.WebUiBuiltInKeywords$switchToFrame$8.call(Unknown Source)
	at shopify.store.clickOnImportTheme(store.groovy:68)
	at shopify.store.invokeMethod(store.groovy)
	at com.kms.katalon.core.main.CustomKeywordDelegatingMetaClass.invokeStaticMethod(CustomKeywordDelegatingMetaClass.java:55)
	at CreateStore.run(CreateStore:49)
	at com.kms.katalon.core.main.ScriptEngine.run(ScriptEngine.java:194)
	at com.kms.katalon.core.main.ScriptEngine.runScriptAsRawText(ScriptEngine.java:119)
	at com.kms.katalon.core.main.TestCaseExecutor.runScript(TestCaseExecutor.java:448)
	at com.kms.katalon.core.main.TestCaseExecutor.doExecute(TestCaseExecutor.java:439)
	at com.kms.katalon.core.main.TestCaseExecutor.processExecutionPhase(TestCaseExecutor.java:418)
	at com.kms.katalon.core.main.TestCaseExecutor.accessMainPhase(TestCaseExecutor.java:410)
	at com.kms.katalon.core.main.TestCaseExecutor.execute(TestCaseExecutor.java:285)
	at com.kms.katalon.core.common.CommonExecutor.accessTestCaseMainPhase(CommonExecutor.java:65)
	at com.kms.katalon.core.main.TestSuiteExecutor.accessTestSuiteMainPhase(TestSuiteExecutor.java:151)
	at com.kms.katalon.core.main.TestSuiteExecutor.execute(TestSuiteExecutor.java:106)
	at com.kms.katalon.core.main.TestCaseMain.startTestSuite(TestCaseMain.java:185)
	at com.kms.katalon.core.main.TestCaseMain$startTestSuite$0.call(Unknown Source)
	at TempTestSuite1676253455264.run(TempTestSuite1676253455264.groovy:36)
Caused by: com.kms.katalon.core.webui.exception.WebElementNotFoundException: Web element with id: 'Object Repository/Shopify Store/iframe_online_store' located by '//*[@class = 'rG8rl' and @title = 'Online Store']' not found
	at com.kms.katalon.core.webui.common.WebUiCommonHelper.findWebElement(WebUiCommonHelper.java:1370)
	at com.kms.katalon.core.webui.keyword.builtin.SwitchToFrameKeyword$_switchToFrame_closure1.doCall(SwitchToFrameKeyword.groovy:77)
	at com.kms.katalon.core.webui.keyword.builtin.SwitchToFrameKeyword$_switchToFrame_closure1.call(SwitchToFrameKeyword.groovy)
	at com.kms.katalon.core.webui.keyword.internal.WebUIKeywordMain.runKeyword(WebUIKeywordMain.groovy:20)
	at com.kms.katalon.core.webui.keyword.builtin.SwitchToFrameKeyword.switchToFrame(SwitchToFrameKeyword.groovy:84)
	at com.kms.katalon.core.webui.keyword.builtin.SwitchToFrameKeyword.execute(SwitchToFrameKeyword.groovy:68)
	at com.kms.katalon.core.keyword.internal.KeywordExecutor.executeKeywordForPlatform(KeywordExecutor.groovy:74)
	at com.kms.katalon.core.webui.keyword.WebUiBuiltInKeywords.switchToFrame(WebUiBuiltInKeywords.groovy:2899)
	at com.kms.katalon.core.webui.keyword.WebUiBuiltInKeywords$switchToFrame$8.call(Unknown Source)
	at shopify.store.clickOnImportTheme(store.groovy:68)
	at shopify.store.invokeMethod(store.groovy)
	at com.kms.katalon.core.main.CustomKeywordDelegatingMetaClass.invokeStaticMethod(CustomKeywordDelegatingMetaClass.java:55)
	at Script1673851860327.run(Script1673851860327.groovy:49)
	... 13 more
)
[[ATTACHMENT|C:\\Users\\huynh\\Documents\\Socialhead\\Automation\\Katalon project\\CreateStore\\CreateStore\\Reports\\20230213_085735\\Store\\Create Store\\20230213_085735\\1676265447671.png]]

2023-02-13 12:17:27 - [MESSAGE][FAILED] - Unable to verify image 'Object Repository/Shopify Store/iframe_online_store' present

2023-02-13 12:17:27 - [TEST_STEP][PASSED] - Start tear down : teardownIfFailed: Method 'teardownIfFailed' complete successfully

2023-02-13 12:17:27 - [TEST_STEP][PASSED] - data.excel.updateValueToSheet(file_data, "store", 4, store_name, 7, "Failed"): data.excel.updateValueToSheet is PASSED

2023-02-13 12:17:27 - [MESSAGE][PASSED] - data.excel.updateValueToSheet is PASSED

2023-02-13 12:17:27 - [MESSAGE][PASSED] - Method 'teardownIfFailed' complete successfully]]></system-out>
         <system-err><![CDATA[2023-02-13 12:15:22 - [TEST_CASE][FAILED] - Test Cases/Shopify/CreateStore: Test Cases/Shopify/CreateStore FAILED.
Reason:
com.kms.katalon.core.exception.StepFailedException: Unable to verify image 'Object Repository/Shopify Store/iframe_online_store' present
	at com.kms.katalon.core.webui.keyword.internal.WebUIKeywordMain.stepFailed(WebUIKeywordMain.groovy:64)
	at com.kms.katalon.core.webui.keyword.internal.WebUIKeywordMain.runKeyword(WebUIKeywordMain.groovy:26)
	at com.kms.katalon.core.webui.keyword.builtin.SwitchToFrameKeyword.switchToFrame(SwitchToFrameKeyword.groovy:84)
	at com.kms.katalon.core.webui.keyword.builtin.SwitchToFrameKeyword.execute(SwitchToFrameKeyword.groovy:68)
	at com.kms.katalon.core.keyword.internal.KeywordExecutor.executeKeywordForPlatform(KeywordExecutor.groovy:74)
	at com.kms.katalon.core.webui.keyword.WebUiBuiltInKeywords.switchToFrame(WebUiBuiltInKeywords.groovy:2899)
	at com.kms.katalon.core.webui.keyword.WebUiBuiltInKeywords$switchToFrame$8.call(Unknown Source)
	at shopify.store.clickOnImportTheme(store.groovy:68)
	at shopify.store.invokeMethod(store.groovy)
	at com.kms.katalon.core.main.CustomKeywordDelegatingMetaClass.invokeStaticMethod(CustomKeywordDelegatingMetaClass.java:55)
	at CreateStore.run(CreateStore:49)
	at com.kms.katalon.core.main.ScriptEngine.run(ScriptEngine.java:194)
	at com.kms.katalon.core.main.ScriptEngine.runScriptAsRawText(ScriptEngine.java:119)
	at com.kms.katalon.core.main.TestCaseExecutor.runScript(TestCaseExecutor.java:448)
	at com.kms.katalon.core.main.TestCaseExecutor.doExecute(TestCaseExecutor.java:439)
	at com.kms.katalon.core.main.TestCaseExecutor.processExecutionPhase(TestCaseExecutor.java:418)
	at com.kms.katalon.core.main.TestCaseExecutor.accessMainPhase(TestCaseExecutor.java:410)
	at com.kms.katalon.core.main.TestCaseExecutor.execute(TestCaseExecutor.java:285)
	at com.kms.katalon.core.common.CommonExecutor.accessTestCaseMainPhase(CommonExecutor.java:65)
	at com.kms.katalon.core.main.TestSuiteExecutor.accessTestSuiteMainPhase(TestSuiteExecutor.java:151)
	at com.kms.katalon.core.main.TestSuiteExecutor.execute(TestSuiteExecutor.java:106)
	at com.kms.katalon.core.main.TestCaseMain.startTestSuite(TestCaseMain.java:185)
	at com.kms.katalon.core.main.TestCaseMain$startTestSuite$0.call(Unknown Source)
	at TempTestSuite1676253455264.run(TempTestSuite1676253455264.groovy:36)
Caused by: com.kms.katalon.core.webui.exception.WebElementNotFoundException: Web element with id: 'Object Repository/Shopify Store/iframe_online_store' located by '//*[@class = 'rG8rl' and @title = 'Online Store']' not found
	at com.kms.katalon.core.webui.common.WebUiCommonHelper.findWebElement(WebUiCommonHelper.java:1370)
	at com.kms.katalon.core.webui.keyword.builtin.SwitchToFrameKeyword$_switchToFrame_closure1.doCall(SwitchToFrameKeyword.groovy:77)
	at com.kms.katalon.core.webui.keyword.builtin.SwitchToFrameKeyword$_switchToFrame_closure1.call(SwitchToFrameKeyword.groovy)
	at com.kms.katalon.core.webui.keyword.internal.WebUIKeywordMain.runKeyword(WebUIKeywordMain.groovy:20)
	... 22 more]]></system-err>
      </testcase>
      <testcase name="Test Cases/Shopify/CreateStore" time="223.482" classname="Test Cases/Shopify/CreateStore" status="PASSED">
         <system-out><![CDATA[2023-02-13 12:17:27 - [TEST_CASE][PASSED] - Test Cases/Shopify/CreateStore: Test Cases/Shopify/CreateStore

2023-02-13 12:17:27 - [TEST_STEP][PASSED] - Start listener action : skipStatus: null

2023-02-13 12:17:27 - [TEST_STEP][PASSED] - map = testCaseContext.getTestCaseVariables(): null

2023-02-13 12:17:27 - [TEST_STEP][PASSED] - testcae_status = map.get("testcase_status"): null

2023-02-13 12:17:27 - [TEST_STEP][PASSED] - println(testcae_status): null

2023-02-13 12:17:27 - [TEST_STEP][PASSED] - if (testcae_status == "Passed" || testcae_status == "Failed"): null

2023-02-13 12:17:27 - [TEST_STEP][PASSED] - log = new com.kms.katalon.core.util.KeywordUtil(): null

2023-02-13 12:17:27 - [TEST_STEP][PASSED] - openBrowser(""): Browser is opened with url: ''

2023-02-13 12:17:27 - [MESSAGE][WARNING] - A browser is already opened. Closing browser and opening a new one

2023-02-13 12:17:28 - [MESSAGE][INFO] - Starting 'Chrome' driver

2023-02-13 12:17:28 - [MESSAGE][INFO] - Action delay is set to 0 milliseconds

2023-02-13 12:17:29 - [MESSAGE][PASSED] - Browser is opened with url: ''

2023-02-13 12:17:29 - [TEST_STEP][PASSED] - maximizeWindow(): Current window maximized

2023-02-13 12:17:29 - [MESSAGE][PASSED] - Current window maximized

2023-02-13 12:17:29 - [TEST_STEP][PASSED] - st = new shopify.store(): null

2023-02-13 12:17:29 - [TEST_STEP][PASSED] - st.loginShopifyPartner(partner_email, partner_password, partner_id): Object: 'Object Repository/Shopify/btn_login' is clicked on

2023-02-13 12:17:33 - [MESSAGE][PASSED] - Navigate to 'https://partners.shopify.com/1662018/stores/new' successfully

2023-02-13 12:17:34 - [MESSAGE][PASSED] - Text 'huynh@firegroup.io' is set on object 'Object Repository/Shopify/input_email_shopify'

2023-02-13 12:17:37 - [MESSAGE][PASSED] - Object: 'Object Repository/Shopify/btn_continue_with_email' is clicked on

2023-02-13 12:17:39 - [MESSAGE][PASSED] - Text ****** has been set on object 'Object Repository/Shopify/input_password_shopify'

2023-02-13 12:17:45 - [MESSAGE][PASSED] - Object: 'Object Repository/Shopify/btn_login' is clicked on

2023-02-13 12:17:45 - [TEST_STEP][PASSED] - st.navigateToStoreDevelop(partner_id): Navigate to 'https://partners.shopify.com/1662018/stores/new?store_type=dev_preview_store&developer_preview_handle=checkout_extensibility' successfully

2023-02-13 12:17:46 - [MESSAGE][PASSED] - Navigate to 'https://partners.shopify.com/1662018/stores/new?store_type=dev_preview_store&developer_preview_handle=checkout_extensibility' successfully

2023-02-13 12:17:46 - [TEST_STEP][PASSED] - st.inputStoreName(store_name): Delayed 5 second(s)

2023-02-13 12:17:48 - [MESSAGE][PASSED] - Text 'huynh-ar-stag-2418' is set on object 'Object Repository/Shopify/input_store_name'

2023-02-13 12:17:53 - [MESSAGE][PASSED] - Delayed 5 second(s)

2023-02-13 12:17:53 - [TEST_STEP][PASSED] - shopify.store.clickCreateStore(): shopify.store.clickCreateStore is PASSED

2023-02-13 12:17:53 - [MESSAGE][PASSED] - Object: 'Object Repository/Shopify/btn_create_store' is clicked on

2023-02-13 12:18:13 - [MESSAGE][PASSED] - Delayed 20 second(s)

2023-02-13 12:18:13 - [MESSAGE][PASSED] - shopify.store.clickCreateStore is PASSED

2023-02-13 12:18:13 - [TEST_STEP][PASSED] - shopify.store.importProduct(product_file_local): shopify.store.importProduct is PASSED

2023-02-13 12:18:26 - [MESSAGE][PASSED] - Object: 'Object Repository/Shopify/span_product' is clicked on

2023-02-13 12:18:28 - [MESSAGE][PASSED] - Object: 'Object Repository/Shopify/span_import_product' is clicked on

2023-02-13 12:18:28 - [MESSAGE][PASSED] - File 'C:\Users\huynh\Documents\Socialhead\Automation\Katalon project\CreateStore\CreateStore\Data\products_export.csv' sent to object: 'Object Repository/Shopify/file_product'

2023-02-13 12:18:29 - [MESSAGE][PASSED] - Object: 'Object Repository/Shopify/span_upload_product_continue' is clicked on

2023-02-13 12:18:32 - [MESSAGE][PASSED] - Object: 'Object Repository/Shopify/btn_product_confirm_import' is clicked on

2023-02-13 12:19:02 - [MESSAGE][PASSED] - Delayed 30 second(s)

2023-02-13 12:19:03 - [MESSAGE][PASSED] - Refresh successfully

2023-02-13 12:19:18 - [MESSAGE][PASSED] - Delayed 15 second(s)

2023-02-13 12:19:18 - [MESSAGE][PASSED] - shopify.store.importProduct is PASSED

2023-02-13 12:19:18 - [TEST_STEP][PASSED] - shopify.store.clickOnMenuOnlineStore(): shopify.store.clickOnMenuOnlineStore is PASSED

2023-02-13 12:19:18 - [MESSAGE][PASSED] - Object: 'Object Repository/Shopify Store/a_onlie_store' is clicked on

2023-02-13 12:19:28 - [MESSAGE][PASSED] - Delayed 10 second(s)

2023-02-13 12:19:28 - [MESSAGE][PASSED] - shopify.store.clickOnMenuOnlineStore is PASSED

2023-02-13 12:19:28 - [TEST_STEP][PASSED] - shopify.store.clickOnImportTheme(): shopify.store.clickOnImportTheme is PASSED

2023-02-13 12:19:29 - [MESSAGE][PASSED] - Object: 'Object Repository/Shopify Store/btn_add_theme' is clicked on

2023-02-13 12:19:29 - [MESSAGE][PASSED] - shopify.store.clickOnImportTheme is PASSED

2023-02-13 12:19:29 - [TEST_STEP][PASSED] - shopify.store.uploadThemeFile(theme_file_local): shopify.store.uploadThemeFile is PASSED

2023-02-13 12:19:29 - [MESSAGE][PASSED] - Object: 'Object Repository/Shopify Store/btn_upload_zip_file' is clicked on

2023-02-13 12:19:30 - [MESSAGE][PASSED] - File 'C:\Users\huynh\Documents\Socialhead\Automation\Katalon project\CreateStore\CreateStore\Data\theme_export__www-jeansskills-de-impulse__02OCT2020-0850am.zip' sent to object: 'Object Repository/Shopify Store/file_theme'

2023-02-13 12:19:30 - [MESSAGE][PASSED] - Object: 'Object Repository/Shopify Store/btn_upload_theme' is clicked on

2023-02-13 12:19:40 - [MESSAGE][PASSED] - Delayed 10 second(s)

2023-02-13 12:19:40 - [MESSAGE][PASSED] - shopify.store.uploadThemeFile is PASSED

2023-02-13 12:19:40 - [TEST_STEP][PASSED] - shopify.store.clickPublishTheme(): shopify.store.clickPublishTheme is PASSED

2023-02-13 12:20:10 - [MESSAGE][PASSED] - Delayed 30 second(s)

2023-02-13 12:20:10 - [MESSAGE][PASSED] - Refresh successfully

2023-02-13 12:20:40 - [MESSAGE][PASSED] - Delayed 30 second(s)

2023-02-13 12:20:41 - [MESSAGE][PASSED] - Object 'Object Repository/Shopify Store/btn_publish_theme' is clickable

2023-02-13 12:20:41 - [MESSAGE][PASSED] - Object: 'Object Repository/Shopify Store/btn_publish_theme' is clicked on

2023-02-13 12:20:41 - [MESSAGE][PASSED] - shopify.store.clickPublishTheme is PASSED

2023-02-13 12:20:41 - [TEST_STEP][PASSED] - shopify.store.confirmPublishTheme(): shopify.store.confirmPublishTheme is PASSED

2023-02-13 12:20:51 - [MESSAGE][PASSED] - Delayed 10 second(s)

2023-02-13 12:20:51 - [MESSAGE][PASSED] - Object: 'Object Repository/Shopify Store/btn_confirm_publish_theme' is clicked on

2023-02-13 12:20:51 - [MESSAGE][PASSED] - shopify.store.confirmPublishTheme is PASSED

2023-02-13 12:20:51 - [TEST_STEP][PASSED] - shopify.store_setting.changeStoreCurrency(currency, store_name): shopify.store_setting.changeStoreCurrency is PASSED

2023-02-13 12:21:01 - [MESSAGE][PASSED] - Delayed 10 second(s)

2023-02-13 12:21:05 - [MESSAGE][PASSED] - Navigate to 'http://huynh-ar-stag-2418.myshopify.com/admin/settings/general' successfully

2023-02-13 12:21:10 - [MESSAGE][PASSED] - All options with value 'USD' are selected in object 'Object Repository/Shopify Store/select_currency' 

2023-02-13 12:21:10 - [MESSAGE][PASSED] - shopify.store_setting.changeStoreCurrency is PASSED

2023-02-13 12:21:10 - [TEST_STEP][PASSED] - shopify.store_setting.saveStoreSetting(): shopify.store_setting.saveStoreSetting is PASSED

2023-02-13 12:21:11 - [MESSAGE][PASSED] - Object: 'Object Repository/Shopify Store/span_save_admin_setting' is clicked on

2023-02-13 12:21:11 - [MESSAGE][PASSED] - shopify.store_setting.saveStoreSetting is PASSED

2023-02-13 12:21:11 - [TEST_STEP][PASSED] - Start tear down : teardownIfPassed: Method 'teardownIfPassed' complete successfully

2023-02-13 12:21:11 - [TEST_STEP][PASSED] - data.excel.updateValueToSheet(file_data, "store", 4, store_name, 7, "Passed"): data.excel.updateValueToSheet is PASSED

2023-02-13 12:21:11 - [MESSAGE][PASSED] - data.excel.updateValueToSheet is PASSED

2023-02-13 12:21:11 - [MESSAGE][PASSED] - Method 'teardownIfPassed' complete successfully]]></system-out>
         <system-err><![CDATA[]]></system-err>
      </testcase>
      <testcase name="Test Cases/Shopify/CreateStore" time="229.439" classname="Test Cases/Shopify/CreateStore" status="PASSED">
         <system-out><![CDATA[2023-02-13 12:21:11 - [TEST_CASE][PASSED] - Test Cases/Shopify/CreateStore: Test Cases/Shopify/CreateStore

2023-02-13 12:21:11 - [TEST_STEP][PASSED] - Start listener action : skipStatus: null

2023-02-13 12:21:11 - [TEST_STEP][PASSED] - map = testCaseContext.getTestCaseVariables(): null

2023-02-13 12:21:11 - [TEST_STEP][PASSED] - testcae_status = map.get("testcase_status"): null

2023-02-13 12:21:11 - [TEST_STEP][PASSED] - println(testcae_status): null

2023-02-13 12:21:11 - [TEST_STEP][PASSED] - if (testcae_status == "Passed" || testcae_status == "Failed"): null

2023-02-13 12:21:11 - [TEST_STEP][PASSED] - log = new com.kms.katalon.core.util.KeywordUtil(): null

2023-02-13 12:21:11 - [TEST_STEP][PASSED] - openBrowser(""): Browser is opened with url: ''

2023-02-13 12:21:11 - [MESSAGE][WARNING] - A browser is already opened. Closing browser and opening a new one

2023-02-13 12:21:12 - [MESSAGE][INFO] - Starting 'Chrome' driver

2023-02-13 12:21:12 - [MESSAGE][INFO] - Action delay is set to 0 milliseconds

2023-02-13 12:21:13 - [MESSAGE][PASSED] - Browser is opened with url: ''

2023-02-13 12:21:13 - [TEST_STEP][PASSED] - maximizeWindow(): Current window maximized

2023-02-13 12:21:13 - [MESSAGE][PASSED] - Current window maximized

2023-02-13 12:21:13 - [TEST_STEP][PASSED] - st = new shopify.store(): null

2023-02-13 12:21:13 - [TEST_STEP][PASSED] - st.loginShopifyPartner(partner_email, partner_password, partner_id): Object: 'Object Repository/Shopify/btn_login' is clicked on

2023-02-13 12:21:16 - [MESSAGE][PASSED] - Navigate to 'https://partners.shopify.com/1662018/stores/new' successfully

2023-02-13 12:21:17 - [MESSAGE][PASSED] - Text 'huynh@firegroup.io' is set on object 'Object Repository/Shopify/input_email_shopify'

2023-02-13 12:21:20 - [MESSAGE][PASSED] - Object: 'Object Repository/Shopify/btn_continue_with_email' is clicked on

2023-02-13 12:21:22 - [MESSAGE][PASSED] - Text ****** has been set on object 'Object Repository/Shopify/input_password_shopify'

2023-02-13 12:21:28 - [MESSAGE][PASSED] - Object: 'Object Repository/Shopify/btn_login' is clicked on

2023-02-13 12:21:28 - [TEST_STEP][PASSED] - st.navigateToStoreDevelop(partner_id): Navigate to 'https://partners.shopify.com/1662018/stores/new?store_type=dev_preview_store&developer_preview_handle=checkout_extensibility' successfully

2023-02-13 12:21:30 - [MESSAGE][PASSED] - Navigate to 'https://partners.shopify.com/1662018/stores/new?store_type=dev_preview_store&developer_preview_handle=checkout_extensibility' successfully

2023-02-13 12:21:30 - [TEST_STEP][PASSED] - st.inputStoreName(store_name): Delayed 5 second(s)

2023-02-13 12:21:32 - [MESSAGE][PASSED] - Text 'huynh-ar-stag-2419' is set on object 'Object Repository/Shopify/input_store_name'

2023-02-13 12:21:37 - [MESSAGE][PASSED] - Delayed 5 second(s)

2023-02-13 12:21:37 - [TEST_STEP][PASSED] - shopify.store.clickCreateStore(): shopify.store.clickCreateStore is PASSED

2023-02-13 12:21:37 - [MESSAGE][PASSED] - Object: 'Object Repository/Shopify/btn_create_store' is clicked on

2023-02-13 12:21:57 - [MESSAGE][PASSED] - Delayed 20 second(s)

2023-02-13 12:21:57 - [MESSAGE][PASSED] - shopify.store.clickCreateStore is PASSED

2023-02-13 12:21:57 - [TEST_STEP][PASSED] - shopify.store.importProduct(product_file_local): shopify.store.importProduct is PASSED

2023-02-13 12:22:12 - [MESSAGE][PASSED] - Object: 'Object Repository/Shopify/span_product' is clicked on

2023-02-13 12:22:14 - [MESSAGE][PASSED] - Object: 'Object Repository/Shopify/span_import_product' is clicked on

2023-02-13 12:22:14 - [MESSAGE][PASSED] - File 'C:\Users\huynh\Documents\Socialhead\Automation\Katalon project\CreateStore\CreateStore\Data\products_export.csv' sent to object: 'Object Repository/Shopify/file_product'

2023-02-13 12:22:15 - [MESSAGE][PASSED] - Object: 'Object Repository/Shopify/span_upload_product_continue' is clicked on

2023-02-13 12:22:18 - [MESSAGE][PASSED] - Object: 'Object Repository/Shopify/btn_product_confirm_import' is clicked on

2023-02-13 12:22:48 - [MESSAGE][PASSED] - Delayed 30 second(s)

2023-02-13 12:22:49 - [MESSAGE][PASSED] - Refresh successfully

2023-02-13 12:23:04 - [MESSAGE][PASSED] - Delayed 15 second(s)

2023-02-13 12:23:04 - [MESSAGE][PASSED] - shopify.store.importProduct is PASSED

2023-02-13 12:23:04 - [TEST_STEP][PASSED] - shopify.store.clickOnMenuOnlineStore(): shopify.store.clickOnMenuOnlineStore is PASSED

2023-02-13 12:23:04 - [MESSAGE][PASSED] - Object: 'Object Repository/Shopify Store/a_onlie_store' is clicked on

2023-02-13 12:23:14 - [MESSAGE][PASSED] - Delayed 10 second(s)

2023-02-13 12:23:14 - [MESSAGE][PASSED] - shopify.store.clickOnMenuOnlineStore is PASSED

2023-02-13 12:23:14 - [TEST_STEP][PASSED] - shopify.store.clickOnImportTheme(): shopify.store.clickOnImportTheme is PASSED

2023-02-13 12:23:14 - [MESSAGE][PASSED] - Object: 'Object Repository/Shopify Store/btn_add_theme' is clicked on

2023-02-13 12:23:14 - [MESSAGE][PASSED] - shopify.store.clickOnImportTheme is PASSED

2023-02-13 12:23:14 - [TEST_STEP][PASSED] - shopify.store.uploadThemeFile(theme_file_local): shopify.store.uploadThemeFile is PASSED

2023-02-13 12:23:15 - [MESSAGE][PASSED] - Object: 'Object Repository/Shopify Store/btn_upload_zip_file' is clicked on

2023-02-13 12:23:15 - [MESSAGE][PASSED] - File 'C:\Users\huynh\Documents\Socialhead\Automation\Katalon project\CreateStore\CreateStore\Data\theme_export__www-kigrumi-com-theme477-opt__01APR2021-0410pm.zip' sent to object: 'Object Repository/Shopify Store/file_theme'

2023-02-13 12:23:15 - [MESSAGE][PASSED] - Object: 'Object Repository/Shopify Store/btn_upload_theme' is clicked on

2023-02-13 12:23:25 - [MESSAGE][PASSED] - Delayed 10 second(s)

2023-02-13 12:23:25 - [MESSAGE][PASSED] - shopify.store.uploadThemeFile is PASSED

2023-02-13 12:23:25 - [TEST_STEP][PASSED] - shopify.store.clickPublishTheme(): shopify.store.clickPublishTheme is PASSED

2023-02-13 12:23:55 - [MESSAGE][PASSED] - Delayed 30 second(s)

2023-02-13 12:23:57 - [MESSAGE][PASSED] - Refresh successfully

2023-02-13 12:24:27 - [MESSAGE][PASSED] - Delayed 30 second(s)

2023-02-13 12:24:27 - [MESSAGE][PASSED] - Object 'Object Repository/Shopify Store/btn_publish_theme' is clickable

2023-02-13 12:24:27 - [MESSAGE][PASSED] - Object: 'Object Repository/Shopify Store/btn_publish_theme' is clicked on

2023-02-13 12:24:27 - [MESSAGE][PASSED] - shopify.store.clickPublishTheme is PASSED

2023-02-13 12:24:27 - [TEST_STEP][PASSED] - shopify.store.confirmPublishTheme(): shopify.store.confirmPublishTheme is PASSED

2023-02-13 12:24:38 - [MESSAGE][PASSED] - Delayed 10 second(s)

2023-02-13 12:24:38 - [MESSAGE][PASSED] - Object: 'Object Repository/Shopify Store/btn_confirm_publish_theme' is clicked on

2023-02-13 12:24:38 - [MESSAGE][PASSED] - shopify.store.confirmPublishTheme is PASSED

2023-02-13 12:24:38 - [TEST_STEP][PASSED] - shopify.store_setting.changeStoreCurrency(currency, store_name): shopify.store_setting.changeStoreCurrency is PASSED

2023-02-13 12:24:48 - [MESSAGE][PASSED] - Delayed 10 second(s)

2023-02-13 12:24:52 - [MESSAGE][PASSED] - Navigate to 'http://huynh-ar-stag-2419.myshopify.com/admin/settings/general' successfully

2023-02-13 12:25:00 - [MESSAGE][PASSED] - All options with value 'USD' are selected in object 'Object Repository/Shopify Store/select_currency' 

2023-02-13 12:25:00 - [MESSAGE][PASSED] - shopify.store_setting.changeStoreCurrency is PASSED

2023-02-13 12:25:00 - [TEST_STEP][PASSED] - shopify.store_setting.saveStoreSetting(): shopify.store_setting.saveStoreSetting is PASSED

2023-02-13 12:25:00 - [MESSAGE][PASSED] - Object: 'Object Repository/Shopify Store/span_save_admin_setting' is clicked on

2023-02-13 12:25:00 - [MESSAGE][PASSED] - shopify.store_setting.saveStoreSetting is PASSED

2023-02-13 12:25:00 - [TEST_STEP][PASSED] - Start tear down : teardownIfPassed: Method 'teardownIfPassed' complete successfully

2023-02-13 12:25:00 - [TEST_STEP][PASSED] - data.excel.updateValueToSheet(file_data, "store", 4, store_name, 7, "Passed"): data.excel.updateValueToSheet is PASSED

2023-02-13 12:25:00 - [MESSAGE][PASSED] - data.excel.updateValueToSheet is PASSED

2023-02-13 12:25:00 - [MESSAGE][PASSED] - Method 'teardownIfPassed' complete successfully]]></system-out>
         <system-err><![CDATA[]]></system-err>
      </testcase>
      <testcase name="Test Cases/Shopify/CreateStore" time="241.742" classname="Test Cases/Shopify/CreateStore" status="PASSED">
         <system-out><![CDATA[2023-02-13 12:25:00 - [TEST_CASE][PASSED] - Test Cases/Shopify/CreateStore: Test Cases/Shopify/CreateStore

2023-02-13 12:25:00 - [TEST_STEP][PASSED] - Start listener action : skipStatus: null

2023-02-13 12:25:00 - [TEST_STEP][PASSED] - map = testCaseContext.getTestCaseVariables(): null

2023-02-13 12:25:00 - [TEST_STEP][PASSED] - testcae_status = map.get("testcase_status"): null

2023-02-13 12:25:00 - [TEST_STEP][PASSED] - println(testcae_status): null

2023-02-13 12:25:00 - [TEST_STEP][PASSED] - if (testcae_status == "Passed" || testcae_status == "Failed"): null

2023-02-13 12:25:00 - [TEST_STEP][PASSED] - log = new com.kms.katalon.core.util.KeywordUtil(): null

2023-02-13 12:25:00 - [TEST_STEP][PASSED] - openBrowser(""): Browser is opened with url: ''

2023-02-13 12:25:00 - [MESSAGE][WARNING] - A browser is already opened. Closing browser and opening a new one

2023-02-13 12:25:01 - [MESSAGE][INFO] - Starting 'Chrome' driver

2023-02-13 12:25:01 - [MESSAGE][INFO] - Action delay is set to 0 milliseconds

2023-02-13 12:25:02 - [MESSAGE][PASSED] - Browser is opened with url: ''

2023-02-13 12:25:02 - [TEST_STEP][PASSED] - maximizeWindow(): Current window maximized

2023-02-13 12:25:02 - [MESSAGE][PASSED] - Current window maximized

2023-02-13 12:25:02 - [TEST_STEP][PASSED] - st = new shopify.store(): null

2023-02-13 12:25:02 - [TEST_STEP][PASSED] - st.loginShopifyPartner(partner_email, partner_password, partner_id): Object: 'Object Repository/Shopify/btn_login' is clicked on

2023-02-13 12:25:06 - [MESSAGE][PASSED] - Navigate to 'https://partners.shopify.com/1662018/stores/new' successfully

2023-02-13 12:25:08 - [MESSAGE][PASSED] - Text 'huynh@firegroup.io' is set on object 'Object Repository/Shopify/input_email_shopify'

2023-02-13 12:25:09 - [MESSAGE][PASSED] - Object: 'Object Repository/Shopify/btn_continue_with_email' is clicked on

2023-02-13 12:25:11 - [MESSAGE][PASSED] - Text ****** has been set on object 'Object Repository/Shopify/input_password_shopify'

2023-02-13 12:25:36 - [MESSAGE][PASSED] - Object: 'Object Repository/Shopify/btn_login' is clicked on

2023-02-13 12:25:36 - [TEST_STEP][PASSED] - st.navigateToStoreDevelop(partner_id): Navigate to 'https://partners.shopify.com/1662018/stores/new?store_type=dev_preview_store&developer_preview_handle=checkout_extensibility' successfully

2023-02-13 12:25:37 - [MESSAGE][PASSED] - Navigate to 'https://partners.shopify.com/1662018/stores/new?store_type=dev_preview_store&developer_preview_handle=checkout_extensibility' successfully

2023-02-13 12:25:37 - [TEST_STEP][PASSED] - st.inputStoreName(store_name): Delayed 5 second(s)

2023-02-13 12:25:39 - [MESSAGE][PASSED] - Text 'huynh-ar-stag-2420' is set on object 'Object Repository/Shopify/input_store_name'

2023-02-13 12:25:44 - [MESSAGE][PASSED] - Delayed 5 second(s)

2023-02-13 12:25:44 - [TEST_STEP][PASSED] - shopify.store.clickCreateStore(): shopify.store.clickCreateStore is PASSED

2023-02-13 12:25:44 - [MESSAGE][PASSED] - Object: 'Object Repository/Shopify/btn_create_store' is clicked on

2023-02-13 12:26:04 - [MESSAGE][PASSED] - Delayed 20 second(s)

2023-02-13 12:26:04 - [MESSAGE][PASSED] - shopify.store.clickCreateStore is PASSED

2023-02-13 12:26:04 - [TEST_STEP][PASSED] - shopify.store.importProduct(product_file_local): shopify.store.importProduct is PASSED

2023-02-13 12:26:18 - [MESSAGE][PASSED] - Object: 'Object Repository/Shopify/span_product' is clicked on

2023-02-13 12:26:20 - [MESSAGE][PASSED] - Object: 'Object Repository/Shopify/span_import_product' is clicked on

2023-02-13 12:26:21 - [MESSAGE][PASSED] - File 'C:\Users\huynh\Documents\Socialhead\Automation\Katalon project\CreateStore\CreateStore\Data\products_export.csv' sent to object: 'Object Repository/Shopify/file_product'

2023-02-13 12:26:21 - [MESSAGE][PASSED] - Object: 'Object Repository/Shopify/span_upload_product_continue' is clicked on

2023-02-13 12:26:25 - [MESSAGE][PASSED] - Object: 'Object Repository/Shopify/btn_product_confirm_import' is clicked on

2023-02-13 12:26:55 - [MESSAGE][PASSED] - Delayed 30 second(s)

2023-02-13 12:26:56 - [MESSAGE][PASSED] - Refresh successfully

2023-02-13 12:27:11 - [MESSAGE][PASSED] - Delayed 15 second(s)

2023-02-13 12:27:11 - [MESSAGE][PASSED] - shopify.store.importProduct is PASSED

2023-02-13 12:27:11 - [TEST_STEP][PASSED] - shopify.store.clickOnMenuOnlineStore(): shopify.store.clickOnMenuOnlineStore is PASSED

2023-02-13 12:27:11 - [MESSAGE][PASSED] - Object: 'Object Repository/Shopify Store/a_onlie_store' is clicked on

2023-02-13 12:27:21 - [MESSAGE][PASSED] - Delayed 10 second(s)

2023-02-13 12:27:21 - [MESSAGE][PASSED] - shopify.store.clickOnMenuOnlineStore is PASSED

2023-02-13 12:27:21 - [TEST_STEP][PASSED] - shopify.store.clickOnImportTheme(): shopify.store.clickOnImportTheme is PASSED

2023-02-13 12:27:21 - [MESSAGE][PASSED] - Object: 'Object Repository/Shopify Store/btn_add_theme' is clicked on

2023-02-13 12:27:21 - [MESSAGE][PASSED] - shopify.store.clickOnImportTheme is PASSED

2023-02-13 12:27:21 - [TEST_STEP][PASSED] - shopify.store.uploadThemeFile(theme_file_local): shopify.store.uploadThemeFile is PASSED

2023-02-13 12:27:22 - [MESSAGE][PASSED] - Object: 'Object Repository/Shopify Store/btn_upload_zip_file' is clicked on

2023-02-13 12:27:22 - [MESSAGE][PASSED] - File 'C:\Users\huynh\Documents\Socialhead\Automation\Katalon project\CreateStore\CreateStore\Data\theme_export__www-laucalaboutique-com-debut-copy-of-icon__01MAR2021-0907am.zip' sent to object: 'Object Repository/Shopify Store/file_theme'

2023-02-13 12:27:22 - [MESSAGE][PASSED] - Object: 'Object Repository/Shopify Store/btn_upload_theme' is clicked on

2023-02-13 12:27:32 - [MESSAGE][PASSED] - Delayed 10 second(s)

2023-02-13 12:27:32 - [MESSAGE][PASSED] - shopify.store.uploadThemeFile is PASSED

2023-02-13 12:27:32 - [TEST_STEP][PASSED] - shopify.store.clickPublishTheme(): shopify.store.clickPublishTheme is PASSED

2023-02-13 12:28:02 - [MESSAGE][PASSED] - Delayed 30 second(s)

2023-02-13 12:28:03 - [MESSAGE][PASSED] - Refresh successfully

2023-02-13 12:28:33 - [MESSAGE][PASSED] - Delayed 30 second(s)

2023-02-13 12:28:33 - [MESSAGE][PASSED] - Object 'Object Repository/Shopify Store/btn_publish_theme' is clickable

2023-02-13 12:28:34 - [MESSAGE][PASSED] - Object: 'Object Repository/Shopify Store/btn_publish_theme' is clicked on

2023-02-13 12:28:34 - [MESSAGE][PASSED] - shopify.store.clickPublishTheme is PASSED

2023-02-13 12:28:34 - [TEST_STEP][PASSED] - shopify.store.confirmPublishTheme(): shopify.store.confirmPublishTheme is PASSED

2023-02-13 12:28:44 - [MESSAGE][PASSED] - Delayed 10 second(s)

2023-02-13 12:28:44 - [MESSAGE][PASSED] - Object: 'Object Repository/Shopify Store/btn_confirm_publish_theme' is clicked on

2023-02-13 12:28:44 - [MESSAGE][PASSED] - shopify.store.confirmPublishTheme is PASSED

2023-02-13 12:28:44 - [TEST_STEP][PASSED] - shopify.store_setting.changeStoreCurrency(currency, store_name): shopify.store_setting.changeStoreCurrency is PASSED

2023-02-13 12:28:54 - [MESSAGE][PASSED] - Delayed 10 second(s)

2023-02-13 12:28:57 - [MESSAGE][PASSED] - Navigate to 'http://huynh-ar-stag-2420.myshopify.com/admin/settings/general' successfully

2023-02-13 12:29:02 - [MESSAGE][PASSED] - All options with value 'USD' are selected in object 'Object Repository/Shopify Store/select_currency' 

2023-02-13 12:29:02 - [MESSAGE][PASSED] - shopify.store_setting.changeStoreCurrency is PASSED

2023-02-13 12:29:02 - [TEST_STEP][PASSED] - shopify.store_setting.saveStoreSetting(): shopify.store_setting.saveStoreSetting is PASSED

2023-02-13 12:29:02 - [MESSAGE][PASSED] - Object: 'Object Repository/Shopify Store/span_save_admin_setting' is clicked on

2023-02-13 12:29:02 - [MESSAGE][PASSED] - shopify.store_setting.saveStoreSetting is PASSED

2023-02-13 12:29:02 - [TEST_STEP][PASSED] - Start tear down : teardownIfPassed: Method 'teardownIfPassed' complete successfully

2023-02-13 12:29:02 - [TEST_STEP][PASSED] - data.excel.updateValueToSheet(file_data, "store", 4, store_name, 7, "Passed"): data.excel.updateValueToSheet is PASSED

2023-02-13 12:29:02 - [MESSAGE][PASSED] - data.excel.updateValueToSheet is PASSED

2023-02-13 12:29:02 - [MESSAGE][PASSED] - Method 'teardownIfPassed' complete successfully]]></system-out>
         <system-err><![CDATA[]]></system-err>
      </testcase>
      <testcase name="Test Cases/Shopify/CreateStore" time="224.082" classname="Test Cases/Shopify/CreateStore" status="PASSED">
         <system-out><![CDATA[2023-02-13 12:29:02 - [TEST_CASE][PASSED] - Test Cases/Shopify/CreateStore: Test Cases/Shopify/CreateStore

2023-02-13 12:29:02 - [TEST_STEP][PASSED] - Start listener action : skipStatus: null

2023-02-13 12:29:02 - [TEST_STEP][PASSED] - map = testCaseContext.getTestCaseVariables(): null

2023-02-13 12:29:02 - [TEST_STEP][PASSED] - testcae_status = map.get("testcase_status"): null

2023-02-13 12:29:02 - [TEST_STEP][PASSED] - println(testcae_status): null

2023-02-13 12:29:02 - [TEST_STEP][PASSED] - if (testcae_status == "Passed" || testcae_status == "Failed"): null

2023-02-13 12:29:02 - [TEST_STEP][PASSED] - log = new com.kms.katalon.core.util.KeywordUtil(): null

2023-02-13 12:29:02 - [TEST_STEP][PASSED] - openBrowser(""): Browser is opened with url: ''

2023-02-13 12:29:02 - [MESSAGE][WARNING] - A browser is already opened. Closing browser and opening a new one

2023-02-13 12:29:03 - [MESSAGE][INFO] - Starting 'Chrome' driver

2023-02-13 12:29:03 - [MESSAGE][INFO] - Action delay is set to 0 milliseconds

2023-02-13 12:29:04 - [MESSAGE][PASSED] - Browser is opened with url: ''

2023-02-13 12:29:04 - [TEST_STEP][PASSED] - maximizeWindow(): Current window maximized

2023-02-13 12:29:04 - [MESSAGE][PASSED] - Current window maximized

2023-02-13 12:29:04 - [TEST_STEP][PASSED] - st = new shopify.store(): null

2023-02-13 12:29:04 - [TEST_STEP][PASSED] - st.loginShopifyPartner(partner_email, partner_password, partner_id): Object: 'Object Repository/Shopify/btn_login' is clicked on

2023-02-13 12:29:08 - [MESSAGE][PASSED] - Navigate to 'https://partners.shopify.com/1662018/stores/new' successfully

2023-02-13 12:29:09 - [MESSAGE][PASSED] - Text 'huynh@firegroup.io' is set on object 'Object Repository/Shopify/input_email_shopify'

2023-02-13 12:29:11 - [MESSAGE][PASSED] - Object: 'Object Repository/Shopify/btn_continue_with_email' is clicked on

2023-02-13 12:29:13 - [MESSAGE][PASSED] - Text ****** has been set on object 'Object Repository/Shopify/input_password_shopify'

2023-02-13 12:29:20 - [MESSAGE][PASSED] - Object: 'Object Repository/Shopify/btn_login' is clicked on

2023-02-13 12:29:20 - [TEST_STEP][PASSED] - st.navigateToStoreDevelop(partner_id): Navigate to 'https://partners.shopify.com/1662018/stores/new?store_type=dev_preview_store&developer_preview_handle=checkout_extensibility' successfully

2023-02-13 12:29:21 - [MESSAGE][PASSED] - Navigate to 'https://partners.shopify.com/1662018/stores/new?store_type=dev_preview_store&developer_preview_handle=checkout_extensibility' successfully

2023-02-13 12:29:21 - [TEST_STEP][PASSED] - st.inputStoreName(store_name): Delayed 5 second(s)

2023-02-13 12:29:22 - [MESSAGE][PASSED] - Text 'huynh-ar-stag-2421' is set on object 'Object Repository/Shopify/input_store_name'

2023-02-13 12:29:27 - [MESSAGE][PASSED] - Delayed 5 second(s)

2023-02-13 12:29:27 - [TEST_STEP][PASSED] - shopify.store.clickCreateStore(): shopify.store.clickCreateStore is PASSED

2023-02-13 12:29:28 - [MESSAGE][PASSED] - Object: 'Object Repository/Shopify/btn_create_store' is clicked on

2023-02-13 12:29:48 - [MESSAGE][PASSED] - Delayed 20 second(s)

2023-02-13 12:29:48 - [MESSAGE][PASSED] - shopify.store.clickCreateStore is PASSED

2023-02-13 12:29:48 - [TEST_STEP][PASSED] - shopify.store.importProduct(product_file_local): shopify.store.importProduct is PASSED

2023-02-13 12:30:02 - [MESSAGE][PASSED] - Object: 'Object Repository/Shopify/span_product' is clicked on

2023-02-13 12:30:04 - [MESSAGE][PASSED] - Object: 'Object Repository/Shopify/span_import_product' is clicked on

2023-02-13 12:30:04 - [MESSAGE][PASSED] - File 'C:\Users\huynh\Documents\Socialhead\Automation\Katalon project\CreateStore\CreateStore\Data\products_export.csv' sent to object: 'Object Repository/Shopify/file_product'

2023-02-13 12:30:05 - [MESSAGE][PASSED] - Object: 'Object Repository/Shopify/span_upload_product_continue' is clicked on

2023-02-13 12:30:08 - [MESSAGE][PASSED] - Object: 'Object Repository/Shopify/btn_product_confirm_import' is clicked on

2023-02-13 12:30:38 - [MESSAGE][PASSED] - Delayed 30 second(s)

2023-02-13 12:30:38 - [MESSAGE][PASSED] - Refresh successfully

2023-02-13 12:30:53 - [MESSAGE][PASSED] - Delayed 15 second(s)

2023-02-13 12:30:53 - [MESSAGE][PASSED] - shopify.store.importProduct is PASSED

2023-02-13 12:30:53 - [TEST_STEP][PASSED] - shopify.store.clickOnMenuOnlineStore(): shopify.store.clickOnMenuOnlineStore is PASSED

2023-02-13 12:30:53 - [MESSAGE][PASSED] - Object: 'Object Repository/Shopify Store/a_onlie_store' is clicked on

2023-02-13 12:31:03 - [MESSAGE][PASSED] - Delayed 10 second(s)

2023-02-13 12:31:03 - [MESSAGE][PASSED] - shopify.store.clickOnMenuOnlineStore is PASSED

2023-02-13 12:31:03 - [TEST_STEP][PASSED] - shopify.store.clickOnImportTheme(): shopify.store.clickOnImportTheme is PASSED

2023-02-13 12:31:04 - [MESSAGE][PASSED] - Object: 'Object Repository/Shopify Store/btn_add_theme' is clicked on

2023-02-13 12:31:04 - [MESSAGE][PASSED] - shopify.store.clickOnImportTheme is PASSED

2023-02-13 12:31:04 - [TEST_STEP][PASSED] - shopify.store.uploadThemeFile(theme_file_local): shopify.store.uploadThemeFile is PASSED

2023-02-13 12:31:04 - [MESSAGE][PASSED] - Object: 'Object Repository/Shopify Store/btn_upload_zip_file' is clicked on

2023-02-13 12:31:05 - [MESSAGE][PASSED] - File 'C:\Users\huynh\Documents\Socialhead\Automation\Katalon project\CreateStore\CreateStore\Data\theme_export__www-laucalaboutique-com-debut-copy-of-icon__01MAR2021-0919am.zip' sent to object: 'Object Repository/Shopify Store/file_theme'

2023-02-13 12:31:05 - [MESSAGE][PASSED] - Object: 'Object Repository/Shopify Store/btn_upload_theme' is clicked on

2023-02-13 12:31:15 - [MESSAGE][PASSED] - Delayed 10 second(s)

2023-02-13 12:31:15 - [MESSAGE][PASSED] - shopify.store.uploadThemeFile is PASSED

2023-02-13 12:31:15 - [TEST_STEP][PASSED] - shopify.store.clickPublishTheme(): shopify.store.clickPublishTheme is PASSED

2023-02-13 12:31:45 - [MESSAGE][PASSED] - Delayed 30 second(s)

2023-02-13 12:31:45 - [MESSAGE][PASSED] - Refresh successfully

2023-02-13 12:32:15 - [MESSAGE][PASSED] - Delayed 30 second(s)

2023-02-13 12:32:16 - [MESSAGE][PASSED] - Object 'Object Repository/Shopify Store/btn_publish_theme' is clickable

2023-02-13 12:32:16 - [MESSAGE][PASSED] - Object: 'Object Repository/Shopify Store/btn_publish_theme' is clicked on

2023-02-13 12:32:16 - [MESSAGE][PASSED] - shopify.store.clickPublishTheme is PASSED

2023-02-13 12:32:16 - [TEST_STEP][PASSED] - shopify.store.confirmPublishTheme(): shopify.store.confirmPublishTheme is PASSED

2023-02-13 12:32:26 - [MESSAGE][PASSED] - Delayed 10 second(s)

2023-02-13 12:32:27 - [MESSAGE][PASSED] - Object: 'Object Repository/Shopify Store/btn_confirm_publish_theme' is clicked on

2023-02-13 12:32:27 - [MESSAGE][PASSED] - shopify.store.confirmPublishTheme is PASSED

2023-02-13 12:32:27 - [TEST_STEP][PASSED] - shopify.store_setting.changeStoreCurrency(currency, store_name): shopify.store_setting.changeStoreCurrency is PASSED

2023-02-13 12:32:37 - [MESSAGE][PASSED] - Delayed 10 second(s)

2023-02-13 12:32:41 - [MESSAGE][PASSED] - Navigate to 'http://huynh-ar-stag-2421.myshopify.com/admin/settings/general' successfully

2023-02-13 12:32:46 - [MESSAGE][PASSED] - All options with value 'USD' are selected in object 'Object Repository/Shopify Store/select_currency' 

2023-02-13 12:32:46 - [MESSAGE][PASSED] - shopify.store_setting.changeStoreCurrency is PASSED

2023-02-13 12:32:46 - [TEST_STEP][PASSED] - shopify.store_setting.saveStoreSetting(): shopify.store_setting.saveStoreSetting is PASSED

2023-02-13 12:32:46 - [MESSAGE][PASSED] - Object: 'Object Repository/Shopify Store/span_save_admin_setting' is clicked on

2023-02-13 12:32:46 - [MESSAGE][PASSED] - shopify.store_setting.saveStoreSetting is PASSED

2023-02-13 12:32:46 - [TEST_STEP][PASSED] - Start tear down : teardownIfPassed: Method 'teardownIfPassed' complete successfully

2023-02-13 12:32:46 - [TEST_STEP][PASSED] - data.excel.updateValueToSheet(file_data, "store", 4, store_name, 7, "Passed"): data.excel.updateValueToSheet is PASSED

2023-02-13 12:32:46 - [MESSAGE][PASSED] - data.excel.updateValueToSheet is PASSED

2023-02-13 12:32:46 - [MESSAGE][PASSED] - Method 'teardownIfPassed' complete successfully]]></system-out>
         <system-err><![CDATA[]]></system-err>
      </testcase>
      <testcase name="Test Cases/Shopify/CreateStore" time="244.475" classname="Test Cases/Shopify/CreateStore" status="FAILED">
         <failure type="FAILED" message="Test Cases/Shopify/CreateStore FAILED.
Reason:
com.kms.katalon.core.exception.StepFailedException: Unable to verify image 'Object Repository/Shopify Store/iframe_publish_theme' present
	at com.kms.katalon.core.webui.keyword.internal.WebUIKeywordMain.stepFailed(WebUIKeywordMain.groovy:64)
	at com.kms.katalon.core.webui.keyword.internal.WebUIKeywordMain.runKeyword(WebUIKeywordMain.groovy:26)
	at com.kms.katalon.core.webui.keyword.builtin.SwitchToFrameKeyword.switchToFrame(SwitchToFrameKeyword.groovy:84)
	at com.kms.katalon.core.webui.keyword.builtin.SwitchToFrameKeyword.execute(SwitchToFrameKeyword.groovy:68)
	at com.kms.katalon.core.keyword.internal.KeywordExecutor.executeKeywordForPlatform(KeywordExecutor.groovy:74)
	at com.kms.katalon.core.webui.keyword.WebUiBuiltInKeywords.switchToFrame(WebUiBuiltInKeywords.groovy:2899)
	at com.kms.katalon.core.webui.keyword.WebUiBuiltInKeywords$switchToFrame$8.call(Unknown Source)
	at shopify.store.confirmPublishTheme(store.groovy:100)
	at shopify.store.invokeMethod(store.groovy)
	at com.kms.katalon.core.main.CustomKeywordDelegatingMetaClass.invokeStaticMethod(CustomKeywordDelegatingMetaClass.java:55)
	at CreateStore.run(CreateStore:58)
	at com.kms.katalon.core.main.ScriptEngine.run(ScriptEngine.java:194)
	at com.kms.katalon.core.main.ScriptEngine.runScriptAsRawText(ScriptEngine.java:119)
	at com.kms.katalon.core.main.TestCaseExecutor.runScript(TestCaseExecutor.java:448)
	at com.kms.katalon.core.main.TestCaseExecutor.doExecute(TestCaseExecutor.java:439)
	at com.kms.katalon.core.main.TestCaseExecutor.processExecutionPhase(TestCaseExecutor.java:418)
	at com.kms.katalon.core.main.TestCaseExecutor.accessMainPhase(TestCaseExecutor.java:410)
	at com.kms.katalon.core.main.TestCaseExecutor.execute(TestCaseExecutor.java:285)
	at com.kms.katalon.core.common.CommonExecutor.accessTestCaseMainPhase(CommonExecutor.java:65)
	at com.kms.katalon.core.main.TestSuiteExecutor.accessTestSuiteMainPhase(TestSuiteExecutor.java:151)
	at com.kms.katalon.core.main.TestSuiteExecutor.execute(TestSuiteExecutor.java:106)
	at com.kms.katalon.core.main.TestCaseMain.startTestSuite(TestCaseMain.java:185)
	at com.kms.katalon.core.main.TestCaseMain$startTestSuite$0.call(Unknown Source)
	at TempTestSuite1676253455264.run(TempTestSuite1676253455264.groovy:36)
Caused by: com.kms.katalon.core.webui.exception.WebElementNotFoundException: Web element with id: 'Object Repository/Shopify Store/iframe_publish_theme' located by '//*[contains(@title, 'Publish') and @name = 'app-modal-iframe']' not found
	at com.kms.katalon.core.webui.common.WebUiCommonHelper.findWebElement(WebUiCommonHelper.java:1370)
	at com.kms.katalon.core.webui.keyword.builtin.SwitchToFrameKeyword$_switchToFrame_closure1.doCall(SwitchToFrameKeyword.groovy:77)
	at com.kms.katalon.core.webui.keyword.builtin.SwitchToFrameKeyword$_switchToFrame_closure1.call(SwitchToFrameKeyword.groovy)
	at com.kms.katalon.core.webui.keyword.internal.WebUIKeywordMain.runKeyword(WebUIKeywordMain.groovy:20)
	... 22 more
"/>
         <system-out><![CDATA[2023-02-13 12:32:46 - [TEST_CASE][FAILED] - Test Cases/Shopify/CreateStore: Test Cases/Shopify/CreateStore FAILED.
Reason:
com.kms.katalon.core.exception.StepFailedException: Unable to verify image 'Object Repository/Shopify Store/iframe_publish_theme' present
	at com.kms.katalon.core.webui.keyword.internal.WebUIKeywordMain.stepFailed(WebUIKeywordMain.groovy:64)
	at com.kms.katalon.core.webui.keyword.internal.WebUIKeywordMain.runKeyword(WebUIKeywordMain.groovy:26)
	at com.kms.katalon.core.webui.keyword.builtin.SwitchToFrameKeyword.switchToFrame(SwitchToFrameKeyword.groovy:84)
	at com.kms.katalon.core.webui.keyword.builtin.SwitchToFrameKeyword.execute(SwitchToFrameKeyword.groovy:68)
	at com.kms.katalon.core.keyword.internal.KeywordExecutor.executeKeywordForPlatform(KeywordExecutor.groovy:74)
	at com.kms.katalon.core.webui.keyword.WebUiBuiltInKeywords.switchToFrame(WebUiBuiltInKeywords.groovy:2899)
	at com.kms.katalon.core.webui.keyword.WebUiBuiltInKeywords$switchToFrame$8.call(Unknown Source)
	at shopify.store.confirmPublishTheme(store.groovy:100)
	at shopify.store.invokeMethod(store.groovy)
	at com.kms.katalon.core.main.CustomKeywordDelegatingMetaClass.invokeStaticMethod(CustomKeywordDelegatingMetaClass.java:55)
	at CreateStore.run(CreateStore:58)
	at com.kms.katalon.core.main.ScriptEngine.run(ScriptEngine.java:194)
	at com.kms.katalon.core.main.ScriptEngine.runScriptAsRawText(ScriptEngine.java:119)
	at com.kms.katalon.core.main.TestCaseExecutor.runScript(TestCaseExecutor.java:448)
	at com.kms.katalon.core.main.TestCaseExecutor.doExecute(TestCaseExecutor.java:439)
	at com.kms.katalon.core.main.TestCaseExecutor.processExecutionPhase(TestCaseExecutor.java:418)
	at com.kms.katalon.core.main.TestCaseExecutor.accessMainPhase(TestCaseExecutor.java:410)
	at com.kms.katalon.core.main.TestCaseExecutor.execute(TestCaseExecutor.java:285)
	at com.kms.katalon.core.common.CommonExecutor.accessTestCaseMainPhase(CommonExecutor.java:65)
	at com.kms.katalon.core.main.TestSuiteExecutor.accessTestSuiteMainPhase(TestSuiteExecutor.java:151)
	at com.kms.katalon.core.main.TestSuiteExecutor.execute(TestSuiteExecutor.java:106)
	at com.kms.katalon.core.main.TestCaseMain.startTestSuite(TestCaseMain.java:185)
	at com.kms.katalon.core.main.TestCaseMain$startTestSuite$0.call(Unknown Source)
	at TempTestSuite1676253455264.run(TempTestSuite1676253455264.groovy:36)
Caused by: com.kms.katalon.core.webui.exception.WebElementNotFoundException: Web element with id: 'Object Repository/Shopify Store/iframe_publish_theme' located by '//*[contains(@title, 'Publish') and @name = 'app-modal-iframe']' not found
	at com.kms.katalon.core.webui.common.WebUiCommonHelper.findWebElement(WebUiCommonHelper.java:1370)
	at com.kms.katalon.core.webui.keyword.builtin.SwitchToFrameKeyword$_switchToFrame_closure1.doCall(SwitchToFrameKeyword.groovy:77)
	at com.kms.katalon.core.webui.keyword.builtin.SwitchToFrameKeyword$_switchToFrame_closure1.call(SwitchToFrameKeyword.groovy)
	at com.kms.katalon.core.webui.keyword.internal.WebUIKeywordMain.runKeyword(WebUIKeywordMain.groovy:20)
	... 22 more


2023-02-13 12:32:46 - [TEST_STEP][PASSED] - Start listener action : skipStatus: null

2023-02-13 12:32:46 - [TEST_STEP][PASSED] - map = testCaseContext.getTestCaseVariables(): null

2023-02-13 12:32:46 - [TEST_STEP][PASSED] - testcae_status = map.get("testcase_status"): null

2023-02-13 12:32:46 - [TEST_STEP][PASSED] - println(testcae_status): null

2023-02-13 12:32:46 - [TEST_STEP][PASSED] - if (testcae_status == "Passed" || testcae_status == "Failed"): null

2023-02-13 12:32:46 - [TEST_STEP][PASSED] - log = new com.kms.katalon.core.util.KeywordUtil(): null

2023-02-13 12:32:46 - [TEST_STEP][PASSED] - openBrowser(""): Browser is opened with url: ''

2023-02-13 12:32:46 - [MESSAGE][WARNING] - A browser is already opened. Closing browser and opening a new one

2023-02-13 12:32:47 - [MESSAGE][INFO] - Starting 'Chrome' driver

2023-02-13 12:32:47 - [MESSAGE][INFO] - Action delay is set to 0 milliseconds

2023-02-13 12:32:48 - [MESSAGE][PASSED] - Browser is opened with url: ''

2023-02-13 12:32:48 - [TEST_STEP][PASSED] - maximizeWindow(): Current window maximized

2023-02-13 12:32:48 - [MESSAGE][PASSED] - Current window maximized

2023-02-13 12:32:48 - [TEST_STEP][PASSED] - st = new shopify.store(): null

2023-02-13 12:32:48 - [TEST_STEP][PASSED] - st.loginShopifyPartner(partner_email, partner_password, partner_id): Object: 'Object Repository/Shopify/btn_login' is clicked on

2023-02-13 12:32:52 - [MESSAGE][PASSED] - Navigate to 'https://partners.shopify.com/1662018/stores/new' successfully

2023-02-13 12:32:53 - [MESSAGE][PASSED] - Text 'huynh@firegroup.io' is set on object 'Object Repository/Shopify/input_email_shopify'

2023-02-13 12:32:54 - [MESSAGE][PASSED] - Object: 'Object Repository/Shopify/btn_continue_with_email' is clicked on

2023-02-13 12:32:56 - [MESSAGE][PASSED] - Text ****** has been set on object 'Object Repository/Shopify/input_password_shopify'

2023-02-13 12:33:02 - [MESSAGE][PASSED] - Object: 'Object Repository/Shopify/btn_login' is clicked on

2023-02-13 12:33:02 - [TEST_STEP][PASSED] - st.navigateToStoreDevelop(partner_id): Navigate to 'https://partners.shopify.com/1662018/stores/new?store_type=dev_preview_store&developer_preview_handle=checkout_extensibility' successfully

2023-02-13 12:33:03 - [MESSAGE][PASSED] - Navigate to 'https://partners.shopify.com/1662018/stores/new?store_type=dev_preview_store&developer_preview_handle=checkout_extensibility' successfully

2023-02-13 12:33:03 - [TEST_STEP][PASSED] - st.inputStoreName(store_name): Delayed 5 second(s)

2023-02-13 12:33:05 - [MESSAGE][PASSED] - Text 'huynh-ar-stag-2422' is set on object 'Object Repository/Shopify/input_store_name'

2023-02-13 12:33:10 - [MESSAGE][PASSED] - Delayed 5 second(s)

2023-02-13 12:33:10 - [TEST_STEP][PASSED] - shopify.store.clickCreateStore(): shopify.store.clickCreateStore is PASSED

2023-02-13 12:33:11 - [MESSAGE][PASSED] - Object: 'Object Repository/Shopify/btn_create_store' is clicked on

2023-02-13 12:33:31 - [MESSAGE][PASSED] - Delayed 20 second(s)

2023-02-13 12:33:31 - [MESSAGE][PASSED] - shopify.store.clickCreateStore is PASSED

2023-02-13 12:33:31 - [TEST_STEP][PASSED] - shopify.store.importProduct(product_file_local): shopify.store.importProduct is PASSED

2023-02-13 12:34:00 - [MESSAGE][PASSED] - Object: 'Object Repository/Shopify/span_product' is clicked on

2023-02-13 12:34:02 - [MESSAGE][PASSED] - Object: 'Object Repository/Shopify/span_import_product' is clicked on

2023-02-13 12:34:03 - [MESSAGE][PASSED] - File 'C:\Users\huynh\Documents\Socialhead\Automation\Katalon project\CreateStore\CreateStore\Data\products_export.csv' sent to object: 'Object Repository/Shopify/file_product'

2023-02-13 12:34:03 - [MESSAGE][PASSED] - Object: 'Object Repository/Shopify/span_upload_product_continue' is clicked on

2023-02-13 12:34:07 - [MESSAGE][PASSED] - Object: 'Object Repository/Shopify/btn_product_confirm_import' is clicked on

2023-02-13 12:34:37 - [MESSAGE][PASSED] - Delayed 30 second(s)

2023-02-13 12:34:38 - [MESSAGE][PASSED] - Refresh successfully

2023-02-13 12:34:53 - [MESSAGE][PASSED] - Delayed 15 second(s)

2023-02-13 12:34:53 - [MESSAGE][PASSED] - shopify.store.importProduct is PASSED

2023-02-13 12:34:53 - [TEST_STEP][PASSED] - shopify.store.clickOnMenuOnlineStore(): shopify.store.clickOnMenuOnlineStore is PASSED

2023-02-13 12:34:53 - [MESSAGE][PASSED] - Object: 'Object Repository/Shopify Store/a_onlie_store' is clicked on

2023-02-13 12:35:03 - [MESSAGE][PASSED] - Delayed 10 second(s)

2023-02-13 12:35:03 - [MESSAGE][PASSED] - shopify.store.clickOnMenuOnlineStore is PASSED

2023-02-13 12:35:03 - [TEST_STEP][PASSED] - shopify.store.clickOnImportTheme(): shopify.store.clickOnImportTheme is PASSED

2023-02-13 12:35:04 - [MESSAGE][PASSED] - Object: 'Object Repository/Shopify Store/btn_add_theme' is clicked on

2023-02-13 12:35:04 - [MESSAGE][PASSED] - shopify.store.clickOnImportTheme is PASSED

2023-02-13 12:35:04 - [TEST_STEP][PASSED] - shopify.store.uploadThemeFile(theme_file_local): shopify.store.uploadThemeFile is PASSED

2023-02-13 12:35:04 - [MESSAGE][PASSED] - Object: 'Object Repository/Shopify Store/btn_upload_zip_file' is clicked on

2023-02-13 12:35:04 - [MESSAGE][PASSED] - File 'C:\Users\huynh\Documents\Socialhead\Automation\Katalon project\CreateStore\CreateStore\Data\theme_export__www-lifebibi-com-shoptimized-5-0-4__07MAY2020-1111pm.zip' sent to object: 'Object Repository/Shopify Store/file_theme'

2023-02-13 12:35:04 - [MESSAGE][PASSED] - Object: 'Object Repository/Shopify Store/btn_upload_theme' is clicked on

2023-02-13 12:35:14 - [MESSAGE][PASSED] - Delayed 10 second(s)

2023-02-13 12:35:14 - [MESSAGE][PASSED] - shopify.store.uploadThemeFile is PASSED

2023-02-13 12:35:14 - [TEST_STEP][PASSED] - shopify.store.clickPublishTheme(): shopify.store.clickPublishTheme is PASSED

2023-02-13 12:35:44 - [MESSAGE][PASSED] - Delayed 30 second(s)

2023-02-13 12:35:45 - [MESSAGE][PASSED] - Refresh successfully

2023-02-13 12:36:15 - [MESSAGE][PASSED] - Delayed 30 second(s)

2023-02-13 12:36:15 - [MESSAGE][PASSED] - Object 'Object Repository/Shopify Store/btn_publish_theme' is clickable

2023-02-13 12:36:38 - [MESSAGE][PASSED] - Object: 'Object Repository/Shopify Store/btn_publish_theme' is clicked on

2023-02-13 12:36:38 - [MESSAGE][PASSED] - shopify.store.clickPublishTheme is PASSED

2023-02-13 12:36:38 - [TEST_STEP][FAILED] - shopify.store.confirmPublishTheme(): Unable to verify image 'Object Repository/Shopify Store/iframe_publish_theme' present

2023-02-13 12:36:48 - [MESSAGE][PASSED] - Delayed 10 second(s)

2023-02-13 12:36:51 - [MESSAGE][INFO] - Unable to find the element located by 'By.xpath: //*[contains(@title, 'Publish') and @name = 'app-modal-iframe']'. Please recheck the objects properties to make sure the desired element is located. 

2023-02-13 12:36:51 - [MESSAGE][FAILED] - Unable to verify image 'Object Repository/Shopify Store/iframe_publish_theme' present (Root cause: com.kms.katalon.core.exception.StepFailedException: Unable to verify image 'Object Repository/Shopify Store/iframe_publish_theme' present
	at com.kms.katalon.core.webui.keyword.internal.WebUIKeywordMain.stepFailed(WebUIKeywordMain.groovy:64)
	at com.kms.katalon.core.webui.keyword.internal.WebUIKeywordMain.runKeyword(WebUIKeywordMain.groovy:26)
	at com.kms.katalon.core.webui.keyword.builtin.SwitchToFrameKeyword.switchToFrame(SwitchToFrameKeyword.groovy:84)
	at com.kms.katalon.core.webui.keyword.builtin.SwitchToFrameKeyword.execute(SwitchToFrameKeyword.groovy:68)
	at com.kms.katalon.core.keyword.internal.KeywordExecutor.executeKeywordForPlatform(KeywordExecutor.groovy:74)
	at com.kms.katalon.core.webui.keyword.WebUiBuiltInKeywords.switchToFrame(WebUiBuiltInKeywords.groovy:2899)
	at com.kms.katalon.core.webui.keyword.WebUiBuiltInKeywords$switchToFrame$8.call(Unknown Source)
	at shopify.store.confirmPublishTheme(store.groovy:100)
	at shopify.store.invokeMethod(store.groovy)
	at com.kms.katalon.core.main.CustomKeywordDelegatingMetaClass.invokeStaticMethod(CustomKeywordDelegatingMetaClass.java:55)
	at CreateStore.run(CreateStore:58)
	at com.kms.katalon.core.main.ScriptEngine.run(ScriptEngine.java:194)
	at com.kms.katalon.core.main.ScriptEngine.runScriptAsRawText(ScriptEngine.java:119)
	at com.kms.katalon.core.main.TestCaseExecutor.runScript(TestCaseExecutor.java:448)
	at com.kms.katalon.core.main.TestCaseExecutor.doExecute(TestCaseExecutor.java:439)
	at com.kms.katalon.core.main.TestCaseExecutor.processExecutionPhase(TestCaseExecutor.java:418)
	at com.kms.katalon.core.main.TestCaseExecutor.accessMainPhase(TestCaseExecutor.java:410)
	at com.kms.katalon.core.main.TestCaseExecutor.execute(TestCaseExecutor.java:285)
	at com.kms.katalon.core.common.CommonExecutor.accessTestCaseMainPhase(CommonExecutor.java:65)
	at com.kms.katalon.core.main.TestSuiteExecutor.accessTestSuiteMainPhase(TestSuiteExecutor.java:151)
	at com.kms.katalon.core.main.TestSuiteExecutor.execute(TestSuiteExecutor.java:106)
	at com.kms.katalon.core.main.TestCaseMain.startTestSuite(TestCaseMain.java:185)
	at com.kms.katalon.core.main.TestCaseMain$startTestSuite$0.call(Unknown Source)
	at TempTestSuite1676253455264.run(TempTestSuite1676253455264.groovy:36)
Caused by: com.kms.katalon.core.webui.exception.WebElementNotFoundException: Web element with id: 'Object Repository/Shopify Store/iframe_publish_theme' located by '//*[contains(@title, 'Publish') and @name = 'app-modal-iframe']' not found
	at com.kms.katalon.core.webui.common.WebUiCommonHelper.findWebElement(WebUiCommonHelper.java:1370)
	at com.kms.katalon.core.webui.keyword.builtin.SwitchToFrameKeyword$_switchToFrame_closure1.doCall(SwitchToFrameKeyword.groovy:77)
	at com.kms.katalon.core.webui.keyword.builtin.SwitchToFrameKeyword$_switchToFrame_closure1.call(SwitchToFrameKeyword.groovy)
	at com.kms.katalon.core.webui.keyword.internal.WebUIKeywordMain.runKeyword(WebUIKeywordMain.groovy:20)
	at com.kms.katalon.core.webui.keyword.builtin.SwitchToFrameKeyword.switchToFrame(SwitchToFrameKeyword.groovy:84)
	at com.kms.katalon.core.webui.keyword.builtin.SwitchToFrameKeyword.execute(SwitchToFrameKeyword.groovy:68)
	at com.kms.katalon.core.keyword.internal.KeywordExecutor.executeKeywordForPlatform(KeywordExecutor.groovy:74)
	at com.kms.katalon.core.webui.keyword.WebUiBuiltInKeywords.switchToFrame(WebUiBuiltInKeywords.groovy:2899)
	at com.kms.katalon.core.webui.keyword.WebUiBuiltInKeywords$switchToFrame$8.call(Unknown Source)
	at shopify.store.confirmPublishTheme(store.groovy:100)
	at shopify.store.invokeMethod(store.groovy)
	at com.kms.katalon.core.main.CustomKeywordDelegatingMetaClass.invokeStaticMethod(CustomKeywordDelegatingMetaClass.java:55)
	at Script1673851860327.run(Script1673851860327.groovy:58)
	... 13 more
)
[[ATTACHMENT|C:\\Users\\huynh\\Documents\\Socialhead\\Automation\\Katalon project\\CreateStore\\CreateStore\\Reports\\20230213_085735\\Store\\Create Store\\20230213_085735\\1676266611137.png]]

2023-02-13 12:36:51 - [MESSAGE][FAILED] - Unable to verify image 'Object Repository/Shopify Store/iframe_publish_theme' present

2023-02-13 12:36:51 - [TEST_STEP][PASSED] - Start tear down : teardownIfFailed: Method 'teardownIfFailed' complete successfully

2023-02-13 12:36:51 - [TEST_STEP][PASSED] - data.excel.updateValueToSheet(file_data, "store", 4, store_name, 7, "Failed"): data.excel.updateValueToSheet is PASSED

2023-02-13 12:36:51 - [MESSAGE][PASSED] - data.excel.updateValueToSheet is PASSED

2023-02-13 12:36:51 - [MESSAGE][PASSED] - Method 'teardownIfFailed' complete successfully]]></system-out>
         <system-err><![CDATA[2023-02-13 12:32:46 - [TEST_CASE][FAILED] - Test Cases/Shopify/CreateStore: Test Cases/Shopify/CreateStore FAILED.
Reason:
com.kms.katalon.core.exception.StepFailedException: Unable to verify image 'Object Repository/Shopify Store/iframe_publish_theme' present
	at com.kms.katalon.core.webui.keyword.internal.WebUIKeywordMain.stepFailed(WebUIKeywordMain.groovy:64)
	at com.kms.katalon.core.webui.keyword.internal.WebUIKeywordMain.runKeyword(WebUIKeywordMain.groovy:26)
	at com.kms.katalon.core.webui.keyword.builtin.SwitchToFrameKeyword.switchToFrame(SwitchToFrameKeyword.groovy:84)
	at com.kms.katalon.core.webui.keyword.builtin.SwitchToFrameKeyword.execute(SwitchToFrameKeyword.groovy:68)
	at com.kms.katalon.core.keyword.internal.KeywordExecutor.executeKeywordForPlatform(KeywordExecutor.groovy:74)
	at com.kms.katalon.core.webui.keyword.WebUiBuiltInKeywords.switchToFrame(WebUiBuiltInKeywords.groovy:2899)
	at com.kms.katalon.core.webui.keyword.WebUiBuiltInKeywords$switchToFrame$8.call(Unknown Source)
	at shopify.store.confirmPublishTheme(store.groovy:100)
	at shopify.store.invokeMethod(store.groovy)
	at com.kms.katalon.core.main.CustomKeywordDelegatingMetaClass.invokeStaticMethod(CustomKeywordDelegatingMetaClass.java:55)
	at CreateStore.run(CreateStore:58)
	at com.kms.katalon.core.main.ScriptEngine.run(ScriptEngine.java:194)
	at com.kms.katalon.core.main.ScriptEngine.runScriptAsRawText(ScriptEngine.java:119)
	at com.kms.katalon.core.main.TestCaseExecutor.runScript(TestCaseExecutor.java:448)
	at com.kms.katalon.core.main.TestCaseExecutor.doExecute(TestCaseExecutor.java:439)
	at com.kms.katalon.core.main.TestCaseExecutor.processExecutionPhase(TestCaseExecutor.java:418)
	at com.kms.katalon.core.main.TestCaseExecutor.accessMainPhase(TestCaseExecutor.java:410)
	at com.kms.katalon.core.main.TestCaseExecutor.execute(TestCaseExecutor.java:285)
	at com.kms.katalon.core.common.CommonExecutor.accessTestCaseMainPhase(CommonExecutor.java:65)
	at com.kms.katalon.core.main.TestSuiteExecutor.accessTestSuiteMainPhase(TestSuiteExecutor.java:151)
	at com.kms.katalon.core.main.TestSuiteExecutor.execute(TestSuiteExecutor.java:106)
	at com.kms.katalon.core.main.TestCaseMain.startTestSuite(TestCaseMain.java:185)
	at com.kms.katalon.core.main.TestCaseMain$startTestSuite$0.call(Unknown Source)
	at TempTestSuite1676253455264.run(TempTestSuite1676253455264.groovy:36)
Caused by: com.kms.katalon.core.webui.exception.WebElementNotFoundException: Web element with id: 'Object Repository/Shopify Store/iframe_publish_theme' located by '//*[contains(@title, 'Publish') and @name = 'app-modal-iframe']' not found
	at com.kms.katalon.core.webui.common.WebUiCommonHelper.findWebElement(WebUiCommonHelper.java:1370)
	at com.kms.katalon.core.webui.keyword.builtin.SwitchToFrameKeyword$_switchToFrame_closure1.doCall(SwitchToFrameKeyword.groovy:77)
	at com.kms.katalon.core.webui.keyword.builtin.SwitchToFrameKeyword$_switchToFrame_closure1.call(SwitchToFrameKeyword.groovy)
	at com.kms.katalon.core.webui.keyword.internal.WebUIKeywordMain.runKeyword(WebUIKeywordMain.groovy:20)
	... 22 more]]></system-err>
      </testcase>
      <testcase name="Test Cases/Shopify/CreateStore" time="48.477" classname="Test Cases/Shopify/CreateStore" status="FAILED">
         <failure type="FAILED" message="Test Cases/Shopify/CreateStore FAILED.
Reason:
com.kms.katalon.core.exception.StepFailedException: Unable to set text 'huynh-ar-stag-2423' of object 'Object Repository/Shopify/input_store_name'
	at com.kms.katalon.core.webui.keyword.internal.WebUIKeywordMain.stepFailed(WebUIKeywordMain.groovy:64)
	at com.kms.katalon.core.webui.keyword.internal.WebUIKeywordMain.runKeyword(WebUIKeywordMain.groovy:26)
	at com.kms.katalon.core.webui.keyword.builtin.SetTextKeyword.setText(SetTextKeyword.groovy:66)
	at com.kms.katalon.core.webui.keyword.builtin.SetTextKeyword.execute(SetTextKeyword.groovy:37)
	at com.kms.katalon.core.keyword.internal.KeywordExecutor.executeKeywordForPlatform(KeywordExecutor.groovy:74)
	at com.kms.katalon.core.webui.keyword.WebUiBuiltInKeywords.setText(WebUiBuiltInKeywords.groovy:980)
	at com.kms.katalon.core.webui.keyword.WebUiBuiltInKeywords$setText$2.call(Unknown Source)
	at shopify.store.inputStoreName(store.groovy:41)
	at CreateStore.run(CreateStore:40)
	at com.kms.katalon.core.main.ScriptEngine.run(ScriptEngine.java:194)
	at com.kms.katalon.core.main.ScriptEngine.runScriptAsRawText(ScriptEngine.java:119)
	at com.kms.katalon.core.main.TestCaseExecutor.runScript(TestCaseExecutor.java:448)
	at com.kms.katalon.core.main.TestCaseExecutor.doExecute(TestCaseExecutor.java:439)
	at com.kms.katalon.core.main.TestCaseExecutor.processExecutionPhase(TestCaseExecutor.java:418)
	at com.kms.katalon.core.main.TestCaseExecutor.accessMainPhase(TestCaseExecutor.java:410)
	at com.kms.katalon.core.main.TestCaseExecutor.execute(TestCaseExecutor.java:285)
	at com.kms.katalon.core.common.CommonExecutor.accessTestCaseMainPhase(CommonExecutor.java:65)
	at com.kms.katalon.core.main.TestSuiteExecutor.accessTestSuiteMainPhase(TestSuiteExecutor.java:151)
	at com.kms.katalon.core.main.TestSuiteExecutor.execute(TestSuiteExecutor.java:106)
	at com.kms.katalon.core.main.TestCaseMain.startTestSuite(TestCaseMain.java:185)
	at com.kms.katalon.core.main.TestCaseMain$startTestSuite$0.call(Unknown Source)
	at TempTestSuite1676253455264.run(TempTestSuite1676253455264.groovy:36)
Caused by: com.kms.katalon.core.webui.exception.WebElementNotFoundException: Web element with id: 'Object Repository/Shopify/input_store_name' located by '//*[@name=&quot;signup[shop_name]&quot;]' not found
	at com.kms.katalon.core.webui.common.WebUiCommonHelper.findWebElement(WebUiCommonHelper.java:1370)
	at com.kms.katalon.core.webui.keyword.internal.WebUIAbstractKeyword.findWebElement(WebUIAbstractKeyword.groovy:27)
	at com.kms.katalon.core.webui.keyword.internal.WebUIAbstractKeyword.findWebElement(WebUIAbstractKeyword.groovy:26)
	at com.kms.katalon.core.webui.keyword.builtin.SetTextKeyword$_setText_closure1.doCall(SetTextKeyword.groovy:51)
	at com.kms.katalon.core.webui.keyword.builtin.SetTextKeyword$_setText_closure1.call(SetTextKeyword.groovy)
	at com.kms.katalon.core.webui.keyword.internal.WebUIKeywordMain.runKeyword(WebUIKeywordMain.groovy:20)
	... 20 more
"/>
         <system-out><![CDATA[2023-02-13 12:36:51 - [TEST_CASE][FAILED] - Test Cases/Shopify/CreateStore: Test Cases/Shopify/CreateStore FAILED.
Reason:
com.kms.katalon.core.exception.StepFailedException: Unable to set text 'huynh-ar-stag-2423' of object 'Object Repository/Shopify/input_store_name'
	at com.kms.katalon.core.webui.keyword.internal.WebUIKeywordMain.stepFailed(WebUIKeywordMain.groovy:64)
	at com.kms.katalon.core.webui.keyword.internal.WebUIKeywordMain.runKeyword(WebUIKeywordMain.groovy:26)
	at com.kms.katalon.core.webui.keyword.builtin.SetTextKeyword.setText(SetTextKeyword.groovy:66)
	at com.kms.katalon.core.webui.keyword.builtin.SetTextKeyword.execute(SetTextKeyword.groovy:37)
	at com.kms.katalon.core.keyword.internal.KeywordExecutor.executeKeywordForPlatform(KeywordExecutor.groovy:74)
	at com.kms.katalon.core.webui.keyword.WebUiBuiltInKeywords.setText(WebUiBuiltInKeywords.groovy:980)
	at com.kms.katalon.core.webui.keyword.WebUiBuiltInKeywords$setText$2.call(Unknown Source)
	at shopify.store.inputStoreName(store.groovy:41)
	at CreateStore.run(CreateStore:40)
	at com.kms.katalon.core.main.ScriptEngine.run(ScriptEngine.java:194)
	at com.kms.katalon.core.main.ScriptEngine.runScriptAsRawText(ScriptEngine.java:119)
	at com.kms.katalon.core.main.TestCaseExecutor.runScript(TestCaseExecutor.java:448)
	at com.kms.katalon.core.main.TestCaseExecutor.doExecute(TestCaseExecutor.java:439)
	at com.kms.katalon.core.main.TestCaseExecutor.processExecutionPhase(TestCaseExecutor.java:418)
	at com.kms.katalon.core.main.TestCaseExecutor.accessMainPhase(TestCaseExecutor.java:410)
	at com.kms.katalon.core.main.TestCaseExecutor.execute(TestCaseExecutor.java:285)
	at com.kms.katalon.core.common.CommonExecutor.accessTestCaseMainPhase(CommonExecutor.java:65)
	at com.kms.katalon.core.main.TestSuiteExecutor.accessTestSuiteMainPhase(TestSuiteExecutor.java:151)
	at com.kms.katalon.core.main.TestSuiteExecutor.execute(TestSuiteExecutor.java:106)
	at com.kms.katalon.core.main.TestCaseMain.startTestSuite(TestCaseMain.java:185)
	at com.kms.katalon.core.main.TestCaseMain$startTestSuite$0.call(Unknown Source)
	at TempTestSuite1676253455264.run(TempTestSuite1676253455264.groovy:36)
Caused by: com.kms.katalon.core.webui.exception.WebElementNotFoundException: Web element with id: 'Object Repository/Shopify/input_store_name' located by '//*[@name="signup[shop_name]"]' not found
	at com.kms.katalon.core.webui.common.WebUiCommonHelper.findWebElement(WebUiCommonHelper.java:1370)
	at com.kms.katalon.core.webui.keyword.internal.WebUIAbstractKeyword.findWebElement(WebUIAbstractKeyword.groovy:27)
	at com.kms.katalon.core.webui.keyword.internal.WebUIAbstractKeyword.findWebElement(WebUIAbstractKeyword.groovy:26)
	at com.kms.katalon.core.webui.keyword.builtin.SetTextKeyword$_setText_closure1.doCall(SetTextKeyword.groovy:51)
	at com.kms.katalon.core.webui.keyword.builtin.SetTextKeyword$_setText_closure1.call(SetTextKeyword.groovy)
	at com.kms.katalon.core.webui.keyword.internal.WebUIKeywordMain.runKeyword(WebUIKeywordMain.groovy:20)
	... 20 more


2023-02-13 12:36:51 - [TEST_STEP][PASSED] - Start listener action : skipStatus: null

2023-02-13 12:36:51 - [TEST_STEP][PASSED] - map = testCaseContext.getTestCaseVariables(): null

2023-02-13 12:36:51 - [TEST_STEP][PASSED] - testcae_status = map.get("testcase_status"): null

2023-02-13 12:36:51 - [TEST_STEP][PASSED] - println(testcae_status): null

2023-02-13 12:36:51 - [TEST_STEP][PASSED] - if (testcae_status == "Passed" || testcae_status == "Failed"): null

2023-02-13 12:36:51 - [TEST_STEP][PASSED] - log = new com.kms.katalon.core.util.KeywordUtil(): null

2023-02-13 12:36:51 - [TEST_STEP][PASSED] - openBrowser(""): Browser is opened with url: ''

2023-02-13 12:36:51 - [MESSAGE][WARNING] - A browser is already opened. Closing browser and opening a new one

2023-02-13 12:36:52 - [MESSAGE][INFO] - Starting 'Chrome' driver

2023-02-13 12:36:52 - [MESSAGE][INFO] - Action delay is set to 0 milliseconds

2023-02-13 12:36:53 - [MESSAGE][PASSED] - Browser is opened with url: ''

2023-02-13 12:36:53 - [TEST_STEP][PASSED] - maximizeWindow(): Current window maximized

2023-02-13 12:36:53 - [MESSAGE][PASSED] - Current window maximized

2023-02-13 12:36:53 - [TEST_STEP][PASSED] - st = new shopify.store(): null

2023-02-13 12:36:53 - [TEST_STEP][PASSED] - st.loginShopifyPartner(partner_email, partner_password, partner_id): Object: 'Object Repository/Shopify/btn_login' is clicked on

2023-02-13 12:36:57 - [MESSAGE][PASSED] - Navigate to 'https://partners.shopify.com/1662018/stores/new' successfully

2023-02-13 12:36:58 - [MESSAGE][PASSED] - Text 'huynh@firegroup.io' is set on object 'Object Repository/Shopify/input_email_shopify'

2023-02-13 12:36:59 - [MESSAGE][PASSED] - Object: 'Object Repository/Shopify/btn_continue_with_email' is clicked on

2023-02-13 12:37:01 - [MESSAGE][PASSED] - Text ****** has been set on object 'Object Repository/Shopify/input_password_shopify'

2023-02-13 12:37:07 - [MESSAGE][PASSED] - Object: 'Object Repository/Shopify/btn_login' is clicked on

2023-02-13 12:37:07 - [TEST_STEP][PASSED] - st.navigateToStoreDevelop(partner_id): Navigate to 'https://partners.shopify.com/1662018/stores/new?store_type=dev_preview_store&developer_preview_handle=checkout_extensibility' successfully

2023-02-13 12:37:08 - [MESSAGE][PASSED] - Navigate to 'https://partners.shopify.com/1662018/stores/new?store_type=dev_preview_store&developer_preview_handle=checkout_extensibility' successfully

2023-02-13 12:37:08 - [TEST_STEP][FAILED] - st.inputStoreName(store_name): Unable to set text 'huynh-ar-stag-2423' of object 'Object Repository/Shopify/input_store_name' (Root cause: com.kms.katalon.core.exception.StepFailedException: Unable to set text 'huynh-ar-stag-2423' of object 'Object Repository/Shopify/input_store_name'
	at com.kms.katalon.core.webui.keyword.internal.WebUIKeywordMain.stepFailed(WebUIKeywordMain.groovy:64)
	at com.kms.katalon.core.webui.keyword.internal.WebUIKeywordMain.runKeyword(WebUIKeywordMain.groovy:26)
	at com.kms.katalon.core.webui.keyword.builtin.SetTextKeyword.setText(SetTextKeyword.groovy:66)
	at com.kms.katalon.core.webui.keyword.builtin.SetTextKeyword.execute(SetTextKeyword.groovy:37)
	at com.kms.katalon.core.keyword.internal.KeywordExecutor.executeKeywordForPlatform(KeywordExecutor.groovy:74)
	at com.kms.katalon.core.webui.keyword.WebUiBuiltInKeywords.setText(WebUiBuiltInKeywords.groovy:980)
	at com.kms.katalon.core.webui.keyword.WebUiBuiltInKeywords$setText$2.call(Unknown Source)
	at shopify.store.inputStoreName(store.groovy:41)
	at CreateStore.run(CreateStore:40)
	at com.kms.katalon.core.main.ScriptEngine.run(ScriptEngine.java:194)
	at com.kms.katalon.core.main.ScriptEngine.runScriptAsRawText(ScriptEngine.java:119)
	at com.kms.katalon.core.main.TestCaseExecutor.runScript(TestCaseExecutor.java:448)
	at com.kms.katalon.core.main.TestCaseExecutor.doExecute(TestCaseExecutor.java:439)
	at com.kms.katalon.core.main.TestCaseExecutor.processExecutionPhase(TestCaseExecutor.java:418)
	at com.kms.katalon.core.main.TestCaseExecutor.accessMainPhase(TestCaseExecutor.java:410)
	at com.kms.katalon.core.main.TestCaseExecutor.execute(TestCaseExecutor.java:285)
	at com.kms.katalon.core.common.CommonExecutor.accessTestCaseMainPhase(CommonExecutor.java:65)
	at com.kms.katalon.core.main.TestSuiteExecutor.accessTestSuiteMainPhase(TestSuiteExecutor.java:151)
	at com.kms.katalon.core.main.TestSuiteExecutor.execute(TestSuiteExecutor.java:106)
	at com.kms.katalon.core.main.TestCaseMain.startTestSuite(TestCaseMain.java:185)
	at com.kms.katalon.core.main.TestCaseMain$startTestSuite$0.call(Unknown Source)
	at TempTestSuite1676253455264.run(TempTestSuite1676253455264.groovy:36)
Caused by: com.kms.katalon.core.webui.exception.WebElementNotFoundException: Web element with id: 'Object Repository/Shopify/input_store_name' located by '//*[@name="signup[shop_name]"]' not found
	at com.kms.katalon.core.webui.common.WebUiCommonHelper.findWebElement(WebUiCommonHelper.java:1370)
	at com.kms.katalon.core.webui.keyword.internal.WebUIAbstractKeyword.findWebElement(WebUIAbstractKeyword.groovy:27)
	at com.kms.katalon.core.webui.keyword.internal.WebUIAbstractKeyword.findWebElement(WebUIAbstractKeyword.groovy:26)
	at com.kms.katalon.core.webui.keyword.builtin.SetTextKeyword$_setText_closure1.doCall(SetTextKeyword.groovy:51)
	at com.kms.katalon.core.webui.keyword.builtin.SetTextKeyword$_setText_closure1.call(SetTextKeyword.groovy)
	at com.kms.katalon.core.webui.keyword.internal.WebUIKeywordMain.runKeyword(WebUIKeywordMain.groovy:20)
	at com.kms.katalon.core.webui.keyword.builtin.SetTextKeyword.setText(SetTextKeyword.groovy:66)
	at com.kms.katalon.core.webui.keyword.builtin.SetTextKeyword.execute(SetTextKeyword.groovy:37)
	at com.kms.katalon.core.keyword.internal.KeywordExecutor.executeKeywordForPlatform(KeywordExecutor.groovy:74)
	at com.kms.katalon.core.webui.keyword.WebUiBuiltInKeywords.setText(WebUiBuiltInKeywords.groovy:980)
	at com.kms.katalon.core.webui.keyword.WebUiBuiltInKeywords$setText$2.call(Unknown Source)
	at shopify.store.inputStoreName(store.groovy:41)
	at Script1673851860327.run(Script1673851860327.groovy:40)
	... 13 more
)

2023-02-13 12:37:39 - [MESSAGE][INFO] - Unable to find the element located by 'By.xpath: //*[@name="signup[shop_name]"]'. Please recheck the objects properties to make sure the desired element is located. 

2023-02-13 12:37:39 - [MESSAGE][FAILED] - Unable to set text 'huynh-ar-stag-2423' of object 'Object Repository/Shopify/input_store_name' (Root cause: com.kms.katalon.core.exception.StepFailedException: Unable to set text 'huynh-ar-stag-2423' of object 'Object Repository/Shopify/input_store_name'
	at com.kms.katalon.core.webui.keyword.internal.WebUIKeywordMain.stepFailed(WebUIKeywordMain.groovy:64)
	at com.kms.katalon.core.webui.keyword.internal.WebUIKeywordMain.runKeyword(WebUIKeywordMain.groovy:26)
	at com.kms.katalon.core.webui.keyword.builtin.SetTextKeyword.setText(SetTextKeyword.groovy:66)
	at com.kms.katalon.core.webui.keyword.builtin.SetTextKeyword.execute(SetTextKeyword.groovy:37)
	at com.kms.katalon.core.keyword.internal.KeywordExecutor.executeKeywordForPlatform(KeywordExecutor.groovy:74)
	at com.kms.katalon.core.webui.keyword.WebUiBuiltInKeywords.setText(WebUiBuiltInKeywords.groovy:980)
	at com.kms.katalon.core.webui.keyword.WebUiBuiltInKeywords$setText$2.call(Unknown Source)
	at shopify.store.inputStoreName(store.groovy:41)
	at CreateStore.run(CreateStore:40)
	at com.kms.katalon.core.main.ScriptEngine.run(ScriptEngine.java:194)
	at com.kms.katalon.core.main.ScriptEngine.runScriptAsRawText(ScriptEngine.java:119)
	at com.kms.katalon.core.main.TestCaseExecutor.runScript(TestCaseExecutor.java:448)
	at com.kms.katalon.core.main.TestCaseExecutor.doExecute(TestCaseExecutor.java:439)
	at com.kms.katalon.core.main.TestCaseExecutor.processExecutionPhase(TestCaseExecutor.java:418)
	at com.kms.katalon.core.main.TestCaseExecutor.accessMainPhase(TestCaseExecutor.java:410)
	at com.kms.katalon.core.main.TestCaseExecutor.execute(TestCaseExecutor.java:285)
	at com.kms.katalon.core.common.CommonExecutor.accessTestCaseMainPhase(CommonExecutor.java:65)
	at com.kms.katalon.core.main.TestSuiteExecutor.accessTestSuiteMainPhase(TestSuiteExecutor.java:151)
	at com.kms.katalon.core.main.TestSuiteExecutor.execute(TestSuiteExecutor.java:106)
	at com.kms.katalon.core.main.TestCaseMain.startTestSuite(TestCaseMain.java:185)
	at com.kms.katalon.core.main.TestCaseMain$startTestSuite$0.call(Unknown Source)
	at TempTestSuite1676253455264.run(TempTestSuite1676253455264.groovy:36)
Caused by: com.kms.katalon.core.webui.exception.WebElementNotFoundException: Web element with id: 'Object Repository/Shopify/input_store_name' located by '//*[@name="signup[shop_name]"]' not found
	at com.kms.katalon.core.webui.common.WebUiCommonHelper.findWebElement(WebUiCommonHelper.java:1370)
	at com.kms.katalon.core.webui.keyword.internal.WebUIAbstractKeyword.findWebElement(WebUIAbstractKeyword.groovy:27)
	at com.kms.katalon.core.webui.keyword.internal.WebUIAbstractKeyword.findWebElement(WebUIAbstractKeyword.groovy:26)
	at com.kms.katalon.core.webui.keyword.builtin.SetTextKeyword$_setText_closure1.doCall(SetTextKeyword.groovy:51)
	at com.kms.katalon.core.webui.keyword.builtin.SetTextKeyword$_setText_closure1.call(SetTextKeyword.groovy)
	at com.kms.katalon.core.webui.keyword.internal.WebUIKeywordMain.runKeyword(WebUIKeywordMain.groovy:20)
	at com.kms.katalon.core.webui.keyword.builtin.SetTextKeyword.setText(SetTextKeyword.groovy:66)
	at com.kms.katalon.core.webui.keyword.builtin.SetTextKeyword.execute(SetTextKeyword.groovy:37)
	at com.kms.katalon.core.keyword.internal.KeywordExecutor.executeKeywordForPlatform(KeywordExecutor.groovy:74)
	at com.kms.katalon.core.webui.keyword.WebUiBuiltInKeywords.setText(WebUiBuiltInKeywords.groovy:980)
	at com.kms.katalon.core.webui.keyword.WebUiBuiltInKeywords$setText$2.call(Unknown Source)
	at shopify.store.inputStoreName(store.groovy:41)
	at Script1673851860327.run(Script1673851860327.groovy:40)
	... 13 more
)
[[ATTACHMENT|C:\\Users\\huynh\\Documents\\Socialhead\\Automation\\Katalon project\\CreateStore\\CreateStore\\Reports\\20230213_085735\\Store\\Create Store\\20230213_085735\\1676266659678.png]]

2023-02-13 12:37:39 - [TEST_STEP][PASSED] - Start tear down : teardownIfFailed: Method 'teardownIfFailed' complete successfully

2023-02-13 12:37:39 - [TEST_STEP][PASSED] - data.excel.updateValueToSheet(file_data, "store", 4, store_name, 7, "Failed"): data.excel.updateValueToSheet is PASSED

2023-02-13 12:37:39 - [MESSAGE][PASSED] - data.excel.updateValueToSheet is PASSED

2023-02-13 12:37:39 - [MESSAGE][PASSED] - Method 'teardownIfFailed' complete successfully]]></system-out>
         <system-err><![CDATA[2023-02-13 12:36:51 - [TEST_CASE][FAILED] - Test Cases/Shopify/CreateStore: Test Cases/Shopify/CreateStore FAILED.
Reason:
com.kms.katalon.core.exception.StepFailedException: Unable to set text 'huynh-ar-stag-2423' of object 'Object Repository/Shopify/input_store_name'
	at com.kms.katalon.core.webui.keyword.internal.WebUIKeywordMain.stepFailed(WebUIKeywordMain.groovy:64)
	at com.kms.katalon.core.webui.keyword.internal.WebUIKeywordMain.runKeyword(WebUIKeywordMain.groovy:26)
	at com.kms.katalon.core.webui.keyword.builtin.SetTextKeyword.setText(SetTextKeyword.groovy:66)
	at com.kms.katalon.core.webui.keyword.builtin.SetTextKeyword.execute(SetTextKeyword.groovy:37)
	at com.kms.katalon.core.keyword.internal.KeywordExecutor.executeKeywordForPlatform(KeywordExecutor.groovy:74)
	at com.kms.katalon.core.webui.keyword.WebUiBuiltInKeywords.setText(WebUiBuiltInKeywords.groovy:980)
	at com.kms.katalon.core.webui.keyword.WebUiBuiltInKeywords$setText$2.call(Unknown Source)
	at shopify.store.inputStoreName(store.groovy:41)
	at CreateStore.run(CreateStore:40)
	at com.kms.katalon.core.main.ScriptEngine.run(ScriptEngine.java:194)
	at com.kms.katalon.core.main.ScriptEngine.runScriptAsRawText(ScriptEngine.java:119)
	at com.kms.katalon.core.main.TestCaseExecutor.runScript(TestCaseExecutor.java:448)
	at com.kms.katalon.core.main.TestCaseExecutor.doExecute(TestCaseExecutor.java:439)
	at com.kms.katalon.core.main.TestCaseExecutor.processExecutionPhase(TestCaseExecutor.java:418)
	at com.kms.katalon.core.main.TestCaseExecutor.accessMainPhase(TestCaseExecutor.java:410)
	at com.kms.katalon.core.main.TestCaseExecutor.execute(TestCaseExecutor.java:285)
	at com.kms.katalon.core.common.CommonExecutor.accessTestCaseMainPhase(CommonExecutor.java:65)
	at com.kms.katalon.core.main.TestSuiteExecutor.accessTestSuiteMainPhase(TestSuiteExecutor.java:151)
	at com.kms.katalon.core.main.TestSuiteExecutor.execute(TestSuiteExecutor.java:106)
	at com.kms.katalon.core.main.TestCaseMain.startTestSuite(TestCaseMain.java:185)
	at com.kms.katalon.core.main.TestCaseMain$startTestSuite$0.call(Unknown Source)
	at TempTestSuite1676253455264.run(TempTestSuite1676253455264.groovy:36)
Caused by: com.kms.katalon.core.webui.exception.WebElementNotFoundException: Web element with id: 'Object Repository/Shopify/input_store_name' located by '//*[@name="signup[shop_name]"]' not found
	at com.kms.katalon.core.webui.common.WebUiCommonHelper.findWebElement(WebUiCommonHelper.java:1370)
	at com.kms.katalon.core.webui.keyword.internal.WebUIAbstractKeyword.findWebElement(WebUIAbstractKeyword.groovy:27)
	at com.kms.katalon.core.webui.keyword.internal.WebUIAbstractKeyword.findWebElement(WebUIAbstractKeyword.groovy:26)
	at com.kms.katalon.core.webui.keyword.builtin.SetTextKeyword$_setText_closure1.doCall(SetTextKeyword.groovy:51)
	at com.kms.katalon.core.webui.keyword.builtin.SetTextKeyword$_setText_closure1.call(SetTextKeyword.groovy)
	at com.kms.katalon.core.webui.keyword.internal.WebUIKeywordMain.runKeyword(WebUIKeywordMain.groovy:20)
	... 20 more]]></system-err>
      </testcase>
      <testcase name="Test Cases/Shopify/CreateStore" time="224.158" classname="Test Cases/Shopify/CreateStore" status="PASSED">
         <system-out><![CDATA[2023-02-13 12:37:39 - [TEST_CASE][PASSED] - Test Cases/Shopify/CreateStore: Test Cases/Shopify/CreateStore

2023-02-13 12:37:39 - [TEST_STEP][PASSED] - Start listener action : skipStatus: null

2023-02-13 12:37:39 - [TEST_STEP][PASSED] - map = testCaseContext.getTestCaseVariables(): null

2023-02-13 12:37:39 - [TEST_STEP][PASSED] - testcae_status = map.get("testcase_status"): null

2023-02-13 12:37:39 - [TEST_STEP][PASSED] - println(testcae_status): null

2023-02-13 12:37:39 - [TEST_STEP][PASSED] - if (testcae_status == "Passed" || testcae_status == "Failed"): null

2023-02-13 12:37:39 - [TEST_STEP][PASSED] - log = new com.kms.katalon.core.util.KeywordUtil(): null

2023-02-13 12:37:39 - [TEST_STEP][PASSED] - openBrowser(""): Browser is opened with url: ''

2023-02-13 12:37:39 - [MESSAGE][WARNING] - A browser is already opened. Closing browser and opening a new one

2023-02-13 12:37:40 - [MESSAGE][INFO] - Starting 'Chrome' driver

2023-02-13 12:37:40 - [MESSAGE][INFO] - Action delay is set to 0 milliseconds

2023-02-13 12:37:41 - [MESSAGE][PASSED] - Browser is opened with url: ''

2023-02-13 12:37:41 - [TEST_STEP][PASSED] - maximizeWindow(): Current window maximized

2023-02-13 12:37:41 - [MESSAGE][PASSED] - Current window maximized

2023-02-13 12:37:41 - [TEST_STEP][PASSED] - st = new shopify.store(): null

2023-02-13 12:37:41 - [TEST_STEP][PASSED] - st.loginShopifyPartner(partner_email, partner_password, partner_id): Object: 'Object Repository/Shopify/btn_login' is clicked on

2023-02-13 12:37:45 - [MESSAGE][PASSED] - Navigate to 'https://partners.shopify.com/1662018/stores/new' successfully

2023-02-13 12:37:46 - [MESSAGE][PASSED] - Text 'huynh@firegroup.io' is set on object 'Object Repository/Shopify/input_email_shopify'

2023-02-13 12:37:47 - [MESSAGE][PASSED] - Object: 'Object Repository/Shopify/btn_continue_with_email' is clicked on

2023-02-13 12:37:48 - [MESSAGE][PASSED] - Text ****** has been set on object 'Object Repository/Shopify/input_password_shopify'

2023-02-13 12:37:54 - [MESSAGE][PASSED] - Object: 'Object Repository/Shopify/btn_login' is clicked on

2023-02-13 12:37:54 - [TEST_STEP][PASSED] - st.navigateToStoreDevelop(partner_id): Navigate to 'https://partners.shopify.com/1662018/stores/new?store_type=dev_preview_store&developer_preview_handle=checkout_extensibility' successfully

2023-02-13 12:37:55 - [MESSAGE][PASSED] - Navigate to 'https://partners.shopify.com/1662018/stores/new?store_type=dev_preview_store&developer_preview_handle=checkout_extensibility' successfully

2023-02-13 12:37:55 - [TEST_STEP][PASSED] - st.inputStoreName(store_name): Delayed 5 second(s)

2023-02-13 12:37:57 - [MESSAGE][PASSED] - Text 'huynh-ar-stag-2424' is set on object 'Object Repository/Shopify/input_store_name'

2023-02-13 12:38:02 - [MESSAGE][PASSED] - Delayed 5 second(s)

2023-02-13 12:38:02 - [TEST_STEP][PASSED] - shopify.store.clickCreateStore(): shopify.store.clickCreateStore is PASSED

2023-02-13 12:38:03 - [MESSAGE][PASSED] - Object: 'Object Repository/Shopify/btn_create_store' is clicked on

2023-02-13 12:38:23 - [MESSAGE][PASSED] - Delayed 20 second(s)

2023-02-13 12:38:23 - [MESSAGE][PASSED] - shopify.store.clickCreateStore is PASSED

2023-02-13 12:38:23 - [TEST_STEP][PASSED] - shopify.store.importProduct(product_file_local): shopify.store.importProduct is PASSED

2023-02-13 12:38:32 - [MESSAGE][PASSED] - Object: 'Object Repository/Shopify/span_product' is clicked on

2023-02-13 12:38:34 - [MESSAGE][PASSED] - Object: 'Object Repository/Shopify/span_import_product' is clicked on

2023-02-13 12:38:34 - [MESSAGE][PASSED] - File 'C:\Users\huynh\Documents\Socialhead\Automation\Katalon project\CreateStore\CreateStore\Data\products_export.csv' sent to object: 'Object Repository/Shopify/file_product'

2023-02-13 12:38:35 - [MESSAGE][PASSED] - Object: 'Object Repository/Shopify/span_upload_product_continue' is clicked on

2023-02-13 12:38:38 - [MESSAGE][PASSED] - Object: 'Object Repository/Shopify/btn_product_confirm_import' is clicked on

2023-02-13 12:39:08 - [MESSAGE][PASSED] - Delayed 30 second(s)

2023-02-13 12:39:08 - [MESSAGE][PASSED] - Refresh successfully

2023-02-13 12:39:23 - [MESSAGE][PASSED] - Delayed 15 second(s)

2023-02-13 12:39:23 - [MESSAGE][PASSED] - shopify.store.importProduct is PASSED

2023-02-13 12:39:23 - [TEST_STEP][PASSED] - shopify.store.clickOnMenuOnlineStore(): shopify.store.clickOnMenuOnlineStore is PASSED

2023-02-13 12:39:23 - [MESSAGE][PASSED] - Object: 'Object Repository/Shopify Store/a_onlie_store' is clicked on

2023-02-13 12:39:34 - [MESSAGE][PASSED] - Delayed 10 second(s)

2023-02-13 12:39:34 - [MESSAGE][PASSED] - shopify.store.clickOnMenuOnlineStore is PASSED

2023-02-13 12:39:34 - [TEST_STEP][PASSED] - shopify.store.clickOnImportTheme(): shopify.store.clickOnImportTheme is PASSED

2023-02-13 12:39:34 - [MESSAGE][PASSED] - Object: 'Object Repository/Shopify Store/btn_add_theme' is clicked on

2023-02-13 12:39:34 - [MESSAGE][PASSED] - shopify.store.clickOnImportTheme is PASSED

2023-02-13 12:39:34 - [TEST_STEP][PASSED] - shopify.store.uploadThemeFile(theme_file_local): shopify.store.uploadThemeFile is PASSED

2023-02-13 12:39:34 - [MESSAGE][PASSED] - Object: 'Object Repository/Shopify Store/btn_upload_zip_file' is clicked on

2023-02-13 12:39:35 - [MESSAGE][PASSED] - File 'C:\Users\huynh\Documents\Socialhead\Automation\Katalon project\CreateStore\CreateStore\Data\theme_export__www-llumsol-com-boom-main-demo__16MAR2021-0742pm.zip' sent to object: 'Object Repository/Shopify Store/file_theme'

2023-02-13 12:39:35 - [MESSAGE][PASSED] - Object: 'Object Repository/Shopify Store/btn_upload_theme' is clicked on

2023-02-13 12:39:45 - [MESSAGE][PASSED] - Delayed 10 second(s)

2023-02-13 12:39:45 - [MESSAGE][PASSED] - shopify.store.uploadThemeFile is PASSED

2023-02-13 12:39:45 - [TEST_STEP][PASSED] - shopify.store.clickPublishTheme(): shopify.store.clickPublishTheme is PASSED

2023-02-13 12:40:15 - [MESSAGE][PASSED] - Delayed 30 second(s)

2023-02-13 12:40:16 - [MESSAGE][PASSED] - Refresh successfully

2023-02-13 12:40:46 - [MESSAGE][PASSED] - Delayed 30 second(s)

2023-02-13 12:40:46 - [MESSAGE][PASSED] - Object 'Object Repository/Shopify Store/btn_publish_theme' is clickable

2023-02-13 12:40:46 - [MESSAGE][PASSED] - Object: 'Object Repository/Shopify Store/btn_publish_theme' is clicked on

2023-02-13 12:40:46 - [MESSAGE][PASSED] - shopify.store.clickPublishTheme is PASSED

2023-02-13 12:40:46 - [TEST_STEP][PASSED] - shopify.store.confirmPublishTheme(): shopify.store.confirmPublishTheme is PASSED

2023-02-13 12:40:56 - [MESSAGE][PASSED] - Delayed 10 second(s)

2023-02-13 12:40:57 - [MESSAGE][PASSED] - Object: 'Object Repository/Shopify Store/btn_confirm_publish_theme' is clicked on

2023-02-13 12:40:57 - [MESSAGE][PASSED] - shopify.store.confirmPublishTheme is PASSED

2023-02-13 12:40:57 - [TEST_STEP][PASSED] - shopify.store_setting.changeStoreCurrency(currency, store_name): shopify.store_setting.changeStoreCurrency is PASSED

2023-02-13 12:41:07 - [MESSAGE][PASSED] - Delayed 10 second(s)

2023-02-13 12:41:10 - [MESSAGE][PASSED] - Navigate to 'http://huynh-ar-stag-2424.myshopify.com/admin/settings/general' successfully

2023-02-13 12:41:23 - [MESSAGE][PASSED] - All options with value 'USD' are selected in object 'Object Repository/Shopify Store/select_currency' 

2023-02-13 12:41:23 - [MESSAGE][PASSED] - shopify.store_setting.changeStoreCurrency is PASSED

2023-02-13 12:41:23 - [TEST_STEP][PASSED] - shopify.store_setting.saveStoreSetting(): shopify.store_setting.saveStoreSetting is PASSED

2023-02-13 12:41:24 - [MESSAGE][PASSED] - Object: 'Object Repository/Shopify Store/span_save_admin_setting' is clicked on

2023-02-13 12:41:24 - [MESSAGE][PASSED] - shopify.store_setting.saveStoreSetting is PASSED

2023-02-13 12:41:24 - [TEST_STEP][PASSED] - Start tear down : teardownIfPassed: Method 'teardownIfPassed' complete successfully

2023-02-13 12:41:24 - [TEST_STEP][PASSED] - data.excel.updateValueToSheet(file_data, "store", 4, store_name, 7, "Passed"): data.excel.updateValueToSheet is PASSED

2023-02-13 12:41:24 - [MESSAGE][PASSED] - data.excel.updateValueToSheet is PASSED

2023-02-13 12:41:24 - [MESSAGE][PASSED] - Method 'teardownIfPassed' complete successfully]]></system-out>
         <system-err><![CDATA[]]></system-err>
      </testcase>
      <testcase name="Test Cases/Shopify/CreateStore" time="220.628" classname="Test Cases/Shopify/CreateStore" status="PASSED">
         <system-out><![CDATA[2023-02-13 12:41:24 - [TEST_CASE][PASSED] - Test Cases/Shopify/CreateStore: Test Cases/Shopify/CreateStore

2023-02-13 12:41:24 - [TEST_STEP][PASSED] - Start listener action : skipStatus: null

2023-02-13 12:41:24 - [TEST_STEP][PASSED] - map = testCaseContext.getTestCaseVariables(): null

2023-02-13 12:41:24 - [TEST_STEP][PASSED] - testcae_status = map.get("testcase_status"): null

2023-02-13 12:41:24 - [TEST_STEP][PASSED] - println(testcae_status): null

2023-02-13 12:41:24 - [TEST_STEP][PASSED] - if (testcae_status == "Passed" || testcae_status == "Failed"): null

2023-02-13 12:41:24 - [TEST_STEP][PASSED] - log = new com.kms.katalon.core.util.KeywordUtil(): null

2023-02-13 12:41:24 - [TEST_STEP][PASSED] - openBrowser(""): Browser is opened with url: ''

2023-02-13 12:41:24 - [MESSAGE][WARNING] - A browser is already opened. Closing browser and opening a new one

2023-02-13 12:41:24 - [MESSAGE][INFO] - Starting 'Chrome' driver

2023-02-13 12:41:24 - [MESSAGE][INFO] - Action delay is set to 0 milliseconds

2023-02-13 12:41:25 - [MESSAGE][PASSED] - Browser is opened with url: ''

2023-02-13 12:41:25 - [TEST_STEP][PASSED] - maximizeWindow(): Current window maximized

2023-02-13 12:41:25 - [MESSAGE][PASSED] - Current window maximized

2023-02-13 12:41:25 - [TEST_STEP][PASSED] - st = new shopify.store(): null

2023-02-13 12:41:25 - [TEST_STEP][PASSED] - st.loginShopifyPartner(partner_email, partner_password, partner_id): Object: 'Object Repository/Shopify/btn_login' is clicked on

2023-02-13 12:41:31 - [MESSAGE][PASSED] - Navigate to 'https://partners.shopify.com/1662018/stores/new' successfully

2023-02-13 12:41:32 - [MESSAGE][PASSED] - Text 'huynh@firegroup.io' is set on object 'Object Repository/Shopify/input_email_shopify'

2023-02-13 12:41:34 - [MESSAGE][PASSED] - Object: 'Object Repository/Shopify/btn_continue_with_email' is clicked on

2023-02-13 12:41:36 - [MESSAGE][PASSED] - Text ****** has been set on object 'Object Repository/Shopify/input_password_shopify'

2023-02-13 12:41:42 - [MESSAGE][PASSED] - Object: 'Object Repository/Shopify/btn_login' is clicked on

2023-02-13 12:41:42 - [TEST_STEP][PASSED] - st.navigateToStoreDevelop(partner_id): Navigate to 'https://partners.shopify.com/1662018/stores/new?store_type=dev_preview_store&developer_preview_handle=checkout_extensibility' successfully

2023-02-13 12:41:43 - [MESSAGE][PASSED] - Navigate to 'https://partners.shopify.com/1662018/stores/new?store_type=dev_preview_store&developer_preview_handle=checkout_extensibility' successfully

2023-02-13 12:41:43 - [TEST_STEP][PASSED] - st.inputStoreName(store_name): Delayed 5 second(s)

2023-02-13 12:41:45 - [MESSAGE][PASSED] - Text 'huynh-ar-stag-2425' is set on object 'Object Repository/Shopify/input_store_name'

2023-02-13 12:41:50 - [MESSAGE][PASSED] - Delayed 5 second(s)

2023-02-13 12:41:50 - [TEST_STEP][PASSED] - shopify.store.clickCreateStore(): shopify.store.clickCreateStore is PASSED

2023-02-13 12:41:50 - [MESSAGE][PASSED] - Object: 'Object Repository/Shopify/btn_create_store' is clicked on

2023-02-13 12:42:10 - [MESSAGE][PASSED] - Delayed 20 second(s)

2023-02-13 12:42:10 - [MESSAGE][PASSED] - shopify.store.clickCreateStore is PASSED

2023-02-13 12:42:10 - [TEST_STEP][PASSED] - shopify.store.importProduct(product_file_local): shopify.store.importProduct is PASSED

2023-02-13 12:42:20 - [MESSAGE][PASSED] - Object: 'Object Repository/Shopify/span_product' is clicked on

2023-02-13 12:42:21 - [MESSAGE][PASSED] - Object: 'Object Repository/Shopify/span_import_product' is clicked on

2023-02-13 12:42:22 - [MESSAGE][PASSED] - File 'C:\Users\huynh\Documents\Socialhead\Automation\Katalon project\CreateStore\CreateStore\Data\products_export.csv' sent to object: 'Object Repository/Shopify/file_product'

2023-02-13 12:42:23 - [MESSAGE][PASSED] - Object: 'Object Repository/Shopify/span_upload_product_continue' is clicked on

2023-02-13 12:42:26 - [MESSAGE][PASSED] - Object: 'Object Repository/Shopify/btn_product_confirm_import' is clicked on

2023-02-13 12:42:56 - [MESSAGE][PASSED] - Delayed 30 second(s)

2023-02-13 12:42:56 - [MESSAGE][PASSED] - Refresh successfully

2023-02-13 12:43:11 - [MESSAGE][PASSED] - Delayed 15 second(s)

2023-02-13 12:43:11 - [MESSAGE][PASSED] - shopify.store.importProduct is PASSED

2023-02-13 12:43:11 - [TEST_STEP][PASSED] - shopify.store.clickOnMenuOnlineStore(): shopify.store.clickOnMenuOnlineStore is PASSED

2023-02-13 12:43:11 - [MESSAGE][PASSED] - Object: 'Object Repository/Shopify Store/a_onlie_store' is clicked on

2023-02-13 12:43:21 - [MESSAGE][PASSED] - Delayed 10 second(s)

2023-02-13 12:43:21 - [MESSAGE][PASSED] - shopify.store.clickOnMenuOnlineStore is PASSED

2023-02-13 12:43:21 - [TEST_STEP][PASSED] - shopify.store.clickOnImportTheme(): shopify.store.clickOnImportTheme is PASSED

2023-02-13 12:43:22 - [MESSAGE][PASSED] - Object: 'Object Repository/Shopify Store/btn_add_theme' is clicked on

2023-02-13 12:43:22 - [MESSAGE][PASSED] - shopify.store.clickOnImportTheme is PASSED

2023-02-13 12:43:22 - [TEST_STEP][PASSED] - shopify.store.uploadThemeFile(theme_file_local): shopify.store.uploadThemeFile is PASSED

2023-02-13 12:43:22 - [MESSAGE][PASSED] - Object: 'Object Repository/Shopify Store/btn_upload_zip_file' is clicked on

2023-02-13 12:43:23 - [MESSAGE][PASSED] - File 'C:\Users\huynh\Documents\Socialhead\Automation\Katalon project\CreateStore\CreateStore\Data\theme_export__www-lojastore68-com-theme-ella-correto__18MAR2021-0950am.zip' sent to object: 'Object Repository/Shopify Store/file_theme'

2023-02-13 12:43:23 - [MESSAGE][PASSED] - Object: 'Object Repository/Shopify Store/btn_upload_theme' is clicked on

2023-02-13 12:43:33 - [MESSAGE][PASSED] - Delayed 10 second(s)

2023-02-13 12:43:33 - [MESSAGE][PASSED] - shopify.store.uploadThemeFile is PASSED

2023-02-13 12:43:33 - [TEST_STEP][PASSED] - shopify.store.clickPublishTheme(): shopify.store.clickPublishTheme is PASSED

2023-02-13 12:44:03 - [MESSAGE][PASSED] - Delayed 30 second(s)

2023-02-13 12:44:04 - [MESSAGE][PASSED] - Refresh successfully

2023-02-13 12:44:34 - [MESSAGE][PASSED] - Delayed 30 second(s)

2023-02-13 12:44:34 - [MESSAGE][PASSED] - Object 'Object Repository/Shopify Store/btn_publish_theme' is clickable

2023-02-13 12:44:34 - [MESSAGE][PASSED] - Object: 'Object Repository/Shopify Store/btn_publish_theme' is clicked on

2023-02-13 12:44:34 - [MESSAGE][PASSED] - shopify.store.clickPublishTheme is PASSED

2023-02-13 12:44:34 - [TEST_STEP][PASSED] - shopify.store.confirmPublishTheme(): shopify.store.confirmPublishTheme is PASSED

2023-02-13 12:44:44 - [MESSAGE][PASSED] - Delayed 10 second(s)

2023-02-13 12:44:45 - [MESSAGE][PASSED] - Object: 'Object Repository/Shopify Store/btn_confirm_publish_theme' is clicked on

2023-02-13 12:44:45 - [MESSAGE][PASSED] - shopify.store.confirmPublishTheme is PASSED

2023-02-13 12:44:45 - [TEST_STEP][PASSED] - shopify.store_setting.changeStoreCurrency(currency, store_name): shopify.store_setting.changeStoreCurrency is PASSED

2023-02-13 12:44:55 - [MESSAGE][PASSED] - Delayed 10 second(s)

2023-02-13 12:44:59 - [MESSAGE][PASSED] - Navigate to 'http://huynh-ar-stag-2425.myshopify.com/admin/settings/general' successfully

2023-02-13 12:45:04 - [MESSAGE][PASSED] - All options with value 'USD' are selected in object 'Object Repository/Shopify Store/select_currency' 

2023-02-13 12:45:04 - [MESSAGE][PASSED] - shopify.store_setting.changeStoreCurrency is PASSED

2023-02-13 12:45:04 - [TEST_STEP][PASSED] - shopify.store_setting.saveStoreSetting(): shopify.store_setting.saveStoreSetting is PASSED

2023-02-13 12:45:04 - [MESSAGE][PASSED] - Object: 'Object Repository/Shopify Store/span_save_admin_setting' is clicked on

2023-02-13 12:45:04 - [MESSAGE][PASSED] - shopify.store_setting.saveStoreSetting is PASSED

2023-02-13 12:45:04 - [TEST_STEP][PASSED] - Start tear down : teardownIfPassed: Method 'teardownIfPassed' complete successfully

2023-02-13 12:45:04 - [TEST_STEP][PASSED] - data.excel.updateValueToSheet(file_data, "store", 4, store_name, 7, "Passed"): data.excel.updateValueToSheet is PASSED

2023-02-13 12:45:04 - [MESSAGE][PASSED] - data.excel.updateValueToSheet is PASSED

2023-02-13 12:45:04 - [MESSAGE][PASSED] - Method 'teardownIfPassed' complete successfully]]></system-out>
         <system-err><![CDATA[]]></system-err>
      </testcase>
      <testcase name="Test Cases/Shopify/CreateStore" time="222.624" classname="Test Cases/Shopify/CreateStore" status="PASSED">
         <system-out><![CDATA[2023-02-13 12:45:04 - [TEST_CASE][PASSED] - Test Cases/Shopify/CreateStore: Test Cases/Shopify/CreateStore

2023-02-13 12:45:04 - [TEST_STEP][PASSED] - Start listener action : skipStatus: null

2023-02-13 12:45:04 - [TEST_STEP][PASSED] - map = testCaseContext.getTestCaseVariables(): null

2023-02-13 12:45:04 - [TEST_STEP][PASSED] - testcae_status = map.get("testcase_status"): null

2023-02-13 12:45:04 - [TEST_STEP][PASSED] - println(testcae_status): null

2023-02-13 12:45:04 - [TEST_STEP][PASSED] - if (testcae_status == "Passed" || testcae_status == "Failed"): null

2023-02-13 12:45:04 - [TEST_STEP][PASSED] - log = new com.kms.katalon.core.util.KeywordUtil(): null

2023-02-13 12:45:04 - [TEST_STEP][PASSED] - openBrowser(""): Browser is opened with url: ''

2023-02-13 12:45:04 - [MESSAGE][WARNING] - A browser is already opened. Closing browser and opening a new one

2023-02-13 12:45:05 - [MESSAGE][INFO] - Starting 'Chrome' driver

2023-02-13 12:45:05 - [MESSAGE][INFO] - Action delay is set to 0 milliseconds

2023-02-13 12:45:06 - [MESSAGE][PASSED] - Browser is opened with url: ''

2023-02-13 12:45:06 - [TEST_STEP][PASSED] - maximizeWindow(): Current window maximized

2023-02-13 12:45:06 - [MESSAGE][PASSED] - Current window maximized

2023-02-13 12:45:06 - [TEST_STEP][PASSED] - st = new shopify.store(): null

2023-02-13 12:45:06 - [TEST_STEP][PASSED] - st.loginShopifyPartner(partner_email, partner_password, partner_id): Object: 'Object Repository/Shopify/btn_login' is clicked on

2023-02-13 12:45:10 - [MESSAGE][PASSED] - Navigate to 'https://partners.shopify.com/1662018/stores/new' successfully

2023-02-13 12:45:11 - [MESSAGE][PASSED] - Text 'huynh@firegroup.io' is set on object 'Object Repository/Shopify/input_email_shopify'

2023-02-13 12:45:12 - [MESSAGE][PASSED] - Object: 'Object Repository/Shopify/btn_continue_with_email' is clicked on

2023-02-13 12:45:14 - [MESSAGE][PASSED] - Text ****** has been set on object 'Object Repository/Shopify/input_password_shopify'

2023-02-13 12:45:19 - [MESSAGE][PASSED] - Object: 'Object Repository/Shopify/btn_login' is clicked on

2023-02-13 12:45:19 - [TEST_STEP][PASSED] - st.navigateToStoreDevelop(partner_id): Navigate to 'https://partners.shopify.com/1662018/stores/new?store_type=dev_preview_store&developer_preview_handle=checkout_extensibility' successfully

2023-02-13 12:45:20 - [MESSAGE][PASSED] - Navigate to 'https://partners.shopify.com/1662018/stores/new?store_type=dev_preview_store&developer_preview_handle=checkout_extensibility' successfully

2023-02-13 12:45:20 - [TEST_STEP][PASSED] - st.inputStoreName(store_name): Delayed 5 second(s)

2023-02-13 12:45:22 - [MESSAGE][PASSED] - Text 'huynh-ar-stag-2426' is set on object 'Object Repository/Shopify/input_store_name'

2023-02-13 12:45:27 - [MESSAGE][PASSED] - Delayed 5 second(s)

2023-02-13 12:45:27 - [TEST_STEP][PASSED] - shopify.store.clickCreateStore(): shopify.store.clickCreateStore is PASSED

2023-02-13 12:45:28 - [MESSAGE][PASSED] - Object: 'Object Repository/Shopify/btn_create_store' is clicked on

2023-02-13 12:45:48 - [MESSAGE][PASSED] - Delayed 20 second(s)

2023-02-13 12:45:48 - [MESSAGE][PASSED] - shopify.store.clickCreateStore is PASSED

2023-02-13 12:45:48 - [TEST_STEP][PASSED] - shopify.store.importProduct(product_file_local): shopify.store.importProduct is PASSED

2023-02-13 12:46:01 - [MESSAGE][PASSED] - Object: 'Object Repository/Shopify/span_product' is clicked on

2023-02-13 12:46:03 - [MESSAGE][PASSED] - Object: 'Object Repository/Shopify/span_import_product' is clicked on

2023-02-13 12:46:03 - [MESSAGE][PASSED] - File 'C:\Users\huynh\Documents\Socialhead\Automation\Katalon project\CreateStore\CreateStore\Data\products_export.csv' sent to object: 'Object Repository/Shopify/file_product'

2023-02-13 12:46:04 - [MESSAGE][PASSED] - Object: 'Object Repository/Shopify/span_upload_product_continue' is clicked on

2023-02-13 12:46:08 - [MESSAGE][PASSED] - Object: 'Object Repository/Shopify/btn_product_confirm_import' is clicked on

2023-02-13 12:46:38 - [MESSAGE][PASSED] - Delayed 30 second(s)

2023-02-13 12:46:38 - [MESSAGE][PASSED] - Refresh successfully

2023-02-13 12:46:53 - [MESSAGE][PASSED] - Delayed 15 second(s)

2023-02-13 12:46:53 - [MESSAGE][PASSED] - shopify.store.importProduct is PASSED

2023-02-13 12:46:53 - [TEST_STEP][PASSED] - shopify.store.clickOnMenuOnlineStore(): shopify.store.clickOnMenuOnlineStore is PASSED

2023-02-13 12:46:54 - [MESSAGE][PASSED] - Object: 'Object Repository/Shopify Store/a_onlie_store' is clicked on

2023-02-13 12:47:04 - [MESSAGE][PASSED] - Delayed 10 second(s)

2023-02-13 12:47:04 - [MESSAGE][PASSED] - shopify.store.clickOnMenuOnlineStore is PASSED

2023-02-13 12:47:04 - [TEST_STEP][PASSED] - shopify.store.clickOnImportTheme(): shopify.store.clickOnImportTheme is PASSED

2023-02-13 12:47:04 - [MESSAGE][PASSED] - Object: 'Object Repository/Shopify Store/btn_add_theme' is clicked on

2023-02-13 12:47:04 - [MESSAGE][PASSED] - shopify.store.clickOnImportTheme is PASSED

2023-02-13 12:47:04 - [TEST_STEP][PASSED] - shopify.store.uploadThemeFile(theme_file_local): shopify.store.uploadThemeFile is PASSED

2023-02-13 12:47:04 - [MESSAGE][PASSED] - Object: 'Object Repository/Shopify Store/btn_upload_zip_file' is clicked on

2023-02-13 12:47:05 - [MESSAGE][PASSED] - File 'C:\Users\huynh\Documents\Socialhead\Automation\Katalon project\CreateStore\CreateStore\Data\theme_export__www-luckyu-com-br-oots-support2-dec-22__04JAN2021-1122pm.zip' sent to object: 'Object Repository/Shopify Store/file_theme'

2023-02-13 12:47:05 - [MESSAGE][PASSED] - Object: 'Object Repository/Shopify Store/btn_upload_theme' is clicked on

2023-02-13 12:47:15 - [MESSAGE][PASSED] - Delayed 10 second(s)

2023-02-13 12:47:15 - [MESSAGE][PASSED] - shopify.store.uploadThemeFile is PASSED

2023-02-13 12:47:15 - [TEST_STEP][PASSED] - shopify.store.clickPublishTheme(): shopify.store.clickPublishTheme is PASSED

2023-02-13 12:47:45 - [MESSAGE][PASSED] - Delayed 30 second(s)

2023-02-13 12:47:46 - [MESSAGE][PASSED] - Refresh successfully

2023-02-13 12:48:16 - [MESSAGE][PASSED] - Delayed 30 second(s)

2023-02-13 12:48:16 - [MESSAGE][PASSED] - Object 'Object Repository/Shopify Store/btn_publish_theme' is clickable

2023-02-13 12:48:16 - [MESSAGE][PASSED] - Object: 'Object Repository/Shopify Store/btn_publish_theme' is clicked on

2023-02-13 12:48:16 - [MESSAGE][PASSED] - shopify.store.clickPublishTheme is PASSED

2023-02-13 12:48:16 - [TEST_STEP][PASSED] - shopify.store.confirmPublishTheme(): shopify.store.confirmPublishTheme is PASSED

2023-02-13 12:48:26 - [MESSAGE][PASSED] - Delayed 10 second(s)

2023-02-13 12:48:27 - [MESSAGE][PASSED] - Object: 'Object Repository/Shopify Store/btn_confirm_publish_theme' is clicked on

2023-02-13 12:48:27 - [MESSAGE][PASSED] - shopify.store.confirmPublishTheme is PASSED

2023-02-13 12:48:27 - [TEST_STEP][PASSED] - shopify.store_setting.changeStoreCurrency(currency, store_name): shopify.store_setting.changeStoreCurrency is PASSED

2023-02-13 12:48:37 - [MESSAGE][PASSED] - Delayed 10 second(s)

2023-02-13 12:48:41 - [MESSAGE][PASSED] - Navigate to 'http://huynh-ar-stag-2426.myshopify.com/admin/settings/general' successfully

2023-02-13 12:48:46 - [MESSAGE][PASSED] - All options with value 'USD' are selected in object 'Object Repository/Shopify Store/select_currency' 

2023-02-13 12:48:46 - [MESSAGE][PASSED] - shopify.store_setting.changeStoreCurrency is PASSED

2023-02-13 12:48:46 - [TEST_STEP][PASSED] - shopify.store_setting.saveStoreSetting(): shopify.store_setting.saveStoreSetting is PASSED

2023-02-13 12:48:47 - [MESSAGE][PASSED] - Object: 'Object Repository/Shopify Store/span_save_admin_setting' is clicked on

2023-02-13 12:48:47 - [MESSAGE][PASSED] - shopify.store_setting.saveStoreSetting is PASSED

2023-02-13 12:48:47 - [TEST_STEP][PASSED] - Start tear down : teardownIfPassed: Method 'teardownIfPassed' complete successfully

2023-02-13 12:48:47 - [TEST_STEP][PASSED] - data.excel.updateValueToSheet(file_data, "store", 4, store_name, 7, "Passed"): data.excel.updateValueToSheet is PASSED

2023-02-13 12:48:47 - [MESSAGE][PASSED] - data.excel.updateValueToSheet is PASSED

2023-02-13 12:48:47 - [MESSAGE][PASSED] - Method 'teardownIfPassed' complete successfully]]></system-out>
         <system-err><![CDATA[]]></system-err>
      </testcase>
      <testcase name="Test Cases/Shopify/CreateStore" time="221.058" classname="Test Cases/Shopify/CreateStore" status="PASSED">
         <system-out><![CDATA[2023-02-13 12:48:47 - [TEST_CASE][PASSED] - Test Cases/Shopify/CreateStore: Test Cases/Shopify/CreateStore

2023-02-13 12:48:47 - [TEST_STEP][PASSED] - Start listener action : skipStatus: null

2023-02-13 12:48:47 - [TEST_STEP][PASSED] - map = testCaseContext.getTestCaseVariables(): null

2023-02-13 12:48:47 - [TEST_STEP][PASSED] - testcae_status = map.get("testcase_status"): null

2023-02-13 12:48:47 - [TEST_STEP][PASSED] - println(testcae_status): null

2023-02-13 12:48:47 - [TEST_STEP][PASSED] - if (testcae_status == "Passed" || testcae_status == "Failed"): null

2023-02-13 12:48:47 - [TEST_STEP][PASSED] - log = new com.kms.katalon.core.util.KeywordUtil(): null

2023-02-13 12:48:47 - [TEST_STEP][PASSED] - openBrowser(""): Browser is opened with url: ''

2023-02-13 12:48:47 - [MESSAGE][WARNING] - A browser is already opened. Closing browser and opening a new one

2023-02-13 12:48:48 - [MESSAGE][INFO] - Starting 'Chrome' driver

2023-02-13 12:48:48 - [MESSAGE][INFO] - Action delay is set to 0 milliseconds

2023-02-13 12:48:49 - [MESSAGE][PASSED] - Browser is opened with url: ''

2023-02-13 12:48:49 - [TEST_STEP][PASSED] - maximizeWindow(): Current window maximized

2023-02-13 12:48:49 - [MESSAGE][PASSED] - Current window maximized

2023-02-13 12:48:49 - [TEST_STEP][PASSED] - st = new shopify.store(): null

2023-02-13 12:48:49 - [TEST_STEP][PASSED] - st.loginShopifyPartner(partner_email, partner_password, partner_id): Object: 'Object Repository/Shopify/btn_login' is clicked on

2023-02-13 12:48:52 - [MESSAGE][PASSED] - Navigate to 'https://partners.shopify.com/1662018/stores/new' successfully

2023-02-13 12:48:53 - [MESSAGE][PASSED] - Text 'huynh@firegroup.io' is set on object 'Object Repository/Shopify/input_email_shopify'

2023-02-13 12:48:56 - [MESSAGE][PASSED] - Object: 'Object Repository/Shopify/btn_continue_with_email' is clicked on

2023-02-13 12:48:58 - [MESSAGE][PASSED] - Text ****** has been set on object 'Object Repository/Shopify/input_password_shopify'

2023-02-13 12:49:03 - [MESSAGE][PASSED] - Object: 'Object Repository/Shopify/btn_login' is clicked on

2023-02-13 12:49:03 - [TEST_STEP][PASSED] - st.navigateToStoreDevelop(partner_id): Navigate to 'https://partners.shopify.com/1662018/stores/new?store_type=dev_preview_store&developer_preview_handle=checkout_extensibility' successfully

2023-02-13 12:49:04 - [MESSAGE][PASSED] - Navigate to 'https://partners.shopify.com/1662018/stores/new?store_type=dev_preview_store&developer_preview_handle=checkout_extensibility' successfully

2023-02-13 12:49:04 - [TEST_STEP][PASSED] - st.inputStoreName(store_name): Delayed 5 second(s)

2023-02-13 12:49:07 - [MESSAGE][PASSED] - Text 'huynh-ar-stag-2427' is set on object 'Object Repository/Shopify/input_store_name'

2023-02-13 12:49:12 - [MESSAGE][PASSED] - Delayed 5 second(s)

2023-02-13 12:49:12 - [TEST_STEP][PASSED] - shopify.store.clickCreateStore(): shopify.store.clickCreateStore is PASSED

2023-02-13 12:49:12 - [MESSAGE][PASSED] - Object: 'Object Repository/Shopify/btn_create_store' is clicked on

2023-02-13 12:49:32 - [MESSAGE][PASSED] - Delayed 20 second(s)

2023-02-13 12:49:32 - [MESSAGE][PASSED] - shopify.store.clickCreateStore is PASSED

2023-02-13 12:49:32 - [TEST_STEP][PASSED] - shopify.store.importProduct(product_file_local): shopify.store.importProduct is PASSED

2023-02-13 12:49:43 - [MESSAGE][PASSED] - Object: 'Object Repository/Shopify/span_product' is clicked on

2023-02-13 12:49:45 - [MESSAGE][PASSED] - Object: 'Object Repository/Shopify/span_import_product' is clicked on

2023-02-13 12:49:46 - [MESSAGE][PASSED] - File 'C:\Users\huynh\Documents\Socialhead\Automation\Katalon project\CreateStore\CreateStore\Data\products_export.csv' sent to object: 'Object Repository/Shopify/file_product'

2023-02-13 12:49:46 - [MESSAGE][PASSED] - Object: 'Object Repository/Shopify/span_upload_product_continue' is clicked on

2023-02-13 12:49:50 - [MESSAGE][PASSED] - Object: 'Object Repository/Shopify/btn_product_confirm_import' is clicked on

2023-02-13 12:50:20 - [MESSAGE][PASSED] - Delayed 30 second(s)

2023-02-13 12:50:21 - [MESSAGE][PASSED] - Refresh successfully

2023-02-13 12:50:36 - [MESSAGE][PASSED] - Delayed 15 second(s)

2023-02-13 12:50:36 - [MESSAGE][PASSED] - shopify.store.importProduct is PASSED

2023-02-13 12:50:36 - [TEST_STEP][PASSED] - shopify.store.clickOnMenuOnlineStore(): shopify.store.clickOnMenuOnlineStore is PASSED

2023-02-13 12:50:36 - [MESSAGE][PASSED] - Object: 'Object Repository/Shopify Store/a_onlie_store' is clicked on

2023-02-13 12:50:46 - [MESSAGE][PASSED] - Delayed 10 second(s)

2023-02-13 12:50:46 - [MESSAGE][PASSED] - shopify.store.clickOnMenuOnlineStore is PASSED

2023-02-13 12:50:46 - [TEST_STEP][PASSED] - shopify.store.clickOnImportTheme(): shopify.store.clickOnImportTheme is PASSED

2023-02-13 12:50:47 - [MESSAGE][PASSED] - Object: 'Object Repository/Shopify Store/btn_add_theme' is clicked on

2023-02-13 12:50:47 - [MESSAGE][PASSED] - shopify.store.clickOnImportTheme is PASSED

2023-02-13 12:50:47 - [TEST_STEP][PASSED] - shopify.store.uploadThemeFile(theme_file_local): shopify.store.uploadThemeFile is PASSED

2023-02-13 12:50:47 - [MESSAGE][PASSED] - Object: 'Object Repository/Shopify Store/btn_upload_zip_file' is clicked on

2023-02-13 12:50:47 - [MESSAGE][PASSED] - File 'C:\Users\huynh\Documents\Socialhead\Automation\Katalon project\CreateStore\CreateStore\Data\theme_export__www-maikbeauty-com-copia-di-debutify-2-0-2__11MAR2021-0413am.zip' sent to object: 'Object Repository/Shopify Store/file_theme'

2023-02-13 12:50:48 - [MESSAGE][PASSED] - Object: 'Object Repository/Shopify Store/btn_upload_theme' is clicked on

2023-02-13 12:50:58 - [MESSAGE][PASSED] - Delayed 10 second(s)

2023-02-13 12:50:58 - [MESSAGE][PASSED] - shopify.store.uploadThemeFile is PASSED

2023-02-13 12:50:58 - [TEST_STEP][PASSED] - shopify.store.clickPublishTheme(): shopify.store.clickPublishTheme is PASSED

2023-02-13 12:51:28 - [MESSAGE][PASSED] - Delayed 30 second(s)

2023-02-13 12:51:28 - [MESSAGE][PASSED] - Refresh successfully

2023-02-13 12:51:58 - [MESSAGE][PASSED] - Delayed 30 second(s)

2023-02-13 12:51:59 - [MESSAGE][PASSED] - Object 'Object Repository/Shopify Store/btn_publish_theme' is clickable

2023-02-13 12:51:59 - [MESSAGE][PASSED] - Object: 'Object Repository/Shopify Store/btn_publish_theme' is clicked on

2023-02-13 12:51:59 - [MESSAGE][PASSED] - shopify.store.clickPublishTheme is PASSED

2023-02-13 12:51:59 - [TEST_STEP][PASSED] - shopify.store.confirmPublishTheme(): shopify.store.confirmPublishTheme is PASSED

2023-02-13 12:52:09 - [MESSAGE][PASSED] - Delayed 10 second(s)

2023-02-13 12:52:09 - [MESSAGE][PASSED] - Object: 'Object Repository/Shopify Store/btn_confirm_publish_theme' is clicked on

2023-02-13 12:52:09 - [MESSAGE][PASSED] - shopify.store.confirmPublishTheme is PASSED

2023-02-13 12:52:09 - [TEST_STEP][PASSED] - shopify.store_setting.changeStoreCurrency(currency, store_name): shopify.store_setting.changeStoreCurrency is PASSED

2023-02-13 12:52:19 - [MESSAGE][PASSED] - Delayed 10 second(s)

2023-02-13 12:52:23 - [MESSAGE][PASSED] - Navigate to 'http://huynh-ar-stag-2427.myshopify.com/admin/settings/general' successfully

2023-02-13 12:52:27 - [MESSAGE][PASSED] - All options with value 'USD' are selected in object 'Object Repository/Shopify Store/select_currency' 

2023-02-13 12:52:27 - [MESSAGE][PASSED] - shopify.store_setting.changeStoreCurrency is PASSED

2023-02-13 12:52:27 - [TEST_STEP][PASSED] - shopify.store_setting.saveStoreSetting(): shopify.store_setting.saveStoreSetting is PASSED

2023-02-13 12:52:28 - [MESSAGE][PASSED] - Object: 'Object Repository/Shopify Store/span_save_admin_setting' is clicked on

2023-02-13 12:52:28 - [MESSAGE][PASSED] - shopify.store_setting.saveStoreSetting is PASSED

2023-02-13 12:52:28 - [TEST_STEP][PASSED] - Start tear down : teardownIfPassed: Method 'teardownIfPassed' complete successfully

2023-02-13 12:52:28 - [TEST_STEP][PASSED] - data.excel.updateValueToSheet(file_data, "store", 4, store_name, 7, "Passed"): data.excel.updateValueToSheet is PASSED

2023-02-13 12:52:28 - [MESSAGE][PASSED] - data.excel.updateValueToSheet is PASSED

2023-02-13 12:52:28 - [MESSAGE][PASSED] - Method 'teardownIfPassed' complete successfully]]></system-out>
         <system-err><![CDATA[]]></system-err>
      </testcase>
      <testcase name="Test Cases/Shopify/CreateStore" time="219.363" classname="Test Cases/Shopify/CreateStore" status="PASSED">
         <system-out><![CDATA[2023-02-13 12:52:28 - [TEST_CASE][PASSED] - Test Cases/Shopify/CreateStore: Test Cases/Shopify/CreateStore

2023-02-13 12:52:28 - [TEST_STEP][PASSED] - Start listener action : skipStatus: null

2023-02-13 12:52:28 - [TEST_STEP][PASSED] - map = testCaseContext.getTestCaseVariables(): null

2023-02-13 12:52:28 - [TEST_STEP][PASSED] - testcae_status = map.get("testcase_status"): null

2023-02-13 12:52:28 - [TEST_STEP][PASSED] - println(testcae_status): null

2023-02-13 12:52:28 - [TEST_STEP][PASSED] - if (testcae_status == "Passed" || testcae_status == "Failed"): null

2023-02-13 12:52:28 - [TEST_STEP][PASSED] - log = new com.kms.katalon.core.util.KeywordUtil(): null

2023-02-13 12:52:28 - [TEST_STEP][PASSED] - openBrowser(""): Browser is opened with url: ''

2023-02-13 12:52:28 - [MESSAGE][WARNING] - A browser is already opened. Closing browser and opening a new one

2023-02-13 12:52:29 - [MESSAGE][INFO] - Starting 'Chrome' driver

2023-02-13 12:52:29 - [MESSAGE][INFO] - Action delay is set to 0 milliseconds

2023-02-13 12:52:30 - [MESSAGE][PASSED] - Browser is opened with url: ''

2023-02-13 12:52:30 - [TEST_STEP][PASSED] - maximizeWindow(): Current window maximized

2023-02-13 12:52:30 - [MESSAGE][PASSED] - Current window maximized

2023-02-13 12:52:30 - [TEST_STEP][PASSED] - st = new shopify.store(): null

2023-02-13 12:52:30 - [TEST_STEP][PASSED] - st.loginShopifyPartner(partner_email, partner_password, partner_id): Object: 'Object Repository/Shopify/btn_login' is clicked on

2023-02-13 12:52:34 - [MESSAGE][PASSED] - Navigate to 'https://partners.shopify.com/1662018/stores/new' successfully

2023-02-13 12:52:35 - [MESSAGE][PASSED] - Text 'huynh@firegroup.io' is set on object 'Object Repository/Shopify/input_email_shopify'

2023-02-13 12:52:38 - [MESSAGE][PASSED] - Object: 'Object Repository/Shopify/btn_continue_with_email' is clicked on

2023-02-13 12:52:40 - [MESSAGE][PASSED] - Text ****** has been set on object 'Object Repository/Shopify/input_password_shopify'

2023-02-13 12:52:45 - [MESSAGE][PASSED] - Object: 'Object Repository/Shopify/btn_login' is clicked on

2023-02-13 12:52:45 - [TEST_STEP][PASSED] - st.navigateToStoreDevelop(partner_id): Navigate to 'https://partners.shopify.com/1662018/stores/new?store_type=dev_preview_store&developer_preview_handle=checkout_extensibility' successfully

2023-02-13 12:52:47 - [MESSAGE][PASSED] - Navigate to 'https://partners.shopify.com/1662018/stores/new?store_type=dev_preview_store&developer_preview_handle=checkout_extensibility' successfully

2023-02-13 12:52:47 - [TEST_STEP][PASSED] - st.inputStoreName(store_name): Delayed 5 second(s)

2023-02-13 12:52:49 - [MESSAGE][PASSED] - Text 'huynh-ar-stag-2428' is set on object 'Object Repository/Shopify/input_store_name'

2023-02-13 12:52:54 - [MESSAGE][PASSED] - Delayed 5 second(s)

2023-02-13 12:52:54 - [TEST_STEP][PASSED] - shopify.store.clickCreateStore(): shopify.store.clickCreateStore is PASSED

2023-02-13 12:52:54 - [MESSAGE][PASSED] - Object: 'Object Repository/Shopify/btn_create_store' is clicked on

2023-02-13 12:53:14 - [MESSAGE][PASSED] - Delayed 20 second(s)

2023-02-13 12:53:14 - [MESSAGE][PASSED] - shopify.store.clickCreateStore is PASSED

2023-02-13 12:53:14 - [TEST_STEP][PASSED] - shopify.store.importProduct(product_file_local): shopify.store.importProduct is PASSED

2023-02-13 12:53:23 - [MESSAGE][PASSED] - Object: 'Object Repository/Shopify/span_product' is clicked on

2023-02-13 12:53:24 - [MESSAGE][PASSED] - Object: 'Object Repository/Shopify/span_import_product' is clicked on

2023-02-13 12:53:25 - [MESSAGE][PASSED] - File 'C:\Users\huynh\Documents\Socialhead\Automation\Katalon project\CreateStore\CreateStore\Data\products_export.csv' sent to object: 'Object Repository/Shopify/file_product'

2023-02-13 12:53:26 - [MESSAGE][PASSED] - Object: 'Object Repository/Shopify/span_upload_product_continue' is clicked on

2023-02-13 12:53:30 - [MESSAGE][PASSED] - Object: 'Object Repository/Shopify/btn_product_confirm_import' is clicked on

2023-02-13 12:54:00 - [MESSAGE][PASSED] - Delayed 30 second(s)

2023-02-13 12:54:00 - [MESSAGE][PASSED] - Refresh successfully

2023-02-13 12:54:15 - [MESSAGE][PASSED] - Delayed 15 second(s)

2023-02-13 12:54:15 - [MESSAGE][PASSED] - shopify.store.importProduct is PASSED

2023-02-13 12:54:15 - [TEST_STEP][PASSED] - shopify.store.clickOnMenuOnlineStore(): shopify.store.clickOnMenuOnlineStore is PASSED

2023-02-13 12:54:16 - [MESSAGE][PASSED] - Object: 'Object Repository/Shopify Store/a_onlie_store' is clicked on

2023-02-13 12:54:26 - [MESSAGE][PASSED] - Delayed 10 second(s)

2023-02-13 12:54:26 - [MESSAGE][PASSED] - shopify.store.clickOnMenuOnlineStore is PASSED

2023-02-13 12:54:26 - [TEST_STEP][PASSED] - shopify.store.clickOnImportTheme(): shopify.store.clickOnImportTheme is PASSED

2023-02-13 12:54:26 - [MESSAGE][PASSED] - Object: 'Object Repository/Shopify Store/btn_add_theme' is clicked on

2023-02-13 12:54:26 - [MESSAGE][PASSED] - shopify.store.clickOnImportTheme is PASSED

2023-02-13 12:54:26 - [TEST_STEP][PASSED] - shopify.store.uploadThemeFile(theme_file_local): shopify.store.uploadThemeFile is PASSED

2023-02-13 12:54:26 - [MESSAGE][PASSED] - Object: 'Object Repository/Shopify Store/btn_upload_zip_file' is clicked on

2023-02-13 12:54:27 - [MESSAGE][PASSED] - File 'C:\Users\huynh\Documents\Socialhead\Automation\Katalon project\CreateStore\CreateStore\Data\theme_export__www-materiol-com-gemthemes__24JUN2020-0315pm.zip' sent to object: 'Object Repository/Shopify Store/file_theme'

2023-02-13 12:54:27 - [MESSAGE][PASSED] - Object: 'Object Repository/Shopify Store/btn_upload_theme' is clicked on

2023-02-13 12:54:37 - [MESSAGE][PASSED] - Delayed 10 second(s)

2023-02-13 12:54:37 - [MESSAGE][PASSED] - shopify.store.uploadThemeFile is PASSED

2023-02-13 12:54:37 - [TEST_STEP][PASSED] - shopify.store.clickPublishTheme(): shopify.store.clickPublishTheme is PASSED

2023-02-13 12:55:07 - [MESSAGE][PASSED] - Delayed 30 second(s)

2023-02-13 12:55:08 - [MESSAGE][PASSED] - Refresh successfully

2023-02-13 12:55:38 - [MESSAGE][PASSED] - Delayed 30 second(s)

2023-02-13 12:55:38 - [MESSAGE][PASSED] - Object 'Object Repository/Shopify Store/btn_publish_theme' is clickable

2023-02-13 12:55:38 - [MESSAGE][PASSED] - Object: 'Object Repository/Shopify Store/btn_publish_theme' is clicked on

2023-02-13 12:55:38 - [MESSAGE][PASSED] - shopify.store.clickPublishTheme is PASSED

2023-02-13 12:55:38 - [TEST_STEP][PASSED] - shopify.store.confirmPublishTheme(): shopify.store.confirmPublishTheme is PASSED

2023-02-13 12:55:48 - [MESSAGE][PASSED] - Delayed 10 second(s)

2023-02-13 12:55:49 - [MESSAGE][PASSED] - Object: 'Object Repository/Shopify Store/btn_confirm_publish_theme' is clicked on

2023-02-13 12:55:49 - [MESSAGE][PASSED] - shopify.store.confirmPublishTheme is PASSED

2023-02-13 12:55:49 - [TEST_STEP][PASSED] - shopify.store_setting.changeStoreCurrency(currency, store_name): shopify.store_setting.changeStoreCurrency is PASSED

2023-02-13 12:55:59 - [MESSAGE][PASSED] - Delayed 10 second(s)

2023-02-13 12:56:02 - [MESSAGE][PASSED] - Navigate to 'http://huynh-ar-stag-2428.myshopify.com/admin/settings/general' successfully

2023-02-13 12:56:07 - [MESSAGE][PASSED] - All options with value 'USD' are selected in object 'Object Repository/Shopify Store/select_currency' 

2023-02-13 12:56:07 - [MESSAGE][PASSED] - shopify.store_setting.changeStoreCurrency is PASSED

2023-02-13 12:56:07 - [TEST_STEP][PASSED] - shopify.store_setting.saveStoreSetting(): shopify.store_setting.saveStoreSetting is PASSED

2023-02-13 12:56:07 - [MESSAGE][PASSED] - Object: 'Object Repository/Shopify Store/span_save_admin_setting' is clicked on

2023-02-13 12:56:07 - [MESSAGE][PASSED] - shopify.store_setting.saveStoreSetting is PASSED

2023-02-13 12:56:07 - [TEST_STEP][PASSED] - Start tear down : teardownIfPassed: Method 'teardownIfPassed' complete successfully

2023-02-13 12:56:07 - [TEST_STEP][PASSED] - data.excel.updateValueToSheet(file_data, "store", 4, store_name, 7, "Passed"): data.excel.updateValueToSheet is PASSED

2023-02-13 12:56:07 - [MESSAGE][PASSED] - data.excel.updateValueToSheet is PASSED

2023-02-13 12:56:07 - [MESSAGE][PASSED] - Method 'teardownIfPassed' complete successfully]]></system-out>
         <system-err><![CDATA[]]></system-err>
      </testcase>
      <testcase name="Test Cases/Shopify/CreateStore" time="220.224" classname="Test Cases/Shopify/CreateStore" status="PASSED">
         <system-out><![CDATA[2023-02-13 12:56:07 - [TEST_CASE][PASSED] - Test Cases/Shopify/CreateStore: Test Cases/Shopify/CreateStore

2023-02-13 12:56:07 - [TEST_STEP][PASSED] - Start listener action : skipStatus: null

2023-02-13 12:56:07 - [TEST_STEP][PASSED] - map = testCaseContext.getTestCaseVariables(): null

2023-02-13 12:56:07 - [TEST_STEP][PASSED] - testcae_status = map.get("testcase_status"): null

2023-02-13 12:56:07 - [TEST_STEP][PASSED] - println(testcae_status): null

2023-02-13 12:56:07 - [TEST_STEP][PASSED] - if (testcae_status == "Passed" || testcae_status == "Failed"): null

2023-02-13 12:56:07 - [TEST_STEP][PASSED] - log = new com.kms.katalon.core.util.KeywordUtil(): null

2023-02-13 12:56:07 - [TEST_STEP][PASSED] - openBrowser(""): Browser is opened with url: ''

2023-02-13 12:56:07 - [MESSAGE][WARNING] - A browser is already opened. Closing browser and opening a new one

2023-02-13 12:56:08 - [MESSAGE][INFO] - Starting 'Chrome' driver

2023-02-13 12:56:08 - [MESSAGE][INFO] - Action delay is set to 0 milliseconds

2023-02-13 12:56:09 - [MESSAGE][PASSED] - Browser is opened with url: ''

2023-02-13 12:56:09 - [TEST_STEP][PASSED] - maximizeWindow(): Current window maximized

2023-02-13 12:56:09 - [MESSAGE][PASSED] - Current window maximized

2023-02-13 12:56:09 - [TEST_STEP][PASSED] - st = new shopify.store(): null

2023-02-13 12:56:09 - [TEST_STEP][PASSED] - st.loginShopifyPartner(partner_email, partner_password, partner_id): Object: 'Object Repository/Shopify/btn_login' is clicked on

2023-02-13 12:56:13 - [MESSAGE][PASSED] - Navigate to 'https://partners.shopify.com/1662018/stores/new' successfully

2023-02-13 12:56:14 - [MESSAGE][PASSED] - Text 'huynh@firegroup.io' is set on object 'Object Repository/Shopify/input_email_shopify'

2023-02-13 12:56:17 - [MESSAGE][PASSED] - Object: 'Object Repository/Shopify/btn_continue_with_email' is clicked on

2023-02-13 12:56:19 - [MESSAGE][PASSED] - Text ****** has been set on object 'Object Repository/Shopify/input_password_shopify'

2023-02-13 12:56:25 - [MESSAGE][PASSED] - Object: 'Object Repository/Shopify/btn_login' is clicked on

2023-02-13 12:56:25 - [TEST_STEP][PASSED] - st.navigateToStoreDevelop(partner_id): Navigate to 'https://partners.shopify.com/1662018/stores/new?store_type=dev_preview_store&developer_preview_handle=checkout_extensibility' successfully

2023-02-13 12:56:26 - [MESSAGE][PASSED] - Navigate to 'https://partners.shopify.com/1662018/stores/new?store_type=dev_preview_store&developer_preview_handle=checkout_extensibility' successfully

2023-02-13 12:56:26 - [TEST_STEP][PASSED] - st.inputStoreName(store_name): Delayed 5 second(s)

2023-02-13 12:56:28 - [MESSAGE][PASSED] - Text 'huynh-ar-stag-2429' is set on object 'Object Repository/Shopify/input_store_name'

2023-02-13 12:56:33 - [MESSAGE][PASSED] - Delayed 5 second(s)

2023-02-13 12:56:33 - [TEST_STEP][PASSED] - shopify.store.clickCreateStore(): shopify.store.clickCreateStore is PASSED

2023-02-13 12:56:33 - [MESSAGE][PASSED] - Object: 'Object Repository/Shopify/btn_create_store' is clicked on

2023-02-13 12:56:53 - [MESSAGE][PASSED] - Delayed 20 second(s)

2023-02-13 12:56:53 - [MESSAGE][PASSED] - shopify.store.clickCreateStore is PASSED

2023-02-13 12:56:53 - [TEST_STEP][PASSED] - shopify.store.importProduct(product_file_local): shopify.store.importProduct is PASSED

2023-02-13 12:57:05 - [MESSAGE][PASSED] - Object: 'Object Repository/Shopify/span_product' is clicked on

2023-02-13 12:57:06 - [MESSAGE][PASSED] - Object: 'Object Repository/Shopify/span_import_product' is clicked on

2023-02-13 12:57:07 - [MESSAGE][PASSED] - File 'C:\Users\huynh\Documents\Socialhead\Automation\Katalon project\CreateStore\CreateStore\Data\products_export.csv' sent to object: 'Object Repository/Shopify/file_product'

2023-02-13 12:57:07 - [MESSAGE][PASSED] - Object: 'Object Repository/Shopify/span_upload_product_continue' is clicked on

2023-02-13 12:57:10 - [MESSAGE][PASSED] - Object: 'Object Repository/Shopify/btn_product_confirm_import' is clicked on

2023-02-13 12:57:40 - [MESSAGE][PASSED] - Delayed 30 second(s)

2023-02-13 12:57:41 - [MESSAGE][PASSED] - Refresh successfully

2023-02-13 12:57:56 - [MESSAGE][PASSED] - Delayed 15 second(s)

2023-02-13 12:57:56 - [MESSAGE][PASSED] - shopify.store.importProduct is PASSED

2023-02-13 12:57:56 - [TEST_STEP][PASSED] - shopify.store.clickOnMenuOnlineStore(): shopify.store.clickOnMenuOnlineStore is PASSED

2023-02-13 12:57:56 - [MESSAGE][PASSED] - Object: 'Object Repository/Shopify Store/a_onlie_store' is clicked on

2023-02-13 12:58:06 - [MESSAGE][PASSED] - Delayed 10 second(s)

2023-02-13 12:58:06 - [MESSAGE][PASSED] - shopify.store.clickOnMenuOnlineStore is PASSED

2023-02-13 12:58:06 - [TEST_STEP][PASSED] - shopify.store.clickOnImportTheme(): shopify.store.clickOnImportTheme is PASSED

2023-02-13 12:58:07 - [MESSAGE][PASSED] - Object: 'Object Repository/Shopify Store/btn_add_theme' is clicked on

2023-02-13 12:58:07 - [MESSAGE][PASSED] - shopify.store.clickOnImportTheme is PASSED

2023-02-13 12:58:07 - [TEST_STEP][PASSED] - shopify.store.uploadThemeFile(theme_file_local): shopify.store.uploadThemeFile is PASSED

2023-02-13 12:58:07 - [MESSAGE][PASSED] - Object: 'Object Repository/Shopify Store/btn_upload_zip_file' is clicked on

2023-02-13 12:58:07 - [MESSAGE][PASSED] - File 'C:\Users\huynh\Documents\Socialhead\Automation\Katalon project\CreateStore\CreateStore\Data\theme_export__www-melandedge-com-upload-me-shella-theme-4-1-0__31AUG2020-0913am.zip' sent to object: 'Object Repository/Shopify Store/file_theme'

2023-02-13 12:58:08 - [MESSAGE][PASSED] - Object: 'Object Repository/Shopify Store/btn_upload_theme' is clicked on

2023-02-13 12:58:18 - [MESSAGE][PASSED] - Delayed 10 second(s)

2023-02-13 12:58:18 - [MESSAGE][PASSED] - shopify.store.uploadThemeFile is PASSED

2023-02-13 12:58:18 - [TEST_STEP][PASSED] - shopify.store.clickPublishTheme(): shopify.store.clickPublishTheme is PASSED

2023-02-13 12:58:48 - [MESSAGE][PASSED] - Delayed 30 second(s)

2023-02-13 12:58:48 - [MESSAGE][PASSED] - Refresh successfully

2023-02-13 12:59:18 - [MESSAGE][PASSED] - Delayed 30 second(s)

2023-02-13 12:59:19 - [MESSAGE][PASSED] - Object 'Object Repository/Shopify Store/btn_publish_theme' is clickable

2023-02-13 12:59:19 - [MESSAGE][PASSED] - Object: 'Object Repository/Shopify Store/btn_publish_theme' is clicked on

2023-02-13 12:59:19 - [MESSAGE][PASSED] - shopify.store.clickPublishTheme is PASSED

2023-02-13 12:59:19 - [TEST_STEP][PASSED] - shopify.store.confirmPublishTheme(): shopify.store.confirmPublishTheme is PASSED

2023-02-13 12:59:29 - [MESSAGE][PASSED] - Delayed 10 second(s)

2023-02-13 12:59:29 - [MESSAGE][PASSED] - Object: 'Object Repository/Shopify Store/btn_confirm_publish_theme' is clicked on

2023-02-13 12:59:29 - [MESSAGE][PASSED] - shopify.store.confirmPublishTheme is PASSED

2023-02-13 12:59:29 - [TEST_STEP][PASSED] - shopify.store_setting.changeStoreCurrency(currency, store_name): shopify.store_setting.changeStoreCurrency is PASSED

2023-02-13 12:59:39 - [MESSAGE][PASSED] - Delayed 10 second(s)

2023-02-13 12:59:42 - [MESSAGE][PASSED] - Navigate to 'http://huynh-ar-stag-2429.myshopify.com/admin/settings/general' successfully

2023-02-13 12:59:47 - [MESSAGE][PASSED] - All options with value 'USD' are selected in object 'Object Repository/Shopify Store/select_currency' 

2023-02-13 12:59:47 - [MESSAGE][PASSED] - shopify.store_setting.changeStoreCurrency is PASSED

2023-02-13 12:59:47 - [TEST_STEP][PASSED] - shopify.store_setting.saveStoreSetting(): shopify.store_setting.saveStoreSetting is PASSED

2023-02-13 12:59:48 - [MESSAGE][PASSED] - Object: 'Object Repository/Shopify Store/span_save_admin_setting' is clicked on

2023-02-13 12:59:48 - [MESSAGE][PASSED] - shopify.store_setting.saveStoreSetting is PASSED

2023-02-13 12:59:48 - [TEST_STEP][PASSED] - Start tear down : teardownIfPassed: Method 'teardownIfPassed' complete successfully

2023-02-13 12:59:48 - [TEST_STEP][PASSED] - data.excel.updateValueToSheet(file_data, "store", 4, store_name, 7, "Passed"): data.excel.updateValueToSheet is PASSED

2023-02-13 12:59:48 - [MESSAGE][PASSED] - data.excel.updateValueToSheet is PASSED

2023-02-13 12:59:48 - [MESSAGE][PASSED] - Method 'teardownIfPassed' complete successfully]]></system-out>
         <system-err><![CDATA[]]></system-err>
      </testcase>
      <testcase name="Test Cases/Shopify/CreateStore" time="231.695" classname="Test Cases/Shopify/CreateStore" status="PASSED">
         <system-out><![CDATA[2023-02-13 12:59:48 - [TEST_CASE][PASSED] - Test Cases/Shopify/CreateStore: Test Cases/Shopify/CreateStore

2023-02-13 12:59:48 - [TEST_STEP][PASSED] - Start listener action : skipStatus: null

2023-02-13 12:59:48 - [TEST_STEP][PASSED] - map = testCaseContext.getTestCaseVariables(): null

2023-02-13 12:59:48 - [TEST_STEP][PASSED] - testcae_status = map.get("testcase_status"): null

2023-02-13 12:59:48 - [TEST_STEP][PASSED] - println(testcae_status): null

2023-02-13 12:59:48 - [TEST_STEP][PASSED] - if (testcae_status == "Passed" || testcae_status == "Failed"): null

2023-02-13 12:59:48 - [TEST_STEP][PASSED] - log = new com.kms.katalon.core.util.KeywordUtil(): null

2023-02-13 12:59:48 - [TEST_STEP][PASSED] - openBrowser(""): Browser is opened with url: ''

2023-02-13 12:59:48 - [MESSAGE][WARNING] - A browser is already opened. Closing browser and opening a new one

2023-02-13 12:59:48 - [MESSAGE][INFO] - Starting 'Chrome' driver

2023-02-13 12:59:48 - [MESSAGE][INFO] - Action delay is set to 0 milliseconds

2023-02-13 12:59:49 - [MESSAGE][PASSED] - Browser is opened with url: ''

2023-02-13 12:59:49 - [TEST_STEP][PASSED] - maximizeWindow(): Current window maximized

2023-02-13 12:59:50 - [MESSAGE][PASSED] - Current window maximized

2023-02-13 12:59:50 - [TEST_STEP][PASSED] - st = new shopify.store(): null

2023-02-13 12:59:50 - [TEST_STEP][PASSED] - st.loginShopifyPartner(partner_email, partner_password, partner_id): Object: 'Object Repository/Shopify/btn_login' is clicked on

2023-02-13 12:59:55 - [MESSAGE][PASSED] - Navigate to 'https://partners.shopify.com/1662018/stores/new' successfully

2023-02-13 12:59:56 - [MESSAGE][PASSED] - Text 'huynh@firegroup.io' is set on object 'Object Repository/Shopify/input_email_shopify'

2023-02-13 12:59:57 - [MESSAGE][PASSED] - Object: 'Object Repository/Shopify/btn_continue_with_email' is clicked on

2023-02-13 12:59:59 - [MESSAGE][PASSED] - Text ****** has been set on object 'Object Repository/Shopify/input_password_shopify'

2023-02-13 13:00:08 - [MESSAGE][PASSED] - Object: 'Object Repository/Shopify/btn_login' is clicked on

2023-02-13 13:00:08 - [TEST_STEP][PASSED] - st.navigateToStoreDevelop(partner_id): Navigate to 'https://partners.shopify.com/1662018/stores/new?store_type=dev_preview_store&developer_preview_handle=checkout_extensibility' successfully

2023-02-13 13:00:08 - [MESSAGE][PASSED] - Navigate to 'https://partners.shopify.com/1662018/stores/new?store_type=dev_preview_store&developer_preview_handle=checkout_extensibility' successfully

2023-02-13 13:00:08 - [TEST_STEP][PASSED] - st.inputStoreName(store_name): Delayed 5 second(s)

2023-02-13 13:00:11 - [MESSAGE][PASSED] - Text 'huynh-ar-stag-2430' is set on object 'Object Repository/Shopify/input_store_name'

2023-02-13 13:00:16 - [MESSAGE][PASSED] - Delayed 5 second(s)

2023-02-13 13:00:16 - [TEST_STEP][PASSED] - shopify.store.clickCreateStore(): shopify.store.clickCreateStore is PASSED

2023-02-13 13:00:16 - [MESSAGE][PASSED] - Object: 'Object Repository/Shopify/btn_create_store' is clicked on

2023-02-13 13:00:36 - [MESSAGE][PASSED] - Delayed 20 second(s)

2023-02-13 13:00:36 - [MESSAGE][PASSED] - shopify.store.clickCreateStore is PASSED

2023-02-13 13:00:36 - [TEST_STEP][PASSED] - shopify.store.importProduct(product_file_local): shopify.store.importProduct is PASSED

2023-02-13 13:00:56 - [MESSAGE][PASSED] - Object: 'Object Repository/Shopify/span_product' is clicked on

2023-02-13 13:00:57 - [MESSAGE][PASSED] - Object: 'Object Repository/Shopify/span_import_product' is clicked on

2023-02-13 13:00:58 - [MESSAGE][PASSED] - File 'C:\Users\huynh\Documents\Socialhead\Automation\Katalon project\CreateStore\CreateStore\Data\products_export.csv' sent to object: 'Object Repository/Shopify/file_product'

2023-02-13 13:00:59 - [MESSAGE][PASSED] - Object: 'Object Repository/Shopify/span_upload_product_continue' is clicked on

2023-02-13 13:01:02 - [MESSAGE][PASSED] - Object: 'Object Repository/Shopify/btn_product_confirm_import' is clicked on

2023-02-13 13:01:32 - [MESSAGE][PASSED] - Delayed 30 second(s)

2023-02-13 13:01:32 - [MESSAGE][PASSED] - Refresh successfully

2023-02-13 13:01:47 - [MESSAGE][PASSED] - Delayed 15 second(s)

2023-02-13 13:01:47 - [MESSAGE][PASSED] - shopify.store.importProduct is PASSED

2023-02-13 13:01:47 - [TEST_STEP][PASSED] - shopify.store.clickOnMenuOnlineStore(): shopify.store.clickOnMenuOnlineStore is PASSED

2023-02-13 13:01:48 - [MESSAGE][PASSED] - Object: 'Object Repository/Shopify Store/a_onlie_store' is clicked on

2023-02-13 13:01:58 - [MESSAGE][PASSED] - Delayed 10 second(s)

2023-02-13 13:01:58 - [MESSAGE][PASSED] - shopify.store.clickOnMenuOnlineStore is PASSED

2023-02-13 13:01:58 - [TEST_STEP][PASSED] - shopify.store.clickOnImportTheme(): shopify.store.clickOnImportTheme is PASSED

2023-02-13 13:01:58 - [MESSAGE][PASSED] - Object: 'Object Repository/Shopify Store/btn_add_theme' is clicked on

2023-02-13 13:01:58 - [MESSAGE][PASSED] - shopify.store.clickOnImportTheme is PASSED

2023-02-13 13:01:58 - [TEST_STEP][PASSED] - shopify.store.uploadThemeFile(theme_file_local): shopify.store.uploadThemeFile is PASSED

2023-02-13 13:01:58 - [MESSAGE][PASSED] - Object: 'Object Repository/Shopify Store/btn_upload_zip_file' is clicked on

2023-02-13 13:01:59 - [MESSAGE][PASSED] - File 'C:\Users\huynh\Documents\Socialhead\Automation\Katalon project\CreateStore\CreateStore\Data\theme_export__www-minihappiness-de-kagami-ms-theme__11OCT2021-1134am.zip' sent to object: 'Object Repository/Shopify Store/file_theme'

2023-02-13 13:01:59 - [MESSAGE][PASSED] - Object: 'Object Repository/Shopify Store/btn_upload_theme' is clicked on

2023-02-13 13:02:09 - [MESSAGE][PASSED] - Delayed 10 second(s)

2023-02-13 13:02:09 - [MESSAGE][PASSED] - shopify.store.uploadThemeFile is PASSED

2023-02-13 13:02:09 - [TEST_STEP][PASSED] - shopify.store.clickPublishTheme(): shopify.store.clickPublishTheme is PASSED

2023-02-13 13:02:39 - [MESSAGE][PASSED] - Delayed 30 second(s)

2023-02-13 13:02:40 - [MESSAGE][PASSED] - Refresh successfully

2023-02-13 13:03:10 - [MESSAGE][PASSED] - Delayed 30 second(s)

2023-02-13 13:03:10 - [MESSAGE][PASSED] - Object 'Object Repository/Shopify Store/btn_publish_theme' is clickable

2023-02-13 13:03:10 - [MESSAGE][PASSED] - Object: 'Object Repository/Shopify Store/btn_publish_theme' is clicked on

2023-02-13 13:03:10 - [MESSAGE][PASSED] - shopify.store.clickPublishTheme is PASSED

2023-02-13 13:03:10 - [TEST_STEP][PASSED] - shopify.store.confirmPublishTheme(): shopify.store.confirmPublishTheme is PASSED

2023-02-13 13:03:20 - [MESSAGE][PASSED] - Delayed 10 second(s)

2023-02-13 13:03:21 - [MESSAGE][PASSED] - Object: 'Object Repository/Shopify Store/btn_confirm_publish_theme' is clicked on

2023-02-13 13:03:21 - [MESSAGE][PASSED] - shopify.store.confirmPublishTheme is PASSED

2023-02-13 13:03:21 - [TEST_STEP][PASSED] - shopify.store_setting.changeStoreCurrency(currency, store_name): shopify.store_setting.changeStoreCurrency is PASSED

2023-02-13 13:03:31 - [MESSAGE][PASSED] - Delayed 10 second(s)

2023-02-13 13:03:34 - [MESSAGE][PASSED] - Navigate to 'http://huynh-ar-stag-2430.myshopify.com/admin/settings/general' successfully

2023-02-13 13:03:39 - [MESSAGE][PASSED] - All options with value 'USD' are selected in object 'Object Repository/Shopify Store/select_currency' 

2023-02-13 13:03:39 - [MESSAGE][PASSED] - shopify.store_setting.changeStoreCurrency is PASSED

2023-02-13 13:03:39 - [TEST_STEP][PASSED] - shopify.store_setting.saveStoreSetting(): shopify.store_setting.saveStoreSetting is PASSED

2023-02-13 13:03:39 - [MESSAGE][PASSED] - Object: 'Object Repository/Shopify Store/span_save_admin_setting' is clicked on

2023-02-13 13:03:39 - [MESSAGE][PASSED] - shopify.store_setting.saveStoreSetting is PASSED

2023-02-13 13:03:39 - [TEST_STEP][PASSED] - Start tear down : teardownIfPassed: Method 'teardownIfPassed' complete successfully

2023-02-13 13:03:39 - [TEST_STEP][PASSED] - data.excel.updateValueToSheet(file_data, "store", 4, store_name, 7, "Passed"): data.excel.updateValueToSheet is PASSED

2023-02-13 13:03:39 - [MESSAGE][PASSED] - data.excel.updateValueToSheet is PASSED

2023-02-13 13:03:39 - [MESSAGE][PASSED] - Method 'teardownIfPassed' complete successfully]]></system-out>
         <system-err><![CDATA[]]></system-err>
      </testcase>
      <testcase name="Test Cases/Shopify/CreateStore" time="224.509" classname="Test Cases/Shopify/CreateStore" status="PASSED">
         <system-out><![CDATA[2023-02-13 13:03:39 - [TEST_CASE][PASSED] - Test Cases/Shopify/CreateStore: Test Cases/Shopify/CreateStore

2023-02-13 13:03:39 - [TEST_STEP][PASSED] - Start listener action : skipStatus: null

2023-02-13 13:03:39 - [TEST_STEP][PASSED] - map = testCaseContext.getTestCaseVariables(): null

2023-02-13 13:03:39 - [TEST_STEP][PASSED] - testcae_status = map.get("testcase_status"): null

2023-02-13 13:03:39 - [TEST_STEP][PASSED] - println(testcae_status): null

2023-02-13 13:03:39 - [TEST_STEP][PASSED] - if (testcae_status == "Passed" || testcae_status == "Failed"): null

2023-02-13 13:03:39 - [TEST_STEP][PASSED] - log = new com.kms.katalon.core.util.KeywordUtil(): null

2023-02-13 13:03:39 - [TEST_STEP][PASSED] - openBrowser(""): Browser is opened with url: ''

2023-02-13 13:03:39 - [MESSAGE][WARNING] - A browser is already opened. Closing browser and opening a new one

2023-02-13 13:03:40 - [MESSAGE][INFO] - Starting 'Chrome' driver

2023-02-13 13:03:40 - [MESSAGE][INFO] - Action delay is set to 0 milliseconds

2023-02-13 13:03:41 - [MESSAGE][PASSED] - Browser is opened with url: ''

2023-02-13 13:03:41 - [TEST_STEP][PASSED] - maximizeWindow(): Current window maximized

2023-02-13 13:03:41 - [MESSAGE][PASSED] - Current window maximized

2023-02-13 13:03:41 - [TEST_STEP][PASSED] - st = new shopify.store(): null

2023-02-13 13:03:41 - [TEST_STEP][PASSED] - st.loginShopifyPartner(partner_email, partner_password, partner_id): Object: 'Object Repository/Shopify/btn_login' is clicked on

2023-02-13 13:03:46 - [MESSAGE][PASSED] - Navigate to 'https://partners.shopify.com/1662018/stores/new' successfully

2023-02-13 13:03:47 - [MESSAGE][PASSED] - Text 'huynh@firegroup.io' is set on object 'Object Repository/Shopify/input_email_shopify'

2023-02-13 13:03:48 - [MESSAGE][PASSED] - Object: 'Object Repository/Shopify/btn_continue_with_email' is clicked on

2023-02-13 13:03:50 - [MESSAGE][PASSED] - Text ****** has been set on object 'Object Repository/Shopify/input_password_shopify'

2023-02-13 13:03:57 - [MESSAGE][PASSED] - Object: 'Object Repository/Shopify/btn_login' is clicked on

2023-02-13 13:03:57 - [TEST_STEP][PASSED] - st.navigateToStoreDevelop(partner_id): Navigate to 'https://partners.shopify.com/1662018/stores/new?store_type=dev_preview_store&developer_preview_handle=checkout_extensibility' successfully

2023-02-13 13:03:58 - [MESSAGE][PASSED] - Navigate to 'https://partners.shopify.com/1662018/stores/new?store_type=dev_preview_store&developer_preview_handle=checkout_extensibility' successfully

2023-02-13 13:03:58 - [TEST_STEP][PASSED] - st.inputStoreName(store_name): Delayed 5 second(s)

2023-02-13 13:04:00 - [MESSAGE][PASSED] - Text 'huynh-ar-stag-2431' is set on object 'Object Repository/Shopify/input_store_name'

2023-02-13 13:04:05 - [MESSAGE][PASSED] - Delayed 5 second(s)

2023-02-13 13:04:05 - [TEST_STEP][PASSED] - shopify.store.clickCreateStore(): shopify.store.clickCreateStore is PASSED

2023-02-13 13:04:05 - [MESSAGE][PASSED] - Object: 'Object Repository/Shopify/btn_create_store' is clicked on

2023-02-13 13:04:25 - [MESSAGE][PASSED] - Delayed 20 second(s)

2023-02-13 13:04:25 - [MESSAGE][PASSED] - shopify.store.clickCreateStore is PASSED

2023-02-13 13:04:25 - [TEST_STEP][PASSED] - shopify.store.importProduct(product_file_local): shopify.store.importProduct is PASSED

2023-02-13 13:04:38 - [MESSAGE][PASSED] - Object: 'Object Repository/Shopify/span_product' is clicked on

2023-02-13 13:04:40 - [MESSAGE][PASSED] - Object: 'Object Repository/Shopify/span_import_product' is clicked on

2023-02-13 13:04:40 - [MESSAGE][PASSED] - File 'C:\Users\huynh\Documents\Socialhead\Automation\Katalon project\CreateStore\CreateStore\Data\products_export.csv' sent to object: 'Object Repository/Shopify/file_product'

2023-02-13 13:04:41 - [MESSAGE][PASSED] - Object: 'Object Repository/Shopify/span_upload_product_continue' is clicked on

2023-02-13 13:04:45 - [MESSAGE][PASSED] - Object: 'Object Repository/Shopify/btn_product_confirm_import' is clicked on

2023-02-13 13:05:15 - [MESSAGE][PASSED] - Delayed 30 second(s)

2023-02-13 13:05:15 - [MESSAGE][PASSED] - Refresh successfully

2023-02-13 13:05:30 - [MESSAGE][PASSED] - Delayed 15 second(s)

2023-02-13 13:05:30 - [MESSAGE][PASSED] - shopify.store.importProduct is PASSED

2023-02-13 13:05:30 - [TEST_STEP][PASSED] - shopify.store.clickOnMenuOnlineStore(): shopify.store.clickOnMenuOnlineStore is PASSED

2023-02-13 13:05:31 - [MESSAGE][PASSED] - Object: 'Object Repository/Shopify Store/a_onlie_store' is clicked on

2023-02-13 13:05:41 - [MESSAGE][PASSED] - Delayed 10 second(s)

2023-02-13 13:05:41 - [MESSAGE][PASSED] - shopify.store.clickOnMenuOnlineStore is PASSED

2023-02-13 13:05:41 - [TEST_STEP][PASSED] - shopify.store.clickOnImportTheme(): shopify.store.clickOnImportTheme is PASSED

2023-02-13 13:05:41 - [MESSAGE][PASSED] - Object: 'Object Repository/Shopify Store/btn_add_theme' is clicked on

2023-02-13 13:05:41 - [MESSAGE][PASSED] - shopify.store.clickOnImportTheme is PASSED

2023-02-13 13:05:41 - [TEST_STEP][PASSED] - shopify.store.uploadThemeFile(theme_file_local): shopify.store.uploadThemeFile is PASSED

2023-02-13 13:05:41 - [MESSAGE][PASSED] - Object: 'Object Repository/Shopify Store/btn_upload_zip_file' is clicked on

2023-02-13 13:05:42 - [MESSAGE][PASSED] - File 'C:\Users\huynh\Documents\Socialhead\Automation\Katalon project\CreateStore\CreateStore\Data\theme_export__www-mundoglam-com-br-blockshop__02JUN2020-1243pm(1).zip' sent to object: 'Object Repository/Shopify Store/file_theme'

2023-02-13 13:05:42 - [MESSAGE][PASSED] - Object: 'Object Repository/Shopify Store/btn_upload_theme' is clicked on

2023-02-13 13:05:52 - [MESSAGE][PASSED] - Delayed 10 second(s)

2023-02-13 13:05:52 - [MESSAGE][PASSED] - shopify.store.uploadThemeFile is PASSED

2023-02-13 13:05:52 - [TEST_STEP][PASSED] - shopify.store.clickPublishTheme(): shopify.store.clickPublishTheme is PASSED

2023-02-13 13:06:22 - [MESSAGE][PASSED] - Delayed 30 second(s)

2023-02-13 13:06:23 - [MESSAGE][PASSED] - Refresh successfully

2023-02-13 13:06:53 - [MESSAGE][PASSED] - Delayed 30 second(s)

2023-02-13 13:06:53 - [MESSAGE][PASSED] - Object 'Object Repository/Shopify Store/btn_publish_theme' is clickable

2023-02-13 13:06:53 - [MESSAGE][PASSED] - Object: 'Object Repository/Shopify Store/btn_publish_theme' is clicked on

2023-02-13 13:06:53 - [MESSAGE][PASSED] - shopify.store.clickPublishTheme is PASSED

2023-02-13 13:06:53 - [TEST_STEP][PASSED] - shopify.store.confirmPublishTheme(): shopify.store.confirmPublishTheme is PASSED

2023-02-13 13:07:03 - [MESSAGE][PASSED] - Delayed 10 second(s)

2023-02-13 13:07:04 - [MESSAGE][PASSED] - Object: 'Object Repository/Shopify Store/btn_confirm_publish_theme' is clicked on

2023-02-13 13:07:04 - [MESSAGE][PASSED] - shopify.store.confirmPublishTheme is PASSED

2023-02-13 13:07:04 - [TEST_STEP][PASSED] - shopify.store_setting.changeStoreCurrency(currency, store_name): shopify.store_setting.changeStoreCurrency is PASSED

2023-02-13 13:07:14 - [MESSAGE][PASSED] - Delayed 10 second(s)

2023-02-13 13:07:17 - [MESSAGE][PASSED] - Navigate to 'http://huynh-ar-stag-2431.myshopify.com/admin/settings/general' successfully

2023-02-13 13:07:23 - [MESSAGE][PASSED] - All options with value 'USD' are selected in object 'Object Repository/Shopify Store/select_currency' 

2023-02-13 13:07:23 - [MESSAGE][PASSED] - shopify.store_setting.changeStoreCurrency is PASSED

2023-02-13 13:07:23 - [TEST_STEP][PASSED] - shopify.store_setting.saveStoreSetting(): shopify.store_setting.saveStoreSetting is PASSED

2023-02-13 13:07:24 - [MESSAGE][PASSED] - Object: 'Object Repository/Shopify Store/span_save_admin_setting' is clicked on

2023-02-13 13:07:24 - [MESSAGE][PASSED] - shopify.store_setting.saveStoreSetting is PASSED

2023-02-13 13:07:24 - [TEST_STEP][PASSED] - Start tear down : teardownIfPassed: Method 'teardownIfPassed' complete successfully

2023-02-13 13:07:24 - [TEST_STEP][PASSED] - data.excel.updateValueToSheet(file_data, "store", 4, store_name, 7, "Passed"): data.excel.updateValueToSheet is PASSED

2023-02-13 13:07:24 - [MESSAGE][PASSED] - data.excel.updateValueToSheet is PASSED

2023-02-13 13:07:24 - [MESSAGE][PASSED] - Method 'teardownIfPassed' complete successfully]]></system-out>
         <system-err><![CDATA[]]></system-err>
      </testcase>
      <testcase name="Test Cases/Shopify/CreateStore" time="219.188" classname="Test Cases/Shopify/CreateStore" status="PASSED">
         <system-out><![CDATA[2023-02-13 13:07:24 - [TEST_CASE][PASSED] - Test Cases/Shopify/CreateStore: Test Cases/Shopify/CreateStore

2023-02-13 13:07:24 - [TEST_STEP][PASSED] - Start listener action : skipStatus: null

2023-02-13 13:07:24 - [TEST_STEP][PASSED] - map = testCaseContext.getTestCaseVariables(): null

2023-02-13 13:07:24 - [TEST_STEP][PASSED] - testcae_status = map.get("testcase_status"): null

2023-02-13 13:07:24 - [TEST_STEP][PASSED] - println(testcae_status): null

2023-02-13 13:07:24 - [TEST_STEP][PASSED] - if (testcae_status == "Passed" || testcae_status == "Failed"): null

2023-02-13 13:07:24 - [TEST_STEP][PASSED] - log = new com.kms.katalon.core.util.KeywordUtil(): null

2023-02-13 13:07:24 - [TEST_STEP][PASSED] - openBrowser(""): Browser is opened with url: ''

2023-02-13 13:07:24 - [MESSAGE][WARNING] - A browser is already opened. Closing browser and opening a new one

2023-02-13 13:07:25 - [MESSAGE][INFO] - Starting 'Chrome' driver

2023-02-13 13:07:25 - [MESSAGE][INFO] - Action delay is set to 0 milliseconds

2023-02-13 13:07:26 - [MESSAGE][PASSED] - Browser is opened with url: ''

2023-02-13 13:07:26 - [TEST_STEP][PASSED] - maximizeWindow(): Current window maximized

2023-02-13 13:07:26 - [MESSAGE][PASSED] - Current window maximized

2023-02-13 13:07:26 - [TEST_STEP][PASSED] - st = new shopify.store(): null

2023-02-13 13:07:26 - [TEST_STEP][PASSED] - st.loginShopifyPartner(partner_email, partner_password, partner_id): Object: 'Object Repository/Shopify/btn_login' is clicked on

2023-02-13 13:07:30 - [MESSAGE][PASSED] - Navigate to 'https://partners.shopify.com/1662018/stores/new' successfully

2023-02-13 13:07:31 - [MESSAGE][PASSED] - Text 'huynh@firegroup.io' is set on object 'Object Repository/Shopify/input_email_shopify'

2023-02-13 13:07:32 - [MESSAGE][PASSED] - Object: 'Object Repository/Shopify/btn_continue_with_email' is clicked on

2023-02-13 13:07:34 - [MESSAGE][PASSED] - Text ****** has been set on object 'Object Repository/Shopify/input_password_shopify'

2023-02-13 13:07:39 - [MESSAGE][PASSED] - Object: 'Object Repository/Shopify/btn_login' is clicked on

2023-02-13 13:07:39 - [TEST_STEP][PASSED] - st.navigateToStoreDevelop(partner_id): Navigate to 'https://partners.shopify.com/1662018/stores/new?store_type=dev_preview_store&developer_preview_handle=checkout_extensibility' successfully

2023-02-13 13:07:40 - [MESSAGE][PASSED] - Navigate to 'https://partners.shopify.com/1662018/stores/new?store_type=dev_preview_store&developer_preview_handle=checkout_extensibility' successfully

2023-02-13 13:07:40 - [TEST_STEP][PASSED] - st.inputStoreName(store_name): Delayed 5 second(s)

2023-02-13 13:07:42 - [MESSAGE][PASSED] - Text 'huynh-ar-stag-2432' is set on object 'Object Repository/Shopify/input_store_name'

2023-02-13 13:07:47 - [MESSAGE][PASSED] - Delayed 5 second(s)

2023-02-13 13:07:47 - [TEST_STEP][PASSED] - shopify.store.clickCreateStore(): shopify.store.clickCreateStore is PASSED

2023-02-13 13:07:47 - [MESSAGE][PASSED] - Object: 'Object Repository/Shopify/btn_create_store' is clicked on

2023-02-13 13:08:07 - [MESSAGE][PASSED] - Delayed 20 second(s)

2023-02-13 13:08:07 - [MESSAGE][PASSED] - shopify.store.clickCreateStore is PASSED

2023-02-13 13:08:07 - [TEST_STEP][PASSED] - shopify.store.importProduct(product_file_local): shopify.store.importProduct is PASSED

2023-02-13 13:08:18 - [MESSAGE][PASSED] - Object: 'Object Repository/Shopify/span_product' is clicked on

2023-02-13 13:08:20 - [MESSAGE][PASSED] - Object: 'Object Repository/Shopify/span_import_product' is clicked on

2023-02-13 13:08:21 - [MESSAGE][PASSED] - File 'C:\Users\huynh\Documents\Socialhead\Automation\Katalon project\CreateStore\CreateStore\Data\products_export.csv' sent to object: 'Object Repository/Shopify/file_product'

2023-02-13 13:08:21 - [MESSAGE][PASSED] - Object: 'Object Repository/Shopify/span_upload_product_continue' is clicked on

2023-02-13 13:08:25 - [MESSAGE][PASSED] - Object: 'Object Repository/Shopify/btn_product_confirm_import' is clicked on

2023-02-13 13:08:55 - [MESSAGE][PASSED] - Delayed 30 second(s)

2023-02-13 13:08:56 - [MESSAGE][PASSED] - Refresh successfully

2023-02-13 13:09:11 - [MESSAGE][PASSED] - Delayed 15 second(s)

2023-02-13 13:09:11 - [MESSAGE][PASSED] - shopify.store.importProduct is PASSED

2023-02-13 13:09:11 - [TEST_STEP][PASSED] - shopify.store.clickOnMenuOnlineStore(): shopify.store.clickOnMenuOnlineStore is PASSED

2023-02-13 13:09:11 - [MESSAGE][PASSED] - Object: 'Object Repository/Shopify Store/a_onlie_store' is clicked on

2023-02-13 13:09:21 - [MESSAGE][PASSED] - Delayed 10 second(s)

2023-02-13 13:09:21 - [MESSAGE][PASSED] - shopify.store.clickOnMenuOnlineStore is PASSED

2023-02-13 13:09:21 - [TEST_STEP][PASSED] - shopify.store.clickOnImportTheme(): shopify.store.clickOnImportTheme is PASSED

2023-02-13 13:09:22 - [MESSAGE][PASSED] - Object: 'Object Repository/Shopify Store/btn_add_theme' is clicked on

2023-02-13 13:09:22 - [MESSAGE][PASSED] - shopify.store.clickOnImportTheme is PASSED

2023-02-13 13:09:22 - [TEST_STEP][PASSED] - shopify.store.uploadThemeFile(theme_file_local): shopify.store.uploadThemeFile is PASSED

2023-02-13 13:09:22 - [MESSAGE][PASSED] - Object: 'Object Repository/Shopify Store/btn_upload_zip_file' is clicked on

2023-02-13 13:09:22 - [MESSAGE][PASSED] - File 'C:\Users\huynh\Documents\Socialhead\Automation\Katalon project\CreateStore\CreateStore\Data\theme_export__www-mundoglam-com-br-blockshop__02JUN2020-1243pm.zip' sent to object: 'Object Repository/Shopify Store/file_theme'

2023-02-13 13:09:22 - [MESSAGE][PASSED] - Object: 'Object Repository/Shopify Store/btn_upload_theme' is clicked on

2023-02-13 13:09:32 - [MESSAGE][PASSED] - Delayed 10 second(s)

2023-02-13 13:09:32 - [MESSAGE][PASSED] - shopify.store.uploadThemeFile is PASSED

2023-02-13 13:09:32 - [TEST_STEP][PASSED] - shopify.store.clickPublishTheme(): shopify.store.clickPublishTheme is PASSED

2023-02-13 13:10:02 - [MESSAGE][PASSED] - Delayed 30 second(s)

2023-02-13 13:10:03 - [MESSAGE][PASSED] - Refresh successfully

2023-02-13 13:10:33 - [MESSAGE][PASSED] - Delayed 30 second(s)

2023-02-13 13:10:33 - [MESSAGE][PASSED] - Object 'Object Repository/Shopify Store/btn_publish_theme' is clickable

2023-02-13 13:10:33 - [MESSAGE][PASSED] - Object: 'Object Repository/Shopify Store/btn_publish_theme' is clicked on

2023-02-13 13:10:33 - [MESSAGE][PASSED] - shopify.store.clickPublishTheme is PASSED

2023-02-13 13:10:33 - [TEST_STEP][PASSED] - shopify.store.confirmPublishTheme(): shopify.store.confirmPublishTheme is PASSED

2023-02-13 13:10:43 - [MESSAGE][PASSED] - Delayed 10 second(s)

2023-02-13 13:10:44 - [MESSAGE][PASSED] - Object: 'Object Repository/Shopify Store/btn_confirm_publish_theme' is clicked on

2023-02-13 13:10:44 - [MESSAGE][PASSED] - shopify.store.confirmPublishTheme is PASSED

2023-02-13 13:10:44 - [TEST_STEP][PASSED] - shopify.store_setting.changeStoreCurrency(currency, store_name): shopify.store_setting.changeStoreCurrency is PASSED

2023-02-13 13:10:54 - [MESSAGE][PASSED] - Delayed 10 second(s)

2023-02-13 13:10:58 - [MESSAGE][PASSED] - Navigate to 'http://huynh-ar-stag-2432.myshopify.com/admin/settings/general' successfully

2023-02-13 13:11:03 - [MESSAGE][PASSED] - All options with value 'USD' are selected in object 'Object Repository/Shopify Store/select_currency' 

2023-02-13 13:11:03 - [MESSAGE][PASSED] - shopify.store_setting.changeStoreCurrency is PASSED

2023-02-13 13:11:03 - [TEST_STEP][PASSED] - shopify.store_setting.saveStoreSetting(): shopify.store_setting.saveStoreSetting is PASSED

2023-02-13 13:11:03 - [MESSAGE][PASSED] - Object: 'Object Repository/Shopify Store/span_save_admin_setting' is clicked on

2023-02-13 13:11:03 - [MESSAGE][PASSED] - shopify.store_setting.saveStoreSetting is PASSED

2023-02-13 13:11:03 - [TEST_STEP][PASSED] - Start tear down : teardownIfPassed: Method 'teardownIfPassed' complete successfully

2023-02-13 13:11:03 - [TEST_STEP][PASSED] - data.excel.updateValueToSheet(file_data, "store", 4, store_name, 7, "Passed"): data.excel.updateValueToSheet is PASSED

2023-02-13 13:11:03 - [MESSAGE][PASSED] - data.excel.updateValueToSheet is PASSED

2023-02-13 13:11:03 - [MESSAGE][PASSED] - Method 'teardownIfPassed' complete successfully]]></system-out>
         <system-err><![CDATA[]]></system-err>
      </testcase>
      <testcase name="Test Cases/Shopify/CreateStore" time="236.434" classname="Test Cases/Shopify/CreateStore" status="PASSED">
         <system-out><![CDATA[2023-02-13 13:11:03 - [TEST_CASE][PASSED] - Test Cases/Shopify/CreateStore: Test Cases/Shopify/CreateStore

2023-02-13 13:11:03 - [TEST_STEP][PASSED] - Start listener action : skipStatus: null

2023-02-13 13:11:03 - [TEST_STEP][PASSED] - map = testCaseContext.getTestCaseVariables(): null

2023-02-13 13:11:03 - [TEST_STEP][PASSED] - testcae_status = map.get("testcase_status"): null

2023-02-13 13:11:03 - [TEST_STEP][PASSED] - println(testcae_status): null

2023-02-13 13:11:03 - [TEST_STEP][PASSED] - if (testcae_status == "Passed" || testcae_status == "Failed"): null

2023-02-13 13:11:03 - [TEST_STEP][PASSED] - log = new com.kms.katalon.core.util.KeywordUtil(): null

2023-02-13 13:11:03 - [TEST_STEP][PASSED] - openBrowser(""): Browser is opened with url: ''

2023-02-13 13:11:03 - [MESSAGE][WARNING] - A browser is already opened. Closing browser and opening a new one

2023-02-13 13:11:04 - [MESSAGE][INFO] - Starting 'Chrome' driver

2023-02-13 13:11:04 - [MESSAGE][INFO] - Action delay is set to 0 milliseconds

2023-02-13 13:11:05 - [MESSAGE][PASSED] - Browser is opened with url: ''

2023-02-13 13:11:05 - [TEST_STEP][PASSED] - maximizeWindow(): Current window maximized

2023-02-13 13:11:05 - [MESSAGE][PASSED] - Current window maximized

2023-02-13 13:11:05 - [TEST_STEP][PASSED] - st = new shopify.store(): null

2023-02-13 13:11:05 - [TEST_STEP][PASSED] - st.loginShopifyPartner(partner_email, partner_password, partner_id): Object: 'Object Repository/Shopify/btn_login' is clicked on

2023-02-13 13:11:09 - [MESSAGE][PASSED] - Navigate to 'https://partners.shopify.com/1662018/stores/new' successfully

2023-02-13 13:11:10 - [MESSAGE][PASSED] - Text 'huynh@firegroup.io' is set on object 'Object Repository/Shopify/input_email_shopify'

2023-02-13 13:11:14 - [MESSAGE][PASSED] - Object: 'Object Repository/Shopify/btn_continue_with_email' is clicked on

2023-02-13 13:11:17 - [MESSAGE][PASSED] - Text ****** has been set on object 'Object Repository/Shopify/input_password_shopify'

2023-02-13 13:11:23 - [MESSAGE][PASSED] - Object: 'Object Repository/Shopify/btn_login' is clicked on

2023-02-13 13:11:23 - [TEST_STEP][PASSED] - st.navigateToStoreDevelop(partner_id): Navigate to 'https://partners.shopify.com/1662018/stores/new?store_type=dev_preview_store&developer_preview_handle=checkout_extensibility' successfully

2023-02-13 13:11:24 - [MESSAGE][PASSED] - Navigate to 'https://partners.shopify.com/1662018/stores/new?store_type=dev_preview_store&developer_preview_handle=checkout_extensibility' successfully

2023-02-13 13:11:24 - [TEST_STEP][PASSED] - st.inputStoreName(store_name): Delayed 5 second(s)

2023-02-13 13:11:26 - [MESSAGE][PASSED] - Text 'huynh-ar-stag-2433' is set on object 'Object Repository/Shopify/input_store_name'

2023-02-13 13:11:31 - [MESSAGE][PASSED] - Delayed 5 second(s)

2023-02-13 13:11:31 - [TEST_STEP][PASSED] - shopify.store.clickCreateStore(): shopify.store.clickCreateStore is PASSED

2023-02-13 13:11:31 - [MESSAGE][PASSED] - Object: 'Object Repository/Shopify/btn_create_store' is clicked on

2023-02-13 13:11:51 - [MESSAGE][PASSED] - Delayed 20 second(s)

2023-02-13 13:11:51 - [MESSAGE][PASSED] - shopify.store.clickCreateStore is PASSED

2023-02-13 13:11:51 - [TEST_STEP][PASSED] - shopify.store.importProduct(product_file_local): shopify.store.importProduct is PASSED

2023-02-13 13:12:06 - [MESSAGE][PASSED] - Object: 'Object Repository/Shopify/span_product' is clicked on

2023-02-13 13:12:08 - [MESSAGE][PASSED] - Object: 'Object Repository/Shopify/span_import_product' is clicked on

2023-02-13 13:12:08 - [MESSAGE][PASSED] - File 'C:\Users\huynh\Documents\Socialhead\Automation\Katalon project\CreateStore\CreateStore\Data\products_export.csv' sent to object: 'Object Repository/Shopify/file_product'

2023-02-13 13:12:09 - [MESSAGE][PASSED] - Object: 'Object Repository/Shopify/span_upload_product_continue' is clicked on

2023-02-13 13:12:12 - [MESSAGE][PASSED] - Object: 'Object Repository/Shopify/btn_product_confirm_import' is clicked on

2023-02-13 13:12:42 - [MESSAGE][PASSED] - Delayed 30 second(s)

2023-02-13 13:12:42 - [MESSAGE][PASSED] - Refresh successfully

2023-02-13 13:12:57 - [MESSAGE][PASSED] - Delayed 15 second(s)

2023-02-13 13:12:57 - [MESSAGE][PASSED] - shopify.store.importProduct is PASSED

2023-02-13 13:12:57 - [TEST_STEP][PASSED] - shopify.store.clickOnMenuOnlineStore(): shopify.store.clickOnMenuOnlineStore is PASSED

2023-02-13 13:13:07 - [MESSAGE][PASSED] - Object: 'Object Repository/Shopify Store/a_onlie_store' is clicked on

2023-02-13 13:13:17 - [MESSAGE][PASSED] - Delayed 10 second(s)

2023-02-13 13:13:17 - [MESSAGE][PASSED] - shopify.store.clickOnMenuOnlineStore is PASSED

2023-02-13 13:13:17 - [TEST_STEP][PASSED] - shopify.store.clickOnImportTheme(): shopify.store.clickOnImportTheme is PASSED

2023-02-13 13:13:18 - [MESSAGE][PASSED] - Object: 'Object Repository/Shopify Store/btn_add_theme' is clicked on

2023-02-13 13:13:18 - [MESSAGE][PASSED] - shopify.store.clickOnImportTheme is PASSED

2023-02-13 13:13:18 - [TEST_STEP][PASSED] - shopify.store.uploadThemeFile(theme_file_local): shopify.store.uploadThemeFile is PASSED

2023-02-13 13:13:18 - [MESSAGE][PASSED] - Object: 'Object Repository/Shopify Store/btn_upload_zip_file' is clicked on

2023-02-13 13:13:18 - [MESSAGE][PASSED] - File 'C:\Users\huynh\Documents\Socialhead\Automation\Katalon project\CreateStore\CreateStore\Data\theme_export__www-mundoglam-com-br-district__02JUN2020-1243pm(1).zip' sent to object: 'Object Repository/Shopify Store/file_theme'

2023-02-13 13:13:19 - [MESSAGE][PASSED] - Object: 'Object Repository/Shopify Store/btn_upload_theme' is clicked on

2023-02-13 13:13:29 - [MESSAGE][PASSED] - Delayed 10 second(s)

2023-02-13 13:13:29 - [MESSAGE][PASSED] - shopify.store.uploadThemeFile is PASSED

2023-02-13 13:13:29 - [TEST_STEP][PASSED] - shopify.store.clickPublishTheme(): shopify.store.clickPublishTheme is PASSED

2023-02-13 13:13:59 - [MESSAGE][PASSED] - Delayed 30 second(s)

2023-02-13 13:13:59 - [MESSAGE][PASSED] - Refresh successfully

2023-02-13 13:14:29 - [MESSAGE][PASSED] - Delayed 30 second(s)

2023-02-13 13:14:30 - [MESSAGE][PASSED] - Object 'Object Repository/Shopify Store/btn_publish_theme' is clickable

2023-02-13 13:14:30 - [MESSAGE][PASSED] - Object: 'Object Repository/Shopify Store/btn_publish_theme' is clicked on

2023-02-13 13:14:30 - [MESSAGE][PASSED] - shopify.store.clickPublishTheme is PASSED

2023-02-13 13:14:30 - [TEST_STEP][PASSED] - shopify.store.confirmPublishTheme(): shopify.store.confirmPublishTheme is PASSED

2023-02-13 13:14:40 - [MESSAGE][PASSED] - Delayed 10 second(s)

2023-02-13 13:14:40 - [MESSAGE][PASSED] - Object: 'Object Repository/Shopify Store/btn_confirm_publish_theme' is clicked on

2023-02-13 13:14:40 - [MESSAGE][PASSED] - shopify.store.confirmPublishTheme is PASSED

2023-02-13 13:14:40 - [TEST_STEP][PASSED] - shopify.store_setting.changeStoreCurrency(currency, store_name): shopify.store_setting.changeStoreCurrency is PASSED

2023-02-13 13:14:50 - [MESSAGE][PASSED] - Delayed 10 second(s)

2023-02-13 13:14:54 - [MESSAGE][PASSED] - Navigate to 'http://huynh-ar-stag-2433.myshopify.com/admin/settings/general' successfully

2023-02-13 13:14:59 - [MESSAGE][PASSED] - All options with value 'USD' are selected in object 'Object Repository/Shopify Store/select_currency' 

2023-02-13 13:14:59 - [MESSAGE][PASSED] - shopify.store_setting.changeStoreCurrency is PASSED

2023-02-13 13:14:59 - [TEST_STEP][PASSED] - shopify.store_setting.saveStoreSetting(): shopify.store_setting.saveStoreSetting is PASSED

2023-02-13 13:15:00 - [MESSAGE][PASSED] - Object: 'Object Repository/Shopify Store/span_save_admin_setting' is clicked on

2023-02-13 13:15:00 - [MESSAGE][PASSED] - shopify.store_setting.saveStoreSetting is PASSED

2023-02-13 13:15:00 - [TEST_STEP][PASSED] - Start tear down : teardownIfPassed: Method 'teardownIfPassed' complete successfully

2023-02-13 13:15:00 - [TEST_STEP][PASSED] - data.excel.updateValueToSheet(file_data, "store", 4, store_name, 7, "Passed"): data.excel.updateValueToSheet is PASSED

2023-02-13 13:15:00 - [MESSAGE][PASSED] - data.excel.updateValueToSheet is PASSED

2023-02-13 13:15:00 - [MESSAGE][PASSED] - Method 'teardownIfPassed' complete successfully]]></system-out>
         <system-err><![CDATA[]]></system-err>
      </testcase>
      <testcase name="Test Cases/Shopify/CreateStore" time="225.818" classname="Test Cases/Shopify/CreateStore" status="PASSED">
         <system-out><![CDATA[2023-02-13 13:15:00 - [TEST_CASE][PASSED] - Test Cases/Shopify/CreateStore: Test Cases/Shopify/CreateStore

2023-02-13 13:15:00 - [TEST_STEP][PASSED] - Start listener action : skipStatus: null

2023-02-13 13:15:00 - [TEST_STEP][PASSED] - map = testCaseContext.getTestCaseVariables(): null

2023-02-13 13:15:00 - [TEST_STEP][PASSED] - testcae_status = map.get("testcase_status"): null

2023-02-13 13:15:00 - [TEST_STEP][PASSED] - println(testcae_status): null

2023-02-13 13:15:00 - [TEST_STEP][PASSED] - if (testcae_status == "Passed" || testcae_status == "Failed"): null

2023-02-13 13:15:00 - [TEST_STEP][PASSED] - log = new com.kms.katalon.core.util.KeywordUtil(): null

2023-02-13 13:15:00 - [TEST_STEP][PASSED] - openBrowser(""): Browser is opened with url: ''

2023-02-13 13:15:00 - [MESSAGE][WARNING] - A browser is already opened. Closing browser and opening a new one

2023-02-13 13:15:00 - [MESSAGE][INFO] - Starting 'Chrome' driver

2023-02-13 13:15:00 - [MESSAGE][INFO] - Action delay is set to 0 milliseconds

2023-02-13 13:15:01 - [MESSAGE][PASSED] - Browser is opened with url: ''

2023-02-13 13:15:01 - [TEST_STEP][PASSED] - maximizeWindow(): Current window maximized

2023-02-13 13:15:02 - [MESSAGE][PASSED] - Current window maximized

2023-02-13 13:15:02 - [TEST_STEP][PASSED] - st = new shopify.store(): null

2023-02-13 13:15:02 - [TEST_STEP][PASSED] - st.loginShopifyPartner(partner_email, partner_password, partner_id): Object: 'Object Repository/Shopify/btn_login' is clicked on

2023-02-13 13:15:09 - [MESSAGE][PASSED] - Navigate to 'https://partners.shopify.com/1662018/stores/new' successfully

2023-02-13 13:15:10 - [MESSAGE][PASSED] - Text 'huynh@firegroup.io' is set on object 'Object Repository/Shopify/input_email_shopify'

2023-02-13 13:15:11 - [MESSAGE][PASSED] - Object: 'Object Repository/Shopify/btn_continue_with_email' is clicked on

2023-02-13 13:15:13 - [MESSAGE][PASSED] - Text ****** has been set on object 'Object Repository/Shopify/input_password_shopify'

2023-02-13 13:15:20 - [MESSAGE][PASSED] - Object: 'Object Repository/Shopify/btn_login' is clicked on

2023-02-13 13:15:20 - [TEST_STEP][PASSED] - st.navigateToStoreDevelop(partner_id): Navigate to 'https://partners.shopify.com/1662018/stores/new?store_type=dev_preview_store&developer_preview_handle=checkout_extensibility' successfully

2023-02-13 13:15:22 - [MESSAGE][PASSED] - Navigate to 'https://partners.shopify.com/1662018/stores/new?store_type=dev_preview_store&developer_preview_handle=checkout_extensibility' successfully

2023-02-13 13:15:22 - [TEST_STEP][PASSED] - st.inputStoreName(store_name): Delayed 5 second(s)

2023-02-13 13:15:23 - [MESSAGE][PASSED] - Text 'huynh-ar-stag-2434' is set on object 'Object Repository/Shopify/input_store_name'

2023-02-13 13:15:28 - [MESSAGE][PASSED] - Delayed 5 second(s)

2023-02-13 13:15:28 - [TEST_STEP][PASSED] - shopify.store.clickCreateStore(): shopify.store.clickCreateStore is PASSED

2023-02-13 13:15:29 - [MESSAGE][PASSED] - Object: 'Object Repository/Shopify/btn_create_store' is clicked on

2023-02-13 13:15:49 - [MESSAGE][PASSED] - Delayed 20 second(s)

2023-02-13 13:15:49 - [MESSAGE][PASSED] - shopify.store.clickCreateStore is PASSED

2023-02-13 13:15:49 - [TEST_STEP][PASSED] - shopify.store.importProduct(product_file_local): shopify.store.importProduct is PASSED

2023-02-13 13:16:02 - [MESSAGE][PASSED] - Object: 'Object Repository/Shopify/span_product' is clicked on

2023-02-13 13:16:03 - [MESSAGE][PASSED] - Object: 'Object Repository/Shopify/span_import_product' is clicked on

2023-02-13 13:16:04 - [MESSAGE][PASSED] - File 'C:\Users\huynh\Documents\Socialhead\Automation\Katalon project\CreateStore\CreateStore\Data\products_export.csv' sent to object: 'Object Repository/Shopify/file_product'

2023-02-13 13:16:04 - [MESSAGE][PASSED] - Object: 'Object Repository/Shopify/span_upload_product_continue' is clicked on

2023-02-13 13:16:07 - [MESSAGE][PASSED] - Object: 'Object Repository/Shopify/btn_product_confirm_import' is clicked on

2023-02-13 13:16:37 - [MESSAGE][PASSED] - Delayed 30 second(s)

2023-02-13 13:16:38 - [MESSAGE][PASSED] - Refresh successfully

2023-02-13 13:16:53 - [MESSAGE][PASSED] - Delayed 15 second(s)

2023-02-13 13:16:53 - [MESSAGE][PASSED] - shopify.store.importProduct is PASSED

2023-02-13 13:16:53 - [TEST_STEP][PASSED] - shopify.store.clickOnMenuOnlineStore(): shopify.store.clickOnMenuOnlineStore is PASSED

2023-02-13 13:16:53 - [MESSAGE][PASSED] - Object: 'Object Repository/Shopify Store/a_onlie_store' is clicked on

2023-02-13 13:17:03 - [MESSAGE][PASSED] - Delayed 10 second(s)

2023-02-13 13:17:03 - [MESSAGE][PASSED] - shopify.store.clickOnMenuOnlineStore is PASSED

2023-02-13 13:17:03 - [TEST_STEP][PASSED] - shopify.store.clickOnImportTheme(): shopify.store.clickOnImportTheme is PASSED

2023-02-13 13:17:04 - [MESSAGE][PASSED] - Object: 'Object Repository/Shopify Store/btn_add_theme' is clicked on

2023-02-13 13:17:04 - [MESSAGE][PASSED] - shopify.store.clickOnImportTheme is PASSED

2023-02-13 13:17:04 - [TEST_STEP][PASSED] - shopify.store.uploadThemeFile(theme_file_local): shopify.store.uploadThemeFile is PASSED

2023-02-13 13:17:04 - [MESSAGE][PASSED] - Object: 'Object Repository/Shopify Store/btn_upload_zip_file' is clicked on

2023-02-13 13:17:05 - [MESSAGE][PASSED] - File 'C:\Users\huynh\Documents\Socialhead\Automation\Katalon project\CreateStore\CreateStore\Data\theme_export__www-mundoglam-com-br-district__02JUN2020-1243pm.zip' sent to object: 'Object Repository/Shopify Store/file_theme'

2023-02-13 13:17:05 - [MESSAGE][PASSED] - Object: 'Object Repository/Shopify Store/btn_upload_theme' is clicked on

2023-02-13 13:17:15 - [MESSAGE][PASSED] - Delayed 10 second(s)

2023-02-13 13:17:15 - [MESSAGE][PASSED] - shopify.store.uploadThemeFile is PASSED

2023-02-13 13:17:15 - [TEST_STEP][PASSED] - shopify.store.clickPublishTheme(): shopify.store.clickPublishTheme is PASSED

2023-02-13 13:17:45 - [MESSAGE][PASSED] - Delayed 30 second(s)

2023-02-13 13:17:46 - [MESSAGE][PASSED] - Refresh successfully

2023-02-13 13:18:16 - [MESSAGE][PASSED] - Delayed 30 second(s)

2023-02-13 13:18:16 - [MESSAGE][PASSED] - Object 'Object Repository/Shopify Store/btn_publish_theme' is clickable

2023-02-13 13:18:16 - [MESSAGE][PASSED] - Object: 'Object Repository/Shopify Store/btn_publish_theme' is clicked on

2023-02-13 13:18:16 - [MESSAGE][PASSED] - shopify.store.clickPublishTheme is PASSED

2023-02-13 13:18:16 - [TEST_STEP][PASSED] - shopify.store.confirmPublishTheme(): shopify.store.confirmPublishTheme is PASSED

2023-02-13 13:18:26 - [MESSAGE][PASSED] - Delayed 10 second(s)

2023-02-13 13:18:27 - [MESSAGE][PASSED] - Object: 'Object Repository/Shopify Store/btn_confirm_publish_theme' is clicked on

2023-02-13 13:18:27 - [MESSAGE][PASSED] - shopify.store.confirmPublishTheme is PASSED

2023-02-13 13:18:27 - [TEST_STEP][PASSED] - shopify.store_setting.changeStoreCurrency(currency, store_name): shopify.store_setting.changeStoreCurrency is PASSED

2023-02-13 13:18:37 - [MESSAGE][PASSED] - Delayed 10 second(s)

2023-02-13 13:18:40 - [MESSAGE][PASSED] - Navigate to 'http://huynh-ar-stag-2434.myshopify.com/admin/settings/general' successfully

2023-02-13 13:18:45 - [MESSAGE][PASSED] - All options with value 'USD' are selected in object 'Object Repository/Shopify Store/select_currency' 

2023-02-13 13:18:45 - [MESSAGE][PASSED] - shopify.store_setting.changeStoreCurrency is PASSED

2023-02-13 13:18:45 - [TEST_STEP][PASSED] - shopify.store_setting.saveStoreSetting(): shopify.store_setting.saveStoreSetting is PASSED

2023-02-13 13:18:46 - [MESSAGE][PASSED] - Object: 'Object Repository/Shopify Store/span_save_admin_setting' is clicked on

2023-02-13 13:18:46 - [MESSAGE][PASSED] - shopify.store_setting.saveStoreSetting is PASSED

2023-02-13 13:18:46 - [TEST_STEP][PASSED] - Start tear down : teardownIfPassed: Method 'teardownIfPassed' complete successfully

2023-02-13 13:18:46 - [TEST_STEP][PASSED] - data.excel.updateValueToSheet(file_data, "store", 4, store_name, 7, "Passed"): data.excel.updateValueToSheet is PASSED

2023-02-13 13:18:46 - [MESSAGE][PASSED] - data.excel.updateValueToSheet is PASSED

2023-02-13 13:18:46 - [MESSAGE][PASSED] - Method 'teardownIfPassed' complete successfully]]></system-out>
         <system-err><![CDATA[]]></system-err>
      </testcase>
      <testcase name="Test Cases/Shopify/CreateStore" time="227.149" classname="Test Cases/Shopify/CreateStore" status="PASSED">
         <system-out><![CDATA[2023-02-13 13:18:46 - [TEST_CASE][PASSED] - Test Cases/Shopify/CreateStore: Test Cases/Shopify/CreateStore

2023-02-13 13:18:46 - [TEST_STEP][PASSED] - Start listener action : skipStatus: null

2023-02-13 13:18:46 - [TEST_STEP][PASSED] - map = testCaseContext.getTestCaseVariables(): null

2023-02-13 13:18:46 - [TEST_STEP][PASSED] - testcae_status = map.get("testcase_status"): null

2023-02-13 13:18:46 - [TEST_STEP][PASSED] - println(testcae_status): null

2023-02-13 13:18:46 - [TEST_STEP][PASSED] - if (testcae_status == "Passed" || testcae_status == "Failed"): null

2023-02-13 13:18:46 - [TEST_STEP][PASSED] - log = new com.kms.katalon.core.util.KeywordUtil(): null

2023-02-13 13:18:46 - [TEST_STEP][PASSED] - openBrowser(""): Browser is opened with url: ''

2023-02-13 13:18:46 - [MESSAGE][WARNING] - A browser is already opened. Closing browser and opening a new one

2023-02-13 13:18:46 - [MESSAGE][INFO] - Starting 'Chrome' driver

2023-02-13 13:18:46 - [MESSAGE][INFO] - Action delay is set to 0 milliseconds

2023-02-13 13:18:47 - [MESSAGE][PASSED] - Browser is opened with url: ''

2023-02-13 13:18:47 - [TEST_STEP][PASSED] - maximizeWindow(): Current window maximized

2023-02-13 13:18:47 - [MESSAGE][PASSED] - Current window maximized

2023-02-13 13:18:47 - [TEST_STEP][PASSED] - st = new shopify.store(): null

2023-02-13 13:18:47 - [TEST_STEP][PASSED] - st.loginShopifyPartner(partner_email, partner_password, partner_id): Object: 'Object Repository/Shopify/btn_login' is clicked on

2023-02-13 13:18:51 - [MESSAGE][PASSED] - Navigate to 'https://partners.shopify.com/1662018/stores/new' successfully

2023-02-13 13:18:52 - [MESSAGE][PASSED] - Text 'huynh@firegroup.io' is set on object 'Object Repository/Shopify/input_email_shopify'

2023-02-13 13:18:59 - [MESSAGE][PASSED] - Object: 'Object Repository/Shopify/btn_continue_with_email' is clicked on

2023-02-13 13:19:01 - [MESSAGE][PASSED] - Text ****** has been set on object 'Object Repository/Shopify/input_password_shopify'

2023-02-13 13:19:08 - [MESSAGE][PASSED] - Object: 'Object Repository/Shopify/btn_login' is clicked on

2023-02-13 13:19:08 - [TEST_STEP][PASSED] - st.navigateToStoreDevelop(partner_id): Navigate to 'https://partners.shopify.com/1662018/stores/new?store_type=dev_preview_store&developer_preview_handle=checkout_extensibility' successfully

2023-02-13 13:19:09 - [MESSAGE][PASSED] - Navigate to 'https://partners.shopify.com/1662018/stores/new?store_type=dev_preview_store&developer_preview_handle=checkout_extensibility' successfully

2023-02-13 13:19:09 - [TEST_STEP][PASSED] - st.inputStoreName(store_name): Delayed 5 second(s)

2023-02-13 13:19:11 - [MESSAGE][PASSED] - Text 'huynh-ar-stag-2435' is set on object 'Object Repository/Shopify/input_store_name'

2023-02-13 13:19:16 - [MESSAGE][PASSED] - Delayed 5 second(s)

2023-02-13 13:19:16 - [TEST_STEP][PASSED] - shopify.store.clickCreateStore(): shopify.store.clickCreateStore is PASSED

2023-02-13 13:19:16 - [MESSAGE][PASSED] - Object: 'Object Repository/Shopify/btn_create_store' is clicked on

2023-02-13 13:19:36 - [MESSAGE][PASSED] - Delayed 20 second(s)

2023-02-13 13:19:36 - [MESSAGE][PASSED] - shopify.store.clickCreateStore is PASSED

2023-02-13 13:19:36 - [TEST_STEP][PASSED] - shopify.store.importProduct(product_file_local): shopify.store.importProduct is PASSED

2023-02-13 13:19:48 - [MESSAGE][PASSED] - Object: 'Object Repository/Shopify/span_product' is clicked on

2023-02-13 13:19:50 - [MESSAGE][PASSED] - Object: 'Object Repository/Shopify/span_import_product' is clicked on

2023-02-13 13:19:50 - [MESSAGE][PASSED] - File 'C:\Users\huynh\Documents\Socialhead\Automation\Katalon project\CreateStore\CreateStore\Data\products_export.csv' sent to object: 'Object Repository/Shopify/file_product'

2023-02-13 13:19:51 - [MESSAGE][PASSED] - Object: 'Object Repository/Shopify/span_upload_product_continue' is clicked on

2023-02-13 13:19:54 - [MESSAGE][PASSED] - Object: 'Object Repository/Shopify/btn_product_confirm_import' is clicked on

2023-02-13 13:20:24 - [MESSAGE][PASSED] - Delayed 30 second(s)

2023-02-13 13:20:25 - [MESSAGE][PASSED] - Refresh successfully

2023-02-13 13:20:40 - [MESSAGE][PASSED] - Delayed 15 second(s)

2023-02-13 13:20:40 - [MESSAGE][PASSED] - shopify.store.importProduct is PASSED

2023-02-13 13:20:40 - [TEST_STEP][PASSED] - shopify.store.clickOnMenuOnlineStore(): shopify.store.clickOnMenuOnlineStore is PASSED

2023-02-13 13:20:40 - [MESSAGE][PASSED] - Object: 'Object Repository/Shopify Store/a_onlie_store' is clicked on

2023-02-13 13:20:50 - [MESSAGE][PASSED] - Delayed 10 second(s)

2023-02-13 13:20:50 - [MESSAGE][PASSED] - shopify.store.clickOnMenuOnlineStore is PASSED

2023-02-13 13:20:50 - [TEST_STEP][PASSED] - shopify.store.clickOnImportTheme(): shopify.store.clickOnImportTheme is PASSED

2023-02-13 13:20:51 - [MESSAGE][PASSED] - Object: 'Object Repository/Shopify Store/btn_add_theme' is clicked on

2023-02-13 13:20:51 - [MESSAGE][PASSED] - shopify.store.clickOnImportTheme is PASSED

2023-02-13 13:20:51 - [TEST_STEP][PASSED] - shopify.store.uploadThemeFile(theme_file_local): shopify.store.uploadThemeFile is PASSED

2023-02-13 13:20:51 - [MESSAGE][PASSED] - Object: 'Object Repository/Shopify Store/btn_upload_zip_file' is clicked on

2023-02-13 13:20:52 - [MESSAGE][PASSED] - File 'C:\Users\huynh\Documents\Socialhead\Automation\Katalon project\CreateStore\CreateStore\Data\theme_export__www-myaofficialstore-com-shy2__11JUN2020-1058am.zip' sent to object: 'Object Repository/Shopify Store/file_theme'

2023-02-13 13:20:52 - [MESSAGE][PASSED] - Object: 'Object Repository/Shopify Store/btn_upload_theme' is clicked on

2023-02-13 13:21:02 - [MESSAGE][PASSED] - Delayed 10 second(s)

2023-02-13 13:21:02 - [MESSAGE][PASSED] - shopify.store.uploadThemeFile is PASSED

2023-02-13 13:21:02 - [TEST_STEP][PASSED] - shopify.store.clickPublishTheme(): shopify.store.clickPublishTheme is PASSED

2023-02-13 13:21:32 - [MESSAGE][PASSED] - Delayed 30 second(s)

2023-02-13 13:21:32 - [MESSAGE][PASSED] - Refresh successfully

2023-02-13 13:22:02 - [MESSAGE][PASSED] - Delayed 30 second(s)

2023-02-13 13:22:03 - [MESSAGE][PASSED] - Object 'Object Repository/Shopify Store/btn_publish_theme' is clickable

2023-02-13 13:22:03 - [MESSAGE][PASSED] - Object: 'Object Repository/Shopify Store/btn_publish_theme' is clicked on

2023-02-13 13:22:03 - [MESSAGE][PASSED] - shopify.store.clickPublishTheme is PASSED

2023-02-13 13:22:03 - [TEST_STEP][PASSED] - shopify.store.confirmPublishTheme(): shopify.store.confirmPublishTheme is PASSED

2023-02-13 13:22:13 - [MESSAGE][PASSED] - Delayed 10 second(s)

2023-02-13 13:22:14 - [MESSAGE][PASSED] - Object: 'Object Repository/Shopify Store/btn_confirm_publish_theme' is clicked on

2023-02-13 13:22:14 - [MESSAGE][PASSED] - shopify.store.confirmPublishTheme is PASSED

2023-02-13 13:22:14 - [TEST_STEP][PASSED] - shopify.store_setting.changeStoreCurrency(currency, store_name): shopify.store_setting.changeStoreCurrency is PASSED

2023-02-13 13:22:24 - [MESSAGE][PASSED] - Delayed 10 second(s)

2023-02-13 13:22:27 - [MESSAGE][PASSED] - Navigate to 'http://huynh-ar-stag-2435.myshopify.com/admin/settings/general' successfully

2023-02-13 13:22:32 - [MESSAGE][PASSED] - All options with value 'USD' are selected in object 'Object Repository/Shopify Store/select_currency' 

2023-02-13 13:22:32 - [MESSAGE][PASSED] - shopify.store_setting.changeStoreCurrency is PASSED

2023-02-13 13:22:32 - [TEST_STEP][PASSED] - shopify.store_setting.saveStoreSetting(): shopify.store_setting.saveStoreSetting is PASSED

2023-02-13 13:22:33 - [MESSAGE][PASSED] - Object: 'Object Repository/Shopify Store/span_save_admin_setting' is clicked on

2023-02-13 13:22:33 - [MESSAGE][PASSED] - shopify.store_setting.saveStoreSetting is PASSED

2023-02-13 13:22:33 - [TEST_STEP][PASSED] - Start tear down : teardownIfPassed: Method 'teardownIfPassed' complete successfully

2023-02-13 13:22:33 - [TEST_STEP][PASSED] - data.excel.updateValueToSheet(file_data, "store", 4, store_name, 7, "Passed"): data.excel.updateValueToSheet is PASSED

2023-02-13 13:22:33 - [MESSAGE][PASSED] - data.excel.updateValueToSheet is PASSED

2023-02-13 13:22:33 - [MESSAGE][PASSED] - Method 'teardownIfPassed' complete successfully]]></system-out>
         <system-err><![CDATA[]]></system-err>
      </testcase>
      <testcase name="Test Cases/Shopify/CreateStore" time="227.109" classname="Test Cases/Shopify/CreateStore" status="PASSED">
         <system-out><![CDATA[2023-02-13 13:22:33 - [TEST_CASE][PASSED] - Test Cases/Shopify/CreateStore: Test Cases/Shopify/CreateStore

2023-02-13 13:22:33 - [TEST_STEP][PASSED] - Start listener action : skipStatus: null

2023-02-13 13:22:33 - [TEST_STEP][PASSED] - map = testCaseContext.getTestCaseVariables(): null

2023-02-13 13:22:33 - [TEST_STEP][PASSED] - testcae_status = map.get("testcase_status"): null

2023-02-13 13:22:33 - [TEST_STEP][PASSED] - println(testcae_status): null

2023-02-13 13:22:33 - [TEST_STEP][PASSED] - if (testcae_status == "Passed" || testcae_status == "Failed"): null

2023-02-13 13:22:33 - [TEST_STEP][PASSED] - log = new com.kms.katalon.core.util.KeywordUtil(): null

2023-02-13 13:22:33 - [TEST_STEP][PASSED] - openBrowser(""): Browser is opened with url: ''

2023-02-13 13:22:33 - [MESSAGE][WARNING] - A browser is already opened. Closing browser and opening a new one

2023-02-13 13:22:33 - [MESSAGE][INFO] - Starting 'Chrome' driver

2023-02-13 13:22:33 - [MESSAGE][INFO] - Action delay is set to 0 milliseconds

2023-02-13 13:22:34 - [MESSAGE][PASSED] - Browser is opened with url: ''

2023-02-13 13:22:34 - [TEST_STEP][PASSED] - maximizeWindow(): Current window maximized

2023-02-13 13:22:35 - [MESSAGE][PASSED] - Current window maximized

2023-02-13 13:22:35 - [TEST_STEP][PASSED] - st = new shopify.store(): null

2023-02-13 13:22:35 - [TEST_STEP][PASSED] - st.loginShopifyPartner(partner_email, partner_password, partner_id): Object: 'Object Repository/Shopify/btn_login' is clicked on

2023-02-13 13:22:39 - [MESSAGE][PASSED] - Navigate to 'https://partners.shopify.com/1662018/stores/new' successfully

2023-02-13 13:22:39 - [MESSAGE][PASSED] - Text 'huynh@firegroup.io' is set on object 'Object Repository/Shopify/input_email_shopify'

2023-02-13 13:22:44 - [MESSAGE][PASSED] - Object: 'Object Repository/Shopify/btn_continue_with_email' is clicked on

2023-02-13 13:22:46 - [MESSAGE][PASSED] - Text ****** has been set on object 'Object Repository/Shopify/input_password_shopify'

2023-02-13 13:22:52 - [MESSAGE][PASSED] - Object: 'Object Repository/Shopify/btn_login' is clicked on

2023-02-13 13:22:52 - [TEST_STEP][PASSED] - st.navigateToStoreDevelop(partner_id): Navigate to 'https://partners.shopify.com/1662018/stores/new?store_type=dev_preview_store&developer_preview_handle=checkout_extensibility' successfully

2023-02-13 13:22:53 - [MESSAGE][PASSED] - Navigate to 'https://partners.shopify.com/1662018/stores/new?store_type=dev_preview_store&developer_preview_handle=checkout_extensibility' successfully

2023-02-13 13:22:53 - [TEST_STEP][PASSED] - st.inputStoreName(store_name): Delayed 5 second(s)

2023-02-13 13:22:55 - [MESSAGE][PASSED] - Text 'huynh-ar-stag-2436' is set on object 'Object Repository/Shopify/input_store_name'

2023-02-13 13:23:00 - [MESSAGE][PASSED] - Delayed 5 second(s)

2023-02-13 13:23:00 - [TEST_STEP][PASSED] - shopify.store.clickCreateStore(): shopify.store.clickCreateStore is PASSED

2023-02-13 13:23:01 - [MESSAGE][PASSED] - Object: 'Object Repository/Shopify/btn_create_store' is clicked on

2023-02-13 13:23:21 - [MESSAGE][PASSED] - Delayed 20 second(s)

2023-02-13 13:23:21 - [MESSAGE][PASSED] - shopify.store.clickCreateStore is PASSED

2023-02-13 13:23:21 - [TEST_STEP][PASSED] - shopify.store.importProduct(product_file_local): shopify.store.importProduct is PASSED

2023-02-13 13:23:35 - [MESSAGE][PASSED] - Object: 'Object Repository/Shopify/span_product' is clicked on

2023-02-13 13:23:37 - [MESSAGE][PASSED] - Object: 'Object Repository/Shopify/span_import_product' is clicked on

2023-02-13 13:23:37 - [MESSAGE][PASSED] - File 'C:\Users\huynh\Documents\Socialhead\Automation\Katalon project\CreateStore\CreateStore\Data\products_export.csv' sent to object: 'Object Repository/Shopify/file_product'

2023-02-13 13:23:38 - [MESSAGE][PASSED] - Object: 'Object Repository/Shopify/span_upload_product_continue' is clicked on

2023-02-13 13:23:41 - [MESSAGE][PASSED] - Object: 'Object Repository/Shopify/btn_product_confirm_import' is clicked on

2023-02-13 13:24:11 - [MESSAGE][PASSED] - Delayed 30 second(s)

2023-02-13 13:24:11 - [MESSAGE][PASSED] - Refresh successfully

2023-02-13 13:24:26 - [MESSAGE][PASSED] - Delayed 15 second(s)

2023-02-13 13:24:26 - [MESSAGE][PASSED] - shopify.store.importProduct is PASSED

2023-02-13 13:24:26 - [TEST_STEP][PASSED] - shopify.store.clickOnMenuOnlineStore(): shopify.store.clickOnMenuOnlineStore is PASSED

2023-02-13 13:24:27 - [MESSAGE][PASSED] - Object: 'Object Repository/Shopify Store/a_onlie_store' is clicked on

2023-02-13 13:24:37 - [MESSAGE][PASSED] - Delayed 10 second(s)

2023-02-13 13:24:37 - [MESSAGE][PASSED] - shopify.store.clickOnMenuOnlineStore is PASSED

2023-02-13 13:24:37 - [TEST_STEP][PASSED] - shopify.store.clickOnImportTheme(): shopify.store.clickOnImportTheme is PASSED

2023-02-13 13:24:37 - [MESSAGE][PASSED] - Object: 'Object Repository/Shopify Store/btn_add_theme' is clicked on

2023-02-13 13:24:37 - [MESSAGE][PASSED] - shopify.store.clickOnImportTheme is PASSED

2023-02-13 13:24:37 - [TEST_STEP][PASSED] - shopify.store.uploadThemeFile(theme_file_local): shopify.store.uploadThemeFile is PASSED

2023-02-13 13:24:38 - [MESSAGE][PASSED] - Object: 'Object Repository/Shopify Store/btn_upload_zip_file' is clicked on

2023-02-13 13:24:38 - [MESSAGE][PASSED] - File 'C:\Users\huynh\Documents\Socialhead\Automation\Katalon project\CreateStore\CreateStore\Data\theme_export__www-mybodiart-com-impulse__09NOV2018-0313am.zip' sent to object: 'Object Repository/Shopify Store/file_theme'

2023-02-13 13:24:38 - [MESSAGE][PASSED] - Object: 'Object Repository/Shopify Store/btn_upload_theme' is clicked on

2023-02-13 13:24:48 - [MESSAGE][PASSED] - Delayed 10 second(s)

2023-02-13 13:24:48 - [MESSAGE][PASSED] - shopify.store.uploadThemeFile is PASSED

2023-02-13 13:24:48 - [TEST_STEP][PASSED] - shopify.store.clickPublishTheme(): shopify.store.clickPublishTheme is PASSED

2023-02-13 13:25:18 - [MESSAGE][PASSED] - Delayed 30 second(s)

2023-02-13 13:25:19 - [MESSAGE][PASSED] - Refresh successfully

2023-02-13 13:25:49 - [MESSAGE][PASSED] - Delayed 30 second(s)

2023-02-13 13:25:49 - [MESSAGE][PASSED] - Object 'Object Repository/Shopify Store/btn_publish_theme' is clickable

2023-02-13 13:25:50 - [MESSAGE][PASSED] - Object: 'Object Repository/Shopify Store/btn_publish_theme' is clicked on

2023-02-13 13:25:50 - [MESSAGE][PASSED] - shopify.store.clickPublishTheme is PASSED

2023-02-13 13:25:50 - [TEST_STEP][PASSED] - shopify.store.confirmPublishTheme(): shopify.store.confirmPublishTheme is PASSED

2023-02-13 13:26:00 - [MESSAGE][PASSED] - Delayed 10 second(s)

2023-02-13 13:26:00 - [MESSAGE][PASSED] - Object: 'Object Repository/Shopify Store/btn_confirm_publish_theme' is clicked on

2023-02-13 13:26:00 - [MESSAGE][PASSED] - shopify.store.confirmPublishTheme is PASSED

2023-02-13 13:26:00 - [TEST_STEP][PASSED] - shopify.store_setting.changeStoreCurrency(currency, store_name): shopify.store_setting.changeStoreCurrency is PASSED

2023-02-13 13:26:10 - [MESSAGE][PASSED] - Delayed 10 second(s)

2023-02-13 13:26:14 - [MESSAGE][PASSED] - Navigate to 'http://huynh-ar-stag-2436.myshopify.com/admin/settings/general' successfully

2023-02-13 13:26:19 - [MESSAGE][PASSED] - All options with value 'USD' are selected in object 'Object Repository/Shopify Store/select_currency' 

2023-02-13 13:26:19 - [MESSAGE][PASSED] - shopify.store_setting.changeStoreCurrency is PASSED

2023-02-13 13:26:19 - [TEST_STEP][PASSED] - shopify.store_setting.saveStoreSetting(): shopify.store_setting.saveStoreSetting is PASSED

2023-02-13 13:26:20 - [MESSAGE][PASSED] - Object: 'Object Repository/Shopify Store/span_save_admin_setting' is clicked on

2023-02-13 13:26:20 - [MESSAGE][PASSED] - shopify.store_setting.saveStoreSetting is PASSED

2023-02-13 13:26:20 - [TEST_STEP][PASSED] - Start tear down : teardownIfPassed: Method 'teardownIfPassed' complete successfully

2023-02-13 13:26:20 - [TEST_STEP][PASSED] - data.excel.updateValueToSheet(file_data, "store", 4, store_name, 7, "Passed"): data.excel.updateValueToSheet is PASSED

2023-02-13 13:26:20 - [MESSAGE][PASSED] - data.excel.updateValueToSheet is PASSED

2023-02-13 13:26:20 - [MESSAGE][PASSED] - Method 'teardownIfPassed' complete successfully]]></system-out>
         <system-err><![CDATA[]]></system-err>
      </testcase>
      <testcase name="Test Cases/Shopify/CreateStore" time="228.583" classname="Test Cases/Shopify/CreateStore" status="PASSED">
         <system-out><![CDATA[2023-02-13 13:26:20 - [TEST_CASE][PASSED] - Test Cases/Shopify/CreateStore: Test Cases/Shopify/CreateStore

2023-02-13 13:26:20 - [TEST_STEP][PASSED] - Start listener action : skipStatus: null

2023-02-13 13:26:20 - [TEST_STEP][PASSED] - map = testCaseContext.getTestCaseVariables(): null

2023-02-13 13:26:20 - [TEST_STEP][PASSED] - testcae_status = map.get("testcase_status"): null

2023-02-13 13:26:20 - [TEST_STEP][PASSED] - println(testcae_status): null

2023-02-13 13:26:20 - [TEST_STEP][PASSED] - if (testcae_status == "Passed" || testcae_status == "Failed"): null

2023-02-13 13:26:20 - [TEST_STEP][PASSED] - log = new com.kms.katalon.core.util.KeywordUtil(): null

2023-02-13 13:26:20 - [TEST_STEP][PASSED] - openBrowser(""): Browser is opened with url: ''

2023-02-13 13:26:20 - [MESSAGE][WARNING] - A browser is already opened. Closing browser and opening a new one

2023-02-13 13:26:21 - [MESSAGE][INFO] - Starting 'Chrome' driver

2023-02-13 13:26:21 - [MESSAGE][INFO] - Action delay is set to 0 milliseconds

2023-02-13 13:26:22 - [MESSAGE][PASSED] - Browser is opened with url: ''

2023-02-13 13:26:22 - [TEST_STEP][PASSED] - maximizeWindow(): Current window maximized

2023-02-13 13:26:22 - [MESSAGE][PASSED] - Current window maximized

2023-02-13 13:26:22 - [TEST_STEP][PASSED] - st = new shopify.store(): null

2023-02-13 13:26:22 - [TEST_STEP][PASSED] - st.loginShopifyPartner(partner_email, partner_password, partner_id): Object: 'Object Repository/Shopify/btn_login' is clicked on

2023-02-13 13:26:26 - [MESSAGE][PASSED] - Navigate to 'https://partners.shopify.com/1662018/stores/new' successfully

2023-02-13 13:26:26 - [MESSAGE][PASSED] - Text 'huynh@firegroup.io' is set on object 'Object Repository/Shopify/input_email_shopify'

2023-02-13 13:26:29 - [MESSAGE][PASSED] - Object: 'Object Repository/Shopify/btn_continue_with_email' is clicked on

2023-02-13 13:26:31 - [MESSAGE][PASSED] - Text ****** has been set on object 'Object Repository/Shopify/input_password_shopify'

2023-02-13 13:26:38 - [MESSAGE][PASSED] - Object: 'Object Repository/Shopify/btn_login' is clicked on

2023-02-13 13:26:38 - [TEST_STEP][PASSED] - st.navigateToStoreDevelop(partner_id): Navigate to 'https://partners.shopify.com/1662018/stores/new?store_type=dev_preview_store&developer_preview_handle=checkout_extensibility' successfully

2023-02-13 13:26:39 - [MESSAGE][PASSED] - Navigate to 'https://partners.shopify.com/1662018/stores/new?store_type=dev_preview_store&developer_preview_handle=checkout_extensibility' successfully

2023-02-13 13:26:39 - [TEST_STEP][PASSED] - st.inputStoreName(store_name): Delayed 5 second(s)

2023-02-13 13:26:40 - [MESSAGE][PASSED] - Text 'huynh-ar-stag-2437' is set on object 'Object Repository/Shopify/input_store_name'

2023-02-13 13:26:45 - [MESSAGE][PASSED] - Delayed 5 second(s)

2023-02-13 13:26:45 - [TEST_STEP][PASSED] - shopify.store.clickCreateStore(): shopify.store.clickCreateStore is PASSED

2023-02-13 13:26:46 - [MESSAGE][PASSED] - Object: 'Object Repository/Shopify/btn_create_store' is clicked on

2023-02-13 13:27:06 - [MESSAGE][PASSED] - Delayed 20 second(s)

2023-02-13 13:27:06 - [MESSAGE][PASSED] - shopify.store.clickCreateStore is PASSED

2023-02-13 13:27:06 - [TEST_STEP][PASSED] - shopify.store.importProduct(product_file_local): shopify.store.importProduct is PASSED

2023-02-13 13:27:25 - [MESSAGE][PASSED] - Object: 'Object Repository/Shopify/span_product' is clicked on

2023-02-13 13:27:27 - [MESSAGE][PASSED] - Object: 'Object Repository/Shopify/span_import_product' is clicked on

2023-02-13 13:27:28 - [MESSAGE][PASSED] - File 'C:\Users\huynh\Documents\Socialhead\Automation\Katalon project\CreateStore\CreateStore\Data\products_export.csv' sent to object: 'Object Repository/Shopify/file_product'

2023-02-13 13:27:28 - [MESSAGE][PASSED] - Object: 'Object Repository/Shopify/span_upload_product_continue' is clicked on

2023-02-13 13:27:31 - [MESSAGE][PASSED] - Object: 'Object Repository/Shopify/btn_product_confirm_import' is clicked on

2023-02-13 13:28:01 - [MESSAGE][PASSED] - Delayed 30 second(s)

2023-02-13 13:28:02 - [MESSAGE][PASSED] - Refresh successfully

2023-02-13 13:28:17 - [MESSAGE][PASSED] - Delayed 15 second(s)

2023-02-13 13:28:17 - [MESSAGE][PASSED] - shopify.store.importProduct is PASSED

2023-02-13 13:28:17 - [TEST_STEP][PASSED] - shopify.store.clickOnMenuOnlineStore(): shopify.store.clickOnMenuOnlineStore is PASSED

2023-02-13 13:28:17 - [MESSAGE][PASSED] - Object: 'Object Repository/Shopify Store/a_onlie_store' is clicked on

2023-02-13 13:28:27 - [MESSAGE][PASSED] - Delayed 10 second(s)

2023-02-13 13:28:27 - [MESSAGE][PASSED] - shopify.store.clickOnMenuOnlineStore is PASSED

2023-02-13 13:28:27 - [TEST_STEP][PASSED] - shopify.store.clickOnImportTheme(): shopify.store.clickOnImportTheme is PASSED

2023-02-13 13:28:28 - [MESSAGE][PASSED] - Object: 'Object Repository/Shopify Store/btn_add_theme' is clicked on

2023-02-13 13:28:28 - [MESSAGE][PASSED] - shopify.store.clickOnImportTheme is PASSED

2023-02-13 13:28:28 - [TEST_STEP][PASSED] - shopify.store.uploadThemeFile(theme_file_local): shopify.store.uploadThemeFile is PASSED

2023-02-13 13:28:28 - [MESSAGE][PASSED] - Object: 'Object Repository/Shopify Store/btn_upload_zip_file' is clicked on

2023-02-13 13:28:28 - [MESSAGE][PASSED] - File 'C:\Users\huynh\Documents\Socialhead\Automation\Katalon project\CreateStore\CreateStore\Data\theme_export__www-myhousetools-com-empire__07MAY2020-0318am.zip' sent to object: 'Object Repository/Shopify Store/file_theme'

2023-02-13 13:28:29 - [MESSAGE][PASSED] - Object: 'Object Repository/Shopify Store/btn_upload_theme' is clicked on

2023-02-13 13:28:39 - [MESSAGE][PASSED] - Delayed 10 second(s)

2023-02-13 13:28:39 - [MESSAGE][PASSED] - shopify.store.uploadThemeFile is PASSED

2023-02-13 13:28:39 - [TEST_STEP][PASSED] - shopify.store.clickPublishTheme(): shopify.store.clickPublishTheme is PASSED

2023-02-13 13:29:09 - [MESSAGE][PASSED] - Delayed 30 second(s)

2023-02-13 13:29:09 - [MESSAGE][PASSED] - Refresh successfully

2023-02-13 13:29:39 - [MESSAGE][PASSED] - Delayed 30 second(s)

2023-02-13 13:29:39 - [MESSAGE][PASSED] - Object 'Object Repository/Shopify Store/btn_publish_theme' is clickable

2023-02-13 13:29:40 - [MESSAGE][PASSED] - Object: 'Object Repository/Shopify Store/btn_publish_theme' is clicked on

2023-02-13 13:29:40 - [MESSAGE][PASSED] - shopify.store.clickPublishTheme is PASSED

2023-02-13 13:29:40 - [TEST_STEP][PASSED] - shopify.store.confirmPublishTheme(): shopify.store.confirmPublishTheme is PASSED

2023-02-13 13:29:50 - [MESSAGE][PASSED] - Delayed 10 second(s)

2023-02-13 13:29:50 - [MESSAGE][PASSED] - Object: 'Object Repository/Shopify Store/btn_confirm_publish_theme' is clicked on

2023-02-13 13:29:50 - [MESSAGE][PASSED] - shopify.store.confirmPublishTheme is PASSED

2023-02-13 13:29:50 - [TEST_STEP][PASSED] - shopify.store_setting.changeStoreCurrency(currency, store_name): shopify.store_setting.changeStoreCurrency is PASSED

2023-02-13 13:30:00 - [MESSAGE][PASSED] - Delayed 10 second(s)

2023-02-13 13:30:03 - [MESSAGE][PASSED] - Navigate to 'http://huynh-ar-stag-2437.myshopify.com/admin/settings/general' successfully

2023-02-13 13:30:08 - [MESSAGE][PASSED] - All options with value 'USD' are selected in object 'Object Repository/Shopify Store/select_currency' 

2023-02-13 13:30:08 - [MESSAGE][PASSED] - shopify.store_setting.changeStoreCurrency is PASSED

2023-02-13 13:30:08 - [TEST_STEP][PASSED] - shopify.store_setting.saveStoreSetting(): shopify.store_setting.saveStoreSetting is PASSED

2023-02-13 13:30:08 - [MESSAGE][PASSED] - Object: 'Object Repository/Shopify Store/span_save_admin_setting' is clicked on

2023-02-13 13:30:08 - [MESSAGE][PASSED] - shopify.store_setting.saveStoreSetting is PASSED

2023-02-13 13:30:08 - [TEST_STEP][PASSED] - Start tear down : teardownIfPassed: Method 'teardownIfPassed' complete successfully

2023-02-13 13:30:08 - [TEST_STEP][PASSED] - data.excel.updateValueToSheet(file_data, "store", 4, store_name, 7, "Passed"): data.excel.updateValueToSheet is PASSED

2023-02-13 13:30:09 - [MESSAGE][PASSED] - data.excel.updateValueToSheet is PASSED

2023-02-13 13:30:09 - [MESSAGE][PASSED] - Method 'teardownIfPassed' complete successfully]]></system-out>
         <system-err><![CDATA[]]></system-err>
      </testcase>
      <testcase name="Test Cases/Shopify/CreateStore" time="224.425" classname="Test Cases/Shopify/CreateStore" status="FAILED">
         <failure type="FAILED" message="Test Cases/Shopify/CreateStore FAILED.
Reason:
com.kms.katalon.core.exception.StepFailedException: Unable to click on object 'Object Repository/Shopify Store/btn_publish_theme'
	at com.kms.katalon.core.webui.keyword.internal.WebUIKeywordMain.stepFailed(WebUIKeywordMain.groovy:64)
	at com.kms.katalon.core.webui.keyword.internal.WebUIKeywordMain.runKeyword(WebUIKeywordMain.groovy:26)
	at com.kms.katalon.core.webui.keyword.builtin.ClickKeyword.click(ClickKeyword.groovy:74)
	at com.kms.katalon.core.webui.keyword.builtin.ClickKeyword.execute(ClickKeyword.groovy:40)
	at com.kms.katalon.core.keyword.internal.KeywordExecutor.executeKeywordForPlatform(KeywordExecutor.groovy:74)
	at com.kms.katalon.core.webui.keyword.WebUiBuiltInKeywords.click(WebUiBuiltInKeywords.groovy:620)
	at com.kms.katalon.core.webui.keyword.WebUiBuiltInKeywords$click$3.call(Unknown Source)
	at shopify.store.clickPublishTheme(store.groovy:94)
	at shopify.store.invokeMethod(store.groovy)
	at com.kms.katalon.core.main.CustomKeywordDelegatingMetaClass.invokeStaticMethod(CustomKeywordDelegatingMetaClass.java:55)
	at CreateStore.run(CreateStore:56)
	at com.kms.katalon.core.main.ScriptEngine.run(ScriptEngine.java:194)
	at com.kms.katalon.core.main.ScriptEngine.runScriptAsRawText(ScriptEngine.java:119)
	at com.kms.katalon.core.main.TestCaseExecutor.runScript(TestCaseExecutor.java:448)
	at com.kms.katalon.core.main.TestCaseExecutor.doExecute(TestCaseExecutor.java:439)
	at com.kms.katalon.core.main.TestCaseExecutor.processExecutionPhase(TestCaseExecutor.java:418)
	at com.kms.katalon.core.main.TestCaseExecutor.accessMainPhase(TestCaseExecutor.java:410)
	at com.kms.katalon.core.main.TestCaseExecutor.execute(TestCaseExecutor.java:285)
	at com.kms.katalon.core.common.CommonExecutor.accessTestCaseMainPhase(CommonExecutor.java:65)
	at com.kms.katalon.core.main.TestSuiteExecutor.accessTestSuiteMainPhase(TestSuiteExecutor.java:151)
	at com.kms.katalon.core.main.TestSuiteExecutor.execute(TestSuiteExecutor.java:106)
	at com.kms.katalon.core.main.TestCaseMain.startTestSuite(TestCaseMain.java:185)
	at com.kms.katalon.core.main.TestCaseMain$startTestSuite$0.call(Unknown Source)
	at TempTestSuite1676253455264.run(TempTestSuite1676253455264.groovy:36)
Caused by: org.openqa.selenium.ElementClickInterceptedException: element click intercepted: Element &lt;iframe title=&quot;Online Store&quot; src=&quot;https://online-store-web.shopifyapps.com/themes?hmac=1eabd7aae897e2ef5fa9ab1c306ae88bd0b7a8d740a17ec84d5ebc928ec97967&amp;amp;host=YWRtaW4uc2hvcGlmeS5jb20vc3RvcmUvaHV5bmgtYXItc3RhZy0yNDM4&amp;amp;locale=en&amp;amp;session=94d395e400e4c92b1b454e6ccc803da9a0498deaa00ccfca5dc07b63a30f1e8e&amp;amp;shop=huynh-ar-stag-2438.myshopify.com&amp;amp;timestamp=1676269971&amp;amp;_signed_params=host%2Clocale%2Csession%2Cshop%2Ctimestamp&amp;amp;appLoadId=cbc8a5b8-d0ca-4e6c-8135-9becf5b743f2&quot; name=&quot;e1a779d4-d706-4d0b-8b00-c7ebfff24e22&quot; context=&quot;Main&quot; class=&quot;rG8rl&quot; cd_frame_id_=&quot;bbe6c31b97674feaab51d16d7b886b3e&quot;>&lt;/iframe> is not clickable at point (859, 906). Other element would receive the click: &lt;p class=&quot;KZJNR&quot; aria-hidden=&quot;true&quot;>...&lt;/p>
  (Session info: chrome=109.0.5414.121)
Build info: version: '3.141.59', revision: 'e82be7d358', time: '2018-11-14T08:25:53'
System info: host: 'HUYNH', ip: '172.18.224.1', os.name: 'Windows 10', os.arch: 'amd64', os.version: '10.0', java.version: '1.8.0_282'
Driver info: com.kms.katalon.selenium.driver.CChromeDriver
Capabilities {acceptInsecureCerts: false, browserName: chrome, browserVersion: 109.0.5414.121, chrome: {chromedriverVersion: 109.0.5414.74 (e7c5703604da..., userDataDir: C:\Users\huynh\AppData\Loca...}, goog:chromeOptions: {debuggerAddress: localhost:52552}, javascriptEnabled: true, networkConnectionEnabled: false, pageLoadStrategy: normal, platform: WINDOWS, platformName: WINDOWS, proxy: Proxy(), setWindowRect: true, strictFileInteractability: false, timeouts: {implicit: 0, pageLoad: 300000, script: 30000}, unhandledPromptBehavior: dismiss and notify, webauthn:extension:credBlob: true, webauthn:extension:largeBlob: true, webauthn:virtualAuthenticators: true}
Session ID: 72910878ee8b45cb89be29f65b592419
	at org.openqa.selenium.remote.http.W3CHttpResponseCodec.createException(W3CHttpResponseCodec.java:187)
	at org.openqa.selenium.remote.http.W3CHttpResponseCodec.decode(W3CHttpResponseCodec.java:122)
	at org.openqa.selenium.remote.http.W3CHttpResponseCodec.decode(W3CHttpResponseCodec.java:49)
	at org.openqa.selenium.remote.HttpCommandExecutor.execute(HttpCommandExecutor.java:158)
	at org.openqa.selenium.remote.service.DriverCommandExecutor.execute(DriverCommandExecutor.java:83)
	at org.openqa.selenium.remote.RemoteWebDriver.execute(RemoteWebDriver.java:552)
	at com.kms.katalon.selenium.driver.CChromeDriver.execute(CChromeDriver.java:19)
	at org.openqa.selenium.remote.RemoteWebElement.execute(RemoteWebElement.java:285)
	at org.openqa.selenium.remote.RemoteWebElement.click(RemoteWebElement.java:84)
	at org.openqa.selenium.support.events.EventFiringWebDriver$EventFiringWebElement.lambda$new$0(EventFiringWebDriver.java:404)
	at com.sun.proxy.$Proxy16.click(Unknown Source)
	at org.openqa.selenium.support.events.EventFiringWebDriver$EventFiringWebElement.click(EventFiringWebDriver.java:417)
	at org.openqa.selenium.WebElement$click.call(Unknown Source)
	at com.kms.katalon.core.webui.keyword.builtin.ClickKeyword.clickUntilSuccessWithTimeout(ClickKeyword.groovy:81)
	at com.kms.katalon.core.webui.keyword.builtin.ClickKeyword.clickUntilSuccessWithTimeout(ClickKeyword.groovy)
	at com.kms.katalon.core.webui.keyword.builtin.ClickKeyword$_click_closure1.doCall(ClickKeyword.groovy:67)
	at com.kms.katalon.core.webui.keyword.builtin.ClickKeyword$_click_closure1.call(ClickKeyword.groovy)
	at com.kms.katalon.core.webui.keyword.internal.WebUIKeywordMain.runKeyword(WebUIKeywordMain.groovy:20)
	... 22 more
"/>
         <system-out><![CDATA[2023-02-13 13:30:09 - [TEST_CASE][FAILED] - Test Cases/Shopify/CreateStore: Test Cases/Shopify/CreateStore FAILED.
Reason:
com.kms.katalon.core.exception.StepFailedException: Unable to click on object 'Object Repository/Shopify Store/btn_publish_theme'
	at com.kms.katalon.core.webui.keyword.internal.WebUIKeywordMain.stepFailed(WebUIKeywordMain.groovy:64)
	at com.kms.katalon.core.webui.keyword.internal.WebUIKeywordMain.runKeyword(WebUIKeywordMain.groovy:26)
	at com.kms.katalon.core.webui.keyword.builtin.ClickKeyword.click(ClickKeyword.groovy:74)
	at com.kms.katalon.core.webui.keyword.builtin.ClickKeyword.execute(ClickKeyword.groovy:40)
	at com.kms.katalon.core.keyword.internal.KeywordExecutor.executeKeywordForPlatform(KeywordExecutor.groovy:74)
	at com.kms.katalon.core.webui.keyword.WebUiBuiltInKeywords.click(WebUiBuiltInKeywords.groovy:620)
	at com.kms.katalon.core.webui.keyword.WebUiBuiltInKeywords$click$3.call(Unknown Source)
	at shopify.store.clickPublishTheme(store.groovy:94)
	at shopify.store.invokeMethod(store.groovy)
	at com.kms.katalon.core.main.CustomKeywordDelegatingMetaClass.invokeStaticMethod(CustomKeywordDelegatingMetaClass.java:55)
	at CreateStore.run(CreateStore:56)
	at com.kms.katalon.core.main.ScriptEngine.run(ScriptEngine.java:194)
	at com.kms.katalon.core.main.ScriptEngine.runScriptAsRawText(ScriptEngine.java:119)
	at com.kms.katalon.core.main.TestCaseExecutor.runScript(TestCaseExecutor.java:448)
	at com.kms.katalon.core.main.TestCaseExecutor.doExecute(TestCaseExecutor.java:439)
	at com.kms.katalon.core.main.TestCaseExecutor.processExecutionPhase(TestCaseExecutor.java:418)
	at com.kms.katalon.core.main.TestCaseExecutor.accessMainPhase(TestCaseExecutor.java:410)
	at com.kms.katalon.core.main.TestCaseExecutor.execute(TestCaseExecutor.java:285)
	at com.kms.katalon.core.common.CommonExecutor.accessTestCaseMainPhase(CommonExecutor.java:65)
	at com.kms.katalon.core.main.TestSuiteExecutor.accessTestSuiteMainPhase(TestSuiteExecutor.java:151)
	at com.kms.katalon.core.main.TestSuiteExecutor.execute(TestSuiteExecutor.java:106)
	at com.kms.katalon.core.main.TestCaseMain.startTestSuite(TestCaseMain.java:185)
	at com.kms.katalon.core.main.TestCaseMain$startTestSuite$0.call(Unknown Source)
	at TempTestSuite1676253455264.run(TempTestSuite1676253455264.groovy:36)
Caused by: org.openqa.selenium.ElementClickInterceptedException: element click intercepted: Element <iframe title="Online Store" src="https://online-store-web.shopifyapps.com/themes?hmac=1eabd7aae897e2ef5fa9ab1c306ae88bd0b7a8d740a17ec84d5ebc928ec97967&amp;host=YWRtaW4uc2hvcGlmeS5jb20vc3RvcmUvaHV5bmgtYXItc3RhZy0yNDM4&amp;locale=en&amp;session=94d395e400e4c92b1b454e6ccc803da9a0498deaa00ccfca5dc07b63a30f1e8e&amp;shop=huynh-ar-stag-2438.myshopify.com&amp;timestamp=1676269971&amp;_signed_params=host%2Clocale%2Csession%2Cshop%2Ctimestamp&amp;appLoadId=cbc8a5b8-d0ca-4e6c-8135-9becf5b743f2" name="e1a779d4-d706-4d0b-8b00-c7ebfff24e22" context="Main" class="rG8rl" cd_frame_id_="bbe6c31b97674feaab51d16d7b886b3e"></iframe> is not clickable at point (859, 906). Other element would receive the click: <p class="KZJNR" aria-hidden="true">...</p>
  (Session info: chrome=109.0.5414.121)
Build info: version: '3.141.59', revision: 'e82be7d358', time: '2018-11-14T08:25:53'
System info: host: 'HUYNH', ip: '172.18.224.1', os.name: 'Windows 10', os.arch: 'amd64', os.version: '10.0', java.version: '1.8.0_282'
Driver info: com.kms.katalon.selenium.driver.CChromeDriver
Capabilities {acceptInsecureCerts: false, browserName: chrome, browserVersion: 109.0.5414.121, chrome: {chromedriverVersion: 109.0.5414.74 (e7c5703604da..., userDataDir: C:\Users\huynh\AppData\Loca...}, goog:chromeOptions: {debuggerAddress: localhost:52552}, javascriptEnabled: true, networkConnectionEnabled: false, pageLoadStrategy: normal, platform: WINDOWS, platformName: WINDOWS, proxy: Proxy(), setWindowRect: true, strictFileInteractability: false, timeouts: {implicit: 0, pageLoad: 300000, script: 30000}, unhandledPromptBehavior: dismiss and notify, webauthn:extension:credBlob: true, webauthn:extension:largeBlob: true, webauthn:virtualAuthenticators: true}
Session ID: 72910878ee8b45cb89be29f65b592419
	at org.openqa.selenium.remote.http.W3CHttpResponseCodec.createException(W3CHttpResponseCodec.java:187)
	at org.openqa.selenium.remote.http.W3CHttpResponseCodec.decode(W3CHttpResponseCodec.java:122)
	at org.openqa.selenium.remote.http.W3CHttpResponseCodec.decode(W3CHttpResponseCodec.java:49)
	at org.openqa.selenium.remote.HttpCommandExecutor.execute(HttpCommandExecutor.java:158)
	at org.openqa.selenium.remote.service.DriverCommandExecutor.execute(DriverCommandExecutor.java:83)
	at org.openqa.selenium.remote.RemoteWebDriver.execute(RemoteWebDriver.java:552)
	at com.kms.katalon.selenium.driver.CChromeDriver.execute(CChromeDriver.java:19)
	at org.openqa.selenium.remote.RemoteWebElement.execute(RemoteWebElement.java:285)
	at org.openqa.selenium.remote.RemoteWebElement.click(RemoteWebElement.java:84)
	at org.openqa.selenium.support.events.EventFiringWebDriver$EventFiringWebElement.lambda$new$0(EventFiringWebDriver.java:404)
	at com.sun.proxy.$Proxy16.click(Unknown Source)
	at org.openqa.selenium.support.events.EventFiringWebDriver$EventFiringWebElement.click(EventFiringWebDriver.java:417)
	at org.openqa.selenium.WebElement$click.call(Unknown Source)
	at com.kms.katalon.core.webui.keyword.builtin.ClickKeyword.clickUntilSuccessWithTimeout(ClickKeyword.groovy:81)
	at com.kms.katalon.core.webui.keyword.builtin.ClickKeyword.clickUntilSuccessWithTimeout(ClickKeyword.groovy)
	at com.kms.katalon.core.webui.keyword.builtin.ClickKeyword$_click_closure1.doCall(ClickKeyword.groovy:67)
	at com.kms.katalon.core.webui.keyword.builtin.ClickKeyword$_click_closure1.call(ClickKeyword.groovy)
	at com.kms.katalon.core.webui.keyword.internal.WebUIKeywordMain.runKeyword(WebUIKeywordMain.groovy:20)
	... 22 more


2023-02-13 13:30:09 - [TEST_STEP][PASSED] - Start listener action : skipStatus: null

2023-02-13 13:30:09 - [TEST_STEP][PASSED] - map = testCaseContext.getTestCaseVariables(): null

2023-02-13 13:30:09 - [TEST_STEP][PASSED] - testcae_status = map.get("testcase_status"): null

2023-02-13 13:30:09 - [TEST_STEP][PASSED] - println(testcae_status): null

2023-02-13 13:30:09 - [TEST_STEP][PASSED] - if (testcae_status == "Passed" || testcae_status == "Failed"): null

2023-02-13 13:30:09 - [TEST_STEP][PASSED] - log = new com.kms.katalon.core.util.KeywordUtil(): null

2023-02-13 13:30:09 - [TEST_STEP][PASSED] - openBrowser(""): Browser is opened with url: ''

2023-02-13 13:30:09 - [MESSAGE][WARNING] - A browser is already opened. Closing browser and opening a new one

2023-02-13 13:30:09 - [MESSAGE][INFO] - Starting 'Chrome' driver

2023-02-13 13:30:09 - [MESSAGE][INFO] - Action delay is set to 0 milliseconds

2023-02-13 13:30:10 - [MESSAGE][PASSED] - Browser is opened with url: ''

2023-02-13 13:30:10 - [TEST_STEP][PASSED] - maximizeWindow(): Current window maximized

2023-02-13 13:30:10 - [MESSAGE][PASSED] - Current window maximized

2023-02-13 13:30:10 - [TEST_STEP][PASSED] - st = new shopify.store(): null

2023-02-13 13:30:10 - [TEST_STEP][PASSED] - st.loginShopifyPartner(partner_email, partner_password, partner_id): Object: 'Object Repository/Shopify/btn_login' is clicked on

2023-02-13 13:30:14 - [MESSAGE][PASSED] - Navigate to 'https://partners.shopify.com/1662018/stores/new' successfully

2023-02-13 13:30:15 - [MESSAGE][PASSED] - Text 'huynh@firegroup.io' is set on object 'Object Repository/Shopify/input_email_shopify'

2023-02-13 13:30:18 - [MESSAGE][PASSED] - Object: 'Object Repository/Shopify/btn_continue_with_email' is clicked on

2023-02-13 13:30:20 - [MESSAGE][PASSED] - Text ****** has been set on object 'Object Repository/Shopify/input_password_shopify'

2023-02-13 13:30:26 - [MESSAGE][PASSED] - Object: 'Object Repository/Shopify/btn_login' is clicked on

2023-02-13 13:30:26 - [TEST_STEP][PASSED] - st.navigateToStoreDevelop(partner_id): Navigate to 'https://partners.shopify.com/1662018/stores/new?store_type=dev_preview_store&developer_preview_handle=checkout_extensibility' successfully

2023-02-13 13:30:27 - [MESSAGE][PASSED] - Navigate to 'https://partners.shopify.com/1662018/stores/new?store_type=dev_preview_store&developer_preview_handle=checkout_extensibility' successfully

2023-02-13 13:30:27 - [TEST_STEP][PASSED] - st.inputStoreName(store_name): Delayed 5 second(s)

2023-02-13 13:30:29 - [MESSAGE][PASSED] - Text 'huynh-ar-stag-2438' is set on object 'Object Repository/Shopify/input_store_name'

2023-02-13 13:30:34 - [MESSAGE][PASSED] - Delayed 5 second(s)

2023-02-13 13:30:34 - [TEST_STEP][PASSED] - shopify.store.clickCreateStore(): shopify.store.clickCreateStore is PASSED

2023-02-13 13:30:35 - [MESSAGE][PASSED] - Object: 'Object Repository/Shopify/btn_create_store' is clicked on

2023-02-13 13:30:55 - [MESSAGE][PASSED] - Delayed 20 second(s)

2023-02-13 13:30:55 - [MESSAGE][PASSED] - shopify.store.clickCreateStore is PASSED

2023-02-13 13:30:55 - [TEST_STEP][PASSED] - shopify.store.importProduct(product_file_local): shopify.store.importProduct is PASSED

2023-02-13 13:31:04 - [MESSAGE][PASSED] - Object: 'Object Repository/Shopify/span_product' is clicked on

2023-02-13 13:31:06 - [MESSAGE][PASSED] - Object: 'Object Repository/Shopify/span_import_product' is clicked on

2023-02-13 13:31:06 - [MESSAGE][PASSED] - File 'C:\Users\huynh\Documents\Socialhead\Automation\Katalon project\CreateStore\CreateStore\Data\products_export.csv' sent to object: 'Object Repository/Shopify/file_product'

2023-02-13 13:31:07 - [MESSAGE][PASSED] - Object: 'Object Repository/Shopify/span_upload_product_continue' is clicked on

2023-02-13 13:31:11 - [MESSAGE][PASSED] - Object: 'Object Repository/Shopify/btn_product_confirm_import' is clicked on

2023-02-13 13:31:41 - [MESSAGE][PASSED] - Delayed 30 second(s)

2023-02-13 13:31:42 - [MESSAGE][PASSED] - Refresh successfully

2023-02-13 13:31:57 - [MESSAGE][PASSED] - Delayed 15 second(s)

2023-02-13 13:31:57 - [MESSAGE][PASSED] - shopify.store.importProduct is PASSED

2023-02-13 13:31:57 - [TEST_STEP][PASSED] - shopify.store.clickOnMenuOnlineStore(): shopify.store.clickOnMenuOnlineStore is PASSED

2023-02-13 13:31:57 - [MESSAGE][PASSED] - Object: 'Object Repository/Shopify Store/a_onlie_store' is clicked on

2023-02-13 13:32:07 - [MESSAGE][PASSED] - Delayed 10 second(s)

2023-02-13 13:32:07 - [MESSAGE][PASSED] - shopify.store.clickOnMenuOnlineStore is PASSED

2023-02-13 13:32:07 - [TEST_STEP][PASSED] - shopify.store.clickOnImportTheme(): shopify.store.clickOnImportTheme is PASSED

2023-02-13 13:32:08 - [MESSAGE][PASSED] - Object: 'Object Repository/Shopify Store/btn_add_theme' is clicked on

2023-02-13 13:32:08 - [MESSAGE][PASSED] - shopify.store.clickOnImportTheme is PASSED

2023-02-13 13:32:08 - [TEST_STEP][PASSED] - shopify.store.uploadThemeFile(theme_file_local): shopify.store.uploadThemeFile is PASSED

2023-02-13 13:32:08 - [MESSAGE][PASSED] - Object: 'Object Repository/Shopify Store/btn_upload_zip_file' is clicked on

2023-02-13 13:32:09 - [MESSAGE][PASSED] - File 'C:\Users\huynh\Documents\Socialhead\Automation\Katalon project\CreateStore\CreateStore\Data\theme_export__www-mynutripop-com-fastlane-4-2-active__02MAR2021-1152am.zip' sent to object: 'Object Repository/Shopify Store/file_theme'

2023-02-13 13:32:09 - [MESSAGE][PASSED] - Object: 'Object Repository/Shopify Store/btn_upload_theme' is clicked on

2023-02-13 13:32:19 - [MESSAGE][PASSED] - Delayed 10 second(s)

2023-02-13 13:32:19 - [MESSAGE][PASSED] - shopify.store.uploadThemeFile is PASSED

2023-02-13 13:32:19 - [TEST_STEP][FAILED] - shopify.store.clickPublishTheme(): Unable to click on object 'Object Repository/Shopify Store/btn_publish_theme'

2023-02-13 13:32:49 - [MESSAGE][PASSED] - Delayed 30 second(s)

2023-02-13 13:32:49 - [MESSAGE][PASSED] - Refresh successfully

2023-02-13 13:33:19 - [MESSAGE][PASSED] - Delayed 30 second(s)

2023-02-13 13:33:20 - [MESSAGE][PASSED] - Object 'Object Repository/Shopify Store/btn_publish_theme' is clickable

2023-02-13 13:33:53 - [MESSAGE][FAILED] - Unable to click on object 'Object Repository/Shopify Store/btn_publish_theme' (Root cause: com.kms.katalon.core.exception.StepFailedException: Unable to click on object 'Object Repository/Shopify Store/btn_publish_theme'
	at com.kms.katalon.core.webui.keyword.internal.WebUIKeywordMain.stepFailed(WebUIKeywordMain.groovy:64)
	at com.kms.katalon.core.webui.keyword.internal.WebUIKeywordMain.runKeyword(WebUIKeywordMain.groovy:26)
	at com.kms.katalon.core.webui.keyword.builtin.ClickKeyword.click(ClickKeyword.groovy:74)
	at com.kms.katalon.core.webui.keyword.builtin.ClickKeyword.execute(ClickKeyword.groovy:40)
	at com.kms.katalon.core.keyword.internal.KeywordExecutor.executeKeywordForPlatform(KeywordExecutor.groovy:74)
	at com.kms.katalon.core.webui.keyword.WebUiBuiltInKeywords.click(WebUiBuiltInKeywords.groovy:620)
	at com.kms.katalon.core.webui.keyword.WebUiBuiltInKeywords$click$3.call(Unknown Source)
	at shopify.store.clickPublishTheme(store.groovy:94)
	at shopify.store.invokeMethod(store.groovy)
	at com.kms.katalon.core.main.CustomKeywordDelegatingMetaClass.invokeStaticMethod(CustomKeywordDelegatingMetaClass.java:55)
	at CreateStore.run(CreateStore:56)
	at com.kms.katalon.core.main.ScriptEngine.run(ScriptEngine.java:194)
	at com.kms.katalon.core.main.ScriptEngine.runScriptAsRawText(ScriptEngine.java:119)
	at com.kms.katalon.core.main.TestCaseExecutor.runScript(TestCaseExecutor.java:448)
	at com.kms.katalon.core.main.TestCaseExecutor.doExecute(TestCaseExecutor.java:439)
	at com.kms.katalon.core.main.TestCaseExecutor.processExecutionPhase(TestCaseExecutor.java:418)
	at com.kms.katalon.core.main.TestCaseExecutor.accessMainPhase(TestCaseExecutor.java:410)
	at com.kms.katalon.core.main.TestCaseExecutor.execute(TestCaseExecutor.java:285)
	at com.kms.katalon.core.common.CommonExecutor.accessTestCaseMainPhase(CommonExecutor.java:65)
	at com.kms.katalon.core.main.TestSuiteExecutor.accessTestSuiteMainPhase(TestSuiteExecutor.java:151)
	at com.kms.katalon.core.main.TestSuiteExecutor.execute(TestSuiteExecutor.java:106)
	at com.kms.katalon.core.main.TestCaseMain.startTestSuite(TestCaseMain.java:185)
	at com.kms.katalon.core.main.TestCaseMain$startTestSuite$0.call(Unknown Source)
	at TempTestSuite1676253455264.run(TempTestSuite1676253455264.groovy:36)
Caused by: org.openqa.selenium.ElementClickInterceptedException: element click intercepted: Element <iframe title="Online Store" src="https://online-store-web.shopifyapps.com/themes?hmac=1eabd7aae897e2ef5fa9ab1c306ae88bd0b7a8d740a17ec84d5ebc928ec97967&amp;host=YWRtaW4uc2hvcGlmeS5jb20vc3RvcmUvaHV5bmgtYXItc3RhZy0yNDM4&amp;locale=en&amp;session=94d395e400e4c92b1b454e6ccc803da9a0498deaa00ccfca5dc07b63a30f1e8e&amp;shop=huynh-ar-stag-2438.myshopify.com&amp;timestamp=1676269971&amp;_signed_params=host%2Clocale%2Csession%2Cshop%2Ctimestamp&amp;appLoadId=cbc8a5b8-d0ca-4e6c-8135-9becf5b743f2" name="e1a779d4-d706-4d0b-8b00-c7ebfff24e22" context="Main" class="rG8rl" cd_frame_id_="bbe6c31b97674feaab51d16d7b886b3e"></iframe> is not clickable at point (859, 906). Other element would receive the click: <p class="KZJNR" aria-hidden="true">...</p>
  (Session info: chrome=109.0.5414.121)
Build info: version: '3.141.59', revision: 'e82be7d358', time: '2018-11-14T08:25:53'
System info: host: 'HUYNH', ip: '172.18.224.1', os.name: 'Windows 10', os.arch: 'amd64', os.version: '10.0', java.version: '1.8.0_282'
Driver info: com.kms.katalon.selenium.driver.CChromeDriver
Capabilities {acceptInsecureCerts: false, browserName: chrome, browserVersion: 109.0.5414.121, chrome: {chromedriverVersion: 109.0.5414.74 (e7c5703604da..., userDataDir: C:\Users\huynh\AppData\Loca...}, goog:chromeOptions: {debuggerAddress: localhost:52552}, javascriptEnabled: true, networkConnectionEnabled: false, pageLoadStrategy: normal, platform: WINDOWS, platformName: WINDOWS, proxy: Proxy(), setWindowRect: true, strictFileInteractability: false, timeouts: {implicit: 0, pageLoad: 300000, script: 30000}, unhandledPromptBehavior: dismiss and notify, webauthn:extension:credBlob: true, webauthn:extension:largeBlob: true, webauthn:virtualAuthenticators: true}
Session ID: 72910878ee8b45cb89be29f65b592419
	at org.openqa.selenium.remote.http.W3CHttpResponseCodec.createException(W3CHttpResponseCodec.java:187)
	at org.openqa.selenium.remote.http.W3CHttpResponseCodec.decode(W3CHttpResponseCodec.java:122)
	at org.openqa.selenium.remote.http.W3CHttpResponseCodec.decode(W3CHttpResponseCodec.java:49)
	at org.openqa.selenium.remote.HttpCommandExecutor.execute(HttpCommandExecutor.java:158)
	at org.openqa.selenium.remote.service.DriverCommandExecutor.execute(DriverCommandExecutor.java:83)
	at org.openqa.selenium.remote.RemoteWebDriver.execute(RemoteWebDriver.java:552)
	at com.kms.katalon.selenium.driver.CChromeDriver.execute(CChromeDriver.java:19)
	at org.openqa.selenium.remote.RemoteWebElement.execute(RemoteWebElement.java:285)
	at org.openqa.selenium.remote.RemoteWebElement.click(RemoteWebElement.java:84)
	at org.openqa.selenium.support.events.EventFiringWebDriver$EventFiringWebElement.lambda$new$0(EventFiringWebDriver.java:404)
	at com.sun.proxy.$Proxy16.click(Unknown Source)
	at org.openqa.selenium.support.events.EventFiringWebDriver$EventFiringWebElement.click(EventFiringWebDriver.java:417)
	at org.openqa.selenium.WebElement$click.call(Unknown Source)
	at com.kms.katalon.core.webui.keyword.builtin.ClickKeyword.clickUntilSuccessWithTimeout(ClickKeyword.groovy:81)
	at com.kms.katalon.core.webui.keyword.builtin.ClickKeyword.clickUntilSuccessWithTimeout(ClickKeyword.groovy)
	at com.kms.katalon.core.webui.keyword.builtin.ClickKeyword$_click_closure1.doCall(ClickKeyword.groovy:67)
	at com.kms.katalon.core.webui.keyword.builtin.ClickKeyword$_click_closure1.call(ClickKeyword.groovy)
	at com.kms.katalon.core.webui.keyword.internal.WebUIKeywordMain.runKeyword(WebUIKeywordMain.groovy:20)
	at com.kms.katalon.core.webui.keyword.builtin.ClickKeyword.click(ClickKeyword.groovy:74)
	at com.kms.katalon.core.webui.keyword.builtin.ClickKeyword.execute(ClickKeyword.groovy:40)
	at com.kms.katalon.core.keyword.internal.KeywordExecutor.executeKeywordForPlatform(KeywordExecutor.groovy:74)
	at com.kms.katalon.core.webui.keyword.WebUiBuiltInKeywords.click(WebUiBuiltInKeywords.groovy:620)
	at com.kms.katalon.core.webui.keyword.WebUiBuiltInKeywords$click$3.call(Unknown Source)
	at shopify.store.clickPublishTheme(store.groovy:94)
	at shopify.store.invokeMethod(store.groovy)
	at com.kms.katalon.core.main.CustomKeywordDelegatingMetaClass.invokeStaticMethod(CustomKeywordDelegatingMetaClass.java:55)
	at Script1673851860327.run(Script1673851860327.groovy:56)
	... 13 more
)
[[ATTACHMENT|C:\\Users\\huynh\\Documents\\Socialhead\\Automation\\Katalon project\\CreateStore\\CreateStore\\Reports\\20230213_085735\\Store\\Create Store\\20230213_085735\\1676270033256.png]]

2023-02-13 13:33:53 - [MESSAGE][FAILED] - Unable to click on object 'Object Repository/Shopify Store/btn_publish_theme'

2023-02-13 13:33:53 - [TEST_STEP][PASSED] - Start tear down : teardownIfFailed: Method 'teardownIfFailed' complete successfully

2023-02-13 13:33:53 - [TEST_STEP][PASSED] - data.excel.updateValueToSheet(file_data, "store", 4, store_name, 7, "Failed"): data.excel.updateValueToSheet is PASSED

2023-02-13 13:33:53 - [MESSAGE][PASSED] - data.excel.updateValueToSheet is PASSED

2023-02-13 13:33:53 - [MESSAGE][PASSED] - Method 'teardownIfFailed' complete successfully]]></system-out>
         <system-err><![CDATA[2023-02-13 13:30:09 - [TEST_CASE][FAILED] - Test Cases/Shopify/CreateStore: Test Cases/Shopify/CreateStore FAILED.
Reason:
com.kms.katalon.core.exception.StepFailedException: Unable to click on object 'Object Repository/Shopify Store/btn_publish_theme'
	at com.kms.katalon.core.webui.keyword.internal.WebUIKeywordMain.stepFailed(WebUIKeywordMain.groovy:64)
	at com.kms.katalon.core.webui.keyword.internal.WebUIKeywordMain.runKeyword(WebUIKeywordMain.groovy:26)
	at com.kms.katalon.core.webui.keyword.builtin.ClickKeyword.click(ClickKeyword.groovy:74)
	at com.kms.katalon.core.webui.keyword.builtin.ClickKeyword.execute(ClickKeyword.groovy:40)
	at com.kms.katalon.core.keyword.internal.KeywordExecutor.executeKeywordForPlatform(KeywordExecutor.groovy:74)
	at com.kms.katalon.core.webui.keyword.WebUiBuiltInKeywords.click(WebUiBuiltInKeywords.groovy:620)
	at com.kms.katalon.core.webui.keyword.WebUiBuiltInKeywords$click$3.call(Unknown Source)
	at shopify.store.clickPublishTheme(store.groovy:94)
	at shopify.store.invokeMethod(store.groovy)
	at com.kms.katalon.core.main.CustomKeywordDelegatingMetaClass.invokeStaticMethod(CustomKeywordDelegatingMetaClass.java:55)
	at CreateStore.run(CreateStore:56)
	at com.kms.katalon.core.main.ScriptEngine.run(ScriptEngine.java:194)
	at com.kms.katalon.core.main.ScriptEngine.runScriptAsRawText(ScriptEngine.java:119)
	at com.kms.katalon.core.main.TestCaseExecutor.runScript(TestCaseExecutor.java:448)
	at com.kms.katalon.core.main.TestCaseExecutor.doExecute(TestCaseExecutor.java:439)
	at com.kms.katalon.core.main.TestCaseExecutor.processExecutionPhase(TestCaseExecutor.java:418)
	at com.kms.katalon.core.main.TestCaseExecutor.accessMainPhase(TestCaseExecutor.java:410)
	at com.kms.katalon.core.main.TestCaseExecutor.execute(TestCaseExecutor.java:285)
	at com.kms.katalon.core.common.CommonExecutor.accessTestCaseMainPhase(CommonExecutor.java:65)
	at com.kms.katalon.core.main.TestSuiteExecutor.accessTestSuiteMainPhase(TestSuiteExecutor.java:151)
	at com.kms.katalon.core.main.TestSuiteExecutor.execute(TestSuiteExecutor.java:106)
	at com.kms.katalon.core.main.TestCaseMain.startTestSuite(TestCaseMain.java:185)
	at com.kms.katalon.core.main.TestCaseMain$startTestSuite$0.call(Unknown Source)
	at TempTestSuite1676253455264.run(TempTestSuite1676253455264.groovy:36)
Caused by: org.openqa.selenium.ElementClickInterceptedException: element click intercepted: Element <iframe title="Online Store" src="https://online-store-web.shopifyapps.com/themes?hmac=1eabd7aae897e2ef5fa9ab1c306ae88bd0b7a8d740a17ec84d5ebc928ec97967&amp;host=YWRtaW4uc2hvcGlmeS5jb20vc3RvcmUvaHV5bmgtYXItc3RhZy0yNDM4&amp;locale=en&amp;session=94d395e400e4c92b1b454e6ccc803da9a0498deaa00ccfca5dc07b63a30f1e8e&amp;shop=huynh-ar-stag-2438.myshopify.com&amp;timestamp=1676269971&amp;_signed_params=host%2Clocale%2Csession%2Cshop%2Ctimestamp&amp;appLoadId=cbc8a5b8-d0ca-4e6c-8135-9becf5b743f2" name="e1a779d4-d706-4d0b-8b00-c7ebfff24e22" context="Main" class="rG8rl" cd_frame_id_="bbe6c31b97674feaab51d16d7b886b3e"></iframe> is not clickable at point (859, 906). Other element would receive the click: <p class="KZJNR" aria-hidden="true">...</p>
  (Session info: chrome=109.0.5414.121)
Build info: version: '3.141.59', revision: 'e82be7d358', time: '2018-11-14T08:25:53'
System info: host: 'HUYNH', ip: '172.18.224.1', os.name: 'Windows 10', os.arch: 'amd64', os.version: '10.0', java.version: '1.8.0_282'
Driver info: com.kms.katalon.selenium.driver.CChromeDriver
Capabilities {acceptInsecureCerts: false, browserName: chrome, browserVersion: 109.0.5414.121, chrome: {chromedriverVersion: 109.0.5414.74 (e7c5703604da..., userDataDir: C:\Users\huynh\AppData\Loca...}, goog:chromeOptions: {debuggerAddress: localhost:52552}, javascriptEnabled: true, networkConnectionEnabled: false, pageLoadStrategy: normal, platform: WINDOWS, platformName: WINDOWS, proxy: Proxy(), setWindowRect: true, strictFileInteractability: false, timeouts: {implicit: 0, pageLoad: 300000, script: 30000}, unhandledPromptBehavior: dismiss and notify, webauthn:extension:credBlob: true, webauthn:extension:largeBlob: true, webauthn:virtualAuthenticators: true}
Session ID: 72910878ee8b45cb89be29f65b592419
	at org.openqa.selenium.remote.http.W3CHttpResponseCodec.createException(W3CHttpResponseCodec.java:187)
	at org.openqa.selenium.remote.http.W3CHttpResponseCodec.decode(W3CHttpResponseCodec.java:122)
	at org.openqa.selenium.remote.http.W3CHttpResponseCodec.decode(W3CHttpResponseCodec.java:49)
	at org.openqa.selenium.remote.HttpCommandExecutor.execute(HttpCommandExecutor.java:158)
	at org.openqa.selenium.remote.service.DriverCommandExecutor.execute(DriverCommandExecutor.java:83)
	at org.openqa.selenium.remote.RemoteWebDriver.execute(RemoteWebDriver.java:552)
	at com.kms.katalon.selenium.driver.CChromeDriver.execute(CChromeDriver.java:19)
	at org.openqa.selenium.remote.RemoteWebElement.execute(RemoteWebElement.java:285)
	at org.openqa.selenium.remote.RemoteWebElement.click(RemoteWebElement.java:84)
	at org.openqa.selenium.support.events.EventFiringWebDriver$EventFiringWebElement.lambda$new$0(EventFiringWebDriver.java:404)
	at com.sun.proxy.$Proxy16.click(Unknown Source)
	at org.openqa.selenium.support.events.EventFiringWebDriver$EventFiringWebElement.click(EventFiringWebDriver.java:417)
	at org.openqa.selenium.WebElement$click.call(Unknown Source)
	at com.kms.katalon.core.webui.keyword.builtin.ClickKeyword.clickUntilSuccessWithTimeout(ClickKeyword.groovy:81)
	at com.kms.katalon.core.webui.keyword.builtin.ClickKeyword.clickUntilSuccessWithTimeout(ClickKeyword.groovy)
	at com.kms.katalon.core.webui.keyword.builtin.ClickKeyword$_click_closure1.doCall(ClickKeyword.groovy:67)
	at com.kms.katalon.core.webui.keyword.builtin.ClickKeyword$_click_closure1.call(ClickKeyword.groovy)
	at com.kms.katalon.core.webui.keyword.internal.WebUIKeywordMain.runKeyword(WebUIKeywordMain.groovy:20)
	... 22 more]]></system-err>
      </testcase>
      <testcase name="Test Cases/Shopify/CreateStore" time="224.492" classname="Test Cases/Shopify/CreateStore" status="FAILED">
         <failure type="FAILED" message="Test Cases/Shopify/CreateStore FAILED.
Reason:
com.kms.katalon.core.exception.StepFailedException: Unable to click on object 'Object Repository/Shopify Store/btn_publish_theme'
	at com.kms.katalon.core.webui.keyword.internal.WebUIKeywordMain.stepFailed(WebUIKeywordMain.groovy:64)
	at com.kms.katalon.core.webui.keyword.internal.WebUIKeywordMain.runKeyword(WebUIKeywordMain.groovy:26)
	at com.kms.katalon.core.webui.keyword.builtin.ClickKeyword.click(ClickKeyword.groovy:74)
	at com.kms.katalon.core.webui.keyword.builtin.ClickKeyword.execute(ClickKeyword.groovy:40)
	at com.kms.katalon.core.keyword.internal.KeywordExecutor.executeKeywordForPlatform(KeywordExecutor.groovy:74)
	at com.kms.katalon.core.webui.keyword.WebUiBuiltInKeywords.click(WebUiBuiltInKeywords.groovy:620)
	at com.kms.katalon.core.webui.keyword.WebUiBuiltInKeywords$click$3.call(Unknown Source)
	at shopify.store.clickPublishTheme(store.groovy:94)
	at shopify.store.invokeMethod(store.groovy)
	at com.kms.katalon.core.main.CustomKeywordDelegatingMetaClass.invokeStaticMethod(CustomKeywordDelegatingMetaClass.java:55)
	at CreateStore.run(CreateStore:56)
	at com.kms.katalon.core.main.ScriptEngine.run(ScriptEngine.java:194)
	at com.kms.katalon.core.main.ScriptEngine.runScriptAsRawText(ScriptEngine.java:119)
	at com.kms.katalon.core.main.TestCaseExecutor.runScript(TestCaseExecutor.java:448)
	at com.kms.katalon.core.main.TestCaseExecutor.doExecute(TestCaseExecutor.java:439)
	at com.kms.katalon.core.main.TestCaseExecutor.processExecutionPhase(TestCaseExecutor.java:418)
	at com.kms.katalon.core.main.TestCaseExecutor.accessMainPhase(TestCaseExecutor.java:410)
	at com.kms.katalon.core.main.TestCaseExecutor.execute(TestCaseExecutor.java:285)
	at com.kms.katalon.core.common.CommonExecutor.accessTestCaseMainPhase(CommonExecutor.java:65)
	at com.kms.katalon.core.main.TestSuiteExecutor.accessTestSuiteMainPhase(TestSuiteExecutor.java:151)
	at com.kms.katalon.core.main.TestSuiteExecutor.execute(TestSuiteExecutor.java:106)
	at com.kms.katalon.core.main.TestCaseMain.startTestSuite(TestCaseMain.java:185)
	at com.kms.katalon.core.main.TestCaseMain$startTestSuite$0.call(Unknown Source)
	at TempTestSuite1676253455264.run(TempTestSuite1676253455264.groovy:36)
Caused by: org.openqa.selenium.ElementClickInterceptedException: element click intercepted: Element &lt;iframe title=&quot;Online Store&quot; src=&quot;https://online-store-web.shopifyapps.com/themes?hmac=acd4131737c0e937f67ea0105e9f3a4b39a5a8a72378ceac00398371b262b350&amp;amp;host=YWRtaW4uc2hvcGlmeS5jb20vc3RvcmUvaHV5bmgtYXItc3RhZy0yNDM5&amp;amp;locale=en&amp;amp;session=a750824546d7ad9a10f9e1a7e06c19495d13843365347f8c34bdabc6473d625e&amp;amp;shop=huynh-ar-stag-2439.myshopify.com&amp;amp;timestamp=1676270196&amp;amp;_signed_params=host%2Clocale%2Csession%2Cshop%2Ctimestamp&amp;amp;appLoadId=a6dbe722-0347-4424-883c-895debbc02ab&quot; name=&quot;61c69551-7164-46e9-8ee1-2de2307253e1&quot; context=&quot;Main&quot; class=&quot;rG8rl&quot; cd_frame_id_=&quot;624439943e3a6b2216c14d0be52a4e65&quot;>&lt;/iframe> is not clickable at point (859, 906). Other element would receive the click: &lt;p class=&quot;KZJNR&quot; aria-hidden=&quot;true&quot;>...&lt;/p>
  (Session info: chrome=109.0.5414.121)
Build info: version: '3.141.59', revision: 'e82be7d358', time: '2018-11-14T08:25:53'
System info: host: 'HUYNH', ip: '172.18.224.1', os.name: 'Windows 10', os.arch: 'amd64', os.version: '10.0', java.version: '1.8.0_282'
Driver info: com.kms.katalon.selenium.driver.CChromeDriver
Capabilities {acceptInsecureCerts: false, browserName: chrome, browserVersion: 109.0.5414.121, chrome: {chromedriverVersion: 109.0.5414.74 (e7c5703604da..., userDataDir: C:\Users\huynh\AppData\Loca...}, goog:chromeOptions: {debuggerAddress: localhost:52641}, javascriptEnabled: true, networkConnectionEnabled: false, pageLoadStrategy: normal, platform: WINDOWS, platformName: WINDOWS, proxy: Proxy(), setWindowRect: true, strictFileInteractability: false, timeouts: {implicit: 0, pageLoad: 300000, script: 30000}, unhandledPromptBehavior: dismiss and notify, webauthn:extension:credBlob: true, webauthn:extension:largeBlob: true, webauthn:virtualAuthenticators: true}
Session ID: 8651aa0c6fedd33c741ea8a952d9533d
	at org.openqa.selenium.remote.http.W3CHttpResponseCodec.createException(W3CHttpResponseCodec.java:187)
	at org.openqa.selenium.remote.http.W3CHttpResponseCodec.decode(W3CHttpResponseCodec.java:122)
	at org.openqa.selenium.remote.http.W3CHttpResponseCodec.decode(W3CHttpResponseCodec.java:49)
	at org.openqa.selenium.remote.HttpCommandExecutor.execute(HttpCommandExecutor.java:158)
	at org.openqa.selenium.remote.service.DriverCommandExecutor.execute(DriverCommandExecutor.java:83)
	at org.openqa.selenium.remote.RemoteWebDriver.execute(RemoteWebDriver.java:552)
	at com.kms.katalon.selenium.driver.CChromeDriver.execute(CChromeDriver.java:19)
	at org.openqa.selenium.remote.RemoteWebElement.execute(RemoteWebElement.java:285)
	at org.openqa.selenium.remote.RemoteWebElement.click(RemoteWebElement.java:84)
	at org.openqa.selenium.support.events.EventFiringWebDriver$EventFiringWebElement.lambda$new$0(EventFiringWebDriver.java:404)
	at com.sun.proxy.$Proxy16.click(Unknown Source)
	at org.openqa.selenium.support.events.EventFiringWebDriver$EventFiringWebElement.click(EventFiringWebDriver.java:417)
	at org.openqa.selenium.WebElement$click.call(Unknown Source)
	at com.kms.katalon.core.webui.keyword.builtin.ClickKeyword.clickUntilSuccessWithTimeout(ClickKeyword.groovy:81)
	at com.kms.katalon.core.webui.keyword.builtin.ClickKeyword.clickUntilSuccessWithTimeout(ClickKeyword.groovy)
	at com.kms.katalon.core.webui.keyword.builtin.ClickKeyword$_click_closure1.doCall(ClickKeyword.groovy:67)
	at com.kms.katalon.core.webui.keyword.builtin.ClickKeyword$_click_closure1.call(ClickKeyword.groovy)
	at com.kms.katalon.core.webui.keyword.internal.WebUIKeywordMain.runKeyword(WebUIKeywordMain.groovy:20)
	... 22 more
"/>
         <system-out><![CDATA[2023-02-13 13:33:53 - [TEST_CASE][FAILED] - Test Cases/Shopify/CreateStore: Test Cases/Shopify/CreateStore FAILED.
Reason:
com.kms.katalon.core.exception.StepFailedException: Unable to click on object 'Object Repository/Shopify Store/btn_publish_theme'
	at com.kms.katalon.core.webui.keyword.internal.WebUIKeywordMain.stepFailed(WebUIKeywordMain.groovy:64)
	at com.kms.katalon.core.webui.keyword.internal.WebUIKeywordMain.runKeyword(WebUIKeywordMain.groovy:26)
	at com.kms.katalon.core.webui.keyword.builtin.ClickKeyword.click(ClickKeyword.groovy:74)
	at com.kms.katalon.core.webui.keyword.builtin.ClickKeyword.execute(ClickKeyword.groovy:40)
	at com.kms.katalon.core.keyword.internal.KeywordExecutor.executeKeywordForPlatform(KeywordExecutor.groovy:74)
	at com.kms.katalon.core.webui.keyword.WebUiBuiltInKeywords.click(WebUiBuiltInKeywords.groovy:620)
	at com.kms.katalon.core.webui.keyword.WebUiBuiltInKeywords$click$3.call(Unknown Source)
	at shopify.store.clickPublishTheme(store.groovy:94)
	at shopify.store.invokeMethod(store.groovy)
	at com.kms.katalon.core.main.CustomKeywordDelegatingMetaClass.invokeStaticMethod(CustomKeywordDelegatingMetaClass.java:55)
	at CreateStore.run(CreateStore:56)
	at com.kms.katalon.core.main.ScriptEngine.run(ScriptEngine.java:194)
	at com.kms.katalon.core.main.ScriptEngine.runScriptAsRawText(ScriptEngine.java:119)
	at com.kms.katalon.core.main.TestCaseExecutor.runScript(TestCaseExecutor.java:448)
	at com.kms.katalon.core.main.TestCaseExecutor.doExecute(TestCaseExecutor.java:439)
	at com.kms.katalon.core.main.TestCaseExecutor.processExecutionPhase(TestCaseExecutor.java:418)
	at com.kms.katalon.core.main.TestCaseExecutor.accessMainPhase(TestCaseExecutor.java:410)
	at com.kms.katalon.core.main.TestCaseExecutor.execute(TestCaseExecutor.java:285)
	at com.kms.katalon.core.common.CommonExecutor.accessTestCaseMainPhase(CommonExecutor.java:65)
	at com.kms.katalon.core.main.TestSuiteExecutor.accessTestSuiteMainPhase(TestSuiteExecutor.java:151)
	at com.kms.katalon.core.main.TestSuiteExecutor.execute(TestSuiteExecutor.java:106)
	at com.kms.katalon.core.main.TestCaseMain.startTestSuite(TestCaseMain.java:185)
	at com.kms.katalon.core.main.TestCaseMain$startTestSuite$0.call(Unknown Source)
	at TempTestSuite1676253455264.run(TempTestSuite1676253455264.groovy:36)
Caused by: org.openqa.selenium.ElementClickInterceptedException: element click intercepted: Element <iframe title="Online Store" src="https://online-store-web.shopifyapps.com/themes?hmac=acd4131737c0e937f67ea0105e9f3a4b39a5a8a72378ceac00398371b262b350&amp;host=YWRtaW4uc2hvcGlmeS5jb20vc3RvcmUvaHV5bmgtYXItc3RhZy0yNDM5&amp;locale=en&amp;session=a750824546d7ad9a10f9e1a7e06c19495d13843365347f8c34bdabc6473d625e&amp;shop=huynh-ar-stag-2439.myshopify.com&amp;timestamp=1676270196&amp;_signed_params=host%2Clocale%2Csession%2Cshop%2Ctimestamp&amp;appLoadId=a6dbe722-0347-4424-883c-895debbc02ab" name="61c69551-7164-46e9-8ee1-2de2307253e1" context="Main" class="rG8rl" cd_frame_id_="624439943e3a6b2216c14d0be52a4e65"></iframe> is not clickable at point (859, 906). Other element would receive the click: <p class="KZJNR" aria-hidden="true">...</p>
  (Session info: chrome=109.0.5414.121)
Build info: version: '3.141.59', revision: 'e82be7d358', time: '2018-11-14T08:25:53'
System info: host: 'HUYNH', ip: '172.18.224.1', os.name: 'Windows 10', os.arch: 'amd64', os.version: '10.0', java.version: '1.8.0_282'
Driver info: com.kms.katalon.selenium.driver.CChromeDriver
Capabilities {acceptInsecureCerts: false, browserName: chrome, browserVersion: 109.0.5414.121, chrome: {chromedriverVersion: 109.0.5414.74 (e7c5703604da..., userDataDir: C:\Users\huynh\AppData\Loca...}, goog:chromeOptions: {debuggerAddress: localhost:52641}, javascriptEnabled: true, networkConnectionEnabled: false, pageLoadStrategy: normal, platform: WINDOWS, platformName: WINDOWS, proxy: Proxy(), setWindowRect: true, strictFileInteractability: false, timeouts: {implicit: 0, pageLoad: 300000, script: 30000}, unhandledPromptBehavior: dismiss and notify, webauthn:extension:credBlob: true, webauthn:extension:largeBlob: true, webauthn:virtualAuthenticators: true}
Session ID: 8651aa0c6fedd33c741ea8a952d9533d
	at org.openqa.selenium.remote.http.W3CHttpResponseCodec.createException(W3CHttpResponseCodec.java:187)
	at org.openqa.selenium.remote.http.W3CHttpResponseCodec.decode(W3CHttpResponseCodec.java:122)
	at org.openqa.selenium.remote.http.W3CHttpResponseCodec.decode(W3CHttpResponseCodec.java:49)
	at org.openqa.selenium.remote.HttpCommandExecutor.execute(HttpCommandExecutor.java:158)
	at org.openqa.selenium.remote.service.DriverCommandExecutor.execute(DriverCommandExecutor.java:83)
	at org.openqa.selenium.remote.RemoteWebDriver.execute(RemoteWebDriver.java:552)
	at com.kms.katalon.selenium.driver.CChromeDriver.execute(CChromeDriver.java:19)
	at org.openqa.selenium.remote.RemoteWebElement.execute(RemoteWebElement.java:285)
	at org.openqa.selenium.remote.RemoteWebElement.click(RemoteWebElement.java:84)
	at org.openqa.selenium.support.events.EventFiringWebDriver$EventFiringWebElement.lambda$new$0(EventFiringWebDriver.java:404)
	at com.sun.proxy.$Proxy16.click(Unknown Source)
	at org.openqa.selenium.support.events.EventFiringWebDriver$EventFiringWebElement.click(EventFiringWebDriver.java:417)
	at org.openqa.selenium.WebElement$click.call(Unknown Source)
	at com.kms.katalon.core.webui.keyword.builtin.ClickKeyword.clickUntilSuccessWithTimeout(ClickKeyword.groovy:81)
	at com.kms.katalon.core.webui.keyword.builtin.ClickKeyword.clickUntilSuccessWithTimeout(ClickKeyword.groovy)
	at com.kms.katalon.core.webui.keyword.builtin.ClickKeyword$_click_closure1.doCall(ClickKeyword.groovy:67)
	at com.kms.katalon.core.webui.keyword.builtin.ClickKeyword$_click_closure1.call(ClickKeyword.groovy)
	at com.kms.katalon.core.webui.keyword.internal.WebUIKeywordMain.runKeyword(WebUIKeywordMain.groovy:20)
	... 22 more


2023-02-13 13:33:53 - [TEST_STEP][PASSED] - Start listener action : skipStatus: null

2023-02-13 13:33:53 - [TEST_STEP][PASSED] - map = testCaseContext.getTestCaseVariables(): null

2023-02-13 13:33:53 - [TEST_STEP][PASSED] - testcae_status = map.get("testcase_status"): null

2023-02-13 13:33:53 - [TEST_STEP][PASSED] - println(testcae_status): null

2023-02-13 13:33:53 - [TEST_STEP][PASSED] - if (testcae_status == "Passed" || testcae_status == "Failed"): null

2023-02-13 13:33:53 - [TEST_STEP][PASSED] - log = new com.kms.katalon.core.util.KeywordUtil(): null

2023-02-13 13:33:53 - [TEST_STEP][PASSED] - openBrowser(""): Browser is opened with url: ''

2023-02-13 13:33:53 - [MESSAGE][WARNING] - A browser is already opened. Closing browser and opening a new one

2023-02-13 13:33:54 - [MESSAGE][INFO] - Starting 'Chrome' driver

2023-02-13 13:33:54 - [MESSAGE][INFO] - Action delay is set to 0 milliseconds

2023-02-13 13:33:55 - [MESSAGE][PASSED] - Browser is opened with url: ''

2023-02-13 13:33:55 - [TEST_STEP][PASSED] - maximizeWindow(): Current window maximized

2023-02-13 13:33:55 - [MESSAGE][PASSED] - Current window maximized

2023-02-13 13:33:55 - [TEST_STEP][PASSED] - st = new shopify.store(): null

2023-02-13 13:33:55 - [TEST_STEP][PASSED] - st.loginShopifyPartner(partner_email, partner_password, partner_id): Object: 'Object Repository/Shopify/btn_login' is clicked on

2023-02-13 13:33:59 - [MESSAGE][PASSED] - Navigate to 'https://partners.shopify.com/1662018/stores/new' successfully

2023-02-13 13:33:59 - [MESSAGE][PASSED] - Text 'huynh@firegroup.io' is set on object 'Object Repository/Shopify/input_email_shopify'

2023-02-13 13:34:01 - [MESSAGE][PASSED] - Object: 'Object Repository/Shopify/btn_continue_with_email' is clicked on

2023-02-13 13:34:03 - [MESSAGE][PASSED] - Text ****** has been set on object 'Object Repository/Shopify/input_password_shopify'

2023-02-13 13:34:09 - [MESSAGE][PASSED] - Object: 'Object Repository/Shopify/btn_login' is clicked on

2023-02-13 13:34:09 - [TEST_STEP][PASSED] - st.navigateToStoreDevelop(partner_id): Navigate to 'https://partners.shopify.com/1662018/stores/new?store_type=dev_preview_store&developer_preview_handle=checkout_extensibility' successfully

2023-02-13 13:34:10 - [MESSAGE][PASSED] - Navigate to 'https://partners.shopify.com/1662018/stores/new?store_type=dev_preview_store&developer_preview_handle=checkout_extensibility' successfully

2023-02-13 13:34:10 - [TEST_STEP][PASSED] - st.inputStoreName(store_name): Delayed 5 second(s)

2023-02-13 13:34:12 - [MESSAGE][PASSED] - Text 'huynh-ar-stag-2439' is set on object 'Object Repository/Shopify/input_store_name'

2023-02-13 13:34:17 - [MESSAGE][PASSED] - Delayed 5 second(s)

2023-02-13 13:34:17 - [TEST_STEP][PASSED] - shopify.store.clickCreateStore(): shopify.store.clickCreateStore is PASSED

2023-02-13 13:34:17 - [MESSAGE][PASSED] - Object: 'Object Repository/Shopify/btn_create_store' is clicked on

2023-02-13 13:34:37 - [MESSAGE][PASSED] - Delayed 20 second(s)

2023-02-13 13:34:37 - [MESSAGE][PASSED] - shopify.store.clickCreateStore is PASSED

2023-02-13 13:34:37 - [TEST_STEP][PASSED] - shopify.store.importProduct(product_file_local): shopify.store.importProduct is PASSED

2023-02-13 13:34:49 - [MESSAGE][PASSED] - Object: 'Object Repository/Shopify/span_product' is clicked on

2023-02-13 13:34:50 - [MESSAGE][PASSED] - Object: 'Object Repository/Shopify/span_import_product' is clicked on

2023-02-13 13:34:51 - [MESSAGE][PASSED] - File 'C:\Users\huynh\Documents\Socialhead\Automation\Katalon project\CreateStore\CreateStore\Data\products_export.csv' sent to object: 'Object Repository/Shopify/file_product'

2023-02-13 13:34:52 - [MESSAGE][PASSED] - Object: 'Object Repository/Shopify/span_upload_product_continue' is clicked on

2023-02-13 13:34:57 - [MESSAGE][PASSED] - Object: 'Object Repository/Shopify/btn_product_confirm_import' is clicked on

2023-02-13 13:35:27 - [MESSAGE][PASSED] - Delayed 30 second(s)

2023-02-13 13:35:27 - [MESSAGE][PASSED] - Refresh successfully

2023-02-13 13:35:42 - [MESSAGE][PASSED] - Delayed 15 second(s)

2023-02-13 13:35:42 - [MESSAGE][PASSED] - shopify.store.importProduct is PASSED

2023-02-13 13:35:42 - [TEST_STEP][PASSED] - shopify.store.clickOnMenuOnlineStore(): shopify.store.clickOnMenuOnlineStore is PASSED

2023-02-13 13:35:43 - [MESSAGE][PASSED] - Object: 'Object Repository/Shopify Store/a_onlie_store' is clicked on

2023-02-13 13:35:53 - [MESSAGE][PASSED] - Delayed 10 second(s)

2023-02-13 13:35:53 - [MESSAGE][PASSED] - shopify.store.clickOnMenuOnlineStore is PASSED

2023-02-13 13:35:53 - [TEST_STEP][PASSED] - shopify.store.clickOnImportTheme(): shopify.store.clickOnImportTheme is PASSED

2023-02-13 13:35:53 - [MESSAGE][PASSED] - Object: 'Object Repository/Shopify Store/btn_add_theme' is clicked on

2023-02-13 13:35:53 - [MESSAGE][PASSED] - shopify.store.clickOnImportTheme is PASSED

2023-02-13 13:35:53 - [TEST_STEP][PASSED] - shopify.store.uploadThemeFile(theme_file_local): shopify.store.uploadThemeFile is PASSED

2023-02-13 13:35:53 - [MESSAGE][PASSED] - Object: 'Object Repository/Shopify Store/btn_upload_zip_file' is clicked on

2023-02-13 13:35:54 - [MESSAGE][PASSED] - File 'C:\Users\huynh\Documents\Socialhead\Automation\Katalon project\CreateStore\CreateStore\Data\theme_export__www-mynutripop-com-fastlane-4-2-active__02MAR2021-1201pm.zip' sent to object: 'Object Repository/Shopify Store/file_theme'

2023-02-13 13:35:54 - [MESSAGE][PASSED] - Object: 'Object Repository/Shopify Store/btn_upload_theme' is clicked on

2023-02-13 13:36:04 - [MESSAGE][PASSED] - Delayed 10 second(s)

2023-02-13 13:36:04 - [MESSAGE][PASSED] - shopify.store.uploadThemeFile is PASSED

2023-02-13 13:36:04 - [TEST_STEP][FAILED] - shopify.store.clickPublishTheme(): Unable to click on object 'Object Repository/Shopify Store/btn_publish_theme'

2023-02-13 13:36:34 - [MESSAGE][PASSED] - Delayed 30 second(s)

2023-02-13 13:36:35 - [MESSAGE][PASSED] - Refresh successfully

2023-02-13 13:37:05 - [MESSAGE][PASSED] - Delayed 30 second(s)

2023-02-13 13:37:05 - [MESSAGE][PASSED] - Object 'Object Repository/Shopify Store/btn_publish_theme' is clickable

2023-02-13 13:37:37 - [MESSAGE][FAILED] - Unable to click on object 'Object Repository/Shopify Store/btn_publish_theme' (Root cause: com.kms.katalon.core.exception.StepFailedException: Unable to click on object 'Object Repository/Shopify Store/btn_publish_theme'
	at com.kms.katalon.core.webui.keyword.internal.WebUIKeywordMain.stepFailed(WebUIKeywordMain.groovy:64)
	at com.kms.katalon.core.webui.keyword.internal.WebUIKeywordMain.runKeyword(WebUIKeywordMain.groovy:26)
	at com.kms.katalon.core.webui.keyword.builtin.ClickKeyword.click(ClickKeyword.groovy:74)
	at com.kms.katalon.core.webui.keyword.builtin.ClickKeyword.execute(ClickKeyword.groovy:40)
	at com.kms.katalon.core.keyword.internal.KeywordExecutor.executeKeywordForPlatform(KeywordExecutor.groovy:74)
	at com.kms.katalon.core.webui.keyword.WebUiBuiltInKeywords.click(WebUiBuiltInKeywords.groovy:620)
	at com.kms.katalon.core.webui.keyword.WebUiBuiltInKeywords$click$3.call(Unknown Source)
	at shopify.store.clickPublishTheme(store.groovy:94)
	at shopify.store.invokeMethod(store.groovy)
	at com.kms.katalon.core.main.CustomKeywordDelegatingMetaClass.invokeStaticMethod(CustomKeywordDelegatingMetaClass.java:55)
	at CreateStore.run(CreateStore:56)
	at com.kms.katalon.core.main.ScriptEngine.run(ScriptEngine.java:194)
	at com.kms.katalon.core.main.ScriptEngine.runScriptAsRawText(ScriptEngine.java:119)
	at com.kms.katalon.core.main.TestCaseExecutor.runScript(TestCaseExecutor.java:448)
	at com.kms.katalon.core.main.TestCaseExecutor.doExecute(TestCaseExecutor.java:439)
	at com.kms.katalon.core.main.TestCaseExecutor.processExecutionPhase(TestCaseExecutor.java:418)
	at com.kms.katalon.core.main.TestCaseExecutor.accessMainPhase(TestCaseExecutor.java:410)
	at com.kms.katalon.core.main.TestCaseExecutor.execute(TestCaseExecutor.java:285)
	at com.kms.katalon.core.common.CommonExecutor.accessTestCaseMainPhase(CommonExecutor.java:65)
	at com.kms.katalon.core.main.TestSuiteExecutor.accessTestSuiteMainPhase(TestSuiteExecutor.java:151)
	at com.kms.katalon.core.main.TestSuiteExecutor.execute(TestSuiteExecutor.java:106)
	at com.kms.katalon.core.main.TestCaseMain.startTestSuite(TestCaseMain.java:185)
	at com.kms.katalon.core.main.TestCaseMain$startTestSuite$0.call(Unknown Source)
	at TempTestSuite1676253455264.run(TempTestSuite1676253455264.groovy:36)
Caused by: org.openqa.selenium.ElementClickInterceptedException: element click intercepted: Element <iframe title="Online Store" src="https://online-store-web.shopifyapps.com/themes?hmac=acd4131737c0e937f67ea0105e9f3a4b39a5a8a72378ceac00398371b262b350&amp;host=YWRtaW4uc2hvcGlmeS5jb20vc3RvcmUvaHV5bmgtYXItc3RhZy0yNDM5&amp;locale=en&amp;session=a750824546d7ad9a10f9e1a7e06c19495d13843365347f8c34bdabc6473d625e&amp;shop=huynh-ar-stag-2439.myshopify.com&amp;timestamp=1676270196&amp;_signed_params=host%2Clocale%2Csession%2Cshop%2Ctimestamp&amp;appLoadId=a6dbe722-0347-4424-883c-895debbc02ab" name="61c69551-7164-46e9-8ee1-2de2307253e1" context="Main" class="rG8rl" cd_frame_id_="624439943e3a6b2216c14d0be52a4e65"></iframe> is not clickable at point (859, 906). Other element would receive the click: <p class="KZJNR" aria-hidden="true">...</p>
  (Session info: chrome=109.0.5414.121)
Build info: version: '3.141.59', revision: 'e82be7d358', time: '2018-11-14T08:25:53'
System info: host: 'HUYNH', ip: '172.18.224.1', os.name: 'Windows 10', os.arch: 'amd64', os.version: '10.0', java.version: '1.8.0_282'
Driver info: com.kms.katalon.selenium.driver.CChromeDriver
Capabilities {acceptInsecureCerts: false, browserName: chrome, browserVersion: 109.0.5414.121, chrome: {chromedriverVersion: 109.0.5414.74 (e7c5703604da..., userDataDir: C:\Users\huynh\AppData\Loca...}, goog:chromeOptions: {debuggerAddress: localhost:52641}, javascriptEnabled: true, networkConnectionEnabled: false, pageLoadStrategy: normal, platform: WINDOWS, platformName: WINDOWS, proxy: Proxy(), setWindowRect: true, strictFileInteractability: false, timeouts: {implicit: 0, pageLoad: 300000, script: 30000}, unhandledPromptBehavior: dismiss and notify, webauthn:extension:credBlob: true, webauthn:extension:largeBlob: true, webauthn:virtualAuthenticators: true}
Session ID: 8651aa0c6fedd33c741ea8a952d9533d
	at org.openqa.selenium.remote.http.W3CHttpResponseCodec.createException(W3CHttpResponseCodec.java:187)
	at org.openqa.selenium.remote.http.W3CHttpResponseCodec.decode(W3CHttpResponseCodec.java:122)
	at org.openqa.selenium.remote.http.W3CHttpResponseCodec.decode(W3CHttpResponseCodec.java:49)
	at org.openqa.selenium.remote.HttpCommandExecutor.execute(HttpCommandExecutor.java:158)
	at org.openqa.selenium.remote.service.DriverCommandExecutor.execute(DriverCommandExecutor.java:83)
	at org.openqa.selenium.remote.RemoteWebDriver.execute(RemoteWebDriver.java:552)
	at com.kms.katalon.selenium.driver.CChromeDriver.execute(CChromeDriver.java:19)
	at org.openqa.selenium.remote.RemoteWebElement.execute(RemoteWebElement.java:285)
	at org.openqa.selenium.remote.RemoteWebElement.click(RemoteWebElement.java:84)
	at org.openqa.selenium.support.events.EventFiringWebDriver$EventFiringWebElement.lambda$new$0(EventFiringWebDriver.java:404)
	at com.sun.proxy.$Proxy16.click(Unknown Source)
	at org.openqa.selenium.support.events.EventFiringWebDriver$EventFiringWebElement.click(EventFiringWebDriver.java:417)
	at org.openqa.selenium.WebElement$click.call(Unknown Source)
	at com.kms.katalon.core.webui.keyword.builtin.ClickKeyword.clickUntilSuccessWithTimeout(ClickKeyword.groovy:81)
	at com.kms.katalon.core.webui.keyword.builtin.ClickKeyword.clickUntilSuccessWithTimeout(ClickKeyword.groovy)
	at com.kms.katalon.core.webui.keyword.builtin.ClickKeyword$_click_closure1.doCall(ClickKeyword.groovy:67)
	at com.kms.katalon.core.webui.keyword.builtin.ClickKeyword$_click_closure1.call(ClickKeyword.groovy)
	at com.kms.katalon.core.webui.keyword.internal.WebUIKeywordMain.runKeyword(WebUIKeywordMain.groovy:20)
	at com.kms.katalon.core.webui.keyword.builtin.ClickKeyword.click(ClickKeyword.groovy:74)
	at com.kms.katalon.core.webui.keyword.builtin.ClickKeyword.execute(ClickKeyword.groovy:40)
	at com.kms.katalon.core.keyword.internal.KeywordExecutor.executeKeywordForPlatform(KeywordExecutor.groovy:74)
	at com.kms.katalon.core.webui.keyword.WebUiBuiltInKeywords.click(WebUiBuiltInKeywords.groovy:620)
	at com.kms.katalon.core.webui.keyword.WebUiBuiltInKeywords$click$3.call(Unknown Source)
	at shopify.store.clickPublishTheme(store.groovy:94)
	at shopify.store.invokeMethod(store.groovy)
	at com.kms.katalon.core.main.CustomKeywordDelegatingMetaClass.invokeStaticMethod(CustomKeywordDelegatingMetaClass.java:55)
	at Script1673851860327.run(Script1673851860327.groovy:56)
	... 13 more
)
[[ATTACHMENT|C:\\Users\\huynh\\Documents\\Socialhead\\Automation\\Katalon project\\CreateStore\\CreateStore\\Reports\\20230213_085735\\Store\\Create Store\\20230213_085735\\1676270257822.png]]

2023-02-13 13:37:37 - [MESSAGE][FAILED] - Unable to click on object 'Object Repository/Shopify Store/btn_publish_theme'

2023-02-13 13:37:37 - [TEST_STEP][PASSED] - Start tear down : teardownIfFailed: Method 'teardownIfFailed' complete successfully

2023-02-13 13:37:37 - [TEST_STEP][PASSED] - data.excel.updateValueToSheet(file_data, "store", 4, store_name, 7, "Failed"): data.excel.updateValueToSheet is PASSED

2023-02-13 13:37:38 - [MESSAGE][PASSED] - data.excel.updateValueToSheet is PASSED

2023-02-13 13:37:38 - [MESSAGE][PASSED] - Method 'teardownIfFailed' complete successfully]]></system-out>
         <system-err><![CDATA[2023-02-13 13:33:53 - [TEST_CASE][FAILED] - Test Cases/Shopify/CreateStore: Test Cases/Shopify/CreateStore FAILED.
Reason:
com.kms.katalon.core.exception.StepFailedException: Unable to click on object 'Object Repository/Shopify Store/btn_publish_theme'
	at com.kms.katalon.core.webui.keyword.internal.WebUIKeywordMain.stepFailed(WebUIKeywordMain.groovy:64)
	at com.kms.katalon.core.webui.keyword.internal.WebUIKeywordMain.runKeyword(WebUIKeywordMain.groovy:26)
	at com.kms.katalon.core.webui.keyword.builtin.ClickKeyword.click(ClickKeyword.groovy:74)
	at com.kms.katalon.core.webui.keyword.builtin.ClickKeyword.execute(ClickKeyword.groovy:40)
	at com.kms.katalon.core.keyword.internal.KeywordExecutor.executeKeywordForPlatform(KeywordExecutor.groovy:74)
	at com.kms.katalon.core.webui.keyword.WebUiBuiltInKeywords.click(WebUiBuiltInKeywords.groovy:620)
	at com.kms.katalon.core.webui.keyword.WebUiBuiltInKeywords$click$3.call(Unknown Source)
	at shopify.store.clickPublishTheme(store.groovy:94)
	at shopify.store.invokeMethod(store.groovy)
	at com.kms.katalon.core.main.CustomKeywordDelegatingMetaClass.invokeStaticMethod(CustomKeywordDelegatingMetaClass.java:55)
	at CreateStore.run(CreateStore:56)
	at com.kms.katalon.core.main.ScriptEngine.run(ScriptEngine.java:194)
	at com.kms.katalon.core.main.ScriptEngine.runScriptAsRawText(ScriptEngine.java:119)
	at com.kms.katalon.core.main.TestCaseExecutor.runScript(TestCaseExecutor.java:448)
	at com.kms.katalon.core.main.TestCaseExecutor.doExecute(TestCaseExecutor.java:439)
	at com.kms.katalon.core.main.TestCaseExecutor.processExecutionPhase(TestCaseExecutor.java:418)
	at com.kms.katalon.core.main.TestCaseExecutor.accessMainPhase(TestCaseExecutor.java:410)
	at com.kms.katalon.core.main.TestCaseExecutor.execute(TestCaseExecutor.java:285)
	at com.kms.katalon.core.common.CommonExecutor.accessTestCaseMainPhase(CommonExecutor.java:65)
	at com.kms.katalon.core.main.TestSuiteExecutor.accessTestSuiteMainPhase(TestSuiteExecutor.java:151)
	at com.kms.katalon.core.main.TestSuiteExecutor.execute(TestSuiteExecutor.java:106)
	at com.kms.katalon.core.main.TestCaseMain.startTestSuite(TestCaseMain.java:185)
	at com.kms.katalon.core.main.TestCaseMain$startTestSuite$0.call(Unknown Source)
	at TempTestSuite1676253455264.run(TempTestSuite1676253455264.groovy:36)
Caused by: org.openqa.selenium.ElementClickInterceptedException: element click intercepted: Element <iframe title="Online Store" src="https://online-store-web.shopifyapps.com/themes?hmac=acd4131737c0e937f67ea0105e9f3a4b39a5a8a72378ceac00398371b262b350&amp;host=YWRtaW4uc2hvcGlmeS5jb20vc3RvcmUvaHV5bmgtYXItc3RhZy0yNDM5&amp;locale=en&amp;session=a750824546d7ad9a10f9e1a7e06c19495d13843365347f8c34bdabc6473d625e&amp;shop=huynh-ar-stag-2439.myshopify.com&amp;timestamp=1676270196&amp;_signed_params=host%2Clocale%2Csession%2Cshop%2Ctimestamp&amp;appLoadId=a6dbe722-0347-4424-883c-895debbc02ab" name="61c69551-7164-46e9-8ee1-2de2307253e1" context="Main" class="rG8rl" cd_frame_id_="624439943e3a6b2216c14d0be52a4e65"></iframe> is not clickable at point (859, 906). Other element would receive the click: <p class="KZJNR" aria-hidden="true">...</p>
  (Session info: chrome=109.0.5414.121)
Build info: version: '3.141.59', revision: 'e82be7d358', time: '2018-11-14T08:25:53'
System info: host: 'HUYNH', ip: '172.18.224.1', os.name: 'Windows 10', os.arch: 'amd64', os.version: '10.0', java.version: '1.8.0_282'
Driver info: com.kms.katalon.selenium.driver.CChromeDriver
Capabilities {acceptInsecureCerts: false, browserName: chrome, browserVersion: 109.0.5414.121, chrome: {chromedriverVersion: 109.0.5414.74 (e7c5703604da..., userDataDir: C:\Users\huynh\AppData\Loca...}, goog:chromeOptions: {debuggerAddress: localhost:52641}, javascriptEnabled: true, networkConnectionEnabled: false, pageLoadStrategy: normal, platform: WINDOWS, platformName: WINDOWS, proxy: Proxy(), setWindowRect: true, strictFileInteractability: false, timeouts: {implicit: 0, pageLoad: 300000, script: 30000}, unhandledPromptBehavior: dismiss and notify, webauthn:extension:credBlob: true, webauthn:extension:largeBlob: true, webauthn:virtualAuthenticators: true}
Session ID: 8651aa0c6fedd33c741ea8a952d9533d
	at org.openqa.selenium.remote.http.W3CHttpResponseCodec.createException(W3CHttpResponseCodec.java:187)
	at org.openqa.selenium.remote.http.W3CHttpResponseCodec.decode(W3CHttpResponseCodec.java:122)
	at org.openqa.selenium.remote.http.W3CHttpResponseCodec.decode(W3CHttpResponseCodec.java:49)
	at org.openqa.selenium.remote.HttpCommandExecutor.execute(HttpCommandExecutor.java:158)
	at org.openqa.selenium.remote.service.DriverCommandExecutor.execute(DriverCommandExecutor.java:83)
	at org.openqa.selenium.remote.RemoteWebDriver.execute(RemoteWebDriver.java:552)
	at com.kms.katalon.selenium.driver.CChromeDriver.execute(CChromeDriver.java:19)
	at org.openqa.selenium.remote.RemoteWebElement.execute(RemoteWebElement.java:285)
	at org.openqa.selenium.remote.RemoteWebElement.click(RemoteWebElement.java:84)
	at org.openqa.selenium.support.events.EventFiringWebDriver$EventFiringWebElement.lambda$new$0(EventFiringWebDriver.java:404)
	at com.sun.proxy.$Proxy16.click(Unknown Source)
	at org.openqa.selenium.support.events.EventFiringWebDriver$EventFiringWebElement.click(EventFiringWebDriver.java:417)
	at org.openqa.selenium.WebElement$click.call(Unknown Source)
	at com.kms.katalon.core.webui.keyword.builtin.ClickKeyword.clickUntilSuccessWithTimeout(ClickKeyword.groovy:81)
	at com.kms.katalon.core.webui.keyword.builtin.ClickKeyword.clickUntilSuccessWithTimeout(ClickKeyword.groovy)
	at com.kms.katalon.core.webui.keyword.builtin.ClickKeyword$_click_closure1.doCall(ClickKeyword.groovy:67)
	at com.kms.katalon.core.webui.keyword.builtin.ClickKeyword$_click_closure1.call(ClickKeyword.groovy)
	at com.kms.katalon.core.webui.keyword.internal.WebUIKeywordMain.runKeyword(WebUIKeywordMain.groovy:20)
	... 22 more]]></system-err>
      </testcase>
      <testcase name="Test Cases/Shopify/CreateStore" time="221.186" classname="Test Cases/Shopify/CreateStore" status="PASSED">
         <system-out><![CDATA[2023-02-13 13:37:38 - [TEST_CASE][PASSED] - Test Cases/Shopify/CreateStore: Test Cases/Shopify/CreateStore

2023-02-13 13:37:38 - [TEST_STEP][PASSED] - Start listener action : skipStatus: null

2023-02-13 13:37:38 - [TEST_STEP][PASSED] - map = testCaseContext.getTestCaseVariables(): null

2023-02-13 13:37:38 - [TEST_STEP][PASSED] - testcae_status = map.get("testcase_status"): null

2023-02-13 13:37:38 - [TEST_STEP][PASSED] - println(testcae_status): null

2023-02-13 13:37:38 - [TEST_STEP][PASSED] - if (testcae_status == "Passed" || testcae_status == "Failed"): null

2023-02-13 13:37:38 - [TEST_STEP][PASSED] - log = new com.kms.katalon.core.util.KeywordUtil(): null

2023-02-13 13:37:38 - [TEST_STEP][PASSED] - openBrowser(""): Browser is opened with url: ''

2023-02-13 13:37:38 - [MESSAGE][WARNING] - A browser is already opened. Closing browser and opening a new one

2023-02-13 13:37:38 - [MESSAGE][INFO] - Starting 'Chrome' driver

2023-02-13 13:37:38 - [MESSAGE][INFO] - Action delay is set to 0 milliseconds

2023-02-13 13:37:39 - [MESSAGE][PASSED] - Browser is opened with url: ''

2023-02-13 13:37:39 - [TEST_STEP][PASSED] - maximizeWindow(): Current window maximized

2023-02-13 13:37:39 - [MESSAGE][PASSED] - Current window maximized

2023-02-13 13:37:39 - [TEST_STEP][PASSED] - st = new shopify.store(): null

2023-02-13 13:37:39 - [TEST_STEP][PASSED] - st.loginShopifyPartner(partner_email, partner_password, partner_id): Object: 'Object Repository/Shopify/btn_login' is clicked on

2023-02-13 13:37:43 - [MESSAGE][PASSED] - Navigate to 'https://partners.shopify.com/1662018/stores/new' successfully

2023-02-13 13:37:44 - [MESSAGE][PASSED] - Text 'huynh@firegroup.io' is set on object 'Object Repository/Shopify/input_email_shopify'

2023-02-13 13:37:47 - [MESSAGE][PASSED] - Object: 'Object Repository/Shopify/btn_continue_with_email' is clicked on

2023-02-13 13:37:49 - [MESSAGE][PASSED] - Text ****** has been set on object 'Object Repository/Shopify/input_password_shopify'

2023-02-13 13:37:55 - [MESSAGE][PASSED] - Object: 'Object Repository/Shopify/btn_login' is clicked on

2023-02-13 13:37:55 - [TEST_STEP][PASSED] - st.navigateToStoreDevelop(partner_id): Navigate to 'https://partners.shopify.com/1662018/stores/new?store_type=dev_preview_store&developer_preview_handle=checkout_extensibility' successfully

2023-02-13 13:37:56 - [MESSAGE][PASSED] - Navigate to 'https://partners.shopify.com/1662018/stores/new?store_type=dev_preview_store&developer_preview_handle=checkout_extensibility' successfully

2023-02-13 13:37:56 - [TEST_STEP][PASSED] - st.inputStoreName(store_name): Delayed 5 second(s)

2023-02-13 13:38:00 - [MESSAGE][PASSED] - Text 'huynh-ar-stag-2440' is set on object 'Object Repository/Shopify/input_store_name'

2023-02-13 13:38:05 - [MESSAGE][PASSED] - Delayed 5 second(s)

2023-02-13 13:38:05 - [TEST_STEP][PASSED] - shopify.store.clickCreateStore(): shopify.store.clickCreateStore is PASSED

2023-02-13 13:38:06 - [MESSAGE][PASSED] - Object: 'Object Repository/Shopify/btn_create_store' is clicked on

2023-02-13 13:38:26 - [MESSAGE][PASSED] - Delayed 20 second(s)

2023-02-13 13:38:26 - [MESSAGE][PASSED] - shopify.store.clickCreateStore is PASSED

2023-02-13 13:38:26 - [TEST_STEP][PASSED] - shopify.store.importProduct(product_file_local): shopify.store.importProduct is PASSED

2023-02-13 13:38:35 - [MESSAGE][PASSED] - Object: 'Object Repository/Shopify/span_product' is clicked on

2023-02-13 13:38:37 - [MESSAGE][PASSED] - Object: 'Object Repository/Shopify/span_import_product' is clicked on

2023-02-13 13:38:37 - [MESSAGE][PASSED] - File 'C:\Users\huynh\Documents\Socialhead\Automation\Katalon project\CreateStore\CreateStore\Data\products_export.csv' sent to object: 'Object Repository/Shopify/file_product'

2023-02-13 13:38:38 - [MESSAGE][PASSED] - Object: 'Object Repository/Shopify/span_upload_product_continue' is clicked on

2023-02-13 13:38:41 - [MESSAGE][PASSED] - Object: 'Object Repository/Shopify/btn_product_confirm_import' is clicked on

2023-02-13 13:39:11 - [MESSAGE][PASSED] - Delayed 30 second(s)

2023-02-13 13:39:11 - [MESSAGE][PASSED] - Refresh successfully

2023-02-13 13:39:26 - [MESSAGE][PASSED] - Delayed 15 second(s)

2023-02-13 13:39:26 - [MESSAGE][PASSED] - shopify.store.importProduct is PASSED

2023-02-13 13:39:26 - [TEST_STEP][PASSED] - shopify.store.clickOnMenuOnlineStore(): shopify.store.clickOnMenuOnlineStore is PASSED

2023-02-13 13:39:27 - [MESSAGE][PASSED] - Object: 'Object Repository/Shopify Store/a_onlie_store' is clicked on

2023-02-13 13:39:37 - [MESSAGE][PASSED] - Delayed 10 second(s)

2023-02-13 13:39:37 - [MESSAGE][PASSED] - shopify.store.clickOnMenuOnlineStore is PASSED

2023-02-13 13:39:37 - [TEST_STEP][PASSED] - shopify.store.clickOnImportTheme(): shopify.store.clickOnImportTheme is PASSED

2023-02-13 13:39:37 - [MESSAGE][PASSED] - Object: 'Object Repository/Shopify Store/btn_add_theme' is clicked on

2023-02-13 13:39:37 - [MESSAGE][PASSED] - shopify.store.clickOnImportTheme is PASSED

2023-02-13 13:39:37 - [TEST_STEP][PASSED] - shopify.store.uploadThemeFile(theme_file_local): shopify.store.uploadThemeFile is PASSED

2023-02-13 13:39:37 - [MESSAGE][PASSED] - Object: 'Object Repository/Shopify Store/btn_upload_zip_file' is clicked on

2023-02-13 13:39:38 - [MESSAGE][PASSED] - File 'C:\Users\huynh\Documents\Socialhead\Automation\Katalon project\CreateStore\CreateStore\Data\theme_export__www-nomadicpassions-com-narrative__03JUN2020-1228am.zip' sent to object: 'Object Repository/Shopify Store/file_theme'

2023-02-13 13:39:38 - [MESSAGE][PASSED] - Object: 'Object Repository/Shopify Store/btn_upload_theme' is clicked on

2023-02-13 13:39:48 - [MESSAGE][PASSED] - Delayed 10 second(s)

2023-02-13 13:39:48 - [MESSAGE][PASSED] - shopify.store.uploadThemeFile is PASSED

2023-02-13 13:39:48 - [TEST_STEP][PASSED] - shopify.store.clickPublishTheme(): shopify.store.clickPublishTheme is PASSED

2023-02-13 13:40:18 - [MESSAGE][PASSED] - Delayed 30 second(s)

2023-02-13 13:40:19 - [MESSAGE][PASSED] - Refresh successfully

2023-02-13 13:40:49 - [MESSAGE][PASSED] - Delayed 30 second(s)

2023-02-13 13:40:49 - [MESSAGE][PASSED] - Object 'Object Repository/Shopify Store/btn_publish_theme' is clickable

2023-02-13 13:40:49 - [MESSAGE][PASSED] - Object: 'Object Repository/Shopify Store/btn_publish_theme' is clicked on

2023-02-13 13:40:49 - [MESSAGE][PASSED] - shopify.store.clickPublishTheme is PASSED

2023-02-13 13:40:49 - [TEST_STEP][PASSED] - shopify.store.confirmPublishTheme(): shopify.store.confirmPublishTheme is PASSED

2023-02-13 13:40:59 - [MESSAGE][PASSED] - Delayed 10 second(s)

2023-02-13 13:41:00 - [MESSAGE][PASSED] - Object: 'Object Repository/Shopify Store/btn_confirm_publish_theme' is clicked on

2023-02-13 13:41:00 - [MESSAGE][PASSED] - shopify.store.confirmPublishTheme is PASSED

2023-02-13 13:41:00 - [TEST_STEP][PASSED] - shopify.store_setting.changeStoreCurrency(currency, store_name): shopify.store_setting.changeStoreCurrency is PASSED

2023-02-13 13:41:10 - [MESSAGE][PASSED] - Delayed 10 second(s)

2023-02-13 13:41:14 - [MESSAGE][PASSED] - Navigate to 'http://huynh-ar-stag-2440.myshopify.com/admin/settings/general' successfully

2023-02-13 13:41:18 - [MESSAGE][PASSED] - All options with value 'USD' are selected in object 'Object Repository/Shopify Store/select_currency' 

2023-02-13 13:41:18 - [MESSAGE][PASSED] - shopify.store_setting.changeStoreCurrency is PASSED

2023-02-13 13:41:18 - [TEST_STEP][PASSED] - shopify.store_setting.saveStoreSetting(): shopify.store_setting.saveStoreSetting is PASSED

2023-02-13 13:41:19 - [MESSAGE][PASSED] - Object: 'Object Repository/Shopify Store/span_save_admin_setting' is clicked on

2023-02-13 13:41:19 - [MESSAGE][PASSED] - shopify.store_setting.saveStoreSetting is PASSED

2023-02-13 13:41:19 - [TEST_STEP][PASSED] - Start tear down : teardownIfPassed: Method 'teardownIfPassed' complete successfully

2023-02-13 13:41:19 - [TEST_STEP][PASSED] - data.excel.updateValueToSheet(file_data, "store", 4, store_name, 7, "Passed"): data.excel.updateValueToSheet is PASSED

2023-02-13 13:41:19 - [MESSAGE][PASSED] - data.excel.updateValueToSheet is PASSED

2023-02-13 13:41:19 - [MESSAGE][PASSED] - Method 'teardownIfPassed' complete successfully]]></system-out>
         <system-err><![CDATA[]]></system-err>
      </testcase>
      <testcase name="Test Cases/Shopify/CreateStore" time="220.008" classname="Test Cases/Shopify/CreateStore" status="PASSED">
         <system-out><![CDATA[2023-02-13 13:41:19 - [TEST_CASE][PASSED] - Test Cases/Shopify/CreateStore: Test Cases/Shopify/CreateStore

2023-02-13 13:41:19 - [TEST_STEP][PASSED] - Start listener action : skipStatus: null

2023-02-13 13:41:19 - [TEST_STEP][PASSED] - map = testCaseContext.getTestCaseVariables(): null

2023-02-13 13:41:19 - [TEST_STEP][PASSED] - testcae_status = map.get("testcase_status"): null

2023-02-13 13:41:19 - [TEST_STEP][PASSED] - println(testcae_status): null

2023-02-13 13:41:19 - [TEST_STEP][PASSED] - if (testcae_status == "Passed" || testcae_status == "Failed"): null

2023-02-13 13:41:19 - [TEST_STEP][PASSED] - log = new com.kms.katalon.core.util.KeywordUtil(): null

2023-02-13 13:41:19 - [TEST_STEP][PASSED] - openBrowser(""): Browser is opened with url: ''

2023-02-13 13:41:19 - [MESSAGE][WARNING] - A browser is already opened. Closing browser and opening a new one

2023-02-13 13:41:19 - [MESSAGE][INFO] - Starting 'Chrome' driver

2023-02-13 13:41:19 - [MESSAGE][INFO] - Action delay is set to 0 milliseconds

2023-02-13 13:41:20 - [MESSAGE][PASSED] - Browser is opened with url: ''

2023-02-13 13:41:20 - [TEST_STEP][PASSED] - maximizeWindow(): Current window maximized

2023-02-13 13:41:21 - [MESSAGE][PASSED] - Current window maximized

2023-02-13 13:41:21 - [TEST_STEP][PASSED] - st = new shopify.store(): null

2023-02-13 13:41:21 - [TEST_STEP][PASSED] - st.loginShopifyPartner(partner_email, partner_password, partner_id): Object: 'Object Repository/Shopify/btn_login' is clicked on

2023-02-13 13:41:24 - [MESSAGE][PASSED] - Navigate to 'https://partners.shopify.com/1662018/stores/new' successfully

2023-02-13 13:41:25 - [MESSAGE][PASSED] - Text 'huynh@firegroup.io' is set on object 'Object Repository/Shopify/input_email_shopify'

2023-02-13 13:41:28 - [MESSAGE][PASSED] - Object: 'Object Repository/Shopify/btn_continue_with_email' is clicked on

2023-02-13 13:41:30 - [MESSAGE][PASSED] - Text ****** has been set on object 'Object Repository/Shopify/input_password_shopify'

2023-02-13 13:41:35 - [MESSAGE][PASSED] - Object: 'Object Repository/Shopify/btn_login' is clicked on

2023-02-13 13:41:35 - [TEST_STEP][PASSED] - st.navigateToStoreDevelop(partner_id): Navigate to 'https://partners.shopify.com/1662018/stores/new?store_type=dev_preview_store&developer_preview_handle=checkout_extensibility' successfully

2023-02-13 13:41:36 - [MESSAGE][PASSED] - Navigate to 'https://partners.shopify.com/1662018/stores/new?store_type=dev_preview_store&developer_preview_handle=checkout_extensibility' successfully

2023-02-13 13:41:36 - [TEST_STEP][PASSED] - st.inputStoreName(store_name): Delayed 5 second(s)

2023-02-13 13:41:38 - [MESSAGE][PASSED] - Text 'huynh-ar-stag-2441' is set on object 'Object Repository/Shopify/input_store_name'

2023-02-13 13:41:43 - [MESSAGE][PASSED] - Delayed 5 second(s)

2023-02-13 13:41:43 - [TEST_STEP][PASSED] - shopify.store.clickCreateStore(): shopify.store.clickCreateStore is PASSED

2023-02-13 13:41:44 - [MESSAGE][PASSED] - Object: 'Object Repository/Shopify/btn_create_store' is clicked on

2023-02-13 13:42:04 - [MESSAGE][PASSED] - Delayed 20 second(s)

2023-02-13 13:42:04 - [MESSAGE][PASSED] - shopify.store.clickCreateStore is PASSED

2023-02-13 13:42:04 - [TEST_STEP][PASSED] - shopify.store.importProduct(product_file_local): shopify.store.importProduct is PASSED

2023-02-13 13:42:16 - [MESSAGE][PASSED] - Object: 'Object Repository/Shopify/span_product' is clicked on

2023-02-13 13:42:17 - [MESSAGE][PASSED] - Object: 'Object Repository/Shopify/span_import_product' is clicked on

2023-02-13 13:42:18 - [MESSAGE][PASSED] - File 'C:\Users\huynh\Documents\Socialhead\Automation\Katalon project\CreateStore\CreateStore\Data\products_export.csv' sent to object: 'Object Repository/Shopify/file_product'

2023-02-13 13:42:18 - [MESSAGE][PASSED] - Object: 'Object Repository/Shopify/span_upload_product_continue' is clicked on

2023-02-13 13:42:21 - [MESSAGE][PASSED] - Object: 'Object Repository/Shopify/btn_product_confirm_import' is clicked on

2023-02-13 13:42:51 - [MESSAGE][PASSED] - Delayed 30 second(s)

2023-02-13 13:42:52 - [MESSAGE][PASSED] - Refresh successfully

2023-02-13 13:43:07 - [MESSAGE][PASSED] - Delayed 15 second(s)

2023-02-13 13:43:07 - [MESSAGE][PASSED] - shopify.store.importProduct is PASSED

2023-02-13 13:43:07 - [TEST_STEP][PASSED] - shopify.store.clickOnMenuOnlineStore(): shopify.store.clickOnMenuOnlineStore is PASSED

2023-02-13 13:43:07 - [MESSAGE][PASSED] - Object: 'Object Repository/Shopify Store/a_onlie_store' is clicked on

2023-02-13 13:43:17 - [MESSAGE][PASSED] - Delayed 10 second(s)

2023-02-13 13:43:17 - [MESSAGE][PASSED] - shopify.store.clickOnMenuOnlineStore is PASSED

2023-02-13 13:43:17 - [TEST_STEP][PASSED] - shopify.store.clickOnImportTheme(): shopify.store.clickOnImportTheme is PASSED

2023-02-13 13:43:18 - [MESSAGE][PASSED] - Object: 'Object Repository/Shopify Store/btn_add_theme' is clicked on

2023-02-13 13:43:18 - [MESSAGE][PASSED] - shopify.store.clickOnImportTheme is PASSED

2023-02-13 13:43:18 - [TEST_STEP][PASSED] - shopify.store.uploadThemeFile(theme_file_local): shopify.store.uploadThemeFile is PASSED

2023-02-13 13:43:18 - [MESSAGE][PASSED] - Object: 'Object Repository/Shopify Store/btn_upload_zip_file' is clicked on

2023-02-13 13:43:19 - [MESSAGE][PASSED] - File 'C:\Users\huynh\Documents\Socialhead\Automation\Katalon project\CreateStore\CreateStore\Data\theme_export__www-ollygogo-com-warehouse-for-ollygogo-hulk-29-04-2020__07MAY2020-1030am.zip' sent to object: 'Object Repository/Shopify Store/file_theme'

2023-02-13 13:43:19 - [MESSAGE][PASSED] - Object: 'Object Repository/Shopify Store/btn_upload_theme' is clicked on

2023-02-13 13:43:29 - [MESSAGE][PASSED] - Delayed 10 second(s)

2023-02-13 13:43:29 - [MESSAGE][PASSED] - shopify.store.uploadThemeFile is PASSED

2023-02-13 13:43:29 - [TEST_STEP][PASSED] - shopify.store.clickPublishTheme(): shopify.store.clickPublishTheme is PASSED

2023-02-13 13:43:59 - [MESSAGE][PASSED] - Delayed 30 second(s)

2023-02-13 13:43:59 - [MESSAGE][PASSED] - Refresh successfully

2023-02-13 13:44:29 - [MESSAGE][PASSED] - Delayed 30 second(s)

2023-02-13 13:44:30 - [MESSAGE][PASSED] - Object 'Object Repository/Shopify Store/btn_publish_theme' is clickable

2023-02-13 13:44:30 - [MESSAGE][PASSED] - Object: 'Object Repository/Shopify Store/btn_publish_theme' is clicked on

2023-02-13 13:44:30 - [MESSAGE][PASSED] - shopify.store.clickPublishTheme is PASSED

2023-02-13 13:44:30 - [TEST_STEP][PASSED] - shopify.store.confirmPublishTheme(): shopify.store.confirmPublishTheme is PASSED

2023-02-13 13:44:40 - [MESSAGE][PASSED] - Delayed 10 second(s)

2023-02-13 13:44:40 - [MESSAGE][PASSED] - Object: 'Object Repository/Shopify Store/btn_confirm_publish_theme' is clicked on

2023-02-13 13:44:40 - [MESSAGE][PASSED] - shopify.store.confirmPublishTheme is PASSED

2023-02-13 13:44:40 - [TEST_STEP][PASSED] - shopify.store_setting.changeStoreCurrency(currency, store_name): shopify.store_setting.changeStoreCurrency is PASSED

2023-02-13 13:44:50 - [MESSAGE][PASSED] - Delayed 10 second(s)

2023-02-13 13:44:54 - [MESSAGE][PASSED] - Navigate to 'http://huynh-ar-stag-2441.myshopify.com/admin/settings/general' successfully

2023-02-13 13:44:58 - [MESSAGE][PASSED] - All options with value 'USD' are selected in object 'Object Repository/Shopify Store/select_currency' 

2023-02-13 13:44:58 - [MESSAGE][PASSED] - shopify.store_setting.changeStoreCurrency is PASSED

2023-02-13 13:44:58 - [TEST_STEP][PASSED] - shopify.store_setting.saveStoreSetting(): shopify.store_setting.saveStoreSetting is PASSED

2023-02-13 13:44:59 - [MESSAGE][PASSED] - Object: 'Object Repository/Shopify Store/span_save_admin_setting' is clicked on

2023-02-13 13:44:59 - [MESSAGE][PASSED] - shopify.store_setting.saveStoreSetting is PASSED

2023-02-13 13:44:59 - [TEST_STEP][PASSED] - Start tear down : teardownIfPassed: Method 'teardownIfPassed' complete successfully

2023-02-13 13:44:59 - [TEST_STEP][PASSED] - data.excel.updateValueToSheet(file_data, "store", 4, store_name, 7, "Passed"): data.excel.updateValueToSheet is PASSED

2023-02-13 13:44:59 - [MESSAGE][PASSED] - data.excel.updateValueToSheet is PASSED

2023-02-13 13:44:59 - [MESSAGE][PASSED] - Method 'teardownIfPassed' complete successfully]]></system-out>
         <system-err><![CDATA[]]></system-err>
      </testcase>
      <testcase name="Test Cases/Shopify/CreateStore" time="217.996" classname="Test Cases/Shopify/CreateStore" status="PASSED">
         <system-out><![CDATA[2023-02-13 13:44:59 - [TEST_CASE][PASSED] - Test Cases/Shopify/CreateStore: Test Cases/Shopify/CreateStore

2023-02-13 13:44:59 - [TEST_STEP][PASSED] - Start listener action : skipStatus: null

2023-02-13 13:44:59 - [TEST_STEP][PASSED] - map = testCaseContext.getTestCaseVariables(): null

2023-02-13 13:44:59 - [TEST_STEP][PASSED] - testcae_status = map.get("testcase_status"): null

2023-02-13 13:44:59 - [TEST_STEP][PASSED] - println(testcae_status): null

2023-02-13 13:44:59 - [TEST_STEP][PASSED] - if (testcae_status == "Passed" || testcae_status == "Failed"): null

2023-02-13 13:44:59 - [TEST_STEP][PASSED] - log = new com.kms.katalon.core.util.KeywordUtil(): null

2023-02-13 13:44:59 - [TEST_STEP][PASSED] - openBrowser(""): Browser is opened with url: ''

2023-02-13 13:44:59 - [MESSAGE][WARNING] - A browser is already opened. Closing browser and opening a new one

2023-02-13 13:44:59 - [MESSAGE][INFO] - Starting 'Chrome' driver

2023-02-13 13:44:59 - [MESSAGE][INFO] - Action delay is set to 0 milliseconds

2023-02-13 13:45:01 - [MESSAGE][PASSED] - Browser is opened with url: ''

2023-02-13 13:45:01 - [TEST_STEP][PASSED] - maximizeWindow(): Current window maximized

2023-02-13 13:45:01 - [MESSAGE][PASSED] - Current window maximized

2023-02-13 13:45:01 - [TEST_STEP][PASSED] - st = new shopify.store(): null

2023-02-13 13:45:01 - [TEST_STEP][PASSED] - st.loginShopifyPartner(partner_email, partner_password, partner_id): Object: 'Object Repository/Shopify/btn_login' is clicked on

2023-02-13 13:45:04 - [MESSAGE][PASSED] - Navigate to 'https://partners.shopify.com/1662018/stores/new' successfully

2023-02-13 13:45:05 - [MESSAGE][PASSED] - Text 'huynh@firegroup.io' is set on object 'Object Repository/Shopify/input_email_shopify'

2023-02-13 13:45:07 - [MESSAGE][PASSED] - Object: 'Object Repository/Shopify/btn_continue_with_email' is clicked on

2023-02-13 13:45:09 - [MESSAGE][PASSED] - Text ****** has been set on object 'Object Repository/Shopify/input_password_shopify'

2023-02-13 13:45:15 - [MESSAGE][PASSED] - Object: 'Object Repository/Shopify/btn_login' is clicked on

2023-02-13 13:45:15 - [TEST_STEP][PASSED] - st.navigateToStoreDevelop(partner_id): Navigate to 'https://partners.shopify.com/1662018/stores/new?store_type=dev_preview_store&developer_preview_handle=checkout_extensibility' successfully

2023-02-13 13:45:16 - [MESSAGE][PASSED] - Navigate to 'https://partners.shopify.com/1662018/stores/new?store_type=dev_preview_store&developer_preview_handle=checkout_extensibility' successfully

2023-02-13 13:45:16 - [TEST_STEP][PASSED] - st.inputStoreName(store_name): Delayed 5 second(s)

2023-02-13 13:45:17 - [MESSAGE][PASSED] - Text 'huynh-ar-stag-2442' is set on object 'Object Repository/Shopify/input_store_name'

2023-02-13 13:45:22 - [MESSAGE][PASSED] - Delayed 5 second(s)

2023-02-13 13:45:22 - [TEST_STEP][PASSED] - shopify.store.clickCreateStore(): shopify.store.clickCreateStore is PASSED

2023-02-13 13:45:23 - [MESSAGE][PASSED] - Object: 'Object Repository/Shopify/btn_create_store' is clicked on

2023-02-13 13:45:43 - [MESSAGE][PASSED] - Delayed 20 second(s)

2023-02-13 13:45:43 - [MESSAGE][PASSED] - shopify.store.clickCreateStore is PASSED

2023-02-13 13:45:43 - [TEST_STEP][PASSED] - shopify.store.importProduct(product_file_local): shopify.store.importProduct is PASSED

2023-02-13 13:45:53 - [MESSAGE][PASSED] - Object: 'Object Repository/Shopify/span_product' is clicked on

2023-02-13 13:45:55 - [MESSAGE][PASSED] - Object: 'Object Repository/Shopify/span_import_product' is clicked on

2023-02-13 13:45:56 - [MESSAGE][PASSED] - File 'C:\Users\huynh\Documents\Socialhead\Automation\Katalon project\CreateStore\CreateStore\Data\products_export.csv' sent to object: 'Object Repository/Shopify/file_product'

2023-02-13 13:45:56 - [MESSAGE][PASSED] - Object: 'Object Repository/Shopify/span_upload_product_continue' is clicked on

2023-02-13 13:45:59 - [MESSAGE][PASSED] - Object: 'Object Repository/Shopify/btn_product_confirm_import' is clicked on

2023-02-13 13:46:29 - [MESSAGE][PASSED] - Delayed 30 second(s)

2023-02-13 13:46:30 - [MESSAGE][PASSED] - Refresh successfully

2023-02-13 13:46:45 - [MESSAGE][PASSED] - Delayed 15 second(s)

2023-02-13 13:46:45 - [MESSAGE][PASSED] - shopify.store.importProduct is PASSED

2023-02-13 13:46:45 - [TEST_STEP][PASSED] - shopify.store.clickOnMenuOnlineStore(): shopify.store.clickOnMenuOnlineStore is PASSED

2023-02-13 13:46:45 - [MESSAGE][PASSED] - Object: 'Object Repository/Shopify Store/a_onlie_store' is clicked on

2023-02-13 13:46:55 - [MESSAGE][PASSED] - Delayed 10 second(s)

2023-02-13 13:46:55 - [MESSAGE][PASSED] - shopify.store.clickOnMenuOnlineStore is PASSED

2023-02-13 13:46:55 - [TEST_STEP][PASSED] - shopify.store.clickOnImportTheme(): shopify.store.clickOnImportTheme is PASSED

2023-02-13 13:46:56 - [MESSAGE][PASSED] - Object: 'Object Repository/Shopify Store/btn_add_theme' is clicked on

2023-02-13 13:46:56 - [MESSAGE][PASSED] - shopify.store.clickOnImportTheme is PASSED

2023-02-13 13:46:56 - [TEST_STEP][PASSED] - shopify.store.uploadThemeFile(theme_file_local): shopify.store.uploadThemeFile is PASSED

2023-02-13 13:46:56 - [MESSAGE][PASSED] - Object: 'Object Repository/Shopify Store/btn_upload_zip_file' is clicked on

2023-02-13 13:46:57 - [MESSAGE][PASSED] - File 'C:\Users\huynh\Documents\Socialhead\Automation\Katalon project\CreateStore\CreateStore\Data\theme_export__www-orbitrings-co-za-final-theme-orbit__17MAR2021-0428pm.zip' sent to object: 'Object Repository/Shopify Store/file_theme'

2023-02-13 13:46:57 - [MESSAGE][PASSED] - Object: 'Object Repository/Shopify Store/btn_upload_theme' is clicked on

2023-02-13 13:47:07 - [MESSAGE][PASSED] - Delayed 10 second(s)

2023-02-13 13:47:07 - [MESSAGE][PASSED] - shopify.store.uploadThemeFile is PASSED

2023-02-13 13:47:07 - [TEST_STEP][PASSED] - shopify.store.clickPublishTheme(): shopify.store.clickPublishTheme is PASSED

2023-02-13 13:47:37 - [MESSAGE][PASSED] - Delayed 30 second(s)

2023-02-13 13:47:37 - [MESSAGE][PASSED] - Refresh successfully

2023-02-13 13:48:07 - [MESSAGE][PASSED] - Delayed 30 second(s)

2023-02-13 13:48:08 - [MESSAGE][PASSED] - Object 'Object Repository/Shopify Store/btn_publish_theme' is clickable

2023-02-13 13:48:08 - [MESSAGE][PASSED] - Object: 'Object Repository/Shopify Store/btn_publish_theme' is clicked on

2023-02-13 13:48:08 - [MESSAGE][PASSED] - shopify.store.clickPublishTheme is PASSED

2023-02-13 13:48:08 - [TEST_STEP][PASSED] - shopify.store.confirmPublishTheme(): shopify.store.confirmPublishTheme is PASSED

2023-02-13 13:48:18 - [MESSAGE][PASSED] - Delayed 10 second(s)

2023-02-13 13:48:18 - [MESSAGE][PASSED] - Object: 'Object Repository/Shopify Store/btn_confirm_publish_theme' is clicked on

2023-02-13 13:48:18 - [MESSAGE][PASSED] - shopify.store.confirmPublishTheme is PASSED

2023-02-13 13:48:18 - [TEST_STEP][PASSED] - shopify.store_setting.changeStoreCurrency(currency, store_name): shopify.store_setting.changeStoreCurrency is PASSED

2023-02-13 13:48:28 - [MESSAGE][PASSED] - Delayed 10 second(s)

2023-02-13 13:48:32 - [MESSAGE][PASSED] - Navigate to 'http://huynh-ar-stag-2442.myshopify.com/admin/settings/general' successfully

2023-02-13 13:48:36 - [MESSAGE][PASSED] - All options with value 'USD' are selected in object 'Object Repository/Shopify Store/select_currency' 

2023-02-13 13:48:36 - [MESSAGE][PASSED] - shopify.store_setting.changeStoreCurrency is PASSED

2023-02-13 13:48:36 - [TEST_STEP][PASSED] - shopify.store_setting.saveStoreSetting(): shopify.store_setting.saveStoreSetting is PASSED

2023-02-13 13:48:37 - [MESSAGE][PASSED] - Object: 'Object Repository/Shopify Store/span_save_admin_setting' is clicked on

2023-02-13 13:48:37 - [MESSAGE][PASSED] - shopify.store_setting.saveStoreSetting is PASSED

2023-02-13 13:48:37 - [TEST_STEP][PASSED] - Start tear down : teardownIfPassed: Method 'teardownIfPassed' complete successfully

2023-02-13 13:48:37 - [TEST_STEP][PASSED] - data.excel.updateValueToSheet(file_data, "store", 4, store_name, 7, "Passed"): data.excel.updateValueToSheet is PASSED

2023-02-13 13:48:37 - [MESSAGE][PASSED] - data.excel.updateValueToSheet is PASSED

2023-02-13 13:48:37 - [MESSAGE][PASSED] - Method 'teardownIfPassed' complete successfully]]></system-out>
         <system-err><![CDATA[]]></system-err>
      </testcase>
      <testcase name="Test Cases/Shopify/CreateStore" time="226.259" classname="Test Cases/Shopify/CreateStore" status="PASSED">
         <system-out><![CDATA[2023-02-13 13:48:37 - [TEST_CASE][PASSED] - Test Cases/Shopify/CreateStore: Test Cases/Shopify/CreateStore

2023-02-13 13:48:37 - [TEST_STEP][PASSED] - Start listener action : skipStatus: null

2023-02-13 13:48:37 - [TEST_STEP][PASSED] - map = testCaseContext.getTestCaseVariables(): null

2023-02-13 13:48:37 - [TEST_STEP][PASSED] - testcae_status = map.get("testcase_status"): null

2023-02-13 13:48:37 - [TEST_STEP][PASSED] - println(testcae_status): null

2023-02-13 13:48:37 - [TEST_STEP][PASSED] - if (testcae_status == "Passed" || testcae_status == "Failed"): null

2023-02-13 13:48:37 - [TEST_STEP][PASSED] - log = new com.kms.katalon.core.util.KeywordUtil(): null

2023-02-13 13:48:37 - [TEST_STEP][PASSED] - openBrowser(""): Browser is opened with url: ''

2023-02-13 13:48:37 - [MESSAGE][WARNING] - A browser is already opened. Closing browser and opening a new one

2023-02-13 13:48:38 - [MESSAGE][INFO] - Starting 'Chrome' driver

2023-02-13 13:48:38 - [MESSAGE][INFO] - Action delay is set to 0 milliseconds

2023-02-13 13:48:39 - [MESSAGE][PASSED] - Browser is opened with url: ''

2023-02-13 13:48:39 - [TEST_STEP][PASSED] - maximizeWindow(): Current window maximized

2023-02-13 13:48:39 - [MESSAGE][PASSED] - Current window maximized

2023-02-13 13:48:39 - [TEST_STEP][PASSED] - st = new shopify.store(): null

2023-02-13 13:48:39 - [TEST_STEP][PASSED] - st.loginShopifyPartner(partner_email, partner_password, partner_id): Object: 'Object Repository/Shopify/btn_login' is clicked on

2023-02-13 13:48:43 - [MESSAGE][PASSED] - Navigate to 'https://partners.shopify.com/1662018/stores/new' successfully

2023-02-13 13:48:43 - [MESSAGE][PASSED] - Text 'huynh@firegroup.io' is set on object 'Object Repository/Shopify/input_email_shopify'

2023-02-13 13:48:45 - [MESSAGE][PASSED] - Object: 'Object Repository/Shopify/btn_continue_with_email' is clicked on

2023-02-13 13:48:47 - [MESSAGE][PASSED] - Text ****** has been set on object 'Object Repository/Shopify/input_password_shopify'

2023-02-13 13:48:53 - [MESSAGE][PASSED] - Object: 'Object Repository/Shopify/btn_login' is clicked on

2023-02-13 13:48:53 - [TEST_STEP][PASSED] - st.navigateToStoreDevelop(partner_id): Navigate to 'https://partners.shopify.com/1662018/stores/new?store_type=dev_preview_store&developer_preview_handle=checkout_extensibility' successfully

2023-02-13 13:48:55 - [MESSAGE][PASSED] - Navigate to 'https://partners.shopify.com/1662018/stores/new?store_type=dev_preview_store&developer_preview_handle=checkout_extensibility' successfully

2023-02-13 13:48:55 - [TEST_STEP][PASSED] - st.inputStoreName(store_name): Delayed 5 second(s)

2023-02-13 13:48:57 - [MESSAGE][PASSED] - Text 'huynh-ar-stag-2443' is set on object 'Object Repository/Shopify/input_store_name'

2023-02-13 13:49:02 - [MESSAGE][PASSED] - Delayed 5 second(s)

2023-02-13 13:49:02 - [TEST_STEP][PASSED] - shopify.store.clickCreateStore(): shopify.store.clickCreateStore is PASSED

2023-02-13 13:49:03 - [MESSAGE][PASSED] - Object: 'Object Repository/Shopify/btn_create_store' is clicked on

2023-02-13 13:49:23 - [MESSAGE][PASSED] - Delayed 20 second(s)

2023-02-13 13:49:23 - [MESSAGE][PASSED] - shopify.store.clickCreateStore is PASSED

2023-02-13 13:49:23 - [TEST_STEP][PASSED] - shopify.store.importProduct(product_file_local): shopify.store.importProduct is PASSED

2023-02-13 13:49:32 - [MESSAGE][PASSED] - Object: 'Object Repository/Shopify/span_product' is clicked on

2023-02-13 13:49:34 - [MESSAGE][PASSED] - Object: 'Object Repository/Shopify/span_import_product' is clicked on

2023-02-13 13:49:35 - [MESSAGE][PASSED] - File 'C:\Users\huynh\Documents\Socialhead\Automation\Katalon project\CreateStore\CreateStore\Data\products_export.csv' sent to object: 'Object Repository/Shopify/file_product'

2023-02-13 13:49:35 - [MESSAGE][PASSED] - Object: 'Object Repository/Shopify/span_upload_product_continue' is clicked on

2023-02-13 13:49:38 - [MESSAGE][PASSED] - Object: 'Object Repository/Shopify/btn_product_confirm_import' is clicked on

2023-02-13 13:50:08 - [MESSAGE][PASSED] - Delayed 30 second(s)

2023-02-13 13:50:09 - [MESSAGE][PASSED] - Refresh successfully

2023-02-13 13:50:24 - [MESSAGE][PASSED] - Delayed 15 second(s)

2023-02-13 13:50:24 - [MESSAGE][PASSED] - shopify.store.importProduct is PASSED

2023-02-13 13:50:24 - [TEST_STEP][PASSED] - shopify.store.clickOnMenuOnlineStore(): shopify.store.clickOnMenuOnlineStore is PASSED

2023-02-13 13:50:24 - [MESSAGE][PASSED] - Object: 'Object Repository/Shopify Store/a_onlie_store' is clicked on

2023-02-13 13:50:34 - [MESSAGE][PASSED] - Delayed 10 second(s)

2023-02-13 13:50:34 - [MESSAGE][PASSED] - shopify.store.clickOnMenuOnlineStore is PASSED

2023-02-13 13:50:34 - [TEST_STEP][PASSED] - shopify.store.clickOnImportTheme(): shopify.store.clickOnImportTheme is PASSED

2023-02-13 13:50:35 - [MESSAGE][PASSED] - Object: 'Object Repository/Shopify Store/btn_add_theme' is clicked on

2023-02-13 13:50:35 - [MESSAGE][PASSED] - shopify.store.clickOnImportTheme is PASSED

2023-02-13 13:50:35 - [TEST_STEP][PASSED] - shopify.store.uploadThemeFile(theme_file_local): shopify.store.uploadThemeFile is PASSED

2023-02-13 13:50:35 - [MESSAGE][PASSED] - Object: 'Object Repository/Shopify Store/btn_upload_zip_file' is clicked on

2023-02-13 13:50:35 - [MESSAGE][PASSED] - File 'C:\Users\huynh\Documents\Socialhead\Automation\Katalon project\CreateStore\CreateStore\Data\theme_export__www-parfaitparfait-com-caros-1-0-0-theme-ella__07MAY2020-1128am.zip' sent to object: 'Object Repository/Shopify Store/file_theme'

2023-02-13 13:50:36 - [MESSAGE][PASSED] - Object: 'Object Repository/Shopify Store/btn_upload_theme' is clicked on

2023-02-13 13:50:46 - [MESSAGE][PASSED] - Delayed 10 second(s)

2023-02-13 13:50:46 - [MESSAGE][PASSED] - shopify.store.uploadThemeFile is PASSED

2023-02-13 13:50:46 - [TEST_STEP][PASSED] - shopify.store.clickPublishTheme(): shopify.store.clickPublishTheme is PASSED

2023-02-13 13:51:16 - [MESSAGE][PASSED] - Delayed 30 second(s)

2023-02-13 13:51:23 - [MESSAGE][PASSED] - Refresh successfully

2023-02-13 13:51:53 - [MESSAGE][PASSED] - Delayed 30 second(s)

2023-02-13 13:51:54 - [MESSAGE][PASSED] - Object 'Object Repository/Shopify Store/btn_publish_theme' is clickable

2023-02-13 13:51:54 - [MESSAGE][PASSED] - Object: 'Object Repository/Shopify Store/btn_publish_theme' is clicked on

2023-02-13 13:51:54 - [MESSAGE][PASSED] - shopify.store.clickPublishTheme is PASSED

2023-02-13 13:51:54 - [TEST_STEP][PASSED] - shopify.store.confirmPublishTheme(): shopify.store.confirmPublishTheme is PASSED

2023-02-13 13:52:04 - [MESSAGE][PASSED] - Delayed 10 second(s)

2023-02-13 13:52:04 - [MESSAGE][PASSED] - Object: 'Object Repository/Shopify Store/btn_confirm_publish_theme' is clicked on

2023-02-13 13:52:04 - [MESSAGE][PASSED] - shopify.store.confirmPublishTheme is PASSED

2023-02-13 13:52:04 - [TEST_STEP][PASSED] - shopify.store_setting.changeStoreCurrency(currency, store_name): shopify.store_setting.changeStoreCurrency is PASSED

2023-02-13 13:52:14 - [MESSAGE][PASSED] - Delayed 10 second(s)

2023-02-13 13:52:18 - [MESSAGE][PASSED] - Navigate to 'http://huynh-ar-stag-2443.myshopify.com/admin/settings/general' successfully

2023-02-13 13:52:23 - [MESSAGE][PASSED] - All options with value 'USD' are selected in object 'Object Repository/Shopify Store/select_currency' 

2023-02-13 13:52:23 - [MESSAGE][PASSED] - shopify.store_setting.changeStoreCurrency is PASSED

2023-02-13 13:52:23 - [TEST_STEP][PASSED] - shopify.store_setting.saveStoreSetting(): shopify.store_setting.saveStoreSetting is PASSED

2023-02-13 13:52:23 - [MESSAGE][PASSED] - Object: 'Object Repository/Shopify Store/span_save_admin_setting' is clicked on

2023-02-13 13:52:23 - [MESSAGE][PASSED] - shopify.store_setting.saveStoreSetting is PASSED

2023-02-13 13:52:23 - [TEST_STEP][PASSED] - Start tear down : teardownIfPassed: Method 'teardownIfPassed' complete successfully

2023-02-13 13:52:23 - [TEST_STEP][PASSED] - data.excel.updateValueToSheet(file_data, "store", 4, store_name, 7, "Passed"): data.excel.updateValueToSheet is PASSED

2023-02-13 13:52:23 - [MESSAGE][PASSED] - data.excel.updateValueToSheet is PASSED

2023-02-13 13:52:23 - [MESSAGE][PASSED] - Method 'teardownIfPassed' complete successfully]]></system-out>
         <system-err><![CDATA[]]></system-err>
      </testcase>
      <testcase name="Test Cases/Shopify/CreateStore" time="221.926" classname="Test Cases/Shopify/CreateStore" status="PASSED">
         <system-out><![CDATA[2023-02-13 13:52:23 - [TEST_CASE][PASSED] - Test Cases/Shopify/CreateStore: Test Cases/Shopify/CreateStore

2023-02-13 13:52:23 - [TEST_STEP][PASSED] - Start listener action : skipStatus: null

2023-02-13 13:52:23 - [TEST_STEP][PASSED] - map = testCaseContext.getTestCaseVariables(): null

2023-02-13 13:52:23 - [TEST_STEP][PASSED] - testcae_status = map.get("testcase_status"): null

2023-02-13 13:52:23 - [TEST_STEP][PASSED] - println(testcae_status): null

2023-02-13 13:52:23 - [TEST_STEP][PASSED] - if (testcae_status == "Passed" || testcae_status == "Failed"): null

2023-02-13 13:52:23 - [TEST_STEP][PASSED] - log = new com.kms.katalon.core.util.KeywordUtil(): null

2023-02-13 13:52:23 - [TEST_STEP][PASSED] - openBrowser(""): Browser is opened with url: ''

2023-02-13 13:52:23 - [MESSAGE][WARNING] - A browser is already opened. Closing browser and opening a new one

2023-02-13 13:52:24 - [MESSAGE][INFO] - Starting 'Chrome' driver

2023-02-13 13:52:24 - [MESSAGE][INFO] - Action delay is set to 0 milliseconds

2023-02-13 13:52:25 - [MESSAGE][PASSED] - Browser is opened with url: ''

2023-02-13 13:52:25 - [TEST_STEP][PASSED] - maximizeWindow(): Current window maximized

2023-02-13 13:52:25 - [MESSAGE][PASSED] - Current window maximized

2023-02-13 13:52:25 - [TEST_STEP][PASSED] - st = new shopify.store(): null

2023-02-13 13:52:25 - [TEST_STEP][PASSED] - st.loginShopifyPartner(partner_email, partner_password, partner_id): Object: 'Object Repository/Shopify/btn_login' is clicked on

2023-02-13 13:52:29 - [MESSAGE][PASSED] - Navigate to 'https://partners.shopify.com/1662018/stores/new' successfully

2023-02-13 13:52:30 - [MESSAGE][PASSED] - Text 'huynh@firegroup.io' is set on object 'Object Repository/Shopify/input_email_shopify'

2023-02-13 13:52:33 - [MESSAGE][PASSED] - Object: 'Object Repository/Shopify/btn_continue_with_email' is clicked on

2023-02-13 13:52:34 - [MESSAGE][PASSED] - Text ****** has been set on object 'Object Repository/Shopify/input_password_shopify'

2023-02-13 13:52:41 - [MESSAGE][PASSED] - Object: 'Object Repository/Shopify/btn_login' is clicked on

2023-02-13 13:52:41 - [TEST_STEP][PASSED] - st.navigateToStoreDevelop(partner_id): Navigate to 'https://partners.shopify.com/1662018/stores/new?store_type=dev_preview_store&developer_preview_handle=checkout_extensibility' successfully

2023-02-13 13:52:42 - [MESSAGE][PASSED] - Navigate to 'https://partners.shopify.com/1662018/stores/new?store_type=dev_preview_store&developer_preview_handle=checkout_extensibility' successfully

2023-02-13 13:52:42 - [TEST_STEP][PASSED] - st.inputStoreName(store_name): Delayed 5 second(s)

2023-02-13 13:52:44 - [MESSAGE][PASSED] - Text 'huynh-ar-stag-2444' is set on object 'Object Repository/Shopify/input_store_name'

2023-02-13 13:52:49 - [MESSAGE][PASSED] - Delayed 5 second(s)

2023-02-13 13:52:49 - [TEST_STEP][PASSED] - shopify.store.clickCreateStore(): shopify.store.clickCreateStore is PASSED

2023-02-13 13:52:49 - [MESSAGE][PASSED] - Object: 'Object Repository/Shopify/btn_create_store' is clicked on

2023-02-13 13:53:09 - [MESSAGE][PASSED] - Delayed 20 second(s)

2023-02-13 13:53:09 - [MESSAGE][PASSED] - shopify.store.clickCreateStore is PASSED

2023-02-13 13:53:09 - [TEST_STEP][PASSED] - shopify.store.importProduct(product_file_local): shopify.store.importProduct is PASSED

2023-02-13 13:53:21 - [MESSAGE][PASSED] - Object: 'Object Repository/Shopify/span_product' is clicked on

2023-02-13 13:53:22 - [MESSAGE][PASSED] - Object: 'Object Repository/Shopify/span_import_product' is clicked on

2023-02-13 13:53:23 - [MESSAGE][PASSED] - File 'C:\Users\huynh\Documents\Socialhead\Automation\Katalon project\CreateStore\CreateStore\Data\products_export.csv' sent to object: 'Object Repository/Shopify/file_product'

2023-02-13 13:53:24 - [MESSAGE][PASSED] - Object: 'Object Repository/Shopify/span_upload_product_continue' is clicked on

2023-02-13 13:53:27 - [MESSAGE][PASSED] - Object: 'Object Repository/Shopify/btn_product_confirm_import' is clicked on

2023-02-13 13:53:57 - [MESSAGE][PASSED] - Delayed 30 second(s)

2023-02-13 13:53:58 - [MESSAGE][PASSED] - Refresh successfully

2023-02-13 13:54:13 - [MESSAGE][PASSED] - Delayed 15 second(s)

2023-02-13 13:54:13 - [MESSAGE][PASSED] - shopify.store.importProduct is PASSED

2023-02-13 13:54:13 - [TEST_STEP][PASSED] - shopify.store.clickOnMenuOnlineStore(): shopify.store.clickOnMenuOnlineStore is PASSED

2023-02-13 13:54:13 - [MESSAGE][PASSED] - Object: 'Object Repository/Shopify Store/a_onlie_store' is clicked on

2023-02-13 13:54:23 - [MESSAGE][PASSED] - Delayed 10 second(s)

2023-02-13 13:54:23 - [MESSAGE][PASSED] - shopify.store.clickOnMenuOnlineStore is PASSED

2023-02-13 13:54:23 - [TEST_STEP][PASSED] - shopify.store.clickOnImportTheme(): shopify.store.clickOnImportTheme is PASSED

2023-02-13 13:54:24 - [MESSAGE][PASSED] - Object: 'Object Repository/Shopify Store/btn_add_theme' is clicked on

2023-02-13 13:54:24 - [MESSAGE][PASSED] - shopify.store.clickOnImportTheme is PASSED

2023-02-13 13:54:24 - [TEST_STEP][PASSED] - shopify.store.uploadThemeFile(theme_file_local): shopify.store.uploadThemeFile is PASSED

2023-02-13 13:54:24 - [MESSAGE][PASSED] - Object: 'Object Repository/Shopify Store/btn_upload_zip_file' is clicked on

2023-02-13 13:54:25 - [MESSAGE][PASSED] - File 'C:\Users\huynh\Documents\Socialhead\Automation\Katalon project\CreateStore\CreateStore\Data\theme_export__www-parfaitparfait-com-successtheme-parfaitparfait__07MAY2020-1128am.zip' sent to object: 'Object Repository/Shopify Store/file_theme'

2023-02-13 13:54:25 - [MESSAGE][PASSED] - Object: 'Object Repository/Shopify Store/btn_upload_theme' is clicked on

2023-02-13 13:54:35 - [MESSAGE][PASSED] - Delayed 10 second(s)

2023-02-13 13:54:35 - [MESSAGE][PASSED] - shopify.store.uploadThemeFile is PASSED

2023-02-13 13:54:35 - [TEST_STEP][PASSED] - shopify.store.clickPublishTheme(): shopify.store.clickPublishTheme is PASSED

2023-02-13 13:55:05 - [MESSAGE][PASSED] - Delayed 30 second(s)

2023-02-13 13:55:05 - [MESSAGE][PASSED] - Refresh successfully

2023-02-13 13:55:35 - [MESSAGE][PASSED] - Delayed 30 second(s)

2023-02-13 13:55:36 - [MESSAGE][PASSED] - Object 'Object Repository/Shopify Store/btn_publish_theme' is clickable

2023-02-13 13:55:36 - [MESSAGE][PASSED] - Object: 'Object Repository/Shopify Store/btn_publish_theme' is clicked on

2023-02-13 13:55:36 - [MESSAGE][PASSED] - shopify.store.clickPublishTheme is PASSED

2023-02-13 13:55:36 - [TEST_STEP][PASSED] - shopify.store.confirmPublishTheme(): shopify.store.confirmPublishTheme is PASSED

2023-02-13 13:55:46 - [MESSAGE][PASSED] - Delayed 10 second(s)

2023-02-13 13:55:46 - [MESSAGE][PASSED] - Object: 'Object Repository/Shopify Store/btn_confirm_publish_theme' is clicked on

2023-02-13 13:55:46 - [MESSAGE][PASSED] - shopify.store.confirmPublishTheme is PASSED

2023-02-13 13:55:46 - [TEST_STEP][PASSED] - shopify.store_setting.changeStoreCurrency(currency, store_name): shopify.store_setting.changeStoreCurrency is PASSED

2023-02-13 13:55:56 - [MESSAGE][PASSED] - Delayed 10 second(s)

2023-02-13 13:56:00 - [MESSAGE][PASSED] - Navigate to 'http://huynh-ar-stag-2444.myshopify.com/admin/settings/general' successfully

2023-02-13 13:56:05 - [MESSAGE][PASSED] - All options with value 'USD' are selected in object 'Object Repository/Shopify Store/select_currency' 

2023-02-13 13:56:05 - [MESSAGE][PASSED] - shopify.store_setting.changeStoreCurrency is PASSED

2023-02-13 13:56:05 - [TEST_STEP][PASSED] - shopify.store_setting.saveStoreSetting(): shopify.store_setting.saveStoreSetting is PASSED

2023-02-13 13:56:05 - [MESSAGE][PASSED] - Object: 'Object Repository/Shopify Store/span_save_admin_setting' is clicked on

2023-02-13 13:56:05 - [MESSAGE][PASSED] - shopify.store_setting.saveStoreSetting is PASSED

2023-02-13 13:56:05 - [TEST_STEP][PASSED] - Start tear down : teardownIfPassed: Method 'teardownIfPassed' complete successfully

2023-02-13 13:56:05 - [TEST_STEP][PASSED] - data.excel.updateValueToSheet(file_data, "store", 4, store_name, 7, "Passed"): data.excel.updateValueToSheet is PASSED

2023-02-13 13:56:05 - [MESSAGE][PASSED] - data.excel.updateValueToSheet is PASSED

2023-02-13 13:56:05 - [MESSAGE][PASSED] - Method 'teardownIfPassed' complete successfully]]></system-out>
         <system-err><![CDATA[]]></system-err>
      </testcase>
      <testcase name="Test Cases/Shopify/CreateStore" time="216.85" classname="Test Cases/Shopify/CreateStore" status="PASSED">
         <system-out><![CDATA[2023-02-13 13:56:05 - [TEST_CASE][PASSED] - Test Cases/Shopify/CreateStore: Test Cases/Shopify/CreateStore

2023-02-13 13:56:05 - [TEST_STEP][PASSED] - Start listener action : skipStatus: null

2023-02-13 13:56:05 - [TEST_STEP][PASSED] - map = testCaseContext.getTestCaseVariables(): null

2023-02-13 13:56:05 - [TEST_STEP][PASSED] - testcae_status = map.get("testcase_status"): null

2023-02-13 13:56:05 - [TEST_STEP][PASSED] - println(testcae_status): null

2023-02-13 13:56:05 - [TEST_STEP][PASSED] - if (testcae_status == "Passed" || testcae_status == "Failed"): null

2023-02-13 13:56:05 - [TEST_STEP][PASSED] - log = new com.kms.katalon.core.util.KeywordUtil(): null

2023-02-13 13:56:05 - [TEST_STEP][PASSED] - openBrowser(""): Browser is opened with url: ''

2023-02-13 13:56:05 - [MESSAGE][WARNING] - A browser is already opened. Closing browser and opening a new one

2023-02-13 13:56:06 - [MESSAGE][INFO] - Starting 'Chrome' driver

2023-02-13 13:56:06 - [MESSAGE][INFO] - Action delay is set to 0 milliseconds

2023-02-13 13:56:07 - [MESSAGE][PASSED] - Browser is opened with url: ''

2023-02-13 13:56:07 - [TEST_STEP][PASSED] - maximizeWindow(): Current window maximized

2023-02-13 13:56:07 - [MESSAGE][PASSED] - Current window maximized

2023-02-13 13:56:07 - [TEST_STEP][PASSED] - st = new shopify.store(): null

2023-02-13 13:56:07 - [TEST_STEP][PASSED] - st.loginShopifyPartner(partner_email, partner_password, partner_id): Object: 'Object Repository/Shopify/btn_login' is clicked on

2023-02-13 13:56:12 - [MESSAGE][PASSED] - Navigate to 'https://partners.shopify.com/1662018/stores/new' successfully

2023-02-13 13:56:13 - [MESSAGE][PASSED] - Text 'huynh@firegroup.io' is set on object 'Object Repository/Shopify/input_email_shopify'

2023-02-13 13:56:14 - [MESSAGE][PASSED] - Object: 'Object Repository/Shopify/btn_continue_with_email' is clicked on

2023-02-13 13:56:16 - [MESSAGE][PASSED] - Text ****** has been set on object 'Object Repository/Shopify/input_password_shopify'

2023-02-13 13:56:21 - [MESSAGE][PASSED] - Object: 'Object Repository/Shopify/btn_login' is clicked on

2023-02-13 13:56:21 - [TEST_STEP][PASSED] - st.navigateToStoreDevelop(partner_id): Navigate to 'https://partners.shopify.com/1662018/stores/new?store_type=dev_preview_store&developer_preview_handle=checkout_extensibility' successfully

2023-02-13 13:56:22 - [MESSAGE][PASSED] - Navigate to 'https://partners.shopify.com/1662018/stores/new?store_type=dev_preview_store&developer_preview_handle=checkout_extensibility' successfully

2023-02-13 13:56:22 - [TEST_STEP][PASSED] - st.inputStoreName(store_name): Delayed 5 second(s)

2023-02-13 13:56:24 - [MESSAGE][PASSED] - Text 'huynh-ar-stag-2445' is set on object 'Object Repository/Shopify/input_store_name'

2023-02-13 13:56:29 - [MESSAGE][PASSED] - Delayed 5 second(s)

2023-02-13 13:56:29 - [TEST_STEP][PASSED] - shopify.store.clickCreateStore(): shopify.store.clickCreateStore is PASSED

2023-02-13 13:56:29 - [MESSAGE][PASSED] - Object: 'Object Repository/Shopify/btn_create_store' is clicked on

2023-02-13 13:56:49 - [MESSAGE][PASSED] - Delayed 20 second(s)

2023-02-13 13:56:49 - [MESSAGE][PASSED] - shopify.store.clickCreateStore is PASSED

2023-02-13 13:56:49 - [TEST_STEP][PASSED] - shopify.store.importProduct(product_file_local): shopify.store.importProduct is PASSED

2023-02-13 13:56:58 - [MESSAGE][PASSED] - Object: 'Object Repository/Shopify/span_product' is clicked on

2023-02-13 13:57:00 - [MESSAGE][PASSED] - Object: 'Object Repository/Shopify/span_import_product' is clicked on

2023-02-13 13:57:00 - [MESSAGE][PASSED] - File 'C:\Users\huynh\Documents\Socialhead\Automation\Katalon project\CreateStore\CreateStore\Data\products_export.csv' sent to object: 'Object Repository/Shopify/file_product'

2023-02-13 13:57:01 - [MESSAGE][PASSED] - Object: 'Object Repository/Shopify/span_upload_product_continue' is clicked on

2023-02-13 13:57:04 - [MESSAGE][PASSED] - Object: 'Object Repository/Shopify/btn_product_confirm_import' is clicked on

2023-02-13 13:57:34 - [MESSAGE][PASSED] - Delayed 30 second(s)

2023-02-13 13:57:35 - [MESSAGE][PASSED] - Refresh successfully

2023-02-13 13:57:50 - [MESSAGE][PASSED] - Delayed 15 second(s)

2023-02-13 13:57:50 - [MESSAGE][PASSED] - shopify.store.importProduct is PASSED

2023-02-13 13:57:50 - [TEST_STEP][PASSED] - shopify.store.clickOnMenuOnlineStore(): shopify.store.clickOnMenuOnlineStore is PASSED

2023-02-13 13:57:50 - [MESSAGE][PASSED] - Object: 'Object Repository/Shopify Store/a_onlie_store' is clicked on

2023-02-13 13:58:00 - [MESSAGE][PASSED] - Delayed 10 second(s)

2023-02-13 13:58:00 - [MESSAGE][PASSED] - shopify.store.clickOnMenuOnlineStore is PASSED

2023-02-13 13:58:00 - [TEST_STEP][PASSED] - shopify.store.clickOnImportTheme(): shopify.store.clickOnImportTheme is PASSED

2023-02-13 13:58:01 - [MESSAGE][PASSED] - Object: 'Object Repository/Shopify Store/btn_add_theme' is clicked on

2023-02-13 13:58:01 - [MESSAGE][PASSED] - shopify.store.clickOnImportTheme is PASSED

2023-02-13 13:58:01 - [TEST_STEP][PASSED] - shopify.store.uploadThemeFile(theme_file_local): shopify.store.uploadThemeFile is PASSED

2023-02-13 13:58:01 - [MESSAGE][PASSED] - Object: 'Object Repository/Shopify Store/btn_upload_zip_file' is clicked on

2023-02-13 13:58:02 - [MESSAGE][PASSED] - File 'C:\Users\huynh\Documents\Socialhead\Automation\Katalon project\CreateStore\CreateStore\Data\theme_export__www-parfaitparfait-com-theme-caros-le-confinement__07MAY2020-1128am.zip' sent to object: 'Object Repository/Shopify Store/file_theme'

2023-02-13 13:58:02 - [MESSAGE][PASSED] - Object: 'Object Repository/Shopify Store/btn_upload_theme' is clicked on

2023-02-13 13:58:12 - [MESSAGE][PASSED] - Delayed 10 second(s)

2023-02-13 13:58:12 - [MESSAGE][PASSED] - shopify.store.uploadThemeFile is PASSED

2023-02-13 13:58:12 - [TEST_STEP][PASSED] - shopify.store.clickPublishTheme(): shopify.store.clickPublishTheme is PASSED

2023-02-13 13:58:42 - [MESSAGE][PASSED] - Delayed 30 second(s)

2023-02-13 13:58:42 - [MESSAGE][PASSED] - Refresh successfully

2023-02-13 13:59:12 - [MESSAGE][PASSED] - Delayed 30 second(s)

2023-02-13 13:59:13 - [MESSAGE][PASSED] - Object 'Object Repository/Shopify Store/btn_publish_theme' is clickable

2023-02-13 13:59:13 - [MESSAGE][PASSED] - Object: 'Object Repository/Shopify Store/btn_publish_theme' is clicked on

2023-02-13 13:59:13 - [MESSAGE][PASSED] - shopify.store.clickPublishTheme is PASSED

2023-02-13 13:59:13 - [TEST_STEP][PASSED] - shopify.store.confirmPublishTheme(): shopify.store.confirmPublishTheme is PASSED

2023-02-13 13:59:23 - [MESSAGE][PASSED] - Delayed 10 second(s)

2023-02-13 13:59:24 - [MESSAGE][PASSED] - Object: 'Object Repository/Shopify Store/btn_confirm_publish_theme' is clicked on

2023-02-13 13:59:24 - [MESSAGE][PASSED] - shopify.store.confirmPublishTheme is PASSED

2023-02-13 13:59:24 - [TEST_STEP][PASSED] - shopify.store_setting.changeStoreCurrency(currency, store_name): shopify.store_setting.changeStoreCurrency is PASSED

2023-02-13 13:59:34 - [MESSAGE][PASSED] - Delayed 10 second(s)

2023-02-13 13:59:37 - [MESSAGE][PASSED] - Navigate to 'http://huynh-ar-stag-2445.myshopify.com/admin/settings/general' successfully

2023-02-13 13:59:41 - [MESSAGE][PASSED] - All options with value 'USD' are selected in object 'Object Repository/Shopify Store/select_currency' 

2023-02-13 13:59:41 - [MESSAGE][PASSED] - shopify.store_setting.changeStoreCurrency is PASSED

2023-02-13 13:59:41 - [TEST_STEP][PASSED] - shopify.store_setting.saveStoreSetting(): shopify.store_setting.saveStoreSetting is PASSED

2023-02-13 13:59:42 - [MESSAGE][PASSED] - Object: 'Object Repository/Shopify Store/span_save_admin_setting' is clicked on

2023-02-13 13:59:42 - [MESSAGE][PASSED] - shopify.store_setting.saveStoreSetting is PASSED

2023-02-13 13:59:42 - [TEST_STEP][PASSED] - Start tear down : teardownIfPassed: Method 'teardownIfPassed' complete successfully

2023-02-13 13:59:42 - [TEST_STEP][PASSED] - data.excel.updateValueToSheet(file_data, "store", 4, store_name, 7, "Passed"): data.excel.updateValueToSheet is PASSED

2023-02-13 13:59:42 - [MESSAGE][PASSED] - data.excel.updateValueToSheet is PASSED

2023-02-13 13:59:42 - [MESSAGE][PASSED] - Method 'teardownIfPassed' complete successfully]]></system-out>
         <system-err><![CDATA[]]></system-err>
      </testcase>
      <testcase name="Test Cases/Shopify/CreateStore" time="221.585" classname="Test Cases/Shopify/CreateStore" status="PASSED">
         <system-out><![CDATA[2023-02-13 13:59:42 - [TEST_CASE][PASSED] - Test Cases/Shopify/CreateStore: Test Cases/Shopify/CreateStore

2023-02-13 13:59:42 - [TEST_STEP][PASSED] - Start listener action : skipStatus: null

2023-02-13 13:59:42 - [TEST_STEP][PASSED] - map = testCaseContext.getTestCaseVariables(): null

2023-02-13 13:59:42 - [TEST_STEP][PASSED] - testcae_status = map.get("testcase_status"): null

2023-02-13 13:59:42 - [TEST_STEP][PASSED] - println(testcae_status): null

2023-02-13 13:59:42 - [TEST_STEP][PASSED] - if (testcae_status == "Passed" || testcae_status == "Failed"): null

2023-02-13 13:59:42 - [TEST_STEP][PASSED] - log = new com.kms.katalon.core.util.KeywordUtil(): null

2023-02-13 13:59:42 - [TEST_STEP][PASSED] - openBrowser(""): Browser is opened with url: ''

2023-02-13 13:59:42 - [MESSAGE][WARNING] - A browser is already opened. Closing browser and opening a new one

2023-02-13 13:59:43 - [MESSAGE][INFO] - Starting 'Chrome' driver

2023-02-13 13:59:43 - [MESSAGE][INFO] - Action delay is set to 0 milliseconds

2023-02-13 13:59:44 - [MESSAGE][PASSED] - Browser is opened with url: ''

2023-02-13 13:59:44 - [TEST_STEP][PASSED] - maximizeWindow(): Current window maximized

2023-02-13 13:59:44 - [MESSAGE][PASSED] - Current window maximized

2023-02-13 13:59:44 - [TEST_STEP][PASSED] - st = new shopify.store(): null

2023-02-13 13:59:44 - [TEST_STEP][PASSED] - st.loginShopifyPartner(partner_email, partner_password, partner_id): Object: 'Object Repository/Shopify/btn_login' is clicked on

2023-02-13 13:59:48 - [MESSAGE][PASSED] - Navigate to 'https://partners.shopify.com/1662018/stores/new' successfully

2023-02-13 13:59:49 - [MESSAGE][PASSED] - Text 'huynh@firegroup.io' is set on object 'Object Repository/Shopify/input_email_shopify'

2023-02-13 13:59:52 - [MESSAGE][PASSED] - Object: 'Object Repository/Shopify/btn_continue_with_email' is clicked on

2023-02-13 13:59:54 - [MESSAGE][PASSED] - Text ****** has been set on object 'Object Repository/Shopify/input_password_shopify'

2023-02-13 14:00:00 - [MESSAGE][PASSED] - Object: 'Object Repository/Shopify/btn_login' is clicked on

2023-02-13 14:00:00 - [TEST_STEP][PASSED] - st.navigateToStoreDevelop(partner_id): Navigate to 'https://partners.shopify.com/1662018/stores/new?store_type=dev_preview_store&developer_preview_handle=checkout_extensibility' successfully

2023-02-13 14:00:01 - [MESSAGE][PASSED] - Navigate to 'https://partners.shopify.com/1662018/stores/new?store_type=dev_preview_store&developer_preview_handle=checkout_extensibility' successfully

2023-02-13 14:00:01 - [TEST_STEP][PASSED] - st.inputStoreName(store_name): Delayed 5 second(s)

2023-02-13 14:00:03 - [MESSAGE][PASSED] - Text 'huynh-ar-stag-2446' is set on object 'Object Repository/Shopify/input_store_name'

2023-02-13 14:00:08 - [MESSAGE][PASSED] - Delayed 5 second(s)

2023-02-13 14:00:08 - [TEST_STEP][PASSED] - shopify.store.clickCreateStore(): shopify.store.clickCreateStore is PASSED

2023-02-13 14:00:08 - [MESSAGE][PASSED] - Object: 'Object Repository/Shopify/btn_create_store' is clicked on

2023-02-13 14:00:28 - [MESSAGE][PASSED] - Delayed 20 second(s)

2023-02-13 14:00:28 - [MESSAGE][PASSED] - shopify.store.clickCreateStore is PASSED

2023-02-13 14:00:28 - [TEST_STEP][PASSED] - shopify.store.importProduct(product_file_local): shopify.store.importProduct is PASSED

2023-02-13 14:00:40 - [MESSAGE][PASSED] - Object: 'Object Repository/Shopify/span_product' is clicked on

2023-02-13 14:00:41 - [MESSAGE][PASSED] - Object: 'Object Repository/Shopify/span_import_product' is clicked on

2023-02-13 14:00:42 - [MESSAGE][PASSED] - File 'C:\Users\huynh\Documents\Socialhead\Automation\Katalon project\CreateStore\CreateStore\Data\products_export.csv' sent to object: 'Object Repository/Shopify/file_product'

2023-02-13 14:00:43 - [MESSAGE][PASSED] - Object: 'Object Repository/Shopify/span_upload_product_continue' is clicked on

2023-02-13 14:00:46 - [MESSAGE][PASSED] - Object: 'Object Repository/Shopify/btn_product_confirm_import' is clicked on

2023-02-13 14:01:16 - [MESSAGE][PASSED] - Delayed 30 second(s)

2023-02-13 14:01:16 - [MESSAGE][PASSED] - Refresh successfully

2023-02-13 14:01:31 - [MESSAGE][PASSED] - Delayed 15 second(s)

2023-02-13 14:01:31 - [MESSAGE][PASSED] - shopify.store.importProduct is PASSED

2023-02-13 14:01:31 - [TEST_STEP][PASSED] - shopify.store.clickOnMenuOnlineStore(): shopify.store.clickOnMenuOnlineStore is PASSED

2023-02-13 14:01:32 - [MESSAGE][PASSED] - Object: 'Object Repository/Shopify Store/a_onlie_store' is clicked on

2023-02-13 14:01:42 - [MESSAGE][PASSED] - Delayed 10 second(s)

2023-02-13 14:01:42 - [MESSAGE][PASSED] - shopify.store.clickOnMenuOnlineStore is PASSED

2023-02-13 14:01:42 - [TEST_STEP][PASSED] - shopify.store.clickOnImportTheme(): shopify.store.clickOnImportTheme is PASSED

2023-02-13 14:01:42 - [MESSAGE][PASSED] - Object: 'Object Repository/Shopify Store/btn_add_theme' is clicked on

2023-02-13 14:01:42 - [MESSAGE][PASSED] - shopify.store.clickOnImportTheme is PASSED

2023-02-13 14:01:42 - [TEST_STEP][PASSED] - shopify.store.uploadThemeFile(theme_file_local): shopify.store.uploadThemeFile is PASSED

2023-02-13 14:01:42 - [MESSAGE][PASSED] - Object: 'Object Repository/Shopify Store/btn_upload_zip_file' is clicked on

2023-02-13 14:01:43 - [MESSAGE][PASSED] - File 'C:\Users\huynh\Documents\Socialhead\Automation\Katalon project\CreateStore\CreateStore\Data\theme_export__www-pausecadeau-com-speedfly-1-12__09NOV2018-0511am.zip' sent to object: 'Object Repository/Shopify Store/file_theme'

2023-02-13 14:01:43 - [MESSAGE][PASSED] - Object: 'Object Repository/Shopify Store/btn_upload_theme' is clicked on

2023-02-13 14:01:53 - [MESSAGE][PASSED] - Delayed 10 second(s)

2023-02-13 14:01:53 - [MESSAGE][PASSED] - shopify.store.uploadThemeFile is PASSED

2023-02-13 14:01:53 - [TEST_STEP][PASSED] - shopify.store.clickPublishTheme(): shopify.store.clickPublishTheme is PASSED

2023-02-13 14:02:23 - [MESSAGE][PASSED] - Delayed 30 second(s)

2023-02-13 14:02:24 - [MESSAGE][PASSED] - Refresh successfully

2023-02-13 14:02:54 - [MESSAGE][PASSED] - Delayed 30 second(s)

2023-02-13 14:02:54 - [MESSAGE][PASSED] - Object 'Object Repository/Shopify Store/btn_publish_theme' is clickable

2023-02-13 14:02:54 - [MESSAGE][PASSED] - Object: 'Object Repository/Shopify Store/btn_publish_theme' is clicked on

2023-02-13 14:02:54 - [MESSAGE][PASSED] - shopify.store.clickPublishTheme is PASSED

2023-02-13 14:02:54 - [TEST_STEP][PASSED] - shopify.store.confirmPublishTheme(): shopify.store.confirmPublishTheme is PASSED

2023-02-13 14:03:04 - [MESSAGE][PASSED] - Delayed 10 second(s)

2023-02-13 14:03:05 - [MESSAGE][PASSED] - Object: 'Object Repository/Shopify Store/btn_confirm_publish_theme' is clicked on

2023-02-13 14:03:05 - [MESSAGE][PASSED] - shopify.store.confirmPublishTheme is PASSED

2023-02-13 14:03:05 - [TEST_STEP][PASSED] - shopify.store_setting.changeStoreCurrency(currency, store_name): shopify.store_setting.changeStoreCurrency is PASSED

2023-02-13 14:03:15 - [MESSAGE][PASSED] - Delayed 10 second(s)

2023-02-13 14:03:18 - [MESSAGE][PASSED] - Navigate to 'http://huynh-ar-stag-2446.myshopify.com/admin/settings/general' successfully

2023-02-13 14:03:23 - [MESSAGE][PASSED] - All options with value 'USD' are selected in object 'Object Repository/Shopify Store/select_currency' 

2023-02-13 14:03:23 - [MESSAGE][PASSED] - shopify.store_setting.changeStoreCurrency is PASSED

2023-02-13 14:03:23 - [TEST_STEP][PASSED] - shopify.store_setting.saveStoreSetting(): shopify.store_setting.saveStoreSetting is PASSED

2023-02-13 14:03:24 - [MESSAGE][PASSED] - Object: 'Object Repository/Shopify Store/span_save_admin_setting' is clicked on

2023-02-13 14:03:24 - [MESSAGE][PASSED] - shopify.store_setting.saveStoreSetting is PASSED

2023-02-13 14:03:24 - [TEST_STEP][PASSED] - Start tear down : teardownIfPassed: Method 'teardownIfPassed' complete successfully

2023-02-13 14:03:24 - [TEST_STEP][PASSED] - data.excel.updateValueToSheet(file_data, "store", 4, store_name, 7, "Passed"): data.excel.updateValueToSheet is PASSED

2023-02-13 14:03:24 - [MESSAGE][PASSED] - data.excel.updateValueToSheet is PASSED

2023-02-13 14:03:24 - [MESSAGE][PASSED] - Method 'teardownIfPassed' complete successfully]]></system-out>
         <system-err><![CDATA[]]></system-err>
      </testcase>
      <testcase name="Test Cases/Shopify/CreateStore" time="232.218" classname="Test Cases/Shopify/CreateStore" status="PASSED">
         <system-out><![CDATA[2023-02-13 14:03:24 - [TEST_CASE][PASSED] - Test Cases/Shopify/CreateStore: Test Cases/Shopify/CreateStore

2023-02-13 14:03:24 - [TEST_STEP][PASSED] - Start listener action : skipStatus: null

2023-02-13 14:03:24 - [TEST_STEP][PASSED] - map = testCaseContext.getTestCaseVariables(): null

2023-02-13 14:03:24 - [TEST_STEP][PASSED] - testcae_status = map.get("testcase_status"): null

2023-02-13 14:03:24 - [TEST_STEP][PASSED] - println(testcae_status): null

2023-02-13 14:03:24 - [TEST_STEP][PASSED] - if (testcae_status == "Passed" || testcae_status == "Failed"): null

2023-02-13 14:03:24 - [TEST_STEP][PASSED] - log = new com.kms.katalon.core.util.KeywordUtil(): null

2023-02-13 14:03:24 - [TEST_STEP][PASSED] - openBrowser(""): Browser is opened with url: ''

2023-02-13 14:03:24 - [MESSAGE][WARNING] - A browser is already opened. Closing browser and opening a new one

2023-02-13 14:03:24 - [MESSAGE][INFO] - Starting 'Chrome' driver

2023-02-13 14:03:24 - [MESSAGE][INFO] - Action delay is set to 0 milliseconds

2023-02-13 14:03:25 - [MESSAGE][PASSED] - Browser is opened with url: ''

2023-02-13 14:03:25 - [TEST_STEP][PASSED] - maximizeWindow(): Current window maximized

2023-02-13 14:03:26 - [MESSAGE][PASSED] - Current window maximized

2023-02-13 14:03:26 - [TEST_STEP][PASSED] - st = new shopify.store(): null

2023-02-13 14:03:26 - [TEST_STEP][PASSED] - st.loginShopifyPartner(partner_email, partner_password, partner_id): Object: 'Object Repository/Shopify/btn_login' is clicked on

2023-02-13 14:03:31 - [MESSAGE][PASSED] - Navigate to 'https://partners.shopify.com/1662018/stores/new' successfully

2023-02-13 14:03:32 - [MESSAGE][PASSED] - Text 'huynh@firegroup.io' is set on object 'Object Repository/Shopify/input_email_shopify'

2023-02-13 14:03:35 - [MESSAGE][PASSED] - Object: 'Object Repository/Shopify/btn_continue_with_email' is clicked on

2023-02-13 14:03:37 - [MESSAGE][PASSED] - Text ****** has been set on object 'Object Repository/Shopify/input_password_shopify'

2023-02-13 14:03:43 - [MESSAGE][PASSED] - Object: 'Object Repository/Shopify/btn_login' is clicked on

2023-02-13 14:03:43 - [TEST_STEP][PASSED] - st.navigateToStoreDevelop(partner_id): Navigate to 'https://partners.shopify.com/1662018/stores/new?store_type=dev_preview_store&developer_preview_handle=checkout_extensibility' successfully

2023-02-13 14:03:44 - [MESSAGE][PASSED] - Navigate to 'https://partners.shopify.com/1662018/stores/new?store_type=dev_preview_store&developer_preview_handle=checkout_extensibility' successfully

2023-02-13 14:03:44 - [TEST_STEP][PASSED] - st.inputStoreName(store_name): Delayed 5 second(s)

2023-02-13 14:03:45 - [MESSAGE][PASSED] - Text 'huynh-ar-stag-2447' is set on object 'Object Repository/Shopify/input_store_name'

2023-02-13 14:03:50 - [MESSAGE][PASSED] - Delayed 5 second(s)

2023-02-13 14:03:50 - [TEST_STEP][PASSED] - shopify.store.clickCreateStore(): shopify.store.clickCreateStore is PASSED

2023-02-13 14:03:51 - [MESSAGE][PASSED] - Object: 'Object Repository/Shopify/btn_create_store' is clicked on

2023-02-13 14:04:11 - [MESSAGE][PASSED] - Delayed 20 second(s)

2023-02-13 14:04:11 - [MESSAGE][PASSED] - shopify.store.clickCreateStore is PASSED

2023-02-13 14:04:11 - [TEST_STEP][PASSED] - shopify.store.importProduct(product_file_local): shopify.store.importProduct is PASSED

2023-02-13 14:04:29 - [MESSAGE][PASSED] - Object: 'Object Repository/Shopify/span_product' is clicked on

2023-02-13 14:04:31 - [MESSAGE][PASSED] - Object: 'Object Repository/Shopify/span_import_product' is clicked on

2023-02-13 14:04:31 - [MESSAGE][PASSED] - File 'C:\Users\huynh\Documents\Socialhead\Automation\Katalon project\CreateStore\CreateStore\Data\products_export.csv' sent to object: 'Object Repository/Shopify/file_product'

2023-02-13 14:04:32 - [MESSAGE][PASSED] - Object: 'Object Repository/Shopify/span_upload_product_continue' is clicked on

2023-02-13 14:04:37 - [MESSAGE][PASSED] - Object: 'Object Repository/Shopify/btn_product_confirm_import' is clicked on

2023-02-13 14:05:07 - [MESSAGE][PASSED] - Delayed 30 second(s)

2023-02-13 14:05:08 - [MESSAGE][PASSED] - Refresh successfully

2023-02-13 14:05:23 - [MESSAGE][PASSED] - Delayed 15 second(s)

2023-02-13 14:05:23 - [MESSAGE][PASSED] - shopify.store.importProduct is PASSED

2023-02-13 14:05:23 - [TEST_STEP][PASSED] - shopify.store.clickOnMenuOnlineStore(): shopify.store.clickOnMenuOnlineStore is PASSED

2023-02-13 14:05:23 - [MESSAGE][PASSED] - Object: 'Object Repository/Shopify Store/a_onlie_store' is clicked on

2023-02-13 14:05:33 - [MESSAGE][PASSED] - Delayed 10 second(s)

2023-02-13 14:05:33 - [MESSAGE][PASSED] - shopify.store.clickOnMenuOnlineStore is PASSED

2023-02-13 14:05:33 - [TEST_STEP][PASSED] - shopify.store.clickOnImportTheme(): shopify.store.clickOnImportTheme is PASSED

2023-02-13 14:05:34 - [MESSAGE][PASSED] - Object: 'Object Repository/Shopify Store/btn_add_theme' is clicked on

2023-02-13 14:05:34 - [MESSAGE][PASSED] - shopify.store.clickOnImportTheme is PASSED

2023-02-13 14:05:34 - [TEST_STEP][PASSED] - shopify.store.uploadThemeFile(theme_file_local): shopify.store.uploadThemeFile is PASSED

2023-02-13 14:05:34 - [MESSAGE][PASSED] - Object: 'Object Repository/Shopify Store/btn_upload_zip_file' is clicked on

2023-02-13 14:05:34 - [MESSAGE][PASSED] - File 'C:\Users\huynh\Documents\Socialhead\Automation\Katalon project\CreateStore\CreateStore\Data\theme_export__www-pauseit-shop-debut__23JUN2020-0244pm.zip' sent to object: 'Object Repository/Shopify Store/file_theme'

2023-02-13 14:05:35 - [MESSAGE][PASSED] - Object: 'Object Repository/Shopify Store/btn_upload_theme' is clicked on

2023-02-13 14:05:45 - [MESSAGE][PASSED] - Delayed 10 second(s)

2023-02-13 14:05:45 - [MESSAGE][PASSED] - shopify.store.uploadThemeFile is PASSED

2023-02-13 14:05:45 - [TEST_STEP][PASSED] - shopify.store.clickPublishTheme(): shopify.store.clickPublishTheme is PASSED

2023-02-13 14:06:15 - [MESSAGE][PASSED] - Delayed 30 second(s)

2023-02-13 14:06:15 - [MESSAGE][PASSED] - Refresh successfully

2023-02-13 14:06:45 - [MESSAGE][PASSED] - Delayed 30 second(s)

2023-02-13 14:06:46 - [MESSAGE][PASSED] - Object 'Object Repository/Shopify Store/btn_publish_theme' is clickable

2023-02-13 14:06:46 - [MESSAGE][PASSED] - Object: 'Object Repository/Shopify Store/btn_publish_theme' is clicked on

2023-02-13 14:06:46 - [MESSAGE][PASSED] - shopify.store.clickPublishTheme is PASSED

2023-02-13 14:06:46 - [TEST_STEP][PASSED] - shopify.store.confirmPublishTheme(): shopify.store.confirmPublishTheme is PASSED

2023-02-13 14:06:56 - [MESSAGE][PASSED] - Delayed 10 second(s)

2023-02-13 14:06:56 - [MESSAGE][PASSED] - Object: 'Object Repository/Shopify Store/btn_confirm_publish_theme' is clicked on

2023-02-13 14:06:56 - [MESSAGE][PASSED] - shopify.store.confirmPublishTheme is PASSED

2023-02-13 14:06:56 - [TEST_STEP][PASSED] - shopify.store_setting.changeStoreCurrency(currency, store_name): shopify.store_setting.changeStoreCurrency is PASSED

2023-02-13 14:07:06 - [MESSAGE][PASSED] - Delayed 10 second(s)

2023-02-13 14:07:10 - [MESSAGE][PASSED] - Navigate to 'http://huynh-ar-stag-2447.myshopify.com/admin/settings/general' successfully

2023-02-13 14:07:15 - [MESSAGE][PASSED] - All options with value 'USD' are selected in object 'Object Repository/Shopify Store/select_currency' 

2023-02-13 14:07:15 - [MESSAGE][PASSED] - shopify.store_setting.changeStoreCurrency is PASSED

2023-02-13 14:07:15 - [TEST_STEP][PASSED] - shopify.store_setting.saveStoreSetting(): shopify.store_setting.saveStoreSetting is PASSED

2023-02-13 14:07:16 - [MESSAGE][PASSED] - Object: 'Object Repository/Shopify Store/span_save_admin_setting' is clicked on

2023-02-13 14:07:16 - [MESSAGE][PASSED] - shopify.store_setting.saveStoreSetting is PASSED

2023-02-13 14:07:16 - [TEST_STEP][PASSED] - Start tear down : teardownIfPassed: Method 'teardownIfPassed' complete successfully

2023-02-13 14:07:16 - [TEST_STEP][PASSED] - data.excel.updateValueToSheet(file_data, "store", 4, store_name, 7, "Passed"): data.excel.updateValueToSheet is PASSED

2023-02-13 14:07:16 - [MESSAGE][PASSED] - data.excel.updateValueToSheet is PASSED

2023-02-13 14:07:16 - [MESSAGE][PASSED] - Method 'teardownIfPassed' complete successfully]]></system-out>
         <system-err><![CDATA[]]></system-err>
      </testcase>
      <testcase name="Test Cases/Shopify/CreateStore" time="221.683" classname="Test Cases/Shopify/CreateStore" status="PASSED">
         <system-out><![CDATA[2023-02-13 14:07:16 - [TEST_CASE][PASSED] - Test Cases/Shopify/CreateStore: Test Cases/Shopify/CreateStore

2023-02-13 14:07:16 - [TEST_STEP][PASSED] - Start listener action : skipStatus: null

2023-02-13 14:07:16 - [TEST_STEP][PASSED] - map = testCaseContext.getTestCaseVariables(): null

2023-02-13 14:07:16 - [TEST_STEP][PASSED] - testcae_status = map.get("testcase_status"): null

2023-02-13 14:07:16 - [TEST_STEP][PASSED] - println(testcae_status): null

2023-02-13 14:07:16 - [TEST_STEP][PASSED] - if (testcae_status == "Passed" || testcae_status == "Failed"): null

2023-02-13 14:07:16 - [TEST_STEP][PASSED] - log = new com.kms.katalon.core.util.KeywordUtil(): null

2023-02-13 14:07:16 - [TEST_STEP][PASSED] - openBrowser(""): Browser is opened with url: ''

2023-02-13 14:07:16 - [MESSAGE][WARNING] - A browser is already opened. Closing browser and opening a new one

2023-02-13 14:07:17 - [MESSAGE][INFO] - Starting 'Chrome' driver

2023-02-13 14:07:17 - [MESSAGE][INFO] - Action delay is set to 0 milliseconds

2023-02-13 14:07:18 - [MESSAGE][PASSED] - Browser is opened with url: ''

2023-02-13 14:07:18 - [TEST_STEP][PASSED] - maximizeWindow(): Current window maximized

2023-02-13 14:07:18 - [MESSAGE][PASSED] - Current window maximized

2023-02-13 14:07:18 - [TEST_STEP][PASSED] - st = new shopify.store(): null

2023-02-13 14:07:18 - [TEST_STEP][PASSED] - st.loginShopifyPartner(partner_email, partner_password, partner_id): Object: 'Object Repository/Shopify/btn_login' is clicked on

2023-02-13 14:07:22 - [MESSAGE][PASSED] - Navigate to 'https://partners.shopify.com/1662018/stores/new' successfully

2023-02-13 14:07:23 - [MESSAGE][PASSED] - Text 'huynh@firegroup.io' is set on object 'Object Repository/Shopify/input_email_shopify'

2023-02-13 14:07:24 - [MESSAGE][PASSED] - Object: 'Object Repository/Shopify/btn_continue_with_email' is clicked on

2023-02-13 14:07:26 - [MESSAGE][PASSED] - Text ****** has been set on object 'Object Repository/Shopify/input_password_shopify'

2023-02-13 14:07:32 - [MESSAGE][PASSED] - Object: 'Object Repository/Shopify/btn_login' is clicked on

2023-02-13 14:07:32 - [TEST_STEP][PASSED] - st.navigateToStoreDevelop(partner_id): Navigate to 'https://partners.shopify.com/1662018/stores/new?store_type=dev_preview_store&developer_preview_handle=checkout_extensibility' successfully

2023-02-13 14:07:33 - [MESSAGE][PASSED] - Navigate to 'https://partners.shopify.com/1662018/stores/new?store_type=dev_preview_store&developer_preview_handle=checkout_extensibility' successfully

2023-02-13 14:07:33 - [TEST_STEP][PASSED] - st.inputStoreName(store_name): Delayed 5 second(s)

2023-02-13 14:07:35 - [MESSAGE][PASSED] - Text 'huynh-ar-stag-2448' is set on object 'Object Repository/Shopify/input_store_name'

2023-02-13 14:07:40 - [MESSAGE][PASSED] - Delayed 5 second(s)

2023-02-13 14:07:40 - [TEST_STEP][PASSED] - shopify.store.clickCreateStore(): shopify.store.clickCreateStore is PASSED

2023-02-13 14:07:40 - [MESSAGE][PASSED] - Object: 'Object Repository/Shopify/btn_create_store' is clicked on

2023-02-13 14:08:00 - [MESSAGE][PASSED] - Delayed 20 second(s)

2023-02-13 14:08:00 - [MESSAGE][PASSED] - shopify.store.clickCreateStore is PASSED

2023-02-13 14:08:00 - [TEST_STEP][PASSED] - shopify.store.importProduct(product_file_local): shopify.store.importProduct is PASSED

2023-02-13 14:08:13 - [MESSAGE][PASSED] - Object: 'Object Repository/Shopify/span_product' is clicked on

2023-02-13 14:08:15 - [MESSAGE][PASSED] - Object: 'Object Repository/Shopify/span_import_product' is clicked on

2023-02-13 14:08:16 - [MESSAGE][PASSED] - File 'C:\Users\huynh\Documents\Socialhead\Automation\Katalon project\CreateStore\CreateStore\Data\products_export.csv' sent to object: 'Object Repository/Shopify/file_product'

2023-02-13 14:08:16 - [MESSAGE][PASSED] - Object: 'Object Repository/Shopify/span_upload_product_continue' is clicked on

2023-02-13 14:08:19 - [MESSAGE][PASSED] - Object: 'Object Repository/Shopify/btn_product_confirm_import' is clicked on

2023-02-13 14:08:49 - [MESSAGE][PASSED] - Delayed 30 second(s)

2023-02-13 14:08:50 - [MESSAGE][PASSED] - Refresh successfully

2023-02-13 14:09:05 - [MESSAGE][PASSED] - Delayed 15 second(s)

2023-02-13 14:09:05 - [MESSAGE][PASSED] - shopify.store.importProduct is PASSED

2023-02-13 14:09:05 - [TEST_STEP][PASSED] - shopify.store.clickOnMenuOnlineStore(): shopify.store.clickOnMenuOnlineStore is PASSED

2023-02-13 14:09:05 - [MESSAGE][PASSED] - Object: 'Object Repository/Shopify Store/a_onlie_store' is clicked on

2023-02-13 14:09:15 - [MESSAGE][PASSED] - Delayed 10 second(s)

2023-02-13 14:09:15 - [MESSAGE][PASSED] - shopify.store.clickOnMenuOnlineStore is PASSED

2023-02-13 14:09:15 - [TEST_STEP][PASSED] - shopify.store.clickOnImportTheme(): shopify.store.clickOnImportTheme is PASSED

2023-02-13 14:09:16 - [MESSAGE][PASSED] - Object: 'Object Repository/Shopify Store/btn_add_theme' is clicked on

2023-02-13 14:09:16 - [MESSAGE][PASSED] - shopify.store.clickOnImportTheme is PASSED

2023-02-13 14:09:16 - [TEST_STEP][PASSED] - shopify.store.uploadThemeFile(theme_file_local): shopify.store.uploadThemeFile is PASSED

2023-02-13 14:09:16 - [MESSAGE][PASSED] - Object: 'Object Repository/Shopify Store/btn_upload_zip_file' is clicked on

2023-02-13 14:09:17 - [MESSAGE][PASSED] - File 'C:\Users\huynh\Documents\Socialhead\Automation\Katalon project\CreateStore\CreateStore\Data\theme_export__www-perfect-floor-fr-shovetheme-1__12JUN2020-0946am.zip' sent to object: 'Object Repository/Shopify Store/file_theme'

2023-02-13 14:09:17 - [MESSAGE][PASSED] - Object: 'Object Repository/Shopify Store/btn_upload_theme' is clicked on

2023-02-13 14:09:27 - [MESSAGE][PASSED] - Delayed 10 second(s)

2023-02-13 14:09:27 - [MESSAGE][PASSED] - shopify.store.uploadThemeFile is PASSED

2023-02-13 14:09:27 - [TEST_STEP][PASSED] - shopify.store.clickPublishTheme(): shopify.store.clickPublishTheme is PASSED

2023-02-13 14:09:57 - [MESSAGE][PASSED] - Delayed 30 second(s)

2023-02-13 14:09:57 - [MESSAGE][PASSED] - Refresh successfully

2023-02-13 14:10:27 - [MESSAGE][PASSED] - Delayed 30 second(s)

2023-02-13 14:10:28 - [MESSAGE][PASSED] - Object 'Object Repository/Shopify Store/btn_publish_theme' is clickable

2023-02-13 14:10:28 - [MESSAGE][PASSED] - Object: 'Object Repository/Shopify Store/btn_publish_theme' is clicked on

2023-02-13 14:10:28 - [MESSAGE][PASSED] - shopify.store.clickPublishTheme is PASSED

2023-02-13 14:10:28 - [TEST_STEP][PASSED] - shopify.store.confirmPublishTheme(): shopify.store.confirmPublishTheme is PASSED

2023-02-13 14:10:38 - [MESSAGE][PASSED] - Delayed 10 second(s)

2023-02-13 14:10:39 - [MESSAGE][PASSED] - Object: 'Object Repository/Shopify Store/btn_confirm_publish_theme' is clicked on

2023-02-13 14:10:39 - [MESSAGE][PASSED] - shopify.store.confirmPublishTheme is PASSED

2023-02-13 14:10:39 - [TEST_STEP][PASSED] - shopify.store_setting.changeStoreCurrency(currency, store_name): shopify.store_setting.changeStoreCurrency is PASSED

2023-02-13 14:10:49 - [MESSAGE][PASSED] - Delayed 10 second(s)

2023-02-13 14:10:52 - [MESSAGE][PASSED] - Navigate to 'http://huynh-ar-stag-2448.myshopify.com/admin/settings/general' successfully

2023-02-13 14:10:57 - [MESSAGE][PASSED] - All options with value 'USD' are selected in object 'Object Repository/Shopify Store/select_currency' 

2023-02-13 14:10:57 - [MESSAGE][PASSED] - shopify.store_setting.changeStoreCurrency is PASSED

2023-02-13 14:10:57 - [TEST_STEP][PASSED] - shopify.store_setting.saveStoreSetting(): shopify.store_setting.saveStoreSetting is PASSED

2023-02-13 14:10:58 - [MESSAGE][PASSED] - Object: 'Object Repository/Shopify Store/span_save_admin_setting' is clicked on

2023-02-13 14:10:58 - [MESSAGE][PASSED] - shopify.store_setting.saveStoreSetting is PASSED

2023-02-13 14:10:58 - [TEST_STEP][PASSED] - Start tear down : teardownIfPassed: Method 'teardownIfPassed' complete successfully

2023-02-13 14:10:58 - [TEST_STEP][PASSED] - data.excel.updateValueToSheet(file_data, "store", 4, store_name, 7, "Passed"): data.excel.updateValueToSheet is PASSED

2023-02-13 14:10:58 - [MESSAGE][PASSED] - data.excel.updateValueToSheet is PASSED

2023-02-13 14:10:58 - [MESSAGE][PASSED] - Method 'teardownIfPassed' complete successfully]]></system-out>
         <system-err><![CDATA[]]></system-err>
      </testcase>
      <testcase name="Test Cases/Shopify/CreateStore" time="220.261" classname="Test Cases/Shopify/CreateStore" status="PASSED">
         <system-out><![CDATA[2023-02-13 14:10:58 - [TEST_CASE][PASSED] - Test Cases/Shopify/CreateStore: Test Cases/Shopify/CreateStore

2023-02-13 14:10:58 - [TEST_STEP][PASSED] - Start listener action : skipStatus: null

2023-02-13 14:10:58 - [TEST_STEP][PASSED] - map = testCaseContext.getTestCaseVariables(): null

2023-02-13 14:10:58 - [TEST_STEP][PASSED] - testcae_status = map.get("testcase_status"): null

2023-02-13 14:10:58 - [TEST_STEP][PASSED] - println(testcae_status): null

2023-02-13 14:10:58 - [TEST_STEP][PASSED] - if (testcae_status == "Passed" || testcae_status == "Failed"): null

2023-02-13 14:10:58 - [TEST_STEP][PASSED] - log = new com.kms.katalon.core.util.KeywordUtil(): null

2023-02-13 14:10:58 - [TEST_STEP][PASSED] - openBrowser(""): Browser is opened with url: ''

2023-02-13 14:10:58 - [MESSAGE][WARNING] - A browser is already opened. Closing browser and opening a new one

2023-02-13 14:10:58 - [MESSAGE][INFO] - Starting 'Chrome' driver

2023-02-13 14:10:58 - [MESSAGE][INFO] - Action delay is set to 0 milliseconds

2023-02-13 14:10:59 - [MESSAGE][PASSED] - Browser is opened with url: ''

2023-02-13 14:10:59 - [TEST_STEP][PASSED] - maximizeWindow(): Current window maximized

2023-02-13 14:11:00 - [MESSAGE][PASSED] - Current window maximized

2023-02-13 14:11:00 - [TEST_STEP][PASSED] - st = new shopify.store(): null

2023-02-13 14:11:00 - [TEST_STEP][PASSED] - st.loginShopifyPartner(partner_email, partner_password, partner_id): Object: 'Object Repository/Shopify/btn_login' is clicked on

2023-02-13 14:11:04 - [MESSAGE][PASSED] - Navigate to 'https://partners.shopify.com/1662018/stores/new' successfully

2023-02-13 14:11:04 - [MESSAGE][PASSED] - Text 'huynh@firegroup.io' is set on object 'Object Repository/Shopify/input_email_shopify'

2023-02-13 14:11:07 - [MESSAGE][PASSED] - Object: 'Object Repository/Shopify/btn_continue_with_email' is clicked on

2023-02-13 14:11:09 - [MESSAGE][PASSED] - Text ****** has been set on object 'Object Repository/Shopify/input_password_shopify'

2023-02-13 14:11:15 - [MESSAGE][PASSED] - Object: 'Object Repository/Shopify/btn_login' is clicked on

2023-02-13 14:11:15 - [TEST_STEP][PASSED] - st.navigateToStoreDevelop(partner_id): Navigate to 'https://partners.shopify.com/1662018/stores/new?store_type=dev_preview_store&developer_preview_handle=checkout_extensibility' successfully

2023-02-13 14:11:17 - [MESSAGE][PASSED] - Navigate to 'https://partners.shopify.com/1662018/stores/new?store_type=dev_preview_store&developer_preview_handle=checkout_extensibility' successfully

2023-02-13 14:11:17 - [TEST_STEP][PASSED] - st.inputStoreName(store_name): Delayed 5 second(s)

2023-02-13 14:11:19 - [MESSAGE][PASSED] - Text 'huynh-ar-stag-2449' is set on object 'Object Repository/Shopify/input_store_name'

2023-02-13 14:11:24 - [MESSAGE][PASSED] - Delayed 5 second(s)

2023-02-13 14:11:24 - [TEST_STEP][PASSED] - shopify.store.clickCreateStore(): shopify.store.clickCreateStore is PASSED

2023-02-13 14:11:24 - [MESSAGE][PASSED] - Object: 'Object Repository/Shopify/btn_create_store' is clicked on

2023-02-13 14:11:44 - [MESSAGE][PASSED] - Delayed 20 second(s)

2023-02-13 14:11:44 - [MESSAGE][PASSED] - shopify.store.clickCreateStore is PASSED

2023-02-13 14:11:44 - [TEST_STEP][PASSED] - shopify.store.importProduct(product_file_local): shopify.store.importProduct is PASSED

2023-02-13 14:11:54 - [MESSAGE][PASSED] - Object: 'Object Repository/Shopify/span_product' is clicked on

2023-02-13 14:11:56 - [MESSAGE][PASSED] - Object: 'Object Repository/Shopify/span_import_product' is clicked on

2023-02-13 14:11:57 - [MESSAGE][PASSED] - File 'C:\Users\huynh\Documents\Socialhead\Automation\Katalon project\CreateStore\CreateStore\Data\products_export.csv' sent to object: 'Object Repository/Shopify/file_product'

2023-02-13 14:11:57 - [MESSAGE][PASSED] - Object: 'Object Repository/Shopify/span_upload_product_continue' is clicked on

2023-02-13 14:12:00 - [MESSAGE][PASSED] - Object: 'Object Repository/Shopify/btn_product_confirm_import' is clicked on

2023-02-13 14:12:30 - [MESSAGE][PASSED] - Delayed 30 second(s)

2023-02-13 14:12:31 - [MESSAGE][PASSED] - Refresh successfully

2023-02-13 14:12:46 - [MESSAGE][PASSED] - Delayed 15 second(s)

2023-02-13 14:12:46 - [MESSAGE][PASSED] - shopify.store.importProduct is PASSED

2023-02-13 14:12:46 - [TEST_STEP][PASSED] - shopify.store.clickOnMenuOnlineStore(): shopify.store.clickOnMenuOnlineStore is PASSED

2023-02-13 14:12:46 - [MESSAGE][PASSED] - Object: 'Object Repository/Shopify Store/a_onlie_store' is clicked on

2023-02-13 14:12:56 - [MESSAGE][PASSED] - Delayed 10 second(s)

2023-02-13 14:12:56 - [MESSAGE][PASSED] - shopify.store.clickOnMenuOnlineStore is PASSED

2023-02-13 14:12:56 - [TEST_STEP][PASSED] - shopify.store.clickOnImportTheme(): shopify.store.clickOnImportTheme is PASSED

2023-02-13 14:12:57 - [MESSAGE][PASSED] - Object: 'Object Repository/Shopify Store/btn_add_theme' is clicked on

2023-02-13 14:12:57 - [MESSAGE][PASSED] - shopify.store.clickOnImportTheme is PASSED

2023-02-13 14:12:57 - [TEST_STEP][PASSED] - shopify.store.uploadThemeFile(theme_file_local): shopify.store.uploadThemeFile is PASSED

2023-02-13 14:12:57 - [MESSAGE][PASSED] - Object: 'Object Repository/Shopify Store/btn_upload_zip_file' is clicked on

2023-02-13 14:12:58 - [MESSAGE][PASSED] - File 'C:\Users\huynh\Documents\Socialhead\Automation\Katalon project\CreateStore\CreateStore\Data\theme_export__www-pickmarywig-com-pickme__08SEP2020-1101am.zip' sent to object: 'Object Repository/Shopify Store/file_theme'

2023-02-13 14:12:58 - [MESSAGE][PASSED] - Object: 'Object Repository/Shopify Store/btn_upload_theme' is clicked on

2023-02-13 14:13:08 - [MESSAGE][PASSED] - Delayed 10 second(s)

2023-02-13 14:13:08 - [MESSAGE][PASSED] - shopify.store.uploadThemeFile is PASSED

2023-02-13 14:13:08 - [TEST_STEP][PASSED] - shopify.store.clickPublishTheme(): shopify.store.clickPublishTheme is PASSED

2023-02-13 14:13:38 - [MESSAGE][PASSED] - Delayed 30 second(s)

2023-02-13 14:13:38 - [MESSAGE][PASSED] - Refresh successfully

2023-02-13 14:14:08 - [MESSAGE][PASSED] - Delayed 30 second(s)

2023-02-13 14:14:09 - [MESSAGE][PASSED] - Object 'Object Repository/Shopify Store/btn_publish_theme' is clickable

2023-02-13 14:14:09 - [MESSAGE][PASSED] - Object: 'Object Repository/Shopify Store/btn_publish_theme' is clicked on

2023-02-13 14:14:09 - [MESSAGE][PASSED] - shopify.store.clickPublishTheme is PASSED

2023-02-13 14:14:09 - [TEST_STEP][PASSED] - shopify.store.confirmPublishTheme(): shopify.store.confirmPublishTheme is PASSED

2023-02-13 14:14:19 - [MESSAGE][PASSED] - Delayed 10 second(s)

2023-02-13 14:14:19 - [MESSAGE][PASSED] - Object: 'Object Repository/Shopify Store/btn_confirm_publish_theme' is clicked on

2023-02-13 14:14:19 - [MESSAGE][PASSED] - shopify.store.confirmPublishTheme is PASSED

2023-02-13 14:14:19 - [TEST_STEP][PASSED] - shopify.store_setting.changeStoreCurrency(currency, store_name): shopify.store_setting.changeStoreCurrency is PASSED

2023-02-13 14:14:29 - [MESSAGE][PASSED] - Delayed 10 second(s)

2023-02-13 14:14:33 - [MESSAGE][PASSED] - Navigate to 'http://huynh-ar-stag-2449.myshopify.com/admin/settings/general' successfully

2023-02-13 14:14:37 - [MESSAGE][PASSED] - All options with value 'USD' are selected in object 'Object Repository/Shopify Store/select_currency' 

2023-02-13 14:14:37 - [MESSAGE][PASSED] - shopify.store_setting.changeStoreCurrency is PASSED

2023-02-13 14:14:37 - [TEST_STEP][PASSED] - shopify.store_setting.saveStoreSetting(): shopify.store_setting.saveStoreSetting is PASSED

2023-02-13 14:14:38 - [MESSAGE][PASSED] - Object: 'Object Repository/Shopify Store/span_save_admin_setting' is clicked on

2023-02-13 14:14:38 - [MESSAGE][PASSED] - shopify.store_setting.saveStoreSetting is PASSED

2023-02-13 14:14:38 - [TEST_STEP][PASSED] - Start tear down : teardownIfPassed: Method 'teardownIfPassed' complete successfully

2023-02-13 14:14:38 - [TEST_STEP][PASSED] - data.excel.updateValueToSheet(file_data, "store", 4, store_name, 7, "Passed"): data.excel.updateValueToSheet is PASSED

2023-02-13 14:14:38 - [MESSAGE][PASSED] - data.excel.updateValueToSheet is PASSED

2023-02-13 14:14:38 - [MESSAGE][PASSED] - Method 'teardownIfPassed' complete successfully]]></system-out>
         <system-err><![CDATA[]]></system-err>
      </testcase>
      <testcase name="Test Cases/Shopify/CreateStore" time="251.661" classname="Test Cases/Shopify/CreateStore" status="FAILED">
         <failure type="FAILED" message="Test Cases/Shopify/CreateStore FAILED.
Reason:
com.kms.katalon.core.exception.StepFailedException: Unable to select option by value 'USD' of object 'Object Repository/Shopify Store/select_currency' 
	at com.kms.katalon.core.webui.keyword.internal.WebUIKeywordMain.stepFailed(WebUIKeywordMain.groovy:64)
	at com.kms.katalon.core.webui.keyword.internal.WebUIKeywordMain.runKeyword(WebUIKeywordMain.groovy:26)
	at com.kms.katalon.core.webui.keyword.builtin.SelectOptionByValueKeyword.selectOptionByValue(SelectOptionByValueKeyword.groovy:99)
	at com.kms.katalon.core.webui.keyword.builtin.SelectOptionByValueKeyword.execute(SelectOptionByValueKeyword.groovy:71)
	at com.kms.katalon.core.keyword.internal.KeywordExecutor.executeKeywordForPlatform(KeywordExecutor.groovy:74)
	at com.kms.katalon.core.webui.keyword.WebUiBuiltInKeywords.selectOptionByValue(WebUiBuiltInKeywords.groovy:1168)
	at com.kms.katalon.core.webui.keyword.WebUiBuiltInKeywords$selectOptionByValue$10.call(Unknown Source)
	at shopify.store_setting.changeStoreCurrency(store_setting.groovy:29)
	at shopify.store_setting.invokeMethod(store_setting.groovy)
	at com.kms.katalon.core.main.CustomKeywordDelegatingMetaClass.invokeStaticMethod(CustomKeywordDelegatingMetaClass.java:55)
	at CreateStore.run(CreateStore:59)
	at com.kms.katalon.core.main.ScriptEngine.run(ScriptEngine.java:194)
	at com.kms.katalon.core.main.ScriptEngine.runScriptAsRawText(ScriptEngine.java:119)
	at com.kms.katalon.core.main.TestCaseExecutor.runScript(TestCaseExecutor.java:448)
	at com.kms.katalon.core.main.TestCaseExecutor.doExecute(TestCaseExecutor.java:439)
	at com.kms.katalon.core.main.TestCaseExecutor.processExecutionPhase(TestCaseExecutor.java:418)
	at com.kms.katalon.core.main.TestCaseExecutor.accessMainPhase(TestCaseExecutor.java:410)
	at com.kms.katalon.core.main.TestCaseExecutor.execute(TestCaseExecutor.java:285)
	at com.kms.katalon.core.common.CommonExecutor.accessTestCaseMainPhase(CommonExecutor.java:65)
	at com.kms.katalon.core.main.TestSuiteExecutor.accessTestSuiteMainPhase(TestSuiteExecutor.java:151)
	at com.kms.katalon.core.main.TestSuiteExecutor.execute(TestSuiteExecutor.java:106)
	at com.kms.katalon.core.main.TestCaseMain.startTestSuite(TestCaseMain.java:185)
	at com.kms.katalon.core.main.TestCaseMain$startTestSuite$0.call(Unknown Source)
	at TempTestSuite1676253455264.run(TempTestSuite1676253455264.groovy:36)
Caused by: com.kms.katalon.core.webui.exception.WebElementNotFoundException: Web element with id: 'Object Repository/Shopify Store/select_currency' located by '//*[contains(@id, 'PolarisSelect') and @class = 'Polaris-Select__Input_30ock']' not found
	at com.kms.katalon.core.webui.common.WebUiCommonHelper.findWebElement(WebUiCommonHelper.java:1370)
	at com.kms.katalon.core.webui.keyword.internal.WebUIAbstractKeyword.findWebElement(WebUIAbstractKeyword.groovy:27)
	at com.kms.katalon.core.webui.keyword.internal.WebUIAbstractKeyword.findWebElement(WebUIAbstractKeyword.groovy:26)
	at com.kms.katalon.core.webui.keyword.builtin.SelectOptionByValueKeyword$_selectOptionByValue_closure1.doCall(SelectOptionByValueKeyword.groovy:86)
	at com.kms.katalon.core.webui.keyword.builtin.SelectOptionByValueKeyword$_selectOptionByValue_closure1.call(SelectOptionByValueKeyword.groovy)
	at com.kms.katalon.core.webui.keyword.internal.WebUIKeywordMain.runKeyword(WebUIKeywordMain.groovy:20)
	... 22 more
"/>
         <system-out><![CDATA[2023-02-13 14:14:38 - [TEST_CASE][FAILED] - Test Cases/Shopify/CreateStore: Test Cases/Shopify/CreateStore FAILED.
Reason:
com.kms.katalon.core.exception.StepFailedException: Unable to select option by value 'USD' of object 'Object Repository/Shopify Store/select_currency' 
	at com.kms.katalon.core.webui.keyword.internal.WebUIKeywordMain.stepFailed(WebUIKeywordMain.groovy:64)
	at com.kms.katalon.core.webui.keyword.internal.WebUIKeywordMain.runKeyword(WebUIKeywordMain.groovy:26)
	at com.kms.katalon.core.webui.keyword.builtin.SelectOptionByValueKeyword.selectOptionByValue(SelectOptionByValueKeyword.groovy:99)
	at com.kms.katalon.core.webui.keyword.builtin.SelectOptionByValueKeyword.execute(SelectOptionByValueKeyword.groovy:71)
	at com.kms.katalon.core.keyword.internal.KeywordExecutor.executeKeywordForPlatform(KeywordExecutor.groovy:74)
	at com.kms.katalon.core.webui.keyword.WebUiBuiltInKeywords.selectOptionByValue(WebUiBuiltInKeywords.groovy:1168)
	at com.kms.katalon.core.webui.keyword.WebUiBuiltInKeywords$selectOptionByValue$10.call(Unknown Source)
	at shopify.store_setting.changeStoreCurrency(store_setting.groovy:29)
	at shopify.store_setting.invokeMethod(store_setting.groovy)
	at com.kms.katalon.core.main.CustomKeywordDelegatingMetaClass.invokeStaticMethod(CustomKeywordDelegatingMetaClass.java:55)
	at CreateStore.run(CreateStore:59)
	at com.kms.katalon.core.main.ScriptEngine.run(ScriptEngine.java:194)
	at com.kms.katalon.core.main.ScriptEngine.runScriptAsRawText(ScriptEngine.java:119)
	at com.kms.katalon.core.main.TestCaseExecutor.runScript(TestCaseExecutor.java:448)
	at com.kms.katalon.core.main.TestCaseExecutor.doExecute(TestCaseExecutor.java:439)
	at com.kms.katalon.core.main.TestCaseExecutor.processExecutionPhase(TestCaseExecutor.java:418)
	at com.kms.katalon.core.main.TestCaseExecutor.accessMainPhase(TestCaseExecutor.java:410)
	at com.kms.katalon.core.main.TestCaseExecutor.execute(TestCaseExecutor.java:285)
	at com.kms.katalon.core.common.CommonExecutor.accessTestCaseMainPhase(CommonExecutor.java:65)
	at com.kms.katalon.core.main.TestSuiteExecutor.accessTestSuiteMainPhase(TestSuiteExecutor.java:151)
	at com.kms.katalon.core.main.TestSuiteExecutor.execute(TestSuiteExecutor.java:106)
	at com.kms.katalon.core.main.TestCaseMain.startTestSuite(TestCaseMain.java:185)
	at com.kms.katalon.core.main.TestCaseMain$startTestSuite$0.call(Unknown Source)
	at TempTestSuite1676253455264.run(TempTestSuite1676253455264.groovy:36)
Caused by: com.kms.katalon.core.webui.exception.WebElementNotFoundException: Web element with id: 'Object Repository/Shopify Store/select_currency' located by '//*[contains(@id, 'PolarisSelect') and @class = 'Polaris-Select__Input_30ock']' not found
	at com.kms.katalon.core.webui.common.WebUiCommonHelper.findWebElement(WebUiCommonHelper.java:1370)
	at com.kms.katalon.core.webui.keyword.internal.WebUIAbstractKeyword.findWebElement(WebUIAbstractKeyword.groovy:27)
	at com.kms.katalon.core.webui.keyword.internal.WebUIAbstractKeyword.findWebElement(WebUIAbstractKeyword.groovy:26)
	at com.kms.katalon.core.webui.keyword.builtin.SelectOptionByValueKeyword$_selectOptionByValue_closure1.doCall(SelectOptionByValueKeyword.groovy:86)
	at com.kms.katalon.core.webui.keyword.builtin.SelectOptionByValueKeyword$_selectOptionByValue_closure1.call(SelectOptionByValueKeyword.groovy)
	at com.kms.katalon.core.webui.keyword.internal.WebUIKeywordMain.runKeyword(WebUIKeywordMain.groovy:20)
	... 22 more


2023-02-13 14:14:38 - [TEST_STEP][PASSED] - Start listener action : skipStatus: null

2023-02-13 14:14:38 - [TEST_STEP][PASSED] - map = testCaseContext.getTestCaseVariables(): null

2023-02-13 14:14:38 - [TEST_STEP][PASSED] - testcae_status = map.get("testcase_status"): null

2023-02-13 14:14:38 - [TEST_STEP][PASSED] - println(testcae_status): null

2023-02-13 14:14:38 - [TEST_STEP][PASSED] - if (testcae_status == "Passed" || testcae_status == "Failed"): null

2023-02-13 14:14:38 - [TEST_STEP][PASSED] - log = new com.kms.katalon.core.util.KeywordUtil(): null

2023-02-13 14:14:38 - [TEST_STEP][PASSED] - openBrowser(""): Browser is opened with url: ''

2023-02-13 14:14:38 - [MESSAGE][WARNING] - A browser is already opened. Closing browser and opening a new one

2023-02-13 14:14:39 - [MESSAGE][INFO] - Starting 'Chrome' driver

2023-02-13 14:14:39 - [MESSAGE][INFO] - Action delay is set to 0 milliseconds

2023-02-13 14:14:40 - [MESSAGE][PASSED] - Browser is opened with url: ''

2023-02-13 14:14:40 - [TEST_STEP][PASSED] - maximizeWindow(): Current window maximized

2023-02-13 14:14:40 - [MESSAGE][PASSED] - Current window maximized

2023-02-13 14:14:40 - [TEST_STEP][PASSED] - st = new shopify.store(): null

2023-02-13 14:14:40 - [TEST_STEP][PASSED] - st.loginShopifyPartner(partner_email, partner_password, partner_id): Object: 'Object Repository/Shopify/btn_login' is clicked on

2023-02-13 14:14:45 - [MESSAGE][PASSED] - Navigate to 'https://partners.shopify.com/1662018/stores/new' successfully

2023-02-13 14:14:46 - [MESSAGE][PASSED] - Text 'huynh@firegroup.io' is set on object 'Object Repository/Shopify/input_email_shopify'

2023-02-13 14:14:49 - [MESSAGE][PASSED] - Object: 'Object Repository/Shopify/btn_continue_with_email' is clicked on

2023-02-13 14:14:51 - [MESSAGE][PASSED] - Text ****** has been set on object 'Object Repository/Shopify/input_password_shopify'

2023-02-13 14:14:56 - [MESSAGE][PASSED] - Object: 'Object Repository/Shopify/btn_login' is clicked on

2023-02-13 14:14:56 - [TEST_STEP][PASSED] - st.navigateToStoreDevelop(partner_id): Navigate to 'https://partners.shopify.com/1662018/stores/new?store_type=dev_preview_store&developer_preview_handle=checkout_extensibility' successfully

2023-02-13 14:14:57 - [MESSAGE][PASSED] - Navigate to 'https://partners.shopify.com/1662018/stores/new?store_type=dev_preview_store&developer_preview_handle=checkout_extensibility' successfully

2023-02-13 14:14:57 - [TEST_STEP][PASSED] - st.inputStoreName(store_name): Delayed 5 second(s)

2023-02-13 14:14:59 - [MESSAGE][PASSED] - Text 'huynh-ar-stag-2450' is set on object 'Object Repository/Shopify/input_store_name'

2023-02-13 14:15:04 - [MESSAGE][PASSED] - Delayed 5 second(s)

2023-02-13 14:15:04 - [TEST_STEP][PASSED] - shopify.store.clickCreateStore(): shopify.store.clickCreateStore is PASSED

2023-02-13 14:15:04 - [MESSAGE][PASSED] - Object: 'Object Repository/Shopify/btn_create_store' is clicked on

2023-02-13 14:15:24 - [MESSAGE][PASSED] - Delayed 20 second(s)

2023-02-13 14:15:24 - [MESSAGE][PASSED] - shopify.store.clickCreateStore is PASSED

2023-02-13 14:15:24 - [TEST_STEP][PASSED] - shopify.store.importProduct(product_file_local): shopify.store.importProduct is PASSED

2023-02-13 14:15:40 - [MESSAGE][PASSED] - Object: 'Object Repository/Shopify/span_product' is clicked on

2023-02-13 14:15:42 - [MESSAGE][PASSED] - Object: 'Object Repository/Shopify/span_import_product' is clicked on

2023-02-13 14:15:42 - [MESSAGE][PASSED] - File 'C:\Users\huynh\Documents\Socialhead\Automation\Katalon project\CreateStore\CreateStore\Data\products_export.csv' sent to object: 'Object Repository/Shopify/file_product'

2023-02-13 14:15:43 - [MESSAGE][PASSED] - Object: 'Object Repository/Shopify/span_upload_product_continue' is clicked on

2023-02-13 14:15:46 - [MESSAGE][PASSED] - Object: 'Object Repository/Shopify/btn_product_confirm_import' is clicked on

2023-02-13 14:16:16 - [MESSAGE][PASSED] - Delayed 30 second(s)

2023-02-13 14:16:17 - [MESSAGE][PASSED] - Refresh successfully

2023-02-13 14:16:32 - [MESSAGE][PASSED] - Delayed 15 second(s)

2023-02-13 14:16:32 - [MESSAGE][PASSED] - shopify.store.importProduct is PASSED

2023-02-13 14:16:32 - [TEST_STEP][PASSED] - shopify.store.clickOnMenuOnlineStore(): shopify.store.clickOnMenuOnlineStore is PASSED

2023-02-13 14:16:32 - [MESSAGE][PASSED] - Object: 'Object Repository/Shopify Store/a_onlie_store' is clicked on

2023-02-13 14:16:42 - [MESSAGE][PASSED] - Delayed 10 second(s)

2023-02-13 14:16:42 - [MESSAGE][PASSED] - shopify.store.clickOnMenuOnlineStore is PASSED

2023-02-13 14:16:42 - [TEST_STEP][PASSED] - shopify.store.clickOnImportTheme(): shopify.store.clickOnImportTheme is PASSED

2023-02-13 14:16:43 - [MESSAGE][PASSED] - Object: 'Object Repository/Shopify Store/btn_add_theme' is clicked on

2023-02-13 14:16:43 - [MESSAGE][PASSED] - shopify.store.clickOnImportTheme is PASSED

2023-02-13 14:16:43 - [TEST_STEP][PASSED] - shopify.store.uploadThemeFile(theme_file_local): shopify.store.uploadThemeFile is PASSED

2023-02-13 14:16:43 - [MESSAGE][PASSED] - Object: 'Object Repository/Shopify Store/btn_upload_zip_file' is clicked on

2023-02-13 14:16:44 - [MESSAGE][PASSED] - File 'C:\Users\huynh\Documents\Socialhead\Automation\Katalon project\CreateStore\CreateStore\Data\theme_export__www-ramses-x-com-install-me-wokiee-v-1-6-1__07MAY2020-0923am.zip' sent to object: 'Object Repository/Shopify Store/file_theme'

2023-02-13 14:16:44 - [MESSAGE][PASSED] - Object: 'Object Repository/Shopify Store/btn_upload_theme' is clicked on

2023-02-13 14:16:54 - [MESSAGE][PASSED] - Delayed 10 second(s)

2023-02-13 14:16:54 - [MESSAGE][PASSED] - shopify.store.uploadThemeFile is PASSED

2023-02-13 14:16:54 - [TEST_STEP][PASSED] - shopify.store.clickPublishTheme(): shopify.store.clickPublishTheme is PASSED

2023-02-13 14:17:24 - [MESSAGE][PASSED] - Delayed 30 second(s)

2023-02-13 14:17:24 - [MESSAGE][PASSED] - Refresh successfully

2023-02-13 14:17:54 - [MESSAGE][PASSED] - Delayed 30 second(s)

2023-02-13 14:17:55 - [MESSAGE][PASSED] - Object 'Object Repository/Shopify Store/btn_publish_theme' is clickable

2023-02-13 14:17:55 - [MESSAGE][PASSED] - Object: 'Object Repository/Shopify Store/btn_publish_theme' is clicked on

2023-02-13 14:17:55 - [MESSAGE][PASSED] - shopify.store.clickPublishTheme is PASSED

2023-02-13 14:17:55 - [TEST_STEP][PASSED] - shopify.store.confirmPublishTheme(): shopify.store.confirmPublishTheme is PASSED

2023-02-13 14:18:05 - [MESSAGE][PASSED] - Delayed 10 second(s)

2023-02-13 14:18:05 - [MESSAGE][PASSED] - Object: 'Object Repository/Shopify Store/btn_confirm_publish_theme' is clicked on

2023-02-13 14:18:05 - [MESSAGE][PASSED] - shopify.store.confirmPublishTheme is PASSED

2023-02-13 14:18:06 - [TEST_STEP][FAILED] - shopify.store_setting.changeStoreCurrency(currency, store_name): Unable to select option by value 'USD' of object 'Object Repository/Shopify Store/select_currency' 

2023-02-13 14:18:16 - [MESSAGE][PASSED] - Delayed 10 second(s)

2023-02-13 14:18:18 - [MESSAGE][PASSED] - Navigate to 'http://huynh-ar-stag-2450.myshopify.com/admin/settings/general' successfully

2023-02-13 14:18:49 - [MESSAGE][INFO] - Unable to find the element located by 'By.xpath: //*[contains(@id, 'PolarisSelect') and @class = 'Polaris-Select__Input_30ock']'. Please recheck the objects properties to make sure the desired element is located. 

2023-02-13 14:18:50 - [MESSAGE][FAILED] - Unable to select option by value 'USD' of object 'Object Repository/Shopify Store/select_currency'  (Root cause: com.kms.katalon.core.exception.StepFailedException: Unable to select option by value 'USD' of object 'Object Repository/Shopify Store/select_currency' 
	at com.kms.katalon.core.webui.keyword.internal.WebUIKeywordMain.stepFailed(WebUIKeywordMain.groovy:64)
	at com.kms.katalon.core.webui.keyword.internal.WebUIKeywordMain.runKeyword(WebUIKeywordMain.groovy:26)
	at com.kms.katalon.core.webui.keyword.builtin.SelectOptionByValueKeyword.selectOptionByValue(SelectOptionByValueKeyword.groovy:99)
	at com.kms.katalon.core.webui.keyword.builtin.SelectOptionByValueKeyword.execute(SelectOptionByValueKeyword.groovy:71)
	at com.kms.katalon.core.keyword.internal.KeywordExecutor.executeKeywordForPlatform(KeywordExecutor.groovy:74)
	at com.kms.katalon.core.webui.keyword.WebUiBuiltInKeywords.selectOptionByValue(WebUiBuiltInKeywords.groovy:1168)
	at com.kms.katalon.core.webui.keyword.WebUiBuiltInKeywords$selectOptionByValue$10.call(Unknown Source)
	at shopify.store_setting.changeStoreCurrency(store_setting.groovy:29)
	at shopify.store_setting.invokeMethod(store_setting.groovy)
	at com.kms.katalon.core.main.CustomKeywordDelegatingMetaClass.invokeStaticMethod(CustomKeywordDelegatingMetaClass.java:55)
	at CreateStore.run(CreateStore:59)
	at com.kms.katalon.core.main.ScriptEngine.run(ScriptEngine.java:194)
	at com.kms.katalon.core.main.ScriptEngine.runScriptAsRawText(ScriptEngine.java:119)
	at com.kms.katalon.core.main.TestCaseExecutor.runScript(TestCaseExecutor.java:448)
	at com.kms.katalon.core.main.TestCaseExecutor.doExecute(TestCaseExecutor.java:439)
	at com.kms.katalon.core.main.TestCaseExecutor.processExecutionPhase(TestCaseExecutor.java:418)
	at com.kms.katalon.core.main.TestCaseExecutor.accessMainPhase(TestCaseExecutor.java:410)
	at com.kms.katalon.core.main.TestCaseExecutor.execute(TestCaseExecutor.java:285)
	at com.kms.katalon.core.common.CommonExecutor.accessTestCaseMainPhase(CommonExecutor.java:65)
	at com.kms.katalon.core.main.TestSuiteExecutor.accessTestSuiteMainPhase(TestSuiteExecutor.java:151)
	at com.kms.katalon.core.main.TestSuiteExecutor.execute(TestSuiteExecutor.java:106)
	at com.kms.katalon.core.main.TestCaseMain.startTestSuite(TestCaseMain.java:185)
	at com.kms.katalon.core.main.TestCaseMain$startTestSuite$0.call(Unknown Source)
	at TempTestSuite1676253455264.run(TempTestSuite1676253455264.groovy:36)
Caused by: com.kms.katalon.core.webui.exception.WebElementNotFoundException: Web element with id: 'Object Repository/Shopify Store/select_currency' located by '//*[contains(@id, 'PolarisSelect') and @class = 'Polaris-Select__Input_30ock']' not found
	at com.kms.katalon.core.webui.common.WebUiCommonHelper.findWebElement(WebUiCommonHelper.java:1370)
	at com.kms.katalon.core.webui.keyword.internal.WebUIAbstractKeyword.findWebElement(WebUIAbstractKeyword.groovy:27)
	at com.kms.katalon.core.webui.keyword.internal.WebUIAbstractKeyword.findWebElement(WebUIAbstractKeyword.groovy:26)
	at com.kms.katalon.core.webui.keyword.builtin.SelectOptionByValueKeyword$_selectOptionByValue_closure1.doCall(SelectOptionByValueKeyword.groovy:86)
	at com.kms.katalon.core.webui.keyword.builtin.SelectOptionByValueKeyword$_selectOptionByValue_closure1.call(SelectOptionByValueKeyword.groovy)
	at com.kms.katalon.core.webui.keyword.internal.WebUIKeywordMain.runKeyword(WebUIKeywordMain.groovy:20)
	at com.kms.katalon.core.webui.keyword.builtin.SelectOptionByValueKeyword.selectOptionByValue(SelectOptionByValueKeyword.groovy:99)
	at com.kms.katalon.core.webui.keyword.builtin.SelectOptionByValueKeyword.execute(SelectOptionByValueKeyword.groovy:71)
	at com.kms.katalon.core.keyword.internal.KeywordExecutor.executeKeywordForPlatform(KeywordExecutor.groovy:74)
	at com.kms.katalon.core.webui.keyword.WebUiBuiltInKeywords.selectOptionByValue(WebUiBuiltInKeywords.groovy:1168)
	at com.kms.katalon.core.webui.keyword.WebUiBuiltInKeywords$selectOptionByValue$10.call(Unknown Source)
	at shopify.store_setting.changeStoreCurrency(store_setting.groovy:29)
	at shopify.store_setting.invokeMethod(store_setting.groovy)
	at com.kms.katalon.core.main.CustomKeywordDelegatingMetaClass.invokeStaticMethod(CustomKeywordDelegatingMetaClass.java:55)
	at Script1673851860327.run(Script1673851860327.groovy:59)
	... 13 more
)
[[ATTACHMENT|C:\\Users\\huynh\\Documents\\Socialhead\\Automation\\Katalon project\\CreateStore\\CreateStore\\Reports\\20230213_085735\\Store\\Create Store\\20230213_085735\\1676272729923.png]]

2023-02-13 14:18:50 - [MESSAGE][FAILED] - Unable to select option by value 'USD' of object 'Object Repository/Shopify Store/select_currency' 

2023-02-13 14:18:50 - [TEST_STEP][PASSED] - Start tear down : teardownIfFailed: Method 'teardownIfFailed' complete successfully

2023-02-13 14:18:50 - [TEST_STEP][PASSED] - data.excel.updateValueToSheet(file_data, "store", 4, store_name, 7, "Failed"): data.excel.updateValueToSheet is PASSED

2023-02-13 14:18:50 - [MESSAGE][PASSED] - data.excel.updateValueToSheet is PASSED

2023-02-13 14:18:50 - [MESSAGE][PASSED] - Method 'teardownIfFailed' complete successfully]]></system-out>
         <system-err><![CDATA[2023-02-13 14:14:38 - [TEST_CASE][FAILED] - Test Cases/Shopify/CreateStore: Test Cases/Shopify/CreateStore FAILED.
Reason:
com.kms.katalon.core.exception.StepFailedException: Unable to select option by value 'USD' of object 'Object Repository/Shopify Store/select_currency' 
	at com.kms.katalon.core.webui.keyword.internal.WebUIKeywordMain.stepFailed(WebUIKeywordMain.groovy:64)
	at com.kms.katalon.core.webui.keyword.internal.WebUIKeywordMain.runKeyword(WebUIKeywordMain.groovy:26)
	at com.kms.katalon.core.webui.keyword.builtin.SelectOptionByValueKeyword.selectOptionByValue(SelectOptionByValueKeyword.groovy:99)
	at com.kms.katalon.core.webui.keyword.builtin.SelectOptionByValueKeyword.execute(SelectOptionByValueKeyword.groovy:71)
	at com.kms.katalon.core.keyword.internal.KeywordExecutor.executeKeywordForPlatform(KeywordExecutor.groovy:74)
	at com.kms.katalon.core.webui.keyword.WebUiBuiltInKeywords.selectOptionByValue(WebUiBuiltInKeywords.groovy:1168)
	at com.kms.katalon.core.webui.keyword.WebUiBuiltInKeywords$selectOptionByValue$10.call(Unknown Source)
	at shopify.store_setting.changeStoreCurrency(store_setting.groovy:29)
	at shopify.store_setting.invokeMethod(store_setting.groovy)
	at com.kms.katalon.core.main.CustomKeywordDelegatingMetaClass.invokeStaticMethod(CustomKeywordDelegatingMetaClass.java:55)
	at CreateStore.run(CreateStore:59)
	at com.kms.katalon.core.main.ScriptEngine.run(ScriptEngine.java:194)
	at com.kms.katalon.core.main.ScriptEngine.runScriptAsRawText(ScriptEngine.java:119)
	at com.kms.katalon.core.main.TestCaseExecutor.runScript(TestCaseExecutor.java:448)
	at com.kms.katalon.core.main.TestCaseExecutor.doExecute(TestCaseExecutor.java:439)
	at com.kms.katalon.core.main.TestCaseExecutor.processExecutionPhase(TestCaseExecutor.java:418)
	at com.kms.katalon.core.main.TestCaseExecutor.accessMainPhase(TestCaseExecutor.java:410)
	at com.kms.katalon.core.main.TestCaseExecutor.execute(TestCaseExecutor.java:285)
	at com.kms.katalon.core.common.CommonExecutor.accessTestCaseMainPhase(CommonExecutor.java:65)
	at com.kms.katalon.core.main.TestSuiteExecutor.accessTestSuiteMainPhase(TestSuiteExecutor.java:151)
	at com.kms.katalon.core.main.TestSuiteExecutor.execute(TestSuiteExecutor.java:106)
	at com.kms.katalon.core.main.TestCaseMain.startTestSuite(TestCaseMain.java:185)
	at com.kms.katalon.core.main.TestCaseMain$startTestSuite$0.call(Unknown Source)
	at TempTestSuite1676253455264.run(TempTestSuite1676253455264.groovy:36)
Caused by: com.kms.katalon.core.webui.exception.WebElementNotFoundException: Web element with id: 'Object Repository/Shopify Store/select_currency' located by '//*[contains(@id, 'PolarisSelect') and @class = 'Polaris-Select__Input_30ock']' not found
	at com.kms.katalon.core.webui.common.WebUiCommonHelper.findWebElement(WebUiCommonHelper.java:1370)
	at com.kms.katalon.core.webui.keyword.internal.WebUIAbstractKeyword.findWebElement(WebUIAbstractKeyword.groovy:27)
	at com.kms.katalon.core.webui.keyword.internal.WebUIAbstractKeyword.findWebElement(WebUIAbstractKeyword.groovy:26)
	at com.kms.katalon.core.webui.keyword.builtin.SelectOptionByValueKeyword$_selectOptionByValue_closure1.doCall(SelectOptionByValueKeyword.groovy:86)
	at com.kms.katalon.core.webui.keyword.builtin.SelectOptionByValueKeyword$_selectOptionByValue_closure1.call(SelectOptionByValueKeyword.groovy)
	at com.kms.katalon.core.webui.keyword.internal.WebUIKeywordMain.runKeyword(WebUIKeywordMain.groovy:20)
	... 22 more]]></system-err>
      </testcase>
      <testcase name="Test Cases/Shopify/CreateStore" time="78.956" classname="Test Cases/Shopify/CreateStore" status="FAILED">
         <failure type="FAILED" message="Test Cases/Shopify/CreateStore FAILED.
Reason:
com.kms.katalon.core.exception.StepFailedException: Unable to click on object 'Object Repository/Shopify/span_product'
	at com.kms.katalon.core.webui.keyword.internal.WebUIKeywordMain.stepFailed(WebUIKeywordMain.groovy:64)
	at com.kms.katalon.core.webui.keyword.internal.WebUIKeywordMain.runKeyword(WebUIKeywordMain.groovy:26)
	at com.kms.katalon.core.webui.keyword.builtin.ClickKeyword.click(ClickKeyword.groovy:74)
	at com.kms.katalon.core.webui.keyword.builtin.ClickKeyword.execute(ClickKeyword.groovy:40)
	at com.kms.katalon.core.keyword.internal.KeywordExecutor.executeKeywordForPlatform(KeywordExecutor.groovy:74)
	at com.kms.katalon.core.webui.keyword.WebUiBuiltInKeywords.click(WebUiBuiltInKeywords.groovy:620)
	at com.kms.katalon.core.webui.keyword.WebUiBuiltInKeywords$click$3.call(Unknown Source)
	at shopify.store.importProduct(store.groovy:51)
	at shopify.store.invokeMethod(store.groovy)
	at com.kms.katalon.core.main.CustomKeywordDelegatingMetaClass.invokeStaticMethod(CustomKeywordDelegatingMetaClass.java:55)
	at CreateStore.run(CreateStore:45)
	at com.kms.katalon.core.main.ScriptEngine.run(ScriptEngine.java:194)
	at com.kms.katalon.core.main.ScriptEngine.runScriptAsRawText(ScriptEngine.java:119)
	at com.kms.katalon.core.main.TestCaseExecutor.runScript(TestCaseExecutor.java:448)
	at com.kms.katalon.core.main.TestCaseExecutor.doExecute(TestCaseExecutor.java:439)
	at com.kms.katalon.core.main.TestCaseExecutor.processExecutionPhase(TestCaseExecutor.java:418)
	at com.kms.katalon.core.main.TestCaseExecutor.accessMainPhase(TestCaseExecutor.java:410)
	at com.kms.katalon.core.main.TestCaseExecutor.execute(TestCaseExecutor.java:285)
	at com.kms.katalon.core.common.CommonExecutor.accessTestCaseMainPhase(CommonExecutor.java:65)
	at com.kms.katalon.core.main.TestSuiteExecutor.accessTestSuiteMainPhase(TestSuiteExecutor.java:151)
	at com.kms.katalon.core.main.TestSuiteExecutor.execute(TestSuiteExecutor.java:106)
	at com.kms.katalon.core.main.TestCaseMain.startTestSuite(TestCaseMain.java:185)
	at com.kms.katalon.core.main.TestCaseMain$startTestSuite$0.call(Unknown Source)
	at TempTestSuite1676253455264.run(TempTestSuite1676253455264.groovy:36)
Caused by: com.kms.katalon.core.webui.exception.WebElementNotFoundException: Web element with id: 'Object Repository/Shopify/span_product' located by '//div[@id='AppFrameNav']/div/nav/div[2]/div[2]/ul/li[3]/div/div/a/span' not found
	at com.kms.katalon.core.webui.common.WebUiCommonHelper.findWebElement(WebUiCommonHelper.java:1370)
	at com.kms.katalon.core.webui.keyword.internal.WebUIAbstractKeyword.findWebElement(WebUIAbstractKeyword.groovy:27)
	at com.kms.katalon.core.webui.keyword.builtin.ClickKeyword$_click_closure1.doCall(ClickKeyword.groovy:65)
	at com.kms.katalon.core.webui.keyword.builtin.ClickKeyword$_click_closure1.call(ClickKeyword.groovy)
	at com.kms.katalon.core.webui.keyword.internal.WebUIKeywordMain.runKeyword(WebUIKeywordMain.groovy:20)
	... 22 more
"/>
         <system-out><![CDATA[2023-02-13 14:18:50 - [TEST_CASE][FAILED] - Test Cases/Shopify/CreateStore: Test Cases/Shopify/CreateStore FAILED.
Reason:
com.kms.katalon.core.exception.StepFailedException: Unable to click on object 'Object Repository/Shopify/span_product'
	at com.kms.katalon.core.webui.keyword.internal.WebUIKeywordMain.stepFailed(WebUIKeywordMain.groovy:64)
	at com.kms.katalon.core.webui.keyword.internal.WebUIKeywordMain.runKeyword(WebUIKeywordMain.groovy:26)
	at com.kms.katalon.core.webui.keyword.builtin.ClickKeyword.click(ClickKeyword.groovy:74)
	at com.kms.katalon.core.webui.keyword.builtin.ClickKeyword.execute(ClickKeyword.groovy:40)
	at com.kms.katalon.core.keyword.internal.KeywordExecutor.executeKeywordForPlatform(KeywordExecutor.groovy:74)
	at com.kms.katalon.core.webui.keyword.WebUiBuiltInKeywords.click(WebUiBuiltInKeywords.groovy:620)
	at com.kms.katalon.core.webui.keyword.WebUiBuiltInKeywords$click$3.call(Unknown Source)
	at shopify.store.importProduct(store.groovy:51)
	at shopify.store.invokeMethod(store.groovy)
	at com.kms.katalon.core.main.CustomKeywordDelegatingMetaClass.invokeStaticMethod(CustomKeywordDelegatingMetaClass.java:55)
	at CreateStore.run(CreateStore:45)
	at com.kms.katalon.core.main.ScriptEngine.run(ScriptEngine.java:194)
	at com.kms.katalon.core.main.ScriptEngine.runScriptAsRawText(ScriptEngine.java:119)
	at com.kms.katalon.core.main.TestCaseExecutor.runScript(TestCaseExecutor.java:448)
	at com.kms.katalon.core.main.TestCaseExecutor.doExecute(TestCaseExecutor.java:439)
	at com.kms.katalon.core.main.TestCaseExecutor.processExecutionPhase(TestCaseExecutor.java:418)
	at com.kms.katalon.core.main.TestCaseExecutor.accessMainPhase(TestCaseExecutor.java:410)
	at com.kms.katalon.core.main.TestCaseExecutor.execute(TestCaseExecutor.java:285)
	at com.kms.katalon.core.common.CommonExecutor.accessTestCaseMainPhase(CommonExecutor.java:65)
	at com.kms.katalon.core.main.TestSuiteExecutor.accessTestSuiteMainPhase(TestSuiteExecutor.java:151)
	at com.kms.katalon.core.main.TestSuiteExecutor.execute(TestSuiteExecutor.java:106)
	at com.kms.katalon.core.main.TestCaseMain.startTestSuite(TestCaseMain.java:185)
	at com.kms.katalon.core.main.TestCaseMain$startTestSuite$0.call(Unknown Source)
	at TempTestSuite1676253455264.run(TempTestSuite1676253455264.groovy:36)
Caused by: com.kms.katalon.core.webui.exception.WebElementNotFoundException: Web element with id: 'Object Repository/Shopify/span_product' located by '//div[@id='AppFrameNav']/div/nav/div[2]/div[2]/ul/li[3]/div/div/a/span' not found
	at com.kms.katalon.core.webui.common.WebUiCommonHelper.findWebElement(WebUiCommonHelper.java:1370)
	at com.kms.katalon.core.webui.keyword.internal.WebUIAbstractKeyword.findWebElement(WebUIAbstractKeyword.groovy:27)
	at com.kms.katalon.core.webui.keyword.builtin.ClickKeyword$_click_closure1.doCall(ClickKeyword.groovy:65)
	at com.kms.katalon.core.webui.keyword.builtin.ClickKeyword$_click_closure1.call(ClickKeyword.groovy)
	at com.kms.katalon.core.webui.keyword.internal.WebUIKeywordMain.runKeyword(WebUIKeywordMain.groovy:20)
	... 22 more


2023-02-13 14:18:50 - [TEST_STEP][PASSED] - Start listener action : skipStatus: null

2023-02-13 14:18:50 - [TEST_STEP][PASSED] - map = testCaseContext.getTestCaseVariables(): null

2023-02-13 14:18:50 - [TEST_STEP][PASSED] - testcae_status = map.get("testcase_status"): null

2023-02-13 14:18:50 - [TEST_STEP][PASSED] - println(testcae_status): null

2023-02-13 14:18:50 - [TEST_STEP][PASSED] - if (testcae_status == "Passed" || testcae_status == "Failed"): null

2023-02-13 14:18:50 - [TEST_STEP][PASSED] - log = new com.kms.katalon.core.util.KeywordUtil(): null

2023-02-13 14:18:50 - [TEST_STEP][PASSED] - openBrowser(""): Browser is opened with url: ''

2023-02-13 14:18:50 - [MESSAGE][WARNING] - A browser is already opened. Closing browser and opening a new one

2023-02-13 14:18:50 - [MESSAGE][INFO] - Starting 'Chrome' driver

2023-02-13 14:18:50 - [MESSAGE][INFO] - Action delay is set to 0 milliseconds

2023-02-13 14:18:51 - [MESSAGE][PASSED] - Browser is opened with url: ''

2023-02-13 14:18:51 - [TEST_STEP][PASSED] - maximizeWindow(): Current window maximized

2023-02-13 14:18:52 - [MESSAGE][PASSED] - Current window maximized

2023-02-13 14:18:52 - [TEST_STEP][PASSED] - st = new shopify.store(): null

2023-02-13 14:18:52 - [TEST_STEP][PASSED] - st.loginShopifyPartner(partner_email, partner_password, partner_id): Object: 'Object Repository/Shopify/btn_login' is clicked on

2023-02-13 14:18:56 - [MESSAGE][PASSED] - Navigate to 'https://partners.shopify.com/1662018/stores/new' successfully

2023-02-13 14:18:57 - [MESSAGE][PASSED] - Text 'huynh@firegroup.io' is set on object 'Object Repository/Shopify/input_email_shopify'

2023-02-13 14:19:00 - [MESSAGE][PASSED] - Object: 'Object Repository/Shopify/btn_continue_with_email' is clicked on

2023-02-13 14:19:02 - [MESSAGE][PASSED] - Text ****** has been set on object 'Object Repository/Shopify/input_password_shopify'

2023-02-13 14:19:09 - [MESSAGE][PASSED] - Object: 'Object Repository/Shopify/btn_login' is clicked on

2023-02-13 14:19:09 - [TEST_STEP][PASSED] - st.navigateToStoreDevelop(partner_id): Navigate to 'https://partners.shopify.com/1662018/stores/new?store_type=dev_preview_store&developer_preview_handle=checkout_extensibility' successfully

2023-02-13 14:19:10 - [MESSAGE][PASSED] - Navigate to 'https://partners.shopify.com/1662018/stores/new?store_type=dev_preview_store&developer_preview_handle=checkout_extensibility' successfully

2023-02-13 14:19:10 - [TEST_STEP][PASSED] - st.inputStoreName(store_name): Delayed 5 second(s)

2023-02-13 14:19:12 - [MESSAGE][PASSED] - Text 'huynh-ar-stag-2451' is set on object 'Object Repository/Shopify/input_store_name'

2023-02-13 14:19:17 - [MESSAGE][PASSED] - Delayed 5 second(s)

2023-02-13 14:19:17 - [TEST_STEP][PASSED] - shopify.store.clickCreateStore(): shopify.store.clickCreateStore is PASSED

2023-02-13 14:19:17 - [MESSAGE][PASSED] - Object: 'Object Repository/Shopify/btn_create_store' is clicked on

2023-02-13 14:19:37 - [MESSAGE][PASSED] - Delayed 20 second(s)

2023-02-13 14:19:37 - [MESSAGE][PASSED] - shopify.store.clickCreateStore is PASSED

2023-02-13 14:19:37 - [TEST_STEP][FAILED] - shopify.store.importProduct(product_file_local): Unable to click on object 'Object Repository/Shopify/span_product'

2023-02-13 14:20:08 - [MESSAGE][INFO] - Unable to find the element located by 'By.xpath: //div[@id='AppFrameNav']/div/nav/div[2]/div[2]/ul/li[3]/div/div/a/span'. Please recheck the objects properties to make sure the desired element is located. 

2023-02-13 14:20:09 - [MESSAGE][FAILED] - Unable to click on object 'Object Repository/Shopify/span_product' (Root cause: com.kms.katalon.core.exception.StepFailedException: Unable to click on object 'Object Repository/Shopify/span_product'
	at com.kms.katalon.core.webui.keyword.internal.WebUIKeywordMain.stepFailed(WebUIKeywordMain.groovy:64)
	at com.kms.katalon.core.webui.keyword.internal.WebUIKeywordMain.runKeyword(WebUIKeywordMain.groovy:26)
	at com.kms.katalon.core.webui.keyword.builtin.ClickKeyword.click(ClickKeyword.groovy:74)
	at com.kms.katalon.core.webui.keyword.builtin.ClickKeyword.execute(ClickKeyword.groovy:40)
	at com.kms.katalon.core.keyword.internal.KeywordExecutor.executeKeywordForPlatform(KeywordExecutor.groovy:74)
	at com.kms.katalon.core.webui.keyword.WebUiBuiltInKeywords.click(WebUiBuiltInKeywords.groovy:620)
	at com.kms.katalon.core.webui.keyword.WebUiBuiltInKeywords$click$3.call(Unknown Source)
	at shopify.store.importProduct(store.groovy:51)
	at shopify.store.invokeMethod(store.groovy)
	at com.kms.katalon.core.main.CustomKeywordDelegatingMetaClass.invokeStaticMethod(CustomKeywordDelegatingMetaClass.java:55)
	at CreateStore.run(CreateStore:45)
	at com.kms.katalon.core.main.ScriptEngine.run(ScriptEngine.java:194)
	at com.kms.katalon.core.main.ScriptEngine.runScriptAsRawText(ScriptEngine.java:119)
	at com.kms.katalon.core.main.TestCaseExecutor.runScript(TestCaseExecutor.java:448)
	at com.kms.katalon.core.main.TestCaseExecutor.doExecute(TestCaseExecutor.java:439)
	at com.kms.katalon.core.main.TestCaseExecutor.processExecutionPhase(TestCaseExecutor.java:418)
	at com.kms.katalon.core.main.TestCaseExecutor.accessMainPhase(TestCaseExecutor.java:410)
	at com.kms.katalon.core.main.TestCaseExecutor.execute(TestCaseExecutor.java:285)
	at com.kms.katalon.core.common.CommonExecutor.accessTestCaseMainPhase(CommonExecutor.java:65)
	at com.kms.katalon.core.main.TestSuiteExecutor.accessTestSuiteMainPhase(TestSuiteExecutor.java:151)
	at com.kms.katalon.core.main.TestSuiteExecutor.execute(TestSuiteExecutor.java:106)
	at com.kms.katalon.core.main.TestCaseMain.startTestSuite(TestCaseMain.java:185)
	at com.kms.katalon.core.main.TestCaseMain$startTestSuite$0.call(Unknown Source)
	at TempTestSuite1676253455264.run(TempTestSuite1676253455264.groovy:36)
Caused by: com.kms.katalon.core.webui.exception.WebElementNotFoundException: Web element with id: 'Object Repository/Shopify/span_product' located by '//div[@id='AppFrameNav']/div/nav/div[2]/div[2]/ul/li[3]/div/div/a/span' not found
	at com.kms.katalon.core.webui.common.WebUiCommonHelper.findWebElement(WebUiCommonHelper.java:1370)
	at com.kms.katalon.core.webui.keyword.internal.WebUIAbstractKeyword.findWebElement(WebUIAbstractKeyword.groovy:27)
	at com.kms.katalon.core.webui.keyword.builtin.ClickKeyword$_click_closure1.doCall(ClickKeyword.groovy:65)
	at com.kms.katalon.core.webui.keyword.builtin.ClickKeyword$_click_closure1.call(ClickKeyword.groovy)
	at com.kms.katalon.core.webui.keyword.internal.WebUIKeywordMain.runKeyword(WebUIKeywordMain.groovy:20)
	at com.kms.katalon.core.webui.keyword.builtin.ClickKeyword.click(ClickKeyword.groovy:74)
	at com.kms.katalon.core.webui.keyword.builtin.ClickKeyword.execute(ClickKeyword.groovy:40)
	at com.kms.katalon.core.keyword.internal.KeywordExecutor.executeKeywordForPlatform(KeywordExecutor.groovy:74)
	at com.kms.katalon.core.webui.keyword.WebUiBuiltInKeywords.click(WebUiBuiltInKeywords.groovy:620)
	at com.kms.katalon.core.webui.keyword.WebUiBuiltInKeywords$click$3.call(Unknown Source)
	at shopify.store.importProduct(store.groovy:51)
	at shopify.store.invokeMethod(store.groovy)
	at com.kms.katalon.core.main.CustomKeywordDelegatingMetaClass.invokeStaticMethod(CustomKeywordDelegatingMetaClass.java:55)
	at Script1673851860327.run(Script1673851860327.groovy:45)
	... 13 more
)
[[ATTACHMENT|C:\\Users\\huynh\\Documents\\Socialhead\\Automation\\Katalon project\\CreateStore\\CreateStore\\Reports\\20230213_085735\\Store\\Create Store\\20230213_085735\\1676272808933.png]]

2023-02-13 14:20:09 - [MESSAGE][FAILED] - Unable to click on object 'Object Repository/Shopify/span_product'

2023-02-13 14:20:09 - [TEST_STEP][PASSED] - Start tear down : teardownIfFailed: Method 'teardownIfFailed' complete successfully

2023-02-13 14:20:09 - [TEST_STEP][PASSED] - data.excel.updateValueToSheet(file_data, "store", 4, store_name, 7, "Failed"): data.excel.updateValueToSheet is PASSED

2023-02-13 14:20:09 - [MESSAGE][PASSED] - data.excel.updateValueToSheet is PASSED

2023-02-13 14:20:09 - [MESSAGE][PASSED] - Method 'teardownIfFailed' complete successfully]]></system-out>
         <system-err><![CDATA[2023-02-13 14:18:50 - [TEST_CASE][FAILED] - Test Cases/Shopify/CreateStore: Test Cases/Shopify/CreateStore FAILED.
Reason:
com.kms.katalon.core.exception.StepFailedException: Unable to click on object 'Object Repository/Shopify/span_product'
	at com.kms.katalon.core.webui.keyword.internal.WebUIKeywordMain.stepFailed(WebUIKeywordMain.groovy:64)
	at com.kms.katalon.core.webui.keyword.internal.WebUIKeywordMain.runKeyword(WebUIKeywordMain.groovy:26)
	at com.kms.katalon.core.webui.keyword.builtin.ClickKeyword.click(ClickKeyword.groovy:74)
	at com.kms.katalon.core.webui.keyword.builtin.ClickKeyword.execute(ClickKeyword.groovy:40)
	at com.kms.katalon.core.keyword.internal.KeywordExecutor.executeKeywordForPlatform(KeywordExecutor.groovy:74)
	at com.kms.katalon.core.webui.keyword.WebUiBuiltInKeywords.click(WebUiBuiltInKeywords.groovy:620)
	at com.kms.katalon.core.webui.keyword.WebUiBuiltInKeywords$click$3.call(Unknown Source)
	at shopify.store.importProduct(store.groovy:51)
	at shopify.store.invokeMethod(store.groovy)
	at com.kms.katalon.core.main.CustomKeywordDelegatingMetaClass.invokeStaticMethod(CustomKeywordDelegatingMetaClass.java:55)
	at CreateStore.run(CreateStore:45)
	at com.kms.katalon.core.main.ScriptEngine.run(ScriptEngine.java:194)
	at com.kms.katalon.core.main.ScriptEngine.runScriptAsRawText(ScriptEngine.java:119)
	at com.kms.katalon.core.main.TestCaseExecutor.runScript(TestCaseExecutor.java:448)
	at com.kms.katalon.core.main.TestCaseExecutor.doExecute(TestCaseExecutor.java:439)
	at com.kms.katalon.core.main.TestCaseExecutor.processExecutionPhase(TestCaseExecutor.java:418)
	at com.kms.katalon.core.main.TestCaseExecutor.accessMainPhase(TestCaseExecutor.java:410)
	at com.kms.katalon.core.main.TestCaseExecutor.execute(TestCaseExecutor.java:285)
	at com.kms.katalon.core.common.CommonExecutor.accessTestCaseMainPhase(CommonExecutor.java:65)
	at com.kms.katalon.core.main.TestSuiteExecutor.accessTestSuiteMainPhase(TestSuiteExecutor.java:151)
	at com.kms.katalon.core.main.TestSuiteExecutor.execute(TestSuiteExecutor.java:106)
	at com.kms.katalon.core.main.TestCaseMain.startTestSuite(TestCaseMain.java:185)
	at com.kms.katalon.core.main.TestCaseMain$startTestSuite$0.call(Unknown Source)
	at TempTestSuite1676253455264.run(TempTestSuite1676253455264.groovy:36)
Caused by: com.kms.katalon.core.webui.exception.WebElementNotFoundException: Web element with id: 'Object Repository/Shopify/span_product' located by '//div[@id='AppFrameNav']/div/nav/div[2]/div[2]/ul/li[3]/div/div/a/span' not found
	at com.kms.katalon.core.webui.common.WebUiCommonHelper.findWebElement(WebUiCommonHelper.java:1370)
	at com.kms.katalon.core.webui.keyword.internal.WebUIAbstractKeyword.findWebElement(WebUIAbstractKeyword.groovy:27)
	at com.kms.katalon.core.webui.keyword.builtin.ClickKeyword$_click_closure1.doCall(ClickKeyword.groovy:65)
	at com.kms.katalon.core.webui.keyword.builtin.ClickKeyword$_click_closure1.call(ClickKeyword.groovy)
	at com.kms.katalon.core.webui.keyword.internal.WebUIKeywordMain.runKeyword(WebUIKeywordMain.groovy:20)
	... 22 more]]></system-err>
      </testcase>
      <testcase name="Test Cases/Shopify/CreateStore" time="218.648" classname="Test Cases/Shopify/CreateStore" status="PASSED">
         <system-out><![CDATA[2023-02-13 14:20:09 - [TEST_CASE][PASSED] - Test Cases/Shopify/CreateStore: Test Cases/Shopify/CreateStore

2023-02-13 14:20:09 - [TEST_STEP][PASSED] - Start listener action : skipStatus: null

2023-02-13 14:20:09 - [TEST_STEP][PASSED] - map = testCaseContext.getTestCaseVariables(): null

2023-02-13 14:20:09 - [TEST_STEP][PASSED] - testcae_status = map.get("testcase_status"): null

2023-02-13 14:20:09 - [TEST_STEP][PASSED] - println(testcae_status): null

2023-02-13 14:20:09 - [TEST_STEP][PASSED] - if (testcae_status == "Passed" || testcae_status == "Failed"): null

2023-02-13 14:20:09 - [TEST_STEP][PASSED] - log = new com.kms.katalon.core.util.KeywordUtil(): null

2023-02-13 14:20:09 - [TEST_STEP][PASSED] - openBrowser(""): Browser is opened with url: ''

2023-02-13 14:20:09 - [MESSAGE][WARNING] - A browser is already opened. Closing browser and opening a new one

2023-02-13 14:20:09 - [MESSAGE][INFO] - Starting 'Chrome' driver

2023-02-13 14:20:09 - [MESSAGE][INFO] - Action delay is set to 0 milliseconds

2023-02-13 14:20:10 - [MESSAGE][PASSED] - Browser is opened with url: ''

2023-02-13 14:20:10 - [TEST_STEP][PASSED] - maximizeWindow(): Current window maximized

2023-02-13 14:20:10 - [MESSAGE][PASSED] - Current window maximized

2023-02-13 14:20:10 - [TEST_STEP][PASSED] - st = new shopify.store(): null

2023-02-13 14:20:10 - [TEST_STEP][PASSED] - st.loginShopifyPartner(partner_email, partner_password, partner_id): Object: 'Object Repository/Shopify/btn_login' is clicked on

2023-02-13 14:20:15 - [MESSAGE][PASSED] - Navigate to 'https://partners.shopify.com/1662018/stores/new' successfully

2023-02-13 14:20:16 - [MESSAGE][PASSED] - Text 'huynh@firegroup.io' is set on object 'Object Repository/Shopify/input_email_shopify'

2023-02-13 14:20:17 - [MESSAGE][PASSED] - Object: 'Object Repository/Shopify/btn_continue_with_email' is clicked on

2023-02-13 14:20:19 - [MESSAGE][PASSED] - Text ****** has been set on object 'Object Repository/Shopify/input_password_shopify'

2023-02-13 14:20:25 - [MESSAGE][PASSED] - Object: 'Object Repository/Shopify/btn_login' is clicked on

2023-02-13 14:20:25 - [TEST_STEP][PASSED] - st.navigateToStoreDevelop(partner_id): Navigate to 'https://partners.shopify.com/1662018/stores/new?store_type=dev_preview_store&developer_preview_handle=checkout_extensibility' successfully

2023-02-13 14:20:26 - [MESSAGE][PASSED] - Navigate to 'https://partners.shopify.com/1662018/stores/new?store_type=dev_preview_store&developer_preview_handle=checkout_extensibility' successfully

2023-02-13 14:20:26 - [TEST_STEP][PASSED] - st.inputStoreName(store_name): Delayed 5 second(s)

2023-02-13 14:20:28 - [MESSAGE][PASSED] - Text 'huynh-ar-stag-2452' is set on object 'Object Repository/Shopify/input_store_name'

2023-02-13 14:20:33 - [MESSAGE][PASSED] - Delayed 5 second(s)

2023-02-13 14:20:33 - [TEST_STEP][PASSED] - shopify.store.clickCreateStore(): shopify.store.clickCreateStore is PASSED

2023-02-13 14:20:33 - [MESSAGE][PASSED] - Object: 'Object Repository/Shopify/btn_create_store' is clicked on

2023-02-13 14:20:54 - [MESSAGE][PASSED] - Delayed 20 second(s)

2023-02-13 14:20:54 - [MESSAGE][PASSED] - shopify.store.clickCreateStore is PASSED

2023-02-13 14:20:54 - [TEST_STEP][PASSED] - shopify.store.importProduct(product_file_local): shopify.store.importProduct is PASSED

2023-02-13 14:21:03 - [MESSAGE][PASSED] - Object: 'Object Repository/Shopify/span_product' is clicked on

2023-02-13 14:21:05 - [MESSAGE][PASSED] - Object: 'Object Repository/Shopify/span_import_product' is clicked on

2023-02-13 14:21:06 - [MESSAGE][PASSED] - File 'C:\Users\huynh\Documents\Socialhead\Automation\Katalon project\CreateStore\CreateStore\Data\products_export.csv' sent to object: 'Object Repository/Shopify/file_product'

2023-02-13 14:21:06 - [MESSAGE][PASSED] - Object: 'Object Repository/Shopify/span_upload_product_continue' is clicked on

2023-02-13 14:21:09 - [MESSAGE][PASSED] - Object: 'Object Repository/Shopify/btn_product_confirm_import' is clicked on

2023-02-13 14:21:39 - [MESSAGE][PASSED] - Delayed 30 second(s)

2023-02-13 14:21:40 - [MESSAGE][PASSED] - Refresh successfully

2023-02-13 14:21:55 - [MESSAGE][PASSED] - Delayed 15 second(s)

2023-02-13 14:21:55 - [MESSAGE][PASSED] - shopify.store.importProduct is PASSED

2023-02-13 14:21:55 - [TEST_STEP][PASSED] - shopify.store.clickOnMenuOnlineStore(): shopify.store.clickOnMenuOnlineStore is PASSED

2023-02-13 14:21:55 - [MESSAGE][PASSED] - Object: 'Object Repository/Shopify Store/a_onlie_store' is clicked on

2023-02-13 14:22:05 - [MESSAGE][PASSED] - Delayed 10 second(s)

2023-02-13 14:22:05 - [MESSAGE][PASSED] - shopify.store.clickOnMenuOnlineStore is PASSED

2023-02-13 14:22:05 - [TEST_STEP][PASSED] - shopify.store.clickOnImportTheme(): shopify.store.clickOnImportTheme is PASSED

2023-02-13 14:22:06 - [MESSAGE][PASSED] - Object: 'Object Repository/Shopify Store/btn_add_theme' is clicked on

2023-02-13 14:22:06 - [MESSAGE][PASSED] - shopify.store.clickOnImportTheme is PASSED

2023-02-13 14:22:06 - [TEST_STEP][PASSED] - shopify.store.uploadThemeFile(theme_file_local): shopify.store.uploadThemeFile is PASSED

2023-02-13 14:22:06 - [MESSAGE][PASSED] - Object: 'Object Repository/Shopify Store/btn_upload_zip_file' is clicked on

2023-02-13 14:22:07 - [MESSAGE][PASSED] - File 'C:\Users\huynh\Documents\Socialhead\Automation\Katalon project\CreateStore\CreateStore\Data\theme_export__www-rejevgo-com-goodwin__03JUL2020-0640am.zip' sent to object: 'Object Repository/Shopify Store/file_theme'

2023-02-13 14:22:07 - [MESSAGE][PASSED] - Object: 'Object Repository/Shopify Store/btn_upload_theme' is clicked on

2023-02-13 14:22:17 - [MESSAGE][PASSED] - Delayed 10 second(s)

2023-02-13 14:22:17 - [MESSAGE][PASSED] - shopify.store.uploadThemeFile is PASSED

2023-02-13 14:22:17 - [TEST_STEP][PASSED] - shopify.store.clickPublishTheme(): shopify.store.clickPublishTheme is PASSED

2023-02-13 14:22:47 - [MESSAGE][PASSED] - Delayed 30 second(s)

2023-02-13 14:22:47 - [MESSAGE][PASSED] - Refresh successfully

2023-02-13 14:23:17 - [MESSAGE][PASSED] - Delayed 30 second(s)

2023-02-13 14:23:18 - [MESSAGE][PASSED] - Object 'Object Repository/Shopify Store/btn_publish_theme' is clickable

2023-02-13 14:23:18 - [MESSAGE][PASSED] - Object: 'Object Repository/Shopify Store/btn_publish_theme' is clicked on

2023-02-13 14:23:18 - [MESSAGE][PASSED] - shopify.store.clickPublishTheme is PASSED

2023-02-13 14:23:18 - [TEST_STEP][PASSED] - shopify.store.confirmPublishTheme(): shopify.store.confirmPublishTheme is PASSED

2023-02-13 14:23:28 - [MESSAGE][PASSED] - Delayed 10 second(s)

2023-02-13 14:23:28 - [MESSAGE][PASSED] - Object: 'Object Repository/Shopify Store/btn_confirm_publish_theme' is clicked on

2023-02-13 14:23:28 - [MESSAGE][PASSED] - shopify.store.confirmPublishTheme is PASSED

2023-02-13 14:23:28 - [TEST_STEP][PASSED] - shopify.store_setting.changeStoreCurrency(currency, store_name): shopify.store_setting.changeStoreCurrency is PASSED

2023-02-13 14:23:38 - [MESSAGE][PASSED] - Delayed 10 second(s)

2023-02-13 14:23:42 - [MESSAGE][PASSED] - Navigate to 'http://huynh-ar-stag-2452.myshopify.com/admin/settings/general' successfully

2023-02-13 14:23:47 - [MESSAGE][PASSED] - All options with value 'USD' are selected in object 'Object Repository/Shopify Store/select_currency' 

2023-02-13 14:23:47 - [MESSAGE][PASSED] - shopify.store_setting.changeStoreCurrency is PASSED

2023-02-13 14:23:47 - [TEST_STEP][PASSED] - shopify.store_setting.saveStoreSetting(): shopify.store_setting.saveStoreSetting is PASSED

2023-02-13 14:23:47 - [MESSAGE][PASSED] - Object: 'Object Repository/Shopify Store/span_save_admin_setting' is clicked on

2023-02-13 14:23:47 - [MESSAGE][PASSED] - shopify.store_setting.saveStoreSetting is PASSED

2023-02-13 14:23:47 - [TEST_STEP][PASSED] - Start tear down : teardownIfPassed: Method 'teardownIfPassed' complete successfully

2023-02-13 14:23:47 - [TEST_STEP][PASSED] - data.excel.updateValueToSheet(file_data, "store", 4, store_name, 7, "Passed"): data.excel.updateValueToSheet is PASSED

2023-02-13 14:23:47 - [MESSAGE][PASSED] - data.excel.updateValueToSheet is PASSED

2023-02-13 14:23:47 - [MESSAGE][PASSED] - Method 'teardownIfPassed' complete successfully]]></system-out>
         <system-err><![CDATA[]]></system-err>
      </testcase>
      <testcase name="Test Cases/Shopify/CreateStore" time="228.779" classname="Test Cases/Shopify/CreateStore" status="PASSED">
         <system-out><![CDATA[2023-02-13 14:23:47 - [TEST_CASE][PASSED] - Test Cases/Shopify/CreateStore: Test Cases/Shopify/CreateStore

2023-02-13 14:23:47 - [TEST_STEP][PASSED] - Start listener action : skipStatus: null

2023-02-13 14:23:47 - [TEST_STEP][PASSED] - map = testCaseContext.getTestCaseVariables(): null

2023-02-13 14:23:47 - [TEST_STEP][PASSED] - testcae_status = map.get("testcase_status"): null

2023-02-13 14:23:47 - [TEST_STEP][PASSED] - println(testcae_status): null

2023-02-13 14:23:47 - [TEST_STEP][PASSED] - if (testcae_status == "Passed" || testcae_status == "Failed"): null

2023-02-13 14:23:47 - [TEST_STEP][PASSED] - log = new com.kms.katalon.core.util.KeywordUtil(): null

2023-02-13 14:23:47 - [TEST_STEP][PASSED] - openBrowser(""): Browser is opened with url: ''

2023-02-13 14:23:47 - [MESSAGE][WARNING] - A browser is already opened. Closing browser and opening a new one

2023-02-13 14:23:48 - [MESSAGE][INFO] - Starting 'Chrome' driver

2023-02-13 14:23:48 - [MESSAGE][INFO] - Action delay is set to 0 milliseconds

2023-02-13 14:23:49 - [MESSAGE][PASSED] - Browser is opened with url: ''

2023-02-13 14:23:49 - [TEST_STEP][PASSED] - maximizeWindow(): Current window maximized

2023-02-13 14:23:49 - [MESSAGE][PASSED] - Current window maximized

2023-02-13 14:23:49 - [TEST_STEP][PASSED] - st = new shopify.store(): null

2023-02-13 14:23:49 - [TEST_STEP][PASSED] - st.loginShopifyPartner(partner_email, partner_password, partner_id): Object: 'Object Repository/Shopify/btn_login' is clicked on

2023-02-13 14:23:54 - [MESSAGE][PASSED] - Navigate to 'https://partners.shopify.com/1662018/stores/new' successfully

2023-02-13 14:23:55 - [MESSAGE][PASSED] - Text 'huynh@firegroup.io' is set on object 'Object Repository/Shopify/input_email_shopify'

2023-02-13 14:23:59 - [MESSAGE][PASSED] - Object: 'Object Repository/Shopify/btn_continue_with_email' is clicked on

2023-02-13 14:24:01 - [MESSAGE][PASSED] - Text ****** has been set on object 'Object Repository/Shopify/input_password_shopify'

2023-02-13 14:24:07 - [MESSAGE][PASSED] - Object: 'Object Repository/Shopify/btn_login' is clicked on

2023-02-13 14:24:07 - [TEST_STEP][PASSED] - st.navigateToStoreDevelop(partner_id): Navigate to 'https://partners.shopify.com/1662018/stores/new?store_type=dev_preview_store&developer_preview_handle=checkout_extensibility' successfully

2023-02-13 14:24:08 - [MESSAGE][PASSED] - Navigate to 'https://partners.shopify.com/1662018/stores/new?store_type=dev_preview_store&developer_preview_handle=checkout_extensibility' successfully

2023-02-13 14:24:08 - [TEST_STEP][PASSED] - st.inputStoreName(store_name): Delayed 5 second(s)

2023-02-13 14:24:13 - [MESSAGE][PASSED] - Text 'huynh-ar-stag-2453' is set on object 'Object Repository/Shopify/input_store_name'

2023-02-13 14:24:18 - [MESSAGE][PASSED] - Delayed 5 second(s)

2023-02-13 14:24:18 - [TEST_STEP][PASSED] - shopify.store.clickCreateStore(): shopify.store.clickCreateStore is PASSED

2023-02-13 14:24:18 - [MESSAGE][PASSED] - Object: 'Object Repository/Shopify/btn_create_store' is clicked on

2023-02-13 14:24:38 - [MESSAGE][PASSED] - Delayed 20 second(s)

2023-02-13 14:24:38 - [MESSAGE][PASSED] - shopify.store.clickCreateStore is PASSED

2023-02-13 14:24:38 - [TEST_STEP][PASSED] - shopify.store.importProduct(product_file_local): shopify.store.importProduct is PASSED

2023-02-13 14:24:51 - [MESSAGE][PASSED] - Object: 'Object Repository/Shopify/span_product' is clicked on

2023-02-13 14:24:53 - [MESSAGE][PASSED] - Object: 'Object Repository/Shopify/span_import_product' is clicked on

2023-02-13 14:24:54 - [MESSAGE][PASSED] - File 'C:\Users\huynh\Documents\Socialhead\Automation\Katalon project\CreateStore\CreateStore\Data\products_export.csv' sent to object: 'Object Repository/Shopify/file_product'

2023-02-13 14:24:54 - [MESSAGE][PASSED] - Object: 'Object Repository/Shopify/span_upload_product_continue' is clicked on

2023-02-13 14:24:58 - [MESSAGE][PASSED] - Object: 'Object Repository/Shopify/btn_product_confirm_import' is clicked on

2023-02-13 14:25:28 - [MESSAGE][PASSED] - Delayed 30 second(s)

2023-02-13 14:25:28 - [MESSAGE][PASSED] - Refresh successfully

2023-02-13 14:25:43 - [MESSAGE][PASSED] - Delayed 15 second(s)

2023-02-13 14:25:43 - [MESSAGE][PASSED] - shopify.store.importProduct is PASSED

2023-02-13 14:25:43 - [TEST_STEP][PASSED] - shopify.store.clickOnMenuOnlineStore(): shopify.store.clickOnMenuOnlineStore is PASSED

2023-02-13 14:25:44 - [MESSAGE][PASSED] - Object: 'Object Repository/Shopify Store/a_onlie_store' is clicked on

2023-02-13 14:25:54 - [MESSAGE][PASSED] - Delayed 10 second(s)

2023-02-13 14:25:54 - [MESSAGE][PASSED] - shopify.store.clickOnMenuOnlineStore is PASSED

2023-02-13 14:25:54 - [TEST_STEP][PASSED] - shopify.store.clickOnImportTheme(): shopify.store.clickOnImportTheme is PASSED

2023-02-13 14:25:54 - [MESSAGE][PASSED] - Object: 'Object Repository/Shopify Store/btn_add_theme' is clicked on

2023-02-13 14:25:54 - [MESSAGE][PASSED] - shopify.store.clickOnImportTheme is PASSED

2023-02-13 14:25:54 - [TEST_STEP][PASSED] - shopify.store.uploadThemeFile(theme_file_local): shopify.store.uploadThemeFile is PASSED

2023-02-13 14:25:54 - [MESSAGE][PASSED] - Object: 'Object Repository/Shopify Store/btn_upload_zip_file' is clicked on

2023-02-13 14:25:55 - [MESSAGE][PASSED] - File 'C:\Users\huynh\Documents\Socialhead\Automation\Katalon project\CreateStore\CreateStore\Data\theme_export__www-royalty-official-com-fastlane-3-93-active__27JAN2021-0335am.zip' sent to object: 'Object Repository/Shopify Store/file_theme'

2023-02-13 14:25:55 - [MESSAGE][PASSED] - Object: 'Object Repository/Shopify Store/btn_upload_theme' is clicked on

2023-02-13 14:26:05 - [MESSAGE][PASSED] - Delayed 10 second(s)

2023-02-13 14:26:05 - [MESSAGE][PASSED] - shopify.store.uploadThemeFile is PASSED

2023-02-13 14:26:05 - [TEST_STEP][PASSED] - shopify.store.clickPublishTheme(): shopify.store.clickPublishTheme is PASSED

2023-02-13 14:26:35 - [MESSAGE][PASSED] - Delayed 30 second(s)

2023-02-13 14:26:36 - [MESSAGE][PASSED] - Refresh successfully

2023-02-13 14:27:06 - [MESSAGE][PASSED] - Delayed 30 second(s)

2023-02-13 14:27:06 - [MESSAGE][PASSED] - Object 'Object Repository/Shopify Store/btn_publish_theme' is clickable

2023-02-13 14:27:06 - [MESSAGE][PASSED] - Object: 'Object Repository/Shopify Store/btn_publish_theme' is clicked on

2023-02-13 14:27:06 - [MESSAGE][PASSED] - shopify.store.clickPublishTheme is PASSED

2023-02-13 14:27:06 - [TEST_STEP][PASSED] - shopify.store.confirmPublishTheme(): shopify.store.confirmPublishTheme is PASSED

2023-02-13 14:27:16 - [MESSAGE][PASSED] - Delayed 10 second(s)

2023-02-13 14:27:17 - [MESSAGE][PASSED] - Object: 'Object Repository/Shopify Store/btn_confirm_publish_theme' is clicked on

2023-02-13 14:27:17 - [MESSAGE][PASSED] - shopify.store.confirmPublishTheme is PASSED

2023-02-13 14:27:17 - [TEST_STEP][PASSED] - shopify.store_setting.changeStoreCurrency(currency, store_name): shopify.store_setting.changeStoreCurrency is PASSED

2023-02-13 14:27:27 - [MESSAGE][PASSED] - Delayed 10 second(s)

2023-02-13 14:27:31 - [MESSAGE][PASSED] - Navigate to 'http://huynh-ar-stag-2453.myshopify.com/admin/settings/general' successfully

2023-02-13 14:27:36 - [MESSAGE][PASSED] - All options with value 'USD' are selected in object 'Object Repository/Shopify Store/select_currency' 

2023-02-13 14:27:36 - [MESSAGE][PASSED] - shopify.store_setting.changeStoreCurrency is PASSED

2023-02-13 14:27:36 - [TEST_STEP][PASSED] - shopify.store_setting.saveStoreSetting(): shopify.store_setting.saveStoreSetting is PASSED

2023-02-13 14:27:36 - [MESSAGE][PASSED] - Object: 'Object Repository/Shopify Store/span_save_admin_setting' is clicked on

2023-02-13 14:27:36 - [MESSAGE][PASSED] - shopify.store_setting.saveStoreSetting is PASSED

2023-02-13 14:27:36 - [TEST_STEP][PASSED] - Start tear down : teardownIfPassed: Method 'teardownIfPassed' complete successfully

2023-02-13 14:27:36 - [TEST_STEP][PASSED] - data.excel.updateValueToSheet(file_data, "store", 4, store_name, 7, "Passed"): data.excel.updateValueToSheet is PASSED

2023-02-13 14:27:36 - [MESSAGE][PASSED] - data.excel.updateValueToSheet is PASSED

2023-02-13 14:27:36 - [MESSAGE][PASSED] - Method 'teardownIfPassed' complete successfully]]></system-out>
         <system-err><![CDATA[]]></system-err>
      </testcase>
      <testcase name="Test Cases/Shopify/CreateStore" time="232.21" classname="Test Cases/Shopify/CreateStore" status="PASSED">
         <system-out><![CDATA[2023-02-13 14:27:36 - [TEST_CASE][PASSED] - Test Cases/Shopify/CreateStore: Test Cases/Shopify/CreateStore

2023-02-13 14:27:36 - [TEST_STEP][PASSED] - Start listener action : skipStatus: null

2023-02-13 14:27:36 - [TEST_STEP][PASSED] - map = testCaseContext.getTestCaseVariables(): null

2023-02-13 14:27:36 - [TEST_STEP][PASSED] - testcae_status = map.get("testcase_status"): null

2023-02-13 14:27:36 - [TEST_STEP][PASSED] - println(testcae_status): null

2023-02-13 14:27:36 - [TEST_STEP][PASSED] - if (testcae_status == "Passed" || testcae_status == "Failed"): null

2023-02-13 14:27:36 - [TEST_STEP][PASSED] - log = new com.kms.katalon.core.util.KeywordUtil(): null

2023-02-13 14:27:36 - [TEST_STEP][PASSED] - openBrowser(""): Browser is opened with url: ''

2023-02-13 14:27:36 - [MESSAGE][WARNING] - A browser is already opened. Closing browser and opening a new one

2023-02-13 14:27:37 - [MESSAGE][INFO] - Starting 'Chrome' driver

2023-02-13 14:27:37 - [MESSAGE][INFO] - Action delay is set to 0 milliseconds

2023-02-13 14:27:38 - [MESSAGE][PASSED] - Browser is opened with url: ''

2023-02-13 14:27:38 - [TEST_STEP][PASSED] - maximizeWindow(): Current window maximized

2023-02-13 14:27:38 - [MESSAGE][PASSED] - Current window maximized

2023-02-13 14:27:38 - [TEST_STEP][PASSED] - st = new shopify.store(): null

2023-02-13 14:27:38 - [TEST_STEP][PASSED] - st.loginShopifyPartner(partner_email, partner_password, partner_id): Object: 'Object Repository/Shopify/btn_login' is clicked on

2023-02-13 14:27:45 - [MESSAGE][PASSED] - Navigate to 'https://partners.shopify.com/1662018/stores/new' successfully

2023-02-13 14:27:46 - [MESSAGE][PASSED] - Text 'huynh@firegroup.io' is set on object 'Object Repository/Shopify/input_email_shopify'

2023-02-13 14:27:49 - [MESSAGE][PASSED] - Object: 'Object Repository/Shopify/btn_continue_with_email' is clicked on

2023-02-13 14:27:51 - [MESSAGE][PASSED] - Text ****** has been set on object 'Object Repository/Shopify/input_password_shopify'

2023-02-13 14:27:58 - [MESSAGE][PASSED] - Object: 'Object Repository/Shopify/btn_login' is clicked on

2023-02-13 14:27:58 - [TEST_STEP][PASSED] - st.navigateToStoreDevelop(partner_id): Navigate to 'https://partners.shopify.com/1662018/stores/new?store_type=dev_preview_store&developer_preview_handle=checkout_extensibility' successfully

2023-02-13 14:28:00 - [MESSAGE][PASSED] - Navigate to 'https://partners.shopify.com/1662018/stores/new?store_type=dev_preview_store&developer_preview_handle=checkout_extensibility' successfully

2023-02-13 14:28:00 - [TEST_STEP][PASSED] - st.inputStoreName(store_name): Delayed 5 second(s)

2023-02-13 14:28:02 - [MESSAGE][PASSED] - Text 'huynh-ar-stag-2454' is set on object 'Object Repository/Shopify/input_store_name'

2023-02-13 14:28:07 - [MESSAGE][PASSED] - Delayed 5 second(s)

2023-02-13 14:28:07 - [TEST_STEP][PASSED] - shopify.store.clickCreateStore(): shopify.store.clickCreateStore is PASSED

2023-02-13 14:28:07 - [MESSAGE][PASSED] - Object: 'Object Repository/Shopify/btn_create_store' is clicked on

2023-02-13 14:28:27 - [MESSAGE][PASSED] - Delayed 20 second(s)

2023-02-13 14:28:27 - [MESSAGE][PASSED] - shopify.store.clickCreateStore is PASSED

2023-02-13 14:28:27 - [TEST_STEP][PASSED] - shopify.store.importProduct(product_file_local): shopify.store.importProduct is PASSED

2023-02-13 14:28:36 - [MESSAGE][PASSED] - Object: 'Object Repository/Shopify/span_product' is clicked on

2023-02-13 14:28:38 - [MESSAGE][PASSED] - Object: 'Object Repository/Shopify/span_import_product' is clicked on

2023-02-13 14:28:39 - [MESSAGE][PASSED] - File 'C:\Users\huynh\Documents\Socialhead\Automation\Katalon project\CreateStore\CreateStore\Data\products_export.csv' sent to object: 'Object Repository/Shopify/file_product'

2023-02-13 14:28:39 - [MESSAGE][PASSED] - Object: 'Object Repository/Shopify/span_upload_product_continue' is clicked on

2023-02-13 14:28:45 - [MESSAGE][PASSED] - Object: 'Object Repository/Shopify/btn_product_confirm_import' is clicked on

2023-02-13 14:29:15 - [MESSAGE][PASSED] - Delayed 30 second(s)

2023-02-13 14:29:15 - [MESSAGE][PASSED] - Refresh successfully

2023-02-13 14:29:30 - [MESSAGE][PASSED] - Delayed 15 second(s)

2023-02-13 14:29:30 - [MESSAGE][PASSED] - shopify.store.importProduct is PASSED

2023-02-13 14:29:30 - [TEST_STEP][PASSED] - shopify.store.clickOnMenuOnlineStore(): shopify.store.clickOnMenuOnlineStore is PASSED

2023-02-13 14:29:31 - [MESSAGE][PASSED] - Object: 'Object Repository/Shopify Store/a_onlie_store' is clicked on

2023-02-13 14:29:41 - [MESSAGE][PASSED] - Delayed 10 second(s)

2023-02-13 14:29:41 - [MESSAGE][PASSED] - shopify.store.clickOnMenuOnlineStore is PASSED

2023-02-13 14:29:41 - [TEST_STEP][PASSED] - shopify.store.clickOnImportTheme(): shopify.store.clickOnImportTheme is PASSED

2023-02-13 14:29:41 - [MESSAGE][PASSED] - Object: 'Object Repository/Shopify Store/btn_add_theme' is clicked on

2023-02-13 14:29:41 - [MESSAGE][PASSED] - shopify.store.clickOnImportTheme is PASSED

2023-02-13 14:29:41 - [TEST_STEP][PASSED] - shopify.store.uploadThemeFile(theme_file_local): shopify.store.uploadThemeFile is PASSED

2023-02-13 14:29:41 - [MESSAGE][PASSED] - Object: 'Object Repository/Shopify Store/btn_upload_zip_file' is clicked on

2023-02-13 14:29:42 - [MESSAGE][PASSED] - File 'C:\Users\huynh\Documents\Socialhead\Automation\Katalon project\CreateStore\CreateStore\Data\theme_export__www-smartswimtrainer-com-empire-shopify-theme__17JUN2020-0335am.zip' sent to object: 'Object Repository/Shopify Store/file_theme'

2023-02-13 14:29:42 - [MESSAGE][PASSED] - Object: 'Object Repository/Shopify Store/btn_upload_theme' is clicked on

2023-02-13 14:29:52 - [MESSAGE][PASSED] - Delayed 10 second(s)

2023-02-13 14:29:52 - [MESSAGE][PASSED] - shopify.store.uploadThemeFile is PASSED

2023-02-13 14:29:52 - [TEST_STEP][PASSED] - shopify.store.clickPublishTheme(): shopify.store.clickPublishTheme is PASSED

2023-02-13 14:30:22 - [MESSAGE][PASSED] - Delayed 30 second(s)

2023-02-13 14:30:23 - [MESSAGE][PASSED] - Refresh successfully

2023-02-13 14:30:53 - [MESSAGE][PASSED] - Delayed 30 second(s)

2023-02-13 14:30:58 - [MESSAGE][PASSED] - Object 'Object Repository/Shopify Store/btn_publish_theme' is clickable

2023-02-13 14:30:58 - [MESSAGE][PASSED] - Object: 'Object Repository/Shopify Store/btn_publish_theme' is clicked on

2023-02-13 14:30:58 - [MESSAGE][PASSED] - shopify.store.clickPublishTheme is PASSED

2023-02-13 14:30:58 - [TEST_STEP][PASSED] - shopify.store.confirmPublishTheme(): shopify.store.confirmPublishTheme is PASSED

2023-02-13 14:31:08 - [MESSAGE][PASSED] - Delayed 10 second(s)

2023-02-13 14:31:09 - [MESSAGE][PASSED] - Object: 'Object Repository/Shopify Store/btn_confirm_publish_theme' is clicked on

2023-02-13 14:31:09 - [MESSAGE][PASSED] - shopify.store.confirmPublishTheme is PASSED

2023-02-13 14:31:09 - [TEST_STEP][PASSED] - shopify.store_setting.changeStoreCurrency(currency, store_name): shopify.store_setting.changeStoreCurrency is PASSED

2023-02-13 14:31:19 - [MESSAGE][PASSED] - Delayed 10 second(s)

2023-02-13 14:31:22 - [MESSAGE][PASSED] - Navigate to 'http://huynh-ar-stag-2454.myshopify.com/admin/settings/general' successfully

2023-02-13 14:31:28 - [MESSAGE][PASSED] - All options with value 'USD' are selected in object 'Object Repository/Shopify Store/select_currency' 

2023-02-13 14:31:28 - [MESSAGE][PASSED] - shopify.store_setting.changeStoreCurrency is PASSED

2023-02-13 14:31:28 - [TEST_STEP][PASSED] - shopify.store_setting.saveStoreSetting(): shopify.store_setting.saveStoreSetting is PASSED

2023-02-13 14:31:28 - [MESSAGE][PASSED] - Object: 'Object Repository/Shopify Store/span_save_admin_setting' is clicked on

2023-02-13 14:31:28 - [MESSAGE][PASSED] - shopify.store_setting.saveStoreSetting is PASSED

2023-02-13 14:31:28 - [TEST_STEP][PASSED] - Start tear down : teardownIfPassed: Method 'teardownIfPassed' complete successfully

2023-02-13 14:31:28 - [TEST_STEP][PASSED] - data.excel.updateValueToSheet(file_data, "store", 4, store_name, 7, "Passed"): data.excel.updateValueToSheet is PASSED

2023-02-13 14:31:28 - [MESSAGE][PASSED] - data.excel.updateValueToSheet is PASSED

2023-02-13 14:31:28 - [MESSAGE][PASSED] - Method 'teardownIfPassed' complete successfully]]></system-out>
         <system-err><![CDATA[]]></system-err>
      </testcase>
      <testcase name="Test Cases/Shopify/CreateStore" time="229.507" classname="Test Cases/Shopify/CreateStore" status="PASSED">
         <system-out><![CDATA[2023-02-13 14:31:28 - [TEST_CASE][PASSED] - Test Cases/Shopify/CreateStore: Test Cases/Shopify/CreateStore

2023-02-13 14:31:28 - [TEST_STEP][PASSED] - Start listener action : skipStatus: null

2023-02-13 14:31:28 - [TEST_STEP][PASSED] - map = testCaseContext.getTestCaseVariables(): null

2023-02-13 14:31:28 - [TEST_STEP][PASSED] - testcae_status = map.get("testcase_status"): null

2023-02-13 14:31:28 - [TEST_STEP][PASSED] - println(testcae_status): null

2023-02-13 14:31:28 - [TEST_STEP][PASSED] - if (testcae_status == "Passed" || testcae_status == "Failed"): null

2023-02-13 14:31:28 - [TEST_STEP][PASSED] - log = new com.kms.katalon.core.util.KeywordUtil(): null

2023-02-13 14:31:28 - [TEST_STEP][PASSED] - openBrowser(""): Browser is opened with url: ''

2023-02-13 14:31:28 - [MESSAGE][WARNING] - A browser is already opened. Closing browser and opening a new one

2023-02-13 14:31:29 - [MESSAGE][INFO] - Starting 'Chrome' driver

2023-02-13 14:31:29 - [MESSAGE][INFO] - Action delay is set to 0 milliseconds

2023-02-13 14:31:30 - [MESSAGE][PASSED] - Browser is opened with url: ''

2023-02-13 14:31:30 - [TEST_STEP][PASSED] - maximizeWindow(): Current window maximized

2023-02-13 14:31:30 - [MESSAGE][PASSED] - Current window maximized

2023-02-13 14:31:30 - [TEST_STEP][PASSED] - st = new shopify.store(): null

2023-02-13 14:31:30 - [TEST_STEP][PASSED] - st.loginShopifyPartner(partner_email, partner_password, partner_id): Object: 'Object Repository/Shopify/btn_login' is clicked on

2023-02-13 14:31:35 - [MESSAGE][PASSED] - Navigate to 'https://partners.shopify.com/1662018/stores/new' successfully

2023-02-13 14:31:36 - [MESSAGE][PASSED] - Text 'huynh@firegroup.io' is set on object 'Object Repository/Shopify/input_email_shopify'

2023-02-13 14:31:42 - [MESSAGE][PASSED] - Object: 'Object Repository/Shopify/btn_continue_with_email' is clicked on

2023-02-13 14:31:44 - [MESSAGE][PASSED] - Text ****** has been set on object 'Object Repository/Shopify/input_password_shopify'

2023-02-13 14:31:54 - [MESSAGE][PASSED] - Object: 'Object Repository/Shopify/btn_login' is clicked on

2023-02-13 14:31:54 - [TEST_STEP][PASSED] - st.navigateToStoreDevelop(partner_id): Navigate to 'https://partners.shopify.com/1662018/stores/new?store_type=dev_preview_store&developer_preview_handle=checkout_extensibility' successfully

2023-02-13 14:31:56 - [MESSAGE][PASSED] - Navigate to 'https://partners.shopify.com/1662018/stores/new?store_type=dev_preview_store&developer_preview_handle=checkout_extensibility' successfully

2023-02-13 14:31:56 - [TEST_STEP][PASSED] - st.inputStoreName(store_name): Delayed 5 second(s)

2023-02-13 14:31:58 - [MESSAGE][PASSED] - Text 'huynh-ar-stag-2455' is set on object 'Object Repository/Shopify/input_store_name'

2023-02-13 14:32:03 - [MESSAGE][PASSED] - Delayed 5 second(s)

2023-02-13 14:32:03 - [TEST_STEP][PASSED] - shopify.store.clickCreateStore(): shopify.store.clickCreateStore is PASSED

2023-02-13 14:32:03 - [MESSAGE][PASSED] - Object: 'Object Repository/Shopify/btn_create_store' is clicked on

2023-02-13 14:32:23 - [MESSAGE][PASSED] - Delayed 20 second(s)

2023-02-13 14:32:23 - [MESSAGE][PASSED] - shopify.store.clickCreateStore is PASSED

2023-02-13 14:32:23 - [TEST_STEP][PASSED] - shopify.store.importProduct(product_file_local): shopify.store.importProduct is PASSED

2023-02-13 14:32:32 - [MESSAGE][PASSED] - Object: 'Object Repository/Shopify/span_product' is clicked on

2023-02-13 14:32:34 - [MESSAGE][PASSED] - Object: 'Object Repository/Shopify/span_import_product' is clicked on

2023-02-13 14:32:35 - [MESSAGE][PASSED] - File 'C:\Users\huynh\Documents\Socialhead\Automation\Katalon project\CreateStore\CreateStore\Data\products_export.csv' sent to object: 'Object Repository/Shopify/file_product'

2023-02-13 14:32:35 - [MESSAGE][PASSED] - Object: 'Object Repository/Shopify/span_upload_product_continue' is clicked on

2023-02-13 14:32:39 - [MESSAGE][PASSED] - Object: 'Object Repository/Shopify/btn_product_confirm_import' is clicked on

2023-02-13 14:33:09 - [MESSAGE][PASSED] - Delayed 30 second(s)

2023-02-13 14:33:10 - [MESSAGE][PASSED] - Refresh successfully

2023-02-13 14:33:25 - [MESSAGE][PASSED] - Delayed 15 second(s)

2023-02-13 14:33:25 - [MESSAGE][PASSED] - shopify.store.importProduct is PASSED

2023-02-13 14:33:25 - [TEST_STEP][PASSED] - shopify.store.clickOnMenuOnlineStore(): shopify.store.clickOnMenuOnlineStore is PASSED

2023-02-13 14:33:25 - [MESSAGE][PASSED] - Object: 'Object Repository/Shopify Store/a_onlie_store' is clicked on

2023-02-13 14:33:35 - [MESSAGE][PASSED] - Delayed 10 second(s)

2023-02-13 14:33:35 - [MESSAGE][PASSED] - shopify.store.clickOnMenuOnlineStore is PASSED

2023-02-13 14:33:35 - [TEST_STEP][PASSED] - shopify.store.clickOnImportTheme(): shopify.store.clickOnImportTheme is PASSED

2023-02-13 14:33:36 - [MESSAGE][PASSED] - Object: 'Object Repository/Shopify Store/btn_add_theme' is clicked on

2023-02-13 14:33:36 - [MESSAGE][PASSED] - shopify.store.clickOnImportTheme is PASSED

2023-02-13 14:33:36 - [TEST_STEP][PASSED] - shopify.store.uploadThemeFile(theme_file_local): shopify.store.uploadThemeFile is PASSED

2023-02-13 14:33:36 - [MESSAGE][PASSED] - Object: 'Object Repository/Shopify Store/btn_upload_zip_file' is clicked on

2023-02-13 14:33:36 - [MESSAGE][PASSED] - File 'C:\Users\huynh\Documents\Socialhead\Automation\Katalon project\CreateStore\CreateStore\Data\theme_export__www-spiritualriver-shop-brooklyn__30NOV2020-0941am.zip' sent to object: 'Object Repository/Shopify Store/file_theme'

2023-02-13 14:33:37 - [MESSAGE][PASSED] - Object: 'Object Repository/Shopify Store/btn_upload_theme' is clicked on

2023-02-13 14:33:47 - [MESSAGE][PASSED] - Delayed 10 second(s)

2023-02-13 14:33:47 - [MESSAGE][PASSED] - shopify.store.uploadThemeFile is PASSED

2023-02-13 14:33:47 - [TEST_STEP][PASSED] - shopify.store.clickPublishTheme(): shopify.store.clickPublishTheme is PASSED

2023-02-13 14:34:17 - [MESSAGE][PASSED] - Delayed 30 second(s)

2023-02-13 14:34:17 - [MESSAGE][PASSED] - Refresh successfully

2023-02-13 14:34:47 - [MESSAGE][PASSED] - Delayed 30 second(s)

2023-02-13 14:34:48 - [MESSAGE][PASSED] - Object 'Object Repository/Shopify Store/btn_publish_theme' is clickable

2023-02-13 14:34:48 - [MESSAGE][PASSED] - Object: 'Object Repository/Shopify Store/btn_publish_theme' is clicked on

2023-02-13 14:34:48 - [MESSAGE][PASSED] - shopify.store.clickPublishTheme is PASSED

2023-02-13 14:34:48 - [TEST_STEP][PASSED] - shopify.store.confirmPublishTheme(): shopify.store.confirmPublishTheme is PASSED

2023-02-13 14:34:58 - [MESSAGE][PASSED] - Delayed 10 second(s)

2023-02-13 14:34:58 - [MESSAGE][PASSED] - Object: 'Object Repository/Shopify Store/btn_confirm_publish_theme' is clicked on

2023-02-13 14:34:58 - [MESSAGE][PASSED] - shopify.store.confirmPublishTheme is PASSED

2023-02-13 14:34:58 - [TEST_STEP][PASSED] - shopify.store_setting.changeStoreCurrency(currency, store_name): shopify.store_setting.changeStoreCurrency is PASSED

2023-02-13 14:35:08 - [MESSAGE][PASSED] - Delayed 10 second(s)

2023-02-13 14:35:09 - [MESSAGE][PASSED] - Navigate to 'http://huynh-ar-stag-2455.myshopify.com/admin/settings/general' successfully

2023-02-13 14:35:17 - [MESSAGE][PASSED] - All options with value 'USD' are selected in object 'Object Repository/Shopify Store/select_currency' 

2023-02-13 14:35:17 - [MESSAGE][PASSED] - shopify.store_setting.changeStoreCurrency is PASSED

2023-02-13 14:35:17 - [TEST_STEP][PASSED] - shopify.store_setting.saveStoreSetting(): shopify.store_setting.saveStoreSetting is PASSED

2023-02-13 14:35:18 - [MESSAGE][PASSED] - Object: 'Object Repository/Shopify Store/span_save_admin_setting' is clicked on

2023-02-13 14:35:18 - [MESSAGE][PASSED] - shopify.store_setting.saveStoreSetting is PASSED

2023-02-13 14:35:18 - [TEST_STEP][PASSED] - Start tear down : teardownIfPassed: Method 'teardownIfPassed' complete successfully

2023-02-13 14:35:18 - [TEST_STEP][PASSED] - data.excel.updateValueToSheet(file_data, "store", 4, store_name, 7, "Passed"): data.excel.updateValueToSheet is PASSED

2023-02-13 14:35:18 - [MESSAGE][PASSED] - data.excel.updateValueToSheet is PASSED

2023-02-13 14:35:18 - [MESSAGE][PASSED] - Method 'teardownIfPassed' complete successfully]]></system-out>
         <system-err><![CDATA[]]></system-err>
      </testcase>
      <testcase name="Test Cases/Shopify/CreateStore" time="219.198" classname="Test Cases/Shopify/CreateStore" status="PASSED">
         <system-out><![CDATA[2023-02-13 14:35:18 - [TEST_CASE][PASSED] - Test Cases/Shopify/CreateStore: Test Cases/Shopify/CreateStore

2023-02-13 14:35:18 - [TEST_STEP][PASSED] - Start listener action : skipStatus: null

2023-02-13 14:35:18 - [TEST_STEP][PASSED] - map = testCaseContext.getTestCaseVariables(): null

2023-02-13 14:35:18 - [TEST_STEP][PASSED] - testcae_status = map.get("testcase_status"): null

2023-02-13 14:35:18 - [TEST_STEP][PASSED] - println(testcae_status): null

2023-02-13 14:35:18 - [TEST_STEP][PASSED] - if (testcae_status == "Passed" || testcae_status == "Failed"): null

2023-02-13 14:35:18 - [TEST_STEP][PASSED] - log = new com.kms.katalon.core.util.KeywordUtil(): null

2023-02-13 14:35:18 - [TEST_STEP][PASSED] - openBrowser(""): Browser is opened with url: ''

2023-02-13 14:35:18 - [MESSAGE][WARNING] - A browser is already opened. Closing browser and opening a new one

2023-02-13 14:35:19 - [MESSAGE][INFO] - Starting 'Chrome' driver

2023-02-13 14:35:19 - [MESSAGE][INFO] - Action delay is set to 0 milliseconds

2023-02-13 14:35:20 - [MESSAGE][PASSED] - Browser is opened with url: ''

2023-02-13 14:35:20 - [TEST_STEP][PASSED] - maximizeWindow(): Current window maximized

2023-02-13 14:35:20 - [MESSAGE][PASSED] - Current window maximized

2023-02-13 14:35:20 - [TEST_STEP][PASSED] - st = new shopify.store(): null

2023-02-13 14:35:20 - [TEST_STEP][PASSED] - st.loginShopifyPartner(partner_email, partner_password, partner_id): Object: 'Object Repository/Shopify/btn_login' is clicked on

2023-02-13 14:35:24 - [MESSAGE][PASSED] - Navigate to 'https://partners.shopify.com/1662018/stores/new' successfully

2023-02-13 14:35:24 - [MESSAGE][PASSED] - Text 'huynh@firegroup.io' is set on object 'Object Repository/Shopify/input_email_shopify'

2023-02-13 14:35:26 - [MESSAGE][PASSED] - Object: 'Object Repository/Shopify/btn_continue_with_email' is clicked on

2023-02-13 14:35:28 - [MESSAGE][PASSED] - Text ****** has been set on object 'Object Repository/Shopify/input_password_shopify'

2023-02-13 14:35:34 - [MESSAGE][PASSED] - Object: 'Object Repository/Shopify/btn_login' is clicked on

2023-02-13 14:35:34 - [TEST_STEP][PASSED] - st.navigateToStoreDevelop(partner_id): Navigate to 'https://partners.shopify.com/1662018/stores/new?store_type=dev_preview_store&developer_preview_handle=checkout_extensibility' successfully

2023-02-13 14:35:35 - [MESSAGE][PASSED] - Navigate to 'https://partners.shopify.com/1662018/stores/new?store_type=dev_preview_store&developer_preview_handle=checkout_extensibility' successfully

2023-02-13 14:35:35 - [TEST_STEP][PASSED] - st.inputStoreName(store_name): Delayed 5 second(s)

2023-02-13 14:35:36 - [MESSAGE][PASSED] - Text 'huynh-ar-stag-2456' is set on object 'Object Repository/Shopify/input_store_name'

2023-02-13 14:35:42 - [MESSAGE][PASSED] - Delayed 5 second(s)

2023-02-13 14:35:42 - [TEST_STEP][PASSED] - shopify.store.clickCreateStore(): shopify.store.clickCreateStore is PASSED

2023-02-13 14:35:42 - [MESSAGE][PASSED] - Object: 'Object Repository/Shopify/btn_create_store' is clicked on

2023-02-13 14:36:02 - [MESSAGE][PASSED] - Delayed 20 second(s)

2023-02-13 14:36:02 - [MESSAGE][PASSED] - shopify.store.clickCreateStore is PASSED

2023-02-13 14:36:02 - [TEST_STEP][PASSED] - shopify.store.importProduct(product_file_local): shopify.store.importProduct is PASSED

2023-02-13 14:36:14 - [MESSAGE][PASSED] - Object: 'Object Repository/Shopify/span_product' is clicked on

2023-02-13 14:36:15 - [MESSAGE][PASSED] - Object: 'Object Repository/Shopify/span_import_product' is clicked on

2023-02-13 14:36:16 - [MESSAGE][PASSED] - File 'C:\Users\huynh\Documents\Socialhead\Automation\Katalon project\CreateStore\CreateStore\Data\products_export.csv' sent to object: 'Object Repository/Shopify/file_product'

2023-02-13 14:36:16 - [MESSAGE][PASSED] - Object: 'Object Repository/Shopify/span_upload_product_continue' is clicked on

2023-02-13 14:36:20 - [MESSAGE][PASSED] - Object: 'Object Repository/Shopify/btn_product_confirm_import' is clicked on

2023-02-13 14:36:50 - [MESSAGE][PASSED] - Delayed 30 second(s)

2023-02-13 14:36:51 - [MESSAGE][PASSED] - Refresh successfully

2023-02-13 14:37:06 - [MESSAGE][PASSED] - Delayed 15 second(s)

2023-02-13 14:37:06 - [MESSAGE][PASSED] - shopify.store.importProduct is PASSED

2023-02-13 14:37:06 - [TEST_STEP][PASSED] - shopify.store.clickOnMenuOnlineStore(): shopify.store.clickOnMenuOnlineStore is PASSED

2023-02-13 14:37:06 - [MESSAGE][PASSED] - Object: 'Object Repository/Shopify Store/a_onlie_store' is clicked on

2023-02-13 14:37:16 - [MESSAGE][PASSED] - Delayed 10 second(s)

2023-02-13 14:37:16 - [MESSAGE][PASSED] - shopify.store.clickOnMenuOnlineStore is PASSED

2023-02-13 14:37:16 - [TEST_STEP][PASSED] - shopify.store.clickOnImportTheme(): shopify.store.clickOnImportTheme is PASSED

2023-02-13 14:37:16 - [MESSAGE][PASSED] - Object: 'Object Repository/Shopify Store/btn_add_theme' is clicked on

2023-02-13 14:37:16 - [MESSAGE][PASSED] - shopify.store.clickOnImportTheme is PASSED

2023-02-13 14:37:16 - [TEST_STEP][PASSED] - shopify.store.uploadThemeFile(theme_file_local): shopify.store.uploadThemeFile is PASSED

2023-02-13 14:37:17 - [MESSAGE][PASSED] - Object: 'Object Repository/Shopify Store/btn_upload_zip_file' is clicked on

2023-02-13 14:37:17 - [MESSAGE][PASSED] - File 'C:\Users\huynh\Documents\Socialhead\Automation\Katalon project\CreateStore\CreateStore\Data\theme_export__www-stevvex-com-empire__07MAY2020-1021am.zip' sent to object: 'Object Repository/Shopify Store/file_theme'

2023-02-13 14:37:17 - [MESSAGE][PASSED] - Object: 'Object Repository/Shopify Store/btn_upload_theme' is clicked on

2023-02-13 14:37:27 - [MESSAGE][PASSED] - Delayed 10 second(s)

2023-02-13 14:37:27 - [MESSAGE][PASSED] - shopify.store.uploadThemeFile is PASSED

2023-02-13 14:37:27 - [TEST_STEP][PASSED] - shopify.store.clickPublishTheme(): shopify.store.clickPublishTheme is PASSED

2023-02-13 14:37:57 - [MESSAGE][PASSED] - Delayed 30 second(s)

2023-02-13 14:37:58 - [MESSAGE][PASSED] - Refresh successfully

2023-02-13 14:38:28 - [MESSAGE][PASSED] - Delayed 30 second(s)

2023-02-13 14:38:28 - [MESSAGE][PASSED] - Object 'Object Repository/Shopify Store/btn_publish_theme' is clickable

2023-02-13 14:38:29 - [MESSAGE][PASSED] - Object: 'Object Repository/Shopify Store/btn_publish_theme' is clicked on

2023-02-13 14:38:29 - [MESSAGE][PASSED] - shopify.store.clickPublishTheme is PASSED

2023-02-13 14:38:29 - [TEST_STEP][PASSED] - shopify.store.confirmPublishTheme(): shopify.store.confirmPublishTheme is PASSED

2023-02-13 14:38:39 - [MESSAGE][PASSED] - Delayed 10 second(s)

2023-02-13 14:38:39 - [MESSAGE][PASSED] - Object: 'Object Repository/Shopify Store/btn_confirm_publish_theme' is clicked on

2023-02-13 14:38:39 - [MESSAGE][PASSED] - shopify.store.confirmPublishTheme is PASSED

2023-02-13 14:38:39 - [TEST_STEP][PASSED] - shopify.store_setting.changeStoreCurrency(currency, store_name): shopify.store_setting.changeStoreCurrency is PASSED

2023-02-13 14:38:49 - [MESSAGE][PASSED] - Delayed 10 second(s)

2023-02-13 14:38:52 - [MESSAGE][PASSED] - Navigate to 'http://huynh-ar-stag-2456.myshopify.com/admin/settings/general' successfully

2023-02-13 14:38:57 - [MESSAGE][PASSED] - All options with value 'USD' are selected in object 'Object Repository/Shopify Store/select_currency' 

2023-02-13 14:38:57 - [MESSAGE][PASSED] - shopify.store_setting.changeStoreCurrency is PASSED

2023-02-13 14:38:57 - [TEST_STEP][PASSED] - shopify.store_setting.saveStoreSetting(): shopify.store_setting.saveStoreSetting is PASSED

2023-02-13 14:38:57 - [MESSAGE][PASSED] - Object: 'Object Repository/Shopify Store/span_save_admin_setting' is clicked on

2023-02-13 14:38:57 - [MESSAGE][PASSED] - shopify.store_setting.saveStoreSetting is PASSED

2023-02-13 14:38:57 - [TEST_STEP][PASSED] - Start tear down : teardownIfPassed: Method 'teardownIfPassed' complete successfully

2023-02-13 14:38:57 - [TEST_STEP][PASSED] - data.excel.updateValueToSheet(file_data, "store", 4, store_name, 7, "Passed"): data.excel.updateValueToSheet is PASSED

2023-02-13 14:38:57 - [MESSAGE][PASSED] - data.excel.updateValueToSheet is PASSED

2023-02-13 14:38:57 - [MESSAGE][PASSED] - Method 'teardownIfPassed' complete successfully]]></system-out>
         <system-err><![CDATA[]]></system-err>
      </testcase>
      <testcase name="Test Cases/Shopify/CreateStore" time="222.92" classname="Test Cases/Shopify/CreateStore" status="PASSED">
         <system-out><![CDATA[2023-02-13 14:38:57 - [TEST_CASE][PASSED] - Test Cases/Shopify/CreateStore: Test Cases/Shopify/CreateStore

2023-02-13 14:38:57 - [TEST_STEP][PASSED] - Start listener action : skipStatus: null

2023-02-13 14:38:57 - [TEST_STEP][PASSED] - map = testCaseContext.getTestCaseVariables(): null

2023-02-13 14:38:57 - [TEST_STEP][PASSED] - testcae_status = map.get("testcase_status"): null

2023-02-13 14:38:57 - [TEST_STEP][PASSED] - println(testcae_status): null

2023-02-13 14:38:57 - [TEST_STEP][PASSED] - if (testcae_status == "Passed" || testcae_status == "Failed"): null

2023-02-13 14:38:57 - [TEST_STEP][PASSED] - log = new com.kms.katalon.core.util.KeywordUtil(): null

2023-02-13 14:38:57 - [TEST_STEP][PASSED] - openBrowser(""): Browser is opened with url: ''

2023-02-13 14:38:57 - [MESSAGE][WARNING] - A browser is already opened. Closing browser and opening a new one

2023-02-13 14:38:58 - [MESSAGE][INFO] - Starting 'Chrome' driver

2023-02-13 14:38:58 - [MESSAGE][INFO] - Action delay is set to 0 milliseconds

2023-02-13 14:38:59 - [MESSAGE][PASSED] - Browser is opened with url: ''

2023-02-13 14:38:59 - [TEST_STEP][PASSED] - maximizeWindow(): Current window maximized

2023-02-13 14:38:59 - [MESSAGE][PASSED] - Current window maximized

2023-02-13 14:38:59 - [TEST_STEP][PASSED] - st = new shopify.store(): null

2023-02-13 14:38:59 - [TEST_STEP][PASSED] - st.loginShopifyPartner(partner_email, partner_password, partner_id): Object: 'Object Repository/Shopify/btn_login' is clicked on

2023-02-13 14:39:04 - [MESSAGE][PASSED] - Navigate to 'https://partners.shopify.com/1662018/stores/new' successfully

2023-02-13 14:39:05 - [MESSAGE][PASSED] - Text 'huynh@firegroup.io' is set on object 'Object Repository/Shopify/input_email_shopify'

2023-02-13 14:39:06 - [MESSAGE][PASSED] - Object: 'Object Repository/Shopify/btn_continue_with_email' is clicked on

2023-02-13 14:39:08 - [MESSAGE][PASSED] - Text ****** has been set on object 'Object Repository/Shopify/input_password_shopify'

2023-02-13 14:39:14 - [MESSAGE][PASSED] - Object: 'Object Repository/Shopify/btn_login' is clicked on

2023-02-13 14:39:14 - [TEST_STEP][PASSED] - st.navigateToStoreDevelop(partner_id): Navigate to 'https://partners.shopify.com/1662018/stores/new?store_type=dev_preview_store&developer_preview_handle=checkout_extensibility' successfully

2023-02-13 14:39:15 - [MESSAGE][PASSED] - Navigate to 'https://partners.shopify.com/1662018/stores/new?store_type=dev_preview_store&developer_preview_handle=checkout_extensibility' successfully

2023-02-13 14:39:15 - [TEST_STEP][PASSED] - st.inputStoreName(store_name): Delayed 5 second(s)

2023-02-13 14:39:18 - [MESSAGE][PASSED] - Text 'huynh-ar-stag-2457' is set on object 'Object Repository/Shopify/input_store_name'

2023-02-13 14:39:23 - [MESSAGE][PASSED] - Delayed 5 second(s)

2023-02-13 14:39:23 - [TEST_STEP][PASSED] - shopify.store.clickCreateStore(): shopify.store.clickCreateStore is PASSED

2023-02-13 14:39:23 - [MESSAGE][PASSED] - Object: 'Object Repository/Shopify/btn_create_store' is clicked on

2023-02-13 14:39:43 - [MESSAGE][PASSED] - Delayed 20 second(s)

2023-02-13 14:39:43 - [MESSAGE][PASSED] - shopify.store.clickCreateStore is PASSED

2023-02-13 14:39:43 - [TEST_STEP][PASSED] - shopify.store.importProduct(product_file_local): shopify.store.importProduct is PASSED

2023-02-13 14:39:56 - [MESSAGE][PASSED] - Object: 'Object Repository/Shopify/span_product' is clicked on

2023-02-13 14:39:58 - [MESSAGE][PASSED] - Object: 'Object Repository/Shopify/span_import_product' is clicked on

2023-02-13 14:39:58 - [MESSAGE][PASSED] - File 'C:\Users\huynh\Documents\Socialhead\Automation\Katalon project\CreateStore\CreateStore\Data\products_export.csv' sent to object: 'Object Repository/Shopify/file_product'

2023-02-13 14:39:59 - [MESSAGE][PASSED] - Object: 'Object Repository/Shopify/span_upload_product_continue' is clicked on

2023-02-13 14:40:02 - [MESSAGE][PASSED] - Object: 'Object Repository/Shopify/btn_product_confirm_import' is clicked on

2023-02-13 14:40:32 - [MESSAGE][PASSED] - Delayed 30 second(s)

2023-02-13 14:40:33 - [MESSAGE][PASSED] - Refresh successfully

2023-02-13 14:40:48 - [MESSAGE][PASSED] - Delayed 15 second(s)

2023-02-13 14:40:48 - [MESSAGE][PASSED] - shopify.store.importProduct is PASSED

2023-02-13 14:40:48 - [TEST_STEP][PASSED] - shopify.store.clickOnMenuOnlineStore(): shopify.store.clickOnMenuOnlineStore is PASSED

2023-02-13 14:40:48 - [MESSAGE][PASSED] - Object: 'Object Repository/Shopify Store/a_onlie_store' is clicked on

2023-02-13 14:40:58 - [MESSAGE][PASSED] - Delayed 10 second(s)

2023-02-13 14:40:58 - [MESSAGE][PASSED] - shopify.store.clickOnMenuOnlineStore is PASSED

2023-02-13 14:40:58 - [TEST_STEP][PASSED] - shopify.store.clickOnImportTheme(): shopify.store.clickOnImportTheme is PASSED

2023-02-13 14:40:59 - [MESSAGE][PASSED] - Object: 'Object Repository/Shopify Store/btn_add_theme' is clicked on

2023-02-13 14:40:59 - [MESSAGE][PASSED] - shopify.store.clickOnImportTheme is PASSED

2023-02-13 14:40:59 - [TEST_STEP][PASSED] - shopify.store.uploadThemeFile(theme_file_local): shopify.store.uploadThemeFile is PASSED

2023-02-13 14:40:59 - [MESSAGE][PASSED] - Object: 'Object Repository/Shopify Store/btn_upload_zip_file' is clicked on

2023-02-13 14:41:00 - [MESSAGE][PASSED] - File 'C:\Users\huynh\Documents\Socialhead\Automation\Katalon project\CreateStore\CreateStore\Data\theme_export__www-suenoy-com-fastlane-2-81-actived__09MAR2021-0318pm.zip' sent to object: 'Object Repository/Shopify Store/file_theme'

2023-02-13 14:41:00 - [MESSAGE][PASSED] - Object: 'Object Repository/Shopify Store/btn_upload_theme' is clicked on

2023-02-13 14:41:10 - [MESSAGE][PASSED] - Delayed 10 second(s)

2023-02-13 14:41:10 - [MESSAGE][PASSED] - shopify.store.uploadThemeFile is PASSED

2023-02-13 14:41:10 - [TEST_STEP][PASSED] - shopify.store.clickPublishTheme(): shopify.store.clickPublishTheme is PASSED

2023-02-13 14:41:40 - [MESSAGE][PASSED] - Delayed 30 second(s)

2023-02-13 14:41:40 - [MESSAGE][PASSED] - Refresh successfully

2023-02-13 14:42:10 - [MESSAGE][PASSED] - Delayed 30 second(s)

2023-02-13 14:42:11 - [MESSAGE][PASSED] - Object 'Object Repository/Shopify Store/btn_publish_theme' is clickable

2023-02-13 14:42:11 - [MESSAGE][PASSED] - Object: 'Object Repository/Shopify Store/btn_publish_theme' is clicked on

2023-02-13 14:42:11 - [MESSAGE][PASSED] - shopify.store.clickPublishTheme is PASSED

2023-02-13 14:42:11 - [TEST_STEP][PASSED] - shopify.store.confirmPublishTheme(): shopify.store.confirmPublishTheme is PASSED

2023-02-13 14:42:21 - [MESSAGE][PASSED] - Delayed 10 second(s)

2023-02-13 14:42:21 - [MESSAGE][PASSED] - Object: 'Object Repository/Shopify Store/btn_confirm_publish_theme' is clicked on

2023-02-13 14:42:21 - [MESSAGE][PASSED] - shopify.store.confirmPublishTheme is PASSED

2023-02-13 14:42:21 - [TEST_STEP][PASSED] - shopify.store_setting.changeStoreCurrency(currency, store_name): shopify.store_setting.changeStoreCurrency is PASSED

2023-02-13 14:42:31 - [MESSAGE][PASSED] - Delayed 10 second(s)

2023-02-13 14:42:35 - [MESSAGE][PASSED] - Navigate to 'http://huynh-ar-stag-2457.myshopify.com/admin/settings/general' successfully

2023-02-13 14:42:40 - [MESSAGE][PASSED] - All options with value 'USD' are selected in object 'Object Repository/Shopify Store/select_currency' 

2023-02-13 14:42:40 - [MESSAGE][PASSED] - shopify.store_setting.changeStoreCurrency is PASSED

2023-02-13 14:42:40 - [TEST_STEP][PASSED] - shopify.store_setting.saveStoreSetting(): shopify.store_setting.saveStoreSetting is PASSED

2023-02-13 14:42:40 - [MESSAGE][PASSED] - Object: 'Object Repository/Shopify Store/span_save_admin_setting' is clicked on

2023-02-13 14:42:40 - [MESSAGE][PASSED] - shopify.store_setting.saveStoreSetting is PASSED

2023-02-13 14:42:40 - [TEST_STEP][PASSED] - Start tear down : teardownIfPassed: Method 'teardownIfPassed' complete successfully

2023-02-13 14:42:40 - [TEST_STEP][PASSED] - data.excel.updateValueToSheet(file_data, "store", 4, store_name, 7, "Passed"): data.excel.updateValueToSheet is PASSED

2023-02-13 14:42:40 - [MESSAGE][PASSED] - data.excel.updateValueToSheet is PASSED

2023-02-13 14:42:40 - [MESSAGE][PASSED] - Method 'teardownIfPassed' complete successfully]]></system-out>
         <system-err><![CDATA[]]></system-err>
      </testcase>
      <testcase name="Test Cases/Shopify/CreateStore" time="230.762" classname="Test Cases/Shopify/CreateStore" status="PASSED">
         <system-out><![CDATA[2023-02-13 14:42:40 - [TEST_CASE][PASSED] - Test Cases/Shopify/CreateStore: Test Cases/Shopify/CreateStore

2023-02-13 14:42:40 - [TEST_STEP][PASSED] - Start listener action : skipStatus: null

2023-02-13 14:42:40 - [TEST_STEP][PASSED] - map = testCaseContext.getTestCaseVariables(): null

2023-02-13 14:42:40 - [TEST_STEP][PASSED] - testcae_status = map.get("testcase_status"): null

2023-02-13 14:42:40 - [TEST_STEP][PASSED] - println(testcae_status): null

2023-02-13 14:42:40 - [TEST_STEP][PASSED] - if (testcae_status == "Passed" || testcae_status == "Failed"): null

2023-02-13 14:42:40 - [TEST_STEP][PASSED] - log = new com.kms.katalon.core.util.KeywordUtil(): null

2023-02-13 14:42:40 - [TEST_STEP][PASSED] - openBrowser(""): Browser is opened with url: ''

2023-02-13 14:42:40 - [MESSAGE][WARNING] - A browser is already opened. Closing browser and opening a new one

2023-02-13 14:42:41 - [MESSAGE][INFO] - Starting 'Chrome' driver

2023-02-13 14:42:41 - [MESSAGE][INFO] - Action delay is set to 0 milliseconds

2023-02-13 14:42:42 - [MESSAGE][PASSED] - Browser is opened with url: ''

2023-02-13 14:42:42 - [TEST_STEP][PASSED] - maximizeWindow(): Current window maximized

2023-02-13 14:42:42 - [MESSAGE][PASSED] - Current window maximized

2023-02-13 14:42:42 - [TEST_STEP][PASSED] - st = new shopify.store(): null

2023-02-13 14:42:42 - [TEST_STEP][PASSED] - st.loginShopifyPartner(partner_email, partner_password, partner_id): Object: 'Object Repository/Shopify/btn_login' is clicked on

2023-02-13 14:42:47 - [MESSAGE][PASSED] - Navigate to 'https://partners.shopify.com/1662018/stores/new' successfully

2023-02-13 14:42:48 - [MESSAGE][PASSED] - Text 'huynh@firegroup.io' is set on object 'Object Repository/Shopify/input_email_shopify'

2023-02-13 14:42:50 - [MESSAGE][PASSED] - Object: 'Object Repository/Shopify/btn_continue_with_email' is clicked on

2023-02-13 14:42:52 - [MESSAGE][PASSED] - Text ****** has been set on object 'Object Repository/Shopify/input_password_shopify'

2023-02-13 14:42:59 - [MESSAGE][PASSED] - Object: 'Object Repository/Shopify/btn_login' is clicked on

2023-02-13 14:42:59 - [TEST_STEP][PASSED] - st.navigateToStoreDevelop(partner_id): Navigate to 'https://partners.shopify.com/1662018/stores/new?store_type=dev_preview_store&developer_preview_handle=checkout_extensibility' successfully

2023-02-13 14:43:01 - [MESSAGE][PASSED] - Navigate to 'https://partners.shopify.com/1662018/stores/new?store_type=dev_preview_store&developer_preview_handle=checkout_extensibility' successfully

2023-02-13 14:43:01 - [TEST_STEP][PASSED] - st.inputStoreName(store_name): Delayed 5 second(s)

2023-02-13 14:43:03 - [MESSAGE][PASSED] - Text 'huynh-ar-stag-2458' is set on object 'Object Repository/Shopify/input_store_name'

2023-02-13 14:43:08 - [MESSAGE][PASSED] - Delayed 5 second(s)

2023-02-13 14:43:08 - [TEST_STEP][PASSED] - shopify.store.clickCreateStore(): shopify.store.clickCreateStore is PASSED

2023-02-13 14:43:08 - [MESSAGE][PASSED] - Object: 'Object Repository/Shopify/btn_create_store' is clicked on

2023-02-13 14:43:28 - [MESSAGE][PASSED] - Delayed 20 second(s)

2023-02-13 14:43:28 - [MESSAGE][PASSED] - shopify.store.clickCreateStore is PASSED

2023-02-13 14:43:28 - [TEST_STEP][PASSED] - shopify.store.importProduct(product_file_local): shopify.store.importProduct is PASSED

2023-02-13 14:43:47 - [MESSAGE][PASSED] - Object: 'Object Repository/Shopify/span_product' is clicked on

2023-02-13 14:43:48 - [MESSAGE][PASSED] - Object: 'Object Repository/Shopify/span_import_product' is clicked on

2023-02-13 14:43:49 - [MESSAGE][PASSED] - File 'C:\Users\huynh\Documents\Socialhead\Automation\Katalon project\CreateStore\CreateStore\Data\products_export.csv' sent to object: 'Object Repository/Shopify/file_product'

2023-02-13 14:43:50 - [MESSAGE][PASSED] - Object: 'Object Repository/Shopify/span_upload_product_continue' is clicked on

2023-02-13 14:43:53 - [MESSAGE][PASSED] - Object: 'Object Repository/Shopify/btn_product_confirm_import' is clicked on

2023-02-13 14:44:23 - [MESSAGE][PASSED] - Delayed 30 second(s)

2023-02-13 14:44:23 - [MESSAGE][PASSED] - Refresh successfully

2023-02-13 14:44:38 - [MESSAGE][PASSED] - Delayed 15 second(s)

2023-02-13 14:44:38 - [MESSAGE][PASSED] - shopify.store.importProduct is PASSED

2023-02-13 14:44:38 - [TEST_STEP][PASSED] - shopify.store.clickOnMenuOnlineStore(): shopify.store.clickOnMenuOnlineStore is PASSED

2023-02-13 14:44:39 - [MESSAGE][PASSED] - Object: 'Object Repository/Shopify Store/a_onlie_store' is clicked on

2023-02-13 14:44:49 - [MESSAGE][PASSED] - Delayed 10 second(s)

2023-02-13 14:44:49 - [MESSAGE][PASSED] - shopify.store.clickOnMenuOnlineStore is PASSED

2023-02-13 14:44:49 - [TEST_STEP][PASSED] - shopify.store.clickOnImportTheme(): shopify.store.clickOnImportTheme is PASSED

2023-02-13 14:44:49 - [MESSAGE][PASSED] - Object: 'Object Repository/Shopify Store/btn_add_theme' is clicked on

2023-02-13 14:44:49 - [MESSAGE][PASSED] - shopify.store.clickOnImportTheme is PASSED

2023-02-13 14:44:49 - [TEST_STEP][PASSED] - shopify.store.uploadThemeFile(theme_file_local): shopify.store.uploadThemeFile is PASSED

2023-02-13 14:44:49 - [MESSAGE][PASSED] - Object: 'Object Repository/Shopify Store/btn_upload_zip_file' is clicked on

2023-02-13 14:44:50 - [MESSAGE][PASSED] - File 'C:\Users\huynh\Documents\Socialhead\Automation\Katalon project\CreateStore\CreateStore\Data\theme_export__www-theglobal-shop-booster_2_2_1__09NOV2018-0333am.zip' sent to object: 'Object Repository/Shopify Store/file_theme'

2023-02-13 14:44:50 - [MESSAGE][PASSED] - Object: 'Object Repository/Shopify Store/btn_upload_theme' is clicked on

2023-02-13 14:45:00 - [MESSAGE][PASSED] - Delayed 10 second(s)

2023-02-13 14:45:00 - [MESSAGE][PASSED] - shopify.store.uploadThemeFile is PASSED

2023-02-13 14:45:00 - [TEST_STEP][PASSED] - shopify.store.clickPublishTheme(): shopify.store.clickPublishTheme is PASSED

2023-02-13 14:45:30 - [MESSAGE][PASSED] - Delayed 30 second(s)

2023-02-13 14:45:31 - [MESSAGE][PASSED] - Refresh successfully

2023-02-13 14:46:01 - [MESSAGE][PASSED] - Delayed 30 second(s)

2023-02-13 14:46:01 - [MESSAGE][PASSED] - Object 'Object Repository/Shopify Store/btn_publish_theme' is clickable

2023-02-13 14:46:01 - [MESSAGE][PASSED] - Object: 'Object Repository/Shopify Store/btn_publish_theme' is clicked on

2023-02-13 14:46:01 - [MESSAGE][PASSED] - shopify.store.clickPublishTheme is PASSED

2023-02-13 14:46:01 - [TEST_STEP][PASSED] - shopify.store.confirmPublishTheme(): shopify.store.confirmPublishTheme is PASSED

2023-02-13 14:46:11 - [MESSAGE][PASSED] - Delayed 10 second(s)

2023-02-13 14:46:12 - [MESSAGE][PASSED] - Object: 'Object Repository/Shopify Store/btn_confirm_publish_theme' is clicked on

2023-02-13 14:46:12 - [MESSAGE][PASSED] - shopify.store.confirmPublishTheme is PASSED

2023-02-13 14:46:12 - [TEST_STEP][PASSED] - shopify.store_setting.changeStoreCurrency(currency, store_name): shopify.store_setting.changeStoreCurrency is PASSED

2023-02-13 14:46:22 - [MESSAGE][PASSED] - Delayed 10 second(s)

2023-02-13 14:46:26 - [MESSAGE][PASSED] - Navigate to 'http://huynh-ar-stag-2458.myshopify.com/admin/settings/general' successfully

2023-02-13 14:46:30 - [MESSAGE][PASSED] - All options with value 'USD' are selected in object 'Object Repository/Shopify Store/select_currency' 

2023-02-13 14:46:30 - [MESSAGE][PASSED] - shopify.store_setting.changeStoreCurrency is PASSED

2023-02-13 14:46:30 - [TEST_STEP][PASSED] - shopify.store_setting.saveStoreSetting(): shopify.store_setting.saveStoreSetting is PASSED

2023-02-13 14:46:31 - [MESSAGE][PASSED] - Object: 'Object Repository/Shopify Store/span_save_admin_setting' is clicked on

2023-02-13 14:46:31 - [MESSAGE][PASSED] - shopify.store_setting.saveStoreSetting is PASSED

2023-02-13 14:46:31 - [TEST_STEP][PASSED] - Start tear down : teardownIfPassed: Method 'teardownIfPassed' complete successfully

2023-02-13 14:46:31 - [TEST_STEP][PASSED] - data.excel.updateValueToSheet(file_data, "store", 4, store_name, 7, "Passed"): data.excel.updateValueToSheet is PASSED

2023-02-13 14:46:31 - [MESSAGE][PASSED] - data.excel.updateValueToSheet is PASSED

2023-02-13 14:46:31 - [MESSAGE][PASSED] - Method 'teardownIfPassed' complete successfully]]></system-out>
         <system-err><![CDATA[]]></system-err>
      </testcase>
      <testcase name="Test Cases/Shopify/CreateStore" time="243.478" classname="Test Cases/Shopify/CreateStore" status="PASSED">
         <system-out><![CDATA[2023-02-13 14:46:31 - [TEST_CASE][PASSED] - Test Cases/Shopify/CreateStore: Test Cases/Shopify/CreateStore

2023-02-13 14:46:31 - [TEST_STEP][PASSED] - Start listener action : skipStatus: null

2023-02-13 14:46:31 - [TEST_STEP][PASSED] - map = testCaseContext.getTestCaseVariables(): null

2023-02-13 14:46:31 - [TEST_STEP][PASSED] - testcae_status = map.get("testcase_status"): null

2023-02-13 14:46:31 - [TEST_STEP][PASSED] - println(testcae_status): null

2023-02-13 14:46:31 - [TEST_STEP][PASSED] - if (testcae_status == "Passed" || testcae_status == "Failed"): null

2023-02-13 14:46:31 - [TEST_STEP][PASSED] - log = new com.kms.katalon.core.util.KeywordUtil(): null

2023-02-13 14:46:31 - [TEST_STEP][PASSED] - openBrowser(""): Browser is opened with url: ''

2023-02-13 14:46:31 - [MESSAGE][WARNING] - A browser is already opened. Closing browser and opening a new one

2023-02-13 14:46:32 - [MESSAGE][INFO] - Starting 'Chrome' driver

2023-02-13 14:46:32 - [MESSAGE][INFO] - Action delay is set to 0 milliseconds

2023-02-13 14:46:33 - [MESSAGE][PASSED] - Browser is opened with url: ''

2023-02-13 14:46:33 - [TEST_STEP][PASSED] - maximizeWindow(): Current window maximized

2023-02-13 14:46:33 - [MESSAGE][PASSED] - Current window maximized

2023-02-13 14:46:33 - [TEST_STEP][PASSED] - st = new shopify.store(): null

2023-02-13 14:46:33 - [TEST_STEP][PASSED] - st.loginShopifyPartner(partner_email, partner_password, partner_id): Object: 'Object Repository/Shopify/btn_login' is clicked on

2023-02-13 14:46:42 - [MESSAGE][PASSED] - Navigate to 'https://partners.shopify.com/1662018/stores/new' successfully

2023-02-13 14:46:42 - [MESSAGE][PASSED] - Text 'huynh@firegroup.io' is set on object 'Object Repository/Shopify/input_email_shopify'

2023-02-13 14:46:45 - [MESSAGE][PASSED] - Object: 'Object Repository/Shopify/btn_continue_with_email' is clicked on

2023-02-13 14:46:47 - [MESSAGE][PASSED] - Text ****** has been set on object 'Object Repository/Shopify/input_password_shopify'

2023-02-13 14:47:00 - [MESSAGE][PASSED] - Object: 'Object Repository/Shopify/btn_login' is clicked on

2023-02-13 14:47:00 - [TEST_STEP][PASSED] - st.navigateToStoreDevelop(partner_id): Navigate to 'https://partners.shopify.com/1662018/stores/new?store_type=dev_preview_store&developer_preview_handle=checkout_extensibility' successfully

2023-02-13 14:47:02 - [MESSAGE][PASSED] - Navigate to 'https://partners.shopify.com/1662018/stores/new?store_type=dev_preview_store&developer_preview_handle=checkout_extensibility' successfully

2023-02-13 14:47:02 - [TEST_STEP][PASSED] - st.inputStoreName(store_name): Delayed 5 second(s)

2023-02-13 14:47:12 - [MESSAGE][PASSED] - Text 'huynh-ar-stag-2459' is set on object 'Object Repository/Shopify/input_store_name'

2023-02-13 14:47:17 - [MESSAGE][PASSED] - Delayed 5 second(s)

2023-02-13 14:47:17 - [TEST_STEP][PASSED] - shopify.store.clickCreateStore(): shopify.store.clickCreateStore is PASSED

2023-02-13 14:47:17 - [MESSAGE][PASSED] - Object: 'Object Repository/Shopify/btn_create_store' is clicked on

2023-02-13 14:47:37 - [MESSAGE][PASSED] - Delayed 20 second(s)

2023-02-13 14:47:37 - [MESSAGE][PASSED] - shopify.store.clickCreateStore is PASSED

2023-02-13 14:47:37 - [TEST_STEP][PASSED] - shopify.store.importProduct(product_file_local): shopify.store.importProduct is PASSED

2023-02-13 14:47:50 - [MESSAGE][PASSED] - Object: 'Object Repository/Shopify/span_product' is clicked on

2023-02-13 14:47:52 - [MESSAGE][PASSED] - Object: 'Object Repository/Shopify/span_import_product' is clicked on

2023-02-13 14:47:53 - [MESSAGE][PASSED] - File 'C:\Users\huynh\Documents\Socialhead\Automation\Katalon project\CreateStore\CreateStore\Data\products_export.csv' sent to object: 'Object Repository/Shopify/file_product'

2023-02-13 14:47:53 - [MESSAGE][PASSED] - Object: 'Object Repository/Shopify/span_upload_product_continue' is clicked on

2023-02-13 14:47:57 - [MESSAGE][PASSED] - Object: 'Object Repository/Shopify/btn_product_confirm_import' is clicked on

2023-02-13 14:48:27 - [MESSAGE][PASSED] - Delayed 30 second(s)

2023-02-13 14:48:27 - [MESSAGE][PASSED] - Refresh successfully

2023-02-13 14:48:42 - [MESSAGE][PASSED] - Delayed 15 second(s)

2023-02-13 14:48:42 - [MESSAGE][PASSED] - shopify.store.importProduct is PASSED

2023-02-13 14:48:42 - [TEST_STEP][PASSED] - shopify.store.clickOnMenuOnlineStore(): shopify.store.clickOnMenuOnlineStore is PASSED

2023-02-13 14:48:43 - [MESSAGE][PASSED] - Object: 'Object Repository/Shopify Store/a_onlie_store' is clicked on

2023-02-13 14:48:53 - [MESSAGE][PASSED] - Delayed 10 second(s)

2023-02-13 14:48:53 - [MESSAGE][PASSED] - shopify.store.clickOnMenuOnlineStore is PASSED

2023-02-13 14:48:53 - [TEST_STEP][PASSED] - shopify.store.clickOnImportTheme(): shopify.store.clickOnImportTheme is PASSED

2023-02-13 14:48:53 - [MESSAGE][PASSED] - Object: 'Object Repository/Shopify Store/btn_add_theme' is clicked on

2023-02-13 14:48:53 - [MESSAGE][PASSED] - shopify.store.clickOnImportTheme is PASSED

2023-02-13 14:48:53 - [TEST_STEP][PASSED] - shopify.store.uploadThemeFile(theme_file_local): shopify.store.uploadThemeFile is PASSED

2023-02-13 14:48:53 - [MESSAGE][PASSED] - Object: 'Object Repository/Shopify Store/btn_upload_zip_file' is clicked on

2023-02-13 14:48:54 - [MESSAGE][PASSED] - File 'C:\Users\huynh\Documents\Socialhead\Automation\Katalon project\CreateStore\CreateStore\Data\theme_export__www-thejuno-co-streamline__07MAY2020-1237am.zip' sent to object: 'Object Repository/Shopify Store/file_theme'

2023-02-13 14:48:54 - [MESSAGE][PASSED] - Object: 'Object Repository/Shopify Store/btn_upload_theme' is clicked on

2023-02-13 14:49:04 - [MESSAGE][PASSED] - Delayed 10 second(s)

2023-02-13 14:49:04 - [MESSAGE][PASSED] - shopify.store.uploadThemeFile is PASSED

2023-02-13 14:49:04 - [TEST_STEP][PASSED] - shopify.store.clickPublishTheme(): shopify.store.clickPublishTheme is PASSED

2023-02-13 14:49:34 - [MESSAGE][PASSED] - Delayed 30 second(s)

2023-02-13 14:49:35 - [MESSAGE][PASSED] - Refresh successfully

2023-02-13 14:50:05 - [MESSAGE][PASSED] - Delayed 30 second(s)

2023-02-13 14:50:05 - [MESSAGE][PASSED] - Object 'Object Repository/Shopify Store/btn_publish_theme' is clickable

2023-02-13 14:50:05 - [MESSAGE][PASSED] - Object: 'Object Repository/Shopify Store/btn_publish_theme' is clicked on

2023-02-13 14:50:05 - [MESSAGE][PASSED] - shopify.store.clickPublishTheme is PASSED

2023-02-13 14:50:05 - [TEST_STEP][PASSED] - shopify.store.confirmPublishTheme(): shopify.store.confirmPublishTheme is PASSED

2023-02-13 14:50:15 - [MESSAGE][PASSED] - Delayed 10 second(s)

2023-02-13 14:50:16 - [MESSAGE][PASSED] - Object: 'Object Repository/Shopify Store/btn_confirm_publish_theme' is clicked on

2023-02-13 14:50:16 - [MESSAGE][PASSED] - shopify.store.confirmPublishTheme is PASSED

2023-02-13 14:50:16 - [TEST_STEP][PASSED] - shopify.store_setting.changeStoreCurrency(currency, store_name): shopify.store_setting.changeStoreCurrency is PASSED

2023-02-13 14:50:26 - [MESSAGE][PASSED] - Delayed 10 second(s)

2023-02-13 14:50:30 - [MESSAGE][PASSED] - Navigate to 'http://huynh-ar-stag-2459.myshopify.com/admin/settings/general' successfully

2023-02-13 14:50:34 - [MESSAGE][PASSED] - All options with value 'USD' are selected in object 'Object Repository/Shopify Store/select_currency' 

2023-02-13 14:50:34 - [MESSAGE][PASSED] - shopify.store_setting.changeStoreCurrency is PASSED

2023-02-13 14:50:34 - [TEST_STEP][PASSED] - shopify.store_setting.saveStoreSetting(): shopify.store_setting.saveStoreSetting is PASSED

2023-02-13 14:50:34 - [MESSAGE][PASSED] - Object: 'Object Repository/Shopify Store/span_save_admin_setting' is clicked on

2023-02-13 14:50:34 - [MESSAGE][PASSED] - shopify.store_setting.saveStoreSetting is PASSED

2023-02-13 14:50:34 - [TEST_STEP][PASSED] - Start tear down : teardownIfPassed: Method 'teardownIfPassed' complete successfully

2023-02-13 14:50:34 - [TEST_STEP][PASSED] - data.excel.updateValueToSheet(file_data, "store", 4, store_name, 7, "Passed"): data.excel.updateValueToSheet is PASSED

2023-02-13 14:50:34 - [MESSAGE][PASSED] - data.excel.updateValueToSheet is PASSED

2023-02-13 14:50:34 - [MESSAGE][PASSED] - Method 'teardownIfPassed' complete successfully]]></system-out>
         <system-err><![CDATA[]]></system-err>
      </testcase>
      <testcase name="Test Cases/Shopify/CreateStore" time="219.735" classname="Test Cases/Shopify/CreateStore" status="PASSED">
         <system-out><![CDATA[2023-02-13 14:50:35 - [TEST_CASE][PASSED] - Test Cases/Shopify/CreateStore: Test Cases/Shopify/CreateStore

2023-02-13 14:50:35 - [TEST_STEP][PASSED] - Start listener action : skipStatus: null

2023-02-13 14:50:35 - [TEST_STEP][PASSED] - map = testCaseContext.getTestCaseVariables(): null

2023-02-13 14:50:35 - [TEST_STEP][PASSED] - testcae_status = map.get("testcase_status"): null

2023-02-13 14:50:35 - [TEST_STEP][PASSED] - println(testcae_status): null

2023-02-13 14:50:35 - [TEST_STEP][PASSED] - if (testcae_status == "Passed" || testcae_status == "Failed"): null

2023-02-13 14:50:35 - [TEST_STEP][PASSED] - log = new com.kms.katalon.core.util.KeywordUtil(): null

2023-02-13 14:50:35 - [TEST_STEP][PASSED] - openBrowser(""): Browser is opened with url: ''

2023-02-13 14:50:35 - [MESSAGE][WARNING] - A browser is already opened. Closing browser and opening a new one

2023-02-13 14:50:35 - [MESSAGE][INFO] - Starting 'Chrome' driver

2023-02-13 14:50:35 - [MESSAGE][INFO] - Action delay is set to 0 milliseconds

2023-02-13 14:50:36 - [MESSAGE][PASSED] - Browser is opened with url: ''

2023-02-13 14:50:36 - [TEST_STEP][PASSED] - maximizeWindow(): Current window maximized

2023-02-13 14:50:36 - [MESSAGE][PASSED] - Current window maximized

2023-02-13 14:50:36 - [TEST_STEP][PASSED] - st = new shopify.store(): null

2023-02-13 14:50:36 - [TEST_STEP][PASSED] - st.loginShopifyPartner(partner_email, partner_password, partner_id): Object: 'Object Repository/Shopify/btn_login' is clicked on

2023-02-13 14:50:40 - [MESSAGE][PASSED] - Navigate to 'https://partners.shopify.com/1662018/stores/new' successfully

2023-02-13 14:50:41 - [MESSAGE][PASSED] - Text 'huynh@firegroup.io' is set on object 'Object Repository/Shopify/input_email_shopify'

2023-02-13 14:50:44 - [MESSAGE][PASSED] - Object: 'Object Repository/Shopify/btn_continue_with_email' is clicked on

2023-02-13 14:50:46 - [MESSAGE][PASSED] - Text ****** has been set on object 'Object Repository/Shopify/input_password_shopify'

2023-02-13 14:50:51 - [MESSAGE][PASSED] - Object: 'Object Repository/Shopify/btn_login' is clicked on

2023-02-13 14:50:51 - [TEST_STEP][PASSED] - st.navigateToStoreDevelop(partner_id): Navigate to 'https://partners.shopify.com/1662018/stores/new?store_type=dev_preview_store&developer_preview_handle=checkout_extensibility' successfully

2023-02-13 14:50:53 - [MESSAGE][PASSED] - Navigate to 'https://partners.shopify.com/1662018/stores/new?store_type=dev_preview_store&developer_preview_handle=checkout_extensibility' successfully

2023-02-13 14:50:53 - [TEST_STEP][PASSED] - st.inputStoreName(store_name): Delayed 5 second(s)

2023-02-13 14:50:54 - [MESSAGE][PASSED] - Text 'huynh-ar-stag-2460' is set on object 'Object Repository/Shopify/input_store_name'

2023-02-13 14:50:59 - [MESSAGE][PASSED] - Delayed 5 second(s)

2023-02-13 14:50:59 - [TEST_STEP][PASSED] - shopify.store.clickCreateStore(): shopify.store.clickCreateStore is PASSED

2023-02-13 14:51:00 - [MESSAGE][PASSED] - Object: 'Object Repository/Shopify/btn_create_store' is clicked on

2023-02-13 14:51:20 - [MESSAGE][PASSED] - Delayed 20 second(s)

2023-02-13 14:51:20 - [MESSAGE][PASSED] - shopify.store.clickCreateStore is PASSED

2023-02-13 14:51:20 - [TEST_STEP][PASSED] - shopify.store.importProduct(product_file_local): shopify.store.importProduct is PASSED

2023-02-13 14:51:30 - [MESSAGE][PASSED] - Object: 'Object Repository/Shopify/span_product' is clicked on

2023-02-13 14:51:32 - [MESSAGE][PASSED] - Object: 'Object Repository/Shopify/span_import_product' is clicked on

2023-02-13 14:51:32 - [MESSAGE][PASSED] - File 'C:\Users\huynh\Documents\Socialhead\Automation\Katalon project\CreateStore\CreateStore\Data\products_export.csv' sent to object: 'Object Repository/Shopify/file_product'

2023-02-13 14:51:33 - [MESSAGE][PASSED] - Object: 'Object Repository/Shopify/span_upload_product_continue' is clicked on

2023-02-13 14:51:36 - [MESSAGE][PASSED] - Object: 'Object Repository/Shopify/btn_product_confirm_import' is clicked on

2023-02-13 14:52:06 - [MESSAGE][PASSED] - Delayed 30 second(s)

2023-02-13 14:52:07 - [MESSAGE][PASSED] - Refresh successfully

2023-02-13 14:52:22 - [MESSAGE][PASSED] - Delayed 15 second(s)

2023-02-13 14:52:22 - [MESSAGE][PASSED] - shopify.store.importProduct is PASSED

2023-02-13 14:52:22 - [TEST_STEP][PASSED] - shopify.store.clickOnMenuOnlineStore(): shopify.store.clickOnMenuOnlineStore is PASSED

2023-02-13 14:52:22 - [MESSAGE][PASSED] - Object: 'Object Repository/Shopify Store/a_onlie_store' is clicked on

2023-02-13 14:52:32 - [MESSAGE][PASSED] - Delayed 10 second(s)

2023-02-13 14:52:32 - [MESSAGE][PASSED] - shopify.store.clickOnMenuOnlineStore is PASSED

2023-02-13 14:52:32 - [TEST_STEP][PASSED] - shopify.store.clickOnImportTheme(): shopify.store.clickOnImportTheme is PASSED

2023-02-13 14:52:33 - [MESSAGE][PASSED] - Object: 'Object Repository/Shopify Store/btn_add_theme' is clicked on

2023-02-13 14:52:33 - [MESSAGE][PASSED] - shopify.store.clickOnImportTheme is PASSED

2023-02-13 14:52:33 - [TEST_STEP][PASSED] - shopify.store.uploadThemeFile(theme_file_local): shopify.store.uploadThemeFile is PASSED

2023-02-13 14:52:33 - [MESSAGE][PASSED] - Object: 'Object Repository/Shopify Store/btn_upload_zip_file' is clicked on

2023-02-13 14:52:33 - [MESSAGE][PASSED] - File 'C:\Users\huynh\Documents\Socialhead\Automation\Katalon project\CreateStore\CreateStore\Data\theme_export__www-theraveroom-com-debut__01JUL2020-1232am.zip' sent to object: 'Object Repository/Shopify Store/file_theme'

2023-02-13 14:52:34 - [MESSAGE][PASSED] - Object: 'Object Repository/Shopify Store/btn_upload_theme' is clicked on

2023-02-13 14:52:44 - [MESSAGE][PASSED] - Delayed 10 second(s)

2023-02-13 14:52:44 - [MESSAGE][PASSED] - shopify.store.uploadThemeFile is PASSED

2023-02-13 14:52:44 - [TEST_STEP][PASSED] - shopify.store.clickPublishTheme(): shopify.store.clickPublishTheme is PASSED

2023-02-13 14:53:14 - [MESSAGE][PASSED] - Delayed 30 second(s)

2023-02-13 14:53:14 - [MESSAGE][PASSED] - Refresh successfully

2023-02-13 14:53:44 - [MESSAGE][PASSED] - Delayed 30 second(s)

2023-02-13 14:53:45 - [MESSAGE][PASSED] - Object 'Object Repository/Shopify Store/btn_publish_theme' is clickable

2023-02-13 14:53:45 - [MESSAGE][PASSED] - Object: 'Object Repository/Shopify Store/btn_publish_theme' is clicked on

2023-02-13 14:53:45 - [MESSAGE][PASSED] - shopify.store.clickPublishTheme is PASSED

2023-02-13 14:53:45 - [TEST_STEP][PASSED] - shopify.store.confirmPublishTheme(): shopify.store.confirmPublishTheme is PASSED

2023-02-13 14:53:55 - [MESSAGE][PASSED] - Delayed 10 second(s)

2023-02-13 14:53:55 - [MESSAGE][PASSED] - Object: 'Object Repository/Shopify Store/btn_confirm_publish_theme' is clicked on

2023-02-13 14:53:55 - [MESSAGE][PASSED] - shopify.store.confirmPublishTheme is PASSED

2023-02-13 14:53:55 - [TEST_STEP][PASSED] - shopify.store_setting.changeStoreCurrency(currency, store_name): shopify.store_setting.changeStoreCurrency is PASSED

2023-02-13 14:54:05 - [MESSAGE][PASSED] - Delayed 10 second(s)

2023-02-13 14:54:09 - [MESSAGE][PASSED] - Navigate to 'http://huynh-ar-stag-2460.myshopify.com/admin/settings/general' successfully

2023-02-13 14:54:14 - [MESSAGE][PASSED] - All options with value 'USD' are selected in object 'Object Repository/Shopify Store/select_currency' 

2023-02-13 14:54:14 - [MESSAGE][PASSED] - shopify.store_setting.changeStoreCurrency is PASSED

2023-02-13 14:54:14 - [TEST_STEP][PASSED] - shopify.store_setting.saveStoreSetting(): shopify.store_setting.saveStoreSetting is PASSED

2023-02-13 14:54:14 - [MESSAGE][PASSED] - Object: 'Object Repository/Shopify Store/span_save_admin_setting' is clicked on

2023-02-13 14:54:14 - [MESSAGE][PASSED] - shopify.store_setting.saveStoreSetting is PASSED

2023-02-13 14:54:14 - [TEST_STEP][PASSED] - Start tear down : teardownIfPassed: Method 'teardownIfPassed' complete successfully

2023-02-13 14:54:14 - [TEST_STEP][PASSED] - data.excel.updateValueToSheet(file_data, "store", 4, store_name, 7, "Passed"): data.excel.updateValueToSheet is PASSED

2023-02-13 14:54:14 - [MESSAGE][PASSED] - data.excel.updateValueToSheet is PASSED

2023-02-13 14:54:14 - [MESSAGE][PASSED] - Method 'teardownIfPassed' complete successfully]]></system-out>
         <system-err><![CDATA[]]></system-err>
      </testcase>
      <testcase name="Test Cases/Shopify/CreateStore" time="221.248" classname="Test Cases/Shopify/CreateStore" status="PASSED">
         <system-out><![CDATA[2023-02-13 14:54:14 - [TEST_CASE][PASSED] - Test Cases/Shopify/CreateStore: Test Cases/Shopify/CreateStore

2023-02-13 14:54:14 - [TEST_STEP][PASSED] - Start listener action : skipStatus: null

2023-02-13 14:54:14 - [TEST_STEP][PASSED] - map = testCaseContext.getTestCaseVariables(): null

2023-02-13 14:54:14 - [TEST_STEP][PASSED] - testcae_status = map.get("testcase_status"): null

2023-02-13 14:54:14 - [TEST_STEP][PASSED] - println(testcae_status): null

2023-02-13 14:54:14 - [TEST_STEP][PASSED] - if (testcae_status == "Passed" || testcae_status == "Failed"): null

2023-02-13 14:54:14 - [TEST_STEP][PASSED] - log = new com.kms.katalon.core.util.KeywordUtil(): null

2023-02-13 14:54:14 - [TEST_STEP][PASSED] - openBrowser(""): Browser is opened with url: ''

2023-02-13 14:54:14 - [MESSAGE][WARNING] - A browser is already opened. Closing browser and opening a new one

2023-02-13 14:54:15 - [MESSAGE][INFO] - Starting 'Chrome' driver

2023-02-13 14:54:15 - [MESSAGE][INFO] - Action delay is set to 0 milliseconds

2023-02-13 14:54:16 - [MESSAGE][PASSED] - Browser is opened with url: ''

2023-02-13 14:54:16 - [TEST_STEP][PASSED] - maximizeWindow(): Current window maximized

2023-02-13 14:54:16 - [MESSAGE][PASSED] - Current window maximized

2023-02-13 14:54:16 - [TEST_STEP][PASSED] - st = new shopify.store(): null

2023-02-13 14:54:16 - [TEST_STEP][PASSED] - st.loginShopifyPartner(partner_email, partner_password, partner_id): Object: 'Object Repository/Shopify/btn_login' is clicked on

2023-02-13 14:54:20 - [MESSAGE][PASSED] - Navigate to 'https://partners.shopify.com/1662018/stores/new' successfully

2023-02-13 14:54:21 - [MESSAGE][PASSED] - Text 'huynh@firegroup.io' is set on object 'Object Repository/Shopify/input_email_shopify'

2023-02-13 14:54:23 - [MESSAGE][PASSED] - Object: 'Object Repository/Shopify/btn_continue_with_email' is clicked on

2023-02-13 14:54:25 - [MESSAGE][PASSED] - Text ****** has been set on object 'Object Repository/Shopify/input_password_shopify'

2023-02-13 14:54:31 - [MESSAGE][PASSED] - Object: 'Object Repository/Shopify/btn_login' is clicked on

2023-02-13 14:54:31 - [TEST_STEP][PASSED] - st.navigateToStoreDevelop(partner_id): Navigate to 'https://partners.shopify.com/1662018/stores/new?store_type=dev_preview_store&developer_preview_handle=checkout_extensibility' successfully

2023-02-13 14:54:33 - [MESSAGE][PASSED] - Navigate to 'https://partners.shopify.com/1662018/stores/new?store_type=dev_preview_store&developer_preview_handle=checkout_extensibility' successfully

2023-02-13 14:54:33 - [TEST_STEP][PASSED] - st.inputStoreName(store_name): Delayed 5 second(s)

2023-02-13 14:54:34 - [MESSAGE][PASSED] - Text 'huynh-ar-stag-2461' is set on object 'Object Repository/Shopify/input_store_name'

2023-02-13 14:54:39 - [MESSAGE][PASSED] - Delayed 5 second(s)

2023-02-13 14:54:39 - [TEST_STEP][PASSED] - shopify.store.clickCreateStore(): shopify.store.clickCreateStore is PASSED

2023-02-13 14:54:40 - [MESSAGE][PASSED] - Object: 'Object Repository/Shopify/btn_create_store' is clicked on

2023-02-13 14:55:00 - [MESSAGE][PASSED] - Delayed 20 second(s)

2023-02-13 14:55:00 - [MESSAGE][PASSED] - shopify.store.clickCreateStore is PASSED

2023-02-13 14:55:00 - [TEST_STEP][PASSED] - shopify.store.importProduct(product_file_local): shopify.store.importProduct is PASSED

2023-02-13 14:55:09 - [MESSAGE][PASSED] - Object: 'Object Repository/Shopify/span_product' is clicked on

2023-02-13 14:55:11 - [MESSAGE][PASSED] - Object: 'Object Repository/Shopify/span_import_product' is clicked on

2023-02-13 14:55:11 - [MESSAGE][PASSED] - File 'C:\Users\huynh\Documents\Socialhead\Automation\Katalon project\CreateStore\CreateStore\Data\products_export.csv' sent to object: 'Object Repository/Shopify/file_product'

2023-02-13 14:55:12 - [MESSAGE][PASSED] - Object: 'Object Repository/Shopify/span_upload_product_continue' is clicked on

2023-02-13 14:55:17 - [MESSAGE][PASSED] - Object: 'Object Repository/Shopify/btn_product_confirm_import' is clicked on

2023-02-13 14:55:47 - [MESSAGE][PASSED] - Delayed 30 second(s)

2023-02-13 14:55:48 - [MESSAGE][PASSED] - Refresh successfully

2023-02-13 14:56:03 - [MESSAGE][PASSED] - Delayed 15 second(s)

2023-02-13 14:56:03 - [MESSAGE][PASSED] - shopify.store.importProduct is PASSED

2023-02-13 14:56:03 - [TEST_STEP][PASSED] - shopify.store.clickOnMenuOnlineStore(): shopify.store.clickOnMenuOnlineStore is PASSED

2023-02-13 14:56:03 - [MESSAGE][PASSED] - Object: 'Object Repository/Shopify Store/a_onlie_store' is clicked on

2023-02-13 14:56:13 - [MESSAGE][PASSED] - Delayed 10 second(s)

2023-02-13 14:56:13 - [MESSAGE][PASSED] - shopify.store.clickOnMenuOnlineStore is PASSED

2023-02-13 14:56:13 - [TEST_STEP][PASSED] - shopify.store.clickOnImportTheme(): shopify.store.clickOnImportTheme is PASSED

2023-02-13 14:56:14 - [MESSAGE][PASSED] - Object: 'Object Repository/Shopify Store/btn_add_theme' is clicked on

2023-02-13 14:56:14 - [MESSAGE][PASSED] - shopify.store.clickOnImportTheme is PASSED

2023-02-13 14:56:14 - [TEST_STEP][PASSED] - shopify.store.uploadThemeFile(theme_file_local): shopify.store.uploadThemeFile is PASSED

2023-02-13 14:56:14 - [MESSAGE][PASSED] - Object: 'Object Repository/Shopify Store/btn_upload_zip_file' is clicked on

2023-02-13 14:56:15 - [MESSAGE][PASSED] - File 'C:\Users\huynh\Documents\Socialhead\Automation\Katalon project\CreateStore\CreateStore\Data\theme_export__www-throttletown-com-speed-optimized-strollik-v2-28aug2019-0514pm__09OCT2020-1119am.zip' sent to object: 'Object Repository/Shopify Store/file_theme'

2023-02-13 14:56:15 - [MESSAGE][PASSED] - Object: 'Object Repository/Shopify Store/btn_upload_theme' is clicked on

2023-02-13 14:56:25 - [MESSAGE][PASSED] - Delayed 10 second(s)

2023-02-13 14:56:25 - [MESSAGE][PASSED] - shopify.store.uploadThemeFile is PASSED

2023-02-13 14:56:25 - [TEST_STEP][PASSED] - shopify.store.clickPublishTheme(): shopify.store.clickPublishTheme is PASSED

2023-02-13 14:56:55 - [MESSAGE][PASSED] - Delayed 30 second(s)

2023-02-13 14:56:55 - [MESSAGE][PASSED] - Refresh successfully

2023-02-13 14:57:25 - [MESSAGE][PASSED] - Delayed 30 second(s)

2023-02-13 14:57:26 - [MESSAGE][PASSED] - Object 'Object Repository/Shopify Store/btn_publish_theme' is clickable

2023-02-13 14:57:26 - [MESSAGE][PASSED] - Object: 'Object Repository/Shopify Store/btn_publish_theme' is clicked on

2023-02-13 14:57:26 - [MESSAGE][PASSED] - shopify.store.clickPublishTheme is PASSED

2023-02-13 14:57:26 - [TEST_STEP][PASSED] - shopify.store.confirmPublishTheme(): shopify.store.confirmPublishTheme is PASSED

2023-02-13 14:57:36 - [MESSAGE][PASSED] - Delayed 10 second(s)

2023-02-13 14:57:37 - [MESSAGE][PASSED] - Object: 'Object Repository/Shopify Store/btn_confirm_publish_theme' is clicked on

2023-02-13 14:57:37 - [MESSAGE][PASSED] - shopify.store.confirmPublishTheme is PASSED

2023-02-13 14:57:37 - [TEST_STEP][PASSED] - shopify.store_setting.changeStoreCurrency(currency, store_name): shopify.store_setting.changeStoreCurrency is PASSED

2023-02-13 14:57:47 - [MESSAGE][PASSED] - Delayed 10 second(s)

2023-02-13 14:57:50 - [MESSAGE][PASSED] - Navigate to 'http://huynh-ar-stag-2461.myshopify.com/admin/settings/general' successfully

2023-02-13 14:57:55 - [MESSAGE][PASSED] - All options with value 'USD' are selected in object 'Object Repository/Shopify Store/select_currency' 

2023-02-13 14:57:55 - [MESSAGE][PASSED] - shopify.store_setting.changeStoreCurrency is PASSED

2023-02-13 14:57:55 - [TEST_STEP][PASSED] - shopify.store_setting.saveStoreSetting(): shopify.store_setting.saveStoreSetting is PASSED

2023-02-13 14:57:56 - [MESSAGE][PASSED] - Object: 'Object Repository/Shopify Store/span_save_admin_setting' is clicked on

2023-02-13 14:57:56 - [MESSAGE][PASSED] - shopify.store_setting.saveStoreSetting is PASSED

2023-02-13 14:57:56 - [TEST_STEP][PASSED] - Start tear down : teardownIfPassed: Method 'teardownIfPassed' complete successfully

2023-02-13 14:57:56 - [TEST_STEP][PASSED] - data.excel.updateValueToSheet(file_data, "store", 4, store_name, 7, "Passed"): data.excel.updateValueToSheet is PASSED

2023-02-13 14:57:56 - [MESSAGE][PASSED] - data.excel.updateValueToSheet is PASSED

2023-02-13 14:57:56 - [MESSAGE][PASSED] - Method 'teardownIfPassed' complete successfully]]></system-out>
         <system-err><![CDATA[]]></system-err>
      </testcase>
      <testcase name="Test Cases/Shopify/CreateStore" time="225.782" classname="Test Cases/Shopify/CreateStore" status="PASSED">
         <system-out><![CDATA[2023-02-13 14:57:56 - [TEST_CASE][PASSED] - Test Cases/Shopify/CreateStore: Test Cases/Shopify/CreateStore

2023-02-13 14:57:56 - [TEST_STEP][PASSED] - Start listener action : skipStatus: null

2023-02-13 14:57:56 - [TEST_STEP][PASSED] - map = testCaseContext.getTestCaseVariables(): null

2023-02-13 14:57:56 - [TEST_STEP][PASSED] - testcae_status = map.get("testcase_status"): null

2023-02-13 14:57:56 - [TEST_STEP][PASSED] - println(testcae_status): null

2023-02-13 14:57:56 - [TEST_STEP][PASSED] - if (testcae_status == "Passed" || testcae_status == "Failed"): null

2023-02-13 14:57:56 - [TEST_STEP][PASSED] - log = new com.kms.katalon.core.util.KeywordUtil(): null

2023-02-13 14:57:56 - [TEST_STEP][PASSED] - openBrowser(""): Browser is opened with url: ''

2023-02-13 14:57:56 - [MESSAGE][WARNING] - A browser is already opened. Closing browser and opening a new one

2023-02-13 14:57:56 - [MESSAGE][INFO] - Starting 'Chrome' driver

2023-02-13 14:57:56 - [MESSAGE][INFO] - Action delay is set to 0 milliseconds

2023-02-13 14:57:57 - [MESSAGE][PASSED] - Browser is opened with url: ''

2023-02-13 14:57:57 - [TEST_STEP][PASSED] - maximizeWindow(): Current window maximized

2023-02-13 14:57:57 - [MESSAGE][PASSED] - Current window maximized

2023-02-13 14:57:57 - [TEST_STEP][PASSED] - st = new shopify.store(): null

2023-02-13 14:57:57 - [TEST_STEP][PASSED] - st.loginShopifyPartner(partner_email, partner_password, partner_id): Object: 'Object Repository/Shopify/btn_login' is clicked on

2023-02-13 14:58:03 - [MESSAGE][PASSED] - Navigate to 'https://partners.shopify.com/1662018/stores/new' successfully

2023-02-13 14:58:04 - [MESSAGE][PASSED] - Text 'huynh@firegroup.io' is set on object 'Object Repository/Shopify/input_email_shopify'

2023-02-13 14:58:09 - [MESSAGE][PASSED] - Object: 'Object Repository/Shopify/btn_continue_with_email' is clicked on

2023-02-13 14:58:11 - [MESSAGE][PASSED] - Text ****** has been set on object 'Object Repository/Shopify/input_password_shopify'

2023-02-13 14:58:17 - [MESSAGE][PASSED] - Object: 'Object Repository/Shopify/btn_login' is clicked on

2023-02-13 14:58:17 - [TEST_STEP][PASSED] - st.navigateToStoreDevelop(partner_id): Navigate to 'https://partners.shopify.com/1662018/stores/new?store_type=dev_preview_store&developer_preview_handle=checkout_extensibility' successfully

2023-02-13 14:58:18 - [MESSAGE][PASSED] - Navigate to 'https://partners.shopify.com/1662018/stores/new?store_type=dev_preview_store&developer_preview_handle=checkout_extensibility' successfully

2023-02-13 14:58:18 - [TEST_STEP][PASSED] - st.inputStoreName(store_name): Delayed 5 second(s)

2023-02-13 14:58:21 - [MESSAGE][PASSED] - Text 'huynh-ar-stag-2462' is set on object 'Object Repository/Shopify/input_store_name'

2023-02-13 14:58:26 - [MESSAGE][PASSED] - Delayed 5 second(s)

2023-02-13 14:58:26 - [TEST_STEP][PASSED] - shopify.store.clickCreateStore(): shopify.store.clickCreateStore is PASSED

2023-02-13 14:58:26 - [MESSAGE][PASSED] - Object: 'Object Repository/Shopify/btn_create_store' is clicked on

2023-02-13 14:58:46 - [MESSAGE][PASSED] - Delayed 20 second(s)

2023-02-13 14:58:46 - [MESSAGE][PASSED] - shopify.store.clickCreateStore is PASSED

2023-02-13 14:58:46 - [TEST_STEP][PASSED] - shopify.store.importProduct(product_file_local): shopify.store.importProduct is PASSED

2023-02-13 14:58:57 - [MESSAGE][PASSED] - Object: 'Object Repository/Shopify/span_product' is clicked on

2023-02-13 14:58:59 - [MESSAGE][PASSED] - Object: 'Object Repository/Shopify/span_import_product' is clicked on

2023-02-13 14:58:59 - [MESSAGE][PASSED] - File 'C:\Users\huynh\Documents\Socialhead\Automation\Katalon project\CreateStore\CreateStore\Data\products_export.csv' sent to object: 'Object Repository/Shopify/file_product'

2023-02-13 14:59:00 - [MESSAGE][PASSED] - Object: 'Object Repository/Shopify/span_upload_product_continue' is clicked on

2023-02-13 14:59:03 - [MESSAGE][PASSED] - Object: 'Object Repository/Shopify/btn_product_confirm_import' is clicked on

2023-02-13 14:59:33 - [MESSAGE][PASSED] - Delayed 30 second(s)

2023-02-13 14:59:33 - [MESSAGE][PASSED] - Refresh successfully

2023-02-13 14:59:48 - [MESSAGE][PASSED] - Delayed 15 second(s)

2023-02-13 14:59:48 - [MESSAGE][PASSED] - shopify.store.importProduct is PASSED

2023-02-13 14:59:48 - [TEST_STEP][PASSED] - shopify.store.clickOnMenuOnlineStore(): shopify.store.clickOnMenuOnlineStore is PASSED

2023-02-13 14:59:49 - [MESSAGE][PASSED] - Object: 'Object Repository/Shopify Store/a_onlie_store' is clicked on

2023-02-13 14:59:59 - [MESSAGE][PASSED] - Delayed 10 second(s)

2023-02-13 14:59:59 - [MESSAGE][PASSED] - shopify.store.clickOnMenuOnlineStore is PASSED

2023-02-13 14:59:59 - [TEST_STEP][PASSED] - shopify.store.clickOnImportTheme(): shopify.store.clickOnImportTheme is PASSED

2023-02-13 14:59:59 - [MESSAGE][PASSED] - Object: 'Object Repository/Shopify Store/btn_add_theme' is clicked on

2023-02-13 14:59:59 - [MESSAGE][PASSED] - shopify.store.clickOnImportTheme is PASSED

2023-02-13 14:59:59 - [TEST_STEP][PASSED] - shopify.store.uploadThemeFile(theme_file_local): shopify.store.uploadThemeFile is PASSED

2023-02-13 14:59:59 - [MESSAGE][PASSED] - Object: 'Object Repository/Shopify Store/btn_upload_zip_file' is clicked on

2023-02-13 15:00:00 - [MESSAGE][PASSED] - File 'C:\Users\huynh\Documents\Socialhead\Automation\Katalon project\CreateStore\CreateStore\Data\theme_export__www-tiktokgoodies-com-shoptimized-5-0-4__06MAY2020-1120pm.zip' sent to object: 'Object Repository/Shopify Store/file_theme'

2023-02-13 15:00:00 - [MESSAGE][PASSED] - Object: 'Object Repository/Shopify Store/btn_upload_theme' is clicked on

2023-02-13 15:00:10 - [MESSAGE][PASSED] - Delayed 10 second(s)

2023-02-13 15:00:10 - [MESSAGE][PASSED] - shopify.store.uploadThemeFile is PASSED

2023-02-13 15:00:10 - [TEST_STEP][PASSED] - shopify.store.clickPublishTheme(): shopify.store.clickPublishTheme is PASSED

2023-02-13 15:00:40 - [MESSAGE][PASSED] - Delayed 30 second(s)

2023-02-13 15:00:41 - [MESSAGE][PASSED] - Refresh successfully

2023-02-13 15:01:11 - [MESSAGE][PASSED] - Delayed 30 second(s)

2023-02-13 15:01:12 - [MESSAGE][PASSED] - Object 'Object Repository/Shopify Store/btn_publish_theme' is clickable

2023-02-13 15:01:12 - [MESSAGE][PASSED] - Object: 'Object Repository/Shopify Store/btn_publish_theme' is clicked on

2023-02-13 15:01:12 - [MESSAGE][PASSED] - shopify.store.clickPublishTheme is PASSED

2023-02-13 15:01:12 - [TEST_STEP][PASSED] - shopify.store.confirmPublishTheme(): shopify.store.confirmPublishTheme is PASSED

2023-02-13 15:01:22 - [MESSAGE][PASSED] - Delayed 10 second(s)

2023-02-13 15:01:22 - [MESSAGE][PASSED] - Object: 'Object Repository/Shopify Store/btn_confirm_publish_theme' is clicked on

2023-02-13 15:01:22 - [MESSAGE][PASSED] - shopify.store.confirmPublishTheme is PASSED

2023-02-13 15:01:22 - [TEST_STEP][PASSED] - shopify.store_setting.changeStoreCurrency(currency, store_name): shopify.store_setting.changeStoreCurrency is PASSED

2023-02-13 15:01:32 - [MESSAGE][PASSED] - Delayed 10 second(s)

2023-02-13 15:01:36 - [MESSAGE][PASSED] - Navigate to 'http://huynh-ar-stag-2462.myshopify.com/admin/settings/general' successfully

2023-02-13 15:01:41 - [MESSAGE][PASSED] - All options with value 'USD' are selected in object 'Object Repository/Shopify Store/select_currency' 

2023-02-13 15:01:41 - [MESSAGE][PASSED] - shopify.store_setting.changeStoreCurrency is PASSED

2023-02-13 15:01:41 - [TEST_STEP][PASSED] - shopify.store_setting.saveStoreSetting(): shopify.store_setting.saveStoreSetting is PASSED

2023-02-13 15:01:41 - [MESSAGE][PASSED] - Object: 'Object Repository/Shopify Store/span_save_admin_setting' is clicked on

2023-02-13 15:01:41 - [MESSAGE][PASSED] - shopify.store_setting.saveStoreSetting is PASSED

2023-02-13 15:01:41 - [TEST_STEP][PASSED] - Start tear down : teardownIfPassed: Method 'teardownIfPassed' complete successfully

2023-02-13 15:01:41 - [TEST_STEP][PASSED] - data.excel.updateValueToSheet(file_data, "store", 4, store_name, 7, "Passed"): data.excel.updateValueToSheet is PASSED

2023-02-13 15:01:41 - [MESSAGE][PASSED] - data.excel.updateValueToSheet is PASSED

2023-02-13 15:01:41 - [MESSAGE][PASSED] - Method 'teardownIfPassed' complete successfully]]></system-out>
         <system-err><![CDATA[]]></system-err>
      </testcase>
      <testcase name="Test Cases/Shopify/CreateStore" time="229.022" classname="Test Cases/Shopify/CreateStore" status="FAILED">
         <failure type="FAILED" message="Test Cases/Shopify/CreateStore FAILED.
Reason:
com.kms.katalon.core.exception.StepFailedException: Unable to click on object 'Object Repository/Shopify Store/btn_publish_theme'
	at com.kms.katalon.core.webui.keyword.internal.WebUIKeywordMain.stepFailed(WebUIKeywordMain.groovy:64)
	at com.kms.katalon.core.webui.keyword.internal.WebUIKeywordMain.runKeyword(WebUIKeywordMain.groovy:26)
	at com.kms.katalon.core.webui.keyword.builtin.ClickKeyword.click(ClickKeyword.groovy:74)
	at com.kms.katalon.core.webui.keyword.builtin.ClickKeyword.execute(ClickKeyword.groovy:40)
	at com.kms.katalon.core.keyword.internal.KeywordExecutor.executeKeywordForPlatform(KeywordExecutor.groovy:74)
	at com.kms.katalon.core.webui.keyword.WebUiBuiltInKeywords.click(WebUiBuiltInKeywords.groovy:620)
	at com.kms.katalon.core.webui.keyword.WebUiBuiltInKeywords$click$3.call(Unknown Source)
	at shopify.store.clickPublishTheme(store.groovy:94)
	at shopify.store.invokeMethod(store.groovy)
	at com.kms.katalon.core.main.CustomKeywordDelegatingMetaClass.invokeStaticMethod(CustomKeywordDelegatingMetaClass.java:55)
	at CreateStore.run(CreateStore:56)
	at com.kms.katalon.core.main.ScriptEngine.run(ScriptEngine.java:194)
	at com.kms.katalon.core.main.ScriptEngine.runScriptAsRawText(ScriptEngine.java:119)
	at com.kms.katalon.core.main.TestCaseExecutor.runScript(TestCaseExecutor.java:448)
	at com.kms.katalon.core.main.TestCaseExecutor.doExecute(TestCaseExecutor.java:439)
	at com.kms.katalon.core.main.TestCaseExecutor.processExecutionPhase(TestCaseExecutor.java:418)
	at com.kms.katalon.core.main.TestCaseExecutor.accessMainPhase(TestCaseExecutor.java:410)
	at com.kms.katalon.core.main.TestCaseExecutor.execute(TestCaseExecutor.java:285)
	at com.kms.katalon.core.common.CommonExecutor.accessTestCaseMainPhase(CommonExecutor.java:65)
	at com.kms.katalon.core.main.TestSuiteExecutor.accessTestSuiteMainPhase(TestSuiteExecutor.java:151)
	at com.kms.katalon.core.main.TestSuiteExecutor.execute(TestSuiteExecutor.java:106)
	at com.kms.katalon.core.main.TestCaseMain.startTestSuite(TestCaseMain.java:185)
	at com.kms.katalon.core.main.TestCaseMain$startTestSuite$0.call(Unknown Source)
	at TempTestSuite1676253455264.run(TempTestSuite1676253455264.groovy:36)
Caused by: org.openqa.selenium.ElementClickInterceptedException: element click intercepted: Element &lt;iframe title=&quot;Online Store&quot; src=&quot;https://online-store-web.shopifyapps.com/themes?hmac=ee7f79afec1ddf3c42cdf4f5895d247c4ef51cff3853f166244b56b324dcd381&amp;amp;host=YWRtaW4uc2hvcGlmeS5jb20vc3RvcmUvaHV5bmgtYXItc3RhZy0yNDYz&amp;amp;locale=en&amp;amp;session=220fdd5cfdc74548c53432a56d2f921410a536d75aa61cd98548e2d910c0e645&amp;amp;shop=huynh-ar-stag-2463.myshopify.com&amp;amp;timestamp=1676275469&amp;amp;_signed_params=host%2Clocale%2Csession%2Cshop%2Ctimestamp&amp;amp;appLoadId=f3a9ab64-d82e-4192-80e8-94fbfeb22852&quot; name=&quot;edd4afa0-eed1-4104-bddc-ec0d1291ea25&quot; context=&quot;Main&quot; class=&quot;rG8rl&quot; cd_frame_id_=&quot;db78deef1fc23f2f287fcaf0fb1799f5&quot;>&lt;/iframe> is not clickable at point (859, 906). Other element would receive the click: &lt;p class=&quot;KZJNR&quot; aria-hidden=&quot;true&quot;>...&lt;/p>
  (Session info: chrome=109.0.5414.121)
Build info: version: '3.141.59', revision: 'e82be7d358', time: '2018-11-14T08:25:53'
System info: host: 'HUYNH', ip: '172.18.224.1', os.name: 'Windows 10', os.arch: 'amd64', os.version: '10.0', java.version: '1.8.0_282'
Driver info: com.kms.katalon.selenium.driver.CChromeDriver
Capabilities {acceptInsecureCerts: false, browserName: chrome, browserVersion: 109.0.5414.121, chrome: {chromedriverVersion: 109.0.5414.74 (e7c5703604da..., userDataDir: C:\Users\huynh\AppData\Loca...}, goog:chromeOptions: {debuggerAddress: localhost:63236}, javascriptEnabled: true, networkConnectionEnabled: false, pageLoadStrategy: normal, platform: WINDOWS, platformName: WINDOWS, proxy: Proxy(), setWindowRect: true, strictFileInteractability: false, timeouts: {implicit: 0, pageLoad: 300000, script: 30000}, unhandledPromptBehavior: dismiss and notify, webauthn:extension:credBlob: true, webauthn:extension:largeBlob: true, webauthn:virtualAuthenticators: true}
Session ID: a7c16475791848f26652dbd23a2ed88b
	at org.openqa.selenium.remote.http.W3CHttpResponseCodec.createException(W3CHttpResponseCodec.java:187)
	at org.openqa.selenium.remote.http.W3CHttpResponseCodec.decode(W3CHttpResponseCodec.java:122)
	at org.openqa.selenium.remote.http.W3CHttpResponseCodec.decode(W3CHttpResponseCodec.java:49)
	at org.openqa.selenium.remote.HttpCommandExecutor.execute(HttpCommandExecutor.java:158)
	at org.openqa.selenium.remote.service.DriverCommandExecutor.execute(DriverCommandExecutor.java:83)
	at org.openqa.selenium.remote.RemoteWebDriver.execute(RemoteWebDriver.java:552)
	at com.kms.katalon.selenium.driver.CChromeDriver.execute(CChromeDriver.java:19)
	at org.openqa.selenium.remote.RemoteWebElement.execute(RemoteWebElement.java:285)
	at org.openqa.selenium.remote.RemoteWebElement.click(RemoteWebElement.java:84)
	at org.openqa.selenium.support.events.EventFiringWebDriver$EventFiringWebElement.lambda$new$0(EventFiringWebDriver.java:404)
	at com.sun.proxy.$Proxy16.click(Unknown Source)
	at org.openqa.selenium.support.events.EventFiringWebDriver$EventFiringWebElement.click(EventFiringWebDriver.java:417)
	at org.openqa.selenium.WebElement$click.call(Unknown Source)
	at com.kms.katalon.core.webui.keyword.builtin.ClickKeyword.clickUntilSuccessWithTimeout(ClickKeyword.groovy:81)
	at com.kms.katalon.core.webui.keyword.builtin.ClickKeyword.clickUntilSuccessWithTimeout(ClickKeyword.groovy)
	at com.kms.katalon.core.webui.keyword.builtin.ClickKeyword$_click_closure1.doCall(ClickKeyword.groovy:67)
	at com.kms.katalon.core.webui.keyword.builtin.ClickKeyword$_click_closure1.call(ClickKeyword.groovy)
	at com.kms.katalon.core.webui.keyword.internal.WebUIKeywordMain.runKeyword(WebUIKeywordMain.groovy:20)
	... 22 more
"/>
         <system-out><![CDATA[2023-02-13 15:01:41 - [TEST_CASE][FAILED] - Test Cases/Shopify/CreateStore: Test Cases/Shopify/CreateStore FAILED.
Reason:
com.kms.katalon.core.exception.StepFailedException: Unable to click on object 'Object Repository/Shopify Store/btn_publish_theme'
	at com.kms.katalon.core.webui.keyword.internal.WebUIKeywordMain.stepFailed(WebUIKeywordMain.groovy:64)
	at com.kms.katalon.core.webui.keyword.internal.WebUIKeywordMain.runKeyword(WebUIKeywordMain.groovy:26)
	at com.kms.katalon.core.webui.keyword.builtin.ClickKeyword.click(ClickKeyword.groovy:74)
	at com.kms.katalon.core.webui.keyword.builtin.ClickKeyword.execute(ClickKeyword.groovy:40)
	at com.kms.katalon.core.keyword.internal.KeywordExecutor.executeKeywordForPlatform(KeywordExecutor.groovy:74)
	at com.kms.katalon.core.webui.keyword.WebUiBuiltInKeywords.click(WebUiBuiltInKeywords.groovy:620)
	at com.kms.katalon.core.webui.keyword.WebUiBuiltInKeywords$click$3.call(Unknown Source)
	at shopify.store.clickPublishTheme(store.groovy:94)
	at shopify.store.invokeMethod(store.groovy)
	at com.kms.katalon.core.main.CustomKeywordDelegatingMetaClass.invokeStaticMethod(CustomKeywordDelegatingMetaClass.java:55)
	at CreateStore.run(CreateStore:56)
	at com.kms.katalon.core.main.ScriptEngine.run(ScriptEngine.java:194)
	at com.kms.katalon.core.main.ScriptEngine.runScriptAsRawText(ScriptEngine.java:119)
	at com.kms.katalon.core.main.TestCaseExecutor.runScript(TestCaseExecutor.java:448)
	at com.kms.katalon.core.main.TestCaseExecutor.doExecute(TestCaseExecutor.java:439)
	at com.kms.katalon.core.main.TestCaseExecutor.processExecutionPhase(TestCaseExecutor.java:418)
	at com.kms.katalon.core.main.TestCaseExecutor.accessMainPhase(TestCaseExecutor.java:410)
	at com.kms.katalon.core.main.TestCaseExecutor.execute(TestCaseExecutor.java:285)
	at com.kms.katalon.core.common.CommonExecutor.accessTestCaseMainPhase(CommonExecutor.java:65)
	at com.kms.katalon.core.main.TestSuiteExecutor.accessTestSuiteMainPhase(TestSuiteExecutor.java:151)
	at com.kms.katalon.core.main.TestSuiteExecutor.execute(TestSuiteExecutor.java:106)
	at com.kms.katalon.core.main.TestCaseMain.startTestSuite(TestCaseMain.java:185)
	at com.kms.katalon.core.main.TestCaseMain$startTestSuite$0.call(Unknown Source)
	at TempTestSuite1676253455264.run(TempTestSuite1676253455264.groovy:36)
Caused by: org.openqa.selenium.ElementClickInterceptedException: element click intercepted: Element <iframe title="Online Store" src="https://online-store-web.shopifyapps.com/themes?hmac=ee7f79afec1ddf3c42cdf4f5895d247c4ef51cff3853f166244b56b324dcd381&amp;host=YWRtaW4uc2hvcGlmeS5jb20vc3RvcmUvaHV5bmgtYXItc3RhZy0yNDYz&amp;locale=en&amp;session=220fdd5cfdc74548c53432a56d2f921410a536d75aa61cd98548e2d910c0e645&amp;shop=huynh-ar-stag-2463.myshopify.com&amp;timestamp=1676275469&amp;_signed_params=host%2Clocale%2Csession%2Cshop%2Ctimestamp&amp;appLoadId=f3a9ab64-d82e-4192-80e8-94fbfeb22852" name="edd4afa0-eed1-4104-bddc-ec0d1291ea25" context="Main" class="rG8rl" cd_frame_id_="db78deef1fc23f2f287fcaf0fb1799f5"></iframe> is not clickable at point (859, 906). Other element would receive the click: <p class="KZJNR" aria-hidden="true">...</p>
  (Session info: chrome=109.0.5414.121)
Build info: version: '3.141.59', revision: 'e82be7d358', time: '2018-11-14T08:25:53'
System info: host: 'HUYNH', ip: '172.18.224.1', os.name: 'Windows 10', os.arch: 'amd64', os.version: '10.0', java.version: '1.8.0_282'
Driver info: com.kms.katalon.selenium.driver.CChromeDriver
Capabilities {acceptInsecureCerts: false, browserName: chrome, browserVersion: 109.0.5414.121, chrome: {chromedriverVersion: 109.0.5414.74 (e7c5703604da..., userDataDir: C:\Users\huynh\AppData\Loca...}, goog:chromeOptions: {debuggerAddress: localhost:63236}, javascriptEnabled: true, networkConnectionEnabled: false, pageLoadStrategy: normal, platform: WINDOWS, platformName: WINDOWS, proxy: Proxy(), setWindowRect: true, strictFileInteractability: false, timeouts: {implicit: 0, pageLoad: 300000, script: 30000}, unhandledPromptBehavior: dismiss and notify, webauthn:extension:credBlob: true, webauthn:extension:largeBlob: true, webauthn:virtualAuthenticators: true}
Session ID: a7c16475791848f26652dbd23a2ed88b
	at org.openqa.selenium.remote.http.W3CHttpResponseCodec.createException(W3CHttpResponseCodec.java:187)
	at org.openqa.selenium.remote.http.W3CHttpResponseCodec.decode(W3CHttpResponseCodec.java:122)
	at org.openqa.selenium.remote.http.W3CHttpResponseCodec.decode(W3CHttpResponseCodec.java:49)
	at org.openqa.selenium.remote.HttpCommandExecutor.execute(HttpCommandExecutor.java:158)
	at org.openqa.selenium.remote.service.DriverCommandExecutor.execute(DriverCommandExecutor.java:83)
	at org.openqa.selenium.remote.RemoteWebDriver.execute(RemoteWebDriver.java:552)
	at com.kms.katalon.selenium.driver.CChromeDriver.execute(CChromeDriver.java:19)
	at org.openqa.selenium.remote.RemoteWebElement.execute(RemoteWebElement.java:285)
	at org.openqa.selenium.remote.RemoteWebElement.click(RemoteWebElement.java:84)
	at org.openqa.selenium.support.events.EventFiringWebDriver$EventFiringWebElement.lambda$new$0(EventFiringWebDriver.java:404)
	at com.sun.proxy.$Proxy16.click(Unknown Source)
	at org.openqa.selenium.support.events.EventFiringWebDriver$EventFiringWebElement.click(EventFiringWebDriver.java:417)
	at org.openqa.selenium.WebElement$click.call(Unknown Source)
	at com.kms.katalon.core.webui.keyword.builtin.ClickKeyword.clickUntilSuccessWithTimeout(ClickKeyword.groovy:81)
	at com.kms.katalon.core.webui.keyword.builtin.ClickKeyword.clickUntilSuccessWithTimeout(ClickKeyword.groovy)
	at com.kms.katalon.core.webui.keyword.builtin.ClickKeyword$_click_closure1.doCall(ClickKeyword.groovy:67)
	at com.kms.katalon.core.webui.keyword.builtin.ClickKeyword$_click_closure1.call(ClickKeyword.groovy)
	at com.kms.katalon.core.webui.keyword.internal.WebUIKeywordMain.runKeyword(WebUIKeywordMain.groovy:20)
	... 22 more


2023-02-13 15:01:41 - [TEST_STEP][PASSED] - Start listener action : skipStatus: null

2023-02-13 15:01:41 - [TEST_STEP][PASSED] - map = testCaseContext.getTestCaseVariables(): null

2023-02-13 15:01:41 - [TEST_STEP][PASSED] - testcae_status = map.get("testcase_status"): null

2023-02-13 15:01:41 - [TEST_STEP][PASSED] - println(testcae_status): null

2023-02-13 15:01:41 - [TEST_STEP][PASSED] - if (testcae_status == "Passed" || testcae_status == "Failed"): null

2023-02-13 15:01:41 - [TEST_STEP][PASSED] - log = new com.kms.katalon.core.util.KeywordUtil(): null

2023-02-13 15:01:41 - [TEST_STEP][PASSED] - openBrowser(""): Browser is opened with url: ''

2023-02-13 15:01:41 - [MESSAGE][WARNING] - A browser is already opened. Closing browser and opening a new one

2023-02-13 15:01:42 - [MESSAGE][INFO] - Starting 'Chrome' driver

2023-02-13 15:01:42 - [MESSAGE][INFO] - Action delay is set to 0 milliseconds

2023-02-13 15:01:43 - [MESSAGE][PASSED] - Browser is opened with url: ''

2023-02-13 15:01:43 - [TEST_STEP][PASSED] - maximizeWindow(): Current window maximized

2023-02-13 15:01:43 - [MESSAGE][PASSED] - Current window maximized

2023-02-13 15:01:43 - [TEST_STEP][PASSED] - st = new shopify.store(): null

2023-02-13 15:01:43 - [TEST_STEP][PASSED] - st.loginShopifyPartner(partner_email, partner_password, partner_id): Object: 'Object Repository/Shopify/btn_login' is clicked on

2023-02-13 15:01:47 - [MESSAGE][PASSED] - Navigate to 'https://partners.shopify.com/1662018/stores/new' successfully

2023-02-13 15:01:48 - [MESSAGE][PASSED] - Text 'huynh@firegroup.io' is set on object 'Object Repository/Shopify/input_email_shopify'

2023-02-13 15:01:51 - [MESSAGE][PASSED] - Object: 'Object Repository/Shopify/btn_continue_with_email' is clicked on

2023-02-13 15:01:53 - [MESSAGE][PASSED] - Text ****** has been set on object 'Object Repository/Shopify/input_password_shopify'

2023-02-13 15:01:59 - [MESSAGE][PASSED] - Object: 'Object Repository/Shopify/btn_login' is clicked on

2023-02-13 15:01:59 - [TEST_STEP][PASSED] - st.navigateToStoreDevelop(partner_id): Navigate to 'https://partners.shopify.com/1662018/stores/new?store_type=dev_preview_store&developer_preview_handle=checkout_extensibility' successfully

2023-02-13 15:02:00 - [MESSAGE][PASSED] - Navigate to 'https://partners.shopify.com/1662018/stores/new?store_type=dev_preview_store&developer_preview_handle=checkout_extensibility' successfully

2023-02-13 15:02:00 - [TEST_STEP][PASSED] - st.inputStoreName(store_name): Delayed 5 second(s)

2023-02-13 15:02:02 - [MESSAGE][PASSED] - Text 'huynh-ar-stag-2463' is set on object 'Object Repository/Shopify/input_store_name'

2023-02-13 15:02:07 - [MESSAGE][PASSED] - Delayed 5 second(s)

2023-02-13 15:02:07 - [TEST_STEP][PASSED] - shopify.store.clickCreateStore(): shopify.store.clickCreateStore is PASSED

2023-02-13 15:02:07 - [MESSAGE][PASSED] - Object: 'Object Repository/Shopify/btn_create_store' is clicked on

2023-02-13 15:02:27 - [MESSAGE][PASSED] - Delayed 20 second(s)

2023-02-13 15:02:27 - [MESSAGE][PASSED] - shopify.store.clickCreateStore is PASSED

2023-02-13 15:02:27 - [TEST_STEP][PASSED] - shopify.store.importProduct(product_file_local): shopify.store.importProduct is PASSED

2023-02-13 15:02:41 - [MESSAGE][PASSED] - Object: 'Object Repository/Shopify/span_product' is clicked on

2023-02-13 15:02:43 - [MESSAGE][PASSED] - Object: 'Object Repository/Shopify/span_import_product' is clicked on

2023-02-13 15:02:44 - [MESSAGE][PASSED] - File 'C:\Users\huynh\Documents\Socialhead\Automation\Katalon project\CreateStore\CreateStore\Data\products_export.csv' sent to object: 'Object Repository/Shopify/file_product'

2023-02-13 15:02:44 - [MESSAGE][PASSED] - Object: 'Object Repository/Shopify/span_upload_product_continue' is clicked on

2023-02-13 15:02:49 - [MESSAGE][PASSED] - Object: 'Object Repository/Shopify/btn_product_confirm_import' is clicked on

2023-02-13 15:03:19 - [MESSAGE][PASSED] - Delayed 30 second(s)

2023-02-13 15:03:19 - [MESSAGE][PASSED] - Refresh successfully

2023-02-13 15:03:34 - [MESSAGE][PASSED] - Delayed 15 second(s)

2023-02-13 15:03:34 - [MESSAGE][PASSED] - shopify.store.importProduct is PASSED

2023-02-13 15:03:34 - [TEST_STEP][PASSED] - shopify.store.clickOnMenuOnlineStore(): shopify.store.clickOnMenuOnlineStore is PASSED

2023-02-13 15:03:35 - [MESSAGE][PASSED] - Object: 'Object Repository/Shopify Store/a_onlie_store' is clicked on

2023-02-13 15:03:45 - [MESSAGE][PASSED] - Delayed 10 second(s)

2023-02-13 15:03:45 - [MESSAGE][PASSED] - shopify.store.clickOnMenuOnlineStore is PASSED

2023-02-13 15:03:45 - [TEST_STEP][PASSED] - shopify.store.clickOnImportTheme(): shopify.store.clickOnImportTheme is PASSED

2023-02-13 15:03:45 - [MESSAGE][PASSED] - Object: 'Object Repository/Shopify Store/btn_add_theme' is clicked on

2023-02-13 15:03:45 - [MESSAGE][PASSED] - shopify.store.clickOnImportTheme is PASSED

2023-02-13 15:03:45 - [TEST_STEP][PASSED] - shopify.store.uploadThemeFile(theme_file_local): shopify.store.uploadThemeFile is PASSED

2023-02-13 15:03:45 - [MESSAGE][PASSED] - Object: 'Object Repository/Shopify Store/btn_upload_zip_file' is clicked on

2023-02-13 15:03:46 - [MESSAGE][PASSED] - File 'C:\Users\huynh\Documents\Socialhead\Automation\Katalon project\CreateStore\CreateStore\Data\theme_export__www-tiktokgoodies-com-shoptimized-theme-5-03__06MAY2020-1120pm.zip' sent to object: 'Object Repository/Shopify Store/file_theme'

2023-02-13 15:03:46 - [MESSAGE][PASSED] - Object: 'Object Repository/Shopify Store/btn_upload_theme' is clicked on

2023-02-13 15:03:56 - [MESSAGE][PASSED] - Delayed 10 second(s)

2023-02-13 15:03:56 - [MESSAGE][PASSED] - shopify.store.uploadThemeFile is PASSED

2023-02-13 15:03:56 - [TEST_STEP][FAILED] - shopify.store.clickPublishTheme(): Unable to click on object 'Object Repository/Shopify Store/btn_publish_theme'

2023-02-13 15:04:26 - [MESSAGE][PASSED] - Delayed 30 second(s)

2023-02-13 15:04:27 - [MESSAGE][PASSED] - Refresh successfully

2023-02-13 15:04:57 - [MESSAGE][PASSED] - Delayed 30 second(s)

2023-02-13 15:04:57 - [MESSAGE][PASSED] - Object 'Object Repository/Shopify Store/btn_publish_theme' is clickable

2023-02-13 15:05:30 - [MESSAGE][FAILED] - Unable to click on object 'Object Repository/Shopify Store/btn_publish_theme' (Root cause: com.kms.katalon.core.exception.StepFailedException: Unable to click on object 'Object Repository/Shopify Store/btn_publish_theme'
	at com.kms.katalon.core.webui.keyword.internal.WebUIKeywordMain.stepFailed(WebUIKeywordMain.groovy:64)
	at com.kms.katalon.core.webui.keyword.internal.WebUIKeywordMain.runKeyword(WebUIKeywordMain.groovy:26)
	at com.kms.katalon.core.webui.keyword.builtin.ClickKeyword.click(ClickKeyword.groovy:74)
	at com.kms.katalon.core.webui.keyword.builtin.ClickKeyword.execute(ClickKeyword.groovy:40)
	at com.kms.katalon.core.keyword.internal.KeywordExecutor.executeKeywordForPlatform(KeywordExecutor.groovy:74)
	at com.kms.katalon.core.webui.keyword.WebUiBuiltInKeywords.click(WebUiBuiltInKeywords.groovy:620)
	at com.kms.katalon.core.webui.keyword.WebUiBuiltInKeywords$click$3.call(Unknown Source)
	at shopify.store.clickPublishTheme(store.groovy:94)
	at shopify.store.invokeMethod(store.groovy)
	at com.kms.katalon.core.main.CustomKeywordDelegatingMetaClass.invokeStaticMethod(CustomKeywordDelegatingMetaClass.java:55)
	at CreateStore.run(CreateStore:56)
	at com.kms.katalon.core.main.ScriptEngine.run(ScriptEngine.java:194)
	at com.kms.katalon.core.main.ScriptEngine.runScriptAsRawText(ScriptEngine.java:119)
	at com.kms.katalon.core.main.TestCaseExecutor.runScript(TestCaseExecutor.java:448)
	at com.kms.katalon.core.main.TestCaseExecutor.doExecute(TestCaseExecutor.java:439)
	at com.kms.katalon.core.main.TestCaseExecutor.processExecutionPhase(TestCaseExecutor.java:418)
	at com.kms.katalon.core.main.TestCaseExecutor.accessMainPhase(TestCaseExecutor.java:410)
	at com.kms.katalon.core.main.TestCaseExecutor.execute(TestCaseExecutor.java:285)
	at com.kms.katalon.core.common.CommonExecutor.accessTestCaseMainPhase(CommonExecutor.java:65)
	at com.kms.katalon.core.main.TestSuiteExecutor.accessTestSuiteMainPhase(TestSuiteExecutor.java:151)
	at com.kms.katalon.core.main.TestSuiteExecutor.execute(TestSuiteExecutor.java:106)
	at com.kms.katalon.core.main.TestCaseMain.startTestSuite(TestCaseMain.java:185)
	at com.kms.katalon.core.main.TestCaseMain$startTestSuite$0.call(Unknown Source)
	at TempTestSuite1676253455264.run(TempTestSuite1676253455264.groovy:36)
Caused by: org.openqa.selenium.ElementClickInterceptedException: element click intercepted: Element <iframe title="Online Store" src="https://online-store-web.shopifyapps.com/themes?hmac=ee7f79afec1ddf3c42cdf4f5895d247c4ef51cff3853f166244b56b324dcd381&amp;host=YWRtaW4uc2hvcGlmeS5jb20vc3RvcmUvaHV5bmgtYXItc3RhZy0yNDYz&amp;locale=en&amp;session=220fdd5cfdc74548c53432a56d2f921410a536d75aa61cd98548e2d910c0e645&amp;shop=huynh-ar-stag-2463.myshopify.com&amp;timestamp=1676275469&amp;_signed_params=host%2Clocale%2Csession%2Cshop%2Ctimestamp&amp;appLoadId=f3a9ab64-d82e-4192-80e8-94fbfeb22852" name="edd4afa0-eed1-4104-bddc-ec0d1291ea25" context="Main" class="rG8rl" cd_frame_id_="db78deef1fc23f2f287fcaf0fb1799f5"></iframe> is not clickable at point (859, 906). Other element would receive the click: <p class="KZJNR" aria-hidden="true">...</p>
  (Session info: chrome=109.0.5414.121)
Build info: version: '3.141.59', revision: 'e82be7d358', time: '2018-11-14T08:25:53'
System info: host: 'HUYNH', ip: '172.18.224.1', os.name: 'Windows 10', os.arch: 'amd64', os.version: '10.0', java.version: '1.8.0_282'
Driver info: com.kms.katalon.selenium.driver.CChromeDriver
Capabilities {acceptInsecureCerts: false, browserName: chrome, browserVersion: 109.0.5414.121, chrome: {chromedriverVersion: 109.0.5414.74 (e7c5703604da..., userDataDir: C:\Users\huynh\AppData\Loca...}, goog:chromeOptions: {debuggerAddress: localhost:63236}, javascriptEnabled: true, networkConnectionEnabled: false, pageLoadStrategy: normal, platform: WINDOWS, platformName: WINDOWS, proxy: Proxy(), setWindowRect: true, strictFileInteractability: false, timeouts: {implicit: 0, pageLoad: 300000, script: 30000}, unhandledPromptBehavior: dismiss and notify, webauthn:extension:credBlob: true, webauthn:extension:largeBlob: true, webauthn:virtualAuthenticators: true}
Session ID: a7c16475791848f26652dbd23a2ed88b
	at org.openqa.selenium.remote.http.W3CHttpResponseCodec.createException(W3CHttpResponseCodec.java:187)
	at org.openqa.selenium.remote.http.W3CHttpResponseCodec.decode(W3CHttpResponseCodec.java:122)
	at org.openqa.selenium.remote.http.W3CHttpResponseCodec.decode(W3CHttpResponseCodec.java:49)
	at org.openqa.selenium.remote.HttpCommandExecutor.execute(HttpCommandExecutor.java:158)
	at org.openqa.selenium.remote.service.DriverCommandExecutor.execute(DriverCommandExecutor.java:83)
	at org.openqa.selenium.remote.RemoteWebDriver.execute(RemoteWebDriver.java:552)
	at com.kms.katalon.selenium.driver.CChromeDriver.execute(CChromeDriver.java:19)
	at org.openqa.selenium.remote.RemoteWebElement.execute(RemoteWebElement.java:285)
	at org.openqa.selenium.remote.RemoteWebElement.click(RemoteWebElement.java:84)
	at org.openqa.selenium.support.events.EventFiringWebDriver$EventFiringWebElement.lambda$new$0(EventFiringWebDriver.java:404)
	at com.sun.proxy.$Proxy16.click(Unknown Source)
	at org.openqa.selenium.support.events.EventFiringWebDriver$EventFiringWebElement.click(EventFiringWebDriver.java:417)
	at org.openqa.selenium.WebElement$click.call(Unknown Source)
	at com.kms.katalon.core.webui.keyword.builtin.ClickKeyword.clickUntilSuccessWithTimeout(ClickKeyword.groovy:81)
	at com.kms.katalon.core.webui.keyword.builtin.ClickKeyword.clickUntilSuccessWithTimeout(ClickKeyword.groovy)
	at com.kms.katalon.core.webui.keyword.builtin.ClickKeyword$_click_closure1.doCall(ClickKeyword.groovy:67)
	at com.kms.katalon.core.webui.keyword.builtin.ClickKeyword$_click_closure1.call(ClickKeyword.groovy)
	at com.kms.katalon.core.webui.keyword.internal.WebUIKeywordMain.runKeyword(WebUIKeywordMain.groovy:20)
	at com.kms.katalon.core.webui.keyword.builtin.ClickKeyword.click(ClickKeyword.groovy:74)
	at com.kms.katalon.core.webui.keyword.builtin.ClickKeyword.execute(ClickKeyword.groovy:40)
	at com.kms.katalon.core.keyword.internal.KeywordExecutor.executeKeywordForPlatform(KeywordExecutor.groovy:74)
	at com.kms.katalon.core.webui.keyword.WebUiBuiltInKeywords.click(WebUiBuiltInKeywords.groovy:620)
	at com.kms.katalon.core.webui.keyword.WebUiBuiltInKeywords$click$3.call(Unknown Source)
	at shopify.store.clickPublishTheme(store.groovy:94)
	at shopify.store.invokeMethod(store.groovy)
	at com.kms.katalon.core.main.CustomKeywordDelegatingMetaClass.invokeStaticMethod(CustomKeywordDelegatingMetaClass.java:55)
	at Script1673851860327.run(Script1673851860327.groovy:56)
	... 13 more
)
[[ATTACHMENT|C:\\Users\\huynh\\Documents\\Socialhead\\Automation\\Katalon project\\CreateStore\\CreateStore\\Reports\\20230213_085735\\Store\\Create Store\\20230213_085735\\1676275530701.png]]

2023-02-13 15:05:30 - [MESSAGE][FAILED] - Unable to click on object 'Object Repository/Shopify Store/btn_publish_theme'

2023-02-13 15:05:30 - [TEST_STEP][PASSED] - Start tear down : teardownIfFailed: Method 'teardownIfFailed' complete successfully

2023-02-13 15:05:30 - [TEST_STEP][PASSED] - data.excel.updateValueToSheet(file_data, "store", 4, store_name, 7, "Failed"): data.excel.updateValueToSheet is PASSED

2023-02-13 15:05:30 - [MESSAGE][PASSED] - data.excel.updateValueToSheet is PASSED

2023-02-13 15:05:30 - [MESSAGE][PASSED] - Method 'teardownIfFailed' complete successfully]]></system-out>
         <system-err><![CDATA[2023-02-13 15:01:41 - [TEST_CASE][FAILED] - Test Cases/Shopify/CreateStore: Test Cases/Shopify/CreateStore FAILED.
Reason:
com.kms.katalon.core.exception.StepFailedException: Unable to click on object 'Object Repository/Shopify Store/btn_publish_theme'
	at com.kms.katalon.core.webui.keyword.internal.WebUIKeywordMain.stepFailed(WebUIKeywordMain.groovy:64)
	at com.kms.katalon.core.webui.keyword.internal.WebUIKeywordMain.runKeyword(WebUIKeywordMain.groovy:26)
	at com.kms.katalon.core.webui.keyword.builtin.ClickKeyword.click(ClickKeyword.groovy:74)
	at com.kms.katalon.core.webui.keyword.builtin.ClickKeyword.execute(ClickKeyword.groovy:40)
	at com.kms.katalon.core.keyword.internal.KeywordExecutor.executeKeywordForPlatform(KeywordExecutor.groovy:74)
	at com.kms.katalon.core.webui.keyword.WebUiBuiltInKeywords.click(WebUiBuiltInKeywords.groovy:620)
	at com.kms.katalon.core.webui.keyword.WebUiBuiltInKeywords$click$3.call(Unknown Source)
	at shopify.store.clickPublishTheme(store.groovy:94)
	at shopify.store.invokeMethod(store.groovy)
	at com.kms.katalon.core.main.CustomKeywordDelegatingMetaClass.invokeStaticMethod(CustomKeywordDelegatingMetaClass.java:55)
	at CreateStore.run(CreateStore:56)
	at com.kms.katalon.core.main.ScriptEngine.run(ScriptEngine.java:194)
	at com.kms.katalon.core.main.ScriptEngine.runScriptAsRawText(ScriptEngine.java:119)
	at com.kms.katalon.core.main.TestCaseExecutor.runScript(TestCaseExecutor.java:448)
	at com.kms.katalon.core.main.TestCaseExecutor.doExecute(TestCaseExecutor.java:439)
	at com.kms.katalon.core.main.TestCaseExecutor.processExecutionPhase(TestCaseExecutor.java:418)
	at com.kms.katalon.core.main.TestCaseExecutor.accessMainPhase(TestCaseExecutor.java:410)
	at com.kms.katalon.core.main.TestCaseExecutor.execute(TestCaseExecutor.java:285)
	at com.kms.katalon.core.common.CommonExecutor.accessTestCaseMainPhase(CommonExecutor.java:65)
	at com.kms.katalon.core.main.TestSuiteExecutor.accessTestSuiteMainPhase(TestSuiteExecutor.java:151)
	at com.kms.katalon.core.main.TestSuiteExecutor.execute(TestSuiteExecutor.java:106)
	at com.kms.katalon.core.main.TestCaseMain.startTestSuite(TestCaseMain.java:185)
	at com.kms.katalon.core.main.TestCaseMain$startTestSuite$0.call(Unknown Source)
	at TempTestSuite1676253455264.run(TempTestSuite1676253455264.groovy:36)
Caused by: org.openqa.selenium.ElementClickInterceptedException: element click intercepted: Element <iframe title="Online Store" src="https://online-store-web.shopifyapps.com/themes?hmac=ee7f79afec1ddf3c42cdf4f5895d247c4ef51cff3853f166244b56b324dcd381&amp;host=YWRtaW4uc2hvcGlmeS5jb20vc3RvcmUvaHV5bmgtYXItc3RhZy0yNDYz&amp;locale=en&amp;session=220fdd5cfdc74548c53432a56d2f921410a536d75aa61cd98548e2d910c0e645&amp;shop=huynh-ar-stag-2463.myshopify.com&amp;timestamp=1676275469&amp;_signed_params=host%2Clocale%2Csession%2Cshop%2Ctimestamp&amp;appLoadId=f3a9ab64-d82e-4192-80e8-94fbfeb22852" name="edd4afa0-eed1-4104-bddc-ec0d1291ea25" context="Main" class="rG8rl" cd_frame_id_="db78deef1fc23f2f287fcaf0fb1799f5"></iframe> is not clickable at point (859, 906). Other element would receive the click: <p class="KZJNR" aria-hidden="true">...</p>
  (Session info: chrome=109.0.5414.121)
Build info: version: '3.141.59', revision: 'e82be7d358', time: '2018-11-14T08:25:53'
System info: host: 'HUYNH', ip: '172.18.224.1', os.name: 'Windows 10', os.arch: 'amd64', os.version: '10.0', java.version: '1.8.0_282'
Driver info: com.kms.katalon.selenium.driver.CChromeDriver
Capabilities {acceptInsecureCerts: false, browserName: chrome, browserVersion: 109.0.5414.121, chrome: {chromedriverVersion: 109.0.5414.74 (e7c5703604da..., userDataDir: C:\Users\huynh\AppData\Loca...}, goog:chromeOptions: {debuggerAddress: localhost:63236}, javascriptEnabled: true, networkConnectionEnabled: false, pageLoadStrategy: normal, platform: WINDOWS, platformName: WINDOWS, proxy: Proxy(), setWindowRect: true, strictFileInteractability: false, timeouts: {implicit: 0, pageLoad: 300000, script: 30000}, unhandledPromptBehavior: dismiss and notify, webauthn:extension:credBlob: true, webauthn:extension:largeBlob: true, webauthn:virtualAuthenticators: true}
Session ID: a7c16475791848f26652dbd23a2ed88b
	at org.openqa.selenium.remote.http.W3CHttpResponseCodec.createException(W3CHttpResponseCodec.java:187)
	at org.openqa.selenium.remote.http.W3CHttpResponseCodec.decode(W3CHttpResponseCodec.java:122)
	at org.openqa.selenium.remote.http.W3CHttpResponseCodec.decode(W3CHttpResponseCodec.java:49)
	at org.openqa.selenium.remote.HttpCommandExecutor.execute(HttpCommandExecutor.java:158)
	at org.openqa.selenium.remote.service.DriverCommandExecutor.execute(DriverCommandExecutor.java:83)
	at org.openqa.selenium.remote.RemoteWebDriver.execute(RemoteWebDriver.java:552)
	at com.kms.katalon.selenium.driver.CChromeDriver.execute(CChromeDriver.java:19)
	at org.openqa.selenium.remote.RemoteWebElement.execute(RemoteWebElement.java:285)
	at org.openqa.selenium.remote.RemoteWebElement.click(RemoteWebElement.java:84)
	at org.openqa.selenium.support.events.EventFiringWebDriver$EventFiringWebElement.lambda$new$0(EventFiringWebDriver.java:404)
	at com.sun.proxy.$Proxy16.click(Unknown Source)
	at org.openqa.selenium.support.events.EventFiringWebDriver$EventFiringWebElement.click(EventFiringWebDriver.java:417)
	at org.openqa.selenium.WebElement$click.call(Unknown Source)
	at com.kms.katalon.core.webui.keyword.builtin.ClickKeyword.clickUntilSuccessWithTimeout(ClickKeyword.groovy:81)
	at com.kms.katalon.core.webui.keyword.builtin.ClickKeyword.clickUntilSuccessWithTimeout(ClickKeyword.groovy)
	at com.kms.katalon.core.webui.keyword.builtin.ClickKeyword$_click_closure1.doCall(ClickKeyword.groovy:67)
	at com.kms.katalon.core.webui.keyword.builtin.ClickKeyword$_click_closure1.call(ClickKeyword.groovy)
	at com.kms.katalon.core.webui.keyword.internal.WebUIKeywordMain.runKeyword(WebUIKeywordMain.groovy:20)
	... 22 more]]></system-err>
      </testcase>
      <testcase name="Test Cases/Shopify/CreateStore" time="226.371" classname="Test Cases/Shopify/CreateStore" status="FAILED">
         <failure type="FAILED" message="Test Cases/Shopify/CreateStore FAILED.
Reason:
com.kms.katalon.core.exception.StepFailedException: Unable to click on object 'Object Repository/Shopify Store/btn_publish_theme'
	at com.kms.katalon.core.webui.keyword.internal.WebUIKeywordMain.stepFailed(WebUIKeywordMain.groovy:64)
	at com.kms.katalon.core.webui.keyword.internal.WebUIKeywordMain.runKeyword(WebUIKeywordMain.groovy:26)
	at com.kms.katalon.core.webui.keyword.builtin.ClickKeyword.click(ClickKeyword.groovy:74)
	at com.kms.katalon.core.webui.keyword.builtin.ClickKeyword.execute(ClickKeyword.groovy:40)
	at com.kms.katalon.core.keyword.internal.KeywordExecutor.executeKeywordForPlatform(KeywordExecutor.groovy:74)
	at com.kms.katalon.core.webui.keyword.WebUiBuiltInKeywords.click(WebUiBuiltInKeywords.groovy:620)
	at com.kms.katalon.core.webui.keyword.WebUiBuiltInKeywords$click$3.call(Unknown Source)
	at shopify.store.clickPublishTheme(store.groovy:94)
	at shopify.store.invokeMethod(store.groovy)
	at com.kms.katalon.core.main.CustomKeywordDelegatingMetaClass.invokeStaticMethod(CustomKeywordDelegatingMetaClass.java:55)
	at CreateStore.run(CreateStore:56)
	at com.kms.katalon.core.main.ScriptEngine.run(ScriptEngine.java:194)
	at com.kms.katalon.core.main.ScriptEngine.runScriptAsRawText(ScriptEngine.java:119)
	at com.kms.katalon.core.main.TestCaseExecutor.runScript(TestCaseExecutor.java:448)
	at com.kms.katalon.core.main.TestCaseExecutor.doExecute(TestCaseExecutor.java:439)
	at com.kms.katalon.core.main.TestCaseExecutor.processExecutionPhase(TestCaseExecutor.java:418)
	at com.kms.katalon.core.main.TestCaseExecutor.accessMainPhase(TestCaseExecutor.java:410)
	at com.kms.katalon.core.main.TestCaseExecutor.execute(TestCaseExecutor.java:285)
	at com.kms.katalon.core.common.CommonExecutor.accessTestCaseMainPhase(CommonExecutor.java:65)
	at com.kms.katalon.core.main.TestSuiteExecutor.accessTestSuiteMainPhase(TestSuiteExecutor.java:151)
	at com.kms.katalon.core.main.TestSuiteExecutor.execute(TestSuiteExecutor.java:106)
	at com.kms.katalon.core.main.TestCaseMain.startTestSuite(TestCaseMain.java:185)
	at com.kms.katalon.core.main.TestCaseMain$startTestSuite$0.call(Unknown Source)
	at TempTestSuite1676253455264.run(TempTestSuite1676253455264.groovy:36)
Caused by: org.openqa.selenium.ElementClickInterceptedException: element click intercepted: Element &lt;iframe title=&quot;Online Store&quot; src=&quot;https://online-store-web.shopifyapps.com/themes?hmac=0a5d2d436bff67154f7d33bcfaf67e8730492951b8dc452497586fac3876c842&amp;amp;host=YWRtaW4uc2hvcGlmeS5jb20vc3RvcmUvaHV5bmgtYXItc3RhZy0yNDY0&amp;amp;locale=en&amp;amp;session=714a6de9e1824469f070e4ddf20d68e4292b08b0dccd6114eb9ff3398bf68221&amp;amp;shop=huynh-ar-stag-2464.myshopify.com&amp;amp;timestamp=1676275695&amp;amp;_signed_params=host%2Clocale%2Csession%2Cshop%2Ctimestamp&amp;amp;appLoadId=5e6c2c42-1930-4de3-8c9d-8f35e1bc7c23&quot; name=&quot;d84e9147-0ec0-4b28-a920-0e56ee4a7191&quot; context=&quot;Main&quot; class=&quot;rG8rl&quot; cd_frame_id_=&quot;51db4daf106633242d95317b4c0282b4&quot;>&lt;/iframe> is not clickable at point (859, 906). Other element would receive the click: &lt;p class=&quot;KZJNR&quot; aria-hidden=&quot;true&quot;>...&lt;/p>
  (Session info: chrome=109.0.5414.121)
Build info: version: '3.141.59', revision: 'e82be7d358', time: '2018-11-14T08:25:53'
System info: host: 'HUYNH', ip: '172.18.224.1', os.name: 'Windows 10', os.arch: 'amd64', os.version: '10.0', java.version: '1.8.0_282'
Driver info: com.kms.katalon.selenium.driver.CChromeDriver
Capabilities {acceptInsecureCerts: false, browserName: chrome, browserVersion: 109.0.5414.121, chrome: {chromedriverVersion: 109.0.5414.74 (e7c5703604da..., userDataDir: C:\Users\huynh\AppData\Loca...}, goog:chromeOptions: {debuggerAddress: localhost:63358}, javascriptEnabled: true, networkConnectionEnabled: false, pageLoadStrategy: normal, platform: WINDOWS, platformName: WINDOWS, proxy: Proxy(), setWindowRect: true, strictFileInteractability: false, timeouts: {implicit: 0, pageLoad: 300000, script: 30000}, unhandledPromptBehavior: dismiss and notify, webauthn:extension:credBlob: true, webauthn:extension:largeBlob: true, webauthn:virtualAuthenticators: true}
Session ID: 111177b2a4e42f8e2284000c65653b35
	at org.openqa.selenium.remote.http.W3CHttpResponseCodec.createException(W3CHttpResponseCodec.java:187)
	at org.openqa.selenium.remote.http.W3CHttpResponseCodec.decode(W3CHttpResponseCodec.java:122)
	at org.openqa.selenium.remote.http.W3CHttpResponseCodec.decode(W3CHttpResponseCodec.java:49)
	at org.openqa.selenium.remote.HttpCommandExecutor.execute(HttpCommandExecutor.java:158)
	at org.openqa.selenium.remote.service.DriverCommandExecutor.execute(DriverCommandExecutor.java:83)
	at org.openqa.selenium.remote.RemoteWebDriver.execute(RemoteWebDriver.java:552)
	at com.kms.katalon.selenium.driver.CChromeDriver.execute(CChromeDriver.java:19)
	at org.openqa.selenium.remote.RemoteWebElement.execute(RemoteWebElement.java:285)
	at org.openqa.selenium.remote.RemoteWebElement.click(RemoteWebElement.java:84)
	at org.openqa.selenium.support.events.EventFiringWebDriver$EventFiringWebElement.lambda$new$0(EventFiringWebDriver.java:404)
	at com.sun.proxy.$Proxy16.click(Unknown Source)
	at org.openqa.selenium.support.events.EventFiringWebDriver$EventFiringWebElement.click(EventFiringWebDriver.java:417)
	at org.openqa.selenium.WebElement$click.call(Unknown Source)
	at com.kms.katalon.core.webui.keyword.builtin.ClickKeyword.clickUntilSuccessWithTimeout(ClickKeyword.groovy:81)
	at com.kms.katalon.core.webui.keyword.builtin.ClickKeyword.clickUntilSuccessWithTimeout(ClickKeyword.groovy)
	at com.kms.katalon.core.webui.keyword.builtin.ClickKeyword$_click_closure1.doCall(ClickKeyword.groovy:67)
	at com.kms.katalon.core.webui.keyword.builtin.ClickKeyword$_click_closure1.call(ClickKeyword.groovy)
	at com.kms.katalon.core.webui.keyword.internal.WebUIKeywordMain.runKeyword(WebUIKeywordMain.groovy:20)
	... 22 more
"/>
         <system-out><![CDATA[2023-02-13 15:05:30 - [TEST_CASE][FAILED] - Test Cases/Shopify/CreateStore: Test Cases/Shopify/CreateStore FAILED.
Reason:
com.kms.katalon.core.exception.StepFailedException: Unable to click on object 'Object Repository/Shopify Store/btn_publish_theme'
	at com.kms.katalon.core.webui.keyword.internal.WebUIKeywordMain.stepFailed(WebUIKeywordMain.groovy:64)
	at com.kms.katalon.core.webui.keyword.internal.WebUIKeywordMain.runKeyword(WebUIKeywordMain.groovy:26)
	at com.kms.katalon.core.webui.keyword.builtin.ClickKeyword.click(ClickKeyword.groovy:74)
	at com.kms.katalon.core.webui.keyword.builtin.ClickKeyword.execute(ClickKeyword.groovy:40)
	at com.kms.katalon.core.keyword.internal.KeywordExecutor.executeKeywordForPlatform(KeywordExecutor.groovy:74)
	at com.kms.katalon.core.webui.keyword.WebUiBuiltInKeywords.click(WebUiBuiltInKeywords.groovy:620)
	at com.kms.katalon.core.webui.keyword.WebUiBuiltInKeywords$click$3.call(Unknown Source)
	at shopify.store.clickPublishTheme(store.groovy:94)
	at shopify.store.invokeMethod(store.groovy)
	at com.kms.katalon.core.main.CustomKeywordDelegatingMetaClass.invokeStaticMethod(CustomKeywordDelegatingMetaClass.java:55)
	at CreateStore.run(CreateStore:56)
	at com.kms.katalon.core.main.ScriptEngine.run(ScriptEngine.java:194)
	at com.kms.katalon.core.main.ScriptEngine.runScriptAsRawText(ScriptEngine.java:119)
	at com.kms.katalon.core.main.TestCaseExecutor.runScript(TestCaseExecutor.java:448)
	at com.kms.katalon.core.main.TestCaseExecutor.doExecute(TestCaseExecutor.java:439)
	at com.kms.katalon.core.main.TestCaseExecutor.processExecutionPhase(TestCaseExecutor.java:418)
	at com.kms.katalon.core.main.TestCaseExecutor.accessMainPhase(TestCaseExecutor.java:410)
	at com.kms.katalon.core.main.TestCaseExecutor.execute(TestCaseExecutor.java:285)
	at com.kms.katalon.core.common.CommonExecutor.accessTestCaseMainPhase(CommonExecutor.java:65)
	at com.kms.katalon.core.main.TestSuiteExecutor.accessTestSuiteMainPhase(TestSuiteExecutor.java:151)
	at com.kms.katalon.core.main.TestSuiteExecutor.execute(TestSuiteExecutor.java:106)
	at com.kms.katalon.core.main.TestCaseMain.startTestSuite(TestCaseMain.java:185)
	at com.kms.katalon.core.main.TestCaseMain$startTestSuite$0.call(Unknown Source)
	at TempTestSuite1676253455264.run(TempTestSuite1676253455264.groovy:36)
Caused by: org.openqa.selenium.ElementClickInterceptedException: element click intercepted: Element <iframe title="Online Store" src="https://online-store-web.shopifyapps.com/themes?hmac=0a5d2d436bff67154f7d33bcfaf67e8730492951b8dc452497586fac3876c842&amp;host=YWRtaW4uc2hvcGlmeS5jb20vc3RvcmUvaHV5bmgtYXItc3RhZy0yNDY0&amp;locale=en&amp;session=714a6de9e1824469f070e4ddf20d68e4292b08b0dccd6114eb9ff3398bf68221&amp;shop=huynh-ar-stag-2464.myshopify.com&amp;timestamp=1676275695&amp;_signed_params=host%2Clocale%2Csession%2Cshop%2Ctimestamp&amp;appLoadId=5e6c2c42-1930-4de3-8c9d-8f35e1bc7c23" name="d84e9147-0ec0-4b28-a920-0e56ee4a7191" context="Main" class="rG8rl" cd_frame_id_="51db4daf106633242d95317b4c0282b4"></iframe> is not clickable at point (859, 906). Other element would receive the click: <p class="KZJNR" aria-hidden="true">...</p>
  (Session info: chrome=109.0.5414.121)
Build info: version: '3.141.59', revision: 'e82be7d358', time: '2018-11-14T08:25:53'
System info: host: 'HUYNH', ip: '172.18.224.1', os.name: 'Windows 10', os.arch: 'amd64', os.version: '10.0', java.version: '1.8.0_282'
Driver info: com.kms.katalon.selenium.driver.CChromeDriver
Capabilities {acceptInsecureCerts: false, browserName: chrome, browserVersion: 109.0.5414.121, chrome: {chromedriverVersion: 109.0.5414.74 (e7c5703604da..., userDataDir: C:\Users\huynh\AppData\Loca...}, goog:chromeOptions: {debuggerAddress: localhost:63358}, javascriptEnabled: true, networkConnectionEnabled: false, pageLoadStrategy: normal, platform: WINDOWS, platformName: WINDOWS, proxy: Proxy(), setWindowRect: true, strictFileInteractability: false, timeouts: {implicit: 0, pageLoad: 300000, script: 30000}, unhandledPromptBehavior: dismiss and notify, webauthn:extension:credBlob: true, webauthn:extension:largeBlob: true, webauthn:virtualAuthenticators: true}
Session ID: 111177b2a4e42f8e2284000c65653b35
	at org.openqa.selenium.remote.http.W3CHttpResponseCodec.createException(W3CHttpResponseCodec.java:187)
	at org.openqa.selenium.remote.http.W3CHttpResponseCodec.decode(W3CHttpResponseCodec.java:122)
	at org.openqa.selenium.remote.http.W3CHttpResponseCodec.decode(W3CHttpResponseCodec.java:49)
	at org.openqa.selenium.remote.HttpCommandExecutor.execute(HttpCommandExecutor.java:158)
	at org.openqa.selenium.remote.service.DriverCommandExecutor.execute(DriverCommandExecutor.java:83)
	at org.openqa.selenium.remote.RemoteWebDriver.execute(RemoteWebDriver.java:552)
	at com.kms.katalon.selenium.driver.CChromeDriver.execute(CChromeDriver.java:19)
	at org.openqa.selenium.remote.RemoteWebElement.execute(RemoteWebElement.java:285)
	at org.openqa.selenium.remote.RemoteWebElement.click(RemoteWebElement.java:84)
	at org.openqa.selenium.support.events.EventFiringWebDriver$EventFiringWebElement.lambda$new$0(EventFiringWebDriver.java:404)
	at com.sun.proxy.$Proxy16.click(Unknown Source)
	at org.openqa.selenium.support.events.EventFiringWebDriver$EventFiringWebElement.click(EventFiringWebDriver.java:417)
	at org.openqa.selenium.WebElement$click.call(Unknown Source)
	at com.kms.katalon.core.webui.keyword.builtin.ClickKeyword.clickUntilSuccessWithTimeout(ClickKeyword.groovy:81)
	at com.kms.katalon.core.webui.keyword.builtin.ClickKeyword.clickUntilSuccessWithTimeout(ClickKeyword.groovy)
	at com.kms.katalon.core.webui.keyword.builtin.ClickKeyword$_click_closure1.doCall(ClickKeyword.groovy:67)
	at com.kms.katalon.core.webui.keyword.builtin.ClickKeyword$_click_closure1.call(ClickKeyword.groovy)
	at com.kms.katalon.core.webui.keyword.internal.WebUIKeywordMain.runKeyword(WebUIKeywordMain.groovy:20)
	... 22 more


2023-02-13 15:05:31 - [TEST_STEP][PASSED] - Start listener action : skipStatus: null

2023-02-13 15:05:31 - [TEST_STEP][PASSED] - map = testCaseContext.getTestCaseVariables(): null

2023-02-13 15:05:31 - [TEST_STEP][PASSED] - testcae_status = map.get("testcase_status"): null

2023-02-13 15:05:31 - [TEST_STEP][PASSED] - println(testcae_status): null

2023-02-13 15:05:31 - [TEST_STEP][PASSED] - if (testcae_status == "Passed" || testcae_status == "Failed"): null

2023-02-13 15:05:31 - [TEST_STEP][PASSED] - log = new com.kms.katalon.core.util.KeywordUtil(): null

2023-02-13 15:05:31 - [TEST_STEP][PASSED] - openBrowser(""): Browser is opened with url: ''

2023-02-13 15:05:31 - [MESSAGE][WARNING] - A browser is already opened. Closing browser and opening a new one

2023-02-13 15:05:31 - [MESSAGE][INFO] - Starting 'Chrome' driver

2023-02-13 15:05:31 - [MESSAGE][INFO] - Action delay is set to 0 milliseconds

2023-02-13 15:05:32 - [MESSAGE][PASSED] - Browser is opened with url: ''

2023-02-13 15:05:32 - [TEST_STEP][PASSED] - maximizeWindow(): Current window maximized

2023-02-13 15:05:32 - [MESSAGE][PASSED] - Current window maximized

2023-02-13 15:05:32 - [TEST_STEP][PASSED] - st = new shopify.store(): null

2023-02-13 15:05:32 - [TEST_STEP][PASSED] - st.loginShopifyPartner(partner_email, partner_password, partner_id): Object: 'Object Repository/Shopify/btn_login' is clicked on

2023-02-13 15:05:37 - [MESSAGE][PASSED] - Navigate to 'https://partners.shopify.com/1662018/stores/new' successfully

2023-02-13 15:05:38 - [MESSAGE][PASSED] - Text 'huynh@firegroup.io' is set on object 'Object Repository/Shopify/input_email_shopify'

2023-02-13 15:05:43 - [MESSAGE][PASSED] - Object: 'Object Repository/Shopify/btn_continue_with_email' is clicked on

2023-02-13 15:05:45 - [MESSAGE][PASSED] - Text ****** has been set on object 'Object Repository/Shopify/input_password_shopify'

2023-02-13 15:05:50 - [MESSAGE][PASSED] - Object: 'Object Repository/Shopify/btn_login' is clicked on

2023-02-13 15:05:50 - [TEST_STEP][PASSED] - st.navigateToStoreDevelop(partner_id): Navigate to 'https://partners.shopify.com/1662018/stores/new?store_type=dev_preview_store&developer_preview_handle=checkout_extensibility' successfully

2023-02-13 15:05:51 - [MESSAGE][PASSED] - Navigate to 'https://partners.shopify.com/1662018/stores/new?store_type=dev_preview_store&developer_preview_handle=checkout_extensibility' successfully

2023-02-13 15:05:51 - [TEST_STEP][PASSED] - st.inputStoreName(store_name): Delayed 5 second(s)

2023-02-13 15:05:53 - [MESSAGE][PASSED] - Text 'huynh-ar-stag-2464' is set on object 'Object Repository/Shopify/input_store_name'

2023-02-13 15:05:58 - [MESSAGE][PASSED] - Delayed 5 second(s)

2023-02-13 15:05:58 - [TEST_STEP][PASSED] - shopify.store.clickCreateStore(): shopify.store.clickCreateStore is PASSED

2023-02-13 15:05:58 - [MESSAGE][PASSED] - Object: 'Object Repository/Shopify/btn_create_store' is clicked on

2023-02-13 15:06:18 - [MESSAGE][PASSED] - Delayed 20 second(s)

2023-02-13 15:06:18 - [MESSAGE][PASSED] - shopify.store.clickCreateStore is PASSED

2023-02-13 15:06:18 - [TEST_STEP][PASSED] - shopify.store.importProduct(product_file_local): shopify.store.importProduct is PASSED

2023-02-13 15:06:30 - [MESSAGE][PASSED] - Object: 'Object Repository/Shopify/span_product' is clicked on

2023-02-13 15:06:32 - [MESSAGE][PASSED] - Object: 'Object Repository/Shopify/span_import_product' is clicked on

2023-02-13 15:06:32 - [MESSAGE][PASSED] - File 'C:\Users\huynh\Documents\Socialhead\Automation\Katalon project\CreateStore\CreateStore\Data\products_export.csv' sent to object: 'Object Repository/Shopify/file_product'

2023-02-13 15:06:33 - [MESSAGE][PASSED] - Object: 'Object Repository/Shopify/span_upload_product_continue' is clicked on

2023-02-13 15:06:36 - [MESSAGE][PASSED] - Object: 'Object Repository/Shopify/btn_product_confirm_import' is clicked on

2023-02-13 15:07:06 - [MESSAGE][PASSED] - Delayed 30 second(s)

2023-02-13 15:07:06 - [MESSAGE][PASSED] - Refresh successfully

2023-02-13 15:07:21 - [MESSAGE][PASSED] - Delayed 15 second(s)

2023-02-13 15:07:21 - [MESSAGE][PASSED] - shopify.store.importProduct is PASSED

2023-02-13 15:07:21 - [TEST_STEP][PASSED] - shopify.store.clickOnMenuOnlineStore(): shopify.store.clickOnMenuOnlineStore is PASSED

2023-02-13 15:07:22 - [MESSAGE][PASSED] - Object: 'Object Repository/Shopify Store/a_onlie_store' is clicked on

2023-02-13 15:07:32 - [MESSAGE][PASSED] - Delayed 10 second(s)

2023-02-13 15:07:32 - [MESSAGE][PASSED] - shopify.store.clickOnMenuOnlineStore is PASSED

2023-02-13 15:07:32 - [TEST_STEP][PASSED] - shopify.store.clickOnImportTheme(): shopify.store.clickOnImportTheme is PASSED

2023-02-13 15:07:32 - [MESSAGE][PASSED] - Object: 'Object Repository/Shopify Store/btn_add_theme' is clicked on

2023-02-13 15:07:32 - [MESSAGE][PASSED] - shopify.store.clickOnImportTheme is PASSED

2023-02-13 15:07:32 - [TEST_STEP][PASSED] - shopify.store.uploadThemeFile(theme_file_local): shopify.store.uploadThemeFile is PASSED

2023-02-13 15:07:32 - [MESSAGE][PASSED] - Object: 'Object Repository/Shopify Store/btn_upload_zip_file' is clicked on

2023-02-13 15:07:33 - [MESSAGE][PASSED] - File 'C:\Users\huynh\Documents\Socialhead\Automation\Katalon project\CreateStore\CreateStore\Data\theme_export__www-tiktokgoodies-com-shoptimized-theme-5-1-2__06MAY2020-1120pm.zip' sent to object: 'Object Repository/Shopify Store/file_theme'

2023-02-13 15:07:33 - [MESSAGE][PASSED] - Object: 'Object Repository/Shopify Store/btn_upload_theme' is clicked on

2023-02-13 15:07:43 - [MESSAGE][PASSED] - Delayed 10 second(s)

2023-02-13 15:07:43 - [MESSAGE][PASSED] - shopify.store.uploadThemeFile is PASSED

2023-02-13 15:07:43 - [TEST_STEP][FAILED] - shopify.store.clickPublishTheme(): Unable to click on object 'Object Repository/Shopify Store/btn_publish_theme'

2023-02-13 15:08:13 - [MESSAGE][PASSED] - Delayed 30 second(s)

2023-02-13 15:08:14 - [MESSAGE][PASSED] - Refresh successfully

2023-02-13 15:08:44 - [MESSAGE][PASSED] - Delayed 30 second(s)

2023-02-13 15:08:44 - [MESSAGE][PASSED] - Object 'Object Repository/Shopify Store/btn_publish_theme' is clickable

2023-02-13 15:09:17 - [MESSAGE][FAILED] - Unable to click on object 'Object Repository/Shopify Store/btn_publish_theme' (Root cause: com.kms.katalon.core.exception.StepFailedException: Unable to click on object 'Object Repository/Shopify Store/btn_publish_theme'
	at com.kms.katalon.core.webui.keyword.internal.WebUIKeywordMain.stepFailed(WebUIKeywordMain.groovy:64)
	at com.kms.katalon.core.webui.keyword.internal.WebUIKeywordMain.runKeyword(WebUIKeywordMain.groovy:26)
	at com.kms.katalon.core.webui.keyword.builtin.ClickKeyword.click(ClickKeyword.groovy:74)
	at com.kms.katalon.core.webui.keyword.builtin.ClickKeyword.execute(ClickKeyword.groovy:40)
	at com.kms.katalon.core.keyword.internal.KeywordExecutor.executeKeywordForPlatform(KeywordExecutor.groovy:74)
	at com.kms.katalon.core.webui.keyword.WebUiBuiltInKeywords.click(WebUiBuiltInKeywords.groovy:620)
	at com.kms.katalon.core.webui.keyword.WebUiBuiltInKeywords$click$3.call(Unknown Source)
	at shopify.store.clickPublishTheme(store.groovy:94)
	at shopify.store.invokeMethod(store.groovy)
	at com.kms.katalon.core.main.CustomKeywordDelegatingMetaClass.invokeStaticMethod(CustomKeywordDelegatingMetaClass.java:55)
	at CreateStore.run(CreateStore:56)
	at com.kms.katalon.core.main.ScriptEngine.run(ScriptEngine.java:194)
	at com.kms.katalon.core.main.ScriptEngine.runScriptAsRawText(ScriptEngine.java:119)
	at com.kms.katalon.core.main.TestCaseExecutor.runScript(TestCaseExecutor.java:448)
	at com.kms.katalon.core.main.TestCaseExecutor.doExecute(TestCaseExecutor.java:439)
	at com.kms.katalon.core.main.TestCaseExecutor.processExecutionPhase(TestCaseExecutor.java:418)
	at com.kms.katalon.core.main.TestCaseExecutor.accessMainPhase(TestCaseExecutor.java:410)
	at com.kms.katalon.core.main.TestCaseExecutor.execute(TestCaseExecutor.java:285)
	at com.kms.katalon.core.common.CommonExecutor.accessTestCaseMainPhase(CommonExecutor.java:65)
	at com.kms.katalon.core.main.TestSuiteExecutor.accessTestSuiteMainPhase(TestSuiteExecutor.java:151)
	at com.kms.katalon.core.main.TestSuiteExecutor.execute(TestSuiteExecutor.java:106)
	at com.kms.katalon.core.main.TestCaseMain.startTestSuite(TestCaseMain.java:185)
	at com.kms.katalon.core.main.TestCaseMain$startTestSuite$0.call(Unknown Source)
	at TempTestSuite1676253455264.run(TempTestSuite1676253455264.groovy:36)
Caused by: org.openqa.selenium.ElementClickInterceptedException: element click intercepted: Element <iframe title="Online Store" src="https://online-store-web.shopifyapps.com/themes?hmac=0a5d2d436bff67154f7d33bcfaf67e8730492951b8dc452497586fac3876c842&amp;host=YWRtaW4uc2hvcGlmeS5jb20vc3RvcmUvaHV5bmgtYXItc3RhZy0yNDY0&amp;locale=en&amp;session=714a6de9e1824469f070e4ddf20d68e4292b08b0dccd6114eb9ff3398bf68221&amp;shop=huynh-ar-stag-2464.myshopify.com&amp;timestamp=1676275695&amp;_signed_params=host%2Clocale%2Csession%2Cshop%2Ctimestamp&amp;appLoadId=5e6c2c42-1930-4de3-8c9d-8f35e1bc7c23" name="d84e9147-0ec0-4b28-a920-0e56ee4a7191" context="Main" class="rG8rl" cd_frame_id_="51db4daf106633242d95317b4c0282b4"></iframe> is not clickable at point (859, 906). Other element would receive the click: <p class="KZJNR" aria-hidden="true">...</p>
  (Session info: chrome=109.0.5414.121)
Build info: version: '3.141.59', revision: 'e82be7d358', time: '2018-11-14T08:25:53'
System info: host: 'HUYNH', ip: '172.18.224.1', os.name: 'Windows 10', os.arch: 'amd64', os.version: '10.0', java.version: '1.8.0_282'
Driver info: com.kms.katalon.selenium.driver.CChromeDriver
Capabilities {acceptInsecureCerts: false, browserName: chrome, browserVersion: 109.0.5414.121, chrome: {chromedriverVersion: 109.0.5414.74 (e7c5703604da..., userDataDir: C:\Users\huynh\AppData\Loca...}, goog:chromeOptions: {debuggerAddress: localhost:63358}, javascriptEnabled: true, networkConnectionEnabled: false, pageLoadStrategy: normal, platform: WINDOWS, platformName: WINDOWS, proxy: Proxy(), setWindowRect: true, strictFileInteractability: false, timeouts: {implicit: 0, pageLoad: 300000, script: 30000}, unhandledPromptBehavior: dismiss and notify, webauthn:extension:credBlob: true, webauthn:extension:largeBlob: true, webauthn:virtualAuthenticators: true}
Session ID: 111177b2a4e42f8e2284000c65653b35
	at org.openqa.selenium.remote.http.W3CHttpResponseCodec.createException(W3CHttpResponseCodec.java:187)
	at org.openqa.selenium.remote.http.W3CHttpResponseCodec.decode(W3CHttpResponseCodec.java:122)
	at org.openqa.selenium.remote.http.W3CHttpResponseCodec.decode(W3CHttpResponseCodec.java:49)
	at org.openqa.selenium.remote.HttpCommandExecutor.execute(HttpCommandExecutor.java:158)
	at org.openqa.selenium.remote.service.DriverCommandExecutor.execute(DriverCommandExecutor.java:83)
	at org.openqa.selenium.remote.RemoteWebDriver.execute(RemoteWebDriver.java:552)
	at com.kms.katalon.selenium.driver.CChromeDriver.execute(CChromeDriver.java:19)
	at org.openqa.selenium.remote.RemoteWebElement.execute(RemoteWebElement.java:285)
	at org.openqa.selenium.remote.RemoteWebElement.click(RemoteWebElement.java:84)
	at org.openqa.selenium.support.events.EventFiringWebDriver$EventFiringWebElement.lambda$new$0(EventFiringWebDriver.java:404)
	at com.sun.proxy.$Proxy16.click(Unknown Source)
	at org.openqa.selenium.support.events.EventFiringWebDriver$EventFiringWebElement.click(EventFiringWebDriver.java:417)
	at org.openqa.selenium.WebElement$click.call(Unknown Source)
	at com.kms.katalon.core.webui.keyword.builtin.ClickKeyword.clickUntilSuccessWithTimeout(ClickKeyword.groovy:81)
	at com.kms.katalon.core.webui.keyword.builtin.ClickKeyword.clickUntilSuccessWithTimeout(ClickKeyword.groovy)
	at com.kms.katalon.core.webui.keyword.builtin.ClickKeyword$_click_closure1.doCall(ClickKeyword.groovy:67)
	at com.kms.katalon.core.webui.keyword.builtin.ClickKeyword$_click_closure1.call(ClickKeyword.groovy)
	at com.kms.katalon.core.webui.keyword.internal.WebUIKeywordMain.runKeyword(WebUIKeywordMain.groovy:20)
	at com.kms.katalon.core.webui.keyword.builtin.ClickKeyword.click(ClickKeyword.groovy:74)
	at com.kms.katalon.core.webui.keyword.builtin.ClickKeyword.execute(ClickKeyword.groovy:40)
	at com.kms.katalon.core.keyword.internal.KeywordExecutor.executeKeywordForPlatform(KeywordExecutor.groovy:74)
	at com.kms.katalon.core.webui.keyword.WebUiBuiltInKeywords.click(WebUiBuiltInKeywords.groovy:620)
	at com.kms.katalon.core.webui.keyword.WebUiBuiltInKeywords$click$3.call(Unknown Source)
	at shopify.store.clickPublishTheme(store.groovy:94)
	at shopify.store.invokeMethod(store.groovy)
	at com.kms.katalon.core.main.CustomKeywordDelegatingMetaClass.invokeStaticMethod(CustomKeywordDelegatingMetaClass.java:55)
	at Script1673851860327.run(Script1673851860327.groovy:56)
	... 13 more
)
[[ATTACHMENT|C:\\Users\\huynh\\Documents\\Socialhead\\Automation\\Katalon project\\CreateStore\\CreateStore\\Reports\\20230213_085735\\Store\\Create Store\\20230213_085735\\1676275757132.png]]

2023-02-13 15:09:17 - [MESSAGE][FAILED] - Unable to click on object 'Object Repository/Shopify Store/btn_publish_theme'

2023-02-13 15:09:17 - [TEST_STEP][PASSED] - Start tear down : teardownIfFailed: Method 'teardownIfFailed' complete successfully

2023-02-13 15:09:17 - [TEST_STEP][PASSED] - data.excel.updateValueToSheet(file_data, "store", 4, store_name, 7, "Failed"): data.excel.updateValueToSheet is PASSED

2023-02-13 15:09:17 - [MESSAGE][PASSED] - data.excel.updateValueToSheet is PASSED

2023-02-13 15:09:17 - [MESSAGE][PASSED] - Method 'teardownIfFailed' complete successfully]]></system-out>
         <system-err><![CDATA[2023-02-13 15:05:30 - [TEST_CASE][FAILED] - Test Cases/Shopify/CreateStore: Test Cases/Shopify/CreateStore FAILED.
Reason:
com.kms.katalon.core.exception.StepFailedException: Unable to click on object 'Object Repository/Shopify Store/btn_publish_theme'
	at com.kms.katalon.core.webui.keyword.internal.WebUIKeywordMain.stepFailed(WebUIKeywordMain.groovy:64)
	at com.kms.katalon.core.webui.keyword.internal.WebUIKeywordMain.runKeyword(WebUIKeywordMain.groovy:26)
	at com.kms.katalon.core.webui.keyword.builtin.ClickKeyword.click(ClickKeyword.groovy:74)
	at com.kms.katalon.core.webui.keyword.builtin.ClickKeyword.execute(ClickKeyword.groovy:40)
	at com.kms.katalon.core.keyword.internal.KeywordExecutor.executeKeywordForPlatform(KeywordExecutor.groovy:74)
	at com.kms.katalon.core.webui.keyword.WebUiBuiltInKeywords.click(WebUiBuiltInKeywords.groovy:620)
	at com.kms.katalon.core.webui.keyword.WebUiBuiltInKeywords$click$3.call(Unknown Source)
	at shopify.store.clickPublishTheme(store.groovy:94)
	at shopify.store.invokeMethod(store.groovy)
	at com.kms.katalon.core.main.CustomKeywordDelegatingMetaClass.invokeStaticMethod(CustomKeywordDelegatingMetaClass.java:55)
	at CreateStore.run(CreateStore:56)
	at com.kms.katalon.core.main.ScriptEngine.run(ScriptEngine.java:194)
	at com.kms.katalon.core.main.ScriptEngine.runScriptAsRawText(ScriptEngine.java:119)
	at com.kms.katalon.core.main.TestCaseExecutor.runScript(TestCaseExecutor.java:448)
	at com.kms.katalon.core.main.TestCaseExecutor.doExecute(TestCaseExecutor.java:439)
	at com.kms.katalon.core.main.TestCaseExecutor.processExecutionPhase(TestCaseExecutor.java:418)
	at com.kms.katalon.core.main.TestCaseExecutor.accessMainPhase(TestCaseExecutor.java:410)
	at com.kms.katalon.core.main.TestCaseExecutor.execute(TestCaseExecutor.java:285)
	at com.kms.katalon.core.common.CommonExecutor.accessTestCaseMainPhase(CommonExecutor.java:65)
	at com.kms.katalon.core.main.TestSuiteExecutor.accessTestSuiteMainPhase(TestSuiteExecutor.java:151)
	at com.kms.katalon.core.main.TestSuiteExecutor.execute(TestSuiteExecutor.java:106)
	at com.kms.katalon.core.main.TestCaseMain.startTestSuite(TestCaseMain.java:185)
	at com.kms.katalon.core.main.TestCaseMain$startTestSuite$0.call(Unknown Source)
	at TempTestSuite1676253455264.run(TempTestSuite1676253455264.groovy:36)
Caused by: org.openqa.selenium.ElementClickInterceptedException: element click intercepted: Element <iframe title="Online Store" src="https://online-store-web.shopifyapps.com/themes?hmac=0a5d2d436bff67154f7d33bcfaf67e8730492951b8dc452497586fac3876c842&amp;host=YWRtaW4uc2hvcGlmeS5jb20vc3RvcmUvaHV5bmgtYXItc3RhZy0yNDY0&amp;locale=en&amp;session=714a6de9e1824469f070e4ddf20d68e4292b08b0dccd6114eb9ff3398bf68221&amp;shop=huynh-ar-stag-2464.myshopify.com&amp;timestamp=1676275695&amp;_signed_params=host%2Clocale%2Csession%2Cshop%2Ctimestamp&amp;appLoadId=5e6c2c42-1930-4de3-8c9d-8f35e1bc7c23" name="d84e9147-0ec0-4b28-a920-0e56ee4a7191" context="Main" class="rG8rl" cd_frame_id_="51db4daf106633242d95317b4c0282b4"></iframe> is not clickable at point (859, 906). Other element would receive the click: <p class="KZJNR" aria-hidden="true">...</p>
  (Session info: chrome=109.0.5414.121)
Build info: version: '3.141.59', revision: 'e82be7d358', time: '2018-11-14T08:25:53'
System info: host: 'HUYNH', ip: '172.18.224.1', os.name: 'Windows 10', os.arch: 'amd64', os.version: '10.0', java.version: '1.8.0_282'
Driver info: com.kms.katalon.selenium.driver.CChromeDriver
Capabilities {acceptInsecureCerts: false, browserName: chrome, browserVersion: 109.0.5414.121, chrome: {chromedriverVersion: 109.0.5414.74 (e7c5703604da..., userDataDir: C:\Users\huynh\AppData\Loca...}, goog:chromeOptions: {debuggerAddress: localhost:63358}, javascriptEnabled: true, networkConnectionEnabled: false, pageLoadStrategy: normal, platform: WINDOWS, platformName: WINDOWS, proxy: Proxy(), setWindowRect: true, strictFileInteractability: false, timeouts: {implicit: 0, pageLoad: 300000, script: 30000}, unhandledPromptBehavior: dismiss and notify, webauthn:extension:credBlob: true, webauthn:extension:largeBlob: true, webauthn:virtualAuthenticators: true}
Session ID: 111177b2a4e42f8e2284000c65653b35
	at org.openqa.selenium.remote.http.W3CHttpResponseCodec.createException(W3CHttpResponseCodec.java:187)
	at org.openqa.selenium.remote.http.W3CHttpResponseCodec.decode(W3CHttpResponseCodec.java:122)
	at org.openqa.selenium.remote.http.W3CHttpResponseCodec.decode(W3CHttpResponseCodec.java:49)
	at org.openqa.selenium.remote.HttpCommandExecutor.execute(HttpCommandExecutor.java:158)
	at org.openqa.selenium.remote.service.DriverCommandExecutor.execute(DriverCommandExecutor.java:83)
	at org.openqa.selenium.remote.RemoteWebDriver.execute(RemoteWebDriver.java:552)
	at com.kms.katalon.selenium.driver.CChromeDriver.execute(CChromeDriver.java:19)
	at org.openqa.selenium.remote.RemoteWebElement.execute(RemoteWebElement.java:285)
	at org.openqa.selenium.remote.RemoteWebElement.click(RemoteWebElement.java:84)
	at org.openqa.selenium.support.events.EventFiringWebDriver$EventFiringWebElement.lambda$new$0(EventFiringWebDriver.java:404)
	at com.sun.proxy.$Proxy16.click(Unknown Source)
	at org.openqa.selenium.support.events.EventFiringWebDriver$EventFiringWebElement.click(EventFiringWebDriver.java:417)
	at org.openqa.selenium.WebElement$click.call(Unknown Source)
	at com.kms.katalon.core.webui.keyword.builtin.ClickKeyword.clickUntilSuccessWithTimeout(ClickKeyword.groovy:81)
	at com.kms.katalon.core.webui.keyword.builtin.ClickKeyword.clickUntilSuccessWithTimeout(ClickKeyword.groovy)
	at com.kms.katalon.core.webui.keyword.builtin.ClickKeyword$_click_closure1.doCall(ClickKeyword.groovy:67)
	at com.kms.katalon.core.webui.keyword.builtin.ClickKeyword$_click_closure1.call(ClickKeyword.groovy)
	at com.kms.katalon.core.webui.keyword.internal.WebUIKeywordMain.runKeyword(WebUIKeywordMain.groovy:20)
	... 22 more]]></system-err>
      </testcase>
      <testcase name="Test Cases/Shopify/CreateStore" time="76.428" classname="Test Cases/Shopify/CreateStore" status="FAILED">
         <failure type="FAILED" message="Test Cases/Shopify/CreateStore FAILED.
Reason:
com.kms.katalon.core.exception.StepFailedException: Unable to click on object 'Object Repository/Shopify/span_product'
	at com.kms.katalon.core.webui.keyword.internal.WebUIKeywordMain.stepFailed(WebUIKeywordMain.groovy:64)
	at com.kms.katalon.core.webui.keyword.internal.WebUIKeywordMain.runKeyword(WebUIKeywordMain.groovy:26)
	at com.kms.katalon.core.webui.keyword.builtin.ClickKeyword.click(ClickKeyword.groovy:74)
	at com.kms.katalon.core.webui.keyword.builtin.ClickKeyword.execute(ClickKeyword.groovy:40)
	at com.kms.katalon.core.keyword.internal.KeywordExecutor.executeKeywordForPlatform(KeywordExecutor.groovy:74)
	at com.kms.katalon.core.webui.keyword.WebUiBuiltInKeywords.click(WebUiBuiltInKeywords.groovy:620)
	at com.kms.katalon.core.webui.keyword.WebUiBuiltInKeywords$click$3.call(Unknown Source)
	at shopify.store.importProduct(store.groovy:51)
	at shopify.store.invokeMethod(store.groovy)
	at com.kms.katalon.core.main.CustomKeywordDelegatingMetaClass.invokeStaticMethod(CustomKeywordDelegatingMetaClass.java:55)
	at CreateStore.run(CreateStore:45)
	at com.kms.katalon.core.main.ScriptEngine.run(ScriptEngine.java:194)
	at com.kms.katalon.core.main.ScriptEngine.runScriptAsRawText(ScriptEngine.java:119)
	at com.kms.katalon.core.main.TestCaseExecutor.runScript(TestCaseExecutor.java:448)
	at com.kms.katalon.core.main.TestCaseExecutor.doExecute(TestCaseExecutor.java:439)
	at com.kms.katalon.core.main.TestCaseExecutor.processExecutionPhase(TestCaseExecutor.java:418)
	at com.kms.katalon.core.main.TestCaseExecutor.accessMainPhase(TestCaseExecutor.java:410)
	at com.kms.katalon.core.main.TestCaseExecutor.execute(TestCaseExecutor.java:285)
	at com.kms.katalon.core.common.CommonExecutor.accessTestCaseMainPhase(CommonExecutor.java:65)
	at com.kms.katalon.core.main.TestSuiteExecutor.accessTestSuiteMainPhase(TestSuiteExecutor.java:151)
	at com.kms.katalon.core.main.TestSuiteExecutor.execute(TestSuiteExecutor.java:106)
	at com.kms.katalon.core.main.TestCaseMain.startTestSuite(TestCaseMain.java:185)
	at com.kms.katalon.core.main.TestCaseMain$startTestSuite$0.call(Unknown Source)
	at TempTestSuite1676253455264.run(TempTestSuite1676253455264.groovy:36)
Caused by: com.kms.katalon.core.webui.exception.WebElementNotFoundException: Web element with id: 'Object Repository/Shopify/span_product' located by '//div[@id='AppFrameNav']/div/nav/div[2]/div[2]/ul/li[3]/div/div/a/span' not found
	at com.kms.katalon.core.webui.common.WebUiCommonHelper.findWebElement(WebUiCommonHelper.java:1370)
	at com.kms.katalon.core.webui.keyword.internal.WebUIAbstractKeyword.findWebElement(WebUIAbstractKeyword.groovy:27)
	at com.kms.katalon.core.webui.keyword.builtin.ClickKeyword$_click_closure1.doCall(ClickKeyword.groovy:65)
	at com.kms.katalon.core.webui.keyword.builtin.ClickKeyword$_click_closure1.call(ClickKeyword.groovy)
	at com.kms.katalon.core.webui.keyword.internal.WebUIKeywordMain.runKeyword(WebUIKeywordMain.groovy:20)
	... 22 more
"/>
         <system-out><![CDATA[2023-02-13 15:09:17 - [TEST_CASE][FAILED] - Test Cases/Shopify/CreateStore: Test Cases/Shopify/CreateStore FAILED.
Reason:
com.kms.katalon.core.exception.StepFailedException: Unable to click on object 'Object Repository/Shopify/span_product'
	at com.kms.katalon.core.webui.keyword.internal.WebUIKeywordMain.stepFailed(WebUIKeywordMain.groovy:64)
	at com.kms.katalon.core.webui.keyword.internal.WebUIKeywordMain.runKeyword(WebUIKeywordMain.groovy:26)
	at com.kms.katalon.core.webui.keyword.builtin.ClickKeyword.click(ClickKeyword.groovy:74)
	at com.kms.katalon.core.webui.keyword.builtin.ClickKeyword.execute(ClickKeyword.groovy:40)
	at com.kms.katalon.core.keyword.internal.KeywordExecutor.executeKeywordForPlatform(KeywordExecutor.groovy:74)
	at com.kms.katalon.core.webui.keyword.WebUiBuiltInKeywords.click(WebUiBuiltInKeywords.groovy:620)
	at com.kms.katalon.core.webui.keyword.WebUiBuiltInKeywords$click$3.call(Unknown Source)
	at shopify.store.importProduct(store.groovy:51)
	at shopify.store.invokeMethod(store.groovy)
	at com.kms.katalon.core.main.CustomKeywordDelegatingMetaClass.invokeStaticMethod(CustomKeywordDelegatingMetaClass.java:55)
	at CreateStore.run(CreateStore:45)
	at com.kms.katalon.core.main.ScriptEngine.run(ScriptEngine.java:194)
	at com.kms.katalon.core.main.ScriptEngine.runScriptAsRawText(ScriptEngine.java:119)
	at com.kms.katalon.core.main.TestCaseExecutor.runScript(TestCaseExecutor.java:448)
	at com.kms.katalon.core.main.TestCaseExecutor.doExecute(TestCaseExecutor.java:439)
	at com.kms.katalon.core.main.TestCaseExecutor.processExecutionPhase(TestCaseExecutor.java:418)
	at com.kms.katalon.core.main.TestCaseExecutor.accessMainPhase(TestCaseExecutor.java:410)
	at com.kms.katalon.core.main.TestCaseExecutor.execute(TestCaseExecutor.java:285)
	at com.kms.katalon.core.common.CommonExecutor.accessTestCaseMainPhase(CommonExecutor.java:65)
	at com.kms.katalon.core.main.TestSuiteExecutor.accessTestSuiteMainPhase(TestSuiteExecutor.java:151)
	at com.kms.katalon.core.main.TestSuiteExecutor.execute(TestSuiteExecutor.java:106)
	at com.kms.katalon.core.main.TestCaseMain.startTestSuite(TestCaseMain.java:185)
	at com.kms.katalon.core.main.TestCaseMain$startTestSuite$0.call(Unknown Source)
	at TempTestSuite1676253455264.run(TempTestSuite1676253455264.groovy:36)
Caused by: com.kms.katalon.core.webui.exception.WebElementNotFoundException: Web element with id: 'Object Repository/Shopify/span_product' located by '//div[@id='AppFrameNav']/div/nav/div[2]/div[2]/ul/li[3]/div/div/a/span' not found
	at com.kms.katalon.core.webui.common.WebUiCommonHelper.findWebElement(WebUiCommonHelper.java:1370)
	at com.kms.katalon.core.webui.keyword.internal.WebUIAbstractKeyword.findWebElement(WebUIAbstractKeyword.groovy:27)
	at com.kms.katalon.core.webui.keyword.builtin.ClickKeyword$_click_closure1.doCall(ClickKeyword.groovy:65)
	at com.kms.katalon.core.webui.keyword.builtin.ClickKeyword$_click_closure1.call(ClickKeyword.groovy)
	at com.kms.katalon.core.webui.keyword.internal.WebUIKeywordMain.runKeyword(WebUIKeywordMain.groovy:20)
	... 22 more


2023-02-13 15:09:17 - [TEST_STEP][PASSED] - Start listener action : skipStatus: null

2023-02-13 15:09:17 - [TEST_STEP][PASSED] - map = testCaseContext.getTestCaseVariables(): null

2023-02-13 15:09:17 - [TEST_STEP][PASSED] - testcae_status = map.get("testcase_status"): null

2023-02-13 15:09:17 - [TEST_STEP][PASSED] - println(testcae_status): null

2023-02-13 15:09:17 - [TEST_STEP][PASSED] - if (testcae_status == "Passed" || testcae_status == "Failed"): null

2023-02-13 15:09:17 - [TEST_STEP][PASSED] - log = new com.kms.katalon.core.util.KeywordUtil(): null

2023-02-13 15:09:17 - [TEST_STEP][PASSED] - openBrowser(""): Browser is opened with url: ''

2023-02-13 15:09:17 - [MESSAGE][WARNING] - A browser is already opened. Closing browser and opening a new one

2023-02-13 15:09:18 - [MESSAGE][INFO] - Starting 'Chrome' driver

2023-02-13 15:09:18 - [MESSAGE][INFO] - Action delay is set to 0 milliseconds

2023-02-13 15:09:19 - [MESSAGE][PASSED] - Browser is opened with url: ''

2023-02-13 15:09:19 - [TEST_STEP][PASSED] - maximizeWindow(): Current window maximized

2023-02-13 15:09:19 - [MESSAGE][PASSED] - Current window maximized

2023-02-13 15:09:19 - [TEST_STEP][PASSED] - st = new shopify.store(): null

2023-02-13 15:09:19 - [TEST_STEP][PASSED] - st.loginShopifyPartner(partner_email, partner_password, partner_id): Object: 'Object Repository/Shopify/btn_login' is clicked on

2023-02-13 15:09:23 - [MESSAGE][PASSED] - Navigate to 'https://partners.shopify.com/1662018/stores/new' successfully

2023-02-13 15:09:24 - [MESSAGE][PASSED] - Text 'huynh@firegroup.io' is set on object 'Object Repository/Shopify/input_email_shopify'

2023-02-13 15:09:27 - [MESSAGE][PASSED] - Object: 'Object Repository/Shopify/btn_continue_with_email' is clicked on

2023-02-13 15:09:28 - [MESSAGE][PASSED] - Text ****** has been set on object 'Object Repository/Shopify/input_password_shopify'

2023-02-13 15:09:34 - [MESSAGE][PASSED] - Object: 'Object Repository/Shopify/btn_login' is clicked on

2023-02-13 15:09:34 - [TEST_STEP][PASSED] - st.navigateToStoreDevelop(partner_id): Navigate to 'https://partners.shopify.com/1662018/stores/new?store_type=dev_preview_store&developer_preview_handle=checkout_extensibility' successfully

2023-02-13 15:09:35 - [MESSAGE][PASSED] - Navigate to 'https://partners.shopify.com/1662018/stores/new?store_type=dev_preview_store&developer_preview_handle=checkout_extensibility' successfully

2023-02-13 15:09:35 - [TEST_STEP][PASSED] - st.inputStoreName(store_name): Delayed 5 second(s)

2023-02-13 15:09:37 - [MESSAGE][PASSED] - Text 'huynh-ar-stag-2465' is set on object 'Object Repository/Shopify/input_store_name'

2023-02-13 15:09:42 - [MESSAGE][PASSED] - Delayed 5 second(s)

2023-02-13 15:09:42 - [TEST_STEP][PASSED] - shopify.store.clickCreateStore(): shopify.store.clickCreateStore is PASSED

2023-02-13 15:09:42 - [MESSAGE][PASSED] - Object: 'Object Repository/Shopify/btn_create_store' is clicked on

2023-02-13 15:10:02 - [MESSAGE][PASSED] - Delayed 20 second(s)

2023-02-13 15:10:02 - [MESSAGE][PASSED] - shopify.store.clickCreateStore is PASSED

2023-02-13 15:10:02 - [TEST_STEP][FAILED] - shopify.store.importProduct(product_file_local): Unable to click on object 'Object Repository/Shopify/span_product'

2023-02-13 15:10:33 - [MESSAGE][INFO] - Unable to find the element located by 'By.xpath: //div[@id='AppFrameNav']/div/nav/div[2]/div[2]/ul/li[3]/div/div/a/span'. Please recheck the objects properties to make sure the desired element is located. 

2023-02-13 15:10:33 - [MESSAGE][FAILED] - Unable to click on object 'Object Repository/Shopify/span_product' (Root cause: com.kms.katalon.core.exception.StepFailedException: Unable to click on object 'Object Repository/Shopify/span_product'
	at com.kms.katalon.core.webui.keyword.internal.WebUIKeywordMain.stepFailed(WebUIKeywordMain.groovy:64)
	at com.kms.katalon.core.webui.keyword.internal.WebUIKeywordMain.runKeyword(WebUIKeywordMain.groovy:26)
	at com.kms.katalon.core.webui.keyword.builtin.ClickKeyword.click(ClickKeyword.groovy:74)
	at com.kms.katalon.core.webui.keyword.builtin.ClickKeyword.execute(ClickKeyword.groovy:40)
	at com.kms.katalon.core.keyword.internal.KeywordExecutor.executeKeywordForPlatform(KeywordExecutor.groovy:74)
	at com.kms.katalon.core.webui.keyword.WebUiBuiltInKeywords.click(WebUiBuiltInKeywords.groovy:620)
	at com.kms.katalon.core.webui.keyword.WebUiBuiltInKeywords$click$3.call(Unknown Source)
	at shopify.store.importProduct(store.groovy:51)
	at shopify.store.invokeMethod(store.groovy)
	at com.kms.katalon.core.main.CustomKeywordDelegatingMetaClass.invokeStaticMethod(CustomKeywordDelegatingMetaClass.java:55)
	at CreateStore.run(CreateStore:45)
	at com.kms.katalon.core.main.ScriptEngine.run(ScriptEngine.java:194)
	at com.kms.katalon.core.main.ScriptEngine.runScriptAsRawText(ScriptEngine.java:119)
	at com.kms.katalon.core.main.TestCaseExecutor.runScript(TestCaseExecutor.java:448)
	at com.kms.katalon.core.main.TestCaseExecutor.doExecute(TestCaseExecutor.java:439)
	at com.kms.katalon.core.main.TestCaseExecutor.processExecutionPhase(TestCaseExecutor.java:418)
	at com.kms.katalon.core.main.TestCaseExecutor.accessMainPhase(TestCaseExecutor.java:410)
	at com.kms.katalon.core.main.TestCaseExecutor.execute(TestCaseExecutor.java:285)
	at com.kms.katalon.core.common.CommonExecutor.accessTestCaseMainPhase(CommonExecutor.java:65)
	at com.kms.katalon.core.main.TestSuiteExecutor.accessTestSuiteMainPhase(TestSuiteExecutor.java:151)
	at com.kms.katalon.core.main.TestSuiteExecutor.execute(TestSuiteExecutor.java:106)
	at com.kms.katalon.core.main.TestCaseMain.startTestSuite(TestCaseMain.java:185)
	at com.kms.katalon.core.main.TestCaseMain$startTestSuite$0.call(Unknown Source)
	at TempTestSuite1676253455264.run(TempTestSuite1676253455264.groovy:36)
Caused by: com.kms.katalon.core.webui.exception.WebElementNotFoundException: Web element with id: 'Object Repository/Shopify/span_product' located by '//div[@id='AppFrameNav']/div/nav/div[2]/div[2]/ul/li[3]/div/div/a/span' not found
	at com.kms.katalon.core.webui.common.WebUiCommonHelper.findWebElement(WebUiCommonHelper.java:1370)
	at com.kms.katalon.core.webui.keyword.internal.WebUIAbstractKeyword.findWebElement(WebUIAbstractKeyword.groovy:27)
	at com.kms.katalon.core.webui.keyword.builtin.ClickKeyword$_click_closure1.doCall(ClickKeyword.groovy:65)
	at com.kms.katalon.core.webui.keyword.builtin.ClickKeyword$_click_closure1.call(ClickKeyword.groovy)
	at com.kms.katalon.core.webui.keyword.internal.WebUIKeywordMain.runKeyword(WebUIKeywordMain.groovy:20)
	at com.kms.katalon.core.webui.keyword.builtin.ClickKeyword.click(ClickKeyword.groovy:74)
	at com.kms.katalon.core.webui.keyword.builtin.ClickKeyword.execute(ClickKeyword.groovy:40)
	at com.kms.katalon.core.keyword.internal.KeywordExecutor.executeKeywordForPlatform(KeywordExecutor.groovy:74)
	at com.kms.katalon.core.webui.keyword.WebUiBuiltInKeywords.click(WebUiBuiltInKeywords.groovy:620)
	at com.kms.katalon.core.webui.keyword.WebUiBuiltInKeywords$click$3.call(Unknown Source)
	at shopify.store.importProduct(store.groovy:51)
	at shopify.store.invokeMethod(store.groovy)
	at com.kms.katalon.core.main.CustomKeywordDelegatingMetaClass.invokeStaticMethod(CustomKeywordDelegatingMetaClass.java:55)
	at Script1673851860327.run(Script1673851860327.groovy:45)
	... 13 more
)
[[ATTACHMENT|C:\\Users\\huynh\\Documents\\Socialhead\\Automation\\Katalon project\\CreateStore\\CreateStore\\Reports\\20230213_085735\\Store\\Create Store\\20230213_085735\\1676275833660.png]]

2023-02-13 15:10:33 - [MESSAGE][FAILED] - Unable to click on object 'Object Repository/Shopify/span_product'

2023-02-13 15:10:33 - [TEST_STEP][PASSED] - Start tear down : teardownIfFailed: Method 'teardownIfFailed' complete successfully

2023-02-13 15:10:33 - [TEST_STEP][PASSED] - data.excel.updateValueToSheet(file_data, "store", 4, store_name, 7, "Failed"): data.excel.updateValueToSheet is PASSED

2023-02-13 15:10:33 - [MESSAGE][PASSED] - data.excel.updateValueToSheet is PASSED

2023-02-13 15:10:33 - [MESSAGE][PASSED] - Method 'teardownIfFailed' complete successfully]]></system-out>
         <system-err><![CDATA[2023-02-13 15:09:17 - [TEST_CASE][FAILED] - Test Cases/Shopify/CreateStore: Test Cases/Shopify/CreateStore FAILED.
Reason:
com.kms.katalon.core.exception.StepFailedException: Unable to click on object 'Object Repository/Shopify/span_product'
	at com.kms.katalon.core.webui.keyword.internal.WebUIKeywordMain.stepFailed(WebUIKeywordMain.groovy:64)
	at com.kms.katalon.core.webui.keyword.internal.WebUIKeywordMain.runKeyword(WebUIKeywordMain.groovy:26)
	at com.kms.katalon.core.webui.keyword.builtin.ClickKeyword.click(ClickKeyword.groovy:74)
	at com.kms.katalon.core.webui.keyword.builtin.ClickKeyword.execute(ClickKeyword.groovy:40)
	at com.kms.katalon.core.keyword.internal.KeywordExecutor.executeKeywordForPlatform(KeywordExecutor.groovy:74)
	at com.kms.katalon.core.webui.keyword.WebUiBuiltInKeywords.click(WebUiBuiltInKeywords.groovy:620)
	at com.kms.katalon.core.webui.keyword.WebUiBuiltInKeywords$click$3.call(Unknown Source)
	at shopify.store.importProduct(store.groovy:51)
	at shopify.store.invokeMethod(store.groovy)
	at com.kms.katalon.core.main.CustomKeywordDelegatingMetaClass.invokeStaticMethod(CustomKeywordDelegatingMetaClass.java:55)
	at CreateStore.run(CreateStore:45)
	at com.kms.katalon.core.main.ScriptEngine.run(ScriptEngine.java:194)
	at com.kms.katalon.core.main.ScriptEngine.runScriptAsRawText(ScriptEngine.java:119)
	at com.kms.katalon.core.main.TestCaseExecutor.runScript(TestCaseExecutor.java:448)
	at com.kms.katalon.core.main.TestCaseExecutor.doExecute(TestCaseExecutor.java:439)
	at com.kms.katalon.core.main.TestCaseExecutor.processExecutionPhase(TestCaseExecutor.java:418)
	at com.kms.katalon.core.main.TestCaseExecutor.accessMainPhase(TestCaseExecutor.java:410)
	at com.kms.katalon.core.main.TestCaseExecutor.execute(TestCaseExecutor.java:285)
	at com.kms.katalon.core.common.CommonExecutor.accessTestCaseMainPhase(CommonExecutor.java:65)
	at com.kms.katalon.core.main.TestSuiteExecutor.accessTestSuiteMainPhase(TestSuiteExecutor.java:151)
	at com.kms.katalon.core.main.TestSuiteExecutor.execute(TestSuiteExecutor.java:106)
	at com.kms.katalon.core.main.TestCaseMain.startTestSuite(TestCaseMain.java:185)
	at com.kms.katalon.core.main.TestCaseMain$startTestSuite$0.call(Unknown Source)
	at TempTestSuite1676253455264.run(TempTestSuite1676253455264.groovy:36)
Caused by: com.kms.katalon.core.webui.exception.WebElementNotFoundException: Web element with id: 'Object Repository/Shopify/span_product' located by '//div[@id='AppFrameNav']/div/nav/div[2]/div[2]/ul/li[3]/div/div/a/span' not found
	at com.kms.katalon.core.webui.common.WebUiCommonHelper.findWebElement(WebUiCommonHelper.java:1370)
	at com.kms.katalon.core.webui.keyword.internal.WebUIAbstractKeyword.findWebElement(WebUIAbstractKeyword.groovy:27)
	at com.kms.katalon.core.webui.keyword.builtin.ClickKeyword$_click_closure1.doCall(ClickKeyword.groovy:65)
	at com.kms.katalon.core.webui.keyword.builtin.ClickKeyword$_click_closure1.call(ClickKeyword.groovy)
	at com.kms.katalon.core.webui.keyword.internal.WebUIKeywordMain.runKeyword(WebUIKeywordMain.groovy:20)
	... 22 more]]></system-err>
      </testcase>
      <testcase name="Test Cases/Shopify/CreateStore" time="76.876" classname="Test Cases/Shopify/CreateStore" status="FAILED">
         <failure type="FAILED" message="Test Cases/Shopify/CreateStore FAILED.
Reason:
com.kms.katalon.core.exception.StepFailedException: Unable to click on object 'Object Repository/Shopify/span_product'
	at com.kms.katalon.core.webui.keyword.internal.WebUIKeywordMain.stepFailed(WebUIKeywordMain.groovy:64)
	at com.kms.katalon.core.webui.keyword.internal.WebUIKeywordMain.runKeyword(WebUIKeywordMain.groovy:26)
	at com.kms.katalon.core.webui.keyword.builtin.ClickKeyword.click(ClickKeyword.groovy:74)
	at com.kms.katalon.core.webui.keyword.builtin.ClickKeyword.execute(ClickKeyword.groovy:40)
	at com.kms.katalon.core.keyword.internal.KeywordExecutor.executeKeywordForPlatform(KeywordExecutor.groovy:74)
	at com.kms.katalon.core.webui.keyword.WebUiBuiltInKeywords.click(WebUiBuiltInKeywords.groovy:620)
	at com.kms.katalon.core.webui.keyword.WebUiBuiltInKeywords$click$3.call(Unknown Source)
	at shopify.store.importProduct(store.groovy:51)
	at shopify.store.invokeMethod(store.groovy)
	at com.kms.katalon.core.main.CustomKeywordDelegatingMetaClass.invokeStaticMethod(CustomKeywordDelegatingMetaClass.java:55)
	at CreateStore.run(CreateStore:45)
	at com.kms.katalon.core.main.ScriptEngine.run(ScriptEngine.java:194)
	at com.kms.katalon.core.main.ScriptEngine.runScriptAsRawText(ScriptEngine.java:119)
	at com.kms.katalon.core.main.TestCaseExecutor.runScript(TestCaseExecutor.java:448)
	at com.kms.katalon.core.main.TestCaseExecutor.doExecute(TestCaseExecutor.java:439)
	at com.kms.katalon.core.main.TestCaseExecutor.processExecutionPhase(TestCaseExecutor.java:418)
	at com.kms.katalon.core.main.TestCaseExecutor.accessMainPhase(TestCaseExecutor.java:410)
	at com.kms.katalon.core.main.TestCaseExecutor.execute(TestCaseExecutor.java:285)
	at com.kms.katalon.core.common.CommonExecutor.accessTestCaseMainPhase(CommonExecutor.java:65)
	at com.kms.katalon.core.main.TestSuiteExecutor.accessTestSuiteMainPhase(TestSuiteExecutor.java:151)
	at com.kms.katalon.core.main.TestSuiteExecutor.execute(TestSuiteExecutor.java:106)
	at com.kms.katalon.core.main.TestCaseMain.startTestSuite(TestCaseMain.java:185)
	at com.kms.katalon.core.main.TestCaseMain$startTestSuite$0.call(Unknown Source)
	at TempTestSuite1676253455264.run(TempTestSuite1676253455264.groovy:36)
Caused by: com.kms.katalon.core.webui.exception.WebElementNotFoundException: Web element with id: 'Object Repository/Shopify/span_product' located by '//div[@id='AppFrameNav']/div/nav/div[2]/div[2]/ul/li[3]/div/div/a/span' not found
	at com.kms.katalon.core.webui.common.WebUiCommonHelper.findWebElement(WebUiCommonHelper.java:1370)
	at com.kms.katalon.core.webui.keyword.internal.WebUIAbstractKeyword.findWebElement(WebUIAbstractKeyword.groovy:27)
	at com.kms.katalon.core.webui.keyword.builtin.ClickKeyword$_click_closure1.doCall(ClickKeyword.groovy:65)
	at com.kms.katalon.core.webui.keyword.builtin.ClickKeyword$_click_closure1.call(ClickKeyword.groovy)
	at com.kms.katalon.core.webui.keyword.internal.WebUIKeywordMain.runKeyword(WebUIKeywordMain.groovy:20)
	... 22 more
"/>
         <system-out><![CDATA[2023-02-13 15:10:33 - [TEST_CASE][FAILED] - Test Cases/Shopify/CreateStore: Test Cases/Shopify/CreateStore FAILED.
Reason:
com.kms.katalon.core.exception.StepFailedException: Unable to click on object 'Object Repository/Shopify/span_product'
	at com.kms.katalon.core.webui.keyword.internal.WebUIKeywordMain.stepFailed(WebUIKeywordMain.groovy:64)
	at com.kms.katalon.core.webui.keyword.internal.WebUIKeywordMain.runKeyword(WebUIKeywordMain.groovy:26)
	at com.kms.katalon.core.webui.keyword.builtin.ClickKeyword.click(ClickKeyword.groovy:74)
	at com.kms.katalon.core.webui.keyword.builtin.ClickKeyword.execute(ClickKeyword.groovy:40)
	at com.kms.katalon.core.keyword.internal.KeywordExecutor.executeKeywordForPlatform(KeywordExecutor.groovy:74)
	at com.kms.katalon.core.webui.keyword.WebUiBuiltInKeywords.click(WebUiBuiltInKeywords.groovy:620)
	at com.kms.katalon.core.webui.keyword.WebUiBuiltInKeywords$click$3.call(Unknown Source)
	at shopify.store.importProduct(store.groovy:51)
	at shopify.store.invokeMethod(store.groovy)
	at com.kms.katalon.core.main.CustomKeywordDelegatingMetaClass.invokeStaticMethod(CustomKeywordDelegatingMetaClass.java:55)
	at CreateStore.run(CreateStore:45)
	at com.kms.katalon.core.main.ScriptEngine.run(ScriptEngine.java:194)
	at com.kms.katalon.core.main.ScriptEngine.runScriptAsRawText(ScriptEngine.java:119)
	at com.kms.katalon.core.main.TestCaseExecutor.runScript(TestCaseExecutor.java:448)
	at com.kms.katalon.core.main.TestCaseExecutor.doExecute(TestCaseExecutor.java:439)
	at com.kms.katalon.core.main.TestCaseExecutor.processExecutionPhase(TestCaseExecutor.java:418)
	at com.kms.katalon.core.main.TestCaseExecutor.accessMainPhase(TestCaseExecutor.java:410)
	at com.kms.katalon.core.main.TestCaseExecutor.execute(TestCaseExecutor.java:285)
	at com.kms.katalon.core.common.CommonExecutor.accessTestCaseMainPhase(CommonExecutor.java:65)
	at com.kms.katalon.core.main.TestSuiteExecutor.accessTestSuiteMainPhase(TestSuiteExecutor.java:151)
	at com.kms.katalon.core.main.TestSuiteExecutor.execute(TestSuiteExecutor.java:106)
	at com.kms.katalon.core.main.TestCaseMain.startTestSuite(TestCaseMain.java:185)
	at com.kms.katalon.core.main.TestCaseMain$startTestSuite$0.call(Unknown Source)
	at TempTestSuite1676253455264.run(TempTestSuite1676253455264.groovy:36)
Caused by: com.kms.katalon.core.webui.exception.WebElementNotFoundException: Web element with id: 'Object Repository/Shopify/span_product' located by '//div[@id='AppFrameNav']/div/nav/div[2]/div[2]/ul/li[3]/div/div/a/span' not found
	at com.kms.katalon.core.webui.common.WebUiCommonHelper.findWebElement(WebUiCommonHelper.java:1370)
	at com.kms.katalon.core.webui.keyword.internal.WebUIAbstractKeyword.findWebElement(WebUIAbstractKeyword.groovy:27)
	at com.kms.katalon.core.webui.keyword.builtin.ClickKeyword$_click_closure1.doCall(ClickKeyword.groovy:65)
	at com.kms.katalon.core.webui.keyword.builtin.ClickKeyword$_click_closure1.call(ClickKeyword.groovy)
	at com.kms.katalon.core.webui.keyword.internal.WebUIKeywordMain.runKeyword(WebUIKeywordMain.groovy:20)
	... 22 more


2023-02-13 15:10:33 - [TEST_STEP][PASSED] - Start listener action : skipStatus: null

2023-02-13 15:10:33 - [TEST_STEP][PASSED] - map = testCaseContext.getTestCaseVariables(): null

2023-02-13 15:10:33 - [TEST_STEP][PASSED] - testcae_status = map.get("testcase_status"): null

2023-02-13 15:10:33 - [TEST_STEP][PASSED] - println(testcae_status): null

2023-02-13 15:10:33 - [TEST_STEP][PASSED] - if (testcae_status == "Passed" || testcae_status == "Failed"): null

2023-02-13 15:10:33 - [TEST_STEP][PASSED] - log = new com.kms.katalon.core.util.KeywordUtil(): null

2023-02-13 15:10:33 - [TEST_STEP][PASSED] - openBrowser(""): Browser is opened with url: ''

2023-02-13 15:10:33 - [MESSAGE][WARNING] - A browser is already opened. Closing browser and opening a new one

2023-02-13 15:10:34 - [MESSAGE][INFO] - Starting 'Chrome' driver

2023-02-13 15:10:34 - [MESSAGE][INFO] - Action delay is set to 0 milliseconds

2023-02-13 15:10:35 - [MESSAGE][PASSED] - Browser is opened with url: ''

2023-02-13 15:10:35 - [TEST_STEP][PASSED] - maximizeWindow(): Current window maximized

2023-02-13 15:10:35 - [MESSAGE][PASSED] - Current window maximized

2023-02-13 15:10:35 - [TEST_STEP][PASSED] - st = new shopify.store(): null

2023-02-13 15:10:35 - [TEST_STEP][PASSED] - st.loginShopifyPartner(partner_email, partner_password, partner_id): Object: 'Object Repository/Shopify/btn_login' is clicked on

2023-02-13 15:10:40 - [MESSAGE][PASSED] - Navigate to 'https://partners.shopify.com/1662018/stores/new' successfully

2023-02-13 15:10:40 - [MESSAGE][PASSED] - Text 'huynh@firegroup.io' is set on object 'Object Repository/Shopify/input_email_shopify'

2023-02-13 15:10:43 - [MESSAGE][PASSED] - Object: 'Object Repository/Shopify/btn_continue_with_email' is clicked on

2023-02-13 15:10:45 - [MESSAGE][PASSED] - Text ****** has been set on object 'Object Repository/Shopify/input_password_shopify'

2023-02-13 15:10:51 - [MESSAGE][PASSED] - Object: 'Object Repository/Shopify/btn_login' is clicked on

2023-02-13 15:10:51 - [TEST_STEP][PASSED] - st.navigateToStoreDevelop(partner_id): Navigate to 'https://partners.shopify.com/1662018/stores/new?store_type=dev_preview_store&developer_preview_handle=checkout_extensibility' successfully

2023-02-13 15:10:52 - [MESSAGE][PASSED] - Navigate to 'https://partners.shopify.com/1662018/stores/new?store_type=dev_preview_store&developer_preview_handle=checkout_extensibility' successfully

2023-02-13 15:10:52 - [TEST_STEP][PASSED] - st.inputStoreName(store_name): Delayed 5 second(s)

2023-02-13 15:10:53 - [MESSAGE][PASSED] - Text 'huynh-ar-stag-2466' is set on object 'Object Repository/Shopify/input_store_name'

2023-02-13 15:10:58 - [MESSAGE][PASSED] - Delayed 5 second(s)

2023-02-13 15:10:58 - [TEST_STEP][PASSED] - shopify.store.clickCreateStore(): shopify.store.clickCreateStore is PASSED

2023-02-13 15:10:59 - [MESSAGE][PASSED] - Object: 'Object Repository/Shopify/btn_create_store' is clicked on

2023-02-13 15:11:19 - [MESSAGE][PASSED] - Delayed 20 second(s)

2023-02-13 15:11:19 - [MESSAGE][PASSED] - shopify.store.clickCreateStore is PASSED

2023-02-13 15:11:19 - [TEST_STEP][FAILED] - shopify.store.importProduct(product_file_local): Unable to click on object 'Object Repository/Shopify/span_product'

2023-02-13 15:11:50 - [MESSAGE][INFO] - Unable to find the element located by 'By.xpath: //div[@id='AppFrameNav']/div/nav/div[2]/div[2]/ul/li[3]/div/div/a/span'. Please recheck the objects properties to make sure the desired element is located. 

2023-02-13 15:11:50 - [MESSAGE][FAILED] - Unable to click on object 'Object Repository/Shopify/span_product' (Root cause: com.kms.katalon.core.exception.StepFailedException: Unable to click on object 'Object Repository/Shopify/span_product'
	at com.kms.katalon.core.webui.keyword.internal.WebUIKeywordMain.stepFailed(WebUIKeywordMain.groovy:64)
	at com.kms.katalon.core.webui.keyword.internal.WebUIKeywordMain.runKeyword(WebUIKeywordMain.groovy:26)
	at com.kms.katalon.core.webui.keyword.builtin.ClickKeyword.click(ClickKeyword.groovy:74)
	at com.kms.katalon.core.webui.keyword.builtin.ClickKeyword.execute(ClickKeyword.groovy:40)
	at com.kms.katalon.core.keyword.internal.KeywordExecutor.executeKeywordForPlatform(KeywordExecutor.groovy:74)
	at com.kms.katalon.core.webui.keyword.WebUiBuiltInKeywords.click(WebUiBuiltInKeywords.groovy:620)
	at com.kms.katalon.core.webui.keyword.WebUiBuiltInKeywords$click$3.call(Unknown Source)
	at shopify.store.importProduct(store.groovy:51)
	at shopify.store.invokeMethod(store.groovy)
	at com.kms.katalon.core.main.CustomKeywordDelegatingMetaClass.invokeStaticMethod(CustomKeywordDelegatingMetaClass.java:55)
	at CreateStore.run(CreateStore:45)
	at com.kms.katalon.core.main.ScriptEngine.run(ScriptEngine.java:194)
	at com.kms.katalon.core.main.ScriptEngine.runScriptAsRawText(ScriptEngine.java:119)
	at com.kms.katalon.core.main.TestCaseExecutor.runScript(TestCaseExecutor.java:448)
	at com.kms.katalon.core.main.TestCaseExecutor.doExecute(TestCaseExecutor.java:439)
	at com.kms.katalon.core.main.TestCaseExecutor.processExecutionPhase(TestCaseExecutor.java:418)
	at com.kms.katalon.core.main.TestCaseExecutor.accessMainPhase(TestCaseExecutor.java:410)
	at com.kms.katalon.core.main.TestCaseExecutor.execute(TestCaseExecutor.java:285)
	at com.kms.katalon.core.common.CommonExecutor.accessTestCaseMainPhase(CommonExecutor.java:65)
	at com.kms.katalon.core.main.TestSuiteExecutor.accessTestSuiteMainPhase(TestSuiteExecutor.java:151)
	at com.kms.katalon.core.main.TestSuiteExecutor.execute(TestSuiteExecutor.java:106)
	at com.kms.katalon.core.main.TestCaseMain.startTestSuite(TestCaseMain.java:185)
	at com.kms.katalon.core.main.TestCaseMain$startTestSuite$0.call(Unknown Source)
	at TempTestSuite1676253455264.run(TempTestSuite1676253455264.groovy:36)
Caused by: com.kms.katalon.core.webui.exception.WebElementNotFoundException: Web element with id: 'Object Repository/Shopify/span_product' located by '//div[@id='AppFrameNav']/div/nav/div[2]/div[2]/ul/li[3]/div/div/a/span' not found
	at com.kms.katalon.core.webui.common.WebUiCommonHelper.findWebElement(WebUiCommonHelper.java:1370)
	at com.kms.katalon.core.webui.keyword.internal.WebUIAbstractKeyword.findWebElement(WebUIAbstractKeyword.groovy:27)
	at com.kms.katalon.core.webui.keyword.builtin.ClickKeyword$_click_closure1.doCall(ClickKeyword.groovy:65)
	at com.kms.katalon.core.webui.keyword.builtin.ClickKeyword$_click_closure1.call(ClickKeyword.groovy)
	at com.kms.katalon.core.webui.keyword.internal.WebUIKeywordMain.runKeyword(WebUIKeywordMain.groovy:20)
	at com.kms.katalon.core.webui.keyword.builtin.ClickKeyword.click(ClickKeyword.groovy:74)
	at com.kms.katalon.core.webui.keyword.builtin.ClickKeyword.execute(ClickKeyword.groovy:40)
	at com.kms.katalon.core.keyword.internal.KeywordExecutor.executeKeywordForPlatform(KeywordExecutor.groovy:74)
	at com.kms.katalon.core.webui.keyword.WebUiBuiltInKeywords.click(WebUiBuiltInKeywords.groovy:620)
	at com.kms.katalon.core.webui.keyword.WebUiBuiltInKeywords$click$3.call(Unknown Source)
	at shopify.store.importProduct(store.groovy:51)
	at shopify.store.invokeMethod(store.groovy)
	at com.kms.katalon.core.main.CustomKeywordDelegatingMetaClass.invokeStaticMethod(CustomKeywordDelegatingMetaClass.java:55)
	at Script1673851860327.run(Script1673851860327.groovy:45)
	... 13 more
)
[[ATTACHMENT|C:\\Users\\huynh\\Documents\\Socialhead\\Automation\\Katalon project\\CreateStore\\CreateStore\\Reports\\20230213_085735\\Store\\Create Store\\20230213_085735\\1676275910578.png]]

2023-02-13 15:11:50 - [MESSAGE][FAILED] - Unable to click on object 'Object Repository/Shopify/span_product'

2023-02-13 15:11:50 - [TEST_STEP][PASSED] - Start tear down : teardownIfFailed: Method 'teardownIfFailed' complete successfully

2023-02-13 15:11:50 - [TEST_STEP][PASSED] - data.excel.updateValueToSheet(file_data, "store", 4, store_name, 7, "Failed"): data.excel.updateValueToSheet is PASSED

2023-02-13 15:11:50 - [MESSAGE][PASSED] - data.excel.updateValueToSheet is PASSED

2023-02-13 15:11:50 - [MESSAGE][PASSED] - Method 'teardownIfFailed' complete successfully]]></system-out>
         <system-err><![CDATA[2023-02-13 15:10:33 - [TEST_CASE][FAILED] - Test Cases/Shopify/CreateStore: Test Cases/Shopify/CreateStore FAILED.
Reason:
com.kms.katalon.core.exception.StepFailedException: Unable to click on object 'Object Repository/Shopify/span_product'
	at com.kms.katalon.core.webui.keyword.internal.WebUIKeywordMain.stepFailed(WebUIKeywordMain.groovy:64)
	at com.kms.katalon.core.webui.keyword.internal.WebUIKeywordMain.runKeyword(WebUIKeywordMain.groovy:26)
	at com.kms.katalon.core.webui.keyword.builtin.ClickKeyword.click(ClickKeyword.groovy:74)
	at com.kms.katalon.core.webui.keyword.builtin.ClickKeyword.execute(ClickKeyword.groovy:40)
	at com.kms.katalon.core.keyword.internal.KeywordExecutor.executeKeywordForPlatform(KeywordExecutor.groovy:74)
	at com.kms.katalon.core.webui.keyword.WebUiBuiltInKeywords.click(WebUiBuiltInKeywords.groovy:620)
	at com.kms.katalon.core.webui.keyword.WebUiBuiltInKeywords$click$3.call(Unknown Source)
	at shopify.store.importProduct(store.groovy:51)
	at shopify.store.invokeMethod(store.groovy)
	at com.kms.katalon.core.main.CustomKeywordDelegatingMetaClass.invokeStaticMethod(CustomKeywordDelegatingMetaClass.java:55)
	at CreateStore.run(CreateStore:45)
	at com.kms.katalon.core.main.ScriptEngine.run(ScriptEngine.java:194)
	at com.kms.katalon.core.main.ScriptEngine.runScriptAsRawText(ScriptEngine.java:119)
	at com.kms.katalon.core.main.TestCaseExecutor.runScript(TestCaseExecutor.java:448)
	at com.kms.katalon.core.main.TestCaseExecutor.doExecute(TestCaseExecutor.java:439)
	at com.kms.katalon.core.main.TestCaseExecutor.processExecutionPhase(TestCaseExecutor.java:418)
	at com.kms.katalon.core.main.TestCaseExecutor.accessMainPhase(TestCaseExecutor.java:410)
	at com.kms.katalon.core.main.TestCaseExecutor.execute(TestCaseExecutor.java:285)
	at com.kms.katalon.core.common.CommonExecutor.accessTestCaseMainPhase(CommonExecutor.java:65)
	at com.kms.katalon.core.main.TestSuiteExecutor.accessTestSuiteMainPhase(TestSuiteExecutor.java:151)
	at com.kms.katalon.core.main.TestSuiteExecutor.execute(TestSuiteExecutor.java:106)
	at com.kms.katalon.core.main.TestCaseMain.startTestSuite(TestCaseMain.java:185)
	at com.kms.katalon.core.main.TestCaseMain$startTestSuite$0.call(Unknown Source)
	at TempTestSuite1676253455264.run(TempTestSuite1676253455264.groovy:36)
Caused by: com.kms.katalon.core.webui.exception.WebElementNotFoundException: Web element with id: 'Object Repository/Shopify/span_product' located by '//div[@id='AppFrameNav']/div/nav/div[2]/div[2]/ul/li[3]/div/div/a/span' not found
	at com.kms.katalon.core.webui.common.WebUiCommonHelper.findWebElement(WebUiCommonHelper.java:1370)
	at com.kms.katalon.core.webui.keyword.internal.WebUIAbstractKeyword.findWebElement(WebUIAbstractKeyword.groovy:27)
	at com.kms.katalon.core.webui.keyword.builtin.ClickKeyword$_click_closure1.doCall(ClickKeyword.groovy:65)
	at com.kms.katalon.core.webui.keyword.builtin.ClickKeyword$_click_closure1.call(ClickKeyword.groovy)
	at com.kms.katalon.core.webui.keyword.internal.WebUIKeywordMain.runKeyword(WebUIKeywordMain.groovy:20)
	... 22 more]]></system-err>
      </testcase>
      <testcase name="Test Cases/Shopify/CreateStore" time="223.605" classname="Test Cases/Shopify/CreateStore" status="PASSED">
         <system-out><![CDATA[2023-02-13 15:11:50 - [TEST_CASE][PASSED] - Test Cases/Shopify/CreateStore: Test Cases/Shopify/CreateStore

2023-02-13 15:11:50 - [TEST_STEP][PASSED] - Start listener action : skipStatus: null

2023-02-13 15:11:50 - [TEST_STEP][PASSED] - map = testCaseContext.getTestCaseVariables(): null

2023-02-13 15:11:50 - [TEST_STEP][PASSED] - testcae_status = map.get("testcase_status"): null

2023-02-13 15:11:50 - [TEST_STEP][PASSED] - println(testcae_status): null

2023-02-13 15:11:50 - [TEST_STEP][PASSED] - if (testcae_status == "Passed" || testcae_status == "Failed"): null

2023-02-13 15:11:50 - [TEST_STEP][PASSED] - log = new com.kms.katalon.core.util.KeywordUtil(): null

2023-02-13 15:11:50 - [TEST_STEP][PASSED] - openBrowser(""): Browser is opened with url: ''

2023-02-13 15:11:50 - [MESSAGE][WARNING] - A browser is already opened. Closing browser and opening a new one

2023-02-13 15:11:51 - [MESSAGE][INFO] - Starting 'Chrome' driver

2023-02-13 15:11:51 - [MESSAGE][INFO] - Action delay is set to 0 milliseconds

2023-02-13 15:11:52 - [MESSAGE][PASSED] - Browser is opened with url: ''

2023-02-13 15:11:52 - [TEST_STEP][PASSED] - maximizeWindow(): Current window maximized

2023-02-13 15:11:52 - [MESSAGE][PASSED] - Current window maximized

2023-02-13 15:11:52 - [TEST_STEP][PASSED] - st = new shopify.store(): null

2023-02-13 15:11:52 - [TEST_STEP][PASSED] - st.loginShopifyPartner(partner_email, partner_password, partner_id): Object: 'Object Repository/Shopify/btn_login' is clicked on

2023-02-13 15:11:56 - [MESSAGE][PASSED] - Navigate to 'https://partners.shopify.com/1662018/stores/new' successfully

2023-02-13 15:11:57 - [MESSAGE][PASSED] - Text 'huynh@firegroup.io' is set on object 'Object Repository/Shopify/input_email_shopify'

2023-02-13 15:11:58 - [MESSAGE][PASSED] - Object: 'Object Repository/Shopify/btn_continue_with_email' is clicked on

2023-02-13 15:12:00 - [MESSAGE][PASSED] - Text ****** has been set on object 'Object Repository/Shopify/input_password_shopify'

2023-02-13 15:12:06 - [MESSAGE][PASSED] - Object: 'Object Repository/Shopify/btn_login' is clicked on

2023-02-13 15:12:06 - [TEST_STEP][PASSED] - st.navigateToStoreDevelop(partner_id): Navigate to 'https://partners.shopify.com/1662018/stores/new?store_type=dev_preview_store&developer_preview_handle=checkout_extensibility' successfully

2023-02-13 15:12:07 - [MESSAGE][PASSED] - Navigate to 'https://partners.shopify.com/1662018/stores/new?store_type=dev_preview_store&developer_preview_handle=checkout_extensibility' successfully

2023-02-13 15:12:07 - [TEST_STEP][PASSED] - st.inputStoreName(store_name): Delayed 5 second(s)

2023-02-13 15:12:09 - [MESSAGE][PASSED] - Text 'huynh-ar-stag-2467' is set on object 'Object Repository/Shopify/input_store_name'

2023-02-13 15:12:14 - [MESSAGE][PASSED] - Delayed 5 second(s)

2023-02-13 15:12:14 - [TEST_STEP][PASSED] - shopify.store.clickCreateStore(): shopify.store.clickCreateStore is PASSED

2023-02-13 15:12:14 - [MESSAGE][PASSED] - Object: 'Object Repository/Shopify/btn_create_store' is clicked on

2023-02-13 15:12:34 - [MESSAGE][PASSED] - Delayed 20 second(s)

2023-02-13 15:12:34 - [MESSAGE][PASSED] - shopify.store.clickCreateStore is PASSED

2023-02-13 15:12:34 - [TEST_STEP][PASSED] - shopify.store.importProduct(product_file_local): shopify.store.importProduct is PASSED

2023-02-13 15:12:49 - [MESSAGE][PASSED] - Object: 'Object Repository/Shopify/span_product' is clicked on

2023-02-13 15:12:51 - [MESSAGE][PASSED] - Object: 'Object Repository/Shopify/span_import_product' is clicked on

2023-02-13 15:12:52 - [MESSAGE][PASSED] - File 'C:\Users\huynh\Documents\Socialhead\Automation\Katalon project\CreateStore\CreateStore\Data\products_export.csv' sent to object: 'Object Repository/Shopify/file_product'

2023-02-13 15:12:53 - [MESSAGE][PASSED] - Object: 'Object Repository/Shopify/span_upload_product_continue' is clicked on

2023-02-13 15:12:56 - [MESSAGE][PASSED] - Object: 'Object Repository/Shopify/btn_product_confirm_import' is clicked on

2023-02-13 15:13:26 - [MESSAGE][PASSED] - Delayed 30 second(s)

2023-02-13 15:13:26 - [MESSAGE][PASSED] - Refresh successfully

2023-02-13 15:13:41 - [MESSAGE][PASSED] - Delayed 15 second(s)

2023-02-13 15:13:41 - [MESSAGE][PASSED] - shopify.store.importProduct is PASSED

2023-02-13 15:13:41 - [TEST_STEP][PASSED] - shopify.store.clickOnMenuOnlineStore(): shopify.store.clickOnMenuOnlineStore is PASSED

2023-02-13 15:13:42 - [MESSAGE][PASSED] - Object: 'Object Repository/Shopify Store/a_onlie_store' is clicked on

2023-02-13 15:13:52 - [MESSAGE][PASSED] - Delayed 10 second(s)

2023-02-13 15:13:52 - [MESSAGE][PASSED] - shopify.store.clickOnMenuOnlineStore is PASSED

2023-02-13 15:13:52 - [TEST_STEP][PASSED] - shopify.store.clickOnImportTheme(): shopify.store.clickOnImportTheme is PASSED

2023-02-13 15:13:52 - [MESSAGE][PASSED] - Object: 'Object Repository/Shopify Store/btn_add_theme' is clicked on

2023-02-13 15:13:52 - [MESSAGE][PASSED] - shopify.store.clickOnImportTheme is PASSED

2023-02-13 15:13:52 - [TEST_STEP][PASSED] - shopify.store.uploadThemeFile(theme_file_local): shopify.store.uploadThemeFile is PASSED

2023-02-13 15:13:52 - [MESSAGE][PASSED] - Object: 'Object Repository/Shopify Store/btn_upload_zip_file' is clicked on

2023-02-13 15:13:53 - [MESSAGE][PASSED] - File 'C:\Users\huynh\Documents\Socialhead\Automation\Katalon project\CreateStore\CreateStore\Data\theme_export__www-urbanelevateco-com-simple__09NOV2018-0345am.zip' sent to object: 'Object Repository/Shopify Store/file_theme'

2023-02-13 15:13:53 - [MESSAGE][PASSED] - Object: 'Object Repository/Shopify Store/btn_upload_theme' is clicked on

2023-02-13 15:14:03 - [MESSAGE][PASSED] - Delayed 10 second(s)

2023-02-13 15:14:03 - [MESSAGE][PASSED] - shopify.store.uploadThemeFile is PASSED

2023-02-13 15:14:03 - [TEST_STEP][PASSED] - shopify.store.clickPublishTheme(): shopify.store.clickPublishTheme is PASSED

2023-02-13 15:14:33 - [MESSAGE][PASSED] - Delayed 30 second(s)

2023-02-13 15:14:34 - [MESSAGE][PASSED] - Refresh successfully

2023-02-13 15:15:04 - [MESSAGE][PASSED] - Delayed 30 second(s)

2023-02-13 15:15:04 - [MESSAGE][PASSED] - Object 'Object Repository/Shopify Store/btn_publish_theme' is clickable

2023-02-13 15:15:04 - [MESSAGE][PASSED] - Object: 'Object Repository/Shopify Store/btn_publish_theme' is clicked on

2023-02-13 15:15:04 - [MESSAGE][PASSED] - shopify.store.clickPublishTheme is PASSED

2023-02-13 15:15:04 - [TEST_STEP][PASSED] - shopify.store.confirmPublishTheme(): shopify.store.confirmPublishTheme is PASSED

2023-02-13 15:15:14 - [MESSAGE][PASSED] - Delayed 10 second(s)

2023-02-13 15:15:15 - [MESSAGE][PASSED] - Object: 'Object Repository/Shopify Store/btn_confirm_publish_theme' is clicked on

2023-02-13 15:15:15 - [MESSAGE][PASSED] - shopify.store.confirmPublishTheme is PASSED

2023-02-13 15:15:15 - [TEST_STEP][PASSED] - shopify.store_setting.changeStoreCurrency(currency, store_name): shopify.store_setting.changeStoreCurrency is PASSED

2023-02-13 15:15:25 - [MESSAGE][PASSED] - Delayed 10 second(s)

2023-02-13 15:15:29 - [MESSAGE][PASSED] - Navigate to 'http://huynh-ar-stag-2467.myshopify.com/admin/settings/general' successfully

2023-02-13 15:15:33 - [MESSAGE][PASSED] - All options with value 'USD' are selected in object 'Object Repository/Shopify Store/select_currency' 

2023-02-13 15:15:33 - [MESSAGE][PASSED] - shopify.store_setting.changeStoreCurrency is PASSED

2023-02-13 15:15:33 - [TEST_STEP][PASSED] - shopify.store_setting.saveStoreSetting(): shopify.store_setting.saveStoreSetting is PASSED

2023-02-13 15:15:34 - [MESSAGE][PASSED] - Object: 'Object Repository/Shopify Store/span_save_admin_setting' is clicked on

2023-02-13 15:15:34 - [MESSAGE][PASSED] - shopify.store_setting.saveStoreSetting is PASSED

2023-02-13 15:15:34 - [TEST_STEP][PASSED] - Start tear down : teardownIfPassed: Method 'teardownIfPassed' complete successfully

2023-02-13 15:15:34 - [TEST_STEP][PASSED] - data.excel.updateValueToSheet(file_data, "store", 4, store_name, 7, "Passed"): data.excel.updateValueToSheet is PASSED

2023-02-13 15:15:34 - [MESSAGE][PASSED] - data.excel.updateValueToSheet is PASSED

2023-02-13 15:15:34 - [MESSAGE][PASSED] - Method 'teardownIfPassed' complete successfully]]></system-out>
         <system-err><![CDATA[]]></system-err>
      </testcase>
      <testcase name="Test Cases/Shopify/CreateStore" time="218.135" classname="Test Cases/Shopify/CreateStore" status="PASSED">
         <system-out><![CDATA[2023-02-13 15:15:34 - [TEST_CASE][PASSED] - Test Cases/Shopify/CreateStore: Test Cases/Shopify/CreateStore

2023-02-13 15:15:34 - [TEST_STEP][PASSED] - Start listener action : skipStatus: null

2023-02-13 15:15:34 - [TEST_STEP][PASSED] - map = testCaseContext.getTestCaseVariables(): null

2023-02-13 15:15:34 - [TEST_STEP][PASSED] - testcae_status = map.get("testcase_status"): null

2023-02-13 15:15:34 - [TEST_STEP][PASSED] - println(testcae_status): null

2023-02-13 15:15:34 - [TEST_STEP][PASSED] - if (testcae_status == "Passed" || testcae_status == "Failed"): null

2023-02-13 15:15:34 - [TEST_STEP][PASSED] - log = new com.kms.katalon.core.util.KeywordUtil(): null

2023-02-13 15:15:34 - [TEST_STEP][PASSED] - openBrowser(""): Browser is opened with url: ''

2023-02-13 15:15:34 - [MESSAGE][WARNING] - A browser is already opened. Closing browser and opening a new one

2023-02-13 15:15:35 - [MESSAGE][INFO] - Starting 'Chrome' driver

2023-02-13 15:15:35 - [MESSAGE][INFO] - Action delay is set to 0 milliseconds

2023-02-13 15:15:36 - [MESSAGE][PASSED] - Browser is opened with url: ''

2023-02-13 15:15:36 - [TEST_STEP][PASSED] - maximizeWindow(): Current window maximized

2023-02-13 15:15:36 - [MESSAGE][PASSED] - Current window maximized

2023-02-13 15:15:36 - [TEST_STEP][PASSED] - st = new shopify.store(): null

2023-02-13 15:15:36 - [TEST_STEP][PASSED] - st.loginShopifyPartner(partner_email, partner_password, partner_id): Object: 'Object Repository/Shopify/btn_login' is clicked on

2023-02-13 15:15:40 - [MESSAGE][PASSED] - Navigate to 'https://partners.shopify.com/1662018/stores/new' successfully

2023-02-13 15:15:41 - [MESSAGE][PASSED] - Text 'huynh@firegroup.io' is set on object 'Object Repository/Shopify/input_email_shopify'

2023-02-13 15:15:42 - [MESSAGE][PASSED] - Object: 'Object Repository/Shopify/btn_continue_with_email' is clicked on

2023-02-13 15:15:44 - [MESSAGE][PASSED] - Text ****** has been set on object 'Object Repository/Shopify/input_password_shopify'

2023-02-13 15:15:50 - [MESSAGE][PASSED] - Object: 'Object Repository/Shopify/btn_login' is clicked on

2023-02-13 15:15:50 - [TEST_STEP][PASSED] - st.navigateToStoreDevelop(partner_id): Navigate to 'https://partners.shopify.com/1662018/stores/new?store_type=dev_preview_store&developer_preview_handle=checkout_extensibility' successfully

2023-02-13 15:15:51 - [MESSAGE][PASSED] - Navigate to 'https://partners.shopify.com/1662018/stores/new?store_type=dev_preview_store&developer_preview_handle=checkout_extensibility' successfully

2023-02-13 15:15:51 - [TEST_STEP][PASSED] - st.inputStoreName(store_name): Delayed 5 second(s)

2023-02-13 15:15:53 - [MESSAGE][PASSED] - Text 'huynh-ar-stag-2468' is set on object 'Object Repository/Shopify/input_store_name'

2023-02-13 15:15:58 - [MESSAGE][PASSED] - Delayed 5 second(s)

2023-02-13 15:15:58 - [TEST_STEP][PASSED] - shopify.store.clickCreateStore(): shopify.store.clickCreateStore is PASSED

2023-02-13 15:15:59 - [MESSAGE][PASSED] - Object: 'Object Repository/Shopify/btn_create_store' is clicked on

2023-02-13 15:16:19 - [MESSAGE][PASSED] - Delayed 20 second(s)

2023-02-13 15:16:19 - [MESSAGE][PASSED] - shopify.store.clickCreateStore is PASSED

2023-02-13 15:16:19 - [TEST_STEP][PASSED] - shopify.store.importProduct(product_file_local): shopify.store.importProduct is PASSED

2023-02-13 15:16:28 - [MESSAGE][PASSED] - Object: 'Object Repository/Shopify/span_product' is clicked on

2023-02-13 15:16:30 - [MESSAGE][PASSED] - Object: 'Object Repository/Shopify/span_import_product' is clicked on

2023-02-13 15:16:30 - [MESSAGE][PASSED] - File 'C:\Users\huynh\Documents\Socialhead\Automation\Katalon project\CreateStore\CreateStore\Data\products_export.csv' sent to object: 'Object Repository/Shopify/file_product'

2023-02-13 15:16:31 - [MESSAGE][PASSED] - Object: 'Object Repository/Shopify/span_upload_product_continue' is clicked on

2023-02-13 15:16:34 - [MESSAGE][PASSED] - Object: 'Object Repository/Shopify/btn_product_confirm_import' is clicked on

2023-02-13 15:17:04 - [MESSAGE][PASSED] - Delayed 30 second(s)

2023-02-13 15:17:05 - [MESSAGE][PASSED] - Refresh successfully

2023-02-13 15:17:20 - [MESSAGE][PASSED] - Delayed 15 second(s)

2023-02-13 15:17:20 - [MESSAGE][PASSED] - shopify.store.importProduct is PASSED

2023-02-13 15:17:20 - [TEST_STEP][PASSED] - shopify.store.clickOnMenuOnlineStore(): shopify.store.clickOnMenuOnlineStore is PASSED

2023-02-13 15:17:20 - [MESSAGE][PASSED] - Object: 'Object Repository/Shopify Store/a_onlie_store' is clicked on

2023-02-13 15:17:30 - [MESSAGE][PASSED] - Delayed 10 second(s)

2023-02-13 15:17:30 - [MESSAGE][PASSED] - shopify.store.clickOnMenuOnlineStore is PASSED

2023-02-13 15:17:30 - [TEST_STEP][PASSED] - shopify.store.clickOnImportTheme(): shopify.store.clickOnImportTheme is PASSED

2023-02-13 15:17:31 - [MESSAGE][PASSED] - Object: 'Object Repository/Shopify Store/btn_add_theme' is clicked on

2023-02-13 15:17:31 - [MESSAGE][PASSED] - shopify.store.clickOnImportTheme is PASSED

2023-02-13 15:17:31 - [TEST_STEP][PASSED] - shopify.store.uploadThemeFile(theme_file_local): shopify.store.uploadThemeFile is PASSED

2023-02-13 15:17:31 - [MESSAGE][PASSED] - Object: 'Object Repository/Shopify Store/btn_upload_zip_file' is clicked on

2023-02-13 15:17:31 - [MESSAGE][PASSED] - File 'C:\Users\huynh\Documents\Socialhead\Automation\Katalon project\CreateStore\CreateStore\Data\theme_export__www-uv-fit-com-narrative__06MAY2020-0448pm.zip' sent to object: 'Object Repository/Shopify Store/file_theme'

2023-02-13 15:17:32 - [MESSAGE][PASSED] - Object: 'Object Repository/Shopify Store/btn_upload_theme' is clicked on

2023-02-13 15:17:42 - [MESSAGE][PASSED] - Delayed 10 second(s)

2023-02-13 15:17:42 - [MESSAGE][PASSED] - shopify.store.uploadThemeFile is PASSED

2023-02-13 15:17:42 - [TEST_STEP][PASSED] - shopify.store.clickPublishTheme(): shopify.store.clickPublishTheme is PASSED

2023-02-13 15:18:12 - [MESSAGE][PASSED] - Delayed 30 second(s)

2023-02-13 15:18:12 - [MESSAGE][PASSED] - Refresh successfully

2023-02-13 15:18:42 - [MESSAGE][PASSED] - Delayed 30 second(s)

2023-02-13 15:18:42 - [MESSAGE][PASSED] - Object 'Object Repository/Shopify Store/btn_publish_theme' is clickable

2023-02-13 15:18:43 - [MESSAGE][PASSED] - Object: 'Object Repository/Shopify Store/btn_publish_theme' is clicked on

2023-02-13 15:18:43 - [MESSAGE][PASSED] - shopify.store.clickPublishTheme is PASSED

2023-02-13 15:18:43 - [TEST_STEP][PASSED] - shopify.store.confirmPublishTheme(): shopify.store.confirmPublishTheme is PASSED

2023-02-13 15:18:53 - [MESSAGE][PASSED] - Delayed 10 second(s)

2023-02-13 15:18:53 - [MESSAGE][PASSED] - Object: 'Object Repository/Shopify Store/btn_confirm_publish_theme' is clicked on

2023-02-13 15:18:53 - [MESSAGE][PASSED] - shopify.store.confirmPublishTheme is PASSED

2023-02-13 15:18:53 - [TEST_STEP][PASSED] - shopify.store_setting.changeStoreCurrency(currency, store_name): shopify.store_setting.changeStoreCurrency is PASSED

2023-02-13 15:19:03 - [MESSAGE][PASSED] - Delayed 10 second(s)

2023-02-13 15:19:07 - [MESSAGE][PASSED] - Navigate to 'http://huynh-ar-stag-2468.myshopify.com/admin/settings/general' successfully

2023-02-13 15:19:12 - [MESSAGE][PASSED] - All options with value 'USD' are selected in object 'Object Repository/Shopify Store/select_currency' 

2023-02-13 15:19:12 - [MESSAGE][PASSED] - shopify.store_setting.changeStoreCurrency is PASSED

2023-02-13 15:19:12 - [TEST_STEP][PASSED] - shopify.store_setting.saveStoreSetting(): shopify.store_setting.saveStoreSetting is PASSED

2023-02-13 15:19:12 - [MESSAGE][PASSED] - Object: 'Object Repository/Shopify Store/span_save_admin_setting' is clicked on

2023-02-13 15:19:12 - [MESSAGE][PASSED] - shopify.store_setting.saveStoreSetting is PASSED

2023-02-13 15:19:12 - [TEST_STEP][PASSED] - Start tear down : teardownIfPassed: Method 'teardownIfPassed' complete successfully

2023-02-13 15:19:12 - [TEST_STEP][PASSED] - data.excel.updateValueToSheet(file_data, "store", 4, store_name, 7, "Passed"): data.excel.updateValueToSheet is PASSED

2023-02-13 15:19:12 - [MESSAGE][PASSED] - data.excel.updateValueToSheet is PASSED

2023-02-13 15:19:12 - [MESSAGE][PASSED] - Method 'teardownIfPassed' complete successfully]]></system-out>
         <system-err><![CDATA[]]></system-err>
      </testcase>
      <testcase name="Test Cases/Shopify/CreateStore" time="221.544" classname="Test Cases/Shopify/CreateStore" status="PASSED">
         <system-out><![CDATA[2023-02-13 15:19:12 - [TEST_CASE][PASSED] - Test Cases/Shopify/CreateStore: Test Cases/Shopify/CreateStore

2023-02-13 15:19:12 - [TEST_STEP][PASSED] - Start listener action : skipStatus: null

2023-02-13 15:19:12 - [TEST_STEP][PASSED] - map = testCaseContext.getTestCaseVariables(): null

2023-02-13 15:19:12 - [TEST_STEP][PASSED] - testcae_status = map.get("testcase_status"): null

2023-02-13 15:19:12 - [TEST_STEP][PASSED] - println(testcae_status): null

2023-02-13 15:19:12 - [TEST_STEP][PASSED] - if (testcae_status == "Passed" || testcae_status == "Failed"): null

2023-02-13 15:19:12 - [TEST_STEP][PASSED] - log = new com.kms.katalon.core.util.KeywordUtil(): null

2023-02-13 15:19:12 - [TEST_STEP][PASSED] - openBrowser(""): Browser is opened with url: ''

2023-02-13 15:19:12 - [MESSAGE][WARNING] - A browser is already opened. Closing browser and opening a new one

2023-02-13 15:19:13 - [MESSAGE][INFO] - Starting 'Chrome' driver

2023-02-13 15:19:13 - [MESSAGE][INFO] - Action delay is set to 0 milliseconds

2023-02-13 15:19:14 - [MESSAGE][PASSED] - Browser is opened with url: ''

2023-02-13 15:19:14 - [TEST_STEP][PASSED] - maximizeWindow(): Current window maximized

2023-02-13 15:19:14 - [MESSAGE][PASSED] - Current window maximized

2023-02-13 15:19:14 - [TEST_STEP][PASSED] - st = new shopify.store(): null

2023-02-13 15:19:14 - [TEST_STEP][PASSED] - st.loginShopifyPartner(partner_email, partner_password, partner_id): Object: 'Object Repository/Shopify/btn_login' is clicked on

2023-02-13 15:19:18 - [MESSAGE][PASSED] - Navigate to 'https://partners.shopify.com/1662018/stores/new' successfully

2023-02-13 15:19:19 - [MESSAGE][PASSED] - Text 'huynh@firegroup.io' is set on object 'Object Repository/Shopify/input_email_shopify'

2023-02-13 15:19:20 - [MESSAGE][PASSED] - Object: 'Object Repository/Shopify/btn_continue_with_email' is clicked on

2023-02-13 15:19:22 - [MESSAGE][PASSED] - Text ****** has been set on object 'Object Repository/Shopify/input_password_shopify'

2023-02-13 15:19:28 - [MESSAGE][PASSED] - Object: 'Object Repository/Shopify/btn_login' is clicked on

2023-02-13 15:19:28 - [TEST_STEP][PASSED] - st.navigateToStoreDevelop(partner_id): Navigate to 'https://partners.shopify.com/1662018/stores/new?store_type=dev_preview_store&developer_preview_handle=checkout_extensibility' successfully

2023-02-13 15:19:29 - [MESSAGE][PASSED] - Navigate to 'https://partners.shopify.com/1662018/stores/new?store_type=dev_preview_store&developer_preview_handle=checkout_extensibility' successfully

2023-02-13 15:19:29 - [TEST_STEP][PASSED] - st.inputStoreName(store_name): Delayed 5 second(s)

2023-02-13 15:19:31 - [MESSAGE][PASSED] - Text 'huynh-ar-stag-2469' is set on object 'Object Repository/Shopify/input_store_name'

2023-02-13 15:19:36 - [MESSAGE][PASSED] - Delayed 5 second(s)

2023-02-13 15:19:36 - [TEST_STEP][PASSED] - shopify.store.clickCreateStore(): shopify.store.clickCreateStore is PASSED

2023-02-13 15:19:36 - [MESSAGE][PASSED] - Object: 'Object Repository/Shopify/btn_create_store' is clicked on

2023-02-13 15:19:56 - [MESSAGE][PASSED] - Delayed 20 second(s)

2023-02-13 15:19:56 - [MESSAGE][PASSED] - shopify.store.clickCreateStore is PASSED

2023-02-13 15:19:56 - [TEST_STEP][PASSED] - shopify.store.importProduct(product_file_local): shopify.store.importProduct is PASSED

2023-02-13 15:20:10 - [MESSAGE][PASSED] - Object: 'Object Repository/Shopify/span_product' is clicked on

2023-02-13 15:20:12 - [MESSAGE][PASSED] - Object: 'Object Repository/Shopify/span_import_product' is clicked on

2023-02-13 15:20:13 - [MESSAGE][PASSED] - File 'C:\Users\huynh\Documents\Socialhead\Automation\Katalon project\CreateStore\CreateStore\Data\products_export.csv' sent to object: 'Object Repository/Shopify/file_product'

2023-02-13 15:20:13 - [MESSAGE][PASSED] - Object: 'Object Repository/Shopify/span_upload_product_continue' is clicked on

2023-02-13 15:20:16 - [MESSAGE][PASSED] - Object: 'Object Repository/Shopify/btn_product_confirm_import' is clicked on

2023-02-13 15:20:46 - [MESSAGE][PASSED] - Delayed 30 second(s)

2023-02-13 15:20:47 - [MESSAGE][PASSED] - Refresh successfully

2023-02-13 15:21:02 - [MESSAGE][PASSED] - Delayed 15 second(s)

2023-02-13 15:21:02 - [MESSAGE][PASSED] - shopify.store.importProduct is PASSED

2023-02-13 15:21:02 - [TEST_STEP][PASSED] - shopify.store.clickOnMenuOnlineStore(): shopify.store.clickOnMenuOnlineStore is PASSED

2023-02-13 15:21:02 - [MESSAGE][PASSED] - Object: 'Object Repository/Shopify Store/a_onlie_store' is clicked on

2023-02-13 15:21:12 - [MESSAGE][PASSED] - Delayed 10 second(s)

2023-02-13 15:21:12 - [MESSAGE][PASSED] - shopify.store.clickOnMenuOnlineStore is PASSED

2023-02-13 15:21:12 - [TEST_STEP][PASSED] - shopify.store.clickOnImportTheme(): shopify.store.clickOnImportTheme is PASSED

2023-02-13 15:21:13 - [MESSAGE][PASSED] - Object: 'Object Repository/Shopify Store/btn_add_theme' is clicked on

2023-02-13 15:21:13 - [MESSAGE][PASSED] - shopify.store.clickOnImportTheme is PASSED

2023-02-13 15:21:13 - [TEST_STEP][PASSED] - shopify.store.uploadThemeFile(theme_file_local): shopify.store.uploadThemeFile is PASSED

2023-02-13 15:21:13 - [MESSAGE][PASSED] - Object: 'Object Repository/Shopify Store/btn_upload_zip_file' is clicked on

2023-02-13 15:21:14 - [MESSAGE][PASSED] - File 'C:\Users\huynh\Documents\Socialhead\Automation\Katalon project\CreateStore\CreateStore\Data\theme_export__www-whatagift-com-au-warehouse__08MAY2020-0706pm.zip' sent to object: 'Object Repository/Shopify Store/file_theme'

2023-02-13 15:21:14 - [MESSAGE][PASSED] - Object: 'Object Repository/Shopify Store/btn_upload_theme' is clicked on

2023-02-13 15:21:24 - [MESSAGE][PASSED] - Delayed 10 second(s)

2023-02-13 15:21:24 - [MESSAGE][PASSED] - shopify.store.uploadThemeFile is PASSED

2023-02-13 15:21:24 - [TEST_STEP][PASSED] - shopify.store.clickPublishTheme(): shopify.store.clickPublishTheme is PASSED

2023-02-13 15:21:54 - [MESSAGE][PASSED] - Delayed 30 second(s)

2023-02-13 15:21:54 - [MESSAGE][PASSED] - Refresh successfully

2023-02-13 15:22:24 - [MESSAGE][PASSED] - Delayed 30 second(s)

2023-02-13 15:22:25 - [MESSAGE][PASSED] - Object 'Object Repository/Shopify Store/btn_publish_theme' is clickable

2023-02-13 15:22:25 - [MESSAGE][PASSED] - Object: 'Object Repository/Shopify Store/btn_publish_theme' is clicked on

2023-02-13 15:22:25 - [MESSAGE][PASSED] - shopify.store.clickPublishTheme is PASSED

2023-02-13 15:22:25 - [TEST_STEP][PASSED] - shopify.store.confirmPublishTheme(): shopify.store.confirmPublishTheme is PASSED

2023-02-13 15:22:35 - [MESSAGE][PASSED] - Delayed 10 second(s)

2023-02-13 15:22:35 - [MESSAGE][PASSED] - Object: 'Object Repository/Shopify Store/btn_confirm_publish_theme' is clicked on

2023-02-13 15:22:35 - [MESSAGE][PASSED] - shopify.store.confirmPublishTheme is PASSED

2023-02-13 15:22:35 - [TEST_STEP][PASSED] - shopify.store_setting.changeStoreCurrency(currency, store_name): shopify.store_setting.changeStoreCurrency is PASSED

2023-02-13 15:22:45 - [MESSAGE][PASSED] - Delayed 10 second(s)

2023-02-13 15:22:48 - [MESSAGE][PASSED] - Navigate to 'http://huynh-ar-stag-2469.myshopify.com/admin/settings/general' successfully

2023-02-13 15:22:53 - [MESSAGE][PASSED] - All options with value 'USD' are selected in object 'Object Repository/Shopify Store/select_currency' 

2023-02-13 15:22:53 - [MESSAGE][PASSED] - shopify.store_setting.changeStoreCurrency is PASSED

2023-02-13 15:22:53 - [TEST_STEP][PASSED] - shopify.store_setting.saveStoreSetting(): shopify.store_setting.saveStoreSetting is PASSED

2023-02-13 15:22:54 - [MESSAGE][PASSED] - Object: 'Object Repository/Shopify Store/span_save_admin_setting' is clicked on

2023-02-13 15:22:54 - [MESSAGE][PASSED] - shopify.store_setting.saveStoreSetting is PASSED

2023-02-13 15:22:54 - [TEST_STEP][PASSED] - Start tear down : teardownIfPassed: Method 'teardownIfPassed' complete successfully

2023-02-13 15:22:54 - [TEST_STEP][PASSED] - data.excel.updateValueToSheet(file_data, "store", 4, store_name, 7, "Passed"): data.excel.updateValueToSheet is PASSED

2023-02-13 15:22:54 - [MESSAGE][PASSED] - data.excel.updateValueToSheet is PASSED

2023-02-13 15:22:54 - [MESSAGE][PASSED] - Method 'teardownIfPassed' complete successfully]]></system-out>
         <system-err><![CDATA[]]></system-err>
      </testcase>
      <testcase name="Test Cases/Shopify/CreateStore" time="224.054" classname="Test Cases/Shopify/CreateStore" status="PASSED">
         <system-out><![CDATA[2023-02-13 15:22:54 - [TEST_CASE][PASSED] - Test Cases/Shopify/CreateStore: Test Cases/Shopify/CreateStore

2023-02-13 15:22:54 - [TEST_STEP][PASSED] - Start listener action : skipStatus: null

2023-02-13 15:22:54 - [TEST_STEP][PASSED] - map = testCaseContext.getTestCaseVariables(): null

2023-02-13 15:22:54 - [TEST_STEP][PASSED] - testcae_status = map.get("testcase_status"): null

2023-02-13 15:22:54 - [TEST_STEP][PASSED] - println(testcae_status): null

2023-02-13 15:22:54 - [TEST_STEP][PASSED] - if (testcae_status == "Passed" || testcae_status == "Failed"): null

2023-02-13 15:22:54 - [TEST_STEP][PASSED] - log = new com.kms.katalon.core.util.KeywordUtil(): null

2023-02-13 15:22:54 - [TEST_STEP][PASSED] - openBrowser(""): Browser is opened with url: ''

2023-02-13 15:22:54 - [MESSAGE][WARNING] - A browser is already opened. Closing browser and opening a new one

2023-02-13 15:22:54 - [MESSAGE][INFO] - Starting 'Chrome' driver

2023-02-13 15:22:54 - [MESSAGE][INFO] - Action delay is set to 0 milliseconds

2023-02-13 15:22:55 - [MESSAGE][PASSED] - Browser is opened with url: ''

2023-02-13 15:22:55 - [TEST_STEP][PASSED] - maximizeWindow(): Current window maximized

2023-02-13 15:22:56 - [MESSAGE][PASSED] - Current window maximized

2023-02-13 15:22:56 - [TEST_STEP][PASSED] - st = new shopify.store(): null

2023-02-13 15:22:56 - [TEST_STEP][PASSED] - st.loginShopifyPartner(partner_email, partner_password, partner_id): Object: 'Object Repository/Shopify/btn_login' is clicked on

2023-02-13 15:23:00 - [MESSAGE][PASSED] - Navigate to 'https://partners.shopify.com/1662018/stores/new' successfully

2023-02-13 15:23:00 - [MESSAGE][PASSED] - Text 'huynh@firegroup.io' is set on object 'Object Repository/Shopify/input_email_shopify'

2023-02-13 15:23:03 - [MESSAGE][PASSED] - Object: 'Object Repository/Shopify/btn_continue_with_email' is clicked on

2023-02-13 15:23:06 - [MESSAGE][PASSED] - Text ****** has been set on object 'Object Repository/Shopify/input_password_shopify'

2023-02-13 15:23:13 - [MESSAGE][PASSED] - Object: 'Object Repository/Shopify/btn_login' is clicked on

2023-02-13 15:23:13 - [TEST_STEP][PASSED] - st.navigateToStoreDevelop(partner_id): Navigate to 'https://partners.shopify.com/1662018/stores/new?store_type=dev_preview_store&developer_preview_handle=checkout_extensibility' successfully

2023-02-13 15:23:14 - [MESSAGE][PASSED] - Navigate to 'https://partners.shopify.com/1662018/stores/new?store_type=dev_preview_store&developer_preview_handle=checkout_extensibility' successfully

2023-02-13 15:23:14 - [TEST_STEP][PASSED] - st.inputStoreName(store_name): Delayed 5 second(s)

2023-02-13 15:23:16 - [MESSAGE][PASSED] - Text 'huynh-ar-stag-2470' is set on object 'Object Repository/Shopify/input_store_name'

2023-02-13 15:23:21 - [MESSAGE][PASSED] - Delayed 5 second(s)

2023-02-13 15:23:21 - [TEST_STEP][PASSED] - shopify.store.clickCreateStore(): shopify.store.clickCreateStore is PASSED

2023-02-13 15:23:21 - [MESSAGE][PASSED] - Object: 'Object Repository/Shopify/btn_create_store' is clicked on

2023-02-13 15:23:41 - [MESSAGE][PASSED] - Delayed 20 second(s)

2023-02-13 15:23:41 - [MESSAGE][PASSED] - shopify.store.clickCreateStore is PASSED

2023-02-13 15:23:41 - [TEST_STEP][PASSED] - shopify.store.importProduct(product_file_local): shopify.store.importProduct is PASSED

2023-02-13 15:23:55 - [MESSAGE][PASSED] - Object: 'Object Repository/Shopify/span_product' is clicked on

2023-02-13 15:23:56 - [MESSAGE][PASSED] - Object: 'Object Repository/Shopify/span_import_product' is clicked on

2023-02-13 15:23:57 - [MESSAGE][PASSED] - File 'C:\Users\huynh\Documents\Socialhead\Automation\Katalon project\CreateStore\CreateStore\Data\products_export.csv' sent to object: 'Object Repository/Shopify/file_product'

2023-02-13 15:23:57 - [MESSAGE][PASSED] - Object: 'Object Repository/Shopify/span_upload_product_continue' is clicked on

2023-02-13 15:24:00 - [MESSAGE][PASSED] - Object: 'Object Repository/Shopify/btn_product_confirm_import' is clicked on

2023-02-13 15:24:30 - [MESSAGE][PASSED] - Delayed 30 second(s)

2023-02-13 15:24:31 - [MESSAGE][PASSED] - Refresh successfully

2023-02-13 15:24:46 - [MESSAGE][PASSED] - Delayed 15 second(s)

2023-02-13 15:24:46 - [MESSAGE][PASSED] - shopify.store.importProduct is PASSED

2023-02-13 15:24:46 - [TEST_STEP][PASSED] - shopify.store.clickOnMenuOnlineStore(): shopify.store.clickOnMenuOnlineStore is PASSED

2023-02-13 15:24:46 - [MESSAGE][PASSED] - Object: 'Object Repository/Shopify Store/a_onlie_store' is clicked on

2023-02-13 15:24:56 - [MESSAGE][PASSED] - Delayed 10 second(s)

2023-02-13 15:24:56 - [MESSAGE][PASSED] - shopify.store.clickOnMenuOnlineStore is PASSED

2023-02-13 15:24:56 - [TEST_STEP][PASSED] - shopify.store.clickOnImportTheme(): shopify.store.clickOnImportTheme is PASSED

2023-02-13 15:24:57 - [MESSAGE][PASSED] - Object: 'Object Repository/Shopify Store/btn_add_theme' is clicked on

2023-02-13 15:24:57 - [MESSAGE][PASSED] - shopify.store.clickOnImportTheme is PASSED

2023-02-13 15:24:57 - [TEST_STEP][PASSED] - shopify.store.uploadThemeFile(theme_file_local): shopify.store.uploadThemeFile is PASSED

2023-02-13 15:24:57 - [MESSAGE][PASSED] - Object: 'Object Repository/Shopify Store/btn_upload_zip_file' is clicked on

2023-02-13 15:24:58 - [MESSAGE][PASSED] - File 'C:\Users\huynh\Documents\Socialhead\Automation\Katalon project\CreateStore\CreateStore\Data\theme_export__www-wineoutthecellar-com-focal__06JUL2020-0355am.zip' sent to object: 'Object Repository/Shopify Store/file_theme'

2023-02-13 15:24:58 - [MESSAGE][PASSED] - Object: 'Object Repository/Shopify Store/btn_upload_theme' is clicked on

2023-02-13 15:25:08 - [MESSAGE][PASSED] - Delayed 10 second(s)

2023-02-13 15:25:08 - [MESSAGE][PASSED] - shopify.store.uploadThemeFile is PASSED

2023-02-13 15:25:08 - [TEST_STEP][PASSED] - shopify.store.clickPublishTheme(): shopify.store.clickPublishTheme is PASSED

2023-02-13 15:25:38 - [MESSAGE][PASSED] - Delayed 30 second(s)

2023-02-13 15:25:38 - [MESSAGE][PASSED] - Refresh successfully

2023-02-13 15:26:08 - [MESSAGE][PASSED] - Delayed 30 second(s)

2023-02-13 15:26:09 - [MESSAGE][PASSED] - Object 'Object Repository/Shopify Store/btn_publish_theme' is clickable

2023-02-13 15:26:09 - [MESSAGE][PASSED] - Object: 'Object Repository/Shopify Store/btn_publish_theme' is clicked on

2023-02-13 15:26:09 - [MESSAGE][PASSED] - shopify.store.clickPublishTheme is PASSED

2023-02-13 15:26:09 - [TEST_STEP][PASSED] - shopify.store.confirmPublishTheme(): shopify.store.confirmPublishTheme is PASSED

2023-02-13 15:26:19 - [MESSAGE][PASSED] - Delayed 10 second(s)

2023-02-13 15:26:19 - [MESSAGE][PASSED] - Object: 'Object Repository/Shopify Store/btn_confirm_publish_theme' is clicked on

2023-02-13 15:26:19 - [MESSAGE][PASSED] - shopify.store.confirmPublishTheme is PASSED

2023-02-13 15:26:19 - [TEST_STEP][PASSED] - shopify.store_setting.changeStoreCurrency(currency, store_name): shopify.store_setting.changeStoreCurrency is PASSED

2023-02-13 15:26:29 - [MESSAGE][PASSED] - Delayed 10 second(s)

2023-02-13 15:26:33 - [MESSAGE][PASSED] - Navigate to 'http://huynh-ar-stag-2470.myshopify.com/admin/settings/general' successfully

2023-02-13 15:26:37 - [MESSAGE][PASSED] - All options with value 'USD' are selected in object 'Object Repository/Shopify Store/select_currency' 

2023-02-13 15:26:37 - [MESSAGE][PASSED] - shopify.store_setting.changeStoreCurrency is PASSED

2023-02-13 15:26:37 - [TEST_STEP][PASSED] - shopify.store_setting.saveStoreSetting(): shopify.store_setting.saveStoreSetting is PASSED

2023-02-13 15:26:38 - [MESSAGE][PASSED] - Object: 'Object Repository/Shopify Store/span_save_admin_setting' is clicked on

2023-02-13 15:26:38 - [MESSAGE][PASSED] - shopify.store_setting.saveStoreSetting is PASSED

2023-02-13 15:26:38 - [TEST_STEP][PASSED] - Start tear down : teardownIfPassed: Method 'teardownIfPassed' complete successfully

2023-02-13 15:26:38 - [TEST_STEP][PASSED] - data.excel.updateValueToSheet(file_data, "store", 4, store_name, 7, "Passed"): data.excel.updateValueToSheet is PASSED

2023-02-13 15:26:38 - [MESSAGE][PASSED] - data.excel.updateValueToSheet is PASSED

2023-02-13 15:26:38 - [MESSAGE][PASSED] - Method 'teardownIfPassed' complete successfully]]></system-out>
         <system-err><![CDATA[]]></system-err>
      </testcase>
      <testcase name="Test Cases/Shopify/CreateStore" time="220.17" classname="Test Cases/Shopify/CreateStore" status="PASSED">
         <system-out><![CDATA[2023-02-13 15:26:38 - [TEST_CASE][PASSED] - Test Cases/Shopify/CreateStore: Test Cases/Shopify/CreateStore

2023-02-13 15:26:38 - [TEST_STEP][PASSED] - Start listener action : skipStatus: null

2023-02-13 15:26:38 - [TEST_STEP][PASSED] - map = testCaseContext.getTestCaseVariables(): null

2023-02-13 15:26:38 - [TEST_STEP][PASSED] - testcae_status = map.get("testcase_status"): null

2023-02-13 15:26:38 - [TEST_STEP][PASSED] - println(testcae_status): null

2023-02-13 15:26:38 - [TEST_STEP][PASSED] - if (testcae_status == "Passed" || testcae_status == "Failed"): null

2023-02-13 15:26:38 - [TEST_STEP][PASSED] - log = new com.kms.katalon.core.util.KeywordUtil(): null

2023-02-13 15:26:38 - [TEST_STEP][PASSED] - openBrowser(""): Browser is opened with url: ''

2023-02-13 15:26:38 - [MESSAGE][WARNING] - A browser is already opened. Closing browser and opening a new one

2023-02-13 15:26:38 - [MESSAGE][INFO] - Starting 'Chrome' driver

2023-02-13 15:26:38 - [MESSAGE][INFO] - Action delay is set to 0 milliseconds

2023-02-13 15:26:40 - [MESSAGE][PASSED] - Browser is opened with url: ''

2023-02-13 15:26:40 - [TEST_STEP][PASSED] - maximizeWindow(): Current window maximized

2023-02-13 15:26:40 - [MESSAGE][PASSED] - Current window maximized

2023-02-13 15:26:40 - [TEST_STEP][PASSED] - st = new shopify.store(): null

2023-02-13 15:26:40 - [TEST_STEP][PASSED] - st.loginShopifyPartner(partner_email, partner_password, partner_id): Object: 'Object Repository/Shopify/btn_login' is clicked on

2023-02-13 15:26:43 - [MESSAGE][PASSED] - Navigate to 'https://partners.shopify.com/1662018/stores/new' successfully

2023-02-13 15:26:44 - [MESSAGE][PASSED] - Text 'huynh@firegroup.io' is set on object 'Object Repository/Shopify/input_email_shopify'

2023-02-13 15:26:47 - [MESSAGE][PASSED] - Object: 'Object Repository/Shopify/btn_continue_with_email' is clicked on

2023-02-13 15:26:50 - [MESSAGE][PASSED] - Text ****** has been set on object 'Object Repository/Shopify/input_password_shopify'

2023-02-13 15:26:55 - [MESSAGE][PASSED] - Object: 'Object Repository/Shopify/btn_login' is clicked on

2023-02-13 15:26:55 - [TEST_STEP][PASSED] - st.navigateToStoreDevelop(partner_id): Navigate to 'https://partners.shopify.com/1662018/stores/new?store_type=dev_preview_store&developer_preview_handle=checkout_extensibility' successfully

2023-02-13 15:26:57 - [MESSAGE][PASSED] - Navigate to 'https://partners.shopify.com/1662018/stores/new?store_type=dev_preview_store&developer_preview_handle=checkout_extensibility' successfully

2023-02-13 15:26:57 - [TEST_STEP][PASSED] - st.inputStoreName(store_name): Delayed 5 second(s)

2023-02-13 15:26:58 - [MESSAGE][PASSED] - Text 'huynh-ar-stag-2471' is set on object 'Object Repository/Shopify/input_store_name'

2023-02-13 15:27:03 - [MESSAGE][PASSED] - Delayed 5 second(s)

2023-02-13 15:27:03 - [TEST_STEP][PASSED] - shopify.store.clickCreateStore(): shopify.store.clickCreateStore is PASSED

2023-02-13 15:27:04 - [MESSAGE][PASSED] - Object: 'Object Repository/Shopify/btn_create_store' is clicked on

2023-02-13 15:27:24 - [MESSAGE][PASSED] - Delayed 20 second(s)

2023-02-13 15:27:24 - [MESSAGE][PASSED] - shopify.store.clickCreateStore is PASSED

2023-02-13 15:27:24 - [TEST_STEP][PASSED] - shopify.store.importProduct(product_file_local): shopify.store.importProduct is PASSED

2023-02-13 15:27:33 - [MESSAGE][PASSED] - Object: 'Object Repository/Shopify/span_product' is clicked on

2023-02-13 15:27:34 - [MESSAGE][PASSED] - Object: 'Object Repository/Shopify/span_import_product' is clicked on

2023-02-13 15:27:35 - [MESSAGE][PASSED] - File 'C:\Users\huynh\Documents\Socialhead\Automation\Katalon project\CreateStore\CreateStore\Data\products_export.csv' sent to object: 'Object Repository/Shopify/file_product'

2023-02-13 15:27:35 - [MESSAGE][PASSED] - Object: 'Object Repository/Shopify/span_upload_product_continue' is clicked on

2023-02-13 15:27:39 - [MESSAGE][PASSED] - Object: 'Object Repository/Shopify/btn_product_confirm_import' is clicked on

2023-02-13 15:28:09 - [MESSAGE][PASSED] - Delayed 30 second(s)

2023-02-13 15:28:09 - [MESSAGE][PASSED] - Refresh successfully

2023-02-13 15:28:24 - [MESSAGE][PASSED] - Delayed 15 second(s)

2023-02-13 15:28:24 - [MESSAGE][PASSED] - shopify.store.importProduct is PASSED

2023-02-13 15:28:24 - [TEST_STEP][PASSED] - shopify.store.clickOnMenuOnlineStore(): shopify.store.clickOnMenuOnlineStore is PASSED

2023-02-13 15:28:25 - [MESSAGE][PASSED] - Object: 'Object Repository/Shopify Store/a_onlie_store' is clicked on

2023-02-13 15:28:35 - [MESSAGE][PASSED] - Delayed 10 second(s)

2023-02-13 15:28:35 - [MESSAGE][PASSED] - shopify.store.clickOnMenuOnlineStore is PASSED

2023-02-13 15:28:35 - [TEST_STEP][PASSED] - shopify.store.clickOnImportTheme(): shopify.store.clickOnImportTheme is PASSED

2023-02-13 15:28:35 - [MESSAGE][PASSED] - Object: 'Object Repository/Shopify Store/btn_add_theme' is clicked on

2023-02-13 15:28:35 - [MESSAGE][PASSED] - shopify.store.clickOnImportTheme is PASSED

2023-02-13 15:28:35 - [TEST_STEP][PASSED] - shopify.store.uploadThemeFile(theme_file_local): shopify.store.uploadThemeFile is PASSED

2023-02-13 15:28:35 - [MESSAGE][PASSED] - Object: 'Object Repository/Shopify Store/btn_upload_zip_file' is clicked on

2023-02-13 15:28:36 - [MESSAGE][PASSED] - File 'C:\Users\huynh\Documents\Socialhead\Automation\Katalon project\CreateStore\CreateStore\Data\theme_export__www-xmartial-com-xmartial__12APR2021-1209am.zip' sent to object: 'Object Repository/Shopify Store/file_theme'

2023-02-13 15:28:36 - [MESSAGE][PASSED] - Object: 'Object Repository/Shopify Store/btn_upload_theme' is clicked on

2023-02-13 15:28:46 - [MESSAGE][PASSED] - Delayed 10 second(s)

2023-02-13 15:28:46 - [MESSAGE][PASSED] - shopify.store.uploadThemeFile is PASSED

2023-02-13 15:28:46 - [TEST_STEP][PASSED] - shopify.store.clickPublishTheme(): shopify.store.clickPublishTheme is PASSED

2023-02-13 15:29:16 - [MESSAGE][PASSED] - Delayed 30 second(s)

2023-02-13 15:29:18 - [MESSAGE][PASSED] - Refresh successfully

2023-02-13 15:29:48 - [MESSAGE][PASSED] - Delayed 30 second(s)

2023-02-13 15:29:48 - [MESSAGE][PASSED] - Object 'Object Repository/Shopify Store/btn_publish_theme' is clickable

2023-02-13 15:29:48 - [MESSAGE][PASSED] - Object: 'Object Repository/Shopify Store/btn_publish_theme' is clicked on

2023-02-13 15:29:48 - [MESSAGE][PASSED] - shopify.store.clickPublishTheme is PASSED

2023-02-13 15:29:48 - [TEST_STEP][PASSED] - shopify.store.confirmPublishTheme(): shopify.store.confirmPublishTheme is PASSED

2023-02-13 15:29:58 - [MESSAGE][PASSED] - Delayed 10 second(s)

2023-02-13 15:29:59 - [MESSAGE][PASSED] - Object: 'Object Repository/Shopify Store/btn_confirm_publish_theme' is clicked on

2023-02-13 15:29:59 - [MESSAGE][PASSED] - shopify.store.confirmPublishTheme is PASSED

2023-02-13 15:29:59 - [TEST_STEP][PASSED] - shopify.store_setting.changeStoreCurrency(currency, store_name): shopify.store_setting.changeStoreCurrency is PASSED

2023-02-13 15:30:09 - [MESSAGE][PASSED] - Delayed 10 second(s)

2023-02-13 15:30:13 - [MESSAGE][PASSED] - Navigate to 'http://huynh-ar-stag-2471.myshopify.com/admin/settings/general' successfully

2023-02-13 15:30:18 - [MESSAGE][PASSED] - All options with value 'USD' are selected in object 'Object Repository/Shopify Store/select_currency' 

2023-02-13 15:30:18 - [MESSAGE][PASSED] - shopify.store_setting.changeStoreCurrency is PASSED

2023-02-13 15:30:18 - [TEST_STEP][PASSED] - shopify.store_setting.saveStoreSetting(): shopify.store_setting.saveStoreSetting is PASSED

2023-02-13 15:30:18 - [MESSAGE][PASSED] - Object: 'Object Repository/Shopify Store/span_save_admin_setting' is clicked on

2023-02-13 15:30:18 - [MESSAGE][PASSED] - shopify.store_setting.saveStoreSetting is PASSED

2023-02-13 15:30:18 - [TEST_STEP][PASSED] - Start tear down : teardownIfPassed: Method 'teardownIfPassed' complete successfully

2023-02-13 15:30:18 - [TEST_STEP][PASSED] - data.excel.updateValueToSheet(file_data, "store", 4, store_name, 7, "Passed"): data.excel.updateValueToSheet is PASSED

2023-02-13 15:30:18 - [MESSAGE][PASSED] - data.excel.updateValueToSheet is PASSED

2023-02-13 15:30:18 - [MESSAGE][PASSED] - Method 'teardownIfPassed' complete successfully]]></system-out>
         <system-err><![CDATA[]]></system-err>
      </testcase>
      <testcase name="Test Cases/Shopify/CreateStore" time="225.665" classname="Test Cases/Shopify/CreateStore" status="PASSED">
         <system-out><![CDATA[2023-02-13 15:30:18 - [TEST_CASE][PASSED] - Test Cases/Shopify/CreateStore: Test Cases/Shopify/CreateStore

2023-02-13 15:30:18 - [TEST_STEP][PASSED] - Start listener action : skipStatus: null

2023-02-13 15:30:18 - [TEST_STEP][PASSED] - map = testCaseContext.getTestCaseVariables(): null

2023-02-13 15:30:18 - [TEST_STEP][PASSED] - testcae_status = map.get("testcase_status"): null

2023-02-13 15:30:18 - [TEST_STEP][PASSED] - println(testcae_status): null

2023-02-13 15:30:18 - [TEST_STEP][PASSED] - if (testcae_status == "Passed" || testcae_status == "Failed"): null

2023-02-13 15:30:18 - [TEST_STEP][PASSED] - log = new com.kms.katalon.core.util.KeywordUtil(): null

2023-02-13 15:30:18 - [TEST_STEP][PASSED] - openBrowser(""): Browser is opened with url: ''

2023-02-13 15:30:18 - [MESSAGE][WARNING] - A browser is already opened. Closing browser and opening a new one

2023-02-13 15:30:19 - [MESSAGE][INFO] - Starting 'Chrome' driver

2023-02-13 15:30:19 - [MESSAGE][INFO] - Action delay is set to 0 milliseconds

2023-02-13 15:30:20 - [MESSAGE][PASSED] - Browser is opened with url: ''

2023-02-13 15:30:20 - [TEST_STEP][PASSED] - maximizeWindow(): Current window maximized

2023-02-13 15:30:20 - [MESSAGE][PASSED] - Current window maximized

2023-02-13 15:30:20 - [TEST_STEP][PASSED] - st = new shopify.store(): null

2023-02-13 15:30:20 - [TEST_STEP][PASSED] - st.loginShopifyPartner(partner_email, partner_password, partner_id): Object: 'Object Repository/Shopify/btn_login' is clicked on

2023-02-13 15:30:24 - [MESSAGE][PASSED] - Navigate to 'https://partners.shopify.com/1662018/stores/new' successfully

2023-02-13 15:30:24 - [MESSAGE][PASSED] - Text 'huynh@firegroup.io' is set on object 'Object Repository/Shopify/input_email_shopify'

2023-02-13 15:30:26 - [MESSAGE][PASSED] - Object: 'Object Repository/Shopify/btn_continue_with_email' is clicked on

2023-02-13 15:30:28 - [MESSAGE][PASSED] - Text ****** has been set on object 'Object Repository/Shopify/input_password_shopify'

2023-02-13 15:30:37 - [MESSAGE][PASSED] - Object: 'Object Repository/Shopify/btn_login' is clicked on

2023-02-13 15:30:37 - [TEST_STEP][PASSED] - st.navigateToStoreDevelop(partner_id): Navigate to 'https://partners.shopify.com/1662018/stores/new?store_type=dev_preview_store&developer_preview_handle=checkout_extensibility' successfully

2023-02-13 15:30:39 - [MESSAGE][PASSED] - Navigate to 'https://partners.shopify.com/1662018/stores/new?store_type=dev_preview_store&developer_preview_handle=checkout_extensibility' successfully

2023-02-13 15:30:39 - [TEST_STEP][PASSED] - st.inputStoreName(store_name): Delayed 5 second(s)

2023-02-13 15:30:41 - [MESSAGE][PASSED] - Text 'huynh-ar-stag-2472' is set on object 'Object Repository/Shopify/input_store_name'

2023-02-13 15:30:46 - [MESSAGE][PASSED] - Delayed 5 second(s)

2023-02-13 15:30:46 - [TEST_STEP][PASSED] - shopify.store.clickCreateStore(): shopify.store.clickCreateStore is PASSED

2023-02-13 15:30:47 - [MESSAGE][PASSED] - Object: 'Object Repository/Shopify/btn_create_store' is clicked on

2023-02-13 15:31:07 - [MESSAGE][PASSED] - Delayed 20 second(s)

2023-02-13 15:31:07 - [MESSAGE][PASSED] - shopify.store.clickCreateStore is PASSED

2023-02-13 15:31:07 - [TEST_STEP][PASSED] - shopify.store.importProduct(product_file_local): shopify.store.importProduct is PASSED

2023-02-13 15:31:20 - [MESSAGE][PASSED] - Object: 'Object Repository/Shopify/span_product' is clicked on

2023-02-13 15:31:22 - [MESSAGE][PASSED] - Object: 'Object Repository/Shopify/span_import_product' is clicked on

2023-02-13 15:31:23 - [MESSAGE][PASSED] - File 'C:\Users\huynh\Documents\Socialhead\Automation\Katalon project\CreateStore\CreateStore\Data\products_export.csv' sent to object: 'Object Repository/Shopify/file_product'

2023-02-13 15:31:23 - [MESSAGE][PASSED] - Object: 'Object Repository/Shopify/span_upload_product_continue' is clicked on

2023-02-13 15:31:26 - [MESSAGE][PASSED] - Object: 'Object Repository/Shopify/btn_product_confirm_import' is clicked on

2023-02-13 15:31:56 - [MESSAGE][PASSED] - Delayed 30 second(s)

2023-02-13 15:31:57 - [MESSAGE][PASSED] - Refresh successfully

2023-02-13 15:32:12 - [MESSAGE][PASSED] - Delayed 15 second(s)

2023-02-13 15:32:12 - [MESSAGE][PASSED] - shopify.store.importProduct is PASSED

2023-02-13 15:32:12 - [TEST_STEP][PASSED] - shopify.store.clickOnMenuOnlineStore(): shopify.store.clickOnMenuOnlineStore is PASSED

2023-02-13 15:32:12 - [MESSAGE][PASSED] - Object: 'Object Repository/Shopify Store/a_onlie_store' is clicked on

2023-02-13 15:32:22 - [MESSAGE][PASSED] - Delayed 10 second(s)

2023-02-13 15:32:22 - [MESSAGE][PASSED] - shopify.store.clickOnMenuOnlineStore is PASSED

2023-02-13 15:32:22 - [TEST_STEP][PASSED] - shopify.store.clickOnImportTheme(): shopify.store.clickOnImportTheme is PASSED

2023-02-13 15:32:23 - [MESSAGE][PASSED] - Object: 'Object Repository/Shopify Store/btn_add_theme' is clicked on

2023-02-13 15:32:23 - [MESSAGE][PASSED] - shopify.store.clickOnImportTheme is PASSED

2023-02-13 15:32:23 - [TEST_STEP][PASSED] - shopify.store.uploadThemeFile(theme_file_local): shopify.store.uploadThemeFile is PASSED

2023-02-13 15:32:23 - [MESSAGE][PASSED] - Object: 'Object Repository/Shopify Store/btn_upload_zip_file' is clicked on

2023-02-13 15:32:23 - [MESSAGE][PASSED] - File 'C:\Users\huynh\Documents\Socialhead\Automation\Katalon project\CreateStore\CreateStore\Data\theme_export__www-yamibunnyplus-com-boundless__19MAY2021-0822am.zip' sent to object: 'Object Repository/Shopify Store/file_theme'

2023-02-13 15:32:24 - [MESSAGE][PASSED] - Object: 'Object Repository/Shopify Store/btn_upload_theme' is clicked on

2023-02-13 15:32:34 - [MESSAGE][PASSED] - Delayed 10 second(s)

2023-02-13 15:32:34 - [MESSAGE][PASSED] - shopify.store.uploadThemeFile is PASSED

2023-02-13 15:32:34 - [TEST_STEP][PASSED] - shopify.store.clickPublishTheme(): shopify.store.clickPublishTheme is PASSED

2023-02-13 15:33:04 - [MESSAGE][PASSED] - Delayed 30 second(s)

2023-02-13 15:33:04 - [MESSAGE][PASSED] - Refresh successfully

2023-02-13 15:33:34 - [MESSAGE][PASSED] - Delayed 30 second(s)

2023-02-13 15:33:34 - [MESSAGE][PASSED] - Object 'Object Repository/Shopify Store/btn_publish_theme' is clickable

2023-02-13 15:33:35 - [MESSAGE][PASSED] - Object: 'Object Repository/Shopify Store/btn_publish_theme' is clicked on

2023-02-13 15:33:35 - [MESSAGE][PASSED] - shopify.store.clickPublishTheme is PASSED

2023-02-13 15:33:35 - [TEST_STEP][PASSED] - shopify.store.confirmPublishTheme(): shopify.store.confirmPublishTheme is PASSED

2023-02-13 15:33:45 - [MESSAGE][PASSED] - Delayed 10 second(s)

2023-02-13 15:33:45 - [MESSAGE][PASSED] - Object: 'Object Repository/Shopify Store/btn_confirm_publish_theme' is clicked on

2023-02-13 15:33:45 - [MESSAGE][PASSED] - shopify.store.confirmPublishTheme is PASSED

2023-02-13 15:33:45 - [TEST_STEP][PASSED] - shopify.store_setting.changeStoreCurrency(currency, store_name): shopify.store_setting.changeStoreCurrency is PASSED

2023-02-13 15:33:55 - [MESSAGE][PASSED] - Delayed 10 second(s)

2023-02-13 15:33:58 - [MESSAGE][PASSED] - Navigate to 'http://huynh-ar-stag-2472.myshopify.com/admin/settings/general' successfully

2023-02-13 15:34:03 - [MESSAGE][PASSED] - All options with value 'USD' are selected in object 'Object Repository/Shopify Store/select_currency' 

2023-02-13 15:34:03 - [MESSAGE][PASSED] - shopify.store_setting.changeStoreCurrency is PASSED

2023-02-13 15:34:03 - [TEST_STEP][PASSED] - shopify.store_setting.saveStoreSetting(): shopify.store_setting.saveStoreSetting is PASSED

2023-02-13 15:34:04 - [MESSAGE][PASSED] - Object: 'Object Repository/Shopify Store/span_save_admin_setting' is clicked on

2023-02-13 15:34:04 - [MESSAGE][PASSED] - shopify.store_setting.saveStoreSetting is PASSED

2023-02-13 15:34:04 - [TEST_STEP][PASSED] - Start tear down : teardownIfPassed: Method 'teardownIfPassed' complete successfully

2023-02-13 15:34:04 - [TEST_STEP][PASSED] - data.excel.updateValueToSheet(file_data, "store", 4, store_name, 7, "Passed"): data.excel.updateValueToSheet is PASSED

2023-02-13 15:34:04 - [MESSAGE][PASSED] - data.excel.updateValueToSheet is PASSED

2023-02-13 15:34:04 - [MESSAGE][PASSED] - Method 'teardownIfPassed' complete successfully]]></system-out>
         <system-err><![CDATA[]]></system-err>
      </testcase>
      <testcase name="Test Cases/Shopify/CreateStore" time="224.2" classname="Test Cases/Shopify/CreateStore" status="PASSED">
         <system-out><![CDATA[2023-02-13 15:34:04 - [TEST_CASE][PASSED] - Test Cases/Shopify/CreateStore: Test Cases/Shopify/CreateStore

2023-02-13 15:34:04 - [TEST_STEP][PASSED] - Start listener action : skipStatus: null

2023-02-13 15:34:04 - [TEST_STEP][PASSED] - map = testCaseContext.getTestCaseVariables(): null

2023-02-13 15:34:04 - [TEST_STEP][PASSED] - testcae_status = map.get("testcase_status"): null

2023-02-13 15:34:04 - [TEST_STEP][PASSED] - println(testcae_status): null

2023-02-13 15:34:04 - [TEST_STEP][PASSED] - if (testcae_status == "Passed" || testcae_status == "Failed"): null

2023-02-13 15:34:04 - [TEST_STEP][PASSED] - log = new com.kms.katalon.core.util.KeywordUtil(): null

2023-02-13 15:34:04 - [TEST_STEP][PASSED] - openBrowser(""): Browser is opened with url: ''

2023-02-13 15:34:04 - [MESSAGE][WARNING] - A browser is already opened. Closing browser and opening a new one

2023-02-13 15:34:04 - [MESSAGE][INFO] - Starting 'Chrome' driver

2023-02-13 15:34:04 - [MESSAGE][INFO] - Action delay is set to 0 milliseconds

2023-02-13 15:34:06 - [MESSAGE][PASSED] - Browser is opened with url: ''

2023-02-13 15:34:06 - [TEST_STEP][PASSED] - maximizeWindow(): Current window maximized

2023-02-13 15:34:06 - [MESSAGE][PASSED] - Current window maximized

2023-02-13 15:34:06 - [TEST_STEP][PASSED] - st = new shopify.store(): null

2023-02-13 15:34:06 - [TEST_STEP][PASSED] - st.loginShopifyPartner(partner_email, partner_password, partner_id): Object: 'Object Repository/Shopify/btn_login' is clicked on

2023-02-13 15:34:09 - [MESSAGE][PASSED] - Navigate to 'https://partners.shopify.com/1662018/stores/new' successfully

2023-02-13 15:34:10 - [MESSAGE][PASSED] - Text 'huynh@firegroup.io' is set on object 'Object Repository/Shopify/input_email_shopify'

2023-02-13 15:34:11 - [MESSAGE][PASSED] - Object: 'Object Repository/Shopify/btn_continue_with_email' is clicked on

2023-02-13 15:34:13 - [MESSAGE][PASSED] - Text ****** has been set on object 'Object Repository/Shopify/input_password_shopify'

2023-02-13 15:34:20 - [MESSAGE][PASSED] - Object: 'Object Repository/Shopify/btn_login' is clicked on

2023-02-13 15:34:20 - [TEST_STEP][PASSED] - st.navigateToStoreDevelop(partner_id): Navigate to 'https://partners.shopify.com/1662018/stores/new?store_type=dev_preview_store&developer_preview_handle=checkout_extensibility' successfully

2023-02-13 15:34:21 - [MESSAGE][PASSED] - Navigate to 'https://partners.shopify.com/1662018/stores/new?store_type=dev_preview_store&developer_preview_handle=checkout_extensibility' successfully

2023-02-13 15:34:21 - [TEST_STEP][PASSED] - st.inputStoreName(store_name): Delayed 5 second(s)

2023-02-13 15:34:23 - [MESSAGE][PASSED] - Text 'huynh-ar-stag-2473' is set on object 'Object Repository/Shopify/input_store_name'

2023-02-13 15:34:28 - [MESSAGE][PASSED] - Delayed 5 second(s)

2023-02-13 15:34:28 - [TEST_STEP][PASSED] - shopify.store.clickCreateStore(): shopify.store.clickCreateStore is PASSED

2023-02-13 15:34:28 - [MESSAGE][PASSED] - Object: 'Object Repository/Shopify/btn_create_store' is clicked on

2023-02-13 15:34:48 - [MESSAGE][PASSED] - Delayed 20 second(s)

2023-02-13 15:34:48 - [MESSAGE][PASSED] - shopify.store.clickCreateStore is PASSED

2023-02-13 15:34:48 - [TEST_STEP][PASSED] - shopify.store.importProduct(product_file_local): shopify.store.importProduct is PASSED

2023-02-13 15:35:03 - [MESSAGE][PASSED] - Object: 'Object Repository/Shopify/span_product' is clicked on

2023-02-13 15:35:05 - [MESSAGE][PASSED] - Object: 'Object Repository/Shopify/span_import_product' is clicked on

2023-02-13 15:35:06 - [MESSAGE][PASSED] - File 'C:\Users\huynh\Documents\Socialhead\Automation\Katalon project\CreateStore\CreateStore\Data\products_export.csv' sent to object: 'Object Repository/Shopify/file_product'

2023-02-13 15:35:06 - [MESSAGE][PASSED] - Object: 'Object Repository/Shopify/span_upload_product_continue' is clicked on

2023-02-13 15:35:10 - [MESSAGE][PASSED] - Object: 'Object Repository/Shopify/btn_product_confirm_import' is clicked on

2023-02-13 15:35:40 - [MESSAGE][PASSED] - Delayed 30 second(s)

2023-02-13 15:35:40 - [MESSAGE][PASSED] - Refresh successfully

2023-02-13 15:35:55 - [MESSAGE][PASSED] - Delayed 15 second(s)

2023-02-13 15:35:55 - [MESSAGE][PASSED] - shopify.store.importProduct is PASSED

2023-02-13 15:35:55 - [TEST_STEP][PASSED] - shopify.store.clickOnMenuOnlineStore(): shopify.store.clickOnMenuOnlineStore is PASSED

2023-02-13 15:35:56 - [MESSAGE][PASSED] - Object: 'Object Repository/Shopify Store/a_onlie_store' is clicked on

2023-02-13 15:36:06 - [MESSAGE][PASSED] - Delayed 10 second(s)

2023-02-13 15:36:06 - [MESSAGE][PASSED] - shopify.store.clickOnMenuOnlineStore is PASSED

2023-02-13 15:36:06 - [TEST_STEP][PASSED] - shopify.store.clickOnImportTheme(): shopify.store.clickOnImportTheme is PASSED

2023-02-13 15:36:06 - [MESSAGE][PASSED] - Object: 'Object Repository/Shopify Store/btn_add_theme' is clicked on

2023-02-13 15:36:06 - [MESSAGE][PASSED] - shopify.store.clickOnImportTheme is PASSED

2023-02-13 15:36:06 - [TEST_STEP][PASSED] - shopify.store.uploadThemeFile(theme_file_local): shopify.store.uploadThemeFile is PASSED

2023-02-13 15:36:06 - [MESSAGE][PASSED] - Object: 'Object Repository/Shopify Store/btn_upload_zip_file' is clicked on

2023-02-13 15:36:07 - [MESSAGE][PASSED] - File 'C:\Users\huynh\Documents\Socialhead\Automation\Katalon project\CreateStore\CreateStore\Data\theme_export__www-zelaclub-com-superstore-custom-neon-sign__28JUN2020-1135pm (1).zip' sent to object: 'Object Repository/Shopify Store/file_theme'

2023-02-13 15:36:07 - [MESSAGE][PASSED] - Object: 'Object Repository/Shopify Store/btn_upload_theme' is clicked on

2023-02-13 15:36:17 - [MESSAGE][PASSED] - Delayed 10 second(s)

2023-02-13 15:36:17 - [MESSAGE][PASSED] - shopify.store.uploadThemeFile is PASSED

2023-02-13 15:36:17 - [TEST_STEP][PASSED] - shopify.store.clickPublishTheme(): shopify.store.clickPublishTheme is PASSED

2023-02-13 15:36:47 - [MESSAGE][PASSED] - Delayed 30 second(s)

2023-02-13 15:36:48 - [MESSAGE][PASSED] - Refresh successfully

2023-02-13 15:37:18 - [MESSAGE][PASSED] - Delayed 30 second(s)

2023-02-13 15:37:18 - [MESSAGE][PASSED] - Object 'Object Repository/Shopify Store/btn_publish_theme' is clickable

2023-02-13 15:37:18 - [MESSAGE][PASSED] - Object: 'Object Repository/Shopify Store/btn_publish_theme' is clicked on

2023-02-13 15:37:18 - [MESSAGE][PASSED] - shopify.store.clickPublishTheme is PASSED

2023-02-13 15:37:18 - [TEST_STEP][PASSED] - shopify.store.confirmPublishTheme(): shopify.store.confirmPublishTheme is PASSED

2023-02-13 15:37:28 - [MESSAGE][PASSED] - Delayed 10 second(s)

2023-02-13 15:37:29 - [MESSAGE][PASSED] - Object: 'Object Repository/Shopify Store/btn_confirm_publish_theme' is clicked on

2023-02-13 15:37:29 - [MESSAGE][PASSED] - shopify.store.confirmPublishTheme is PASSED

2023-02-13 15:37:29 - [TEST_STEP][PASSED] - shopify.store_setting.changeStoreCurrency(currency, store_name): shopify.store_setting.changeStoreCurrency is PASSED

2023-02-13 15:37:39 - [MESSAGE][PASSED] - Delayed 10 second(s)

2023-02-13 15:37:43 - [MESSAGE][PASSED] - Navigate to 'http://huynh-ar-stag-2473.myshopify.com/admin/settings/general' successfully

2023-02-13 15:37:47 - [MESSAGE][PASSED] - All options with value 'USD' are selected in object 'Object Repository/Shopify Store/select_currency' 

2023-02-13 15:37:47 - [MESSAGE][PASSED] - shopify.store_setting.changeStoreCurrency is PASSED

2023-02-13 15:37:47 - [TEST_STEP][PASSED] - shopify.store_setting.saveStoreSetting(): shopify.store_setting.saveStoreSetting is PASSED

2023-02-13 15:37:48 - [MESSAGE][PASSED] - Object: 'Object Repository/Shopify Store/span_save_admin_setting' is clicked on

2023-02-13 15:37:48 - [MESSAGE][PASSED] - shopify.store_setting.saveStoreSetting is PASSED

2023-02-13 15:37:48 - [TEST_STEP][PASSED] - Start tear down : teardownIfPassed: Method 'teardownIfPassed' complete successfully

2023-02-13 15:37:48 - [TEST_STEP][PASSED] - data.excel.updateValueToSheet(file_data, "store", 4, store_name, 7, "Passed"): data.excel.updateValueToSheet is PASSED

2023-02-13 15:37:48 - [MESSAGE][PASSED] - data.excel.updateValueToSheet is PASSED

2023-02-13 15:37:48 - [MESSAGE][PASSED] - Method 'teardownIfPassed' complete successfully]]></system-out>
         <system-err><![CDATA[]]></system-err>
      </testcase>
      <testcase name="Test Cases/Shopify/CreateStore" time="223.406" classname="Test Cases/Shopify/CreateStore" status="PASSED">
         <system-out><![CDATA[2023-02-13 15:37:48 - [TEST_CASE][PASSED] - Test Cases/Shopify/CreateStore: Test Cases/Shopify/CreateStore

2023-02-13 15:37:48 - [TEST_STEP][PASSED] - Start listener action : skipStatus: null

2023-02-13 15:37:48 - [TEST_STEP][PASSED] - map = testCaseContext.getTestCaseVariables(): null

2023-02-13 15:37:48 - [TEST_STEP][PASSED] - testcae_status = map.get("testcase_status"): null

2023-02-13 15:37:48 - [TEST_STEP][PASSED] - println(testcae_status): null

2023-02-13 15:37:48 - [TEST_STEP][PASSED] - if (testcae_status == "Passed" || testcae_status == "Failed"): null

2023-02-13 15:37:48 - [TEST_STEP][PASSED] - log = new com.kms.katalon.core.util.KeywordUtil(): null

2023-02-13 15:37:48 - [TEST_STEP][PASSED] - openBrowser(""): Browser is opened with url: ''

2023-02-13 15:37:48 - [MESSAGE][WARNING] - A browser is already opened. Closing browser and opening a new one

2023-02-13 15:37:49 - [MESSAGE][INFO] - Starting 'Chrome' driver

2023-02-13 15:37:49 - [MESSAGE][INFO] - Action delay is set to 0 milliseconds

2023-02-13 15:37:50 - [MESSAGE][PASSED] - Browser is opened with url: ''

2023-02-13 15:37:50 - [TEST_STEP][PASSED] - maximizeWindow(): Current window maximized

2023-02-13 15:37:50 - [MESSAGE][PASSED] - Current window maximized

2023-02-13 15:37:50 - [TEST_STEP][PASSED] - st = new shopify.store(): null

2023-02-13 15:37:50 - [TEST_STEP][PASSED] - st.loginShopifyPartner(partner_email, partner_password, partner_id): Object: 'Object Repository/Shopify/btn_login' is clicked on

2023-02-13 15:37:54 - [MESSAGE][PASSED] - Navigate to 'https://partners.shopify.com/1662018/stores/new' successfully

2023-02-13 15:37:55 - [MESSAGE][PASSED] - Text 'huynh@firegroup.io' is set on object 'Object Repository/Shopify/input_email_shopify'

2023-02-13 15:37:58 - [MESSAGE][PASSED] - Object: 'Object Repository/Shopify/btn_continue_with_email' is clicked on

2023-02-13 15:38:00 - [MESSAGE][PASSED] - Text ****** has been set on object 'Object Repository/Shopify/input_password_shopify'

2023-02-13 15:38:06 - [MESSAGE][PASSED] - Object: 'Object Repository/Shopify/btn_login' is clicked on

2023-02-13 15:38:06 - [TEST_STEP][PASSED] - st.navigateToStoreDevelop(partner_id): Navigate to 'https://partners.shopify.com/1662018/stores/new?store_type=dev_preview_store&developer_preview_handle=checkout_extensibility' successfully

2023-02-13 15:38:07 - [MESSAGE][PASSED] - Navigate to 'https://partners.shopify.com/1662018/stores/new?store_type=dev_preview_store&developer_preview_handle=checkout_extensibility' successfully

2023-02-13 15:38:07 - [TEST_STEP][PASSED] - st.inputStoreName(store_name): Delayed 5 second(s)

2023-02-13 15:38:09 - [MESSAGE][PASSED] - Text 'huynh-ar-stag-2474' is set on object 'Object Repository/Shopify/input_store_name'

2023-02-13 15:38:14 - [MESSAGE][PASSED] - Delayed 5 second(s)

2023-02-13 15:38:14 - [TEST_STEP][PASSED] - shopify.store.clickCreateStore(): shopify.store.clickCreateStore is PASSED

2023-02-13 15:38:14 - [MESSAGE][PASSED] - Object: 'Object Repository/Shopify/btn_create_store' is clicked on

2023-02-13 15:38:34 - [MESSAGE][PASSED] - Delayed 20 second(s)

2023-02-13 15:38:34 - [MESSAGE][PASSED] - shopify.store.clickCreateStore is PASSED

2023-02-13 15:38:34 - [TEST_STEP][PASSED] - shopify.store.importProduct(product_file_local): shopify.store.importProduct is PASSED

2023-02-13 15:38:47 - [MESSAGE][PASSED] - Object: 'Object Repository/Shopify/span_product' is clicked on

2023-02-13 15:38:48 - [MESSAGE][PASSED] - Object: 'Object Repository/Shopify/span_import_product' is clicked on

2023-02-13 15:38:49 - [MESSAGE][PASSED] - File 'C:\Users\huynh\Documents\Socialhead\Automation\Katalon project\CreateStore\CreateStore\Data\products_export.csv' sent to object: 'Object Repository/Shopify/file_product'

2023-02-13 15:38:50 - [MESSAGE][PASSED] - Object: 'Object Repository/Shopify/span_upload_product_continue' is clicked on

2023-02-13 15:38:53 - [MESSAGE][PASSED] - Object: 'Object Repository/Shopify/btn_product_confirm_import' is clicked on

2023-02-13 15:39:23 - [MESSAGE][PASSED] - Delayed 30 second(s)

2023-02-13 15:39:23 - [MESSAGE][PASSED] - Refresh successfully

2023-02-13 15:39:38 - [MESSAGE][PASSED] - Delayed 15 second(s)

2023-02-13 15:39:38 - [MESSAGE][PASSED] - shopify.store.importProduct is PASSED

2023-02-13 15:39:38 - [TEST_STEP][PASSED] - shopify.store.clickOnMenuOnlineStore(): shopify.store.clickOnMenuOnlineStore is PASSED

2023-02-13 15:39:39 - [MESSAGE][PASSED] - Object: 'Object Repository/Shopify Store/a_onlie_store' is clicked on

2023-02-13 15:39:49 - [MESSAGE][PASSED] - Delayed 10 second(s)

2023-02-13 15:39:49 - [MESSAGE][PASSED] - shopify.store.clickOnMenuOnlineStore is PASSED

2023-02-13 15:39:49 - [TEST_STEP][PASSED] - shopify.store.clickOnImportTheme(): shopify.store.clickOnImportTheme is PASSED

2023-02-13 15:39:49 - [MESSAGE][PASSED] - Object: 'Object Repository/Shopify Store/btn_add_theme' is clicked on

2023-02-13 15:39:49 - [MESSAGE][PASSED] - shopify.store.clickOnImportTheme is PASSED

2023-02-13 15:39:49 - [TEST_STEP][PASSED] - shopify.store.uploadThemeFile(theme_file_local): shopify.store.uploadThemeFile is PASSED

2023-02-13 15:39:49 - [MESSAGE][PASSED] - Object: 'Object Repository/Shopify Store/btn_upload_zip_file' is clicked on

2023-02-13 15:39:50 - [MESSAGE][PASSED] - File 'C:\Users\huynh\Documents\Socialhead\Automation\Katalon project\CreateStore\CreateStore\Data\theme_export__yooris-colorbook-myshopify-com-minimal__06MAY2020-0852am.zip' sent to object: 'Object Repository/Shopify Store/file_theme'

2023-02-13 15:39:50 - [MESSAGE][PASSED] - Object: 'Object Repository/Shopify Store/btn_upload_theme' is clicked on

2023-02-13 15:40:00 - [MESSAGE][PASSED] - Delayed 10 second(s)

2023-02-13 15:40:00 - [MESSAGE][PASSED] - shopify.store.uploadThemeFile is PASSED

2023-02-13 15:40:00 - [TEST_STEP][PASSED] - shopify.store.clickPublishTheme(): shopify.store.clickPublishTheme is PASSED

2023-02-13 15:40:30 - [MESSAGE][PASSED] - Delayed 30 second(s)

2023-02-13 15:40:31 - [MESSAGE][PASSED] - Refresh successfully

2023-02-13 15:41:01 - [MESSAGE][PASSED] - Delayed 30 second(s)

2023-02-13 15:41:01 - [MESSAGE][PASSED] - Object 'Object Repository/Shopify Store/btn_publish_theme' is clickable

2023-02-13 15:41:01 - [MESSAGE][PASSED] - Object: 'Object Repository/Shopify Store/btn_publish_theme' is clicked on

2023-02-13 15:41:01 - [MESSAGE][PASSED] - shopify.store.clickPublishTheme is PASSED

2023-02-13 15:41:01 - [TEST_STEP][PASSED] - shopify.store.confirmPublishTheme(): shopify.store.confirmPublishTheme is PASSED

2023-02-13 15:41:11 - [MESSAGE][PASSED] - Delayed 10 second(s)

2023-02-13 15:41:12 - [MESSAGE][PASSED] - Object: 'Object Repository/Shopify Store/btn_confirm_publish_theme' is clicked on

2023-02-13 15:41:12 - [MESSAGE][PASSED] - shopify.store.confirmPublishTheme is PASSED

2023-02-13 15:41:12 - [TEST_STEP][PASSED] - shopify.store_setting.changeStoreCurrency(currency, store_name): shopify.store_setting.changeStoreCurrency is PASSED

2023-02-13 15:41:22 - [MESSAGE][PASSED] - Delayed 10 second(s)

2023-02-13 15:41:25 - [MESSAGE][PASSED] - Navigate to 'http://huynh-ar-stag-2474.myshopify.com/admin/settings/general' successfully

2023-02-13 15:41:31 - [MESSAGE][PASSED] - All options with value 'USD' are selected in object 'Object Repository/Shopify Store/select_currency' 

2023-02-13 15:41:31 - [MESSAGE][PASSED] - shopify.store_setting.changeStoreCurrency is PASSED

2023-02-13 15:41:31 - [TEST_STEP][PASSED] - shopify.store_setting.saveStoreSetting(): shopify.store_setting.saveStoreSetting is PASSED

2023-02-13 15:41:31 - [MESSAGE][PASSED] - Object: 'Object Repository/Shopify Store/span_save_admin_setting' is clicked on

2023-02-13 15:41:31 - [MESSAGE][PASSED] - shopify.store_setting.saveStoreSetting is PASSED

2023-02-13 15:41:31 - [TEST_STEP][PASSED] - Start tear down : teardownIfPassed: Method 'teardownIfPassed' complete successfully

2023-02-13 15:41:31 - [TEST_STEP][PASSED] - data.excel.updateValueToSheet(file_data, "store", 4, store_name, 7, "Passed"): data.excel.updateValueToSheet is PASSED

2023-02-13 15:41:31 - [MESSAGE][PASSED] - data.excel.updateValueToSheet is PASSED

2023-02-13 15:41:31 - [MESSAGE][PASSED] - Method 'teardownIfPassed' complete successfully]]></system-out>
         <system-err><![CDATA[]]></system-err>
      </testcase>
      <testcase name="Test Cases/Shopify/CreateStore" time="223.792" classname="Test Cases/Shopify/CreateStore" status="PASSED">
         <system-out><![CDATA[2023-02-13 15:41:31 - [TEST_CASE][PASSED] - Test Cases/Shopify/CreateStore: Test Cases/Shopify/CreateStore

2023-02-13 15:41:32 - [TEST_STEP][PASSED] - Start listener action : skipStatus: null

2023-02-13 15:41:32 - [TEST_STEP][PASSED] - map = testCaseContext.getTestCaseVariables(): null

2023-02-13 15:41:32 - [TEST_STEP][PASSED] - testcae_status = map.get("testcase_status"): null

2023-02-13 15:41:32 - [TEST_STEP][PASSED] - println(testcae_status): null

2023-02-13 15:41:32 - [TEST_STEP][PASSED] - if (testcae_status == "Passed" || testcae_status == "Failed"): null

2023-02-13 15:41:32 - [TEST_STEP][PASSED] - log = new com.kms.katalon.core.util.KeywordUtil(): null

2023-02-13 15:41:32 - [TEST_STEP][PASSED] - openBrowser(""): Browser is opened with url: ''

2023-02-13 15:41:32 - [MESSAGE][WARNING] - A browser is already opened. Closing browser and opening a new one

2023-02-13 15:41:32 - [MESSAGE][INFO] - Starting 'Chrome' driver

2023-02-13 15:41:32 - [MESSAGE][INFO] - Action delay is set to 0 milliseconds

2023-02-13 15:41:33 - [MESSAGE][PASSED] - Browser is opened with url: ''

2023-02-13 15:41:33 - [TEST_STEP][PASSED] - maximizeWindow(): Current window maximized

2023-02-13 15:41:33 - [MESSAGE][PASSED] - Current window maximized

2023-02-13 15:41:33 - [TEST_STEP][PASSED] - st = new shopify.store(): null

2023-02-13 15:41:33 - [TEST_STEP][PASSED] - st.loginShopifyPartner(partner_email, partner_password, partner_id): Object: 'Object Repository/Shopify/btn_login' is clicked on

2023-02-13 15:41:37 - [MESSAGE][PASSED] - Navigate to 'https://partners.shopify.com/1662018/stores/new' successfully

2023-02-13 15:41:38 - [MESSAGE][PASSED] - Text 'huynh@firegroup.io' is set on object 'Object Repository/Shopify/input_email_shopify'

2023-02-13 15:41:41 - [MESSAGE][PASSED] - Object: 'Object Repository/Shopify/btn_continue_with_email' is clicked on

2023-02-13 15:41:43 - [MESSAGE][PASSED] - Text ****** has been set on object 'Object Repository/Shopify/input_password_shopify'

2023-02-13 15:41:48 - [MESSAGE][PASSED] - Object: 'Object Repository/Shopify/btn_login' is clicked on

2023-02-13 15:41:48 - [TEST_STEP][PASSED] - st.navigateToStoreDevelop(partner_id): Navigate to 'https://partners.shopify.com/1662018/stores/new?store_type=dev_preview_store&developer_preview_handle=checkout_extensibility' successfully

2023-02-13 15:41:49 - [MESSAGE][PASSED] - Navigate to 'https://partners.shopify.com/1662018/stores/new?store_type=dev_preview_store&developer_preview_handle=checkout_extensibility' successfully

2023-02-13 15:41:49 - [TEST_STEP][PASSED] - st.inputStoreName(store_name): Delayed 5 second(s)

2023-02-13 15:41:51 - [MESSAGE][PASSED] - Text 'huynh-ar-stag-2475' is set on object 'Object Repository/Shopify/input_store_name'

2023-02-13 15:41:56 - [MESSAGE][PASSED] - Delayed 5 second(s)

2023-02-13 15:41:56 - [TEST_STEP][PASSED] - shopify.store.clickCreateStore(): shopify.store.clickCreateStore is PASSED

2023-02-13 15:41:56 - [MESSAGE][PASSED] - Object: 'Object Repository/Shopify/btn_create_store' is clicked on

2023-02-13 15:42:16 - [MESSAGE][PASSED] - Delayed 20 second(s)

2023-02-13 15:42:16 - [MESSAGE][PASSED] - shopify.store.clickCreateStore is PASSED

2023-02-13 15:42:16 - [TEST_STEP][PASSED] - shopify.store.importProduct(product_file_local): shopify.store.importProduct is PASSED

2023-02-13 15:42:27 - [MESSAGE][PASSED] - Object: 'Object Repository/Shopify/span_product' is clicked on

2023-02-13 15:42:28 - [MESSAGE][PASSED] - Object: 'Object Repository/Shopify/span_import_product' is clicked on

2023-02-13 15:42:29 - [MESSAGE][PASSED] - File 'C:\Users\huynh\Documents\Socialhead\Automation\Katalon project\CreateStore\CreateStore\Data\products_export.csv' sent to object: 'Object Repository/Shopify/file_product'

2023-02-13 15:42:30 - [MESSAGE][PASSED] - Object: 'Object Repository/Shopify/span_upload_product_continue' is clicked on

2023-02-13 15:42:33 - [MESSAGE][PASSED] - Object: 'Object Repository/Shopify/btn_product_confirm_import' is clicked on

2023-02-13 15:43:03 - [MESSAGE][PASSED] - Delayed 30 second(s)

2023-02-13 15:43:03 - [MESSAGE][PASSED] - Refresh successfully

2023-02-13 15:43:19 - [MESSAGE][PASSED] - Delayed 15 second(s)

2023-02-13 15:43:19 - [MESSAGE][PASSED] - shopify.store.importProduct is PASSED

2023-02-13 15:43:19 - [TEST_STEP][PASSED] - shopify.store.clickOnMenuOnlineStore(): shopify.store.clickOnMenuOnlineStore is PASSED

2023-02-13 15:43:22 - [MESSAGE][PASSED] - Object: 'Object Repository/Shopify Store/a_onlie_store' is clicked on

2023-02-13 15:43:32 - [MESSAGE][PASSED] - Delayed 10 second(s)

2023-02-13 15:43:32 - [MESSAGE][PASSED] - shopify.store.clickOnMenuOnlineStore is PASSED

2023-02-13 15:43:32 - [TEST_STEP][PASSED] - shopify.store.clickOnImportTheme(): shopify.store.clickOnImportTheme is PASSED

2023-02-13 15:43:33 - [MESSAGE][PASSED] - Object: 'Object Repository/Shopify Store/btn_add_theme' is clicked on

2023-02-13 15:43:33 - [MESSAGE][PASSED] - shopify.store.clickOnImportTheme is PASSED

2023-02-13 15:43:33 - [TEST_STEP][PASSED] - shopify.store.uploadThemeFile(theme_file_local): shopify.store.uploadThemeFile is PASSED

2023-02-13 15:43:33 - [MESSAGE][PASSED] - Object: 'Object Repository/Shopify Store/btn_upload_zip_file' is clicked on

2023-02-13 15:43:34 - [MESSAGE][PASSED] - File 'C:\Users\huynh\Documents\Socialhead\Automation\Katalon project\CreateStore\CreateStore\Data\theme_export__yourbikepath-com-boundless__01JUN2020-0856pm.zip' sent to object: 'Object Repository/Shopify Store/file_theme'

2023-02-13 15:43:34 - [MESSAGE][PASSED] - Object: 'Object Repository/Shopify Store/btn_upload_theme' is clicked on

2023-02-13 15:43:44 - [MESSAGE][PASSED] - Delayed 10 second(s)

2023-02-13 15:43:44 - [MESSAGE][PASSED] - shopify.store.uploadThemeFile is PASSED

2023-02-13 15:43:44 - [TEST_STEP][PASSED] - shopify.store.clickPublishTheme(): shopify.store.clickPublishTheme is PASSED

2023-02-13 15:44:14 - [MESSAGE][PASSED] - Delayed 30 second(s)

2023-02-13 15:44:14 - [MESSAGE][PASSED] - Refresh successfully

2023-02-13 15:44:44 - [MESSAGE][PASSED] - Delayed 30 second(s)

2023-02-13 15:44:45 - [MESSAGE][PASSED] - Object 'Object Repository/Shopify Store/btn_publish_theme' is clickable

2023-02-13 15:44:45 - [MESSAGE][PASSED] - Object: 'Object Repository/Shopify Store/btn_publish_theme' is clicked on

2023-02-13 15:44:45 - [MESSAGE][PASSED] - shopify.store.clickPublishTheme is PASSED

2023-02-13 15:44:45 - [TEST_STEP][PASSED] - shopify.store.confirmPublishTheme(): shopify.store.confirmPublishTheme is PASSED

2023-02-13 15:44:55 - [MESSAGE][PASSED] - Delayed 10 second(s)

2023-02-13 15:44:55 - [MESSAGE][PASSED] - Object: 'Object Repository/Shopify Store/btn_confirm_publish_theme' is clicked on

2023-02-13 15:44:55 - [MESSAGE][PASSED] - shopify.store.confirmPublishTheme is PASSED

2023-02-13 15:44:55 - [TEST_STEP][PASSED] - shopify.store_setting.changeStoreCurrency(currency, store_name): shopify.store_setting.changeStoreCurrency is PASSED

2023-02-13 15:45:05 - [MESSAGE][PASSED] - Delayed 10 second(s)

2023-02-13 15:45:10 - [MESSAGE][PASSED] - Navigate to 'http://huynh-ar-stag-2475.myshopify.com/admin/settings/general' successfully

2023-02-13 15:45:15 - [MESSAGE][PASSED] - All options with value 'USD' are selected in object 'Object Repository/Shopify Store/select_currency' 

2023-02-13 15:45:15 - [MESSAGE][PASSED] - shopify.store_setting.changeStoreCurrency is PASSED

2023-02-13 15:45:15 - [TEST_STEP][PASSED] - shopify.store_setting.saveStoreSetting(): shopify.store_setting.saveStoreSetting is PASSED

2023-02-13 15:45:15 - [MESSAGE][PASSED] - Object: 'Object Repository/Shopify Store/span_save_admin_setting' is clicked on

2023-02-13 15:45:15 - [MESSAGE][PASSED] - shopify.store_setting.saveStoreSetting is PASSED

2023-02-13 15:45:15 - [TEST_STEP][PASSED] - Start tear down : teardownIfPassed: Method 'teardownIfPassed' complete successfully

2023-02-13 15:45:15 - [TEST_STEP][PASSED] - data.excel.updateValueToSheet(file_data, "store", 4, store_name, 7, "Passed"): data.excel.updateValueToSheet is PASSED

2023-02-13 15:45:15 - [MESSAGE][PASSED] - data.excel.updateValueToSheet is PASSED

2023-02-13 15:45:15 - [MESSAGE][PASSED] - Method 'teardownIfPassed' complete successfully]]></system-out>
         <system-err><![CDATA[]]></system-err>
      </testcase>
      <testcase name="Test Cases/Shopify/CreateStore" time="218.084" classname="Test Cases/Shopify/CreateStore" status="PASSED">
         <system-out><![CDATA[2023-02-13 15:45:15 - [TEST_CASE][PASSED] - Test Cases/Shopify/CreateStore: Test Cases/Shopify/CreateStore

2023-02-13 15:45:15 - [TEST_STEP][PASSED] - Start listener action : skipStatus: null

2023-02-13 15:45:15 - [TEST_STEP][PASSED] - map = testCaseContext.getTestCaseVariables(): null

2023-02-13 15:45:15 - [TEST_STEP][PASSED] - testcae_status = map.get("testcase_status"): null

2023-02-13 15:45:15 - [TEST_STEP][PASSED] - println(testcae_status): null

2023-02-13 15:45:15 - [TEST_STEP][PASSED] - if (testcae_status == "Passed" || testcae_status == "Failed"): null

2023-02-13 15:45:15 - [TEST_STEP][PASSED] - log = new com.kms.katalon.core.util.KeywordUtil(): null

2023-02-13 15:45:15 - [TEST_STEP][PASSED] - openBrowser(""): Browser is opened with url: ''

2023-02-13 15:45:15 - [MESSAGE][WARNING] - A browser is already opened. Closing browser and opening a new one

2023-02-13 15:45:16 - [MESSAGE][INFO] - Starting 'Chrome' driver

2023-02-13 15:45:16 - [MESSAGE][INFO] - Action delay is set to 0 milliseconds

2023-02-13 15:45:17 - [MESSAGE][PASSED] - Browser is opened with url: ''

2023-02-13 15:45:17 - [TEST_STEP][PASSED] - maximizeWindow(): Current window maximized

2023-02-13 15:45:17 - [MESSAGE][PASSED] - Current window maximized

2023-02-13 15:45:17 - [TEST_STEP][PASSED] - st = new shopify.store(): null

2023-02-13 15:45:17 - [TEST_STEP][PASSED] - st.loginShopifyPartner(partner_email, partner_password, partner_id): Object: 'Object Repository/Shopify/btn_login' is clicked on

2023-02-13 15:45:21 - [MESSAGE][PASSED] - Navigate to 'https://partners.shopify.com/1662018/stores/new' successfully

2023-02-13 15:45:22 - [MESSAGE][PASSED] - Text 'huynh@firegroup.io' is set on object 'Object Repository/Shopify/input_email_shopify'

2023-02-13 15:45:23 - [MESSAGE][PASSED] - Object: 'Object Repository/Shopify/btn_continue_with_email' is clicked on

2023-02-13 15:45:25 - [MESSAGE][PASSED] - Text ****** has been set on object 'Object Repository/Shopify/input_password_shopify'

2023-02-13 15:45:31 - [MESSAGE][PASSED] - Object: 'Object Repository/Shopify/btn_login' is clicked on

2023-02-13 15:45:31 - [TEST_STEP][PASSED] - st.navigateToStoreDevelop(partner_id): Navigate to 'https://partners.shopify.com/1662018/stores/new?store_type=dev_preview_store&developer_preview_handle=checkout_extensibility' successfully

2023-02-13 15:45:32 - [MESSAGE][PASSED] - Navigate to 'https://partners.shopify.com/1662018/stores/new?store_type=dev_preview_store&developer_preview_handle=checkout_extensibility' successfully

2023-02-13 15:45:32 - [TEST_STEP][PASSED] - st.inputStoreName(store_name): Delayed 5 second(s)

2023-02-13 15:45:34 - [MESSAGE][PASSED] - Text 'huynh-ar-stag-2476' is set on object 'Object Repository/Shopify/input_store_name'

2023-02-13 15:45:39 - [MESSAGE][PASSED] - Delayed 5 second(s)

2023-02-13 15:45:39 - [TEST_STEP][PASSED] - shopify.store.clickCreateStore(): shopify.store.clickCreateStore is PASSED

2023-02-13 15:45:40 - [MESSAGE][PASSED] - Object: 'Object Repository/Shopify/btn_create_store' is clicked on

2023-02-13 15:46:00 - [MESSAGE][PASSED] - Delayed 20 second(s)

2023-02-13 15:46:00 - [MESSAGE][PASSED] - shopify.store.clickCreateStore is PASSED

2023-02-13 15:46:00 - [TEST_STEP][PASSED] - shopify.store.importProduct(product_file_local): shopify.store.importProduct is PASSED

2023-02-13 15:46:09 - [MESSAGE][PASSED] - Object: 'Object Repository/Shopify/span_product' is clicked on

2023-02-13 15:46:10 - [MESSAGE][PASSED] - Object: 'Object Repository/Shopify/span_import_product' is clicked on

2023-02-13 15:46:11 - [MESSAGE][PASSED] - File 'C:\Users\huynh\Documents\Socialhead\Automation\Katalon project\CreateStore\CreateStore\Data\products_export.csv' sent to object: 'Object Repository/Shopify/file_product'

2023-02-13 15:46:12 - [MESSAGE][PASSED] - Object: 'Object Repository/Shopify/span_upload_product_continue' is clicked on

2023-02-13 15:46:15 - [MESSAGE][PASSED] - Object: 'Object Repository/Shopify/btn_product_confirm_import' is clicked on

2023-02-13 15:46:46 - [MESSAGE][PASSED] - Delayed 30 second(s)

2023-02-13 15:46:46 - [MESSAGE][PASSED] - Refresh successfully

2023-02-13 15:47:01 - [MESSAGE][PASSED] - Delayed 15 second(s)

2023-02-13 15:47:01 - [MESSAGE][PASSED] - shopify.store.importProduct is PASSED

2023-02-13 15:47:01 - [TEST_STEP][PASSED] - shopify.store.clickOnMenuOnlineStore(): shopify.store.clickOnMenuOnlineStore is PASSED

2023-02-13 15:47:01 - [MESSAGE][PASSED] - Object: 'Object Repository/Shopify Store/a_onlie_store' is clicked on

2023-02-13 15:47:11 - [MESSAGE][PASSED] - Delayed 10 second(s)

2023-02-13 15:47:11 - [MESSAGE][PASSED] - shopify.store.clickOnMenuOnlineStore is PASSED

2023-02-13 15:47:11 - [TEST_STEP][PASSED] - shopify.store.clickOnImportTheme(): shopify.store.clickOnImportTheme is PASSED

2023-02-13 15:47:12 - [MESSAGE][PASSED] - Object: 'Object Repository/Shopify Store/btn_add_theme' is clicked on

2023-02-13 15:47:12 - [MESSAGE][PASSED] - shopify.store.clickOnImportTheme is PASSED

2023-02-13 15:47:12 - [TEST_STEP][PASSED] - shopify.store.uploadThemeFile(theme_file_local): shopify.store.uploadThemeFile is PASSED

2023-02-13 15:47:12 - [MESSAGE][PASSED] - Object: 'Object Repository/Shopify Store/btn_upload_zip_file' is clicked on

2023-02-13 15:47:13 - [MESSAGE][PASSED] - File 'C:\Users\huynh\Documents\Socialhead\Automation\Katalon project\CreateStore\CreateStore\Data\theme_export__youur-co-theme-flex__08MAR2021-0413am.zip' sent to object: 'Object Repository/Shopify Store/file_theme'

2023-02-13 15:47:13 - [MESSAGE][PASSED] - Object: 'Object Repository/Shopify Store/btn_upload_theme' is clicked on

2023-02-13 15:47:23 - [MESSAGE][PASSED] - Delayed 10 second(s)

2023-02-13 15:47:23 - [MESSAGE][PASSED] - shopify.store.uploadThemeFile is PASSED

2023-02-13 15:47:23 - [TEST_STEP][PASSED] - shopify.store.clickPublishTheme(): shopify.store.clickPublishTheme is PASSED

2023-02-13 15:47:53 - [MESSAGE][PASSED] - Delayed 30 second(s)

2023-02-13 15:47:53 - [MESSAGE][PASSED] - Refresh successfully

2023-02-13 15:48:23 - [MESSAGE][PASSED] - Delayed 30 second(s)

2023-02-13 15:48:24 - [MESSAGE][PASSED] - Object 'Object Repository/Shopify Store/btn_publish_theme' is clickable

2023-02-13 15:48:24 - [MESSAGE][PASSED] - Object: 'Object Repository/Shopify Store/btn_publish_theme' is clicked on

2023-02-13 15:48:24 - [MESSAGE][PASSED] - shopify.store.clickPublishTheme is PASSED

2023-02-13 15:48:24 - [TEST_STEP][PASSED] - shopify.store.confirmPublishTheme(): shopify.store.confirmPublishTheme is PASSED

2023-02-13 15:48:34 - [MESSAGE][PASSED] - Delayed 10 second(s)

2023-02-13 15:48:34 - [MESSAGE][PASSED] - Object: 'Object Repository/Shopify Store/btn_confirm_publish_theme' is clicked on

2023-02-13 15:48:34 - [MESSAGE][PASSED] - shopify.store.confirmPublishTheme is PASSED

2023-02-13 15:48:34 - [TEST_STEP][PASSED] - shopify.store_setting.changeStoreCurrency(currency, store_name): shopify.store_setting.changeStoreCurrency is PASSED

2023-02-13 15:48:44 - [MESSAGE][PASSED] - Delayed 10 second(s)

2023-02-13 15:48:48 - [MESSAGE][PASSED] - Navigate to 'http://huynh-ar-stag-2476.myshopify.com/admin/settings/general' successfully

2023-02-13 15:48:53 - [MESSAGE][PASSED] - All options with value 'USD' are selected in object 'Object Repository/Shopify Store/select_currency' 

2023-02-13 15:48:53 - [MESSAGE][PASSED] - shopify.store_setting.changeStoreCurrency is PASSED

2023-02-13 15:48:53 - [TEST_STEP][PASSED] - shopify.store_setting.saveStoreSetting(): shopify.store_setting.saveStoreSetting is PASSED

2023-02-13 15:48:53 - [MESSAGE][PASSED] - Object: 'Object Repository/Shopify Store/span_save_admin_setting' is clicked on

2023-02-13 15:48:53 - [MESSAGE][PASSED] - shopify.store_setting.saveStoreSetting is PASSED

2023-02-13 15:48:53 - [TEST_STEP][PASSED] - Start tear down : teardownIfPassed: Method 'teardownIfPassed' complete successfully

2023-02-13 15:48:53 - [TEST_STEP][PASSED] - data.excel.updateValueToSheet(file_data, "store", 4, store_name, 7, "Passed"): data.excel.updateValueToSheet is PASSED

2023-02-13 15:48:53 - [MESSAGE][PASSED] - data.excel.updateValueToSheet is PASSED

2023-02-13 15:48:53 - [MESSAGE][PASSED] - Method 'teardownIfPassed' complete successfully]]></system-out>
         <system-err><![CDATA[]]></system-err>
      </testcase>
      <testcase name="Test Cases/Shopify/CreateStore" time="223.211" classname="Test Cases/Shopify/CreateStore" status="PASSED">
         <system-out><![CDATA[2023-02-13 15:48:53 - [TEST_CASE][PASSED] - Test Cases/Shopify/CreateStore: Test Cases/Shopify/CreateStore

2023-02-13 15:48:53 - [TEST_STEP][PASSED] - Start listener action : skipStatus: null

2023-02-13 15:48:53 - [TEST_STEP][PASSED] - map = testCaseContext.getTestCaseVariables(): null

2023-02-13 15:48:53 - [TEST_STEP][PASSED] - testcae_status = map.get("testcase_status"): null

2023-02-13 15:48:53 - [TEST_STEP][PASSED] - println(testcae_status): null

2023-02-13 15:48:53 - [TEST_STEP][PASSED] - if (testcae_status == "Passed" || testcae_status == "Failed"): null

2023-02-13 15:48:53 - [TEST_STEP][PASSED] - log = new com.kms.katalon.core.util.KeywordUtil(): null

2023-02-13 15:48:53 - [TEST_STEP][PASSED] - openBrowser(""): Browser is opened with url: ''

2023-02-13 15:48:53 - [MESSAGE][WARNING] - A browser is already opened. Closing browser and opening a new one

2023-02-13 15:48:54 - [MESSAGE][INFO] - Starting 'Chrome' driver

2023-02-13 15:48:54 - [MESSAGE][INFO] - Action delay is set to 0 milliseconds

2023-02-13 15:48:55 - [MESSAGE][PASSED] - Browser is opened with url: ''

2023-02-13 15:48:55 - [TEST_STEP][PASSED] - maximizeWindow(): Current window maximized

2023-02-13 15:48:55 - [MESSAGE][PASSED] - Current window maximized

2023-02-13 15:48:55 - [TEST_STEP][PASSED] - st = new shopify.store(): null

2023-02-13 15:48:55 - [TEST_STEP][PASSED] - st.loginShopifyPartner(partner_email, partner_password, partner_id): Object: 'Object Repository/Shopify/btn_login' is clicked on

2023-02-13 15:48:59 - [MESSAGE][PASSED] - Navigate to 'https://partners.shopify.com/1662018/stores/new' successfully

2023-02-13 15:49:00 - [MESSAGE][PASSED] - Text 'huynh@firegroup.io' is set on object 'Object Repository/Shopify/input_email_shopify'

2023-02-13 15:49:01 - [MESSAGE][PASSED] - Object: 'Object Repository/Shopify/btn_continue_with_email' is clicked on

2023-02-13 15:49:03 - [MESSAGE][PASSED] - Text ****** has been set on object 'Object Repository/Shopify/input_password_shopify'

2023-02-13 15:49:09 - [MESSAGE][PASSED] - Object: 'Object Repository/Shopify/btn_login' is clicked on

2023-02-13 15:49:09 - [TEST_STEP][PASSED] - st.navigateToStoreDevelop(partner_id): Navigate to 'https://partners.shopify.com/1662018/stores/new?store_type=dev_preview_store&developer_preview_handle=checkout_extensibility' successfully

2023-02-13 15:49:10 - [MESSAGE][PASSED] - Navigate to 'https://partners.shopify.com/1662018/stores/new?store_type=dev_preview_store&developer_preview_handle=checkout_extensibility' successfully

2023-02-13 15:49:10 - [TEST_STEP][PASSED] - st.inputStoreName(store_name): Delayed 5 second(s)

2023-02-13 15:49:13 - [MESSAGE][PASSED] - Text 'huynh-ar-stag-2477' is set on object 'Object Repository/Shopify/input_store_name'

2023-02-13 15:49:18 - [MESSAGE][PASSED] - Delayed 5 second(s)

2023-02-13 15:49:18 - [TEST_STEP][PASSED] - shopify.store.clickCreateStore(): shopify.store.clickCreateStore is PASSED

2023-02-13 15:49:18 - [MESSAGE][PASSED] - Object: 'Object Repository/Shopify/btn_create_store' is clicked on

2023-02-13 15:49:38 - [MESSAGE][PASSED] - Delayed 20 second(s)

2023-02-13 15:49:38 - [MESSAGE][PASSED] - shopify.store.clickCreateStore is PASSED

2023-02-13 15:49:38 - [TEST_STEP][PASSED] - shopify.store.importProduct(product_file_local): shopify.store.importProduct is PASSED

2023-02-13 15:49:52 - [MESSAGE][PASSED] - Object: 'Object Repository/Shopify/span_product' is clicked on

2023-02-13 15:49:53 - [MESSAGE][PASSED] - Object: 'Object Repository/Shopify/span_import_product' is clicked on

2023-02-13 15:49:54 - [MESSAGE][PASSED] - File 'C:\Users\huynh\Documents\Socialhead\Automation\Katalon project\CreateStore\CreateStore\Data\products_export.csv' sent to object: 'Object Repository/Shopify/file_product'

2023-02-13 15:49:55 - [MESSAGE][PASSED] - Object: 'Object Repository/Shopify/span_upload_product_continue' is clicked on

2023-02-13 15:49:59 - [MESSAGE][PASSED] - Object: 'Object Repository/Shopify/btn_product_confirm_import' is clicked on

2023-02-13 15:50:29 - [MESSAGE][PASSED] - Delayed 30 second(s)

2023-02-13 15:50:29 - [MESSAGE][PASSED] - Refresh successfully

2023-02-13 15:50:45 - [MESSAGE][PASSED] - Delayed 15 second(s)

2023-02-13 15:50:45 - [MESSAGE][PASSED] - shopify.store.importProduct is PASSED

2023-02-13 15:50:45 - [TEST_STEP][PASSED] - shopify.store.clickOnMenuOnlineStore(): shopify.store.clickOnMenuOnlineStore is PASSED

2023-02-13 15:50:45 - [MESSAGE][PASSED] - Object: 'Object Repository/Shopify Store/a_onlie_store' is clicked on

2023-02-13 15:50:55 - [MESSAGE][PASSED] - Delayed 10 second(s)

2023-02-13 15:50:55 - [MESSAGE][PASSED] - shopify.store.clickOnMenuOnlineStore is PASSED

2023-02-13 15:50:55 - [TEST_STEP][PASSED] - shopify.store.clickOnImportTheme(): shopify.store.clickOnImportTheme is PASSED

2023-02-13 15:50:55 - [MESSAGE][PASSED] - Object: 'Object Repository/Shopify Store/btn_add_theme' is clicked on

2023-02-13 15:50:55 - [MESSAGE][PASSED] - shopify.store.clickOnImportTheme is PASSED

2023-02-13 15:50:55 - [TEST_STEP][PASSED] - shopify.store.uploadThemeFile(theme_file_local): shopify.store.uploadThemeFile is PASSED

2023-02-13 15:50:56 - [MESSAGE][PASSED] - Object: 'Object Repository/Shopify Store/btn_upload_zip_file' is clicked on

2023-02-13 15:50:56 - [MESSAGE][PASSED] - File 'C:\Users\huynh\Documents\Socialhead\Automation\Katalon project\CreateStore\CreateStore\Data\theme_export__zaleece-com-turbo__14NOV2018-1201am.zip' sent to object: 'Object Repository/Shopify Store/file_theme'

2023-02-13 15:50:56 - [MESSAGE][PASSED] - Object: 'Object Repository/Shopify Store/btn_upload_theme' is clicked on

2023-02-13 15:51:06 - [MESSAGE][PASSED] - Delayed 10 second(s)

2023-02-13 15:51:06 - [MESSAGE][PASSED] - shopify.store.uploadThemeFile is PASSED

2023-02-13 15:51:06 - [TEST_STEP][PASSED] - shopify.store.clickPublishTheme(): shopify.store.clickPublishTheme is PASSED

2023-02-13 15:51:36 - [MESSAGE][PASSED] - Delayed 30 second(s)

2023-02-13 15:51:37 - [MESSAGE][PASSED] - Refresh successfully

2023-02-13 15:52:07 - [MESSAGE][PASSED] - Delayed 30 second(s)

2023-02-13 15:52:07 - [MESSAGE][PASSED] - Object 'Object Repository/Shopify Store/btn_publish_theme' is clickable

2023-02-13 15:52:08 - [MESSAGE][PASSED] - Object: 'Object Repository/Shopify Store/btn_publish_theme' is clicked on

2023-02-13 15:52:08 - [MESSAGE][PASSED] - shopify.store.clickPublishTheme is PASSED

2023-02-13 15:52:08 - [TEST_STEP][PASSED] - shopify.store.confirmPublishTheme(): shopify.store.confirmPublishTheme is PASSED

2023-02-13 15:52:18 - [MESSAGE][PASSED] - Delayed 10 second(s)

2023-02-13 15:52:18 - [MESSAGE][PASSED] - Object: 'Object Repository/Shopify Store/btn_confirm_publish_theme' is clicked on

2023-02-13 15:52:18 - [MESSAGE][PASSED] - shopify.store.confirmPublishTheme is PASSED

2023-02-13 15:52:18 - [TEST_STEP][PASSED] - shopify.store_setting.changeStoreCurrency(currency, store_name): shopify.store_setting.changeStoreCurrency is PASSED

2023-02-13 15:52:28 - [MESSAGE][PASSED] - Delayed 10 second(s)

2023-02-13 15:52:31 - [MESSAGE][PASSED] - Navigate to 'http://huynh-ar-stag-2477.myshopify.com/admin/settings/general' successfully

2023-02-13 15:52:36 - [MESSAGE][PASSED] - All options with value 'USD' are selected in object 'Object Repository/Shopify Store/select_currency' 

2023-02-13 15:52:36 - [MESSAGE][PASSED] - shopify.store_setting.changeStoreCurrency is PASSED

2023-02-13 15:52:36 - [TEST_STEP][PASSED] - shopify.store_setting.saveStoreSetting(): shopify.store_setting.saveStoreSetting is PASSED

2023-02-13 15:52:37 - [MESSAGE][PASSED] - Object: 'Object Repository/Shopify Store/span_save_admin_setting' is clicked on

2023-02-13 15:52:37 - [MESSAGE][PASSED] - shopify.store_setting.saveStoreSetting is PASSED

2023-02-13 15:52:37 - [TEST_STEP][PASSED] - Start tear down : teardownIfPassed: Method 'teardownIfPassed' complete successfully

2023-02-13 15:52:37 - [TEST_STEP][PASSED] - data.excel.updateValueToSheet(file_data, "store", 4, store_name, 7, "Passed"): data.excel.updateValueToSheet is PASSED

2023-02-13 15:52:37 - [MESSAGE][PASSED] - data.excel.updateValueToSheet is PASSED

2023-02-13 15:52:37 - [MESSAGE][PASSED] - Method 'teardownIfPassed' complete successfully]]></system-out>
         <system-err><![CDATA[]]></system-err>
      </testcase>
      <testcase name="Test Cases/Shopify/CreateStore" time="222.542" classname="Test Cases/Shopify/CreateStore" status="PASSED">
         <system-out><![CDATA[2023-02-13 15:52:37 - [TEST_CASE][PASSED] - Test Cases/Shopify/CreateStore: Test Cases/Shopify/CreateStore

2023-02-13 15:52:37 - [TEST_STEP][PASSED] - Start listener action : skipStatus: null

2023-02-13 15:52:37 - [TEST_STEP][PASSED] - map = testCaseContext.getTestCaseVariables(): null

2023-02-13 15:52:37 - [TEST_STEP][PASSED] - testcae_status = map.get("testcase_status"): null

2023-02-13 15:52:37 - [TEST_STEP][PASSED] - println(testcae_status): null

2023-02-13 15:52:37 - [TEST_STEP][PASSED] - if (testcae_status == "Passed" || testcae_status == "Failed"): null

2023-02-13 15:52:37 - [TEST_STEP][PASSED] - log = new com.kms.katalon.core.util.KeywordUtil(): null

2023-02-13 15:52:37 - [TEST_STEP][PASSED] - openBrowser(""): Browser is opened with url: ''

2023-02-13 15:52:37 - [MESSAGE][WARNING] - A browser is already opened. Closing browser and opening a new one

2023-02-13 15:52:37 - [MESSAGE][INFO] - Starting 'Chrome' driver

2023-02-13 15:52:37 - [MESSAGE][INFO] - Action delay is set to 0 milliseconds

2023-02-13 15:52:38 - [MESSAGE][PASSED] - Browser is opened with url: ''

2023-02-13 15:52:38 - [TEST_STEP][PASSED] - maximizeWindow(): Current window maximized

2023-02-13 15:52:39 - [MESSAGE][PASSED] - Current window maximized

2023-02-13 15:52:39 - [TEST_STEP][PASSED] - st = new shopify.store(): null

2023-02-13 15:52:39 - [TEST_STEP][PASSED] - st.loginShopifyPartner(partner_email, partner_password, partner_id): Object: 'Object Repository/Shopify/btn_login' is clicked on

2023-02-13 15:52:43 - [MESSAGE][PASSED] - Navigate to 'https://partners.shopify.com/1662018/stores/new' successfully

2023-02-13 15:52:44 - [MESSAGE][PASSED] - Text 'huynh@firegroup.io' is set on object 'Object Repository/Shopify/input_email_shopify'

2023-02-13 15:52:47 - [MESSAGE][PASSED] - Object: 'Object Repository/Shopify/btn_continue_with_email' is clicked on

2023-02-13 15:52:49 - [MESSAGE][PASSED] - Text ****** has been set on object 'Object Repository/Shopify/input_password_shopify'

2023-02-13 15:52:55 - [MESSAGE][PASSED] - Object: 'Object Repository/Shopify/btn_login' is clicked on

2023-02-13 15:52:55 - [TEST_STEP][PASSED] - st.navigateToStoreDevelop(partner_id): Navigate to 'https://partners.shopify.com/1662018/stores/new?store_type=dev_preview_store&developer_preview_handle=checkout_extensibility' successfully

2023-02-13 15:52:56 - [MESSAGE][PASSED] - Navigate to 'https://partners.shopify.com/1662018/stores/new?store_type=dev_preview_store&developer_preview_handle=checkout_extensibility' successfully

2023-02-13 15:52:56 - [TEST_STEP][PASSED] - st.inputStoreName(store_name): Delayed 5 second(s)

2023-02-13 15:52:58 - [MESSAGE][PASSED] - Text 'huynh-ar-stag-2478' is set on object 'Object Repository/Shopify/input_store_name'

2023-02-13 15:53:03 - [MESSAGE][PASSED] - Delayed 5 second(s)

2023-02-13 15:53:03 - [TEST_STEP][PASSED] - shopify.store.clickCreateStore(): shopify.store.clickCreateStore is PASSED

2023-02-13 15:53:04 - [MESSAGE][PASSED] - Object: 'Object Repository/Shopify/btn_create_store' is clicked on

2023-02-13 15:53:24 - [MESSAGE][PASSED] - Delayed 20 second(s)

2023-02-13 15:53:24 - [MESSAGE][PASSED] - shopify.store.clickCreateStore is PASSED

2023-02-13 15:53:24 - [TEST_STEP][PASSED] - shopify.store.importProduct(product_file_local): shopify.store.importProduct is PASSED

2023-02-13 15:53:34 - [MESSAGE][PASSED] - Object: 'Object Repository/Shopify/span_product' is clicked on

2023-02-13 15:53:36 - [MESSAGE][PASSED] - Object: 'Object Repository/Shopify/span_import_product' is clicked on

2023-02-13 15:53:37 - [MESSAGE][PASSED] - File 'C:\Users\huynh\Documents\Socialhead\Automation\Katalon project\CreateStore\CreateStore\Data\products_export.csv' sent to object: 'Object Repository/Shopify/file_product'

2023-02-13 15:53:37 - [MESSAGE][PASSED] - Object: 'Object Repository/Shopify/span_upload_product_continue' is clicked on

2023-02-13 15:53:41 - [MESSAGE][PASSED] - Object: 'Object Repository/Shopify/btn_product_confirm_import' is clicked on

2023-02-13 15:54:11 - [MESSAGE][PASSED] - Delayed 30 second(s)

2023-02-13 15:54:12 - [MESSAGE][PASSED] - Refresh successfully

2023-02-13 15:54:27 - [MESSAGE][PASSED] - Delayed 15 second(s)

2023-02-13 15:54:27 - [MESSAGE][PASSED] - shopify.store.importProduct is PASSED

2023-02-13 15:54:27 - [TEST_STEP][PASSED] - shopify.store.clickOnMenuOnlineStore(): shopify.store.clickOnMenuOnlineStore is PASSED

2023-02-13 15:54:27 - [MESSAGE][PASSED] - Object: 'Object Repository/Shopify Store/a_onlie_store' is clicked on

2023-02-13 15:54:37 - [MESSAGE][PASSED] - Delayed 10 second(s)

2023-02-13 15:54:37 - [MESSAGE][PASSED] - shopify.store.clickOnMenuOnlineStore is PASSED

2023-02-13 15:54:37 - [TEST_STEP][PASSED] - shopify.store.clickOnImportTheme(): shopify.store.clickOnImportTheme is PASSED

2023-02-13 15:54:38 - [MESSAGE][PASSED] - Object: 'Object Repository/Shopify Store/btn_add_theme' is clicked on

2023-02-13 15:54:38 - [MESSAGE][PASSED] - shopify.store.clickOnImportTheme is PASSED

2023-02-13 15:54:38 - [TEST_STEP][PASSED] - shopify.store.uploadThemeFile(theme_file_local): shopify.store.uploadThemeFile is PASSED

2023-02-13 15:54:38 - [MESSAGE][PASSED] - Object: 'Object Repository/Shopify Store/btn_upload_zip_file' is clicked on

2023-02-13 15:54:39 - [MESSAGE][PASSED] - File 'C:\Users\huynh\Documents\Socialhead\Automation\Katalon project\CreateStore\CreateStore\Data\theme_export__zaspishop-com-debutify-2-0-2__01JUN2020-0941am.zip' sent to object: 'Object Repository/Shopify Store/file_theme'

2023-02-13 15:54:39 - [MESSAGE][PASSED] - Object: 'Object Repository/Shopify Store/btn_upload_theme' is clicked on

2023-02-13 15:54:49 - [MESSAGE][PASSED] - Delayed 10 second(s)

2023-02-13 15:54:49 - [MESSAGE][PASSED] - shopify.store.uploadThemeFile is PASSED

2023-02-13 15:54:49 - [TEST_STEP][PASSED] - shopify.store.clickPublishTheme(): shopify.store.clickPublishTheme is PASSED

2023-02-13 15:55:19 - [MESSAGE][PASSED] - Delayed 30 second(s)

2023-02-13 15:55:19 - [MESSAGE][PASSED] - Refresh successfully

2023-02-13 15:55:49 - [MESSAGE][PASSED] - Delayed 30 second(s)

2023-02-13 15:55:50 - [MESSAGE][PASSED] - Object 'Object Repository/Shopify Store/btn_publish_theme' is clickable

2023-02-13 15:55:50 - [MESSAGE][PASSED] - Object: 'Object Repository/Shopify Store/btn_publish_theme' is clicked on

2023-02-13 15:55:50 - [MESSAGE][PASSED] - shopify.store.clickPublishTheme is PASSED

2023-02-13 15:55:50 - [TEST_STEP][PASSED] - shopify.store.confirmPublishTheme(): shopify.store.confirmPublishTheme is PASSED

2023-02-13 15:56:00 - [MESSAGE][PASSED] - Delayed 10 second(s)

2023-02-13 15:56:00 - [MESSAGE][PASSED] - Object: 'Object Repository/Shopify Store/btn_confirm_publish_theme' is clicked on

2023-02-13 15:56:00 - [MESSAGE][PASSED] - shopify.store.confirmPublishTheme is PASSED

2023-02-13 15:56:00 - [TEST_STEP][PASSED] - shopify.store_setting.changeStoreCurrency(currency, store_name): shopify.store_setting.changeStoreCurrency is PASSED

2023-02-13 15:56:10 - [MESSAGE][PASSED] - Delayed 10 second(s)

2023-02-13 15:56:14 - [MESSAGE][PASSED] - Navigate to 'http://huynh-ar-stag-2478.myshopify.com/admin/settings/general' successfully

2023-02-13 15:56:19 - [MESSAGE][PASSED] - All options with value 'USD' are selected in object 'Object Repository/Shopify Store/select_currency' 

2023-02-13 15:56:19 - [MESSAGE][PASSED] - shopify.store_setting.changeStoreCurrency is PASSED

2023-02-13 15:56:19 - [TEST_STEP][PASSED] - shopify.store_setting.saveStoreSetting(): shopify.store_setting.saveStoreSetting is PASSED

2023-02-13 15:56:19 - [MESSAGE][PASSED] - Object: 'Object Repository/Shopify Store/span_save_admin_setting' is clicked on

2023-02-13 15:56:19 - [MESSAGE][PASSED] - shopify.store_setting.saveStoreSetting is PASSED

2023-02-13 15:56:19 - [TEST_STEP][PASSED] - Start tear down : teardownIfPassed: Method 'teardownIfPassed' complete successfully

2023-02-13 15:56:19 - [TEST_STEP][PASSED] - data.excel.updateValueToSheet(file_data, "store", 4, store_name, 7, "Passed"): data.excel.updateValueToSheet is PASSED

2023-02-13 15:56:19 - [MESSAGE][PASSED] - data.excel.updateValueToSheet is PASSED

2023-02-13 15:56:19 - [MESSAGE][PASSED] - Method 'teardownIfPassed' complete successfully]]></system-out>
         <system-err><![CDATA[]]></system-err>
      </testcase>
      <testcase name="Test Cases/Shopify/CreateStore" time="227.428" classname="Test Cases/Shopify/CreateStore" status="FAILED">
         <failure type="FAILED" message="Test Cases/Shopify/CreateStore FAILED.
Reason:
com.kms.katalon.core.exception.StepFailedException: Unable to click on object 'Object Repository/Shopify Store/btn_publish_theme'
	at com.kms.katalon.core.webui.keyword.internal.WebUIKeywordMain.stepFailed(WebUIKeywordMain.groovy:64)
	at com.kms.katalon.core.webui.keyword.internal.WebUIKeywordMain.runKeyword(WebUIKeywordMain.groovy:26)
	at com.kms.katalon.core.webui.keyword.builtin.ClickKeyword.click(ClickKeyword.groovy:74)
	at com.kms.katalon.core.webui.keyword.builtin.ClickKeyword.execute(ClickKeyword.groovy:40)
	at com.kms.katalon.core.keyword.internal.KeywordExecutor.executeKeywordForPlatform(KeywordExecutor.groovy:74)
	at com.kms.katalon.core.webui.keyword.WebUiBuiltInKeywords.click(WebUiBuiltInKeywords.groovy:620)
	at com.kms.katalon.core.webui.keyword.WebUiBuiltInKeywords$click$3.call(Unknown Source)
	at shopify.store.clickPublishTheme(store.groovy:94)
	at shopify.store.invokeMethod(store.groovy)
	at com.kms.katalon.core.main.CustomKeywordDelegatingMetaClass.invokeStaticMethod(CustomKeywordDelegatingMetaClass.java:55)
	at CreateStore.run(CreateStore:56)
	at com.kms.katalon.core.main.ScriptEngine.run(ScriptEngine.java:194)
	at com.kms.katalon.core.main.ScriptEngine.runScriptAsRawText(ScriptEngine.java:119)
	at com.kms.katalon.core.main.TestCaseExecutor.runScript(TestCaseExecutor.java:448)
	at com.kms.katalon.core.main.TestCaseExecutor.doExecute(TestCaseExecutor.java:439)
	at com.kms.katalon.core.main.TestCaseExecutor.processExecutionPhase(TestCaseExecutor.java:418)
	at com.kms.katalon.core.main.TestCaseExecutor.accessMainPhase(TestCaseExecutor.java:410)
	at com.kms.katalon.core.main.TestCaseExecutor.execute(TestCaseExecutor.java:285)
	at com.kms.katalon.core.common.CommonExecutor.accessTestCaseMainPhase(CommonExecutor.java:65)
	at com.kms.katalon.core.main.TestSuiteExecutor.accessTestSuiteMainPhase(TestSuiteExecutor.java:151)
	at com.kms.katalon.core.main.TestSuiteExecutor.execute(TestSuiteExecutor.java:106)
	at com.kms.katalon.core.main.TestCaseMain.startTestSuite(TestCaseMain.java:185)
	at com.kms.katalon.core.main.TestCaseMain$startTestSuite$0.call(Unknown Source)
	at TempTestSuite1676253455264.run(TempTestSuite1676253455264.groovy:36)
Caused by: org.openqa.selenium.ElementClickInterceptedException: element click intercepted: Element &lt;iframe title=&quot;Online Store&quot; src=&quot;https://online-store-web.shopifyapps.com/themes?hmac=a4fdbe9d51cd0b079b7072bea3e5d162d385862c780b8bd38ee23571d0755aa5&amp;amp;host=YWRtaW4uc2hvcGlmeS5jb20vc3RvcmUvaHV5bmgtYXItc3RhZy0yNDc5&amp;amp;locale=en&amp;amp;session=d2d70ed26fbc83e552f4401a2695d39d6f8c7091ec4e19748447495d0def2cc9&amp;amp;shop=huynh-ar-stag-2479.myshopify.com&amp;amp;timestamp=1676278745&amp;amp;_signed_params=host%2Clocale%2Csession%2Cshop%2Ctimestamp&amp;amp;appLoadId=06a21e16-07ae-4275-be55-5acb0fe29ba0&quot; name=&quot;1d9dd924-cf27-4440-9191-cc14f3c90520&quot; context=&quot;Main&quot; class=&quot;rG8rl&quot; cd_frame_id_=&quot;1b5745981494d8fffe457a43f3abc26e&quot;>&lt;/iframe> is not clickable at point (859, 906). Other element would receive the click: &lt;p class=&quot;KZJNR&quot; aria-hidden=&quot;true&quot;>...&lt;/p>
  (Session info: chrome=109.0.5414.121)
Build info: version: '3.141.59', revision: 'e82be7d358', time: '2018-11-14T08:25:53'
System info: host: 'HUYNH', ip: '172.18.224.1', os.name: 'Windows 10', os.arch: 'amd64', os.version: '10.0', java.version: '1.8.0_282'
Driver info: com.kms.katalon.selenium.driver.CChromeDriver
Capabilities {acceptInsecureCerts: false, browserName: chrome, browserVersion: 109.0.5414.121, chrome: {chromedriverVersion: 109.0.5414.74 (e7c5703604da..., userDataDir: C:\Users\huynh\AppData\Loca...}, goog:chromeOptions: {debuggerAddress: localhost:58872}, javascriptEnabled: true, networkConnectionEnabled: false, pageLoadStrategy: normal, platform: WINDOWS, platformName: WINDOWS, proxy: Proxy(), setWindowRect: true, strictFileInteractability: false, timeouts: {implicit: 0, pageLoad: 300000, script: 30000}, unhandledPromptBehavior: dismiss and notify, webauthn:extension:credBlob: true, webauthn:extension:largeBlob: true, webauthn:virtualAuthenticators: true}
Session ID: 3fadeedc165450f5d1cdf7615822b4c6
	at org.openqa.selenium.remote.http.W3CHttpResponseCodec.createException(W3CHttpResponseCodec.java:187)
	at org.openqa.selenium.remote.http.W3CHttpResponseCodec.decode(W3CHttpResponseCodec.java:122)
	at org.openqa.selenium.remote.http.W3CHttpResponseCodec.decode(W3CHttpResponseCodec.java:49)
	at org.openqa.selenium.remote.HttpCommandExecutor.execute(HttpCommandExecutor.java:158)
	at org.openqa.selenium.remote.service.DriverCommandExecutor.execute(DriverCommandExecutor.java:83)
	at org.openqa.selenium.remote.RemoteWebDriver.execute(RemoteWebDriver.java:552)
	at com.kms.katalon.selenium.driver.CChromeDriver.execute(CChromeDriver.java:19)
	at org.openqa.selenium.remote.RemoteWebElement.execute(RemoteWebElement.java:285)
	at org.openqa.selenium.remote.RemoteWebElement.click(RemoteWebElement.java:84)
	at org.openqa.selenium.support.events.EventFiringWebDriver$EventFiringWebElement.lambda$new$0(EventFiringWebDriver.java:404)
	at com.sun.proxy.$Proxy16.click(Unknown Source)
	at org.openqa.selenium.support.events.EventFiringWebDriver$EventFiringWebElement.click(EventFiringWebDriver.java:417)
	at org.openqa.selenium.WebElement$click.call(Unknown Source)
	at com.kms.katalon.core.webui.keyword.builtin.ClickKeyword.clickUntilSuccessWithTimeout(ClickKeyword.groovy:81)
	at com.kms.katalon.core.webui.keyword.builtin.ClickKeyword.clickUntilSuccessWithTimeout(ClickKeyword.groovy)
	at com.kms.katalon.core.webui.keyword.builtin.ClickKeyword$_click_closure1.doCall(ClickKeyword.groovy:67)
	at com.kms.katalon.core.webui.keyword.builtin.ClickKeyword$_click_closure1.call(ClickKeyword.groovy)
	at com.kms.katalon.core.webui.keyword.internal.WebUIKeywordMain.runKeyword(WebUIKeywordMain.groovy:20)
	... 22 more
"/>
         <system-out><![CDATA[2023-02-13 15:56:19 - [TEST_CASE][FAILED] - Test Cases/Shopify/CreateStore: Test Cases/Shopify/CreateStore FAILED.
Reason:
com.kms.katalon.core.exception.StepFailedException: Unable to click on object 'Object Repository/Shopify Store/btn_publish_theme'
	at com.kms.katalon.core.webui.keyword.internal.WebUIKeywordMain.stepFailed(WebUIKeywordMain.groovy:64)
	at com.kms.katalon.core.webui.keyword.internal.WebUIKeywordMain.runKeyword(WebUIKeywordMain.groovy:26)
	at com.kms.katalon.core.webui.keyword.builtin.ClickKeyword.click(ClickKeyword.groovy:74)
	at com.kms.katalon.core.webui.keyword.builtin.ClickKeyword.execute(ClickKeyword.groovy:40)
	at com.kms.katalon.core.keyword.internal.KeywordExecutor.executeKeywordForPlatform(KeywordExecutor.groovy:74)
	at com.kms.katalon.core.webui.keyword.WebUiBuiltInKeywords.click(WebUiBuiltInKeywords.groovy:620)
	at com.kms.katalon.core.webui.keyword.WebUiBuiltInKeywords$click$3.call(Unknown Source)
	at shopify.store.clickPublishTheme(store.groovy:94)
	at shopify.store.invokeMethod(store.groovy)
	at com.kms.katalon.core.main.CustomKeywordDelegatingMetaClass.invokeStaticMethod(CustomKeywordDelegatingMetaClass.java:55)
	at CreateStore.run(CreateStore:56)
	at com.kms.katalon.core.main.ScriptEngine.run(ScriptEngine.java:194)
	at com.kms.katalon.core.main.ScriptEngine.runScriptAsRawText(ScriptEngine.java:119)
	at com.kms.katalon.core.main.TestCaseExecutor.runScript(TestCaseExecutor.java:448)
	at com.kms.katalon.core.main.TestCaseExecutor.doExecute(TestCaseExecutor.java:439)
	at com.kms.katalon.core.main.TestCaseExecutor.processExecutionPhase(TestCaseExecutor.java:418)
	at com.kms.katalon.core.main.TestCaseExecutor.accessMainPhase(TestCaseExecutor.java:410)
	at com.kms.katalon.core.main.TestCaseExecutor.execute(TestCaseExecutor.java:285)
	at com.kms.katalon.core.common.CommonExecutor.accessTestCaseMainPhase(CommonExecutor.java:65)
	at com.kms.katalon.core.main.TestSuiteExecutor.accessTestSuiteMainPhase(TestSuiteExecutor.java:151)
	at com.kms.katalon.core.main.TestSuiteExecutor.execute(TestSuiteExecutor.java:106)
	at com.kms.katalon.core.main.TestCaseMain.startTestSuite(TestCaseMain.java:185)
	at com.kms.katalon.core.main.TestCaseMain$startTestSuite$0.call(Unknown Source)
	at TempTestSuite1676253455264.run(TempTestSuite1676253455264.groovy:36)
Caused by: org.openqa.selenium.ElementClickInterceptedException: element click intercepted: Element <iframe title="Online Store" src="https://online-store-web.shopifyapps.com/themes?hmac=a4fdbe9d51cd0b079b7072bea3e5d162d385862c780b8bd38ee23571d0755aa5&amp;host=YWRtaW4uc2hvcGlmeS5jb20vc3RvcmUvaHV5bmgtYXItc3RhZy0yNDc5&amp;locale=en&amp;session=d2d70ed26fbc83e552f4401a2695d39d6f8c7091ec4e19748447495d0def2cc9&amp;shop=huynh-ar-stag-2479.myshopify.com&amp;timestamp=1676278745&amp;_signed_params=host%2Clocale%2Csession%2Cshop%2Ctimestamp&amp;appLoadId=06a21e16-07ae-4275-be55-5acb0fe29ba0" name="1d9dd924-cf27-4440-9191-cc14f3c90520" context="Main" class="rG8rl" cd_frame_id_="1b5745981494d8fffe457a43f3abc26e"></iframe> is not clickable at point (859, 906). Other element would receive the click: <p class="KZJNR" aria-hidden="true">...</p>
  (Session info: chrome=109.0.5414.121)
Build info: version: '3.141.59', revision: 'e82be7d358', time: '2018-11-14T08:25:53'
System info: host: 'HUYNH', ip: '172.18.224.1', os.name: 'Windows 10', os.arch: 'amd64', os.version: '10.0', java.version: '1.8.0_282'
Driver info: com.kms.katalon.selenium.driver.CChromeDriver
Capabilities {acceptInsecureCerts: false, browserName: chrome, browserVersion: 109.0.5414.121, chrome: {chromedriverVersion: 109.0.5414.74 (e7c5703604da..., userDataDir: C:\Users\huynh\AppData\Loca...}, goog:chromeOptions: {debuggerAddress: localhost:58872}, javascriptEnabled: true, networkConnectionEnabled: false, pageLoadStrategy: normal, platform: WINDOWS, platformName: WINDOWS, proxy: Proxy(), setWindowRect: true, strictFileInteractability: false, timeouts: {implicit: 0, pageLoad: 300000, script: 30000}, unhandledPromptBehavior: dismiss and notify, webauthn:extension:credBlob: true, webauthn:extension:largeBlob: true, webauthn:virtualAuthenticators: true}
Session ID: 3fadeedc165450f5d1cdf7615822b4c6
	at org.openqa.selenium.remote.http.W3CHttpResponseCodec.createException(W3CHttpResponseCodec.java:187)
	at org.openqa.selenium.remote.http.W3CHttpResponseCodec.decode(W3CHttpResponseCodec.java:122)
	at org.openqa.selenium.remote.http.W3CHttpResponseCodec.decode(W3CHttpResponseCodec.java:49)
	at org.openqa.selenium.remote.HttpCommandExecutor.execute(HttpCommandExecutor.java:158)
	at org.openqa.selenium.remote.service.DriverCommandExecutor.execute(DriverCommandExecutor.java:83)
	at org.openqa.selenium.remote.RemoteWebDriver.execute(RemoteWebDriver.java:552)
	at com.kms.katalon.selenium.driver.CChromeDriver.execute(CChromeDriver.java:19)
	at org.openqa.selenium.remote.RemoteWebElement.execute(RemoteWebElement.java:285)
	at org.openqa.selenium.remote.RemoteWebElement.click(RemoteWebElement.java:84)
	at org.openqa.selenium.support.events.EventFiringWebDriver$EventFiringWebElement.lambda$new$0(EventFiringWebDriver.java:404)
	at com.sun.proxy.$Proxy16.click(Unknown Source)
	at org.openqa.selenium.support.events.EventFiringWebDriver$EventFiringWebElement.click(EventFiringWebDriver.java:417)
	at org.openqa.selenium.WebElement$click.call(Unknown Source)
	at com.kms.katalon.core.webui.keyword.builtin.ClickKeyword.clickUntilSuccessWithTimeout(ClickKeyword.groovy:81)
	at com.kms.katalon.core.webui.keyword.builtin.ClickKeyword.clickUntilSuccessWithTimeout(ClickKeyword.groovy)
	at com.kms.katalon.core.webui.keyword.builtin.ClickKeyword$_click_closure1.doCall(ClickKeyword.groovy:67)
	at com.kms.katalon.core.webui.keyword.builtin.ClickKeyword$_click_closure1.call(ClickKeyword.groovy)
	at com.kms.katalon.core.webui.keyword.internal.WebUIKeywordMain.runKeyword(WebUIKeywordMain.groovy:20)
	... 22 more


2023-02-13 15:56:19 - [TEST_STEP][PASSED] - Start listener action : skipStatus: null

2023-02-13 15:56:19 - [TEST_STEP][PASSED] - map = testCaseContext.getTestCaseVariables(): null

2023-02-13 15:56:19 - [TEST_STEP][PASSED] - testcae_status = map.get("testcase_status"): null

2023-02-13 15:56:19 - [TEST_STEP][PASSED] - println(testcae_status): null

2023-02-13 15:56:19 - [TEST_STEP][PASSED] - if (testcae_status == "Passed" || testcae_status == "Failed"): null

2023-02-13 15:56:19 - [TEST_STEP][PASSED] - log = new com.kms.katalon.core.util.KeywordUtil(): null

2023-02-13 15:56:19 - [TEST_STEP][PASSED] - openBrowser(""): Browser is opened with url: ''

2023-02-13 15:56:19 - [MESSAGE][WARNING] - A browser is already opened. Closing browser and opening a new one

2023-02-13 15:56:20 - [MESSAGE][INFO] - Starting 'Chrome' driver

2023-02-13 15:56:20 - [MESSAGE][INFO] - Action delay is set to 0 milliseconds

2023-02-13 15:56:21 - [MESSAGE][PASSED] - Browser is opened with url: ''

2023-02-13 15:56:21 - [TEST_STEP][PASSED] - maximizeWindow(): Current window maximized

2023-02-13 15:56:21 - [MESSAGE][PASSED] - Current window maximized

2023-02-13 15:56:21 - [TEST_STEP][PASSED] - st = new shopify.store(): null

2023-02-13 15:56:21 - [TEST_STEP][PASSED] - st.loginShopifyPartner(partner_email, partner_password, partner_id): Object: 'Object Repository/Shopify/btn_login' is clicked on

2023-02-13 15:56:26 - [MESSAGE][PASSED] - Navigate to 'https://partners.shopify.com/1662018/stores/new' successfully

2023-02-13 15:56:27 - [MESSAGE][PASSED] - Text 'huynh@firegroup.io' is set on object 'Object Repository/Shopify/input_email_shopify'

2023-02-13 15:56:30 - [MESSAGE][PASSED] - Object: 'Object Repository/Shopify/btn_continue_with_email' is clicked on

2023-02-13 15:56:32 - [MESSAGE][PASSED] - Text ****** has been set on object 'Object Repository/Shopify/input_password_shopify'

2023-02-13 15:56:39 - [MESSAGE][PASSED] - Object: 'Object Repository/Shopify/btn_login' is clicked on

2023-02-13 15:56:39 - [TEST_STEP][PASSED] - st.navigateToStoreDevelop(partner_id): Navigate to 'https://partners.shopify.com/1662018/stores/new?store_type=dev_preview_store&developer_preview_handle=checkout_extensibility' successfully

2023-02-13 15:56:40 - [MESSAGE][PASSED] - Navigate to 'https://partners.shopify.com/1662018/stores/new?store_type=dev_preview_store&developer_preview_handle=checkout_extensibility' successfully

2023-02-13 15:56:40 - [TEST_STEP][PASSED] - st.inputStoreName(store_name): Delayed 5 second(s)

2023-02-13 15:56:42 - [MESSAGE][PASSED] - Text 'huynh-ar-stag-2479' is set on object 'Object Repository/Shopify/input_store_name'

2023-02-13 15:56:47 - [MESSAGE][PASSED] - Delayed 5 second(s)

2023-02-13 15:56:47 - [TEST_STEP][PASSED] - shopify.store.clickCreateStore(): shopify.store.clickCreateStore is PASSED

2023-02-13 15:56:47 - [MESSAGE][PASSED] - Object: 'Object Repository/Shopify/btn_create_store' is clicked on

2023-02-13 15:57:07 - [MESSAGE][PASSED] - Delayed 20 second(s)

2023-02-13 15:57:07 - [MESSAGE][PASSED] - shopify.store.clickCreateStore is PASSED

2023-02-13 15:57:07 - [TEST_STEP][PASSED] - shopify.store.importProduct(product_file_local): shopify.store.importProduct is PASSED

2023-02-13 15:57:20 - [MESSAGE][PASSED] - Object: 'Object Repository/Shopify/span_product' is clicked on

2023-02-13 15:57:22 - [MESSAGE][PASSED] - Object: 'Object Repository/Shopify/span_import_product' is clicked on

2023-02-13 15:57:22 - [MESSAGE][PASSED] - File 'C:\Users\huynh\Documents\Socialhead\Automation\Katalon project\CreateStore\CreateStore\Data\products_export.csv' sent to object: 'Object Repository/Shopify/file_product'

2023-02-13 15:57:23 - [MESSAGE][PASSED] - Object: 'Object Repository/Shopify/span_upload_product_continue' is clicked on

2023-02-13 15:57:26 - [MESSAGE][PASSED] - Object: 'Object Repository/Shopify/btn_product_confirm_import' is clicked on

2023-02-13 15:57:56 - [MESSAGE][PASSED] - Delayed 30 second(s)

2023-02-13 15:57:56 - [MESSAGE][PASSED] - Refresh successfully

2023-02-13 15:58:11 - [MESSAGE][PASSED] - Delayed 15 second(s)

2023-02-13 15:58:11 - [MESSAGE][PASSED] - shopify.store.importProduct is PASSED

2023-02-13 15:58:11 - [TEST_STEP][PASSED] - shopify.store.clickOnMenuOnlineStore(): shopify.store.clickOnMenuOnlineStore is PASSED

2023-02-13 15:58:12 - [MESSAGE][PASSED] - Object: 'Object Repository/Shopify Store/a_onlie_store' is clicked on

2023-02-13 15:58:22 - [MESSAGE][PASSED] - Delayed 10 second(s)

2023-02-13 15:58:22 - [MESSAGE][PASSED] - shopify.store.clickOnMenuOnlineStore is PASSED

2023-02-13 15:58:22 - [TEST_STEP][PASSED] - shopify.store.clickOnImportTheme(): shopify.store.clickOnImportTheme is PASSED

2023-02-13 15:58:22 - [MESSAGE][PASSED] - Object: 'Object Repository/Shopify Store/btn_add_theme' is clicked on

2023-02-13 15:58:22 - [MESSAGE][PASSED] - shopify.store.clickOnImportTheme is PASSED

2023-02-13 15:58:22 - [TEST_STEP][PASSED] - shopify.store.uploadThemeFile(theme_file_local): shopify.store.uploadThemeFile is PASSED

2023-02-13 15:58:22 - [MESSAGE][PASSED] - Object: 'Object Repository/Shopify Store/btn_upload_zip_file' is clicked on

2023-02-13 15:58:23 - [MESSAGE][PASSED] - File 'C:\Users\huynh\Documents\Socialhead\Automation\Katalon project\CreateStore\CreateStore\Data\tropivcom.myshopify.com.zip' sent to object: 'Object Repository/Shopify Store/file_theme'

2023-02-13 15:58:23 - [MESSAGE][PASSED] - Object: 'Object Repository/Shopify Store/btn_upload_theme' is clicked on

2023-02-13 15:58:33 - [MESSAGE][PASSED] - Delayed 10 second(s)

2023-02-13 15:58:33 - [MESSAGE][PASSED] - shopify.store.uploadThemeFile is PASSED

2023-02-13 15:58:33 - [TEST_STEP][FAILED] - shopify.store.clickPublishTheme(): Unable to click on object 'Object Repository/Shopify Store/btn_publish_theme'

2023-02-13 15:59:03 - [MESSAGE][PASSED] - Delayed 30 second(s)

2023-02-13 15:59:04 - [MESSAGE][PASSED] - Refresh successfully

2023-02-13 15:59:34 - [MESSAGE][PASSED] - Delayed 30 second(s)

2023-02-13 15:59:34 - [MESSAGE][PASSED] - Object 'Object Repository/Shopify Store/btn_publish_theme' is clickable

2023-02-13 16:00:07 - [MESSAGE][FAILED] - Unable to click on object 'Object Repository/Shopify Store/btn_publish_theme' (Root cause: com.kms.katalon.core.exception.StepFailedException: Unable to click on object 'Object Repository/Shopify Store/btn_publish_theme'
	at com.kms.katalon.core.webui.keyword.internal.WebUIKeywordMain.stepFailed(WebUIKeywordMain.groovy:64)
	at com.kms.katalon.core.webui.keyword.internal.WebUIKeywordMain.runKeyword(WebUIKeywordMain.groovy:26)
	at com.kms.katalon.core.webui.keyword.builtin.ClickKeyword.click(ClickKeyword.groovy:74)
	at com.kms.katalon.core.webui.keyword.builtin.ClickKeyword.execute(ClickKeyword.groovy:40)
	at com.kms.katalon.core.keyword.internal.KeywordExecutor.executeKeywordForPlatform(KeywordExecutor.groovy:74)
	at com.kms.katalon.core.webui.keyword.WebUiBuiltInKeywords.click(WebUiBuiltInKeywords.groovy:620)
	at com.kms.katalon.core.webui.keyword.WebUiBuiltInKeywords$click$3.call(Unknown Source)
	at shopify.store.clickPublishTheme(store.groovy:94)
	at shopify.store.invokeMethod(store.groovy)
	at com.kms.katalon.core.main.CustomKeywordDelegatingMetaClass.invokeStaticMethod(CustomKeywordDelegatingMetaClass.java:55)
	at CreateStore.run(CreateStore:56)
	at com.kms.katalon.core.main.ScriptEngine.run(ScriptEngine.java:194)
	at com.kms.katalon.core.main.ScriptEngine.runScriptAsRawText(ScriptEngine.java:119)
	at com.kms.katalon.core.main.TestCaseExecutor.runScript(TestCaseExecutor.java:448)
	at com.kms.katalon.core.main.TestCaseExecutor.doExecute(TestCaseExecutor.java:439)
	at com.kms.katalon.core.main.TestCaseExecutor.processExecutionPhase(TestCaseExecutor.java:418)
	at com.kms.katalon.core.main.TestCaseExecutor.accessMainPhase(TestCaseExecutor.java:410)
	at com.kms.katalon.core.main.TestCaseExecutor.execute(TestCaseExecutor.java:285)
	at com.kms.katalon.core.common.CommonExecutor.accessTestCaseMainPhase(CommonExecutor.java:65)
	at com.kms.katalon.core.main.TestSuiteExecutor.accessTestSuiteMainPhase(TestSuiteExecutor.java:151)
	at com.kms.katalon.core.main.TestSuiteExecutor.execute(TestSuiteExecutor.java:106)
	at com.kms.katalon.core.main.TestCaseMain.startTestSuite(TestCaseMain.java:185)
	at com.kms.katalon.core.main.TestCaseMain$startTestSuite$0.call(Unknown Source)
	at TempTestSuite1676253455264.run(TempTestSuite1676253455264.groovy:36)
Caused by: org.openqa.selenium.ElementClickInterceptedException: element click intercepted: Element <iframe title="Online Store" src="https://online-store-web.shopifyapps.com/themes?hmac=a4fdbe9d51cd0b079b7072bea3e5d162d385862c780b8bd38ee23571d0755aa5&amp;host=YWRtaW4uc2hvcGlmeS5jb20vc3RvcmUvaHV5bmgtYXItc3RhZy0yNDc5&amp;locale=en&amp;session=d2d70ed26fbc83e552f4401a2695d39d6f8c7091ec4e19748447495d0def2cc9&amp;shop=huynh-ar-stag-2479.myshopify.com&amp;timestamp=1676278745&amp;_signed_params=host%2Clocale%2Csession%2Cshop%2Ctimestamp&amp;appLoadId=06a21e16-07ae-4275-be55-5acb0fe29ba0" name="1d9dd924-cf27-4440-9191-cc14f3c90520" context="Main" class="rG8rl" cd_frame_id_="1b5745981494d8fffe457a43f3abc26e"></iframe> is not clickable at point (859, 906). Other element would receive the click: <p class="KZJNR" aria-hidden="true">...</p>
  (Session info: chrome=109.0.5414.121)
Build info: version: '3.141.59', revision: 'e82be7d358', time: '2018-11-14T08:25:53'
System info: host: 'HUYNH', ip: '172.18.224.1', os.name: 'Windows 10', os.arch: 'amd64', os.version: '10.0', java.version: '1.8.0_282'
Driver info: com.kms.katalon.selenium.driver.CChromeDriver
Capabilities {acceptInsecureCerts: false, browserName: chrome, browserVersion: 109.0.5414.121, chrome: {chromedriverVersion: 109.0.5414.74 (e7c5703604da..., userDataDir: C:\Users\huynh\AppData\Loca...}, goog:chromeOptions: {debuggerAddress: localhost:58872}, javascriptEnabled: true, networkConnectionEnabled: false, pageLoadStrategy: normal, platform: WINDOWS, platformName: WINDOWS, proxy: Proxy(), setWindowRect: true, strictFileInteractability: false, timeouts: {implicit: 0, pageLoad: 300000, script: 30000}, unhandledPromptBehavior: dismiss and notify, webauthn:extension:credBlob: true, webauthn:extension:largeBlob: true, webauthn:virtualAuthenticators: true}
Session ID: 3fadeedc165450f5d1cdf7615822b4c6
	at org.openqa.selenium.remote.http.W3CHttpResponseCodec.createException(W3CHttpResponseCodec.java:187)
	at org.openqa.selenium.remote.http.W3CHttpResponseCodec.decode(W3CHttpResponseCodec.java:122)
	at org.openqa.selenium.remote.http.W3CHttpResponseCodec.decode(W3CHttpResponseCodec.java:49)
	at org.openqa.selenium.remote.HttpCommandExecutor.execute(HttpCommandExecutor.java:158)
	at org.openqa.selenium.remote.service.DriverCommandExecutor.execute(DriverCommandExecutor.java:83)
	at org.openqa.selenium.remote.RemoteWebDriver.execute(RemoteWebDriver.java:552)
	at com.kms.katalon.selenium.driver.CChromeDriver.execute(CChromeDriver.java:19)
	at org.openqa.selenium.remote.RemoteWebElement.execute(RemoteWebElement.java:285)
	at org.openqa.selenium.remote.RemoteWebElement.click(RemoteWebElement.java:84)
	at org.openqa.selenium.support.events.EventFiringWebDriver$EventFiringWebElement.lambda$new$0(EventFiringWebDriver.java:404)
	at com.sun.proxy.$Proxy16.click(Unknown Source)
	at org.openqa.selenium.support.events.EventFiringWebDriver$EventFiringWebElement.click(EventFiringWebDriver.java:417)
	at org.openqa.selenium.WebElement$click.call(Unknown Source)
	at com.kms.katalon.core.webui.keyword.builtin.ClickKeyword.clickUntilSuccessWithTimeout(ClickKeyword.groovy:81)
	at com.kms.katalon.core.webui.keyword.builtin.ClickKeyword.clickUntilSuccessWithTimeout(ClickKeyword.groovy)
	at com.kms.katalon.core.webui.keyword.builtin.ClickKeyword$_click_closure1.doCall(ClickKeyword.groovy:67)
	at com.kms.katalon.core.webui.keyword.builtin.ClickKeyword$_click_closure1.call(ClickKeyword.groovy)
	at com.kms.katalon.core.webui.keyword.internal.WebUIKeywordMain.runKeyword(WebUIKeywordMain.groovy:20)
	at com.kms.katalon.core.webui.keyword.builtin.ClickKeyword.click(ClickKeyword.groovy:74)
	at com.kms.katalon.core.webui.keyword.builtin.ClickKeyword.execute(ClickKeyword.groovy:40)
	at com.kms.katalon.core.keyword.internal.KeywordExecutor.executeKeywordForPlatform(KeywordExecutor.groovy:74)
	at com.kms.katalon.core.webui.keyword.WebUiBuiltInKeywords.click(WebUiBuiltInKeywords.groovy:620)
	at com.kms.katalon.core.webui.keyword.WebUiBuiltInKeywords$click$3.call(Unknown Source)
	at shopify.store.clickPublishTheme(store.groovy:94)
	at shopify.store.invokeMethod(store.groovy)
	at com.kms.katalon.core.main.CustomKeywordDelegatingMetaClass.invokeStaticMethod(CustomKeywordDelegatingMetaClass.java:55)
	at Script1673851860327.run(Script1673851860327.groovy:56)
	... 13 more
)
[[ATTACHMENT|C:\\Users\\huynh\\Documents\\Socialhead\\Automation\\Katalon project\\CreateStore\\CreateStore\\Reports\\20230213_085735\\Store\\Create Store\\20230213_085735\\1676278806973.png]]

2023-02-13 16:00:07 - [MESSAGE][FAILED] - Unable to click on object 'Object Repository/Shopify Store/btn_publish_theme'

2023-02-13 16:00:07 - [TEST_STEP][PASSED] - Start tear down : teardownIfFailed: Method 'teardownIfFailed' complete successfully

2023-02-13 16:00:07 - [TEST_STEP][PASSED] - data.excel.updateValueToSheet(file_data, "store", 4, store_name, 7, "Failed"): data.excel.updateValueToSheet is PASSED

2023-02-13 16:00:07 - [MESSAGE][PASSED] - data.excel.updateValueToSheet is PASSED

2023-02-13 16:00:07 - [MESSAGE][PASSED] - Method 'teardownIfFailed' complete successfully]]></system-out>
         <system-err><![CDATA[2023-02-13 15:56:19 - [TEST_CASE][FAILED] - Test Cases/Shopify/CreateStore: Test Cases/Shopify/CreateStore FAILED.
Reason:
com.kms.katalon.core.exception.StepFailedException: Unable to click on object 'Object Repository/Shopify Store/btn_publish_theme'
	at com.kms.katalon.core.webui.keyword.internal.WebUIKeywordMain.stepFailed(WebUIKeywordMain.groovy:64)
	at com.kms.katalon.core.webui.keyword.internal.WebUIKeywordMain.runKeyword(WebUIKeywordMain.groovy:26)
	at com.kms.katalon.core.webui.keyword.builtin.ClickKeyword.click(ClickKeyword.groovy:74)
	at com.kms.katalon.core.webui.keyword.builtin.ClickKeyword.execute(ClickKeyword.groovy:40)
	at com.kms.katalon.core.keyword.internal.KeywordExecutor.executeKeywordForPlatform(KeywordExecutor.groovy:74)
	at com.kms.katalon.core.webui.keyword.WebUiBuiltInKeywords.click(WebUiBuiltInKeywords.groovy:620)
	at com.kms.katalon.core.webui.keyword.WebUiBuiltInKeywords$click$3.call(Unknown Source)
	at shopify.store.clickPublishTheme(store.groovy:94)
	at shopify.store.invokeMethod(store.groovy)
	at com.kms.katalon.core.main.CustomKeywordDelegatingMetaClass.invokeStaticMethod(CustomKeywordDelegatingMetaClass.java:55)
	at CreateStore.run(CreateStore:56)
	at com.kms.katalon.core.main.ScriptEngine.run(ScriptEngine.java:194)
	at com.kms.katalon.core.main.ScriptEngine.runScriptAsRawText(ScriptEngine.java:119)
	at com.kms.katalon.core.main.TestCaseExecutor.runScript(TestCaseExecutor.java:448)
	at com.kms.katalon.core.main.TestCaseExecutor.doExecute(TestCaseExecutor.java:439)
	at com.kms.katalon.core.main.TestCaseExecutor.processExecutionPhase(TestCaseExecutor.java:418)
	at com.kms.katalon.core.main.TestCaseExecutor.accessMainPhase(TestCaseExecutor.java:410)
	at com.kms.katalon.core.main.TestCaseExecutor.execute(TestCaseExecutor.java:285)
	at com.kms.katalon.core.common.CommonExecutor.accessTestCaseMainPhase(CommonExecutor.java:65)
	at com.kms.katalon.core.main.TestSuiteExecutor.accessTestSuiteMainPhase(TestSuiteExecutor.java:151)
	at com.kms.katalon.core.main.TestSuiteExecutor.execute(TestSuiteExecutor.java:106)
	at com.kms.katalon.core.main.TestCaseMain.startTestSuite(TestCaseMain.java:185)
	at com.kms.katalon.core.main.TestCaseMain$startTestSuite$0.call(Unknown Source)
	at TempTestSuite1676253455264.run(TempTestSuite1676253455264.groovy:36)
Caused by: org.openqa.selenium.ElementClickInterceptedException: element click intercepted: Element <iframe title="Online Store" src="https://online-store-web.shopifyapps.com/themes?hmac=a4fdbe9d51cd0b079b7072bea3e5d162d385862c780b8bd38ee23571d0755aa5&amp;host=YWRtaW4uc2hvcGlmeS5jb20vc3RvcmUvaHV5bmgtYXItc3RhZy0yNDc5&amp;locale=en&amp;session=d2d70ed26fbc83e552f4401a2695d39d6f8c7091ec4e19748447495d0def2cc9&amp;shop=huynh-ar-stag-2479.myshopify.com&amp;timestamp=1676278745&amp;_signed_params=host%2Clocale%2Csession%2Cshop%2Ctimestamp&amp;appLoadId=06a21e16-07ae-4275-be55-5acb0fe29ba0" name="1d9dd924-cf27-4440-9191-cc14f3c90520" context="Main" class="rG8rl" cd_frame_id_="1b5745981494d8fffe457a43f3abc26e"></iframe> is not clickable at point (859, 906). Other element would receive the click: <p class="KZJNR" aria-hidden="true">...</p>
  (Session info: chrome=109.0.5414.121)
Build info: version: '3.141.59', revision: 'e82be7d358', time: '2018-11-14T08:25:53'
System info: host: 'HUYNH', ip: '172.18.224.1', os.name: 'Windows 10', os.arch: 'amd64', os.version: '10.0', java.version: '1.8.0_282'
Driver info: com.kms.katalon.selenium.driver.CChromeDriver
Capabilities {acceptInsecureCerts: false, browserName: chrome, browserVersion: 109.0.5414.121, chrome: {chromedriverVersion: 109.0.5414.74 (e7c5703604da..., userDataDir: C:\Users\huynh\AppData\Loca...}, goog:chromeOptions: {debuggerAddress: localhost:58872}, javascriptEnabled: true, networkConnectionEnabled: false, pageLoadStrategy: normal, platform: WINDOWS, platformName: WINDOWS, proxy: Proxy(), setWindowRect: true, strictFileInteractability: false, timeouts: {implicit: 0, pageLoad: 300000, script: 30000}, unhandledPromptBehavior: dismiss and notify, webauthn:extension:credBlob: true, webauthn:extension:largeBlob: true, webauthn:virtualAuthenticators: true}
Session ID: 3fadeedc165450f5d1cdf7615822b4c6
	at org.openqa.selenium.remote.http.W3CHttpResponseCodec.createException(W3CHttpResponseCodec.java:187)
	at org.openqa.selenium.remote.http.W3CHttpResponseCodec.decode(W3CHttpResponseCodec.java:122)
	at org.openqa.selenium.remote.http.W3CHttpResponseCodec.decode(W3CHttpResponseCodec.java:49)
	at org.openqa.selenium.remote.HttpCommandExecutor.execute(HttpCommandExecutor.java:158)
	at org.openqa.selenium.remote.service.DriverCommandExecutor.execute(DriverCommandExecutor.java:83)
	at org.openqa.selenium.remote.RemoteWebDriver.execute(RemoteWebDriver.java:552)
	at com.kms.katalon.selenium.driver.CChromeDriver.execute(CChromeDriver.java:19)
	at org.openqa.selenium.remote.RemoteWebElement.execute(RemoteWebElement.java:285)
	at org.openqa.selenium.remote.RemoteWebElement.click(RemoteWebElement.java:84)
	at org.openqa.selenium.support.events.EventFiringWebDriver$EventFiringWebElement.lambda$new$0(EventFiringWebDriver.java:404)
	at com.sun.proxy.$Proxy16.click(Unknown Source)
	at org.openqa.selenium.support.events.EventFiringWebDriver$EventFiringWebElement.click(EventFiringWebDriver.java:417)
	at org.openqa.selenium.WebElement$click.call(Unknown Source)
	at com.kms.katalon.core.webui.keyword.builtin.ClickKeyword.clickUntilSuccessWithTimeout(ClickKeyword.groovy:81)
	at com.kms.katalon.core.webui.keyword.builtin.ClickKeyword.clickUntilSuccessWithTimeout(ClickKeyword.groovy)
	at com.kms.katalon.core.webui.keyword.builtin.ClickKeyword$_click_closure1.doCall(ClickKeyword.groovy:67)
	at com.kms.katalon.core.webui.keyword.builtin.ClickKeyword$_click_closure1.call(ClickKeyword.groovy)
	at com.kms.katalon.core.webui.keyword.internal.WebUIKeywordMain.runKeyword(WebUIKeywordMain.groovy:20)
	... 22 more]]></system-err>
      </testcase>
      <testcase name="Test Cases/Shopify/CreateStore" time="0.0" classname="Test Cases/Shopify/CreateStore" status="SKIPPED">
         <system-out><![CDATA[2023-02-13 16:00:07 - [TEST_CASE][SKIPPED] - Test Cases/Shopify/CreateStore: 

2023-02-13 16:00:07 - [TEST_STEP][PASSED] - Start listener action : skipStatus: null

2023-02-13 16:00:07 - [TEST_STEP][PASSED] - map = testCaseContext.getTestCaseVariables(): null

2023-02-13 16:00:07 - [TEST_STEP][PASSED] - testcae_status = map.get("testcase_status"): null

2023-02-13 16:00:07 - [TEST_STEP][PASSED] - println(testcae_status): null

2023-02-13 16:00:07 - [TEST_STEP][PASSED] - if (testcae_status == "Passed" || testcae_status == "Failed"): null

2023-02-13 16:00:07 - [TEST_STEP][PASSED] - testCaseContext.skipThisTestCase(): null]]></system-out>
         <system-err><![CDATA[]]></system-err>
      </testcase>
      <testcase name="Test Cases/Shopify/CreateStore" time="0.0" classname="Test Cases/Shopify/CreateStore" status="SKIPPED">
         <system-out><![CDATA[2023-02-13 16:00:07 - [TEST_CASE][SKIPPED] - Test Cases/Shopify/CreateStore: 

2023-02-13 16:00:07 - [TEST_STEP][PASSED] - Start listener action : skipStatus: null

2023-02-13 16:00:07 - [TEST_STEP][PASSED] - map = testCaseContext.getTestCaseVariables(): null

2023-02-13 16:00:07 - [TEST_STEP][PASSED] - testcae_status = map.get("testcase_status"): null

2023-02-13 16:00:07 - [TEST_STEP][PASSED] - println(testcae_status): null

2023-02-13 16:00:07 - [TEST_STEP][PASSED] - if (testcae_status == "Passed" || testcae_status == "Failed"): null

2023-02-13 16:00:07 - [TEST_STEP][PASSED] - testCaseContext.skipThisTestCase(): null]]></system-out>
         <system-err><![CDATA[]]></system-err>
      </testcase>
      <testcase name="Test Cases/Shopify/CreateStore" time="0.0" classname="Test Cases/Shopify/CreateStore" status="SKIPPED">
         <system-out><![CDATA[2023-02-13 16:00:07 - [TEST_CASE][SKIPPED] - Test Cases/Shopify/CreateStore: 

2023-02-13 16:00:07 - [TEST_STEP][PASSED] - Start listener action : skipStatus: null

2023-02-13 16:00:07 - [TEST_STEP][PASSED] - map = testCaseContext.getTestCaseVariables(): null

2023-02-13 16:00:07 - [TEST_STEP][PASSED] - testcae_status = map.get("testcase_status"): null

2023-02-13 16:00:07 - [TEST_STEP][PASSED] - println(testcae_status): null

2023-02-13 16:00:07 - [TEST_STEP][PASSED] - if (testcae_status == "Passed" || testcae_status == "Failed"): null

2023-02-13 16:00:07 - [TEST_STEP][PASSED] - testCaseContext.skipThisTestCase(): null]]></system-out>
         <system-err><![CDATA[]]></system-err>
      </testcase>
      <testcase name="Test Cases/Shopify/CreateStore" time="0.015" classname="Test Cases/Shopify/CreateStore" status="SKIPPED">
         <system-out><![CDATA[2023-02-13 16:00:07 - [TEST_CASE][SKIPPED] - Test Cases/Shopify/CreateStore: 

2023-02-13 16:00:07 - [TEST_STEP][PASSED] - Start listener action : skipStatus: null

2023-02-13 16:00:07 - [TEST_STEP][PASSED] - map = testCaseContext.getTestCaseVariables(): null

2023-02-13 16:00:07 - [TEST_STEP][PASSED] - testcae_status = map.get("testcase_status"): null

2023-02-13 16:00:07 - [TEST_STEP][PASSED] - println(testcae_status): null

2023-02-13 16:00:07 - [TEST_STEP][PASSED] - if (testcae_status == "Passed" || testcae_status == "Failed"): null

2023-02-13 16:00:07 - [TEST_STEP][PASSED] - testCaseContext.skipThisTestCase(): null]]></system-out>
         <system-err><![CDATA[]]></system-err>
      </testcase>
      <testcase name="Test Cases/Shopify/CreateStore" time="0.0" classname="Test Cases/Shopify/CreateStore" status="SKIPPED">
         <system-out><![CDATA[2023-02-13 16:00:07 - [TEST_CASE][SKIPPED] - Test Cases/Shopify/CreateStore: 

2023-02-13 16:00:07 - [TEST_STEP][PASSED] - Start listener action : skipStatus: null

2023-02-13 16:00:07 - [TEST_STEP][PASSED] - map = testCaseContext.getTestCaseVariables(): null

2023-02-13 16:00:07 - [TEST_STEP][PASSED] - testcae_status = map.get("testcase_status"): null

2023-02-13 16:00:07 - [TEST_STEP][PASSED] - println(testcae_status): null

2023-02-13 16:00:07 - [TEST_STEP][PASSED] - if (testcae_status == "Passed" || testcae_status == "Failed"): null

2023-02-13 16:00:07 - [TEST_STEP][PASSED] - testCaseContext.skipThisTestCase(): null]]></system-out>
         <system-err><![CDATA[]]></system-err>
      </testcase>
      <testcase name="Test Cases/Shopify/CreateStore" time="0.016" classname="Test Cases/Shopify/CreateStore" status="SKIPPED">
         <system-out><![CDATA[2023-02-13 16:00:07 - [TEST_CASE][SKIPPED] - Test Cases/Shopify/CreateStore: 

2023-02-13 16:00:07 - [TEST_STEP][PASSED] - Start listener action : skipStatus: null

2023-02-13 16:00:07 - [TEST_STEP][PASSED] - map = testCaseContext.getTestCaseVariables(): null

2023-02-13 16:00:07 - [TEST_STEP][PASSED] - testcae_status = map.get("testcase_status"): null

2023-02-13 16:00:07 - [TEST_STEP][PASSED] - println(testcae_status): null

2023-02-13 16:00:07 - [TEST_STEP][PASSED] - if (testcae_status == "Passed" || testcae_status == "Failed"): null

2023-02-13 16:00:07 - [TEST_STEP][PASSED] - testCaseContext.skipThisTestCase(): null]]></system-out>
         <system-err><![CDATA[]]></system-err>
      </testcase>
      <testcase name="Test Cases/Shopify/CreateStore" time="0.0" classname="Test Cases/Shopify/CreateStore" status="SKIPPED">
         <system-out><![CDATA[2023-02-13 16:00:07 - [TEST_CASE][SKIPPED] - Test Cases/Shopify/CreateStore: 

2023-02-13 16:00:07 - [TEST_STEP][PASSED] - Start listener action : skipStatus: null

2023-02-13 16:00:07 - [TEST_STEP][PASSED] - map = testCaseContext.getTestCaseVariables(): null

2023-02-13 16:00:07 - [TEST_STEP][PASSED] - testcae_status = map.get("testcase_status"): null

2023-02-13 16:00:07 - [TEST_STEP][PASSED] - println(testcae_status): null

2023-02-13 16:00:07 - [TEST_STEP][PASSED] - if (testcae_status == "Passed" || testcae_status == "Failed"): null

2023-02-13 16:00:07 - [TEST_STEP][PASSED] - testCaseContext.skipThisTestCase(): null]]></system-out>
         <system-err><![CDATA[]]></system-err>
      </testcase>
      <testcase name="Test Cases/Shopify/CreateStore" time="0.015" classname="Test Cases/Shopify/CreateStore" status="SKIPPED">
         <system-out><![CDATA[2023-02-13 16:00:07 - [TEST_CASE][SKIPPED] - Test Cases/Shopify/CreateStore: 

2023-02-13 16:00:07 - [TEST_STEP][PASSED] - Start listener action : skipStatus: null

2023-02-13 16:00:07 - [TEST_STEP][PASSED] - map = testCaseContext.getTestCaseVariables(): null

2023-02-13 16:00:07 - [TEST_STEP][PASSED] - testcae_status = map.get("testcase_status"): null

2023-02-13 16:00:07 - [TEST_STEP][PASSED] - println(testcae_status): null

2023-02-13 16:00:07 - [TEST_STEP][PASSED] - if (testcae_status == "Passed" || testcae_status == "Failed"): null

2023-02-13 16:00:07 - [TEST_STEP][PASSED] - testCaseContext.skipThisTestCase(): null]]></system-out>
         <system-err><![CDATA[]]></system-err>
      </testcase>
      <testcase name="Test Cases/Shopify/CreateStore" time="0.0" classname="Test Cases/Shopify/CreateStore" status="SKIPPED">
         <system-out><![CDATA[2023-02-13 16:00:07 - [TEST_CASE][SKIPPED] - Test Cases/Shopify/CreateStore: 

2023-02-13 16:00:07 - [TEST_STEP][PASSED] - Start listener action : skipStatus: null

2023-02-13 16:00:07 - [TEST_STEP][PASSED] - map = testCaseContext.getTestCaseVariables(): null

2023-02-13 16:00:07 - [TEST_STEP][PASSED] - testcae_status = map.get("testcase_status"): null

2023-02-13 16:00:07 - [TEST_STEP][PASSED] - println(testcae_status): null

2023-02-13 16:00:07 - [TEST_STEP][PASSED] - if (testcae_status == "Passed" || testcae_status == "Failed"): null

2023-02-13 16:00:07 - [TEST_STEP][PASSED] - testCaseContext.skipThisTestCase(): null]]></system-out>
         <system-err><![CDATA[]]></system-err>
      </testcase>
      <testcase name="Test Cases/Shopify/CreateStore" time="0.0" classname="Test Cases/Shopify/CreateStore" status="SKIPPED">
         <system-out><![CDATA[2023-02-13 16:00:07 - [TEST_CASE][SKIPPED] - Test Cases/Shopify/CreateStore: 

2023-02-13 16:00:07 - [TEST_STEP][PASSED] - Start listener action : skipStatus: null

2023-02-13 16:00:07 - [TEST_STEP][PASSED] - map = testCaseContext.getTestCaseVariables(): null

2023-02-13 16:00:07 - [TEST_STEP][PASSED] - testcae_status = map.get("testcase_status"): null

2023-02-13 16:00:07 - [TEST_STEP][PASSED] - println(testcae_status): null

2023-02-13 16:00:07 - [TEST_STEP][PASSED] - if (testcae_status == "Passed" || testcae_status == "Failed"): null

2023-02-13 16:00:07 - [TEST_STEP][PASSED] - testCaseContext.skipThisTestCase(): null]]></system-out>
         <system-err><![CDATA[]]></system-err>
      </testcase>
      <testcase name="Test Cases/Shopify/CreateStore" time="0.015" classname="Test Cases/Shopify/CreateStore" status="SKIPPED">
         <system-out><![CDATA[2023-02-13 16:00:07 - [TEST_CASE][SKIPPED] - Test Cases/Shopify/CreateStore: 

2023-02-13 16:00:07 - [TEST_STEP][PASSED] - Start listener action : skipStatus: null

2023-02-13 16:00:07 - [TEST_STEP][PASSED] - map = testCaseContext.getTestCaseVariables(): null

2023-02-13 16:00:07 - [TEST_STEP][PASSED] - testcae_status = map.get("testcase_status"): null

2023-02-13 16:00:07 - [TEST_STEP][PASSED] - println(testcae_status): null

2023-02-13 16:00:07 - [TEST_STEP][PASSED] - if (testcae_status == "Passed" || testcae_status == "Failed"): null

2023-02-13 16:00:07 - [TEST_STEP][PASSED] - testCaseContext.skipThisTestCase(): null]]></system-out>
         <system-err><![CDATA[]]></system-err>
      </testcase>
      <testcase name="Test Cases/Shopify/CreateStore" time="0.0" classname="Test Cases/Shopify/CreateStore" status="SKIPPED">
         <system-out><![CDATA[2023-02-13 16:00:07 - [TEST_CASE][SKIPPED] - Test Cases/Shopify/CreateStore: 

2023-02-13 16:00:07 - [TEST_STEP][PASSED] - Start listener action : skipStatus: null

2023-02-13 16:00:07 - [TEST_STEP][PASSED] - map = testCaseContext.getTestCaseVariables(): null

2023-02-13 16:00:07 - [TEST_STEP][PASSED] - testcae_status = map.get("testcase_status"): null

2023-02-13 16:00:07 - [TEST_STEP][PASSED] - println(testcae_status): null

2023-02-13 16:00:07 - [TEST_STEP][PASSED] - if (testcae_status == "Passed" || testcae_status == "Failed"): null

2023-02-13 16:00:07 - [TEST_STEP][PASSED] - testCaseContext.skipThisTestCase(): null]]></system-out>
         <system-err><![CDATA[]]></system-err>
      </testcase>
      <testcase name="Test Cases/Shopify/CreateStore" time="0.016" classname="Test Cases/Shopify/CreateStore" status="SKIPPED">
         <system-out><![CDATA[2023-02-13 16:00:07 - [TEST_CASE][SKIPPED] - Test Cases/Shopify/CreateStore: 

2023-02-13 16:00:07 - [TEST_STEP][PASSED] - Start listener action : skipStatus: null

2023-02-13 16:00:07 - [TEST_STEP][PASSED] - map = testCaseContext.getTestCaseVariables(): null

2023-02-13 16:00:07 - [TEST_STEP][PASSED] - testcae_status = map.get("testcase_status"): null

2023-02-13 16:00:07 - [TEST_STEP][PASSED] - println(testcae_status): null

2023-02-13 16:00:07 - [TEST_STEP][PASSED] - if (testcae_status == "Passed" || testcae_status == "Failed"): null

2023-02-13 16:00:07 - [TEST_STEP][PASSED] - testCaseContext.skipThisTestCase(): null]]></system-out>
         <system-err><![CDATA[]]></system-err>
      </testcase>
      <testcase name="Test Cases/Shopify/CreateStore" time="0.0" classname="Test Cases/Shopify/CreateStore" status="SKIPPED">
         <system-out><![CDATA[2023-02-13 16:00:07 - [TEST_CASE][SKIPPED] - Test Cases/Shopify/CreateStore: 

2023-02-13 16:00:07 - [TEST_STEP][PASSED] - Start listener action : skipStatus: null

2023-02-13 16:00:07 - [TEST_STEP][PASSED] - map = testCaseContext.getTestCaseVariables(): null

2023-02-13 16:00:07 - [TEST_STEP][PASSED] - testcae_status = map.get("testcase_status"): null

2023-02-13 16:00:07 - [TEST_STEP][PASSED] - println(testcae_status): null

2023-02-13 16:00:07 - [TEST_STEP][PASSED] - if (testcae_status == "Passed" || testcae_status == "Failed"): null

2023-02-13 16:00:07 - [TEST_STEP][PASSED] - testCaseContext.skipThisTestCase(): null]]></system-out>
         <system-err><![CDATA[]]></system-err>
      </testcase>
      <testcase name="Test Cases/Shopify/CreateStore" time="0.0" classname="Test Cases/Shopify/CreateStore" status="SKIPPED">
         <system-out><![CDATA[2023-02-13 16:00:08 - [TEST_CASE][SKIPPED] - Test Cases/Shopify/CreateStore: 

2023-02-13 16:00:08 - [TEST_STEP][PASSED] - Start listener action : skipStatus: null

2023-02-13 16:00:08 - [TEST_STEP][PASSED] - map = testCaseContext.getTestCaseVariables(): null

2023-02-13 16:00:08 - [TEST_STEP][PASSED] - testcae_status = map.get("testcase_status"): null

2023-02-13 16:00:08 - [TEST_STEP][PASSED] - println(testcae_status): null

2023-02-13 16:00:08 - [TEST_STEP][PASSED] - if (testcae_status == "Passed" || testcae_status == "Failed"): null

2023-02-13 16:00:08 - [TEST_STEP][PASSED] - testCaseContext.skipThisTestCase(): null]]></system-out>
         <system-err><![CDATA[]]></system-err>
      </testcase>
      <testcase name="Test Cases/Shopify/CreateStore" time="0.016" classname="Test Cases/Shopify/CreateStore" status="SKIPPED">
         <system-out><![CDATA[2023-02-13 16:00:08 - [TEST_CASE][SKIPPED] - Test Cases/Shopify/CreateStore: 

2023-02-13 16:00:08 - [TEST_STEP][PASSED] - Start listener action : skipStatus: null

2023-02-13 16:00:08 - [TEST_STEP][PASSED] - map = testCaseContext.getTestCaseVariables(): null

2023-02-13 16:00:08 - [TEST_STEP][PASSED] - testcae_status = map.get("testcase_status"): null

2023-02-13 16:00:08 - [TEST_STEP][PASSED] - println(testcae_status): null

2023-02-13 16:00:08 - [TEST_STEP][PASSED] - if (testcae_status == "Passed" || testcae_status == "Failed"): null

2023-02-13 16:00:08 - [TEST_STEP][PASSED] - testCaseContext.skipThisTestCase(): null]]></system-out>
         <system-err><![CDATA[]]></system-err>
      </testcase>
      <testcase name="Test Cases/Shopify/CreateStore" time="0.0" classname="Test Cases/Shopify/CreateStore" status="SKIPPED">
         <system-out><![CDATA[2023-02-13 16:00:08 - [TEST_CASE][SKIPPED] - Test Cases/Shopify/CreateStore: 

2023-02-13 16:00:08 - [TEST_STEP][PASSED] - Start listener action : skipStatus: null

2023-02-13 16:00:08 - [TEST_STEP][PASSED] - map = testCaseContext.getTestCaseVariables(): null

2023-02-13 16:00:08 - [TEST_STEP][PASSED] - testcae_status = map.get("testcase_status"): null

2023-02-13 16:00:08 - [TEST_STEP][PASSED] - println(testcae_status): null

2023-02-13 16:00:08 - [TEST_STEP][PASSED] - if (testcae_status == "Passed" || testcae_status == "Failed"): null

2023-02-13 16:00:08 - [TEST_STEP][PASSED] - testCaseContext.skipThisTestCase(): null]]></system-out>
         <system-err><![CDATA[]]></system-err>
      </testcase>
      <testcase name="Test Cases/Shopify/CreateStore" time="0.015" classname="Test Cases/Shopify/CreateStore" status="SKIPPED">
         <system-out><![CDATA[2023-02-13 16:00:08 - [TEST_CASE][SKIPPED] - Test Cases/Shopify/CreateStore: 

2023-02-13 16:00:08 - [TEST_STEP][PASSED] - Start listener action : skipStatus: null

2023-02-13 16:00:08 - [TEST_STEP][PASSED] - map = testCaseContext.getTestCaseVariables(): null

2023-02-13 16:00:08 - [TEST_STEP][PASSED] - testcae_status = map.get("testcase_status"): null

2023-02-13 16:00:08 - [TEST_STEP][PASSED] - println(testcae_status): null

2023-02-13 16:00:08 - [TEST_STEP][PASSED] - if (testcae_status == "Passed" || testcae_status == "Failed"): null

2023-02-13 16:00:08 - [TEST_STEP][PASSED] - testCaseContext.skipThisTestCase(): null]]></system-out>
         <system-err><![CDATA[]]></system-err>
      </testcase>
      <testcase name="Test Cases/Shopify/CreateStore" time="0.01" classname="Test Cases/Shopify/CreateStore" status="SKIPPED">
         <system-out><![CDATA[2023-02-13 16:00:08 - [TEST_CASE][SKIPPED] - Test Cases/Shopify/CreateStore: 

2023-02-13 16:00:08 - [TEST_STEP][PASSED] - Start listener action : skipStatus: null

2023-02-13 16:00:08 - [TEST_STEP][PASSED] - map = testCaseContext.getTestCaseVariables(): null

2023-02-13 16:00:08 - [TEST_STEP][PASSED] - testcae_status = map.get("testcase_status"): null

2023-02-13 16:00:08 - [TEST_STEP][PASSED] - println(testcae_status): null

2023-02-13 16:00:08 - [TEST_STEP][PASSED] - if (testcae_status == "Passed" || testcae_status == "Failed"): null

2023-02-13 16:00:08 - [TEST_STEP][PASSED] - testCaseContext.skipThisTestCase(): null]]></system-out>
         <system-err><![CDATA[]]></system-err>
      </testcase>
      <testcase name="Test Cases/Shopify/CreateStore" time="0.016" classname="Test Cases/Shopify/CreateStore" status="SKIPPED">
         <system-out><![CDATA[2023-02-13 16:00:08 - [TEST_CASE][SKIPPED] - Test Cases/Shopify/CreateStore: 

2023-02-13 16:00:08 - [TEST_STEP][PASSED] - Start listener action : skipStatus: null

2023-02-13 16:00:08 - [TEST_STEP][PASSED] - map = testCaseContext.getTestCaseVariables(): null

2023-02-13 16:00:08 - [TEST_STEP][PASSED] - testcae_status = map.get("testcase_status"): null

2023-02-13 16:00:08 - [TEST_STEP][PASSED] - println(testcae_status): null

2023-02-13 16:00:08 - [TEST_STEP][PASSED] - if (testcae_status == "Passed" || testcae_status == "Failed"): null

2023-02-13 16:00:08 - [TEST_STEP][PASSED] - testCaseContext.skipThisTestCase(): null]]></system-out>
         <system-err><![CDATA[]]></system-err>
      </testcase>
      <testcase name="Test Cases/Shopify/CreateStore" time="0.0" classname="Test Cases/Shopify/CreateStore" status="SKIPPED">
         <system-out><![CDATA[2023-02-13 16:00:08 - [TEST_CASE][SKIPPED] - Test Cases/Shopify/CreateStore: 

2023-02-13 16:00:08 - [TEST_STEP][PASSED] - Start listener action : skipStatus: null

2023-02-13 16:00:08 - [TEST_STEP][PASSED] - map = testCaseContext.getTestCaseVariables(): null

2023-02-13 16:00:08 - [TEST_STEP][PASSED] - testcae_status = map.get("testcase_status"): null

2023-02-13 16:00:08 - [TEST_STEP][PASSED] - println(testcae_status): null

2023-02-13 16:00:08 - [TEST_STEP][PASSED] - if (testcae_status == "Passed" || testcae_status == "Failed"): null

2023-02-13 16:00:08 - [TEST_STEP][PASSED] - testCaseContext.skipThisTestCase(): null]]></system-out>
         <system-err><![CDATA[]]></system-err>
      </testcase>
      <testcase name="Test Cases/Shopify/CreateStore" time="0.015" classname="Test Cases/Shopify/CreateStore" status="SKIPPED">
         <system-out><![CDATA[2023-02-13 16:00:08 - [TEST_CASE][SKIPPED] - Test Cases/Shopify/CreateStore: 

2023-02-13 16:00:08 - [TEST_STEP][PASSED] - Start listener action : skipStatus: null

2023-02-13 16:00:08 - [TEST_STEP][PASSED] - map = testCaseContext.getTestCaseVariables(): null

2023-02-13 16:00:08 - [TEST_STEP][PASSED] - testcae_status = map.get("testcase_status"): null

2023-02-13 16:00:08 - [TEST_STEP][PASSED] - println(testcae_status): null

2023-02-13 16:00:08 - [TEST_STEP][PASSED] - if (testcae_status == "Passed" || testcae_status == "Failed"): null

2023-02-13 16:00:08 - [TEST_STEP][PASSED] - testCaseContext.skipThisTestCase(): null]]></system-out>
         <system-err><![CDATA[]]></system-err>
      </testcase>
      <testcase name="Test Cases/Shopify/CreateStore" time="0.015" classname="Test Cases/Shopify/CreateStore" status="SKIPPED">
         <system-out><![CDATA[2023-02-13 16:00:08 - [TEST_CASE][SKIPPED] - Test Cases/Shopify/CreateStore: 

2023-02-13 16:00:08 - [TEST_STEP][PASSED] - Start listener action : skipStatus: null

2023-02-13 16:00:08 - [TEST_STEP][PASSED] - map = testCaseContext.getTestCaseVariables(): null

2023-02-13 16:00:08 - [TEST_STEP][PASSED] - testcae_status = map.get("testcase_status"): null

2023-02-13 16:00:08 - [TEST_STEP][PASSED] - println(testcae_status): null

2023-02-13 16:00:08 - [TEST_STEP][PASSED] - if (testcae_status == "Passed" || testcae_status == "Failed"): null

2023-02-13 16:00:08 - [TEST_STEP][PASSED] - testCaseContext.skipThisTestCase(): null]]></system-out>
         <system-err><![CDATA[]]></system-err>
      </testcase>
      <testcase name="Test Cases/Shopify/CreateStore" time="0.0" classname="Test Cases/Shopify/CreateStore" status="SKIPPED">
         <system-out><![CDATA[2023-02-13 16:00:08 - [TEST_CASE][SKIPPED] - Test Cases/Shopify/CreateStore: 

2023-02-13 16:00:08 - [TEST_STEP][PASSED] - Start listener action : skipStatus: null

2023-02-13 16:00:08 - [TEST_STEP][PASSED] - map = testCaseContext.getTestCaseVariables(): null

2023-02-13 16:00:08 - [TEST_STEP][PASSED] - testcae_status = map.get("testcase_status"): null

2023-02-13 16:00:08 - [TEST_STEP][PASSED] - println(testcae_status): null

2023-02-13 16:00:08 - [TEST_STEP][PASSED] - if (testcae_status == "Passed" || testcae_status == "Failed"): null

2023-02-13 16:00:08 - [TEST_STEP][PASSED] - testCaseContext.skipThisTestCase(): null]]></system-out>
         <system-err><![CDATA[]]></system-err>
      </testcase>
      <testcase name="Test Cases/Shopify/CreateStore" time="0.016" classname="Test Cases/Shopify/CreateStore" status="SKIPPED">
         <system-out><![CDATA[2023-02-13 16:00:08 - [TEST_CASE][SKIPPED] - Test Cases/Shopify/CreateStore: 

2023-02-13 16:00:08 - [TEST_STEP][PASSED] - Start listener action : skipStatus: null

2023-02-13 16:00:08 - [TEST_STEP][PASSED] - map = testCaseContext.getTestCaseVariables(): null

2023-02-13 16:00:08 - [TEST_STEP][PASSED] - testcae_status = map.get("testcase_status"): null

2023-02-13 16:00:08 - [TEST_STEP][PASSED] - println(testcae_status): null

2023-02-13 16:00:08 - [TEST_STEP][PASSED] - if (testcae_status == "Passed" || testcae_status == "Failed"): null

2023-02-13 16:00:08 - [TEST_STEP][PASSED] - testCaseContext.skipThisTestCase(): null]]></system-out>
         <system-err><![CDATA[]]></system-err>
      </testcase>
      <testcase name="Test Cases/Shopify/CreateStore" time="0.015" classname="Test Cases/Shopify/CreateStore" status="SKIPPED">
         <system-out><![CDATA[2023-02-13 16:00:08 - [TEST_CASE][SKIPPED] - Test Cases/Shopify/CreateStore: 

2023-02-13 16:00:08 - [TEST_STEP][PASSED] - Start listener action : skipStatus: null

2023-02-13 16:00:08 - [TEST_STEP][PASSED] - map = testCaseContext.getTestCaseVariables(): null

2023-02-13 16:00:08 - [TEST_STEP][PASSED] - testcae_status = map.get("testcase_status"): null

2023-02-13 16:00:08 - [TEST_STEP][PASSED] - println(testcae_status): null

2023-02-13 16:00:08 - [TEST_STEP][PASSED] - if (testcae_status == "Passed" || testcae_status == "Failed"): null

2023-02-13 16:00:08 - [TEST_STEP][PASSED] - testCaseContext.skipThisTestCase(): null]]></system-out>
         <system-err><![CDATA[]]></system-err>
      </testcase>
      <testcase name="Test Cases/Shopify/CreateStore" time="0.0" classname="Test Cases/Shopify/CreateStore" status="SKIPPED">
         <system-out><![CDATA[2023-02-13 16:00:08 - [TEST_CASE][SKIPPED] - Test Cases/Shopify/CreateStore: 

2023-02-13 16:00:08 - [TEST_STEP][PASSED] - Start listener action : skipStatus: null

2023-02-13 16:00:08 - [TEST_STEP][PASSED] - map = testCaseContext.getTestCaseVariables(): null

2023-02-13 16:00:08 - [TEST_STEP][PASSED] - testcae_status = map.get("testcase_status"): null

2023-02-13 16:00:08 - [TEST_STEP][PASSED] - println(testcae_status): null

2023-02-13 16:00:08 - [TEST_STEP][PASSED] - if (testcae_status == "Passed" || testcae_status == "Failed"): null

2023-02-13 16:00:08 - [TEST_STEP][PASSED] - testCaseContext.skipThisTestCase(): null]]></system-out>
         <system-err><![CDATA[]]></system-err>
      </testcase>
      <testcase name="Test Cases/Shopify/CreateStore" time="0.017" classname="Test Cases/Shopify/CreateStore" status="SKIPPED">
         <system-out><![CDATA[2023-02-13 16:00:08 - [TEST_CASE][SKIPPED] - Test Cases/Shopify/CreateStore: 

2023-02-13 16:00:08 - [TEST_STEP][PASSED] - Start listener action : skipStatus: null

2023-02-13 16:00:08 - [TEST_STEP][PASSED] - map = testCaseContext.getTestCaseVariables(): null

2023-02-13 16:00:08 - [TEST_STEP][PASSED] - testcae_status = map.get("testcase_status"): null

2023-02-13 16:00:08 - [TEST_STEP][PASSED] - println(testcae_status): null

2023-02-13 16:00:08 - [TEST_STEP][PASSED] - if (testcae_status == "Passed" || testcae_status == "Failed"): null

2023-02-13 16:00:08 - [TEST_STEP][PASSED] - testCaseContext.skipThisTestCase(): null]]></system-out>
         <system-err><![CDATA[]]></system-err>
      </testcase>
      <testcase name="Test Cases/Shopify/CreateStore" time="0.016" classname="Test Cases/Shopify/CreateStore" status="SKIPPED">
         <system-out><![CDATA[2023-02-13 16:00:08 - [TEST_CASE][SKIPPED] - Test Cases/Shopify/CreateStore: 

2023-02-13 16:00:08 - [TEST_STEP][PASSED] - Start listener action : skipStatus: null

2023-02-13 16:00:08 - [TEST_STEP][PASSED] - map = testCaseContext.getTestCaseVariables(): null

2023-02-13 16:00:08 - [TEST_STEP][PASSED] - testcae_status = map.get("testcase_status"): null

2023-02-13 16:00:08 - [TEST_STEP][PASSED] - println(testcae_status): null

2023-02-13 16:00:08 - [TEST_STEP][PASSED] - if (testcae_status == "Passed" || testcae_status == "Failed"): null

2023-02-13 16:00:08 - [TEST_STEP][PASSED] - testCaseContext.skipThisTestCase(): null]]></system-out>
         <system-err><![CDATA[]]></system-err>
      </testcase>
      <testcase name="Test Cases/Shopify/CreateStore" time="0.0" classname="Test Cases/Shopify/CreateStore" status="SKIPPED">
         <system-out><![CDATA[2023-02-13 16:00:08 - [TEST_CASE][SKIPPED] - Test Cases/Shopify/CreateStore: 

2023-02-13 16:00:08 - [TEST_STEP][PASSED] - Start listener action : skipStatus: null

2023-02-13 16:00:08 - [TEST_STEP][PASSED] - map = testCaseContext.getTestCaseVariables(): null

2023-02-13 16:00:08 - [TEST_STEP][PASSED] - testcae_status = map.get("testcase_status"): null

2023-02-13 16:00:08 - [TEST_STEP][PASSED] - println(testcae_status): null

2023-02-13 16:00:08 - [TEST_STEP][PASSED] - if (testcae_status == "Passed" || testcae_status == "Failed"): null

2023-02-13 16:00:08 - [TEST_STEP][PASSED] - testCaseContext.skipThisTestCase(): null]]></system-out>
         <system-err><![CDATA[]]></system-err>
      </testcase>
      <testcase name="Test Cases/Shopify/CreateStore" time="0.015" classname="Test Cases/Shopify/CreateStore" status="SKIPPED">
         <system-out><![CDATA[2023-02-13 16:00:08 - [TEST_CASE][SKIPPED] - Test Cases/Shopify/CreateStore: 

2023-02-13 16:00:08 - [TEST_STEP][PASSED] - Start listener action : skipStatus: null

2023-02-13 16:00:08 - [TEST_STEP][PASSED] - map = testCaseContext.getTestCaseVariables(): null

2023-02-13 16:00:08 - [TEST_STEP][PASSED] - testcae_status = map.get("testcase_status"): null

2023-02-13 16:00:08 - [TEST_STEP][PASSED] - println(testcae_status): null

2023-02-13 16:00:08 - [TEST_STEP][PASSED] - if (testcae_status == "Passed" || testcae_status == "Failed"): null

2023-02-13 16:00:08 - [TEST_STEP][PASSED] - testCaseContext.skipThisTestCase(): null]]></system-out>
         <system-err><![CDATA[]]></system-err>
      </testcase>
      <testcase name="Test Cases/Shopify/CreateStore" time="0.0" classname="Test Cases/Shopify/CreateStore" status="SKIPPED">
         <system-out><![CDATA[2023-02-13 16:00:08 - [TEST_CASE][SKIPPED] - Test Cases/Shopify/CreateStore: 

2023-02-13 16:00:08 - [TEST_STEP][PASSED] - Start listener action : skipStatus: null

2023-02-13 16:00:08 - [TEST_STEP][PASSED] - map = testCaseContext.getTestCaseVariables(): null

2023-02-13 16:00:08 - [TEST_STEP][PASSED] - testcae_status = map.get("testcase_status"): null

2023-02-13 16:00:08 - [TEST_STEP][PASSED] - println(testcae_status): null

2023-02-13 16:00:08 - [TEST_STEP][PASSED] - if (testcae_status == "Passed" || testcae_status == "Failed"): null

2023-02-13 16:00:08 - [TEST_STEP][PASSED] - testCaseContext.skipThisTestCase(): null]]></system-out>
         <system-err><![CDATA[]]></system-err>
      </testcase>
      <testcase name="Test Cases/Shopify/CreateStore" time="0.0" classname="Test Cases/Shopify/CreateStore" status="SKIPPED">
         <system-out><![CDATA[2023-02-13 16:00:08 - [TEST_CASE][SKIPPED] - Test Cases/Shopify/CreateStore: 

2023-02-13 16:00:08 - [TEST_STEP][PASSED] - Start listener action : skipStatus: null

2023-02-13 16:00:08 - [TEST_STEP][PASSED] - map = testCaseContext.getTestCaseVariables(): null

2023-02-13 16:00:08 - [TEST_STEP][PASSED] - testcae_status = map.get("testcase_status"): null

2023-02-13 16:00:08 - [TEST_STEP][PASSED] - println(testcae_status): null

2023-02-13 16:00:08 - [TEST_STEP][PASSED] - if (testcae_status == "Passed" || testcae_status == "Failed"): null

2023-02-13 16:00:08 - [TEST_STEP][PASSED] - testCaseContext.skipThisTestCase(): null]]></system-out>
         <system-err><![CDATA[]]></system-err>
      </testcase>
      <testcase name="Test Cases/Shopify/CreateStore" time="0.0" classname="Test Cases/Shopify/CreateStore" status="SKIPPED">
         <system-out><![CDATA[2023-02-13 16:00:08 - [TEST_CASE][SKIPPED] - Test Cases/Shopify/CreateStore: 

2023-02-13 16:00:08 - [TEST_STEP][PASSED] - Start listener action : skipStatus: null

2023-02-13 16:00:08 - [TEST_STEP][PASSED] - map = testCaseContext.getTestCaseVariables(): null

2023-02-13 16:00:08 - [TEST_STEP][PASSED] - testcae_status = map.get("testcase_status"): null

2023-02-13 16:00:08 - [TEST_STEP][PASSED] - println(testcae_status): null

2023-02-13 16:00:08 - [TEST_STEP][PASSED] - if (testcae_status == "Passed" || testcae_status == "Failed"): null

2023-02-13 16:00:08 - [TEST_STEP][PASSED] - testCaseContext.skipThisTestCase(): null]]></system-out>
         <system-err><![CDATA[]]></system-err>
      </testcase>
      <testcase name="Test Cases/Shopify/CreateStore" time="0.0" classname="Test Cases/Shopify/CreateStore" status="SKIPPED">
         <system-out><![CDATA[2023-02-13 16:00:09 - [TEST_CASE][SKIPPED] - Test Cases/Shopify/CreateStore: 

2023-02-13 16:00:09 - [TEST_STEP][PASSED] - Start listener action : skipStatus: null

2023-02-13 16:00:09 - [TEST_STEP][PASSED] - map = testCaseContext.getTestCaseVariables(): null

2023-02-13 16:00:09 - [TEST_STEP][PASSED] - testcae_status = map.get("testcase_status"): null

2023-02-13 16:00:09 - [TEST_STEP][PASSED] - println(testcae_status): null

2023-02-13 16:00:09 - [TEST_STEP][PASSED] - if (testcae_status == "Passed" || testcae_status == "Failed"): null

2023-02-13 16:00:09 - [TEST_STEP][PASSED] - testCaseContext.skipThisTestCase(): null]]></system-out>
         <system-err><![CDATA[]]></system-err>
      </testcase>
      <testcase name="Test Cases/Shopify/CreateStore" time="0.0" classname="Test Cases/Shopify/CreateStore" status="SKIPPED">
         <system-out><![CDATA[2023-02-13 16:00:09 - [TEST_CASE][SKIPPED] - Test Cases/Shopify/CreateStore: 

2023-02-13 16:00:09 - [TEST_STEP][PASSED] - Start listener action : skipStatus: null

2023-02-13 16:00:09 - [TEST_STEP][PASSED] - map = testCaseContext.getTestCaseVariables(): null

2023-02-13 16:00:09 - [TEST_STEP][PASSED] - testcae_status = map.get("testcase_status"): null

2023-02-13 16:00:09 - [TEST_STEP][PASSED] - println(testcae_status): null

2023-02-13 16:00:09 - [TEST_STEP][PASSED] - if (testcae_status == "Passed" || testcae_status == "Failed"): null

2023-02-13 16:00:09 - [TEST_STEP][PASSED] - testCaseContext.skipThisTestCase(): null]]></system-out>
         <system-err><![CDATA[]]></system-err>
      </testcase>
      <testcase name="Test Cases/Shopify/CreateStore" time="0.016" classname="Test Cases/Shopify/CreateStore" status="SKIPPED">
         <system-out><![CDATA[2023-02-13 16:00:09 - [TEST_CASE][SKIPPED] - Test Cases/Shopify/CreateStore: 

2023-02-13 16:00:09 - [TEST_STEP][PASSED] - Start listener action : skipStatus: null

2023-02-13 16:00:09 - [TEST_STEP][PASSED] - map = testCaseContext.getTestCaseVariables(): null

2023-02-13 16:00:09 - [TEST_STEP][PASSED] - testcae_status = map.get("testcase_status"): null

2023-02-13 16:00:09 - [TEST_STEP][PASSED] - println(testcae_status): null

2023-02-13 16:00:09 - [TEST_STEP][PASSED] - if (testcae_status == "Passed" || testcae_status == "Failed"): null

2023-02-13 16:00:09 - [TEST_STEP][PASSED] - testCaseContext.skipThisTestCase(): null]]></system-out>
         <system-err><![CDATA[]]></system-err>
      </testcase>
      <testcase name="Test Cases/Shopify/CreateStore" time="0.0" classname="Test Cases/Shopify/CreateStore" status="SKIPPED">
         <system-out><![CDATA[2023-02-13 16:00:09 - [TEST_CASE][SKIPPED] - Test Cases/Shopify/CreateStore: 

2023-02-13 16:00:09 - [TEST_STEP][PASSED] - Start listener action : skipStatus: null

2023-02-13 16:00:09 - [TEST_STEP][PASSED] - map = testCaseContext.getTestCaseVariables(): null

2023-02-13 16:00:09 - [TEST_STEP][PASSED] - testcae_status = map.get("testcase_status"): null

2023-02-13 16:00:09 - [TEST_STEP][PASSED] - println(testcae_status): null

2023-02-13 16:00:09 - [TEST_STEP][PASSED] - if (testcae_status == "Passed" || testcae_status == "Failed"): null

2023-02-13 16:00:09 - [TEST_STEP][PASSED] - testCaseContext.skipThisTestCase(): null]]></system-out>
         <system-err><![CDATA[]]></system-err>
      </testcase>
      <testcase name="Test Cases/Shopify/CreateStore" time="0.015" classname="Test Cases/Shopify/CreateStore" status="SKIPPED">
         <system-out><![CDATA[2023-02-13 16:00:09 - [TEST_CASE][SKIPPED] - Test Cases/Shopify/CreateStore: 

2023-02-13 16:00:09 - [TEST_STEP][PASSED] - Start listener action : skipStatus: null

2023-02-13 16:00:09 - [TEST_STEP][PASSED] - map = testCaseContext.getTestCaseVariables(): null

2023-02-13 16:00:09 - [TEST_STEP][PASSED] - testcae_status = map.get("testcase_status"): null

2023-02-13 16:00:09 - [TEST_STEP][PASSED] - println(testcae_status): null

2023-02-13 16:00:09 - [TEST_STEP][PASSED] - if (testcae_status == "Passed" || testcae_status == "Failed"): null

2023-02-13 16:00:09 - [TEST_STEP][PASSED] - testCaseContext.skipThisTestCase(): null]]></system-out>
         <system-err><![CDATA[]]></system-err>
      </testcase>
      <testcase name="Test Cases/Shopify/CreateStore" time="0.016" classname="Test Cases/Shopify/CreateStore" status="SKIPPED">
         <system-out><![CDATA[2023-02-13 16:00:09 - [TEST_CASE][SKIPPED] - Test Cases/Shopify/CreateStore: 

2023-02-13 16:00:09 - [TEST_STEP][PASSED] - Start listener action : skipStatus: null

2023-02-13 16:00:09 - [TEST_STEP][PASSED] - map = testCaseContext.getTestCaseVariables(): null

2023-02-13 16:00:09 - [TEST_STEP][PASSED] - testcae_status = map.get("testcase_status"): null

2023-02-13 16:00:09 - [TEST_STEP][PASSED] - println(testcae_status): null

2023-02-13 16:00:09 - [TEST_STEP][PASSED] - if (testcae_status == "Passed" || testcae_status == "Failed"): null

2023-02-13 16:00:09 - [TEST_STEP][PASSED] - testCaseContext.skipThisTestCase(): null]]></system-out>
         <system-err><![CDATA[]]></system-err>
      </testcase>
      <testcase name="Test Cases/Shopify/CreateStore" time="0.017" classname="Test Cases/Shopify/CreateStore" status="SKIPPED">
         <system-out><![CDATA[2023-02-13 16:00:09 - [TEST_CASE][SKIPPED] - Test Cases/Shopify/CreateStore: 

2023-02-13 16:00:09 - [TEST_STEP][PASSED] - Start listener action : skipStatus: null

2023-02-13 16:00:09 - [TEST_STEP][PASSED] - map = testCaseContext.getTestCaseVariables(): null

2023-02-13 16:00:09 - [TEST_STEP][PASSED] - testcae_status = map.get("testcase_status"): null

2023-02-13 16:00:09 - [TEST_STEP][PASSED] - println(testcae_status): null

2023-02-13 16:00:09 - [TEST_STEP][PASSED] - if (testcae_status == "Passed" || testcae_status == "Failed"): null

2023-02-13 16:00:09 - [TEST_STEP][PASSED] - testCaseContext.skipThisTestCase(): null]]></system-out>
         <system-err><![CDATA[]]></system-err>
      </testcase>
      <testcase name="Test Cases/Shopify/CreateStore" time="0.0" classname="Test Cases/Shopify/CreateStore" status="SKIPPED">
         <system-out><![CDATA[2023-02-13 16:00:09 - [TEST_CASE][SKIPPED] - Test Cases/Shopify/CreateStore: 

2023-02-13 16:00:09 - [TEST_STEP][PASSED] - Start listener action : skipStatus: null

2023-02-13 16:00:09 - [TEST_STEP][PASSED] - map = testCaseContext.getTestCaseVariables(): null

2023-02-13 16:00:09 - [TEST_STEP][PASSED] - testcae_status = map.get("testcase_status"): null

2023-02-13 16:00:09 - [TEST_STEP][PASSED] - println(testcae_status): null

2023-02-13 16:00:09 - [TEST_STEP][PASSED] - if (testcae_status == "Passed" || testcae_status == "Failed"): null

2023-02-13 16:00:09 - [TEST_STEP][PASSED] - testCaseContext.skipThisTestCase(): null]]></system-out>
         <system-err><![CDATA[]]></system-err>
      </testcase>
      <testcase name="Test Cases/Shopify/CreateStore" time="0.015" classname="Test Cases/Shopify/CreateStore" status="SKIPPED">
         <system-out><![CDATA[2023-02-13 16:00:09 - [TEST_CASE][SKIPPED] - Test Cases/Shopify/CreateStore: 

2023-02-13 16:00:09 - [TEST_STEP][PASSED] - Start listener action : skipStatus: null

2023-02-13 16:00:09 - [TEST_STEP][PASSED] - map = testCaseContext.getTestCaseVariables(): null

2023-02-13 16:00:09 - [TEST_STEP][PASSED] - testcae_status = map.get("testcase_status"): null

2023-02-13 16:00:09 - [TEST_STEP][PASSED] - println(testcae_status): null

2023-02-13 16:00:09 - [TEST_STEP][PASSED] - if (testcae_status == "Passed" || testcae_status == "Failed"): null

2023-02-13 16:00:09 - [TEST_STEP][PASSED] - testCaseContext.skipThisTestCase(): null]]></system-out>
         <system-err><![CDATA[]]></system-err>
      </testcase>
      <testcase name="Test Cases/Shopify/CreateStore" time="0.0" classname="Test Cases/Shopify/CreateStore" status="SKIPPED">
         <system-out><![CDATA[2023-02-13 16:00:09 - [TEST_CASE][SKIPPED] - Test Cases/Shopify/CreateStore: 

2023-02-13 16:00:09 - [TEST_STEP][PASSED] - Start listener action : skipStatus: null

2023-02-13 16:00:09 - [TEST_STEP][PASSED] - map = testCaseContext.getTestCaseVariables(): null

2023-02-13 16:00:09 - [TEST_STEP][PASSED] - testcae_status = map.get("testcase_status"): null

2023-02-13 16:00:09 - [TEST_STEP][PASSED] - println(testcae_status): null

2023-02-13 16:00:09 - [TEST_STEP][PASSED] - if (testcae_status == "Passed" || testcae_status == "Failed"): null

2023-02-13 16:00:09 - [TEST_STEP][PASSED] - testCaseContext.skipThisTestCase(): null]]></system-out>
         <system-err><![CDATA[]]></system-err>
      </testcase>
      <testcase name="Test Cases/Shopify/CreateStore" time="0.0" classname="Test Cases/Shopify/CreateStore" status="SKIPPED">
         <system-out><![CDATA[2023-02-13 16:00:09 - [TEST_CASE][SKIPPED] - Test Cases/Shopify/CreateStore: 

2023-02-13 16:00:09 - [TEST_STEP][PASSED] - Start listener action : skipStatus: null

2023-02-13 16:00:09 - [TEST_STEP][PASSED] - map = testCaseContext.getTestCaseVariables(): null

2023-02-13 16:00:09 - [TEST_STEP][PASSED] - testcae_status = map.get("testcase_status"): null

2023-02-13 16:00:09 - [TEST_STEP][PASSED] - println(testcae_status): null

2023-02-13 16:00:09 - [TEST_STEP][PASSED] - if (testcae_status == "Passed" || testcae_status == "Failed"): null

2023-02-13 16:00:09 - [TEST_STEP][PASSED] - testCaseContext.skipThisTestCase(): null]]></system-out>
         <system-err><![CDATA[]]></system-err>
      </testcase>
      <testcase name="Test Cases/Shopify/CreateStore" time="0.016" classname="Test Cases/Shopify/CreateStore" status="SKIPPED">
         <system-out><![CDATA[2023-02-13 16:00:09 - [TEST_CASE][SKIPPED] - Test Cases/Shopify/CreateStore: 

2023-02-13 16:00:09 - [TEST_STEP][PASSED] - Start listener action : skipStatus: null

2023-02-13 16:00:09 - [TEST_STEP][PASSED] - map = testCaseContext.getTestCaseVariables(): null

2023-02-13 16:00:09 - [TEST_STEP][PASSED] - testcae_status = map.get("testcase_status"): null

2023-02-13 16:00:09 - [TEST_STEP][PASSED] - println(testcae_status): null

2023-02-13 16:00:09 - [TEST_STEP][PASSED] - if (testcae_status == "Passed" || testcae_status == "Failed"): null

2023-02-13 16:00:09 - [TEST_STEP][PASSED] - testCaseContext.skipThisTestCase(): null]]></system-out>
         <system-err><![CDATA[]]></system-err>
      </testcase>
      <testcase name="Test Cases/Shopify/CreateStore" time="0.0" classname="Test Cases/Shopify/CreateStore" status="SKIPPED">
         <system-out><![CDATA[2023-02-13 16:00:09 - [TEST_CASE][SKIPPED] - Test Cases/Shopify/CreateStore: 

2023-02-13 16:00:09 - [TEST_STEP][PASSED] - Start listener action : skipStatus: null

2023-02-13 16:00:09 - [TEST_STEP][PASSED] - map = testCaseContext.getTestCaseVariables(): null

2023-02-13 16:00:09 - [TEST_STEP][PASSED] - testcae_status = map.get("testcase_status"): null

2023-02-13 16:00:09 - [TEST_STEP][PASSED] - println(testcae_status): null

2023-02-13 16:00:09 - [TEST_STEP][PASSED] - if (testcae_status == "Passed" || testcae_status == "Failed"): null

2023-02-13 16:00:09 - [TEST_STEP][PASSED] - testCaseContext.skipThisTestCase(): null]]></system-out>
         <system-err><![CDATA[]]></system-err>
      </testcase>
      <testcase name="Test Cases/Shopify/CreateStore" time="0.016" classname="Test Cases/Shopify/CreateStore" status="SKIPPED">
         <system-out><![CDATA[2023-02-13 16:00:09 - [TEST_CASE][SKIPPED] - Test Cases/Shopify/CreateStore: 

2023-02-13 16:00:09 - [TEST_STEP][PASSED] - Start listener action : skipStatus: null

2023-02-13 16:00:09 - [TEST_STEP][PASSED] - map = testCaseContext.getTestCaseVariables(): null

2023-02-13 16:00:09 - [TEST_STEP][PASSED] - testcae_status = map.get("testcase_status"): null

2023-02-13 16:00:09 - [TEST_STEP][PASSED] - println(testcae_status): null

2023-02-13 16:00:09 - [TEST_STEP][PASSED] - if (testcae_status == "Passed" || testcae_status == "Failed"): null

2023-02-13 16:00:09 - [TEST_STEP][PASSED] - testCaseContext.skipThisTestCase(): null]]></system-out>
         <system-err><![CDATA[]]></system-err>
      </testcase>
      <testcase name="Test Cases/Shopify/CreateStore" time="0.0" classname="Test Cases/Shopify/CreateStore" status="SKIPPED">
         <system-out><![CDATA[2023-02-13 16:00:09 - [TEST_CASE][SKIPPED] - Test Cases/Shopify/CreateStore: 

2023-02-13 16:00:09 - [TEST_STEP][PASSED] - Start listener action : skipStatus: null

2023-02-13 16:00:09 - [TEST_STEP][PASSED] - map = testCaseContext.getTestCaseVariables(): null

2023-02-13 16:00:09 - [TEST_STEP][PASSED] - testcae_status = map.get("testcase_status"): null

2023-02-13 16:00:09 - [TEST_STEP][PASSED] - println(testcae_status): null

2023-02-13 16:00:09 - [TEST_STEP][PASSED] - if (testcae_status == "Passed" || testcae_status == "Failed"): null

2023-02-13 16:00:09 - [TEST_STEP][PASSED] - testCaseContext.skipThisTestCase(): null]]></system-out>
         <system-err><![CDATA[]]></system-err>
      </testcase>
      <testcase name="Test Cases/Shopify/CreateStore" time="0.0" classname="Test Cases/Shopify/CreateStore" status="SKIPPED">
         <system-out><![CDATA[2023-02-13 16:00:09 - [TEST_CASE][SKIPPED] - Test Cases/Shopify/CreateStore: 

2023-02-13 16:00:09 - [TEST_STEP][PASSED] - Start listener action : skipStatus: null

2023-02-13 16:00:09 - [TEST_STEP][PASSED] - map = testCaseContext.getTestCaseVariables(): null

2023-02-13 16:00:09 - [TEST_STEP][PASSED] - testcae_status = map.get("testcase_status"): null

2023-02-13 16:00:09 - [TEST_STEP][PASSED] - println(testcae_status): null

2023-02-13 16:00:09 - [TEST_STEP][PASSED] - if (testcae_status == "Passed" || testcae_status == "Failed"): null

2023-02-13 16:00:09 - [TEST_STEP][PASSED] - testCaseContext.skipThisTestCase(): null]]></system-out>
         <system-err><![CDATA[]]></system-err>
      </testcase>
      <testcase name="Test Cases/Shopify/CreateStore" time="0.015" classname="Test Cases/Shopify/CreateStore" status="SKIPPED">
         <system-out><![CDATA[2023-02-13 16:00:09 - [TEST_CASE][SKIPPED] - Test Cases/Shopify/CreateStore: 

2023-02-13 16:00:09 - [TEST_STEP][PASSED] - Start listener action : skipStatus: null

2023-02-13 16:00:09 - [TEST_STEP][PASSED] - map = testCaseContext.getTestCaseVariables(): null

2023-02-13 16:00:09 - [TEST_STEP][PASSED] - testcae_status = map.get("testcase_status"): null

2023-02-13 16:00:09 - [TEST_STEP][PASSED] - println(testcae_status): null

2023-02-13 16:00:09 - [TEST_STEP][PASSED] - if (testcae_status == "Passed" || testcae_status == "Failed"): null

2023-02-13 16:00:09 - [TEST_STEP][PASSED] - testCaseContext.skipThisTestCase(): null]]></system-out>
         <system-err><![CDATA[]]></system-err>
      </testcase>
      <testcase name="Test Cases/Shopify/CreateStore" time="0.0" classname="Test Cases/Shopify/CreateStore" status="SKIPPED">
         <system-out><![CDATA[2023-02-13 16:00:09 - [TEST_CASE][SKIPPED] - Test Cases/Shopify/CreateStore: 

2023-02-13 16:00:09 - [TEST_STEP][PASSED] - Start listener action : skipStatus: null

2023-02-13 16:00:09 - [TEST_STEP][PASSED] - map = testCaseContext.getTestCaseVariables(): null

2023-02-13 16:00:09 - [TEST_STEP][PASSED] - testcae_status = map.get("testcase_status"): null

2023-02-13 16:00:09 - [TEST_STEP][PASSED] - println(testcae_status): null

2023-02-13 16:00:09 - [TEST_STEP][PASSED] - if (testcae_status == "Passed" || testcae_status == "Failed"): null

2023-02-13 16:00:09 - [TEST_STEP][PASSED] - testCaseContext.skipThisTestCase(): null]]></system-out>
         <system-err><![CDATA[]]></system-err>
      </testcase>
      <testcase name="Test Cases/Shopify/CreateStore" time="0.0" classname="Test Cases/Shopify/CreateStore" status="SKIPPED">
         <system-out><![CDATA[2023-02-13 16:00:10 - [TEST_CASE][SKIPPED] - Test Cases/Shopify/CreateStore: 

2023-02-13 16:00:10 - [TEST_STEP][PASSED] - Start listener action : skipStatus: null

2023-02-13 16:00:10 - [TEST_STEP][PASSED] - map = testCaseContext.getTestCaseVariables(): null

2023-02-13 16:00:10 - [TEST_STEP][PASSED] - testcae_status = map.get("testcase_status"): null

2023-02-13 16:00:10 - [TEST_STEP][PASSED] - println(testcae_status): null

2023-02-13 16:00:10 - [TEST_STEP][PASSED] - if (testcae_status == "Passed" || testcae_status == "Failed"): null

2023-02-13 16:00:10 - [TEST_STEP][PASSED] - testCaseContext.skipThisTestCase(): null]]></system-out>
         <system-err><![CDATA[]]></system-err>
      </testcase>
      <testcase name="Test Cases/Shopify/CreateStore" time="0.0" classname="Test Cases/Shopify/CreateStore" status="SKIPPED">
         <system-out><![CDATA[2023-02-13 16:00:10 - [TEST_CASE][SKIPPED] - Test Cases/Shopify/CreateStore: 

2023-02-13 16:00:10 - [TEST_STEP][PASSED] - Start listener action : skipStatus: null

2023-02-13 16:00:10 - [TEST_STEP][PASSED] - map = testCaseContext.getTestCaseVariables(): null

2023-02-13 16:00:10 - [TEST_STEP][PASSED] - testcae_status = map.get("testcase_status"): null

2023-02-13 16:00:10 - [TEST_STEP][PASSED] - println(testcae_status): null

2023-02-13 16:00:10 - [TEST_STEP][PASSED] - if (testcae_status == "Passed" || testcae_status == "Failed"): null

2023-02-13 16:00:10 - [TEST_STEP][PASSED] - testCaseContext.skipThisTestCase(): null]]></system-out>
         <system-err><![CDATA[]]></system-err>
      </testcase>
      <testcase name="Test Cases/Shopify/CreateStore" time="0.02" classname="Test Cases/Shopify/CreateStore" status="SKIPPED">
         <system-out><![CDATA[2023-02-13 16:00:10 - [TEST_CASE][SKIPPED] - Test Cases/Shopify/CreateStore: 

2023-02-13 16:00:10 - [TEST_STEP][PASSED] - Start listener action : skipStatus: null

2023-02-13 16:00:10 - [TEST_STEP][PASSED] - map = testCaseContext.getTestCaseVariables(): null

2023-02-13 16:00:10 - [TEST_STEP][PASSED] - testcae_status = map.get("testcase_status"): null

2023-02-13 16:00:10 - [TEST_STEP][PASSED] - println(testcae_status): null

2023-02-13 16:00:10 - [TEST_STEP][PASSED] - if (testcae_status == "Passed" || testcae_status == "Failed"): null

2023-02-13 16:00:10 - [TEST_STEP][PASSED] - testCaseContext.skipThisTestCase(): null]]></system-out>
         <system-err><![CDATA[]]></system-err>
      </testcase>
      <testcase name="Test Cases/Shopify/CreateStore" time="0.0" classname="Test Cases/Shopify/CreateStore" status="SKIPPED">
         <system-out><![CDATA[2023-02-13 16:00:10 - [TEST_CASE][SKIPPED] - Test Cases/Shopify/CreateStore: 

2023-02-13 16:00:10 - [TEST_STEP][PASSED] - Start listener action : skipStatus: null

2023-02-13 16:00:10 - [TEST_STEP][PASSED] - map = testCaseContext.getTestCaseVariables(): null

2023-02-13 16:00:10 - [TEST_STEP][PASSED] - testcae_status = map.get("testcase_status"): null

2023-02-13 16:00:10 - [TEST_STEP][PASSED] - println(testcae_status): null

2023-02-13 16:00:10 - [TEST_STEP][PASSED] - if (testcae_status == "Passed" || testcae_status == "Failed"): null

2023-02-13 16:00:10 - [TEST_STEP][PASSED] - testCaseContext.skipThisTestCase(): null]]></system-out>
         <system-err><![CDATA[]]></system-err>
      </testcase>
      <testcase name="Test Cases/Shopify/CreateStore" time="0.002" classname="Test Cases/Shopify/CreateStore" status="SKIPPED">
         <system-out><![CDATA[2023-02-13 16:00:10 - [TEST_CASE][SKIPPED] - Test Cases/Shopify/CreateStore: 

2023-02-13 16:00:10 - [TEST_STEP][PASSED] - Start listener action : skipStatus: null

2023-02-13 16:00:10 - [TEST_STEP][PASSED] - map = testCaseContext.getTestCaseVariables(): null

2023-02-13 16:00:10 - [TEST_STEP][PASSED] - testcae_status = map.get("testcase_status"): null

2023-02-13 16:00:10 - [TEST_STEP][PASSED] - println(testcae_status): null

2023-02-13 16:00:10 - [TEST_STEP][PASSED] - if (testcae_status == "Passed" || testcae_status == "Failed"): null

2023-02-13 16:00:10 - [TEST_STEP][PASSED] - testCaseContext.skipThisTestCase(): null]]></system-out>
         <system-err><![CDATA[]]></system-err>
      </testcase>
      <testcase name="Test Cases/Shopify/CreateStore" time="0.008" classname="Test Cases/Shopify/CreateStore" status="SKIPPED">
         <system-out><![CDATA[2023-02-13 16:00:10 - [TEST_CASE][SKIPPED] - Test Cases/Shopify/CreateStore: 

2023-02-13 16:00:10 - [TEST_STEP][PASSED] - Start listener action : skipStatus: null

2023-02-13 16:00:10 - [TEST_STEP][PASSED] - map = testCaseContext.getTestCaseVariables(): null

2023-02-13 16:00:10 - [TEST_STEP][PASSED] - testcae_status = map.get("testcase_status"): null

2023-02-13 16:00:10 - [TEST_STEP][PASSED] - println(testcae_status): null

2023-02-13 16:00:10 - [TEST_STEP][PASSED] - if (testcae_status == "Passed" || testcae_status == "Failed"): null

2023-02-13 16:00:10 - [TEST_STEP][PASSED] - testCaseContext.skipThisTestCase(): null]]></system-out>
         <system-err><![CDATA[]]></system-err>
      </testcase>
      <testcase name="Test Cases/Shopify/CreateStore" time="0.0" classname="Test Cases/Shopify/CreateStore" status="SKIPPED">
         <system-out><![CDATA[2023-02-13 16:00:10 - [TEST_CASE][SKIPPED] - Test Cases/Shopify/CreateStore: 

2023-02-13 16:00:10 - [TEST_STEP][PASSED] - Start listener action : skipStatus: null

2023-02-13 16:00:10 - [TEST_STEP][PASSED] - map = testCaseContext.getTestCaseVariables(): null

2023-02-13 16:00:10 - [TEST_STEP][PASSED] - testcae_status = map.get("testcase_status"): null

2023-02-13 16:00:10 - [TEST_STEP][PASSED] - println(testcae_status): null

2023-02-13 16:00:10 - [TEST_STEP][PASSED] - if (testcae_status == "Passed" || testcae_status == "Failed"): null

2023-02-13 16:00:10 - [TEST_STEP][PASSED] - testCaseContext.skipThisTestCase(): null]]></system-out>
         <system-err><![CDATA[]]></system-err>
      </testcase>
      <testcase name="Test Cases/Shopify/CreateStore" time="0.002" classname="Test Cases/Shopify/CreateStore" status="SKIPPED">
         <system-out><![CDATA[2023-02-13 16:00:10 - [TEST_CASE][SKIPPED] - Test Cases/Shopify/CreateStore: 

2023-02-13 16:00:10 - [TEST_STEP][PASSED] - Start listener action : skipStatus: null

2023-02-13 16:00:10 - [TEST_STEP][PASSED] - map = testCaseContext.getTestCaseVariables(): null

2023-02-13 16:00:10 - [TEST_STEP][PASSED] - testcae_status = map.get("testcase_status"): null

2023-02-13 16:00:10 - [TEST_STEP][PASSED] - println(testcae_status): null

2023-02-13 16:00:10 - [TEST_STEP][PASSED] - if (testcae_status == "Passed" || testcae_status == "Failed"): null

2023-02-13 16:00:10 - [TEST_STEP][PASSED] - testCaseContext.skipThisTestCase(): null]]></system-out>
         <system-err><![CDATA[]]></system-err>
      </testcase>
      <testcase name="Test Cases/Shopify/CreateStore" time="0.016" classname="Test Cases/Shopify/CreateStore" status="SKIPPED">
         <system-out><![CDATA[2023-02-13 16:00:10 - [TEST_CASE][SKIPPED] - Test Cases/Shopify/CreateStore: 

2023-02-13 16:00:10 - [TEST_STEP][PASSED] - Start listener action : skipStatus: null

2023-02-13 16:00:10 - [TEST_STEP][PASSED] - map = testCaseContext.getTestCaseVariables(): null

2023-02-13 16:00:10 - [TEST_STEP][PASSED] - testcae_status = map.get("testcase_status"): null

2023-02-13 16:00:10 - [TEST_STEP][PASSED] - println(testcae_status): null

2023-02-13 16:00:10 - [TEST_STEP][PASSED] - if (testcae_status == "Passed" || testcae_status == "Failed"): null

2023-02-13 16:00:10 - [TEST_STEP][PASSED] - testCaseContext.skipThisTestCase(): null]]></system-out>
         <system-err><![CDATA[]]></system-err>
      </testcase>
      <testcase name="Test Cases/Shopify/CreateStore" time="0.0" classname="Test Cases/Shopify/CreateStore" status="SKIPPED">
         <system-out><![CDATA[2023-02-13 16:00:10 - [TEST_CASE][SKIPPED] - Test Cases/Shopify/CreateStore: 

2023-02-13 16:00:10 - [TEST_STEP][PASSED] - Start listener action : skipStatus: null

2023-02-13 16:00:10 - [TEST_STEP][PASSED] - map = testCaseContext.getTestCaseVariables(): null

2023-02-13 16:00:10 - [TEST_STEP][PASSED] - testcae_status = map.get("testcase_status"): null

2023-02-13 16:00:10 - [TEST_STEP][PASSED] - println(testcae_status): null

2023-02-13 16:00:10 - [TEST_STEP][PASSED] - if (testcae_status == "Passed" || testcae_status == "Failed"): null

2023-02-13 16:00:10 - [TEST_STEP][PASSED] - testCaseContext.skipThisTestCase(): null]]></system-out>
         <system-err><![CDATA[]]></system-err>
      </testcase>
      <testcase name="Test Cases/Shopify/CreateStore" time="0.016" classname="Test Cases/Shopify/CreateStore" status="SKIPPED">
         <system-out><![CDATA[2023-02-13 16:00:10 - [TEST_CASE][SKIPPED] - Test Cases/Shopify/CreateStore: 

2023-02-13 16:00:10 - [TEST_STEP][PASSED] - Start listener action : skipStatus: null

2023-02-13 16:00:10 - [TEST_STEP][PASSED] - map = testCaseContext.getTestCaseVariables(): null

2023-02-13 16:00:10 - [TEST_STEP][PASSED] - testcae_status = map.get("testcase_status"): null

2023-02-13 16:00:10 - [TEST_STEP][PASSED] - println(testcae_status): null

2023-02-13 16:00:10 - [TEST_STEP][PASSED] - if (testcae_status == "Passed" || testcae_status == "Failed"): null

2023-02-13 16:00:10 - [TEST_STEP][PASSED] - testCaseContext.skipThisTestCase(): null]]></system-out>
         <system-err><![CDATA[]]></system-err>
      </testcase>
      <testcase name="Test Cases/Shopify/CreateStore" time="0.016" classname="Test Cases/Shopify/CreateStore" status="SKIPPED">
         <system-out><![CDATA[2023-02-13 16:00:10 - [TEST_CASE][SKIPPED] - Test Cases/Shopify/CreateStore: 

2023-02-13 16:00:10 - [TEST_STEP][PASSED] - Start listener action : skipStatus: null

2023-02-13 16:00:10 - [TEST_STEP][PASSED] - map = testCaseContext.getTestCaseVariables(): null

2023-02-13 16:00:10 - [TEST_STEP][PASSED] - testcae_status = map.get("testcase_status"): null

2023-02-13 16:00:10 - [TEST_STEP][PASSED] - println(testcae_status): null

2023-02-13 16:00:10 - [TEST_STEP][PASSED] - if (testcae_status == "Passed" || testcae_status == "Failed"): null

2023-02-13 16:00:10 - [TEST_STEP][PASSED] - testCaseContext.skipThisTestCase(): null]]></system-out>
         <system-err><![CDATA[]]></system-err>
      </testcase>
      <testcase name="Test Cases/Shopify/CreateStore" time="0.009" classname="Test Cases/Shopify/CreateStore" status="SKIPPED">
         <system-out><![CDATA[2023-02-13 16:00:10 - [TEST_CASE][SKIPPED] - Test Cases/Shopify/CreateStore: 

2023-02-13 16:00:10 - [TEST_STEP][PASSED] - Start listener action : skipStatus: null

2023-02-13 16:00:10 - [TEST_STEP][PASSED] - map = testCaseContext.getTestCaseVariables(): null

2023-02-13 16:00:10 - [TEST_STEP][PASSED] - testcae_status = map.get("testcase_status"): null

2023-02-13 16:00:10 - [TEST_STEP][PASSED] - println(testcae_status): null

2023-02-13 16:00:10 - [TEST_STEP][PASSED] - if (testcae_status == "Passed" || testcae_status == "Failed"): null

2023-02-13 16:00:10 - [TEST_STEP][PASSED] - testCaseContext.skipThisTestCase(): null]]></system-out>
         <system-err><![CDATA[]]></system-err>
      </testcase>
      <testcase name="Test Cases/Shopify/CreateStore" time="0.016" classname="Test Cases/Shopify/CreateStore" status="SKIPPED">
         <system-out><![CDATA[2023-02-13 16:00:10 - [TEST_CASE][SKIPPED] - Test Cases/Shopify/CreateStore: 

2023-02-13 16:00:10 - [TEST_STEP][PASSED] - Start listener action : skipStatus: null

2023-02-13 16:00:10 - [TEST_STEP][PASSED] - map = testCaseContext.getTestCaseVariables(): null

2023-02-13 16:00:10 - [TEST_STEP][PASSED] - testcae_status = map.get("testcase_status"): null

2023-02-13 16:00:10 - [TEST_STEP][PASSED] - println(testcae_status): null

2023-02-13 16:00:10 - [TEST_STEP][PASSED] - if (testcae_status == "Passed" || testcae_status == "Failed"): null

2023-02-13 16:00:10 - [TEST_STEP][PASSED] - testCaseContext.skipThisTestCase(): null]]></system-out>
         <system-err><![CDATA[]]></system-err>
      </testcase>
      <testcase name="Test Cases/Shopify/CreateStore" time="0.0" classname="Test Cases/Shopify/CreateStore" status="SKIPPED">
         <system-out><![CDATA[2023-02-13 16:00:10 - [TEST_CASE][SKIPPED] - Test Cases/Shopify/CreateStore: 

2023-02-13 16:00:10 - [TEST_STEP][PASSED] - Start listener action : skipStatus: null

2023-02-13 16:00:10 - [TEST_STEP][PASSED] - map = testCaseContext.getTestCaseVariables(): null

2023-02-13 16:00:10 - [TEST_STEP][PASSED] - testcae_status = map.get("testcase_status"): null

2023-02-13 16:00:10 - [TEST_STEP][PASSED] - println(testcae_status): null

2023-02-13 16:00:10 - [TEST_STEP][PASSED] - if (testcae_status == "Passed" || testcae_status == "Failed"): null

2023-02-13 16:00:10 - [TEST_STEP][PASSED] - testCaseContext.skipThisTestCase(): null]]></system-out>
         <system-err><![CDATA[]]></system-err>
      </testcase>
      <testcase name="Test Cases/Shopify/CreateStore" time="0.016" classname="Test Cases/Shopify/CreateStore" status="SKIPPED">
         <system-out><![CDATA[2023-02-13 16:00:10 - [TEST_CASE][SKIPPED] - Test Cases/Shopify/CreateStore: 

2023-02-13 16:00:10 - [TEST_STEP][PASSED] - Start listener action : skipStatus: null

2023-02-13 16:00:10 - [TEST_STEP][PASSED] - map = testCaseContext.getTestCaseVariables(): null

2023-02-13 16:00:10 - [TEST_STEP][PASSED] - testcae_status = map.get("testcase_status"): null

2023-02-13 16:00:10 - [TEST_STEP][PASSED] - println(testcae_status): null

2023-02-13 16:00:10 - [TEST_STEP][PASSED] - if (testcae_status == "Passed" || testcae_status == "Failed"): null

2023-02-13 16:00:10 - [TEST_STEP][PASSED] - testCaseContext.skipThisTestCase(): null]]></system-out>
         <system-err><![CDATA[]]></system-err>
      </testcase>
      <testcase name="Test Cases/Shopify/CreateStore" time="0.016" classname="Test Cases/Shopify/CreateStore" status="SKIPPED">
         <system-out><![CDATA[2023-02-13 16:00:10 - [TEST_CASE][SKIPPED] - Test Cases/Shopify/CreateStore: 

2023-02-13 16:00:10 - [TEST_STEP][PASSED] - Start listener action : skipStatus: null

2023-02-13 16:00:10 - [TEST_STEP][PASSED] - map = testCaseContext.getTestCaseVariables(): null

2023-02-13 16:00:10 - [TEST_STEP][PASSED] - testcae_status = map.get("testcase_status"): null

2023-02-13 16:00:10 - [TEST_STEP][PASSED] - println(testcae_status): null

2023-02-13 16:00:10 - [TEST_STEP][PASSED] - if (testcae_status == "Passed" || testcae_status == "Failed"): null

2023-02-13 16:00:10 - [TEST_STEP][PASSED] - testCaseContext.skipThisTestCase(): null]]></system-out>
         <system-err><![CDATA[]]></system-err>
      </testcase>
      <testcase name="Test Cases/Shopify/CreateStore" time="0.016" classname="Test Cases/Shopify/CreateStore" status="SKIPPED">
         <system-out><![CDATA[2023-02-13 16:00:10 - [TEST_CASE][SKIPPED] - Test Cases/Shopify/CreateStore: 

2023-02-13 16:00:10 - [TEST_STEP][PASSED] - Start listener action : skipStatus: null

2023-02-13 16:00:10 - [TEST_STEP][PASSED] - map = testCaseContext.getTestCaseVariables(): null

2023-02-13 16:00:10 - [TEST_STEP][PASSED] - testcae_status = map.get("testcase_status"): null

2023-02-13 16:00:10 - [TEST_STEP][PASSED] - println(testcae_status): null

2023-02-13 16:00:10 - [TEST_STEP][PASSED] - if (testcae_status == "Passed" || testcae_status == "Failed"): null

2023-02-13 16:00:10 - [TEST_STEP][PASSED] - testCaseContext.skipThisTestCase(): null]]></system-out>
         <system-err><![CDATA[]]></system-err>
      </testcase>
      <testcase name="Test Cases/Shopify/CreateStore" time="0.016" classname="Test Cases/Shopify/CreateStore" status="SKIPPED">
         <system-out><![CDATA[2023-02-13 16:00:10 - [TEST_CASE][SKIPPED] - Test Cases/Shopify/CreateStore: 

2023-02-13 16:00:10 - [TEST_STEP][PASSED] - Start listener action : skipStatus: null

2023-02-13 16:00:10 - [TEST_STEP][PASSED] - map = testCaseContext.getTestCaseVariables(): null

2023-02-13 16:00:10 - [TEST_STEP][PASSED] - testcae_status = map.get("testcase_status"): null

2023-02-13 16:00:10 - [TEST_STEP][PASSED] - println(testcae_status): null

2023-02-13 16:00:10 - [TEST_STEP][PASSED] - if (testcae_status == "Passed" || testcae_status == "Failed"): null

2023-02-13 16:00:10 - [TEST_STEP][PASSED] - testCaseContext.skipThisTestCase(): null]]></system-out>
         <system-err><![CDATA[]]></system-err>
      </testcase>
      <testcase name="Test Cases/Shopify/CreateStore" time="0.0" classname="Test Cases/Shopify/CreateStore" status="SKIPPED">
         <system-out><![CDATA[2023-02-13 16:00:11 - [TEST_CASE][SKIPPED] - Test Cases/Shopify/CreateStore: 

2023-02-13 16:00:11 - [TEST_STEP][PASSED] - Start listener action : skipStatus: null

2023-02-13 16:00:11 - [TEST_STEP][PASSED] - map = testCaseContext.getTestCaseVariables(): null

2023-02-13 16:00:11 - [TEST_STEP][PASSED] - testcae_status = map.get("testcase_status"): null

2023-02-13 16:00:11 - [TEST_STEP][PASSED] - println(testcae_status): null

2023-02-13 16:00:11 - [TEST_STEP][PASSED] - if (testcae_status == "Passed" || testcae_status == "Failed"): null

2023-02-13 16:00:11 - [TEST_STEP][PASSED] - testCaseContext.skipThisTestCase(): null]]></system-out>
         <system-err><![CDATA[]]></system-err>
      </testcase>
      <testcase name="Test Cases/Shopify/CreateStore" time="0.0" classname="Test Cases/Shopify/CreateStore" status="SKIPPED">
         <system-out><![CDATA[2023-02-13 16:00:11 - [TEST_CASE][SKIPPED] - Test Cases/Shopify/CreateStore: 

2023-02-13 16:00:11 - [TEST_STEP][PASSED] - Start listener action : skipStatus: null

2023-02-13 16:00:11 - [TEST_STEP][PASSED] - map = testCaseContext.getTestCaseVariables(): null

2023-02-13 16:00:11 - [TEST_STEP][PASSED] - testcae_status = map.get("testcase_status"): null

2023-02-13 16:00:11 - [TEST_STEP][PASSED] - println(testcae_status): null

2023-02-13 16:00:11 - [TEST_STEP][PASSED] - if (testcae_status == "Passed" || testcae_status == "Failed"): null

2023-02-13 16:00:11 - [TEST_STEP][PASSED] - testCaseContext.skipThisTestCase(): null]]></system-out>
         <system-err><![CDATA[]]></system-err>
      </testcase>
      <testcase name="Test Cases/Shopify/CreateStore" time="0.016" classname="Test Cases/Shopify/CreateStore" status="SKIPPED">
         <system-out><![CDATA[2023-02-13 16:00:11 - [TEST_CASE][SKIPPED] - Test Cases/Shopify/CreateStore: 

2023-02-13 16:00:11 - [TEST_STEP][PASSED] - Start listener action : skipStatus: null

2023-02-13 16:00:11 - [TEST_STEP][PASSED] - map = testCaseContext.getTestCaseVariables(): null

2023-02-13 16:00:11 - [TEST_STEP][PASSED] - testcae_status = map.get("testcase_status"): null

2023-02-13 16:00:11 - [TEST_STEP][PASSED] - println(testcae_status): null

2023-02-13 16:00:11 - [TEST_STEP][PASSED] - if (testcae_status == "Passed" || testcae_status == "Failed"): null

2023-02-13 16:00:11 - [TEST_STEP][PASSED] - testCaseContext.skipThisTestCase(): null]]></system-out>
         <system-err><![CDATA[]]></system-err>
      </testcase>
      <testcase name="Test Cases/Shopify/CreateStore" time="0.0" classname="Test Cases/Shopify/CreateStore" status="SKIPPED">
         <system-out><![CDATA[2023-02-13 16:00:11 - [TEST_CASE][SKIPPED] - Test Cases/Shopify/CreateStore: 

2023-02-13 16:00:11 - [TEST_STEP][PASSED] - Start listener action : skipStatus: null

2023-02-13 16:00:11 - [TEST_STEP][PASSED] - map = testCaseContext.getTestCaseVariables(): null

2023-02-13 16:00:11 - [TEST_STEP][PASSED] - testcae_status = map.get("testcase_status"): null

2023-02-13 16:00:11 - [TEST_STEP][PASSED] - println(testcae_status): null

2023-02-13 16:00:11 - [TEST_STEP][PASSED] - if (testcae_status == "Passed" || testcae_status == "Failed"): null

2023-02-13 16:00:11 - [TEST_STEP][PASSED] - testCaseContext.skipThisTestCase(): null]]></system-out>
         <system-err><![CDATA[]]></system-err>
      </testcase>
      <testcase name="Test Cases/Shopify/CreateStore" time="0.0" classname="Test Cases/Shopify/CreateStore" status="SKIPPED">
         <system-out><![CDATA[2023-02-13 16:00:11 - [TEST_CASE][SKIPPED] - Test Cases/Shopify/CreateStore: 

2023-02-13 16:00:11 - [TEST_STEP][PASSED] - Start listener action : skipStatus: null

2023-02-13 16:00:11 - [TEST_STEP][PASSED] - map = testCaseContext.getTestCaseVariables(): null

2023-02-13 16:00:11 - [TEST_STEP][PASSED] - testcae_status = map.get("testcase_status"): null

2023-02-13 16:00:11 - [TEST_STEP][PASSED] - println(testcae_status): null

2023-02-13 16:00:11 - [TEST_STEP][PASSED] - if (testcae_status == "Passed" || testcae_status == "Failed"): null

2023-02-13 16:00:11 - [TEST_STEP][PASSED] - testCaseContext.skipThisTestCase(): null]]></system-out>
         <system-err><![CDATA[]]></system-err>
      </testcase>
      <testcase name="Test Cases/Shopify/CreateStore" time="0.015" classname="Test Cases/Shopify/CreateStore" status="SKIPPED">
         <system-out><![CDATA[2023-02-13 16:00:11 - [TEST_CASE][SKIPPED] - Test Cases/Shopify/CreateStore: 

2023-02-13 16:00:11 - [TEST_STEP][PASSED] - Start listener action : skipStatus: null

2023-02-13 16:00:11 - [TEST_STEP][PASSED] - map = testCaseContext.getTestCaseVariables(): null

2023-02-13 16:00:11 - [TEST_STEP][PASSED] - testcae_status = map.get("testcase_status"): null

2023-02-13 16:00:11 - [TEST_STEP][PASSED] - println(testcae_status): null

2023-02-13 16:00:11 - [TEST_STEP][PASSED] - if (testcae_status == "Passed" || testcae_status == "Failed"): null

2023-02-13 16:00:11 - [TEST_STEP][PASSED] - testCaseContext.skipThisTestCase(): null]]></system-out>
         <system-err><![CDATA[]]></system-err>
      </testcase>
      <testcase name="Test Cases/Shopify/CreateStore" time="0.019" classname="Test Cases/Shopify/CreateStore" status="SKIPPED">
         <system-out><![CDATA[2023-02-13 16:00:11 - [TEST_CASE][SKIPPED] - Test Cases/Shopify/CreateStore: 

2023-02-13 16:00:11 - [TEST_STEP][PASSED] - Start listener action : skipStatus: null

2023-02-13 16:00:11 - [TEST_STEP][PASSED] - map = testCaseContext.getTestCaseVariables(): null

2023-02-13 16:00:11 - [TEST_STEP][PASSED] - testcae_status = map.get("testcase_status"): null

2023-02-13 16:00:11 - [TEST_STEP][PASSED] - println(testcae_status): null

2023-02-13 16:00:11 - [TEST_STEP][PASSED] - if (testcae_status == "Passed" || testcae_status == "Failed"): null

2023-02-13 16:00:11 - [TEST_STEP][PASSED] - testCaseContext.skipThisTestCase(): null]]></system-out>
         <system-err><![CDATA[]]></system-err>
      </testcase>
      <testcase name="Test Cases/Shopify/CreateStore" time="0.0" classname="Test Cases/Shopify/CreateStore" status="SKIPPED">
         <system-out><![CDATA[2023-02-13 16:00:11 - [TEST_CASE][SKIPPED] - Test Cases/Shopify/CreateStore: 

2023-02-13 16:00:11 - [TEST_STEP][PASSED] - Start listener action : skipStatus: null

2023-02-13 16:00:11 - [TEST_STEP][PASSED] - map = testCaseContext.getTestCaseVariables(): null

2023-02-13 16:00:11 - [TEST_STEP][PASSED] - testcae_status = map.get("testcase_status"): null

2023-02-13 16:00:11 - [TEST_STEP][PASSED] - println(testcae_status): null

2023-02-13 16:00:11 - [TEST_STEP][PASSED] - if (testcae_status == "Passed" || testcae_status == "Failed"): null

2023-02-13 16:00:11 - [TEST_STEP][PASSED] - testCaseContext.skipThisTestCase(): null]]></system-out>
         <system-err><![CDATA[]]></system-err>
      </testcase>
      <testcase name="Test Cases/Shopify/CreateStore" time="0.015" classname="Test Cases/Shopify/CreateStore" status="SKIPPED">
         <system-out><![CDATA[2023-02-13 16:00:11 - [TEST_CASE][SKIPPED] - Test Cases/Shopify/CreateStore: 

2023-02-13 16:00:11 - [TEST_STEP][PASSED] - Start listener action : skipStatus: null

2023-02-13 16:00:11 - [TEST_STEP][PASSED] - map = testCaseContext.getTestCaseVariables(): null

2023-02-13 16:00:11 - [TEST_STEP][PASSED] - testcae_status = map.get("testcase_status"): null

2023-02-13 16:00:11 - [TEST_STEP][PASSED] - println(testcae_status): null

2023-02-13 16:00:11 - [TEST_STEP][PASSED] - if (testcae_status == "Passed" || testcae_status == "Failed"): null

2023-02-13 16:00:11 - [TEST_STEP][PASSED] - testCaseContext.skipThisTestCase(): null]]></system-out>
         <system-err><![CDATA[]]></system-err>
      </testcase>
      <testcase name="Test Cases/Shopify/CreateStore" time="0.0" classname="Test Cases/Shopify/CreateStore" status="SKIPPED">
         <system-out><![CDATA[2023-02-13 16:00:11 - [TEST_CASE][SKIPPED] - Test Cases/Shopify/CreateStore: 

2023-02-13 16:00:11 - [TEST_STEP][PASSED] - Start listener action : skipStatus: null

2023-02-13 16:00:11 - [TEST_STEP][PASSED] - map = testCaseContext.getTestCaseVariables(): null

2023-02-13 16:00:11 - [TEST_STEP][PASSED] - testcae_status = map.get("testcase_status"): null

2023-02-13 16:00:11 - [TEST_STEP][PASSED] - println(testcae_status): null

2023-02-13 16:00:11 - [TEST_STEP][PASSED] - if (testcae_status == "Passed" || testcae_status == "Failed"): null

2023-02-13 16:00:11 - [TEST_STEP][PASSED] - testCaseContext.skipThisTestCase(): null]]></system-out>
         <system-err><![CDATA[]]></system-err>
      </testcase>
      <testcase name="Test Cases/Shopify/CreateStore" time="0.0" classname="Test Cases/Shopify/CreateStore" status="SKIPPED">
         <system-out><![CDATA[2023-02-13 16:00:11 - [TEST_CASE][SKIPPED] - Test Cases/Shopify/CreateStore: 

2023-02-13 16:00:11 - [TEST_STEP][PASSED] - Start listener action : skipStatus: null

2023-02-13 16:00:11 - [TEST_STEP][PASSED] - map = testCaseContext.getTestCaseVariables(): null

2023-02-13 16:00:11 - [TEST_STEP][PASSED] - testcae_status = map.get("testcase_status"): null

2023-02-13 16:00:11 - [TEST_STEP][PASSED] - println(testcae_status): null

2023-02-13 16:00:11 - [TEST_STEP][PASSED] - if (testcae_status == "Passed" || testcae_status == "Failed"): null

2023-02-13 16:00:11 - [TEST_STEP][PASSED] - testCaseContext.skipThisTestCase(): null]]></system-out>
         <system-err><![CDATA[]]></system-err>
      </testcase>
      <testcase name="Test Cases/Shopify/CreateStore" time="0.0" classname="Test Cases/Shopify/CreateStore" status="SKIPPED">
         <system-out><![CDATA[2023-02-13 16:00:11 - [TEST_CASE][SKIPPED] - Test Cases/Shopify/CreateStore: 

2023-02-13 16:00:11 - [TEST_STEP][PASSED] - Start listener action : skipStatus: null

2023-02-13 16:00:11 - [TEST_STEP][PASSED] - map = testCaseContext.getTestCaseVariables(): null

2023-02-13 16:00:11 - [TEST_STEP][PASSED] - testcae_status = map.get("testcase_status"): null

2023-02-13 16:00:11 - [TEST_STEP][PASSED] - println(testcae_status): null

2023-02-13 16:00:11 - [TEST_STEP][PASSED] - if (testcae_status == "Passed" || testcae_status == "Failed"): null

2023-02-13 16:00:11 - [TEST_STEP][PASSED] - testCaseContext.skipThisTestCase(): null]]></system-out>
         <system-err><![CDATA[]]></system-err>
      </testcase>
      <testcase name="Test Cases/Shopify/CreateStore" time="0.015" classname="Test Cases/Shopify/CreateStore" status="SKIPPED">
         <system-out><![CDATA[2023-02-13 16:00:11 - [TEST_CASE][SKIPPED] - Test Cases/Shopify/CreateStore: 

2023-02-13 16:00:11 - [TEST_STEP][PASSED] - Start listener action : skipStatus: null

2023-02-13 16:00:11 - [TEST_STEP][PASSED] - map = testCaseContext.getTestCaseVariables(): null

2023-02-13 16:00:11 - [TEST_STEP][PASSED] - testcae_status = map.get("testcase_status"): null

2023-02-13 16:00:11 - [TEST_STEP][PASSED] - println(testcae_status): null

2023-02-13 16:00:11 - [TEST_STEP][PASSED] - if (testcae_status == "Passed" || testcae_status == "Failed"): null

2023-02-13 16:00:11 - [TEST_STEP][PASSED] - testCaseContext.skipThisTestCase(): null]]></system-out>
         <system-err><![CDATA[]]></system-err>
      </testcase>
      <testcase name="Test Cases/Shopify/CreateStore" time="0.015" classname="Test Cases/Shopify/CreateStore" status="SKIPPED">
         <system-out><![CDATA[2023-02-13 16:00:11 - [TEST_CASE][SKIPPED] - Test Cases/Shopify/CreateStore: 

2023-02-13 16:00:11 - [TEST_STEP][PASSED] - Start listener action : skipStatus: null

2023-02-13 16:00:11 - [TEST_STEP][PASSED] - map = testCaseContext.getTestCaseVariables(): null

2023-02-13 16:00:11 - [TEST_STEP][PASSED] - testcae_status = map.get("testcase_status"): null

2023-02-13 16:00:11 - [TEST_STEP][PASSED] - println(testcae_status): null

2023-02-13 16:00:11 - [TEST_STEP][PASSED] - if (testcae_status == "Passed" || testcae_status == "Failed"): null

2023-02-13 16:00:11 - [TEST_STEP][PASSED] - testCaseContext.skipThisTestCase(): null]]></system-out>
         <system-err><![CDATA[]]></system-err>
      </testcase>
      <testcase name="Test Cases/Shopify/CreateStore" time="0.016" classname="Test Cases/Shopify/CreateStore" status="SKIPPED">
         <system-out><![CDATA[2023-02-13 16:00:11 - [TEST_CASE][SKIPPED] - Test Cases/Shopify/CreateStore: 

2023-02-13 16:00:11 - [TEST_STEP][PASSED] - Start listener action : skipStatus: null

2023-02-13 16:00:11 - [TEST_STEP][PASSED] - map = testCaseContext.getTestCaseVariables(): null

2023-02-13 16:00:11 - [TEST_STEP][PASSED] - testcae_status = map.get("testcase_status"): null

2023-02-13 16:00:11 - [TEST_STEP][PASSED] - println(testcae_status): null

2023-02-13 16:00:11 - [TEST_STEP][PASSED] - if (testcae_status == "Passed" || testcae_status == "Failed"): null

2023-02-13 16:00:11 - [TEST_STEP][PASSED] - testCaseContext.skipThisTestCase(): null]]></system-out>
         <system-err><![CDATA[]]></system-err>
      </testcase>
      <testcase name="Test Cases/Shopify/CreateStore" time="0.016" classname="Test Cases/Shopify/CreateStore" status="SKIPPED">
         <system-out><![CDATA[2023-02-13 16:00:11 - [TEST_CASE][SKIPPED] - Test Cases/Shopify/CreateStore: 

2023-02-13 16:00:11 - [TEST_STEP][PASSED] - Start listener action : skipStatus: null

2023-02-13 16:00:11 - [TEST_STEP][PASSED] - map = testCaseContext.getTestCaseVariables(): null

2023-02-13 16:00:11 - [TEST_STEP][PASSED] - testcae_status = map.get("testcase_status"): null

2023-02-13 16:00:11 - [TEST_STEP][PASSED] - println(testcae_status): null

2023-02-13 16:00:11 - [TEST_STEP][PASSED] - if (testcae_status == "Passed" || testcae_status == "Failed"): null

2023-02-13 16:00:11 - [TEST_STEP][PASSED] - testCaseContext.skipThisTestCase(): null]]></system-out>
         <system-err><![CDATA[]]></system-err>
      </testcase>
      <testcase name="Test Cases/Shopify/CreateStore" time="0.0" classname="Test Cases/Shopify/CreateStore" status="SKIPPED">
         <system-out><![CDATA[2023-02-13 16:00:11 - [TEST_CASE][SKIPPED] - Test Cases/Shopify/CreateStore: 

2023-02-13 16:00:11 - [TEST_STEP][PASSED] - Start listener action : skipStatus: null

2023-02-13 16:00:11 - [TEST_STEP][PASSED] - map = testCaseContext.getTestCaseVariables(): null

2023-02-13 16:00:11 - [TEST_STEP][PASSED] - testcae_status = map.get("testcase_status"): null

2023-02-13 16:00:11 - [TEST_STEP][PASSED] - println(testcae_status): null

2023-02-13 16:00:11 - [TEST_STEP][PASSED] - if (testcae_status == "Passed" || testcae_status == "Failed"): null

2023-02-13 16:00:11 - [TEST_STEP][PASSED] - testCaseContext.skipThisTestCase(): null]]></system-out>
         <system-err><![CDATA[]]></system-err>
      </testcase>
      <testcase name="Test Cases/Shopify/CreateStore" time="0.0" classname="Test Cases/Shopify/CreateStore" status="SKIPPED">
         <system-out><![CDATA[2023-02-13 16:00:11 - [TEST_CASE][SKIPPED] - Test Cases/Shopify/CreateStore: 

2023-02-13 16:00:11 - [TEST_STEP][PASSED] - Start listener action : skipStatus: null

2023-02-13 16:00:11 - [TEST_STEP][PASSED] - map = testCaseContext.getTestCaseVariables(): null

2023-02-13 16:00:11 - [TEST_STEP][PASSED] - testcae_status = map.get("testcase_status"): null

2023-02-13 16:00:11 - [TEST_STEP][PASSED] - println(testcae_status): null

2023-02-13 16:00:11 - [TEST_STEP][PASSED] - if (testcae_status == "Passed" || testcae_status == "Failed"): null

2023-02-13 16:00:11 - [TEST_STEP][PASSED] - testCaseContext.skipThisTestCase(): null]]></system-out>
         <system-err><![CDATA[]]></system-err>
      </testcase>
      <testcase name="Test Cases/Shopify/CreateStore" time="0.016" classname="Test Cases/Shopify/CreateStore" status="SKIPPED">
         <system-out><![CDATA[2023-02-13 16:00:11 - [TEST_CASE][SKIPPED] - Test Cases/Shopify/CreateStore: 

2023-02-13 16:00:11 - [TEST_STEP][PASSED] - Start listener action : skipStatus: null

2023-02-13 16:00:11 - [TEST_STEP][PASSED] - map = testCaseContext.getTestCaseVariables(): null

2023-02-13 16:00:11 - [TEST_STEP][PASSED] - testcae_status = map.get("testcase_status"): null

2023-02-13 16:00:11 - [TEST_STEP][PASSED] - println(testcae_status): null

2023-02-13 16:00:11 - [TEST_STEP][PASSED] - if (testcae_status == "Passed" || testcae_status == "Failed"): null

2023-02-13 16:00:11 - [TEST_STEP][PASSED] - testCaseContext.skipThisTestCase(): null]]></system-out>
         <system-err><![CDATA[]]></system-err>
      </testcase>
      <testcase name="Test Cases/Shopify/CreateStore" time="0.0" classname="Test Cases/Shopify/CreateStore" status="SKIPPED">
         <system-out><![CDATA[2023-02-13 16:00:11 - [TEST_CASE][SKIPPED] - Test Cases/Shopify/CreateStore: 

2023-02-13 16:00:11 - [TEST_STEP][PASSED] - Start listener action : skipStatus: null

2023-02-13 16:00:11 - [TEST_STEP][PASSED] - map = testCaseContext.getTestCaseVariables(): null

2023-02-13 16:00:11 - [TEST_STEP][PASSED] - testcae_status = map.get("testcase_status"): null

2023-02-13 16:00:11 - [TEST_STEP][PASSED] - println(testcae_status): null

2023-02-13 16:00:11 - [TEST_STEP][PASSED] - if (testcae_status == "Passed" || testcae_status == "Failed"): null

2023-02-13 16:00:11 - [TEST_STEP][PASSED] - testCaseContext.skipThisTestCase(): null]]></system-out>
         <system-err><![CDATA[]]></system-err>
      </testcase>
      <testcase name="Test Cases/Shopify/CreateStore" time="0.0" classname="Test Cases/Shopify/CreateStore" status="SKIPPED">
         <system-out><![CDATA[2023-02-13 16:00:12 - [TEST_CASE][SKIPPED] - Test Cases/Shopify/CreateStore: 

2023-02-13 16:00:12 - [TEST_STEP][PASSED] - Start listener action : skipStatus: null

2023-02-13 16:00:12 - [TEST_STEP][PASSED] - map = testCaseContext.getTestCaseVariables(): null

2023-02-13 16:00:12 - [TEST_STEP][PASSED] - testcae_status = map.get("testcase_status"): null

2023-02-13 16:00:12 - [TEST_STEP][PASSED] - println(testcae_status): null

2023-02-13 16:00:12 - [TEST_STEP][PASSED] - if (testcae_status == "Passed" || testcae_status == "Failed"): null

2023-02-13 16:00:12 - [TEST_STEP][PASSED] - testCaseContext.skipThisTestCase(): null]]></system-out>
         <system-err><![CDATA[]]></system-err>
      </testcase>
      <testcase name="Test Cases/Shopify/CreateStore" time="0.016" classname="Test Cases/Shopify/CreateStore" status="SKIPPED">
         <system-out><![CDATA[2023-02-13 16:00:12 - [TEST_CASE][SKIPPED] - Test Cases/Shopify/CreateStore: 

2023-02-13 16:00:12 - [TEST_STEP][PASSED] - Start listener action : skipStatus: null

2023-02-13 16:00:12 - [TEST_STEP][PASSED] - map = testCaseContext.getTestCaseVariables(): null

2023-02-13 16:00:12 - [TEST_STEP][PASSED] - testcae_status = map.get("testcase_status"): null

2023-02-13 16:00:12 - [TEST_STEP][PASSED] - println(testcae_status): null

2023-02-13 16:00:12 - [TEST_STEP][PASSED] - if (testcae_status == "Passed" || testcae_status == "Failed"): null

2023-02-13 16:00:12 - [TEST_STEP][PASSED] - testCaseContext.skipThisTestCase(): null]]></system-out>
         <system-err><![CDATA[]]></system-err>
      </testcase>
      <testcase name="Test Cases/Shopify/CreateStore" time="0.016" classname="Test Cases/Shopify/CreateStore" status="SKIPPED">
         <system-out><![CDATA[2023-02-13 16:00:12 - [TEST_CASE][SKIPPED] - Test Cases/Shopify/CreateStore: 

2023-02-13 16:00:12 - [TEST_STEP][PASSED] - Start listener action : skipStatus: null

2023-02-13 16:00:12 - [TEST_STEP][PASSED] - map = testCaseContext.getTestCaseVariables(): null

2023-02-13 16:00:12 - [TEST_STEP][PASSED] - testcae_status = map.get("testcase_status"): null

2023-02-13 16:00:12 - [TEST_STEP][PASSED] - println(testcae_status): null

2023-02-13 16:00:12 - [TEST_STEP][PASSED] - if (testcae_status == "Passed" || testcae_status == "Failed"): null

2023-02-13 16:00:12 - [TEST_STEP][PASSED] - testCaseContext.skipThisTestCase(): null]]></system-out>
         <system-err><![CDATA[]]></system-err>
      </testcase>
      <testcase name="Test Cases/Shopify/CreateStore" time="0.0" classname="Test Cases/Shopify/CreateStore" status="SKIPPED">
         <system-out><![CDATA[2023-02-13 16:00:12 - [TEST_CASE][SKIPPED] - Test Cases/Shopify/CreateStore: 

2023-02-13 16:00:12 - [TEST_STEP][PASSED] - Start listener action : skipStatus: null

2023-02-13 16:00:12 - [TEST_STEP][PASSED] - map = testCaseContext.getTestCaseVariables(): null

2023-02-13 16:00:12 - [TEST_STEP][PASSED] - testcae_status = map.get("testcase_status"): null

2023-02-13 16:00:12 - [TEST_STEP][PASSED] - println(testcae_status): null

2023-02-13 16:00:12 - [TEST_STEP][PASSED] - if (testcae_status == "Passed" || testcae_status == "Failed"): null

2023-02-13 16:00:12 - [TEST_STEP][PASSED] - testCaseContext.skipThisTestCase(): null]]></system-out>
         <system-err><![CDATA[]]></system-err>
      </testcase>
      <testcase name="Test Cases/Shopify/CreateStore" time="0.0" classname="Test Cases/Shopify/CreateStore" status="SKIPPED">
         <system-out><![CDATA[2023-02-13 16:00:12 - [TEST_CASE][SKIPPED] - Test Cases/Shopify/CreateStore: 

2023-02-13 16:00:12 - [TEST_STEP][PASSED] - Start listener action : skipStatus: null

2023-02-13 16:00:12 - [TEST_STEP][PASSED] - map = testCaseContext.getTestCaseVariables(): null

2023-02-13 16:00:12 - [TEST_STEP][PASSED] - testcae_status = map.get("testcase_status"): null

2023-02-13 16:00:12 - [TEST_STEP][PASSED] - println(testcae_status): null

2023-02-13 16:00:12 - [TEST_STEP][PASSED] - if (testcae_status == "Passed" || testcae_status == "Failed"): null

2023-02-13 16:00:12 - [TEST_STEP][PASSED] - testCaseContext.skipThisTestCase(): null]]></system-out>
         <system-err><![CDATA[]]></system-err>
      </testcase>
      <testcase name="Test Cases/Shopify/CreateStore" time="0.016" classname="Test Cases/Shopify/CreateStore" status="SKIPPED">
         <system-out><![CDATA[2023-02-13 16:00:12 - [TEST_CASE][SKIPPED] - Test Cases/Shopify/CreateStore: 

2023-02-13 16:00:12 - [TEST_STEP][PASSED] - Start listener action : skipStatus: null

2023-02-13 16:00:12 - [TEST_STEP][PASSED] - map = testCaseContext.getTestCaseVariables(): null

2023-02-13 16:00:12 - [TEST_STEP][PASSED] - testcae_status = map.get("testcase_status"): null

2023-02-13 16:00:12 - [TEST_STEP][PASSED] - println(testcae_status): null

2023-02-13 16:00:12 - [TEST_STEP][PASSED] - if (testcae_status == "Passed" || testcae_status == "Failed"): null

2023-02-13 16:00:12 - [TEST_STEP][PASSED] - testCaseContext.skipThisTestCase(): null]]></system-out>
         <system-err><![CDATA[]]></system-err>
      </testcase>
      <testcase name="Test Cases/Shopify/CreateStore" time="0.02" classname="Test Cases/Shopify/CreateStore" status="SKIPPED">
         <system-out><![CDATA[2023-02-13 16:00:12 - [TEST_CASE][SKIPPED] - Test Cases/Shopify/CreateStore: 

2023-02-13 16:00:12 - [TEST_STEP][PASSED] - Start listener action : skipStatus: null

2023-02-13 16:00:12 - [TEST_STEP][PASSED] - map = testCaseContext.getTestCaseVariables(): null

2023-02-13 16:00:12 - [TEST_STEP][PASSED] - testcae_status = map.get("testcase_status"): null

2023-02-13 16:00:12 - [TEST_STEP][PASSED] - println(testcae_status): null

2023-02-13 16:00:12 - [TEST_STEP][PASSED] - if (testcae_status == "Passed" || testcae_status == "Failed"): null

2023-02-13 16:00:12 - [TEST_STEP][PASSED] - testCaseContext.skipThisTestCase(): null]]></system-out>
         <system-err><![CDATA[]]></system-err>
      </testcase>
      <testcase name="Test Cases/Shopify/CreateStore" time="0.015" classname="Test Cases/Shopify/CreateStore" status="SKIPPED">
         <system-out><![CDATA[2023-02-13 16:00:12 - [TEST_CASE][SKIPPED] - Test Cases/Shopify/CreateStore: 

2023-02-13 16:00:12 - [TEST_STEP][PASSED] - Start listener action : skipStatus: null

2023-02-13 16:00:12 - [TEST_STEP][PASSED] - map = testCaseContext.getTestCaseVariables(): null

2023-02-13 16:00:12 - [TEST_STEP][PASSED] - testcae_status = map.get("testcase_status"): null

2023-02-13 16:00:12 - [TEST_STEP][PASSED] - println(testcae_status): null

2023-02-13 16:00:12 - [TEST_STEP][PASSED] - if (testcae_status == "Passed" || testcae_status == "Failed"): null

2023-02-13 16:00:12 - [TEST_STEP][PASSED] - testCaseContext.skipThisTestCase(): null]]></system-out>
         <system-err><![CDATA[]]></system-err>
      </testcase>
      <testcase name="Test Cases/Shopify/CreateStore" time="0.0" classname="Test Cases/Shopify/CreateStore" status="SKIPPED">
         <system-out><![CDATA[2023-02-13 16:00:12 - [TEST_CASE][SKIPPED] - Test Cases/Shopify/CreateStore: 

2023-02-13 16:00:12 - [TEST_STEP][PASSED] - Start listener action : skipStatus: null

2023-02-13 16:00:12 - [TEST_STEP][PASSED] - map = testCaseContext.getTestCaseVariables(): null

2023-02-13 16:00:12 - [TEST_STEP][PASSED] - testcae_status = map.get("testcase_status"): null

2023-02-13 16:00:12 - [TEST_STEP][PASSED] - println(testcae_status): null

2023-02-13 16:00:12 - [TEST_STEP][PASSED] - if (testcae_status == "Passed" || testcae_status == "Failed"): null

2023-02-13 16:00:12 - [TEST_STEP][PASSED] - testCaseContext.skipThisTestCase(): null]]></system-out>
         <system-err><![CDATA[]]></system-err>
      </testcase>
      <testcase name="Test Cases/Shopify/CreateStore" time="0.016" classname="Test Cases/Shopify/CreateStore" status="SKIPPED">
         <system-out><![CDATA[2023-02-13 16:00:12 - [TEST_CASE][SKIPPED] - Test Cases/Shopify/CreateStore: 

2023-02-13 16:00:12 - [TEST_STEP][PASSED] - Start listener action : skipStatus: null

2023-02-13 16:00:12 - [TEST_STEP][PASSED] - map = testCaseContext.getTestCaseVariables(): null

2023-02-13 16:00:12 - [TEST_STEP][PASSED] - testcae_status = map.get("testcase_status"): null

2023-02-13 16:00:12 - [TEST_STEP][PASSED] - println(testcae_status): null

2023-02-13 16:00:12 - [TEST_STEP][PASSED] - if (testcae_status == "Passed" || testcae_status == "Failed"): null

2023-02-13 16:00:12 - [TEST_STEP][PASSED] - testCaseContext.skipThisTestCase(): null]]></system-out>
         <system-err><![CDATA[]]></system-err>
      </testcase>
      <testcase name="Test Cases/Shopify/CreateStore" time="0.0" classname="Test Cases/Shopify/CreateStore" status="SKIPPED">
         <system-out><![CDATA[2023-02-13 16:00:12 - [TEST_CASE][SKIPPED] - Test Cases/Shopify/CreateStore: 

2023-02-13 16:00:12 - [TEST_STEP][PASSED] - Start listener action : skipStatus: null

2023-02-13 16:00:12 - [TEST_STEP][PASSED] - map = testCaseContext.getTestCaseVariables(): null

2023-02-13 16:00:12 - [TEST_STEP][PASSED] - testcae_status = map.get("testcase_status"): null

2023-02-13 16:00:12 - [TEST_STEP][PASSED] - println(testcae_status): null

2023-02-13 16:00:12 - [TEST_STEP][PASSED] - if (testcae_status == "Passed" || testcae_status == "Failed"): null

2023-02-13 16:00:12 - [TEST_STEP][PASSED] - testCaseContext.skipThisTestCase(): null]]></system-out>
         <system-err><![CDATA[]]></system-err>
      </testcase>
      <testcase name="Test Cases/Shopify/CreateStore" time="0.0" classname="Test Cases/Shopify/CreateStore" status="SKIPPED">
         <system-out><![CDATA[2023-02-13 16:00:12 - [TEST_CASE][SKIPPED] - Test Cases/Shopify/CreateStore: 

2023-02-13 16:00:12 - [TEST_STEP][PASSED] - Start listener action : skipStatus: null

2023-02-13 16:00:12 - [TEST_STEP][PASSED] - map = testCaseContext.getTestCaseVariables(): null

2023-02-13 16:00:12 - [TEST_STEP][PASSED] - testcae_status = map.get("testcase_status"): null

2023-02-13 16:00:12 - [TEST_STEP][PASSED] - println(testcae_status): null

2023-02-13 16:00:12 - [TEST_STEP][PASSED] - if (testcae_status == "Passed" || testcae_status == "Failed"): null

2023-02-13 16:00:12 - [TEST_STEP][PASSED] - testCaseContext.skipThisTestCase(): null]]></system-out>
         <system-err><![CDATA[]]></system-err>
      </testcase>
      <testcase name="Test Cases/Shopify/CreateStore" time="0.016" classname="Test Cases/Shopify/CreateStore" status="SKIPPED">
         <system-out><![CDATA[2023-02-13 16:00:12 - [TEST_CASE][SKIPPED] - Test Cases/Shopify/CreateStore: 

2023-02-13 16:00:12 - [TEST_STEP][PASSED] - Start listener action : skipStatus: null

2023-02-13 16:00:12 - [TEST_STEP][PASSED] - map = testCaseContext.getTestCaseVariables(): null

2023-02-13 16:00:12 - [TEST_STEP][PASSED] - testcae_status = map.get("testcase_status"): null

2023-02-13 16:00:12 - [TEST_STEP][PASSED] - println(testcae_status): null

2023-02-13 16:00:12 - [TEST_STEP][PASSED] - if (testcae_status == "Passed" || testcae_status == "Failed"): null

2023-02-13 16:00:12 - [TEST_STEP][PASSED] - testCaseContext.skipThisTestCase(): null]]></system-out>
         <system-err><![CDATA[]]></system-err>
      </testcase>
      <testcase name="Test Cases/Shopify/CreateStore" time="0.016" classname="Test Cases/Shopify/CreateStore" status="SKIPPED">
         <system-out><![CDATA[2023-02-13 16:00:12 - [TEST_CASE][SKIPPED] - Test Cases/Shopify/CreateStore: 

2023-02-13 16:00:12 - [TEST_STEP][PASSED] - Start listener action : skipStatus: null

2023-02-13 16:00:12 - [TEST_STEP][PASSED] - map = testCaseContext.getTestCaseVariables(): null

2023-02-13 16:00:12 - [TEST_STEP][PASSED] - testcae_status = map.get("testcase_status"): null

2023-02-13 16:00:12 - [TEST_STEP][PASSED] - println(testcae_status): null

2023-02-13 16:00:12 - [TEST_STEP][PASSED] - if (testcae_status == "Passed" || testcae_status == "Failed"): null

2023-02-13 16:00:12 - [TEST_STEP][PASSED] - testCaseContext.skipThisTestCase(): null]]></system-out>
         <system-err><![CDATA[]]></system-err>
      </testcase>
      <testcase name="Test Cases/Shopify/CreateStore" time="0.017" classname="Test Cases/Shopify/CreateStore" status="SKIPPED">
         <system-out><![CDATA[2023-02-13 16:00:12 - [TEST_CASE][SKIPPED] - Test Cases/Shopify/CreateStore: 

2023-02-13 16:00:12 - [TEST_STEP][PASSED] - Start listener action : skipStatus: null

2023-02-13 16:00:12 - [TEST_STEP][PASSED] - map = testCaseContext.getTestCaseVariables(): null

2023-02-13 16:00:12 - [TEST_STEP][PASSED] - testcae_status = map.get("testcase_status"): null

2023-02-13 16:00:12 - [TEST_STEP][PASSED] - println(testcae_status): null

2023-02-13 16:00:12 - [TEST_STEP][PASSED] - if (testcae_status == "Passed" || testcae_status == "Failed"): null

2023-02-13 16:00:12 - [TEST_STEP][PASSED] - testCaseContext.skipThisTestCase(): null]]></system-out>
         <system-err><![CDATA[]]></system-err>
      </testcase>
      <testcase name="Test Cases/Shopify/CreateStore" time="0.0" classname="Test Cases/Shopify/CreateStore" status="SKIPPED">
         <system-out><![CDATA[2023-02-13 16:00:12 - [TEST_CASE][SKIPPED] - Test Cases/Shopify/CreateStore: 

2023-02-13 16:00:12 - [TEST_STEP][PASSED] - Start listener action : skipStatus: null

2023-02-13 16:00:12 - [TEST_STEP][PASSED] - map = testCaseContext.getTestCaseVariables(): null

2023-02-13 16:00:12 - [TEST_STEP][PASSED] - testcae_status = map.get("testcase_status"): null

2023-02-13 16:00:12 - [TEST_STEP][PASSED] - println(testcae_status): null

2023-02-13 16:00:12 - [TEST_STEP][PASSED] - if (testcae_status == "Passed" || testcae_status == "Failed"): null

2023-02-13 16:00:12 - [TEST_STEP][PASSED] - testCaseContext.skipThisTestCase(): null]]></system-out>
         <system-err><![CDATA[]]></system-err>
      </testcase>
      <testcase name="Test Cases/Shopify/CreateStore" time="0.015" classname="Test Cases/Shopify/CreateStore" status="SKIPPED">
         <system-out><![CDATA[2023-02-13 16:00:12 - [TEST_CASE][SKIPPED] - Test Cases/Shopify/CreateStore: 

2023-02-13 16:00:12 - [TEST_STEP][PASSED] - Start listener action : skipStatus: null

2023-02-13 16:00:12 - [TEST_STEP][PASSED] - map = testCaseContext.getTestCaseVariables(): null

2023-02-13 16:00:12 - [TEST_STEP][PASSED] - testcae_status = map.get("testcase_status"): null

2023-02-13 16:00:12 - [TEST_STEP][PASSED] - println(testcae_status): null

2023-02-13 16:00:12 - [TEST_STEP][PASSED] - if (testcae_status == "Passed" || testcae_status == "Failed"): null

2023-02-13 16:00:12 - [TEST_STEP][PASSED] - testCaseContext.skipThisTestCase(): null]]></system-out>
         <system-err><![CDATA[]]></system-err>
      </testcase>
      <testcase name="Test Cases/Shopify/CreateStore" time="0.0" classname="Test Cases/Shopify/CreateStore" status="SKIPPED">
         <system-out><![CDATA[2023-02-13 16:00:12 - [TEST_CASE][SKIPPED] - Test Cases/Shopify/CreateStore: 

2023-02-13 16:00:12 - [TEST_STEP][PASSED] - Start listener action : skipStatus: null

2023-02-13 16:00:12 - [TEST_STEP][PASSED] - map = testCaseContext.getTestCaseVariables(): null

2023-02-13 16:00:12 - [TEST_STEP][PASSED] - testcae_status = map.get("testcase_status"): null

2023-02-13 16:00:12 - [TEST_STEP][PASSED] - println(testcae_status): null

2023-02-13 16:00:12 - [TEST_STEP][PASSED] - if (testcae_status == "Passed" || testcae_status == "Failed"): null

2023-02-13 16:00:12 - [TEST_STEP][PASSED] - testCaseContext.skipThisTestCase(): null]]></system-out>
         <system-err><![CDATA[]]></system-err>
      </testcase>
      <testcase name="Test Cases/Shopify/CreateStore" time="0.016" classname="Test Cases/Shopify/CreateStore" status="SKIPPED">
         <system-out><![CDATA[2023-02-13 16:00:12 - [TEST_CASE][SKIPPED] - Test Cases/Shopify/CreateStore: 

2023-02-13 16:00:12 - [TEST_STEP][PASSED] - Start listener action : skipStatus: null

2023-02-13 16:00:12 - [TEST_STEP][PASSED] - map = testCaseContext.getTestCaseVariables(): null

2023-02-13 16:00:12 - [TEST_STEP][PASSED] - testcae_status = map.get("testcase_status"): null

2023-02-13 16:00:12 - [TEST_STEP][PASSED] - println(testcae_status): null

2023-02-13 16:00:12 - [TEST_STEP][PASSED] - if (testcae_status == "Passed" || testcae_status == "Failed"): null

2023-02-13 16:00:12 - [TEST_STEP][PASSED] - testCaseContext.skipThisTestCase(): null]]></system-out>
         <system-err><![CDATA[]]></system-err>
      </testcase>
      <testcase name="Test Cases/Shopify/CreateStore" time="0.016" classname="Test Cases/Shopify/CreateStore" status="SKIPPED">
         <system-out><![CDATA[2023-02-13 16:00:13 - [TEST_CASE][SKIPPED] - Test Cases/Shopify/CreateStore: 

2023-02-13 16:00:13 - [TEST_STEP][PASSED] - Start listener action : skipStatus: null

2023-02-13 16:00:13 - [TEST_STEP][PASSED] - map = testCaseContext.getTestCaseVariables(): null

2023-02-13 16:00:13 - [TEST_STEP][PASSED] - testcae_status = map.get("testcase_status"): null

2023-02-13 16:00:13 - [TEST_STEP][PASSED] - println(testcae_status): null

2023-02-13 16:00:13 - [TEST_STEP][PASSED] - if (testcae_status == "Passed" || testcae_status == "Failed"): null

2023-02-13 16:00:13 - [TEST_STEP][PASSED] - testCaseContext.skipThisTestCase(): null]]></system-out>
         <system-err><![CDATA[]]></system-err>
      </testcase>
      <testcase name="Test Cases/Shopify/CreateStore" time="0.015" classname="Test Cases/Shopify/CreateStore" status="SKIPPED">
         <system-out><![CDATA[2023-02-13 16:00:13 - [TEST_CASE][SKIPPED] - Test Cases/Shopify/CreateStore: 

2023-02-13 16:00:13 - [TEST_STEP][PASSED] - Start listener action : skipStatus: null

2023-02-13 16:00:13 - [TEST_STEP][PASSED] - map = testCaseContext.getTestCaseVariables(): null

2023-02-13 16:00:13 - [TEST_STEP][PASSED] - testcae_status = map.get("testcase_status"): null

2023-02-13 16:00:13 - [TEST_STEP][PASSED] - println(testcae_status): null

2023-02-13 16:00:13 - [TEST_STEP][PASSED] - if (testcae_status == "Passed" || testcae_status == "Failed"): null

2023-02-13 16:00:13 - [TEST_STEP][PASSED] - testCaseContext.skipThisTestCase(): null]]></system-out>
         <system-err><![CDATA[]]></system-err>
      </testcase>
      <testcase name="Test Cases/Shopify/CreateStore" time="0.0" classname="Test Cases/Shopify/CreateStore" status="SKIPPED">
         <system-out><![CDATA[2023-02-13 16:00:13 - [TEST_CASE][SKIPPED] - Test Cases/Shopify/CreateStore: 

2023-02-13 16:00:13 - [TEST_STEP][PASSED] - Start listener action : skipStatus: null

2023-02-13 16:00:13 - [TEST_STEP][PASSED] - map = testCaseContext.getTestCaseVariables(): null

2023-02-13 16:00:13 - [TEST_STEP][PASSED] - testcae_status = map.get("testcase_status"): null

2023-02-13 16:00:13 - [TEST_STEP][PASSED] - println(testcae_status): null

2023-02-13 16:00:13 - [TEST_STEP][PASSED] - if (testcae_status == "Passed" || testcae_status == "Failed"): null

2023-02-13 16:00:13 - [TEST_STEP][PASSED] - testCaseContext.skipThisTestCase(): null]]></system-out>
         <system-err><![CDATA[]]></system-err>
      </testcase>
      <testcase name="Test Cases/Shopify/CreateStore" time="0.0" classname="Test Cases/Shopify/CreateStore" status="SKIPPED">
         <system-out><![CDATA[2023-02-13 16:00:13 - [TEST_CASE][SKIPPED] - Test Cases/Shopify/CreateStore: 

2023-02-13 16:00:13 - [TEST_STEP][PASSED] - Start listener action : skipStatus: null

2023-02-13 16:00:13 - [TEST_STEP][PASSED] - map = testCaseContext.getTestCaseVariables(): null

2023-02-13 16:00:13 - [TEST_STEP][PASSED] - testcae_status = map.get("testcase_status"): null

2023-02-13 16:00:13 - [TEST_STEP][PASSED] - println(testcae_status): null

2023-02-13 16:00:13 - [TEST_STEP][PASSED] - if (testcae_status == "Passed" || testcae_status == "Failed"): null

2023-02-13 16:00:13 - [TEST_STEP][PASSED] - testCaseContext.skipThisTestCase(): null]]></system-out>
         <system-err><![CDATA[]]></system-err>
      </testcase>
      <testcase name="Test Cases/Shopify/CreateStore" time="0.0" classname="Test Cases/Shopify/CreateStore" status="SKIPPED">
         <system-out><![CDATA[2023-02-13 16:00:13 - [TEST_CASE][SKIPPED] - Test Cases/Shopify/CreateStore: 

2023-02-13 16:00:13 - [TEST_STEP][PASSED] - Start listener action : skipStatus: null

2023-02-13 16:00:13 - [TEST_STEP][PASSED] - map = testCaseContext.getTestCaseVariables(): null

2023-02-13 16:00:13 - [TEST_STEP][PASSED] - testcae_status = map.get("testcase_status"): null

2023-02-13 16:00:13 - [TEST_STEP][PASSED] - println(testcae_status): null

2023-02-13 16:00:13 - [TEST_STEP][PASSED] - if (testcae_status == "Passed" || testcae_status == "Failed"): null

2023-02-13 16:00:13 - [TEST_STEP][PASSED] - testCaseContext.skipThisTestCase(): null]]></system-out>
         <system-err><![CDATA[]]></system-err>
      </testcase>
      <testcase name="Test Cases/Shopify/CreateStore" time="0.0" classname="Test Cases/Shopify/CreateStore" status="SKIPPED">
         <system-out><![CDATA[2023-02-13 16:00:13 - [TEST_CASE][SKIPPED] - Test Cases/Shopify/CreateStore: 

2023-02-13 16:00:13 - [TEST_STEP][PASSED] - Start listener action : skipStatus: null

2023-02-13 16:00:13 - [TEST_STEP][PASSED] - map = testCaseContext.getTestCaseVariables(): null

2023-02-13 16:00:13 - [TEST_STEP][PASSED] - testcae_status = map.get("testcase_status"): null

2023-02-13 16:00:13 - [TEST_STEP][PASSED] - println(testcae_status): null

2023-02-13 16:00:13 - [TEST_STEP][PASSED] - if (testcae_status == "Passed" || testcae_status == "Failed"): null

2023-02-13 16:00:13 - [TEST_STEP][PASSED] - testCaseContext.skipThisTestCase(): null]]></system-out>
         <system-err><![CDATA[]]></system-err>
      </testcase>
      <testcase name="Test Cases/Shopify/CreateStore" time="0.016" classname="Test Cases/Shopify/CreateStore" status="SKIPPED">
         <system-out><![CDATA[2023-02-13 16:00:13 - [TEST_CASE][SKIPPED] - Test Cases/Shopify/CreateStore: 

2023-02-13 16:00:13 - [TEST_STEP][PASSED] - Start listener action : skipStatus: null

2023-02-13 16:00:13 - [TEST_STEP][PASSED] - map = testCaseContext.getTestCaseVariables(): null

2023-02-13 16:00:13 - [TEST_STEP][PASSED] - testcae_status = map.get("testcase_status"): null

2023-02-13 16:00:13 - [TEST_STEP][PASSED] - println(testcae_status): null

2023-02-13 16:00:13 - [TEST_STEP][PASSED] - if (testcae_status == "Passed" || testcae_status == "Failed"): null

2023-02-13 16:00:13 - [TEST_STEP][PASSED] - testCaseContext.skipThisTestCase(): null]]></system-out>
         <system-err><![CDATA[]]></system-err>
      </testcase>
      <testcase name="Test Cases/Shopify/CreateStore" time="0.023" classname="Test Cases/Shopify/CreateStore" status="SKIPPED">
         <system-out><![CDATA[2023-02-13 16:00:13 - [TEST_CASE][SKIPPED] - Test Cases/Shopify/CreateStore: 

2023-02-13 16:00:13 - [TEST_STEP][PASSED] - Start listener action : skipStatus: null

2023-02-13 16:00:13 - [TEST_STEP][PASSED] - map = testCaseContext.getTestCaseVariables(): null

2023-02-13 16:00:13 - [TEST_STEP][PASSED] - testcae_status = map.get("testcase_status"): null

2023-02-13 16:00:13 - [TEST_STEP][PASSED] - println(testcae_status): null

2023-02-13 16:00:13 - [TEST_STEP][PASSED] - if (testcae_status == "Passed" || testcae_status == "Failed"): null

2023-02-13 16:00:13 - [TEST_STEP][PASSED] - testCaseContext.skipThisTestCase(): null]]></system-out>
         <system-err><![CDATA[]]></system-err>
      </testcase>
      <testcase name="Test Cases/Shopify/CreateStore" time="0.015" classname="Test Cases/Shopify/CreateStore" status="SKIPPED">
         <system-out><![CDATA[2023-02-13 16:00:13 - [TEST_CASE][SKIPPED] - Test Cases/Shopify/CreateStore: 

2023-02-13 16:00:13 - [TEST_STEP][PASSED] - Start listener action : skipStatus: null

2023-02-13 16:00:13 - [TEST_STEP][PASSED] - map = testCaseContext.getTestCaseVariables(): null

2023-02-13 16:00:13 - [TEST_STEP][PASSED] - testcae_status = map.get("testcase_status"): null

2023-02-13 16:00:13 - [TEST_STEP][PASSED] - println(testcae_status): null

2023-02-13 16:00:13 - [TEST_STEP][PASSED] - if (testcae_status == "Passed" || testcae_status == "Failed"): null

2023-02-13 16:00:13 - [TEST_STEP][PASSED] - testCaseContext.skipThisTestCase(): null]]></system-out>
         <system-err><![CDATA[]]></system-err>
      </testcase>
      <testcase name="Test Cases/Shopify/CreateStore" time="0.0" classname="Test Cases/Shopify/CreateStore" status="SKIPPED">
         <system-out><![CDATA[2023-02-13 16:00:13 - [TEST_CASE][SKIPPED] - Test Cases/Shopify/CreateStore: 

2023-02-13 16:00:13 - [TEST_STEP][PASSED] - Start listener action : skipStatus: null

2023-02-13 16:00:13 - [TEST_STEP][PASSED] - map = testCaseContext.getTestCaseVariables(): null

2023-02-13 16:00:13 - [TEST_STEP][PASSED] - testcae_status = map.get("testcase_status"): null

2023-02-13 16:00:13 - [TEST_STEP][PASSED] - println(testcae_status): null

2023-02-13 16:00:13 - [TEST_STEP][PASSED] - if (testcae_status == "Passed" || testcae_status == "Failed"): null

2023-02-13 16:00:13 - [TEST_STEP][PASSED] - testCaseContext.skipThisTestCase(): null]]></system-out>
         <system-err><![CDATA[]]></system-err>
      </testcase>
      <testcase name="Test Cases/Shopify/CreateStore" time="0.016" classname="Test Cases/Shopify/CreateStore" status="SKIPPED">
         <system-out><![CDATA[2023-02-13 16:00:13 - [TEST_CASE][SKIPPED] - Test Cases/Shopify/CreateStore: 

2023-02-13 16:00:13 - [TEST_STEP][PASSED] - Start listener action : skipStatus: null

2023-02-13 16:00:13 - [TEST_STEP][PASSED] - map = testCaseContext.getTestCaseVariables(): null

2023-02-13 16:00:13 - [TEST_STEP][PASSED] - testcae_status = map.get("testcase_status"): null

2023-02-13 16:00:13 - [TEST_STEP][PASSED] - println(testcae_status): null

2023-02-13 16:00:13 - [TEST_STEP][PASSED] - if (testcae_status == "Passed" || testcae_status == "Failed"): null

2023-02-13 16:00:13 - [TEST_STEP][PASSED] - testCaseContext.skipThisTestCase(): null]]></system-out>
         <system-err><![CDATA[]]></system-err>
      </testcase>
      <testcase name="Test Cases/Shopify/CreateStore" time="0.0" classname="Test Cases/Shopify/CreateStore" status="SKIPPED">
         <system-out><![CDATA[2023-02-13 16:00:13 - [TEST_CASE][SKIPPED] - Test Cases/Shopify/CreateStore: 

2023-02-13 16:00:13 - [TEST_STEP][PASSED] - Start listener action : skipStatus: null

2023-02-13 16:00:13 - [TEST_STEP][PASSED] - map = testCaseContext.getTestCaseVariables(): null

2023-02-13 16:00:13 - [TEST_STEP][PASSED] - testcae_status = map.get("testcase_status"): null

2023-02-13 16:00:13 - [TEST_STEP][PASSED] - println(testcae_status): null

2023-02-13 16:00:13 - [TEST_STEP][PASSED] - if (testcae_status == "Passed" || testcae_status == "Failed"): null

2023-02-13 16:00:13 - [TEST_STEP][PASSED] - testCaseContext.skipThisTestCase(): null]]></system-out>
         <system-err><![CDATA[]]></system-err>
      </testcase>
      <testcase name="Test Cases/Shopify/CreateStore" time="0.0" classname="Test Cases/Shopify/CreateStore" status="SKIPPED">
         <system-out><![CDATA[2023-02-13 16:00:13 - [TEST_CASE][SKIPPED] - Test Cases/Shopify/CreateStore: 

2023-02-13 16:00:13 - [TEST_STEP][PASSED] - Start listener action : skipStatus: null

2023-02-13 16:00:13 - [TEST_STEP][PASSED] - map = testCaseContext.getTestCaseVariables(): null

2023-02-13 16:00:13 - [TEST_STEP][PASSED] - testcae_status = map.get("testcase_status"): null

2023-02-13 16:00:13 - [TEST_STEP][PASSED] - println(testcae_status): null

2023-02-13 16:00:13 - [TEST_STEP][PASSED] - if (testcae_status == "Passed" || testcae_status == "Failed"): null

2023-02-13 16:00:13 - [TEST_STEP][PASSED] - testCaseContext.skipThisTestCase(): null]]></system-out>
         <system-err><![CDATA[]]></system-err>
      </testcase>
      <testcase name="Test Cases/Shopify/CreateStore" time="0.0" classname="Test Cases/Shopify/CreateStore" status="SKIPPED">
         <system-out><![CDATA[2023-02-13 16:00:13 - [TEST_CASE][SKIPPED] - Test Cases/Shopify/CreateStore: 

2023-02-13 16:00:13 - [TEST_STEP][PASSED] - Start listener action : skipStatus: null

2023-02-13 16:00:13 - [TEST_STEP][PASSED] - map = testCaseContext.getTestCaseVariables(): null

2023-02-13 16:00:13 - [TEST_STEP][PASSED] - testcae_status = map.get("testcase_status"): null

2023-02-13 16:00:13 - [TEST_STEP][PASSED] - println(testcae_status): null

2023-02-13 16:00:13 - [TEST_STEP][PASSED] - if (testcae_status == "Passed" || testcae_status == "Failed"): null

2023-02-13 16:00:13 - [TEST_STEP][PASSED] - testCaseContext.skipThisTestCase(): null]]></system-out>
         <system-err><![CDATA[]]></system-err>
      </testcase>
      <testcase name="Test Cases/Shopify/CreateStore" time="0.016" classname="Test Cases/Shopify/CreateStore" status="SKIPPED">
         <system-out><![CDATA[2023-02-13 16:00:13 - [TEST_CASE][SKIPPED] - Test Cases/Shopify/CreateStore: 

2023-02-13 16:00:13 - [TEST_STEP][PASSED] - Start listener action : skipStatus: null

2023-02-13 16:00:13 - [TEST_STEP][PASSED] - map = testCaseContext.getTestCaseVariables(): null

2023-02-13 16:00:13 - [TEST_STEP][PASSED] - testcae_status = map.get("testcase_status"): null

2023-02-13 16:00:13 - [TEST_STEP][PASSED] - println(testcae_status): null

2023-02-13 16:00:13 - [TEST_STEP][PASSED] - if (testcae_status == "Passed" || testcae_status == "Failed"): null

2023-02-13 16:00:13 - [TEST_STEP][PASSED] - testCaseContext.skipThisTestCase(): null]]></system-out>
         <system-err><![CDATA[]]></system-err>
      </testcase>
      <testcase name="Test Cases/Shopify/CreateStore" time="0.016" classname="Test Cases/Shopify/CreateStore" status="SKIPPED">
         <system-out><![CDATA[2023-02-13 16:00:13 - [TEST_CASE][SKIPPED] - Test Cases/Shopify/CreateStore: 

2023-02-13 16:00:13 - [TEST_STEP][PASSED] - Start listener action : skipStatus: null

2023-02-13 16:00:13 - [TEST_STEP][PASSED] - map = testCaseContext.getTestCaseVariables(): null

2023-02-13 16:00:13 - [TEST_STEP][PASSED] - testcae_status = map.get("testcase_status"): null

2023-02-13 16:00:13 - [TEST_STEP][PASSED] - println(testcae_status): null

2023-02-13 16:00:13 - [TEST_STEP][PASSED] - if (testcae_status == "Passed" || testcae_status == "Failed"): null

2023-02-13 16:00:13 - [TEST_STEP][PASSED] - testCaseContext.skipThisTestCase(): null]]></system-out>
         <system-err><![CDATA[]]></system-err>
      </testcase>
      <testcase name="Test Cases/Shopify/CreateStore" time="0.0" classname="Test Cases/Shopify/CreateStore" status="SKIPPED">
         <system-out><![CDATA[2023-02-13 16:00:13 - [TEST_CASE][SKIPPED] - Test Cases/Shopify/CreateStore: 

2023-02-13 16:00:13 - [TEST_STEP][PASSED] - Start listener action : skipStatus: null

2023-02-13 16:00:13 - [TEST_STEP][PASSED] - map = testCaseContext.getTestCaseVariables(): null

2023-02-13 16:00:13 - [TEST_STEP][PASSED] - testcae_status = map.get("testcase_status"): null

2023-02-13 16:00:13 - [TEST_STEP][PASSED] - println(testcae_status): null

2023-02-13 16:00:13 - [TEST_STEP][PASSED] - if (testcae_status == "Passed" || testcae_status == "Failed"): null

2023-02-13 16:00:13 - [TEST_STEP][PASSED] - testCaseContext.skipThisTestCase(): null]]></system-out>
         <system-err><![CDATA[]]></system-err>
      </testcase>
      <testcase name="Test Cases/Shopify/CreateStore" time="0.0" classname="Test Cases/Shopify/CreateStore" status="SKIPPED">
         <system-out><![CDATA[2023-02-13 16:00:13 - [TEST_CASE][SKIPPED] - Test Cases/Shopify/CreateStore: 

2023-02-13 16:00:13 - [TEST_STEP][PASSED] - Start listener action : skipStatus: null

2023-02-13 16:00:13 - [TEST_STEP][PASSED] - map = testCaseContext.getTestCaseVariables(): null

2023-02-13 16:00:13 - [TEST_STEP][PASSED] - testcae_status = map.get("testcase_status"): null

2023-02-13 16:00:13 - [TEST_STEP][PASSED] - println(testcae_status): null

2023-02-13 16:00:13 - [TEST_STEP][PASSED] - if (testcae_status == "Passed" || testcae_status == "Failed"): null

2023-02-13 16:00:13 - [TEST_STEP][PASSED] - testCaseContext.skipThisTestCase(): null]]></system-out>
         <system-err><![CDATA[]]></system-err>
      </testcase>
      <testcase name="Test Cases/Shopify/CreateStore" time="0.016" classname="Test Cases/Shopify/CreateStore" status="SKIPPED">
         <system-out><![CDATA[2023-02-13 16:00:13 - [TEST_CASE][SKIPPED] - Test Cases/Shopify/CreateStore: 

2023-02-13 16:00:13 - [TEST_STEP][PASSED] - Start listener action : skipStatus: null

2023-02-13 16:00:13 - [TEST_STEP][PASSED] - map = testCaseContext.getTestCaseVariables(): null

2023-02-13 16:00:13 - [TEST_STEP][PASSED] - testcae_status = map.get("testcase_status"): null

2023-02-13 16:00:13 - [TEST_STEP][PASSED] - println(testcae_status): null

2023-02-13 16:00:13 - [TEST_STEP][PASSED] - if (testcae_status == "Passed" || testcae_status == "Failed"): null

2023-02-13 16:00:13 - [TEST_STEP][PASSED] - testCaseContext.skipThisTestCase(): null]]></system-out>
         <system-err><![CDATA[]]></system-err>
      </testcase>
      <testcase name="Test Cases/Shopify/CreateStore" time="0.0" classname="Test Cases/Shopify/CreateStore" status="SKIPPED">
         <system-out><![CDATA[2023-02-13 16:00:14 - [TEST_CASE][SKIPPED] - Test Cases/Shopify/CreateStore: 

2023-02-13 16:00:14 - [TEST_STEP][PASSED] - Start listener action : skipStatus: null

2023-02-13 16:00:14 - [TEST_STEP][PASSED] - map = testCaseContext.getTestCaseVariables(): null

2023-02-13 16:00:14 - [TEST_STEP][PASSED] - testcae_status = map.get("testcase_status"): null

2023-02-13 16:00:14 - [TEST_STEP][PASSED] - println(testcae_status): null

2023-02-13 16:00:14 - [TEST_STEP][PASSED] - if (testcae_status == "Passed" || testcae_status == "Failed"): null

2023-02-13 16:00:14 - [TEST_STEP][PASSED] - testCaseContext.skipThisTestCase(): null]]></system-out>
         <system-err><![CDATA[]]></system-err>
      </testcase>
      <testcase name="Test Cases/Shopify/CreateStore" time="0.0" classname="Test Cases/Shopify/CreateStore" status="SKIPPED">
         <system-out><![CDATA[2023-02-13 16:00:14 - [TEST_CASE][SKIPPED] - Test Cases/Shopify/CreateStore: 

2023-02-13 16:00:14 - [TEST_STEP][PASSED] - Start listener action : skipStatus: null

2023-02-13 16:00:14 - [TEST_STEP][PASSED] - map = testCaseContext.getTestCaseVariables(): null

2023-02-13 16:00:14 - [TEST_STEP][PASSED] - testcae_status = map.get("testcase_status"): null

2023-02-13 16:00:14 - [TEST_STEP][PASSED] - println(testcae_status): null

2023-02-13 16:00:14 - [TEST_STEP][PASSED] - if (testcae_status == "Passed" || testcae_status == "Failed"): null

2023-02-13 16:00:14 - [TEST_STEP][PASSED] - testCaseContext.skipThisTestCase(): null]]></system-out>
         <system-err><![CDATA[]]></system-err>
      </testcase>
      <testcase name="Test Cases/Shopify/CreateStore" time="0.015" classname="Test Cases/Shopify/CreateStore" status="SKIPPED">
         <system-out><![CDATA[2023-02-13 16:00:14 - [TEST_CASE][SKIPPED] - Test Cases/Shopify/CreateStore: 

2023-02-13 16:00:14 - [TEST_STEP][PASSED] - Start listener action : skipStatus: null

2023-02-13 16:00:14 - [TEST_STEP][PASSED] - map = testCaseContext.getTestCaseVariables(): null

2023-02-13 16:00:14 - [TEST_STEP][PASSED] - testcae_status = map.get("testcase_status"): null

2023-02-13 16:00:14 - [TEST_STEP][PASSED] - println(testcae_status): null

2023-02-13 16:00:14 - [TEST_STEP][PASSED] - if (testcae_status == "Passed" || testcae_status == "Failed"): null

2023-02-13 16:00:14 - [TEST_STEP][PASSED] - testCaseContext.skipThisTestCase(): null]]></system-out>
         <system-err><![CDATA[]]></system-err>
      </testcase>
      <testcase name="Test Cases/Shopify/CreateStore" time="0.015" classname="Test Cases/Shopify/CreateStore" status="SKIPPED">
         <system-out><![CDATA[2023-02-13 16:00:14 - [TEST_CASE][SKIPPED] - Test Cases/Shopify/CreateStore: 

2023-02-13 16:00:14 - [TEST_STEP][PASSED] - Start listener action : skipStatus: null

2023-02-13 16:00:14 - [TEST_STEP][PASSED] - map = testCaseContext.getTestCaseVariables(): null

2023-02-13 16:00:14 - [TEST_STEP][PASSED] - testcae_status = map.get("testcase_status"): null

2023-02-13 16:00:14 - [TEST_STEP][PASSED] - println(testcae_status): null

2023-02-13 16:00:14 - [TEST_STEP][PASSED] - if (testcae_status == "Passed" || testcae_status == "Failed"): null

2023-02-13 16:00:14 - [TEST_STEP][PASSED] - testCaseContext.skipThisTestCase(): null]]></system-out>
         <system-err><![CDATA[]]></system-err>
      </testcase>
      <testcase name="Test Cases/Shopify/CreateStore" time="0.0" classname="Test Cases/Shopify/CreateStore" status="SKIPPED">
         <system-out><![CDATA[2023-02-13 16:00:14 - [TEST_CASE][SKIPPED] - Test Cases/Shopify/CreateStore: 

2023-02-13 16:00:14 - [TEST_STEP][PASSED] - Start listener action : skipStatus: null

2023-02-13 16:00:14 - [TEST_STEP][PASSED] - map = testCaseContext.getTestCaseVariables(): null

2023-02-13 16:00:14 - [TEST_STEP][PASSED] - testcae_status = map.get("testcase_status"): null

2023-02-13 16:00:14 - [TEST_STEP][PASSED] - println(testcae_status): null

2023-02-13 16:00:14 - [TEST_STEP][PASSED] - if (testcae_status == "Passed" || testcae_status == "Failed"): null

2023-02-13 16:00:14 - [TEST_STEP][PASSED] - testCaseContext.skipThisTestCase(): null]]></system-out>
         <system-err><![CDATA[]]></system-err>
      </testcase>
      <testcase name="Test Cases/Shopify/CreateStore" time="0.016" classname="Test Cases/Shopify/CreateStore" status="SKIPPED">
         <system-out><![CDATA[2023-02-13 16:00:14 - [TEST_CASE][SKIPPED] - Test Cases/Shopify/CreateStore: 

2023-02-13 16:00:14 - [TEST_STEP][PASSED] - Start listener action : skipStatus: null

2023-02-13 16:00:14 - [TEST_STEP][PASSED] - map = testCaseContext.getTestCaseVariables(): null

2023-02-13 16:00:14 - [TEST_STEP][PASSED] - testcae_status = map.get("testcase_status"): null

2023-02-13 16:00:14 - [TEST_STEP][PASSED] - println(testcae_status): null

2023-02-13 16:00:14 - [TEST_STEP][PASSED] - if (testcae_status == "Passed" || testcae_status == "Failed"): null

2023-02-13 16:00:14 - [TEST_STEP][PASSED] - testCaseContext.skipThisTestCase(): null]]></system-out>
         <system-err><![CDATA[]]></system-err>
      </testcase>
      <testcase name="Test Cases/Shopify/CreateStore" time="0.015" classname="Test Cases/Shopify/CreateStore" status="SKIPPED">
         <system-out><![CDATA[2023-02-13 16:00:14 - [TEST_CASE][SKIPPED] - Test Cases/Shopify/CreateStore: 

2023-02-13 16:00:14 - [TEST_STEP][PASSED] - Start listener action : skipStatus: null

2023-02-13 16:00:14 - [TEST_STEP][PASSED] - map = testCaseContext.getTestCaseVariables(): null

2023-02-13 16:00:14 - [TEST_STEP][PASSED] - testcae_status = map.get("testcase_status"): null

2023-02-13 16:00:14 - [TEST_STEP][PASSED] - println(testcae_status): null

2023-02-13 16:00:14 - [TEST_STEP][PASSED] - if (testcae_status == "Passed" || testcae_status == "Failed"): null

2023-02-13 16:00:14 - [TEST_STEP][PASSED] - testCaseContext.skipThisTestCase(): null]]></system-out>
         <system-err><![CDATA[]]></system-err>
      </testcase>
      <testcase name="Test Cases/Shopify/CreateStore" time="0.014" classname="Test Cases/Shopify/CreateStore" status="SKIPPED">
         <system-out><![CDATA[2023-02-13 16:00:14 - [TEST_CASE][SKIPPED] - Test Cases/Shopify/CreateStore: 

2023-02-13 16:00:14 - [TEST_STEP][PASSED] - Start listener action : skipStatus: null

2023-02-13 16:00:14 - [TEST_STEP][PASSED] - map = testCaseContext.getTestCaseVariables(): null

2023-02-13 16:00:14 - [TEST_STEP][PASSED] - testcae_status = map.get("testcase_status"): null

2023-02-13 16:00:14 - [TEST_STEP][PASSED] - println(testcae_status): null

2023-02-13 16:00:14 - [TEST_STEP][PASSED] - if (testcae_status == "Passed" || testcae_status == "Failed"): null

2023-02-13 16:00:14 - [TEST_STEP][PASSED] - testCaseContext.skipThisTestCase(): null]]></system-out>
         <system-err><![CDATA[]]></system-err>
      </testcase>
      <testcase name="Test Cases/Shopify/CreateStore" time="0.021" classname="Test Cases/Shopify/CreateStore" status="SKIPPED">
         <system-out><![CDATA[2023-02-13 16:00:14 - [TEST_CASE][SKIPPED] - Test Cases/Shopify/CreateStore: 

2023-02-13 16:00:14 - [TEST_STEP][PASSED] - Start listener action : skipStatus: null

2023-02-13 16:00:14 - [TEST_STEP][PASSED] - map = testCaseContext.getTestCaseVariables(): null

2023-02-13 16:00:14 - [TEST_STEP][PASSED] - testcae_status = map.get("testcase_status"): null

2023-02-13 16:00:14 - [TEST_STEP][PASSED] - println(testcae_status): null

2023-02-13 16:00:14 - [TEST_STEP][PASSED] - if (testcae_status == "Passed" || testcae_status == "Failed"): null

2023-02-13 16:00:14 - [TEST_STEP][PASSED] - testCaseContext.skipThisTestCase(): null]]></system-out>
         <system-err><![CDATA[]]></system-err>
      </testcase>
      <testcase name="Test Cases/Shopify/CreateStore" time="0.015" classname="Test Cases/Shopify/CreateStore" status="SKIPPED">
         <system-out><![CDATA[2023-02-13 16:00:14 - [TEST_CASE][SKIPPED] - Test Cases/Shopify/CreateStore: 

2023-02-13 16:00:14 - [TEST_STEP][PASSED] - Start listener action : skipStatus: null

2023-02-13 16:00:14 - [TEST_STEP][PASSED] - map = testCaseContext.getTestCaseVariables(): null

2023-02-13 16:00:14 - [TEST_STEP][PASSED] - testcae_status = map.get("testcase_status"): null

2023-02-13 16:00:14 - [TEST_STEP][PASSED] - println(testcae_status): null

2023-02-13 16:00:14 - [TEST_STEP][PASSED] - if (testcae_status == "Passed" || testcae_status == "Failed"): null

2023-02-13 16:00:14 - [TEST_STEP][PASSED] - testCaseContext.skipThisTestCase(): null]]></system-out>
         <system-err><![CDATA[]]></system-err>
      </testcase>
      <testcase name="Test Cases/Shopify/CreateStore" time="0.0" classname="Test Cases/Shopify/CreateStore" status="SKIPPED">
         <system-out><![CDATA[2023-02-13 16:00:14 - [TEST_CASE][SKIPPED] - Test Cases/Shopify/CreateStore: 

2023-02-13 16:00:14 - [TEST_STEP][PASSED] - Start listener action : skipStatus: null

2023-02-13 16:00:14 - [TEST_STEP][PASSED] - map = testCaseContext.getTestCaseVariables(): null

2023-02-13 16:00:14 - [TEST_STEP][PASSED] - testcae_status = map.get("testcase_status"): null

2023-02-13 16:00:14 - [TEST_STEP][PASSED] - println(testcae_status): null

2023-02-13 16:00:14 - [TEST_STEP][PASSED] - if (testcae_status == "Passed" || testcae_status == "Failed"): null

2023-02-13 16:00:14 - [TEST_STEP][PASSED] - testCaseContext.skipThisTestCase(): null]]></system-out>
         <system-err><![CDATA[]]></system-err>
      </testcase>
      <testcase name="Test Cases/Shopify/CreateStore" time="0.0" classname="Test Cases/Shopify/CreateStore" status="SKIPPED">
         <system-out><![CDATA[2023-02-13 16:00:14 - [TEST_CASE][SKIPPED] - Test Cases/Shopify/CreateStore: 

2023-02-13 16:00:14 - [TEST_STEP][PASSED] - Start listener action : skipStatus: null

2023-02-13 16:00:14 - [TEST_STEP][PASSED] - map = testCaseContext.getTestCaseVariables(): null

2023-02-13 16:00:14 - [TEST_STEP][PASSED] - testcae_status = map.get("testcase_status"): null

2023-02-13 16:00:14 - [TEST_STEP][PASSED] - println(testcae_status): null

2023-02-13 16:00:14 - [TEST_STEP][PASSED] - if (testcae_status == "Passed" || testcae_status == "Failed"): null

2023-02-13 16:00:14 - [TEST_STEP][PASSED] - testCaseContext.skipThisTestCase(): null]]></system-out>
         <system-err><![CDATA[]]></system-err>
      </testcase>
      <testcase name="Test Cases/Shopify/CreateStore" time="0.016" classname="Test Cases/Shopify/CreateStore" status="SKIPPED">
         <system-out><![CDATA[2023-02-13 16:00:14 - [TEST_CASE][SKIPPED] - Test Cases/Shopify/CreateStore: 

2023-02-13 16:00:14 - [TEST_STEP][PASSED] - Start listener action : skipStatus: null

2023-02-13 16:00:14 - [TEST_STEP][PASSED] - map = testCaseContext.getTestCaseVariables(): null

2023-02-13 16:00:14 - [TEST_STEP][PASSED] - testcae_status = map.get("testcase_status"): null

2023-02-13 16:00:14 - [TEST_STEP][PASSED] - println(testcae_status): null

2023-02-13 16:00:14 - [TEST_STEP][PASSED] - if (testcae_status == "Passed" || testcae_status == "Failed"): null

2023-02-13 16:00:14 - [TEST_STEP][PASSED] - testCaseContext.skipThisTestCase(): null]]></system-out>
         <system-err><![CDATA[]]></system-err>
      </testcase>
      <testcase name="Test Cases/Shopify/CreateStore" time="0.0" classname="Test Cases/Shopify/CreateStore" status="SKIPPED">
         <system-out><![CDATA[2023-02-13 16:00:14 - [TEST_CASE][SKIPPED] - Test Cases/Shopify/CreateStore: 

2023-02-13 16:00:14 - [TEST_STEP][PASSED] - Start listener action : skipStatus: null

2023-02-13 16:00:14 - [TEST_STEP][PASSED] - map = testCaseContext.getTestCaseVariables(): null

2023-02-13 16:00:14 - [TEST_STEP][PASSED] - testcae_status = map.get("testcase_status"): null

2023-02-13 16:00:14 - [TEST_STEP][PASSED] - println(testcae_status): null

2023-02-13 16:00:14 - [TEST_STEP][PASSED] - if (testcae_status == "Passed" || testcae_status == "Failed"): null

2023-02-13 16:00:14 - [TEST_STEP][PASSED] - testCaseContext.skipThisTestCase(): null]]></system-out>
         <system-err><![CDATA[]]></system-err>
      </testcase>
      <testcase name="Test Cases/Shopify/CreateStore" time="0.0" classname="Test Cases/Shopify/CreateStore" status="SKIPPED">
         <system-out><![CDATA[2023-02-13 16:00:14 - [TEST_CASE][SKIPPED] - Test Cases/Shopify/CreateStore: 

2023-02-13 16:00:14 - [TEST_STEP][PASSED] - Start listener action : skipStatus: null

2023-02-13 16:00:14 - [TEST_STEP][PASSED] - map = testCaseContext.getTestCaseVariables(): null

2023-02-13 16:00:14 - [TEST_STEP][PASSED] - testcae_status = map.get("testcase_status"): null

2023-02-13 16:00:14 - [TEST_STEP][PASSED] - println(testcae_status): null

2023-02-13 16:00:14 - [TEST_STEP][PASSED] - if (testcae_status == "Passed" || testcae_status == "Failed"): null

2023-02-13 16:00:14 - [TEST_STEP][PASSED] - testCaseContext.skipThisTestCase(): null]]></system-out>
         <system-err><![CDATA[]]></system-err>
      </testcase>
      <system-out><![CDATA[2023-02-13 08:57:41 - [TEST_SUITE][FAILED] - Create Store: Test Cases/Shopify/CreateStore FAILED.
Reason:
com.kms.katalon.core.exception.StepFailedException: Unable to click on object 'Object Repository/Shopify Store/btn_publish_theme'
	at com.kms.katalon.core.webui.keyword.internal.WebUIKeywordMain.stepFailed(WebUIKeywordMain.groovy:64)
	at com.kms.katalon.core.webui.keyword.internal.WebUIKeywordMain.runKeyword(WebUIKeywordMain.groovy:26)
	at com.kms.katalon.core.webui.keyword.builtin.ClickKeyword.click(ClickKeyword.groovy:74)
	at com.kms.katalon.core.webui.keyword.builtin.ClickKeyword.execute(ClickKeyword.groovy:40)
	at com.kms.katalon.core.keyword.internal.KeywordExecutor.executeKeywordForPlatform(KeywordExecutor.groovy:74)
	at com.kms.katalon.core.webui.keyword.WebUiBuiltInKeywords.click(WebUiBuiltInKeywords.groovy:620)
	at com.kms.katalon.core.webui.keyword.WebUiBuiltInKeywords$click$3.call(Unknown Source)
	at shopify.store.clickPublishTheme(store.groovy:94)
	at shopify.store.invokeMethod(store.groovy)
	at com.kms.katalon.core.main.CustomKeywordDelegatingMetaClass.invokeStaticMethod(CustomKeywordDelegatingMetaClass.java:55)
	at CreateStore.run(CreateStore:56)
	at com.kms.katalon.core.main.ScriptEngine.run(ScriptEngine.java:194)
	at com.kms.katalon.core.main.ScriptEngine.runScriptAsRawText(ScriptEngine.java:119)
	at com.kms.katalon.core.main.TestCaseExecutor.runScript(TestCaseExecutor.java:448)
	at com.kms.katalon.core.main.TestCaseExecutor.doExecute(TestCaseExecutor.java:439)
	at com.kms.katalon.core.main.TestCaseExecutor.processExecutionPhase(TestCaseExecutor.java:418)
	at com.kms.katalon.core.main.TestCaseExecutor.accessMainPhase(TestCaseExecutor.java:410)
	at com.kms.katalon.core.main.TestCaseExecutor.execute(TestCaseExecutor.java:285)
	at com.kms.katalon.core.common.CommonExecutor.accessTestCaseMainPhase(CommonExecutor.java:65)
	at com.kms.katalon.core.main.TestSuiteExecutor.accessTestSuiteMainPhase(TestSuiteExecutor.java:151)
	at com.kms.katalon.core.main.TestSuiteExecutor.execute(TestSuiteExecutor.java:106)
	at com.kms.katalon.core.main.TestCaseMain.startTestSuite(TestCaseMain.java:185)
	at com.kms.katalon.core.main.TestCaseMain$startTestSuite$0.call(Unknown Source)
	at TempTestSuite1676253455264.run(TempTestSuite1676253455264.groovy:36)
Caused by: org.openqa.selenium.ElementClickInterceptedException: element click intercepted: Element <iframe title="Online Store" src="https://online-store-web.shopifyapps.com/themes?hmac=c17d723b9ebcecaa746bc9250d43225ab93bc0ef86167879dfb946063a808507&amp;host=YWRtaW4uc2hvcGlmeS5jb20vc3RvcmUvaHV5bmgtYXItc3RhZy0yMzY4&amp;locale=en&amp;session=b7e7cb12c3102c84b2ff7dcf31fd36c4046f4bfe9cf32be6052b882677e94a93&amp;shop=huynh-ar-stag-2368.myshopify.com&amp;timestamp=1676254393&amp;_signed_params=host%2Clocale%2Csession%2Cshop%2Ctimestamp&amp;appLoadId=3d41a161-0b8f-4a03-900f-cbec262858b0" name="4446c49e-0b30-4c75-8bb7-a2f3686cb4eb" context="Main" class="rG8rl" cd_frame_id_="2b657b86a08d31bf2c0299511d4027d9"></iframe> is not clickable at point (859, 946). Other element would receive the click: <p class="KZJNR" aria-hidden="true">...</p>
  (Session info: chrome=109.0.5414.121)
Build info: version: '3.141.59', revision: 'e82be7d358', time: '2018-11-14T08:25:53'
System info: host: 'HUYNH', ip: '172.18.224.1', os.name: 'Windows 10', os.arch: 'amd64', os.version: '10.0', java.version: '1.8.0_282'
Driver info: com.kms.katalon.selenium.driver.CChromeDriver
Capabilities {acceptInsecureCerts: false, browserName: chrome, browserVersion: 109.0.5414.121, chrome: {chromedriverVersion: 109.0.5414.74 (e7c5703604da..., userDataDir: C:\Users\huynh\AppData\Loca...}, goog:chromeOptions: {debuggerAddress: localhost:57152}, javascriptEnabled: true, networkConnectionEnabled: false, pageLoadStrategy: normal, platform: WINDOWS, platformName: WINDOWS, proxy: Proxy(), setWindowRect: true, strictFileInteractability: false, timeouts: {implicit: 0, pageLoad: 300000, script: 30000}, unhandledPromptBehavior: dismiss and notify, webauthn:extension:credBlob: true, webauthn:extension:largeBlob: true, webauthn:virtualAuthenticators: true}
Session ID: 748a0bbf96b332c739902e7358391e12
	at org.openqa.selenium.remote.http.W3CHttpResponseCodec.createException(W3CHttpResponseCodec.java:187)
	at org.openqa.selenium.remote.http.W3CHttpResponseCodec.decode(W3CHttpResponseCodec.java:122)
	at org.openqa.selenium.remote.http.W3CHttpResponseCodec.decode(W3CHttpResponseCodec.java:49)
	at org.openqa.selenium.remote.HttpCommandExecutor.execute(HttpCommandExecutor.java:158)
	at org.openqa.selenium.remote.service.DriverCommandExecutor.execute(DriverCommandExecutor.java:83)
	at org.openqa.selenium.remote.RemoteWebDriver.execute(RemoteWebDriver.java:552)
	at com.kms.katalon.selenium.driver.CChromeDriver.execute(CChromeDriver.java:19)
	at org.openqa.selenium.remote.RemoteWebElement.execute(RemoteWebElement.java:285)
	at org.openqa.selenium.remote.RemoteWebElement.click(RemoteWebElement.java:84)
	at org.openqa.selenium.support.events.EventFiringWebDriver$EventFiringWebElement.lambda$new$0(EventFiringWebDriver.java:404)
	at com.sun.proxy.$Proxy16.click(Unknown Source)
	at org.openqa.selenium.support.events.EventFiringWebDriver$EventFiringWebElement.click(EventFiringWebDriver.java:417)
	at org.openqa.selenium.WebElement$click.call(Unknown Source)
	at com.kms.katalon.core.webui.keyword.builtin.ClickKeyword.clickUntilSuccessWithTimeout(ClickKeyword.groovy:81)
	at com.kms.katalon.core.webui.keyword.builtin.ClickKeyword.clickUntilSuccessWithTimeout(ClickKeyword.groovy)
	at com.kms.katalon.core.webui.keyword.builtin.ClickKeyword$_click_closure1.doCall(ClickKeyword.groovy:67)
	at com.kms.katalon.core.webui.keyword.builtin.ClickKeyword$_click_closure1.call(ClickKeyword.groovy)
	at com.kms.katalon.core.webui.keyword.internal.WebUIKeywordMain.runKeyword(WebUIKeywordMain.groovy:20)
	... 22 more]]></system-out>
      <system-err><![CDATA[2023-02-13 08:57:41 - [TEST_SUITE][FAILED] - Create Store: Test Cases/Shopify/CreateStore FAILED.
Reason:
com.kms.katalon.core.exception.StepFailedException: Unable to click on object 'Object Repository/Shopify Store/btn_publish_theme'
	at com.kms.katalon.core.webui.keyword.internal.WebUIKeywordMain.stepFailed(WebUIKeywordMain.groovy:64)
	at com.kms.katalon.core.webui.keyword.internal.WebUIKeywordMain.runKeyword(WebUIKeywordMain.groovy:26)
	at com.kms.katalon.core.webui.keyword.builtin.ClickKeyword.click(ClickKeyword.groovy:74)
	at com.kms.katalon.core.webui.keyword.builtin.ClickKeyword.execute(ClickKeyword.groovy:40)
	at com.kms.katalon.core.keyword.internal.KeywordExecutor.executeKeywordForPlatform(KeywordExecutor.groovy:74)
	at com.kms.katalon.core.webui.keyword.WebUiBuiltInKeywords.click(WebUiBuiltInKeywords.groovy:620)
	at com.kms.katalon.core.webui.keyword.WebUiBuiltInKeywords$click$3.call(Unknown Source)
	at shopify.store.clickPublishTheme(store.groovy:94)
	at shopify.store.invokeMethod(store.groovy)
	at com.kms.katalon.core.main.CustomKeywordDelegatingMetaClass.invokeStaticMethod(CustomKeywordDelegatingMetaClass.java:55)
	at CreateStore.run(CreateStore:56)
	at com.kms.katalon.core.main.ScriptEngine.run(ScriptEngine.java:194)
	at com.kms.katalon.core.main.ScriptEngine.runScriptAsRawText(ScriptEngine.java:119)
	at com.kms.katalon.core.main.TestCaseExecutor.runScript(TestCaseExecutor.java:448)
	at com.kms.katalon.core.main.TestCaseExecutor.doExecute(TestCaseExecutor.java:439)
	at com.kms.katalon.core.main.TestCaseExecutor.processExecutionPhase(TestCaseExecutor.java:418)
	at com.kms.katalon.core.main.TestCaseExecutor.accessMainPhase(TestCaseExecutor.java:410)
	at com.kms.katalon.core.main.TestCaseExecutor.execute(TestCaseExecutor.java:285)
	at com.kms.katalon.core.common.CommonExecutor.accessTestCaseMainPhase(CommonExecutor.java:65)
	at com.kms.katalon.core.main.TestSuiteExecutor.accessTestSuiteMainPhase(TestSuiteExecutor.java:151)
	at com.kms.katalon.core.main.TestSuiteExecutor.execute(TestSuiteExecutor.java:106)
	at com.kms.katalon.core.main.TestCaseMain.startTestSuite(TestCaseMain.java:185)
	at com.kms.katalon.core.main.TestCaseMain$startTestSuite$0.call(Unknown Source)
	at TempTestSuite1676253455264.run(TempTestSuite1676253455264.groovy:36)
Caused by: org.openqa.selenium.ElementClickInterceptedException: element click intercepted: Element <iframe title="Online Store" src="https://online-store-web.shopifyapps.com/themes?hmac=c17d723b9ebcecaa746bc9250d43225ab93bc0ef86167879dfb946063a808507&amp;host=YWRtaW4uc2hvcGlmeS5jb20vc3RvcmUvaHV5bmgtYXItc3RhZy0yMzY4&amp;locale=en&amp;session=b7e7cb12c3102c84b2ff7dcf31fd36c4046f4bfe9cf32be6052b882677e94a93&amp;shop=huynh-ar-stag-2368.myshopify.com&amp;timestamp=1676254393&amp;_signed_params=host%2Clocale%2Csession%2Cshop%2Ctimestamp&amp;appLoadId=3d41a161-0b8f-4a03-900f-cbec262858b0" name="4446c49e-0b30-4c75-8bb7-a2f3686cb4eb" context="Main" class="rG8rl" cd_frame_id_="2b657b86a08d31bf2c0299511d4027d9"></iframe> is not clickable at point (859, 946). Other element would receive the click: <p class="KZJNR" aria-hidden="true">...</p>
  (Session info: chrome=109.0.5414.121)
Build info: version: '3.141.59', revision: 'e82be7d358', time: '2018-11-14T08:25:53'
System info: host: 'HUYNH', ip: '172.18.224.1', os.name: 'Windows 10', os.arch: 'amd64', os.version: '10.0', java.version: '1.8.0_282'
Driver info: com.kms.katalon.selenium.driver.CChromeDriver
Capabilities {acceptInsecureCerts: false, browserName: chrome, browserVersion: 109.0.5414.121, chrome: {chromedriverVersion: 109.0.5414.74 (e7c5703604da..., userDataDir: C:\Users\huynh\AppData\Loca...}, goog:chromeOptions: {debuggerAddress: localhost:57152}, javascriptEnabled: true, networkConnectionEnabled: false, pageLoadStrategy: normal, platform: WINDOWS, platformName: WINDOWS, proxy: Proxy(), setWindowRect: true, strictFileInteractability: false, timeouts: {implicit: 0, pageLoad: 300000, script: 30000}, unhandledPromptBehavior: dismiss and notify, webauthn:extension:credBlob: true, webauthn:extension:largeBlob: true, webauthn:virtualAuthenticators: true}
Session ID: 748a0bbf96b332c739902e7358391e12
	at org.openqa.selenium.remote.http.W3CHttpResponseCodec.createException(W3CHttpResponseCodec.java:187)
	at org.openqa.selenium.remote.http.W3CHttpResponseCodec.decode(W3CHttpResponseCodec.java:122)
	at org.openqa.selenium.remote.http.W3CHttpResponseCodec.decode(W3CHttpResponseCodec.java:49)
	at org.openqa.selenium.remote.HttpCommandExecutor.execute(HttpCommandExecutor.java:158)
	at org.openqa.selenium.remote.service.DriverCommandExecutor.execute(DriverCommandExecutor.java:83)
	at org.openqa.selenium.remote.RemoteWebDriver.execute(RemoteWebDriver.java:552)
	at com.kms.katalon.selenium.driver.CChromeDriver.execute(CChromeDriver.java:19)
	at org.openqa.selenium.remote.RemoteWebElement.execute(RemoteWebElement.java:285)
	at org.openqa.selenium.remote.RemoteWebElement.click(RemoteWebElement.java:84)
	at org.openqa.selenium.support.events.EventFiringWebDriver$EventFiringWebElement.lambda$new$0(EventFiringWebDriver.java:404)
	at com.sun.proxy.$Proxy16.click(Unknown Source)
	at org.openqa.selenium.support.events.EventFiringWebDriver$EventFiringWebElement.click(EventFiringWebDriver.java:417)
	at org.openqa.selenium.WebElement$click.call(Unknown Source)
	at com.kms.katalon.core.webui.keyword.builtin.ClickKeyword.clickUntilSuccessWithTimeout(ClickKeyword.groovy:81)
	at com.kms.katalon.core.webui.keyword.builtin.ClickKeyword.clickUntilSuccessWithTimeout(ClickKeyword.groovy)
	at com.kms.katalon.core.webui.keyword.builtin.ClickKeyword$_click_closure1.doCall(ClickKeyword.groovy:67)
	at com.kms.katalon.core.webui.keyword.builtin.ClickKeyword$_click_closure1.call(ClickKeyword.groovy)
	at com.kms.katalon.core.webui.keyword.internal.WebUIKeywordMain.runKeyword(WebUIKeywordMain.groovy:20)
	... 22 more]]></system-err>
   </testsuite>
</testsuites>
