<?xml version="1.0" encoding="UTF-8"?>
<testsuites name="Install Store Free" time="1492.29" tests="19" failures="10" errors="0">
   <testsuite name="Install Store Free" tests="19" failures="10" errors="0" time="1492.29" skipped="0" timestamp="2023-02-20 14:03:24" hostname="huynh - huynh.mshome.net" id="Test Suites/Alireview/Install Store Free">
      <properties>
         <property name="deviceName" value=""/>
         <property name="devicePlatform" value=""/>
         <property name="logFolder" value="C:\\Users\\huynh\\Documents\\Socialhead\\Automation\\Katalon project\\CreateStore\\CreateStore\\Reports\\20230220_140316\\Alireview\\Install Store Free\\20230220_140316"/>
         <property name="logFiles" value="C:\\Users\\huynh\\Documents\\Socialhead\\Automation\\Katalon project\\CreateStore\\CreateStore\\Reports\\20230220_140316\\Alireview\\Install Store Free\\20230220_140316\\execution0.log"/>
         <property name="attachments" value="C:\\Users\\huynh\\Documents\\Socialhead\\Automation\\Katalon project\\CreateStore\\CreateStore\\Reports\\20230220_140316\\Alireview\\Install Store Free\\20230220_140316\\1676876821949.png, C:\\Users\\huynh\\Documents\\Socialhead\\Automation\\Katalon project\\CreateStore\\CreateStore\\Reports\\20230220_140316\\Alireview\\Install Store Free\\20230220_140316\\1676876904868.png, C:\\Users\\huynh\\Documents\\Socialhead\\Automation\\Katalon project\\CreateStore\\CreateStore\\Reports\\20230220_140316\\Alireview\\Install Store Free\\20230220_140316\\1676877056664.png, C:\\Users\\huynh\\Documents\\Socialhead\\Automation\\Katalon project\\CreateStore\\CreateStore\\Reports\\20230220_140316\\Alireview\\Install Store Free\\20230220_140316\\1676877154467.png, C:\\Users\\huynh\\Documents\\Socialhead\\Automation\\Katalon project\\CreateStore\\CreateStore\\Reports\\20230220_140316\\Alireview\\Install Store Free\\20230220_140316\\1676877158915.png, C:\\Users\\huynh\\Documents\\Socialhead\\Automation\\Katalon project\\CreateStore\\CreateStore\\Reports\\20230220_140316\\Alireview\\Install Store Free\\20230220_140316\\1676877195204.png, C:\\Users\\huynh\\Documents\\Socialhead\\Automation\\Katalon project\\CreateStore\\CreateStore\\Reports\\20230220_140316\\Alireview\\Install Store Free\\20230220_140316\\1676877358772.png, C:\\Users\\huynh\\Documents\\Socialhead\\Automation\\Katalon project\\CreateStore\\CreateStore\\Reports\\20230220_140316\\Alireview\\Install Store Free\\20230220_140316\\1676877363598.png, C:\\Users\\huynh\\Documents\\Socialhead\\Automation\\Katalon project\\CreateStore\\CreateStore\\Reports\\20230220_140316\\Alireview\\Install Store Free\\20230220_140316\\1676877456405.png, C:\\Users\\huynh\\Documents\\Socialhead\\Automation\\Katalon project\\CreateStore\\CreateStore\\Reports\\20230220_140316\\Alireview\\Install Store Free\\20230220_140316\\1676877461237.png, C:\\Users\\huynh\\Documents\\Socialhead\\Automation\\Katalon project\\CreateStore\\CreateStore\\Reports\\20230220_140316\\Alireview\\Install Store Free\\20230220_140316\\1676877615963.png, C:\\Users\\huynh\\Documents\\Socialhead\\Automation\\Katalon project\\CreateStore\\CreateStore\\Reports\\20230220_140316\\Alireview\\Install Store Free\\20230220_140316\\1676877654625.png, C:\\Users\\huynh\\Documents\\Socialhead\\Automation\\Katalon project\\CreateStore\\CreateStore\\Reports\\20230220_140316\\Alireview\\Install Store Free\\20230220_140316\\1676878094909.png"/>
         <property name="hostName" value="huynh - huynh.mshome.net"/>
         <property name="os" value="Windows 10 64bit"/>
         <property name="katalonVersion" value="8.5.5.208"/>
         <property name="browser" value="Chrome 109.0.0.0"/>
         <property name="hostAddress" value="172.18.224.1"/>
         <property name="sessionId" value="d9515c30d0c39e7e6e221f10bd2d54d9"/>
         <property name="seleniumVersion" value="3.141.59"/>
         <property name="proxyInformation" value="ProxyInformation { proxyOption=NO_PROXY, proxyServerType=HTTP, username=, password=********, proxyServerAddress=, proxyServerPort=0, executionList=&quot;&quot;, isApplyToDesiredCapabilities=true }"/>
         <property name="platform" value="Windows 10"/>
      </properties>
      <testcase name="Test Cases/Alireview/Install new store free" time="67.687" classname="Test Cases/Alireview/Install new store free" status="PASSED">
         <system-out><![CDATA[2023-02-20 14:03:25 - [TEST_CASE][PASSED] - Test Cases/Alireview/Install new store free: Test Cases/Alireview/Install new store free

2023-02-20 14:03:25 - [TEST_STEP][PASSED] - Start listener action : skipStatus: null

2023-02-20 14:03:25 - [TEST_STEP][PASSED] - map = testCaseContext.getTestCaseVariables(): null

2023-02-20 14:03:25 - [TEST_STEP][PASSED] - testcae_status = map.get("testcase_status"): null

2023-02-20 14:03:25 - [TEST_STEP][PASSED] - println(testcae_status): null

2023-02-20 14:03:25 - [TEST_STEP][PASSED] - if (testcae_status == "Passed" || testcae_status == "Failed"): null

2023-02-20 14:03:25 - [TEST_STEP][PASSED] - openBrowser(""): Browser is opened with url: ''

2023-02-20 14:03:25 - [MESSAGE][INFO] - Starting 'Chrome' driver

2023-02-20 14:03:25 - [MESSAGE][INFO] - Action delay is set to 0 milliseconds

2023-02-20 14:03:27 - [MESSAGE][PASSED] - Browser is opened with url: ''

2023-02-20 14:03:27 - [TEST_STEP][PASSED] - maximizeWindow(): Current window maximized

2023-02-20 14:03:27 - [MESSAGE][PASSED] - Current window maximized

2023-02-20 14:03:27 - [TEST_STEP][PASSED] - shopify.store.loginToStoreAdmin(partner_email, partner_password, store_name): shopify.store.loginToStoreAdmin is PASSED

2023-02-20 14:03:33 - [MESSAGE][PASSED] - Navigate to 'http://huynh-ar-stag-2341.myshopify.com/admin' successfully

2023-02-20 14:03:34 - [MESSAGE][PASSED] - Text 'huynh@firegroup.io' is set on object 'Object Repository/Shopify/input_email_shopify'

2023-02-20 14:03:35 - [MESSAGE][PASSED] - Object: 'Object Repository/Shopify/btn_continue_with_email' is clicked on

2023-02-20 14:03:37 - [MESSAGE][PASSED] - Text ****** has been set on object 'Object Repository/Shopify/input_password_shopify'

2023-02-20 14:03:51 - [MESSAGE][PASSED] - Object: 'Object Repository/Shopify/btn_login' is clicked on

2023-02-20 14:03:51 - [MESSAGE][PASSED] - shopify.store.loginToStoreAdmin is PASSED

2023-02-20 14:03:51 - [TEST_STEP][PASSED] - alireview.install.inputRawDomain(store_name, host): alireview.install.inputRawDomain is PASSED

2023-02-20 14:04:08 - [MESSAGE][PASSED] - Navigate to 'https://ar-app-staging.fireapps.tech/' successfully

2023-02-20 14:04:08 - [MESSAGE][PASSED] - Text 'huynh-ar-stag-2341' is set on object 'Object Repository/Alireview/input_shop'

2023-02-20 14:04:10 - [MESSAGE][PASSED] - Object: 'Object Repository/Alireview/btn_login' is clicked on

2023-02-20 14:04:10 - [MESSAGE][PASSED] - alireview.install.inputRawDomain is PASSED

2023-02-20 14:04:10 - [TEST_STEP][PASSED] - alireview.install.installStep1(): alireview.install.installStep1 is PASSED

2023-02-20 14:04:13 - [MESSAGE][PASSED] - Object: 'Object Repository/Shopify Install App/btn_install_step1' is clicked on

2023-02-20 14:04:13 - [MESSAGE][PASSED] - alireview.install.installStep1 is PASSED

2023-02-20 14:04:13 - [TEST_STEP][PASSED] - shopify.store.clickOnShopifyUserCard(): shopify.store.clickOnShopifyUserCard is PASSED

2023-02-20 14:04:23 - [MESSAGE][PASSED] - Object: 'Object Repository/Shopify/div_user_card_name' is clicked on

2023-02-20 14:04:23 - [MESSAGE][PASSED] - shopify.store.clickOnShopifyUserCard is PASSED

2023-02-20 14:04:23 - [TEST_STEP][PASSED] - alireview.install.onboardingSelectColor(color): alireview.install.onboardingSelectColor is PASSED

2023-02-20 14:04:29 - [MESSAGE][PASSED] - Text '#C75757' is set on object 'Object Repository/Alireview/input_color'

2023-02-20 14:04:29 - [MESSAGE][PASSED] - alireview.install.onboardingSelectColor is PASSED

2023-02-20 14:04:29 - [TEST_STEP][PASSED] - alireview.install.onboardingSelectStyle(layout_type): alireview.install.onboardingSelectStyle is PASSED

2023-02-20 14:04:32 - [MESSAGE][PASSED] - Object: 'Object Repository/Alireview/label_grid_onboarding' is clicked on

2023-02-20 14:04:32 - [MESSAGE][PASSED] - alireview.install.onboardingSelectStyle is PASSED

2023-02-20 14:04:32 - [TEST_STEP][PASSED] - alireview.install.onboardingNext(): alireview.install.onboardingNext is PASSED

2023-02-20 14:04:32 - [MESSAGE][PASSED] - Object: 'Object Repository/Alireview/btn_next_onboarding' is clicked on

2023-02-20 14:04:32 - [MESSAGE][PASSED] - alireview.install.onboardingNext is PASSED

2023-02-20 14:04:32 - [TEST_STEP][PASSED] - alireview.install.clickGetStartOnboarding(): alireview.install.clickGetStartOnboarding is PASSED

2023-02-20 14:04:32 - [MESSAGE][PASSED] - Object: 'Object Repository/Alireview/btn_get_start_onboarding' is clicked on

2023-02-20 14:04:32 - [MESSAGE][PASSED] - alireview.install.clickGetStartOnboarding is PASSED

2023-02-20 14:04:32 - [TEST_STEP][PASSED] - Start tear down : teardownIfPassed: Method 'teardownIfPassed' complete successfully

2023-02-20 14:04:32 - [TEST_STEP][PASSED] - excelFilePath = "Data Files\storefree3_install app stag.xlsx": null

2023-02-20 14:04:32 - [TEST_STEP][PASSED] - data.excel.updateValueToSheet(excelFilePath, "store", 4, store_name, 9, "Installed"): data.excel.updateValueToSheet is PASSED

2023-02-20 14:04:32 - [MESSAGE][PASSED] - data.excel.updateValueToSheet is PASSED

2023-02-20 14:04:32 - [MESSAGE][PASSED] - Method 'teardownIfPassed' complete successfully]]></system-out>
         <system-err><![CDATA[]]></system-err>
      </testcase>
      <testcase name="Test Cases/Alireview/Install new store free" time="69.553" classname="Test Cases/Alireview/Install new store free" status="PASSED">
         <system-out><![CDATA[2023-02-20 14:04:32 - [TEST_CASE][PASSED] - Test Cases/Alireview/Install new store free: Test Cases/Alireview/Install new store free

2023-02-20 14:04:32 - [TEST_STEP][PASSED] - Start listener action : skipStatus: null

2023-02-20 14:04:32 - [TEST_STEP][PASSED] - map = testCaseContext.getTestCaseVariables(): null

2023-02-20 14:04:32 - [TEST_STEP][PASSED] - testcae_status = map.get("testcase_status"): null

2023-02-20 14:04:32 - [TEST_STEP][PASSED] - println(testcae_status): null

2023-02-20 14:04:32 - [TEST_STEP][PASSED] - if (testcae_status == "Passed" || testcae_status == "Failed"): null

2023-02-20 14:04:32 - [TEST_STEP][PASSED] - openBrowser(""): Browser is opened with url: ''

2023-02-20 14:04:32 - [MESSAGE][WARNING] - A browser is already opened. Closing browser and opening a new one

2023-02-20 14:04:33 - [MESSAGE][INFO] - Starting 'Chrome' driver

2023-02-20 14:04:33 - [MESSAGE][INFO] - Action delay is set to 0 milliseconds

2023-02-20 14:04:34 - [MESSAGE][PASSED] - Browser is opened with url: ''

2023-02-20 14:04:34 - [TEST_STEP][PASSED] - maximizeWindow(): Current window maximized

2023-02-20 14:04:34 - [MESSAGE][PASSED] - Current window maximized

2023-02-20 14:04:34 - [TEST_STEP][PASSED] - shopify.store.loginToStoreAdmin(partner_email, partner_password, store_name): shopify.store.loginToStoreAdmin is PASSED

2023-02-20 14:04:41 - [MESSAGE][PASSED] - Navigate to 'http://huynh-ar-stag-2342.myshopify.com/admin' successfully

2023-02-20 14:04:42 - [MESSAGE][PASSED] - Text 'huynh@firegroup.io' is set on object 'Object Repository/Shopify/input_email_shopify'

2023-02-20 14:04:43 - [MESSAGE][PASSED] - Object: 'Object Repository/Shopify/btn_continue_with_email' is clicked on

2023-02-20 14:04:45 - [MESSAGE][PASSED] - Text ****** has been set on object 'Object Repository/Shopify/input_password_shopify'

2023-02-20 14:04:55 - [MESSAGE][PASSED] - Object: 'Object Repository/Shopify/btn_login' is clicked on

2023-02-20 14:04:55 - [MESSAGE][PASSED] - shopify.store.loginToStoreAdmin is PASSED

2023-02-20 14:04:55 - [TEST_STEP][PASSED] - alireview.install.inputRawDomain(store_name, host): alireview.install.inputRawDomain is PASSED

2023-02-20 14:05:16 - [MESSAGE][PASSED] - Navigate to 'https://ar-app-staging.fireapps.tech/' successfully

2023-02-20 14:05:17 - [MESSAGE][PASSED] - Text 'huynh-ar-stag-2342' is set on object 'Object Repository/Alireview/input_shop'

2023-02-20 14:05:19 - [MESSAGE][PASSED] - Object: 'Object Repository/Alireview/btn_login' is clicked on

2023-02-20 14:05:19 - [MESSAGE][PASSED] - alireview.install.inputRawDomain is PASSED

2023-02-20 14:05:19 - [TEST_STEP][PASSED] - alireview.install.installStep1(): alireview.install.installStep1 is PASSED

2023-02-20 14:05:24 - [MESSAGE][PASSED] - Object: 'Object Repository/Shopify Install App/btn_install_step1' is clicked on

2023-02-20 14:05:24 - [MESSAGE][PASSED] - alireview.install.installStep1 is PASSED

2023-02-20 14:05:24 - [TEST_STEP][PASSED] - shopify.store.clickOnShopifyUserCard(): shopify.store.clickOnShopifyUserCard is PASSED

2023-02-20 14:05:33 - [MESSAGE][PASSED] - Object: 'Object Repository/Shopify/div_user_card_name' is clicked on

2023-02-20 14:05:33 - [MESSAGE][PASSED] - shopify.store.clickOnShopifyUserCard is PASSED

2023-02-20 14:05:33 - [TEST_STEP][PASSED] - alireview.install.onboardingSelectColor(color): alireview.install.onboardingSelectColor is PASSED

2023-02-20 14:05:42 - [MESSAGE][PASSED] - Text '#C75757' is set on object 'Object Repository/Alireview/input_color'

2023-02-20 14:05:42 - [MESSAGE][PASSED] - alireview.install.onboardingSelectColor is PASSED

2023-02-20 14:05:42 - [TEST_STEP][PASSED] - alireview.install.onboardingSelectStyle(layout_type): alireview.install.onboardingSelectStyle is PASSED

2023-02-20 14:05:42 - [MESSAGE][PASSED] - Object: 'Object Repository/Alireview/label_grid_onboarding' is clicked on

2023-02-20 14:05:42 - [MESSAGE][PASSED] - alireview.install.onboardingSelectStyle is PASSED

2023-02-20 14:05:42 - [TEST_STEP][PASSED] - alireview.install.onboardingNext(): alireview.install.onboardingNext is PASSED

2023-02-20 14:05:42 - [MESSAGE][PASSED] - Object: 'Object Repository/Alireview/btn_next_onboarding' is clicked on

2023-02-20 14:05:42 - [MESSAGE][PASSED] - alireview.install.onboardingNext is PASSED

2023-02-20 14:05:42 - [TEST_STEP][PASSED] - alireview.install.clickGetStartOnboarding(): alireview.install.clickGetStartOnboarding is PASSED

2023-02-20 14:05:42 - [MESSAGE][PASSED] - Object: 'Object Repository/Alireview/btn_get_start_onboarding' is clicked on

2023-02-20 14:05:42 - [MESSAGE][PASSED] - alireview.install.clickGetStartOnboarding is PASSED

2023-02-20 14:05:42 - [TEST_STEP][PASSED] - Start tear down : teardownIfPassed: Method 'teardownIfPassed' complete successfully

2023-02-20 14:05:42 - [TEST_STEP][PASSED] - excelFilePath = "Data Files\storefree3_install app stag.xlsx": null

2023-02-20 14:05:42 - [TEST_STEP][PASSED] - data.excel.updateValueToSheet(excelFilePath, "store", 4, store_name, 9, "Installed"): data.excel.updateValueToSheet is PASSED

2023-02-20 14:05:42 - [MESSAGE][PASSED] - data.excel.updateValueToSheet is PASSED

2023-02-20 14:05:42 - [MESSAGE][PASSED] - Method 'teardownIfPassed' complete successfully]]></system-out>
         <system-err><![CDATA[]]></system-err>
      </testcase>
      <testcase name="Test Cases/Alireview/Install new store free" time="81.798" classname="Test Cases/Alireview/Install new store free" status="FAILED">
         <failure type="FAILED" message="Test Cases/Alireview/Install new store free FAILED.
Reason:
com.kms.katalon.core.exception.StepFailedException: Unable to click on object 'Object Repository/Shopify/div_user_card_name' (Root cause: com.kms.katalon.core.exception.StepFailedException: Unable to click on object 'Object Repository/Shopify/div_user_card_name'
	at com.kms.katalon.core.webui.keyword.internal.WebUIKeywordMain.stepFailed(WebUIKeywordMain.groovy:64)
	at com.kms.katalon.core.webui.keyword.internal.WebUIKeywordMain.runKeyword(WebUIKeywordMain.groovy:26)
	at com.kms.katalon.core.webui.keyword.builtin.ClickKeyword.click(ClickKeyword.groovy:74)
	at com.kms.katalon.core.webui.keyword.builtin.ClickKeyword.execute(ClickKeyword.groovy:40)
	at com.kms.katalon.core.keyword.internal.KeywordExecutor.executeKeywordForPlatform(KeywordExecutor.groovy:74)
	at com.kms.katalon.core.webui.keyword.WebUiBuiltInKeywords.click(WebUiBuiltInKeywords.groovy:608)
	at com.kms.katalon.core.webui.keyword.WebUiBuiltInKeywords$click$5.call(Unknown Source)
	at shopify.store.clickOnShopifyUserCard(store.groovy:126)
	at shopify.store.invokeMethod(store.groovy)
	at com.kms.katalon.core.main.CustomKeywordDelegatingMetaClass.invokeStaticMethod(CustomKeywordDelegatingMetaClass.java:55)
	at Install new store free.run(Install new store free:27)
	at com.kms.katalon.core.main.ScriptEngine.run(ScriptEngine.java:194)
	at com.kms.katalon.core.main.ScriptEngine.runScriptAsRawText(ScriptEngine.java:119)
	at com.kms.katalon.core.main.TestCaseExecutor.runScript(TestCaseExecutor.java:448)
	at com.kms.katalon.core.main.TestCaseExecutor.doExecute(TestCaseExecutor.java:439)
	at com.kms.katalon.core.main.TestCaseExecutor.processExecutionPhase(TestCaseExecutor.java:418)
	at com.kms.katalon.core.main.TestCaseExecutor.accessMainPhase(TestCaseExecutor.java:410)
	at com.kms.katalon.core.main.TestCaseExecutor.execute(TestCaseExecutor.java:285)
	at com.kms.katalon.core.common.CommonExecutor.accessTestCaseMainPhase(CommonExecutor.java:65)
	at com.kms.katalon.core.main.TestSuiteExecutor.accessTestSuiteMainPhase(TestSuiteExecutor.java:151)
	at com.kms.katalon.core.main.TestSuiteExecutor.execute(TestSuiteExecutor.java:106)
	at com.kms.katalon.core.main.TestCaseMain.startTestSuite(TestCaseMain.java:185)
	at com.kms.katalon.core.main.TestCaseMain$startTestSuite$0.call(Unknown Source)
	at TempTestSuite1676876596469.run(TempTestSuite1676876596469.groovy:36)
Caused by: com.kms.katalon.core.webui.exception.WebElementNotFoundException: Web element with id: 'Object Repository/Shopify/div_user_card_name' located by '//*[@class = 'user-card__name']' not found
	at com.kms.katalon.core.webui.common.WebUiCommonHelper.findWebElement(WebUiCommonHelper.java:1370)
	at com.kms.katalon.core.webui.keyword.internal.WebUIAbstractKeyword.findWebElement(WebUIAbstractKeyword.groovy:27)
	at com.kms.katalon.core.webui.keyword.builtin.ClickKeyword$_click_closure1.doCall(ClickKeyword.groovy:65)
	at com.kms.katalon.core.webui.keyword.builtin.ClickKeyword$_click_closure1.call(ClickKeyword.groovy)
	at com.kms.katalon.core.webui.keyword.internal.WebUIKeywordMain.runKeyword(WebUIKeywordMain.groovy:20)
	at com.kms.katalon.core.webui.keyword.builtin.ClickKeyword.click(ClickKeyword.groovy:74)
	at com.kms.katalon.core.webui.keyword.builtin.ClickKeyword.execute(ClickKeyword.groovy:40)
	at com.kms.katalon.core.keyword.internal.KeywordExecutor.executeKeywordForPlatform(KeywordExecutor.groovy:74)
	at com.kms.katalon.core.webui.keyword.WebUiBuiltInKeywords.click(WebUiBuiltInKeywords.groovy:608)
	at com.kms.katalon.core.webui.keyword.WebUiBuiltInKeywords$click$5.call(Unknown Source)
	at shopify.store.clickOnShopifyUserCard(store.groovy:126)
	at shopify.store.invokeMethod(store.groovy)
	at com.kms.katalon.core.main.CustomKeywordDelegatingMetaClass.invokeStaticMethod(CustomKeywordDelegatingMetaClass.java:55)
	at Script1673948457755.run(Script1673948457755.groovy:27)
	... 13 more
)
	at com.kms.katalon.core.keyword.internal.KeywordMain.stepFailed(KeywordMain.groovy:39)
	at com.kms.katalon.core.webui.keyword.internal.WebUIKeywordMain.stepFailed(WebUIKeywordMain.groovy:64)
	at com.kms.katalon.core.webui.keyword.internal.WebUIKeywordMain.runKeyword(WebUIKeywordMain.groovy:26)
	at com.kms.katalon.core.webui.keyword.builtin.ClickKeyword.click(ClickKeyword.groovy:74)
	at com.kms.katalon.core.webui.keyword.builtin.ClickKeyword.execute(ClickKeyword.groovy:40)
	at com.kms.katalon.core.keyword.internal.KeywordExecutor.executeKeywordForPlatform(KeywordExecutor.groovy:74)
	at com.kms.katalon.core.webui.keyword.WebUiBuiltInKeywords.click(WebUiBuiltInKeywords.groovy:608)
	at com.kms.katalon.core.webui.keyword.WebUiBuiltInKeywords$click$5.call(Unknown Source)
	at shopify.store.clickOnShopifyUserCard(store.groovy:126)
	at shopify.store.invokeMethod(store.groovy)
	at com.kms.katalon.core.main.CustomKeywordDelegatingMetaClass.invokeStaticMethod(CustomKeywordDelegatingMetaClass.java:55)
	at Install new store free.run(Install new store free:27)
	at com.kms.katalon.core.main.ScriptEngine.run(ScriptEngine.java:194)
	at com.kms.katalon.core.main.ScriptEngine.runScriptAsRawText(ScriptEngine.java:119)
	at com.kms.katalon.core.main.TestCaseExecutor.runScript(TestCaseExecutor.java:448)
	at com.kms.katalon.core.main.TestCaseExecutor.doExecute(TestCaseExecutor.java:439)
	at com.kms.katalon.core.main.TestCaseExecutor.processExecutionPhase(TestCaseExecutor.java:418)
	at com.kms.katalon.core.main.TestCaseExecutor.accessMainPhase(TestCaseExecutor.java:410)
	at com.kms.katalon.core.main.TestCaseExecutor.execute(TestCaseExecutor.java:285)
	at com.kms.katalon.core.common.CommonExecutor.accessTestCaseMainPhase(CommonExecutor.java:65)
	at com.kms.katalon.core.main.TestSuiteExecutor.accessTestSuiteMainPhase(TestSuiteExecutor.java:151)
	at com.kms.katalon.core.main.TestSuiteExecutor.execute(TestSuiteExecutor.java:106)
	at com.kms.katalon.core.main.TestCaseMain.startTestSuite(TestCaseMain.java:185)
	at com.kms.katalon.core.main.TestCaseMain$startTestSuite$0.call(Unknown Source)
	at TempTestSuite1676876596469.run(TempTestSuite1676876596469.groovy:36)
Caused by: com.kms.katalon.core.exception.StepFailedException: Unable to click on object 'Object Repository/Shopify/div_user_card_name'
	... 24 more
Caused by: com.kms.katalon.core.webui.exception.WebElementNotFoundException: Web element with id: 'Object Repository/Shopify/div_user_card_name' located by '//*[@class = 'user-card__name']' not found
	at com.kms.katalon.core.webui.common.WebUiCommonHelper.findWebElement(WebUiCommonHelper.java:1370)
	at com.kms.katalon.core.webui.keyword.internal.WebUIAbstractKeyword.findWebElement(WebUIAbstractKeyword.groovy:27)
	at com.kms.katalon.core.webui.keyword.builtin.ClickKeyword$_click_closure1.doCall(ClickKeyword.groovy:65)
	at com.kms.katalon.core.webui.keyword.builtin.ClickKeyword$_click_closure1.call(ClickKeyword.groovy)
	at com.kms.katalon.core.webui.keyword.internal.WebUIKeywordMain.runKeyword(WebUIKeywordMain.groovy:20)
	... 22 more
"/>
         <system-out><![CDATA[2023-02-20 14:05:42 - [TEST_CASE][FAILED] - Test Cases/Alireview/Install new store free: Test Cases/Alireview/Install new store free FAILED.
Reason:
com.kms.katalon.core.exception.StepFailedException: Unable to click on object 'Object Repository/Shopify/div_user_card_name' (Root cause: com.kms.katalon.core.exception.StepFailedException: Unable to click on object 'Object Repository/Shopify/div_user_card_name'
	at com.kms.katalon.core.webui.keyword.internal.WebUIKeywordMain.stepFailed(WebUIKeywordMain.groovy:64)
	at com.kms.katalon.core.webui.keyword.internal.WebUIKeywordMain.runKeyword(WebUIKeywordMain.groovy:26)
	at com.kms.katalon.core.webui.keyword.builtin.ClickKeyword.click(ClickKeyword.groovy:74)
	at com.kms.katalon.core.webui.keyword.builtin.ClickKeyword.execute(ClickKeyword.groovy:40)
	at com.kms.katalon.core.keyword.internal.KeywordExecutor.executeKeywordForPlatform(KeywordExecutor.groovy:74)
	at com.kms.katalon.core.webui.keyword.WebUiBuiltInKeywords.click(WebUiBuiltInKeywords.groovy:608)
	at com.kms.katalon.core.webui.keyword.WebUiBuiltInKeywords$click$5.call(Unknown Source)
	at shopify.store.clickOnShopifyUserCard(store.groovy:126)
	at shopify.store.invokeMethod(store.groovy)
	at com.kms.katalon.core.main.CustomKeywordDelegatingMetaClass.invokeStaticMethod(CustomKeywordDelegatingMetaClass.java:55)
	at Install new store free.run(Install new store free:27)
	at com.kms.katalon.core.main.ScriptEngine.run(ScriptEngine.java:194)
	at com.kms.katalon.core.main.ScriptEngine.runScriptAsRawText(ScriptEngine.java:119)
	at com.kms.katalon.core.main.TestCaseExecutor.runScript(TestCaseExecutor.java:448)
	at com.kms.katalon.core.main.TestCaseExecutor.doExecute(TestCaseExecutor.java:439)
	at com.kms.katalon.core.main.TestCaseExecutor.processExecutionPhase(TestCaseExecutor.java:418)
	at com.kms.katalon.core.main.TestCaseExecutor.accessMainPhase(TestCaseExecutor.java:410)
	at com.kms.katalon.core.main.TestCaseExecutor.execute(TestCaseExecutor.java:285)
	at com.kms.katalon.core.common.CommonExecutor.accessTestCaseMainPhase(CommonExecutor.java:65)
	at com.kms.katalon.core.main.TestSuiteExecutor.accessTestSuiteMainPhase(TestSuiteExecutor.java:151)
	at com.kms.katalon.core.main.TestSuiteExecutor.execute(TestSuiteExecutor.java:106)
	at com.kms.katalon.core.main.TestCaseMain.startTestSuite(TestCaseMain.java:185)
	at com.kms.katalon.core.main.TestCaseMain$startTestSuite$0.call(Unknown Source)
	at TempTestSuite1676876596469.run(TempTestSuite1676876596469.groovy:36)
Caused by: com.kms.katalon.core.webui.exception.WebElementNotFoundException: Web element with id: 'Object Repository/Shopify/div_user_card_name' located by '//*[@class = 'user-card__name']' not found
	at com.kms.katalon.core.webui.common.WebUiCommonHelper.findWebElement(WebUiCommonHelper.java:1370)
	at com.kms.katalon.core.webui.keyword.internal.WebUIAbstractKeyword.findWebElement(WebUIAbstractKeyword.groovy:27)
	at com.kms.katalon.core.webui.keyword.builtin.ClickKeyword$_click_closure1.doCall(ClickKeyword.groovy:65)
	at com.kms.katalon.core.webui.keyword.builtin.ClickKeyword$_click_closure1.call(ClickKeyword.groovy)
	at com.kms.katalon.core.webui.keyword.internal.WebUIKeywordMain.runKeyword(WebUIKeywordMain.groovy:20)
	at com.kms.katalon.core.webui.keyword.builtin.ClickKeyword.click(ClickKeyword.groovy:74)
	at com.kms.katalon.core.webui.keyword.builtin.ClickKeyword.execute(ClickKeyword.groovy:40)
	at com.kms.katalon.core.keyword.internal.KeywordExecutor.executeKeywordForPlatform(KeywordExecutor.groovy:74)
	at com.kms.katalon.core.webui.keyword.WebUiBuiltInKeywords.click(WebUiBuiltInKeywords.groovy:608)
	at com.kms.katalon.core.webui.keyword.WebUiBuiltInKeywords$click$5.call(Unknown Source)
	at shopify.store.clickOnShopifyUserCard(store.groovy:126)
	at shopify.store.invokeMethod(store.groovy)
	at com.kms.katalon.core.main.CustomKeywordDelegatingMetaClass.invokeStaticMethod(CustomKeywordDelegatingMetaClass.java:55)
	at Script1673948457755.run(Script1673948457755.groovy:27)
	... 13 more
)
	at com.kms.katalon.core.keyword.internal.KeywordMain.stepFailed(KeywordMain.groovy:39)
	at com.kms.katalon.core.webui.keyword.internal.WebUIKeywordMain.stepFailed(WebUIKeywordMain.groovy:64)
	at com.kms.katalon.core.webui.keyword.internal.WebUIKeywordMain.runKeyword(WebUIKeywordMain.groovy:26)
	at com.kms.katalon.core.webui.keyword.builtin.ClickKeyword.click(ClickKeyword.groovy:74)
	at com.kms.katalon.core.webui.keyword.builtin.ClickKeyword.execute(ClickKeyword.groovy:40)
	at com.kms.katalon.core.keyword.internal.KeywordExecutor.executeKeywordForPlatform(KeywordExecutor.groovy:74)
	at com.kms.katalon.core.webui.keyword.WebUiBuiltInKeywords.click(WebUiBuiltInKeywords.groovy:608)
	at com.kms.katalon.core.webui.keyword.WebUiBuiltInKeywords$click$5.call(Unknown Source)
	at shopify.store.clickOnShopifyUserCard(store.groovy:126)
	at shopify.store.invokeMethod(store.groovy)
	at com.kms.katalon.core.main.CustomKeywordDelegatingMetaClass.invokeStaticMethod(CustomKeywordDelegatingMetaClass.java:55)
	at Install new store free.run(Install new store free:27)
	at com.kms.katalon.core.main.ScriptEngine.run(ScriptEngine.java:194)
	at com.kms.katalon.core.main.ScriptEngine.runScriptAsRawText(ScriptEngine.java:119)
	at com.kms.katalon.core.main.TestCaseExecutor.runScript(TestCaseExecutor.java:448)
	at com.kms.katalon.core.main.TestCaseExecutor.doExecute(TestCaseExecutor.java:439)
	at com.kms.katalon.core.main.TestCaseExecutor.processExecutionPhase(TestCaseExecutor.java:418)
	at com.kms.katalon.core.main.TestCaseExecutor.accessMainPhase(TestCaseExecutor.java:410)
	at com.kms.katalon.core.main.TestCaseExecutor.execute(TestCaseExecutor.java:285)
	at com.kms.katalon.core.common.CommonExecutor.accessTestCaseMainPhase(CommonExecutor.java:65)
	at com.kms.katalon.core.main.TestSuiteExecutor.accessTestSuiteMainPhase(TestSuiteExecutor.java:151)
	at com.kms.katalon.core.main.TestSuiteExecutor.execute(TestSuiteExecutor.java:106)
	at com.kms.katalon.core.main.TestCaseMain.startTestSuite(TestCaseMain.java:185)
	at com.kms.katalon.core.main.TestCaseMain$startTestSuite$0.call(Unknown Source)
	at TempTestSuite1676876596469.run(TempTestSuite1676876596469.groovy:36)
Caused by: com.kms.katalon.core.exception.StepFailedException: Unable to click on object 'Object Repository/Shopify/div_user_card_name'
	... 24 more
Caused by: com.kms.katalon.core.webui.exception.WebElementNotFoundException: Web element with id: 'Object Repository/Shopify/div_user_card_name' located by '//*[@class = 'user-card__name']' not found
	at com.kms.katalon.core.webui.common.WebUiCommonHelper.findWebElement(WebUiCommonHelper.java:1370)
	at com.kms.katalon.core.webui.keyword.internal.WebUIAbstractKeyword.findWebElement(WebUIAbstractKeyword.groovy:27)
	at com.kms.katalon.core.webui.keyword.builtin.ClickKeyword$_click_closure1.doCall(ClickKeyword.groovy:65)
	at com.kms.katalon.core.webui.keyword.builtin.ClickKeyword$_click_closure1.call(ClickKeyword.groovy)
	at com.kms.katalon.core.webui.keyword.internal.WebUIKeywordMain.runKeyword(WebUIKeywordMain.groovy:20)
	... 22 more


2023-02-20 14:05:42 - [TEST_STEP][PASSED] - Start listener action : skipStatus: null

2023-02-20 14:05:42 - [TEST_STEP][PASSED] - map = testCaseContext.getTestCaseVariables(): null

2023-02-20 14:05:42 - [TEST_STEP][PASSED] - testcae_status = map.get("testcase_status"): null

2023-02-20 14:05:42 - [TEST_STEP][PASSED] - println(testcae_status): null

2023-02-20 14:05:42 - [TEST_STEP][PASSED] - if (testcae_status == "Passed" || testcae_status == "Failed"): null

2023-02-20 14:05:42 - [TEST_STEP][PASSED] - openBrowser(""): Browser is opened with url: ''

2023-02-20 14:05:42 - [MESSAGE][WARNING] - A browser is already opened. Closing browser and opening a new one

2023-02-20 14:05:43 - [MESSAGE][INFO] - Starting 'Chrome' driver

2023-02-20 14:05:43 - [MESSAGE][INFO] - Action delay is set to 0 milliseconds

2023-02-20 14:05:44 - [MESSAGE][PASSED] - Browser is opened with url: ''

2023-02-20 14:05:44 - [TEST_STEP][PASSED] - maximizeWindow(): Current window maximized

2023-02-20 14:05:44 - [MESSAGE][PASSED] - Current window maximized

2023-02-20 14:05:44 - [TEST_STEP][PASSED] - shopify.store.loginToStoreAdmin(partner_email, partner_password, store_name): shopify.store.loginToStoreAdmin is PASSED

2023-02-20 14:05:50 - [MESSAGE][PASSED] - Navigate to 'http://huynh-ar-stag-2343.myshopify.com/admin' successfully

2023-02-20 14:05:51 - [MESSAGE][PASSED] - Text 'huynh@firegroup.io' is set on object 'Object Repository/Shopify/input_email_shopify'

2023-02-20 14:05:53 - [MESSAGE][PASSED] - Object: 'Object Repository/Shopify/btn_continue_with_email' is clicked on

2023-02-20 14:05:56 - [MESSAGE][PASSED] - Text ****** has been set on object 'Object Repository/Shopify/input_password_shopify'

2023-02-20 14:06:11 - [MESSAGE][PASSED] - Object: 'Object Repository/Shopify/btn_login' is clicked on

2023-02-20 14:06:11 - [MESSAGE][PASSED] - shopify.store.loginToStoreAdmin is PASSED

2023-02-20 14:06:11 - [TEST_STEP][PASSED] - alireview.install.inputRawDomain(store_name, host): alireview.install.inputRawDomain is PASSED

2023-02-20 14:06:23 - [MESSAGE][PASSED] - Navigate to 'https://ar-app-staging.fireapps.tech/' successfully

2023-02-20 14:06:24 - [MESSAGE][PASSED] - Text 'huynh-ar-stag-2343' is set on object 'Object Repository/Alireview/input_shop'

2023-02-20 14:06:26 - [MESSAGE][PASSED] - Object: 'Object Repository/Alireview/btn_login' is clicked on

2023-02-20 14:06:26 - [MESSAGE][PASSED] - alireview.install.inputRawDomain is PASSED

2023-02-20 14:06:26 - [TEST_STEP][PASSED] - alireview.install.installStep1(): alireview.install.installStep1 is PASSED

2023-02-20 14:06:30 - [MESSAGE][PASSED] - Object: 'Object Repository/Shopify Install App/btn_install_step1' is clicked on

2023-02-20 14:06:30 - [MESSAGE][PASSED] - alireview.install.installStep1 is PASSED

2023-02-20 14:06:30 - [TEST_STEP][FAILED] - shopify.store.clickOnShopifyUserCard(): com.kms.katalon.core.exception.StepFailedException: Unable to click on object 'Object Repository/Shopify/div_user_card_name' (Root cause: com.kms.katalon.core.exception.StepFailedException: Unable to click on object 'Object Repository/Shopify/div_user_card_name'
	at com.kms.katalon.core.webui.keyword.internal.WebUIKeywordMain.stepFailed(WebUIKeywordMain.groovy:64)
	at com.kms.katalon.core.webui.keyword.internal.WebUIKeywordMain.runKeyword(WebUIKeywordMain.groovy:26)
	at com.kms.katalon.core.webui.keyword.builtin.ClickKeyword.click(ClickKeyword.groovy:74)
	at com.kms.katalon.core.webui.keyword.builtin.ClickKeyword.execute(ClickKeyword.groovy:40)
	at com.kms.katalon.core.keyword.internal.KeywordExecutor.executeKeywordForPlatform(KeywordExecutor.groovy:74)
	at com.kms.katalon.core.webui.keyword.WebUiBuiltInKeywords.click(WebUiBuiltInKeywords.groovy:608)
	at com.kms.katalon.core.webui.keyword.WebUiBuiltInKeywords$click$5.call(Unknown Source)
	at shopify.store.clickOnShopifyUserCard(store.groovy:126)
	at shopify.store.invokeMethod(store.groovy)
	at com.kms.katalon.core.main.CustomKeywordDelegatingMetaClass.invokeStaticMethod(CustomKeywordDelegatingMetaClass.java:55)
	at Install new store free.run(Install new store free:27)
	at com.kms.katalon.core.main.ScriptEngine.run(ScriptEngine.java:194)
	at com.kms.katalon.core.main.ScriptEngine.runScriptAsRawText(ScriptEngine.java:119)
	at com.kms.katalon.core.main.TestCaseExecutor.runScript(TestCaseExecutor.java:448)
	at com.kms.katalon.core.main.TestCaseExecutor.doExecute(TestCaseExecutor.java:439)
	at com.kms.katalon.core.main.TestCaseExecutor.processExecutionPhase(TestCaseExecutor.java:418)
	at com.kms.katalon.core.main.TestCaseExecutor.accessMainPhase(TestCaseExecutor.java:410)
	at com.kms.katalon.core.main.TestCaseExecutor.execute(TestCaseExecutor.java:285)
	at com.kms.katalon.core.common.CommonExecutor.accessTestCaseMainPhase(CommonExecutor.java:65)
	at com.kms.katalon.core.main.TestSuiteExecutor.accessTestSuiteMainPhase(TestSuiteExecutor.java:151)
	at com.kms.katalon.core.main.TestSuiteExecutor.execute(TestSuiteExecutor.java:106)
	at com.kms.katalon.core.main.TestCaseMain.startTestSuite(TestCaseMain.java:185)
	at com.kms.katalon.core.main.TestCaseMain$startTestSuite$0.call(Unknown Source)
	at TempTestSuite1676876596469.run(TempTestSuite1676876596469.groovy:36)
Caused by: com.kms.katalon.core.webui.exception.WebElementNotFoundException: Web element with id: 'Object Repository/Shopify/div_user_card_name' located by '//*[@class = 'user-card__name']' not found
	at com.kms.katalon.core.webui.common.WebUiCommonHelper.findWebElement(WebUiCommonHelper.java:1370)
	at com.kms.katalon.core.webui.keyword.internal.WebUIAbstractKeyword.findWebElement(WebUIAbstractKeyword.groovy:27)
	at com.kms.katalon.core.webui.keyword.builtin.ClickKeyword$_click_closure1.doCall(ClickKeyword.groovy:65)
	at com.kms.katalon.core.webui.keyword.builtin.ClickKeyword$_click_closure1.call(ClickKeyword.groovy)
	at com.kms.katalon.core.webui.keyword.internal.WebUIKeywordMain.runKeyword(WebUIKeywordMain.groovy:20)
	at com.kms.katalon.core.webui.keyword.builtin.ClickKeyword.click(ClickKeyword.groovy:74)
	at com.kms.katalon.core.webui.keyword.builtin.ClickKeyword.execute(ClickKeyword.groovy:40)
	at com.kms.katalon.core.keyword.internal.KeywordExecutor.executeKeywordForPlatform(KeywordExecutor.groovy:74)
	at com.kms.katalon.core.webui.keyword.WebUiBuiltInKeywords.click(WebUiBuiltInKeywords.groovy:608)
	at com.kms.katalon.core.webui.keyword.WebUiBuiltInKeywords$click$5.call(Unknown Source)
	at shopify.store.clickOnShopifyUserCard(store.groovy:126)
	at shopify.store.invokeMethod(store.groovy)
	at com.kms.katalon.core.main.CustomKeywordDelegatingMetaClass.invokeStaticMethod(CustomKeywordDelegatingMetaClass.java:55)
	at Script1673948457755.run(Script1673948457755.groovy:27)
	... 13 more
)

2023-02-20 14:07:01 - [MESSAGE][INFO] - Unable to find the element located by 'By.xpath: //*[@class = 'user-card__name']'. Please recheck the objects properties to make sure the desired element is located. 

2023-02-20 14:07:01 - [MESSAGE][WARNING] - [SELF-HEALING] Failed to find element with id 'Object Repository/Shopify/div_user_card_name'. Try using Self-healing.

2023-02-20 14:07:01 - [MESSAGE][WARNING] - [SELF-HEALING] Cannot find elements when the XPath is null.

2023-02-20 14:07:01 - [MESSAGE][WARNING] - [SELF-HEALING] Cannot find elements when the selector is null

2023-02-20 14:07:02 - [MESSAGE][FAILED] - Unable to click on object 'Object Repository/Shopify/div_user_card_name' (Root cause: com.kms.katalon.core.exception.StepFailedException: Unable to click on object 'Object Repository/Shopify/div_user_card_name'
	at com.kms.katalon.core.webui.keyword.internal.WebUIKeywordMain.stepFailed(WebUIKeywordMain.groovy:64)
	at com.kms.katalon.core.webui.keyword.internal.WebUIKeywordMain.runKeyword(WebUIKeywordMain.groovy:26)
	at com.kms.katalon.core.webui.keyword.builtin.ClickKeyword.click(ClickKeyword.groovy:74)
	at com.kms.katalon.core.webui.keyword.builtin.ClickKeyword.execute(ClickKeyword.groovy:40)
	at com.kms.katalon.core.keyword.internal.KeywordExecutor.executeKeywordForPlatform(KeywordExecutor.groovy:74)
	at com.kms.katalon.core.webui.keyword.WebUiBuiltInKeywords.click(WebUiBuiltInKeywords.groovy:608)
	at com.kms.katalon.core.webui.keyword.WebUiBuiltInKeywords$click$5.call(Unknown Source)
	at shopify.store.clickOnShopifyUserCard(store.groovy:126)
	at shopify.store.invokeMethod(store.groovy)
	at com.kms.katalon.core.main.CustomKeywordDelegatingMetaClass.invokeStaticMethod(CustomKeywordDelegatingMetaClass.java:55)
	at Install new store free.run(Install new store free:27)
	at com.kms.katalon.core.main.ScriptEngine.run(ScriptEngine.java:194)
	at com.kms.katalon.core.main.ScriptEngine.runScriptAsRawText(ScriptEngine.java:119)
	at com.kms.katalon.core.main.TestCaseExecutor.runScript(TestCaseExecutor.java:448)
	at com.kms.katalon.core.main.TestCaseExecutor.doExecute(TestCaseExecutor.java:439)
	at com.kms.katalon.core.main.TestCaseExecutor.processExecutionPhase(TestCaseExecutor.java:418)
	at com.kms.katalon.core.main.TestCaseExecutor.accessMainPhase(TestCaseExecutor.java:410)
	at com.kms.katalon.core.main.TestCaseExecutor.execute(TestCaseExecutor.java:285)
	at com.kms.katalon.core.common.CommonExecutor.accessTestCaseMainPhase(CommonExecutor.java:65)
	at com.kms.katalon.core.main.TestSuiteExecutor.accessTestSuiteMainPhase(TestSuiteExecutor.java:151)
	at com.kms.katalon.core.main.TestSuiteExecutor.execute(TestSuiteExecutor.java:106)
	at com.kms.katalon.core.main.TestCaseMain.startTestSuite(TestCaseMain.java:185)
	at com.kms.katalon.core.main.TestCaseMain$startTestSuite$0.call(Unknown Source)
	at TempTestSuite1676876596469.run(TempTestSuite1676876596469.groovy:36)
Caused by: com.kms.katalon.core.webui.exception.WebElementNotFoundException: Web element with id: 'Object Repository/Shopify/div_user_card_name' located by '//*[@class = 'user-card__name']' not found
	at com.kms.katalon.core.webui.common.WebUiCommonHelper.findWebElement(WebUiCommonHelper.java:1370)
	at com.kms.katalon.core.webui.keyword.internal.WebUIAbstractKeyword.findWebElement(WebUIAbstractKeyword.groovy:27)
	at com.kms.katalon.core.webui.keyword.builtin.ClickKeyword$_click_closure1.doCall(ClickKeyword.groovy:65)
	at com.kms.katalon.core.webui.keyword.builtin.ClickKeyword$_click_closure1.call(ClickKeyword.groovy)
	at com.kms.katalon.core.webui.keyword.internal.WebUIKeywordMain.runKeyword(WebUIKeywordMain.groovy:20)
	at com.kms.katalon.core.webui.keyword.builtin.ClickKeyword.click(ClickKeyword.groovy:74)
	at com.kms.katalon.core.webui.keyword.builtin.ClickKeyword.execute(ClickKeyword.groovy:40)
	at com.kms.katalon.core.keyword.internal.KeywordExecutor.executeKeywordForPlatform(KeywordExecutor.groovy:74)
	at com.kms.katalon.core.webui.keyword.WebUiBuiltInKeywords.click(WebUiBuiltInKeywords.groovy:608)
	at com.kms.katalon.core.webui.keyword.WebUiBuiltInKeywords$click$5.call(Unknown Source)
	at shopify.store.clickOnShopifyUserCard(store.groovy:126)
	at shopify.store.invokeMethod(store.groovy)
	at com.kms.katalon.core.main.CustomKeywordDelegatingMetaClass.invokeStaticMethod(CustomKeywordDelegatingMetaClass.java:55)
	at Script1673948457755.run(Script1673948457755.groovy:27)
	... 13 more
)
[[ATTACHMENT|C:\\Users\\huynh\\Documents\\Socialhead\\Automation\\Katalon project\\CreateStore\\CreateStore\\Reports\\20230220_140316\\Alireview\\Install Store Free\\20230220_140316\\1676876821949.png]]

2023-02-20 14:07:02 - [MESSAGE][FAILED] - com.kms.katalon.core.exception.StepFailedException: Unable to click on object 'Object Repository/Shopify/div_user_card_name' (Root cause: com.kms.katalon.core.exception.StepFailedException: Unable to click on object 'Object Repository/Shopify/div_user_card_name'
	at com.kms.katalon.core.webui.keyword.internal.WebUIKeywordMain.stepFailed(WebUIKeywordMain.groovy:64)
	at com.kms.katalon.core.webui.keyword.internal.WebUIKeywordMain.runKeyword(WebUIKeywordMain.groovy:26)
	at com.kms.katalon.core.webui.keyword.builtin.ClickKeyword.click(ClickKeyword.groovy:74)
	at com.kms.katalon.core.webui.keyword.builtin.ClickKeyword.execute(ClickKeyword.groovy:40)
	at com.kms.katalon.core.keyword.internal.KeywordExecutor.executeKeywordForPlatform(KeywordExecutor.groovy:74)
	at com.kms.katalon.core.webui.keyword.WebUiBuiltInKeywords.click(WebUiBuiltInKeywords.groovy:608)
	at com.kms.katalon.core.webui.keyword.WebUiBuiltInKeywords$click$5.call(Unknown Source)
	at shopify.store.clickOnShopifyUserCard(store.groovy:126)
	at shopify.store.invokeMethod(store.groovy)
	at com.kms.katalon.core.main.CustomKeywordDelegatingMetaClass.invokeStaticMethod(CustomKeywordDelegatingMetaClass.java:55)
	at Install new store free.run(Install new store free:27)
	at com.kms.katalon.core.main.ScriptEngine.run(ScriptEngine.java:194)
	at com.kms.katalon.core.main.ScriptEngine.runScriptAsRawText(ScriptEngine.java:119)
	at com.kms.katalon.core.main.TestCaseExecutor.runScript(TestCaseExecutor.java:448)
	at com.kms.katalon.core.main.TestCaseExecutor.doExecute(TestCaseExecutor.java:439)
	at com.kms.katalon.core.main.TestCaseExecutor.processExecutionPhase(TestCaseExecutor.java:418)
	at com.kms.katalon.core.main.TestCaseExecutor.accessMainPhase(TestCaseExecutor.java:410)
	at com.kms.katalon.core.main.TestCaseExecutor.execute(TestCaseExecutor.java:285)
	at com.kms.katalon.core.common.CommonExecutor.accessTestCaseMainPhase(CommonExecutor.java:65)
	at com.kms.katalon.core.main.TestSuiteExecutor.accessTestSuiteMainPhase(TestSuiteExecutor.java:151)
	at com.kms.katalon.core.main.TestSuiteExecutor.execute(TestSuiteExecutor.java:106)
	at com.kms.katalon.core.main.TestCaseMain.startTestSuite(TestCaseMain.java:185)
	at com.kms.katalon.core.main.TestCaseMain$startTestSuite$0.call(Unknown Source)
	at TempTestSuite1676876596469.run(TempTestSuite1676876596469.groovy:36)
Caused by: com.kms.katalon.core.webui.exception.WebElementNotFoundException: Web element with id: 'Object Repository/Shopify/div_user_card_name' located by '//*[@class = 'user-card__name']' not found
	at com.kms.katalon.core.webui.common.WebUiCommonHelper.findWebElement(WebUiCommonHelper.java:1370)
	at com.kms.katalon.core.webui.keyword.internal.WebUIAbstractKeyword.findWebElement(WebUIAbstractKeyword.groovy:27)
	at com.kms.katalon.core.webui.keyword.builtin.ClickKeyword$_click_closure1.doCall(ClickKeyword.groovy:65)
	at com.kms.katalon.core.webui.keyword.builtin.ClickKeyword$_click_closure1.call(ClickKeyword.groovy)
	at com.kms.katalon.core.webui.keyword.internal.WebUIKeywordMain.runKeyword(WebUIKeywordMain.groovy:20)
	at com.kms.katalon.core.webui.keyword.builtin.ClickKeyword.click(ClickKeyword.groovy:74)
	at com.kms.katalon.core.webui.keyword.builtin.ClickKeyword.execute(ClickKeyword.groovy:40)
	at com.kms.katalon.core.keyword.internal.KeywordExecutor.executeKeywordForPlatform(KeywordExecutor.groovy:74)
	at com.kms.katalon.core.webui.keyword.WebUiBuiltInKeywords.click(WebUiBuiltInKeywords.groovy:608)
	at com.kms.katalon.core.webui.keyword.WebUiBuiltInKeywords$click$5.call(Unknown Source)
	at shopify.store.clickOnShopifyUserCard(store.groovy:126)
	at shopify.store.invokeMethod(store.groovy)
	at com.kms.katalon.core.main.CustomKeywordDelegatingMetaClass.invokeStaticMethod(CustomKeywordDelegatingMetaClass.java:55)
	at Script1673948457755.run(Script1673948457755.groovy:27)
	... 13 more
)

2023-02-20 14:07:02 - [TEST_STEP][PASSED] - alireview.install.onboardingSelectColor(color): alireview.install.onboardingSelectColor is PASSED

2023-02-20 14:07:02 - [MESSAGE][PASSED] - Text '#C75757' is set on object 'Object Repository/Alireview/input_color'

2023-02-20 14:07:02 - [MESSAGE][PASSED] - alireview.install.onboardingSelectColor is PASSED

2023-02-20 14:07:02 - [TEST_STEP][PASSED] - alireview.install.onboardingSelectStyle(layout_type): alireview.install.onboardingSelectStyle is PASSED

2023-02-20 14:07:02 - [MESSAGE][PASSED] - Object: 'Object Repository/Alireview/label_grid_onboarding' is clicked on

2023-02-20 14:07:02 - [MESSAGE][PASSED] - alireview.install.onboardingSelectStyle is PASSED

2023-02-20 14:07:02 - [TEST_STEP][PASSED] - alireview.install.onboardingNext(): alireview.install.onboardingNext is PASSED

2023-02-20 14:07:02 - [MESSAGE][PASSED] - Object: 'Object Repository/Alireview/btn_next_onboarding' is clicked on

2023-02-20 14:07:02 - [MESSAGE][PASSED] - alireview.install.onboardingNext is PASSED

2023-02-20 14:07:02 - [TEST_STEP][PASSED] - alireview.install.clickGetStartOnboarding(): alireview.install.clickGetStartOnboarding is PASSED

2023-02-20 14:07:04 - [MESSAGE][PASSED] - Object: 'Object Repository/Alireview/btn_get_start_onboarding' is clicked on

2023-02-20 14:07:04 - [MESSAGE][PASSED] - alireview.install.clickGetStartOnboarding is PASSED

2023-02-20 14:07:04 - [TEST_STEP][PASSED] - Start tear down : teardownIfFailed: Method 'teardownIfFailed' complete successfully

2023-02-20 14:07:04 - [TEST_STEP][PASSED] - excelFilePath = "Data Files\storefree3_install app stag.xlsx": null

2023-02-20 14:07:04 - [TEST_STEP][PASSED] - data.excel.updateValueToSheet(excelFilePath, "store", 4, store_name, 9, "Not install"): data.excel.updateValueToSheet is PASSED

2023-02-20 14:07:04 - [MESSAGE][PASSED] - data.excel.updateValueToSheet is PASSED

2023-02-20 14:07:04 - [MESSAGE][PASSED] - Method 'teardownIfFailed' complete successfully]]></system-out>
         <system-err><![CDATA[2023-02-20 14:05:42 - [TEST_CASE][FAILED] - Test Cases/Alireview/Install new store free: Test Cases/Alireview/Install new store free FAILED.
Reason:
com.kms.katalon.core.exception.StepFailedException: Unable to click on object 'Object Repository/Shopify/div_user_card_name' (Root cause: com.kms.katalon.core.exception.StepFailedException: Unable to click on object 'Object Repository/Shopify/div_user_card_name'
	at com.kms.katalon.core.webui.keyword.internal.WebUIKeywordMain.stepFailed(WebUIKeywordMain.groovy:64)
	at com.kms.katalon.core.webui.keyword.internal.WebUIKeywordMain.runKeyword(WebUIKeywordMain.groovy:26)
	at com.kms.katalon.core.webui.keyword.builtin.ClickKeyword.click(ClickKeyword.groovy:74)
	at com.kms.katalon.core.webui.keyword.builtin.ClickKeyword.execute(ClickKeyword.groovy:40)
	at com.kms.katalon.core.keyword.internal.KeywordExecutor.executeKeywordForPlatform(KeywordExecutor.groovy:74)
	at com.kms.katalon.core.webui.keyword.WebUiBuiltInKeywords.click(WebUiBuiltInKeywords.groovy:608)
	at com.kms.katalon.core.webui.keyword.WebUiBuiltInKeywords$click$5.call(Unknown Source)
	at shopify.store.clickOnShopifyUserCard(store.groovy:126)
	at shopify.store.invokeMethod(store.groovy)
	at com.kms.katalon.core.main.CustomKeywordDelegatingMetaClass.invokeStaticMethod(CustomKeywordDelegatingMetaClass.java:55)
	at Install new store free.run(Install new store free:27)
	at com.kms.katalon.core.main.ScriptEngine.run(ScriptEngine.java:194)
	at com.kms.katalon.core.main.ScriptEngine.runScriptAsRawText(ScriptEngine.java:119)
	at com.kms.katalon.core.main.TestCaseExecutor.runScript(TestCaseExecutor.java:448)
	at com.kms.katalon.core.main.TestCaseExecutor.doExecute(TestCaseExecutor.java:439)
	at com.kms.katalon.core.main.TestCaseExecutor.processExecutionPhase(TestCaseExecutor.java:418)
	at com.kms.katalon.core.main.TestCaseExecutor.accessMainPhase(TestCaseExecutor.java:410)
	at com.kms.katalon.core.main.TestCaseExecutor.execute(TestCaseExecutor.java:285)
	at com.kms.katalon.core.common.CommonExecutor.accessTestCaseMainPhase(CommonExecutor.java:65)
	at com.kms.katalon.core.main.TestSuiteExecutor.accessTestSuiteMainPhase(TestSuiteExecutor.java:151)
	at com.kms.katalon.core.main.TestSuiteExecutor.execute(TestSuiteExecutor.java:106)
	at com.kms.katalon.core.main.TestCaseMain.startTestSuite(TestCaseMain.java:185)
	at com.kms.katalon.core.main.TestCaseMain$startTestSuite$0.call(Unknown Source)
	at TempTestSuite1676876596469.run(TempTestSuite1676876596469.groovy:36)
Caused by: com.kms.katalon.core.webui.exception.WebElementNotFoundException: Web element with id: 'Object Repository/Shopify/div_user_card_name' located by '//*[@class = 'user-card__name']' not found
	at com.kms.katalon.core.webui.common.WebUiCommonHelper.findWebElement(WebUiCommonHelper.java:1370)
	at com.kms.katalon.core.webui.keyword.internal.WebUIAbstractKeyword.findWebElement(WebUIAbstractKeyword.groovy:27)
	at com.kms.katalon.core.webui.keyword.builtin.ClickKeyword$_click_closure1.doCall(ClickKeyword.groovy:65)
	at com.kms.katalon.core.webui.keyword.builtin.ClickKeyword$_click_closure1.call(ClickKeyword.groovy)
	at com.kms.katalon.core.webui.keyword.internal.WebUIKeywordMain.runKeyword(WebUIKeywordMain.groovy:20)
	at com.kms.katalon.core.webui.keyword.builtin.ClickKeyword.click(ClickKeyword.groovy:74)
	at com.kms.katalon.core.webui.keyword.builtin.ClickKeyword.execute(ClickKeyword.groovy:40)
	at com.kms.katalon.core.keyword.internal.KeywordExecutor.executeKeywordForPlatform(KeywordExecutor.groovy:74)
	at com.kms.katalon.core.webui.keyword.WebUiBuiltInKeywords.click(WebUiBuiltInKeywords.groovy:608)
	at com.kms.katalon.core.webui.keyword.WebUiBuiltInKeywords$click$5.call(Unknown Source)
	at shopify.store.clickOnShopifyUserCard(store.groovy:126)
	at shopify.store.invokeMethod(store.groovy)
	at com.kms.katalon.core.main.CustomKeywordDelegatingMetaClass.invokeStaticMethod(CustomKeywordDelegatingMetaClass.java:55)
	at Script1673948457755.run(Script1673948457755.groovy:27)
	... 13 more
)
	at com.kms.katalon.core.keyword.internal.KeywordMain.stepFailed(KeywordMain.groovy:39)
	at com.kms.katalon.core.webui.keyword.internal.WebUIKeywordMain.stepFailed(WebUIKeywordMain.groovy:64)
	at com.kms.katalon.core.webui.keyword.internal.WebUIKeywordMain.runKeyword(WebUIKeywordMain.groovy:26)
	at com.kms.katalon.core.webui.keyword.builtin.ClickKeyword.click(ClickKeyword.groovy:74)
	at com.kms.katalon.core.webui.keyword.builtin.ClickKeyword.execute(ClickKeyword.groovy:40)
	at com.kms.katalon.core.keyword.internal.KeywordExecutor.executeKeywordForPlatform(KeywordExecutor.groovy:74)
	at com.kms.katalon.core.webui.keyword.WebUiBuiltInKeywords.click(WebUiBuiltInKeywords.groovy:608)
	at com.kms.katalon.core.webui.keyword.WebUiBuiltInKeywords$click$5.call(Unknown Source)
	at shopify.store.clickOnShopifyUserCard(store.groovy:126)
	at shopify.store.invokeMethod(store.groovy)
	at com.kms.katalon.core.main.CustomKeywordDelegatingMetaClass.invokeStaticMethod(CustomKeywordDelegatingMetaClass.java:55)
	at Install new store free.run(Install new store free:27)
	at com.kms.katalon.core.main.ScriptEngine.run(ScriptEngine.java:194)
	at com.kms.katalon.core.main.ScriptEngine.runScriptAsRawText(ScriptEngine.java:119)
	at com.kms.katalon.core.main.TestCaseExecutor.runScript(TestCaseExecutor.java:448)
	at com.kms.katalon.core.main.TestCaseExecutor.doExecute(TestCaseExecutor.java:439)
	at com.kms.katalon.core.main.TestCaseExecutor.processExecutionPhase(TestCaseExecutor.java:418)
	at com.kms.katalon.core.main.TestCaseExecutor.accessMainPhase(TestCaseExecutor.java:410)
	at com.kms.katalon.core.main.TestCaseExecutor.execute(TestCaseExecutor.java:285)
	at com.kms.katalon.core.common.CommonExecutor.accessTestCaseMainPhase(CommonExecutor.java:65)
	at com.kms.katalon.core.main.TestSuiteExecutor.accessTestSuiteMainPhase(TestSuiteExecutor.java:151)
	at com.kms.katalon.core.main.TestSuiteExecutor.execute(TestSuiteExecutor.java:106)
	at com.kms.katalon.core.main.TestCaseMain.startTestSuite(TestCaseMain.java:185)
	at com.kms.katalon.core.main.TestCaseMain$startTestSuite$0.call(Unknown Source)
	at TempTestSuite1676876596469.run(TempTestSuite1676876596469.groovy:36)
Caused by: com.kms.katalon.core.exception.StepFailedException: Unable to click on object 'Object Repository/Shopify/div_user_card_name'
	... 24 more
Caused by: com.kms.katalon.core.webui.exception.WebElementNotFoundException: Web element with id: 'Object Repository/Shopify/div_user_card_name' located by '//*[@class = 'user-card__name']' not found
	at com.kms.katalon.core.webui.common.WebUiCommonHelper.findWebElement(WebUiCommonHelper.java:1370)
	at com.kms.katalon.core.webui.keyword.internal.WebUIAbstractKeyword.findWebElement(WebUIAbstractKeyword.groovy:27)
	at com.kms.katalon.core.webui.keyword.builtin.ClickKeyword$_click_closure1.doCall(ClickKeyword.groovy:65)
	at com.kms.katalon.core.webui.keyword.builtin.ClickKeyword$_click_closure1.call(ClickKeyword.groovy)
	at com.kms.katalon.core.webui.keyword.internal.WebUIKeywordMain.runKeyword(WebUIKeywordMain.groovy:20)
	... 22 more]]></system-err>
      </testcase>
      <testcase name="Test Cases/Alireview/Install new store free" time="82.34" classname="Test Cases/Alireview/Install new store free" status="FAILED">
         <failure type="FAILED" message="Test Cases/Alireview/Install new store free FAILED.
Reason:
com.kms.katalon.core.exception.StepFailedException: Unable to click on object 'Object Repository/Shopify/div_user_card_name' (Root cause: com.kms.katalon.core.exception.StepFailedException: Unable to click on object 'Object Repository/Shopify/div_user_card_name'
	at com.kms.katalon.core.webui.keyword.internal.WebUIKeywordMain.stepFailed(WebUIKeywordMain.groovy:64)
	at com.kms.katalon.core.webui.keyword.internal.WebUIKeywordMain.runKeyword(WebUIKeywordMain.groovy:26)
	at com.kms.katalon.core.webui.keyword.builtin.ClickKeyword.click(ClickKeyword.groovy:74)
	at com.kms.katalon.core.webui.keyword.builtin.ClickKeyword.execute(ClickKeyword.groovy:40)
	at com.kms.katalon.core.keyword.internal.KeywordExecutor.executeKeywordForPlatform(KeywordExecutor.groovy:74)
	at com.kms.katalon.core.webui.keyword.WebUiBuiltInKeywords.click(WebUiBuiltInKeywords.groovy:608)
	at com.kms.katalon.core.webui.keyword.WebUiBuiltInKeywords$click$5.call(Unknown Source)
	at shopify.store.clickOnShopifyUserCard(store.groovy:126)
	at shopify.store.invokeMethod(store.groovy)
	at com.kms.katalon.core.main.CustomKeywordDelegatingMetaClass.invokeStaticMethod(CustomKeywordDelegatingMetaClass.java:55)
	at Install new store free.run(Install new store free:27)
	at com.kms.katalon.core.main.ScriptEngine.run(ScriptEngine.java:194)
	at com.kms.katalon.core.main.ScriptEngine.runScriptAsRawText(ScriptEngine.java:119)
	at com.kms.katalon.core.main.TestCaseExecutor.runScript(TestCaseExecutor.java:448)
	at com.kms.katalon.core.main.TestCaseExecutor.doExecute(TestCaseExecutor.java:439)
	at com.kms.katalon.core.main.TestCaseExecutor.processExecutionPhase(TestCaseExecutor.java:418)
	at com.kms.katalon.core.main.TestCaseExecutor.accessMainPhase(TestCaseExecutor.java:410)
	at com.kms.katalon.core.main.TestCaseExecutor.execute(TestCaseExecutor.java:285)
	at com.kms.katalon.core.common.CommonExecutor.accessTestCaseMainPhase(CommonExecutor.java:65)
	at com.kms.katalon.core.main.TestSuiteExecutor.accessTestSuiteMainPhase(TestSuiteExecutor.java:151)
	at com.kms.katalon.core.main.TestSuiteExecutor.execute(TestSuiteExecutor.java:106)
	at com.kms.katalon.core.main.TestCaseMain.startTestSuite(TestCaseMain.java:185)
	at com.kms.katalon.core.main.TestCaseMain$startTestSuite$0.call(Unknown Source)
	at TempTestSuite1676876596469.run(TempTestSuite1676876596469.groovy:36)
Caused by: com.kms.katalon.core.webui.exception.WebElementNotFoundException: Web element with id: 'Object Repository/Shopify/div_user_card_name' located by '//*[@class = 'user-card__name']' not found
	at com.kms.katalon.core.webui.common.WebUiCommonHelper.findWebElement(WebUiCommonHelper.java:1370)
	at com.kms.katalon.core.webui.keyword.internal.WebUIAbstractKeyword.findWebElement(WebUIAbstractKeyword.groovy:27)
	at com.kms.katalon.core.webui.keyword.builtin.ClickKeyword$_click_closure1.doCall(ClickKeyword.groovy:65)
	at com.kms.katalon.core.webui.keyword.builtin.ClickKeyword$_click_closure1.call(ClickKeyword.groovy)
	at com.kms.katalon.core.webui.keyword.internal.WebUIKeywordMain.runKeyword(WebUIKeywordMain.groovy:20)
	at com.kms.katalon.core.webui.keyword.builtin.ClickKeyword.click(ClickKeyword.groovy:74)
	at com.kms.katalon.core.webui.keyword.builtin.ClickKeyword.execute(ClickKeyword.groovy:40)
	at com.kms.katalon.core.keyword.internal.KeywordExecutor.executeKeywordForPlatform(KeywordExecutor.groovy:74)
	at com.kms.katalon.core.webui.keyword.WebUiBuiltInKeywords.click(WebUiBuiltInKeywords.groovy:608)
	at com.kms.katalon.core.webui.keyword.WebUiBuiltInKeywords$click$5.call(Unknown Source)
	at shopify.store.clickOnShopifyUserCard(store.groovy:126)
	at shopify.store.invokeMethod(store.groovy)
	at com.kms.katalon.core.main.CustomKeywordDelegatingMetaClass.invokeStaticMethod(CustomKeywordDelegatingMetaClass.java:55)
	at Script1673948457755.run(Script1673948457755.groovy:27)
	... 13 more
)
	at com.kms.katalon.core.keyword.internal.KeywordMain.stepFailed(KeywordMain.groovy:39)
	at com.kms.katalon.core.webui.keyword.internal.WebUIKeywordMain.stepFailed(WebUIKeywordMain.groovy:64)
	at com.kms.katalon.core.webui.keyword.internal.WebUIKeywordMain.runKeyword(WebUIKeywordMain.groovy:26)
	at com.kms.katalon.core.webui.keyword.builtin.ClickKeyword.click(ClickKeyword.groovy:74)
	at com.kms.katalon.core.webui.keyword.builtin.ClickKeyword.execute(ClickKeyword.groovy:40)
	at com.kms.katalon.core.keyword.internal.KeywordExecutor.executeKeywordForPlatform(KeywordExecutor.groovy:74)
	at com.kms.katalon.core.webui.keyword.WebUiBuiltInKeywords.click(WebUiBuiltInKeywords.groovy:608)
	at com.kms.katalon.core.webui.keyword.WebUiBuiltInKeywords$click$5.call(Unknown Source)
	at shopify.store.clickOnShopifyUserCard(store.groovy:126)
	at shopify.store.invokeMethod(store.groovy)
	at com.kms.katalon.core.main.CustomKeywordDelegatingMetaClass.invokeStaticMethod(CustomKeywordDelegatingMetaClass.java:55)
	at Install new store free.run(Install new store free:27)
	at com.kms.katalon.core.main.ScriptEngine.run(ScriptEngine.java:194)
	at com.kms.katalon.core.main.ScriptEngine.runScriptAsRawText(ScriptEngine.java:119)
	at com.kms.katalon.core.main.TestCaseExecutor.runScript(TestCaseExecutor.java:448)
	at com.kms.katalon.core.main.TestCaseExecutor.doExecute(TestCaseExecutor.java:439)
	at com.kms.katalon.core.main.TestCaseExecutor.processExecutionPhase(TestCaseExecutor.java:418)
	at com.kms.katalon.core.main.TestCaseExecutor.accessMainPhase(TestCaseExecutor.java:410)
	at com.kms.katalon.core.main.TestCaseExecutor.execute(TestCaseExecutor.java:285)
	at com.kms.katalon.core.common.CommonExecutor.accessTestCaseMainPhase(CommonExecutor.java:65)
	at com.kms.katalon.core.main.TestSuiteExecutor.accessTestSuiteMainPhase(TestSuiteExecutor.java:151)
	at com.kms.katalon.core.main.TestSuiteExecutor.execute(TestSuiteExecutor.java:106)
	at com.kms.katalon.core.main.TestCaseMain.startTestSuite(TestCaseMain.java:185)
	at com.kms.katalon.core.main.TestCaseMain$startTestSuite$0.call(Unknown Source)
	at TempTestSuite1676876596469.run(TempTestSuite1676876596469.groovy:36)
Caused by: com.kms.katalon.core.exception.StepFailedException: Unable to click on object 'Object Repository/Shopify/div_user_card_name'
	... 24 more
Caused by: com.kms.katalon.core.webui.exception.WebElementNotFoundException: Web element with id: 'Object Repository/Shopify/div_user_card_name' located by '//*[@class = 'user-card__name']' not found
	at com.kms.katalon.core.webui.common.WebUiCommonHelper.findWebElement(WebUiCommonHelper.java:1370)
	at com.kms.katalon.core.webui.keyword.internal.WebUIAbstractKeyword.findWebElement(WebUIAbstractKeyword.groovy:27)
	at com.kms.katalon.core.webui.keyword.builtin.ClickKeyword$_click_closure1.doCall(ClickKeyword.groovy:65)
	at com.kms.katalon.core.webui.keyword.builtin.ClickKeyword$_click_closure1.call(ClickKeyword.groovy)
	at com.kms.katalon.core.webui.keyword.internal.WebUIKeywordMain.runKeyword(WebUIKeywordMain.groovy:20)
	... 22 more
"/>
         <system-out><![CDATA[2023-02-20 14:07:04 - [TEST_CASE][FAILED] - Test Cases/Alireview/Install new store free: Test Cases/Alireview/Install new store free FAILED.
Reason:
com.kms.katalon.core.exception.StepFailedException: Unable to click on object 'Object Repository/Shopify/div_user_card_name' (Root cause: com.kms.katalon.core.exception.StepFailedException: Unable to click on object 'Object Repository/Shopify/div_user_card_name'
	at com.kms.katalon.core.webui.keyword.internal.WebUIKeywordMain.stepFailed(WebUIKeywordMain.groovy:64)
	at com.kms.katalon.core.webui.keyword.internal.WebUIKeywordMain.runKeyword(WebUIKeywordMain.groovy:26)
	at com.kms.katalon.core.webui.keyword.builtin.ClickKeyword.click(ClickKeyword.groovy:74)
	at com.kms.katalon.core.webui.keyword.builtin.ClickKeyword.execute(ClickKeyword.groovy:40)
	at com.kms.katalon.core.keyword.internal.KeywordExecutor.executeKeywordForPlatform(KeywordExecutor.groovy:74)
	at com.kms.katalon.core.webui.keyword.WebUiBuiltInKeywords.click(WebUiBuiltInKeywords.groovy:608)
	at com.kms.katalon.core.webui.keyword.WebUiBuiltInKeywords$click$5.call(Unknown Source)
	at shopify.store.clickOnShopifyUserCard(store.groovy:126)
	at shopify.store.invokeMethod(store.groovy)
	at com.kms.katalon.core.main.CustomKeywordDelegatingMetaClass.invokeStaticMethod(CustomKeywordDelegatingMetaClass.java:55)
	at Install new store free.run(Install new store free:27)
	at com.kms.katalon.core.main.ScriptEngine.run(ScriptEngine.java:194)
	at com.kms.katalon.core.main.ScriptEngine.runScriptAsRawText(ScriptEngine.java:119)
	at com.kms.katalon.core.main.TestCaseExecutor.runScript(TestCaseExecutor.java:448)
	at com.kms.katalon.core.main.TestCaseExecutor.doExecute(TestCaseExecutor.java:439)
	at com.kms.katalon.core.main.TestCaseExecutor.processExecutionPhase(TestCaseExecutor.java:418)
	at com.kms.katalon.core.main.TestCaseExecutor.accessMainPhase(TestCaseExecutor.java:410)
	at com.kms.katalon.core.main.TestCaseExecutor.execute(TestCaseExecutor.java:285)
	at com.kms.katalon.core.common.CommonExecutor.accessTestCaseMainPhase(CommonExecutor.java:65)
	at com.kms.katalon.core.main.TestSuiteExecutor.accessTestSuiteMainPhase(TestSuiteExecutor.java:151)
	at com.kms.katalon.core.main.TestSuiteExecutor.execute(TestSuiteExecutor.java:106)
	at com.kms.katalon.core.main.TestCaseMain.startTestSuite(TestCaseMain.java:185)
	at com.kms.katalon.core.main.TestCaseMain$startTestSuite$0.call(Unknown Source)
	at TempTestSuite1676876596469.run(TempTestSuite1676876596469.groovy:36)
Caused by: com.kms.katalon.core.webui.exception.WebElementNotFoundException: Web element with id: 'Object Repository/Shopify/div_user_card_name' located by '//*[@class = 'user-card__name']' not found
	at com.kms.katalon.core.webui.common.WebUiCommonHelper.findWebElement(WebUiCommonHelper.java:1370)
	at com.kms.katalon.core.webui.keyword.internal.WebUIAbstractKeyword.findWebElement(WebUIAbstractKeyword.groovy:27)
	at com.kms.katalon.core.webui.keyword.builtin.ClickKeyword$_click_closure1.doCall(ClickKeyword.groovy:65)
	at com.kms.katalon.core.webui.keyword.builtin.ClickKeyword$_click_closure1.call(ClickKeyword.groovy)
	at com.kms.katalon.core.webui.keyword.internal.WebUIKeywordMain.runKeyword(WebUIKeywordMain.groovy:20)
	at com.kms.katalon.core.webui.keyword.builtin.ClickKeyword.click(ClickKeyword.groovy:74)
	at com.kms.katalon.core.webui.keyword.builtin.ClickKeyword.execute(ClickKeyword.groovy:40)
	at com.kms.katalon.core.keyword.internal.KeywordExecutor.executeKeywordForPlatform(KeywordExecutor.groovy:74)
	at com.kms.katalon.core.webui.keyword.WebUiBuiltInKeywords.click(WebUiBuiltInKeywords.groovy:608)
	at com.kms.katalon.core.webui.keyword.WebUiBuiltInKeywords$click$5.call(Unknown Source)
	at shopify.store.clickOnShopifyUserCard(store.groovy:126)
	at shopify.store.invokeMethod(store.groovy)
	at com.kms.katalon.core.main.CustomKeywordDelegatingMetaClass.invokeStaticMethod(CustomKeywordDelegatingMetaClass.java:55)
	at Script1673948457755.run(Script1673948457755.groovy:27)
	... 13 more
)
	at com.kms.katalon.core.keyword.internal.KeywordMain.stepFailed(KeywordMain.groovy:39)
	at com.kms.katalon.core.webui.keyword.internal.WebUIKeywordMain.stepFailed(WebUIKeywordMain.groovy:64)
	at com.kms.katalon.core.webui.keyword.internal.WebUIKeywordMain.runKeyword(WebUIKeywordMain.groovy:26)
	at com.kms.katalon.core.webui.keyword.builtin.ClickKeyword.click(ClickKeyword.groovy:74)
	at com.kms.katalon.core.webui.keyword.builtin.ClickKeyword.execute(ClickKeyword.groovy:40)
	at com.kms.katalon.core.keyword.internal.KeywordExecutor.executeKeywordForPlatform(KeywordExecutor.groovy:74)
	at com.kms.katalon.core.webui.keyword.WebUiBuiltInKeywords.click(WebUiBuiltInKeywords.groovy:608)
	at com.kms.katalon.core.webui.keyword.WebUiBuiltInKeywords$click$5.call(Unknown Source)
	at shopify.store.clickOnShopifyUserCard(store.groovy:126)
	at shopify.store.invokeMethod(store.groovy)
	at com.kms.katalon.core.main.CustomKeywordDelegatingMetaClass.invokeStaticMethod(CustomKeywordDelegatingMetaClass.java:55)
	at Install new store free.run(Install new store free:27)
	at com.kms.katalon.core.main.ScriptEngine.run(ScriptEngine.java:194)
	at com.kms.katalon.core.main.ScriptEngine.runScriptAsRawText(ScriptEngine.java:119)
	at com.kms.katalon.core.main.TestCaseExecutor.runScript(TestCaseExecutor.java:448)
	at com.kms.katalon.core.main.TestCaseExecutor.doExecute(TestCaseExecutor.java:439)
	at com.kms.katalon.core.main.TestCaseExecutor.processExecutionPhase(TestCaseExecutor.java:418)
	at com.kms.katalon.core.main.TestCaseExecutor.accessMainPhase(TestCaseExecutor.java:410)
	at com.kms.katalon.core.main.TestCaseExecutor.execute(TestCaseExecutor.java:285)
	at com.kms.katalon.core.common.CommonExecutor.accessTestCaseMainPhase(CommonExecutor.java:65)
	at com.kms.katalon.core.main.TestSuiteExecutor.accessTestSuiteMainPhase(TestSuiteExecutor.java:151)
	at com.kms.katalon.core.main.TestSuiteExecutor.execute(TestSuiteExecutor.java:106)
	at com.kms.katalon.core.main.TestCaseMain.startTestSuite(TestCaseMain.java:185)
	at com.kms.katalon.core.main.TestCaseMain$startTestSuite$0.call(Unknown Source)
	at TempTestSuite1676876596469.run(TempTestSuite1676876596469.groovy:36)
Caused by: com.kms.katalon.core.exception.StepFailedException: Unable to click on object 'Object Repository/Shopify/div_user_card_name'
	... 24 more
Caused by: com.kms.katalon.core.webui.exception.WebElementNotFoundException: Web element with id: 'Object Repository/Shopify/div_user_card_name' located by '//*[@class = 'user-card__name']' not found
	at com.kms.katalon.core.webui.common.WebUiCommonHelper.findWebElement(WebUiCommonHelper.java:1370)
	at com.kms.katalon.core.webui.keyword.internal.WebUIAbstractKeyword.findWebElement(WebUIAbstractKeyword.groovy:27)
	at com.kms.katalon.core.webui.keyword.builtin.ClickKeyword$_click_closure1.doCall(ClickKeyword.groovy:65)
	at com.kms.katalon.core.webui.keyword.builtin.ClickKeyword$_click_closure1.call(ClickKeyword.groovy)
	at com.kms.katalon.core.webui.keyword.internal.WebUIKeywordMain.runKeyword(WebUIKeywordMain.groovy:20)
	... 22 more


2023-02-20 14:07:04 - [TEST_STEP][PASSED] - Start listener action : skipStatus: null

2023-02-20 14:07:04 - [TEST_STEP][PASSED] - map = testCaseContext.getTestCaseVariables(): null

2023-02-20 14:07:04 - [TEST_STEP][PASSED] - testcae_status = map.get("testcase_status"): null

2023-02-20 14:07:04 - [TEST_STEP][PASSED] - println(testcae_status): null

2023-02-20 14:07:04 - [TEST_STEP][PASSED] - if (testcae_status == "Passed" || testcae_status == "Failed"): null

2023-02-20 14:07:04 - [TEST_STEP][PASSED] - openBrowser(""): Browser is opened with url: ''

2023-02-20 14:07:04 - [MESSAGE][WARNING] - A browser is already opened. Closing browser and opening a new one

2023-02-20 14:07:04 - [MESSAGE][INFO] - Starting 'Chrome' driver

2023-02-20 14:07:04 - [MESSAGE][INFO] - Action delay is set to 0 milliseconds

2023-02-20 14:07:05 - [MESSAGE][PASSED] - Browser is opened with url: ''

2023-02-20 14:07:05 - [TEST_STEP][PASSED] - maximizeWindow(): Current window maximized

2023-02-20 14:07:06 - [MESSAGE][PASSED] - Current window maximized

2023-02-20 14:07:06 - [TEST_STEP][PASSED] - shopify.store.loginToStoreAdmin(partner_email, partner_password, store_name): shopify.store.loginToStoreAdmin is PASSED

2023-02-20 14:07:12 - [MESSAGE][PASSED] - Navigate to 'http://huynh-ar-stag-2344.myshopify.com/admin' successfully

2023-02-20 14:07:13 - [MESSAGE][PASSED] - Text 'huynh@firegroup.io' is set on object 'Object Repository/Shopify/input_email_shopify'

2023-02-20 14:07:15 - [MESSAGE][PASSED] - Object: 'Object Repository/Shopify/btn_continue_with_email' is clicked on

2023-02-20 14:07:17 - [MESSAGE][PASSED] - Text ****** has been set on object 'Object Repository/Shopify/input_password_shopify'

2023-02-20 14:07:33 - [MESSAGE][PASSED] - Object: 'Object Repository/Shopify/btn_login' is clicked on

2023-02-20 14:07:33 - [MESSAGE][PASSED] - shopify.store.loginToStoreAdmin is PASSED

2023-02-20 14:07:33 - [TEST_STEP][PASSED] - alireview.install.inputRawDomain(store_name, host): alireview.install.inputRawDomain is PASSED

2023-02-20 14:07:45 - [MESSAGE][PASSED] - Navigate to 'https://ar-app-staging.fireapps.tech/' successfully

2023-02-20 14:07:46 - [MESSAGE][PASSED] - Text 'huynh-ar-stag-2344' is set on object 'Object Repository/Alireview/input_shop'

2023-02-20 14:07:48 - [MESSAGE][PASSED] - Object: 'Object Repository/Alireview/btn_login' is clicked on

2023-02-20 14:07:48 - [MESSAGE][PASSED] - alireview.install.inputRawDomain is PASSED

2023-02-20 14:07:48 - [TEST_STEP][PASSED] - alireview.install.installStep1(): alireview.install.installStep1 is PASSED

2023-02-20 14:07:52 - [MESSAGE][PASSED] - Object: 'Object Repository/Shopify Install App/btn_install_step1' is clicked on

2023-02-20 14:07:52 - [MESSAGE][PASSED] - alireview.install.installStep1 is PASSED

2023-02-20 14:07:52 - [TEST_STEP][FAILED] - shopify.store.clickOnShopifyUserCard(): com.kms.katalon.core.exception.StepFailedException: Unable to click on object 'Object Repository/Shopify/div_user_card_name' (Root cause: com.kms.katalon.core.exception.StepFailedException: Unable to click on object 'Object Repository/Shopify/div_user_card_name'
	at com.kms.katalon.core.webui.keyword.internal.WebUIKeywordMain.stepFailed(WebUIKeywordMain.groovy:64)
	at com.kms.katalon.core.webui.keyword.internal.WebUIKeywordMain.runKeyword(WebUIKeywordMain.groovy:26)
	at com.kms.katalon.core.webui.keyword.builtin.ClickKeyword.click(ClickKeyword.groovy:74)
	at com.kms.katalon.core.webui.keyword.builtin.ClickKeyword.execute(ClickKeyword.groovy:40)
	at com.kms.katalon.core.keyword.internal.KeywordExecutor.executeKeywordForPlatform(KeywordExecutor.groovy:74)
	at com.kms.katalon.core.webui.keyword.WebUiBuiltInKeywords.click(WebUiBuiltInKeywords.groovy:608)
	at com.kms.katalon.core.webui.keyword.WebUiBuiltInKeywords$click$5.call(Unknown Source)
	at shopify.store.clickOnShopifyUserCard(store.groovy:126)
	at shopify.store.invokeMethod(store.groovy)
	at com.kms.katalon.core.main.CustomKeywordDelegatingMetaClass.invokeStaticMethod(CustomKeywordDelegatingMetaClass.java:55)
	at Install new store free.run(Install new store free:27)
	at com.kms.katalon.core.main.ScriptEngine.run(ScriptEngine.java:194)
	at com.kms.katalon.core.main.ScriptEngine.runScriptAsRawText(ScriptEngine.java:119)
	at com.kms.katalon.core.main.TestCaseExecutor.runScript(TestCaseExecutor.java:448)
	at com.kms.katalon.core.main.TestCaseExecutor.doExecute(TestCaseExecutor.java:439)
	at com.kms.katalon.core.main.TestCaseExecutor.processExecutionPhase(TestCaseExecutor.java:418)
	at com.kms.katalon.core.main.TestCaseExecutor.accessMainPhase(TestCaseExecutor.java:410)
	at com.kms.katalon.core.main.TestCaseExecutor.execute(TestCaseExecutor.java:285)
	at com.kms.katalon.core.common.CommonExecutor.accessTestCaseMainPhase(CommonExecutor.java:65)
	at com.kms.katalon.core.main.TestSuiteExecutor.accessTestSuiteMainPhase(TestSuiteExecutor.java:151)
	at com.kms.katalon.core.main.TestSuiteExecutor.execute(TestSuiteExecutor.java:106)
	at com.kms.katalon.core.main.TestCaseMain.startTestSuite(TestCaseMain.java:185)
	at com.kms.katalon.core.main.TestCaseMain$startTestSuite$0.call(Unknown Source)
	at TempTestSuite1676876596469.run(TempTestSuite1676876596469.groovy:36)
Caused by: com.kms.katalon.core.webui.exception.WebElementNotFoundException: Web element with id: 'Object Repository/Shopify/div_user_card_name' located by '//*[@class = 'user-card__name']' not found
	at com.kms.katalon.core.webui.common.WebUiCommonHelper.findWebElement(WebUiCommonHelper.java:1370)
	at com.kms.katalon.core.webui.keyword.internal.WebUIAbstractKeyword.findWebElement(WebUIAbstractKeyword.groovy:27)
	at com.kms.katalon.core.webui.keyword.builtin.ClickKeyword$_click_closure1.doCall(ClickKeyword.groovy:65)
	at com.kms.katalon.core.webui.keyword.builtin.ClickKeyword$_click_closure1.call(ClickKeyword.groovy)
	at com.kms.katalon.core.webui.keyword.internal.WebUIKeywordMain.runKeyword(WebUIKeywordMain.groovy:20)
	at com.kms.katalon.core.webui.keyword.builtin.ClickKeyword.click(ClickKeyword.groovy:74)
	at com.kms.katalon.core.webui.keyword.builtin.ClickKeyword.execute(ClickKeyword.groovy:40)
	at com.kms.katalon.core.keyword.internal.KeywordExecutor.executeKeywordForPlatform(KeywordExecutor.groovy:74)
	at com.kms.katalon.core.webui.keyword.WebUiBuiltInKeywords.click(WebUiBuiltInKeywords.groovy:608)
	at com.kms.katalon.core.webui.keyword.WebUiBuiltInKeywords$click$5.call(Unknown Source)
	at shopify.store.clickOnShopifyUserCard(store.groovy:126)
	at shopify.store.invokeMethod(store.groovy)
	at com.kms.katalon.core.main.CustomKeywordDelegatingMetaClass.invokeStaticMethod(CustomKeywordDelegatingMetaClass.java:55)
	at Script1673948457755.run(Script1673948457755.groovy:27)
	... 13 more
)

2023-02-20 14:08:24 - [MESSAGE][INFO] - Unable to find the element located by 'By.xpath: //*[@class = 'user-card__name']'. Please recheck the objects properties to make sure the desired element is located. 

2023-02-20 14:08:24 - [MESSAGE][WARNING] - [SELF-HEALING] Failed to find element with id 'Object Repository/Shopify/div_user_card_name'. Try using Self-healing.

2023-02-20 14:08:24 - [MESSAGE][WARNING] - [SELF-HEALING] Cannot find elements when the XPath is null.

2023-02-20 14:08:24 - [MESSAGE][WARNING] - [SELF-HEALING] Cannot find elements when the selector is null

2023-02-20 14:08:25 - [MESSAGE][FAILED] - Unable to click on object 'Object Repository/Shopify/div_user_card_name' (Root cause: com.kms.katalon.core.exception.StepFailedException: Unable to click on object 'Object Repository/Shopify/div_user_card_name'
	at com.kms.katalon.core.webui.keyword.internal.WebUIKeywordMain.stepFailed(WebUIKeywordMain.groovy:64)
	at com.kms.katalon.core.webui.keyword.internal.WebUIKeywordMain.runKeyword(WebUIKeywordMain.groovy:26)
	at com.kms.katalon.core.webui.keyword.builtin.ClickKeyword.click(ClickKeyword.groovy:74)
	at com.kms.katalon.core.webui.keyword.builtin.ClickKeyword.execute(ClickKeyword.groovy:40)
	at com.kms.katalon.core.keyword.internal.KeywordExecutor.executeKeywordForPlatform(KeywordExecutor.groovy:74)
	at com.kms.katalon.core.webui.keyword.WebUiBuiltInKeywords.click(WebUiBuiltInKeywords.groovy:608)
	at com.kms.katalon.core.webui.keyword.WebUiBuiltInKeywords$click$5.call(Unknown Source)
	at shopify.store.clickOnShopifyUserCard(store.groovy:126)
	at shopify.store.invokeMethod(store.groovy)
	at com.kms.katalon.core.main.CustomKeywordDelegatingMetaClass.invokeStaticMethod(CustomKeywordDelegatingMetaClass.java:55)
	at Install new store free.run(Install new store free:27)
	at com.kms.katalon.core.main.ScriptEngine.run(ScriptEngine.java:194)
	at com.kms.katalon.core.main.ScriptEngine.runScriptAsRawText(ScriptEngine.java:119)
	at com.kms.katalon.core.main.TestCaseExecutor.runScript(TestCaseExecutor.java:448)
	at com.kms.katalon.core.main.TestCaseExecutor.doExecute(TestCaseExecutor.java:439)
	at com.kms.katalon.core.main.TestCaseExecutor.processExecutionPhase(TestCaseExecutor.java:418)
	at com.kms.katalon.core.main.TestCaseExecutor.accessMainPhase(TestCaseExecutor.java:410)
	at com.kms.katalon.core.main.TestCaseExecutor.execute(TestCaseExecutor.java:285)
	at com.kms.katalon.core.common.CommonExecutor.accessTestCaseMainPhase(CommonExecutor.java:65)
	at com.kms.katalon.core.main.TestSuiteExecutor.accessTestSuiteMainPhase(TestSuiteExecutor.java:151)
	at com.kms.katalon.core.main.TestSuiteExecutor.execute(TestSuiteExecutor.java:106)
	at com.kms.katalon.core.main.TestCaseMain.startTestSuite(TestCaseMain.java:185)
	at com.kms.katalon.core.main.TestCaseMain$startTestSuite$0.call(Unknown Source)
	at TempTestSuite1676876596469.run(TempTestSuite1676876596469.groovy:36)
Caused by: com.kms.katalon.core.webui.exception.WebElementNotFoundException: Web element with id: 'Object Repository/Shopify/div_user_card_name' located by '//*[@class = 'user-card__name']' not found
	at com.kms.katalon.core.webui.common.WebUiCommonHelper.findWebElement(WebUiCommonHelper.java:1370)
	at com.kms.katalon.core.webui.keyword.internal.WebUIAbstractKeyword.findWebElement(WebUIAbstractKeyword.groovy:27)
	at com.kms.katalon.core.webui.keyword.builtin.ClickKeyword$_click_closure1.doCall(ClickKeyword.groovy:65)
	at com.kms.katalon.core.webui.keyword.builtin.ClickKeyword$_click_closure1.call(ClickKeyword.groovy)
	at com.kms.katalon.core.webui.keyword.internal.WebUIKeywordMain.runKeyword(WebUIKeywordMain.groovy:20)
	at com.kms.katalon.core.webui.keyword.builtin.ClickKeyword.click(ClickKeyword.groovy:74)
	at com.kms.katalon.core.webui.keyword.builtin.ClickKeyword.execute(ClickKeyword.groovy:40)
	at com.kms.katalon.core.keyword.internal.KeywordExecutor.executeKeywordForPlatform(KeywordExecutor.groovy:74)
	at com.kms.katalon.core.webui.keyword.WebUiBuiltInKeywords.click(WebUiBuiltInKeywords.groovy:608)
	at com.kms.katalon.core.webui.keyword.WebUiBuiltInKeywords$click$5.call(Unknown Source)
	at shopify.store.clickOnShopifyUserCard(store.groovy:126)
	at shopify.store.invokeMethod(store.groovy)
	at com.kms.katalon.core.main.CustomKeywordDelegatingMetaClass.invokeStaticMethod(CustomKeywordDelegatingMetaClass.java:55)
	at Script1673948457755.run(Script1673948457755.groovy:27)
	... 13 more
)
[[ATTACHMENT|C:\\Users\\huynh\\Documents\\Socialhead\\Automation\\Katalon project\\CreateStore\\CreateStore\\Reports\\20230220_140316\\Alireview\\Install Store Free\\20230220_140316\\1676876904868.png]]

2023-02-20 14:08:25 - [MESSAGE][FAILED] - com.kms.katalon.core.exception.StepFailedException: Unable to click on object 'Object Repository/Shopify/div_user_card_name' (Root cause: com.kms.katalon.core.exception.StepFailedException: Unable to click on object 'Object Repository/Shopify/div_user_card_name'
	at com.kms.katalon.core.webui.keyword.internal.WebUIKeywordMain.stepFailed(WebUIKeywordMain.groovy:64)
	at com.kms.katalon.core.webui.keyword.internal.WebUIKeywordMain.runKeyword(WebUIKeywordMain.groovy:26)
	at com.kms.katalon.core.webui.keyword.builtin.ClickKeyword.click(ClickKeyword.groovy:74)
	at com.kms.katalon.core.webui.keyword.builtin.ClickKeyword.execute(ClickKeyword.groovy:40)
	at com.kms.katalon.core.keyword.internal.KeywordExecutor.executeKeywordForPlatform(KeywordExecutor.groovy:74)
	at com.kms.katalon.core.webui.keyword.WebUiBuiltInKeywords.click(WebUiBuiltInKeywords.groovy:608)
	at com.kms.katalon.core.webui.keyword.WebUiBuiltInKeywords$click$5.call(Unknown Source)
	at shopify.store.clickOnShopifyUserCard(store.groovy:126)
	at shopify.store.invokeMethod(store.groovy)
	at com.kms.katalon.core.main.CustomKeywordDelegatingMetaClass.invokeStaticMethod(CustomKeywordDelegatingMetaClass.java:55)
	at Install new store free.run(Install new store free:27)
	at com.kms.katalon.core.main.ScriptEngine.run(ScriptEngine.java:194)
	at com.kms.katalon.core.main.ScriptEngine.runScriptAsRawText(ScriptEngine.java:119)
	at com.kms.katalon.core.main.TestCaseExecutor.runScript(TestCaseExecutor.java:448)
	at com.kms.katalon.core.main.TestCaseExecutor.doExecute(TestCaseExecutor.java:439)
	at com.kms.katalon.core.main.TestCaseExecutor.processExecutionPhase(TestCaseExecutor.java:418)
	at com.kms.katalon.core.main.TestCaseExecutor.accessMainPhase(TestCaseExecutor.java:410)
	at com.kms.katalon.core.main.TestCaseExecutor.execute(TestCaseExecutor.java:285)
	at com.kms.katalon.core.common.CommonExecutor.accessTestCaseMainPhase(CommonExecutor.java:65)
	at com.kms.katalon.core.main.TestSuiteExecutor.accessTestSuiteMainPhase(TestSuiteExecutor.java:151)
	at com.kms.katalon.core.main.TestSuiteExecutor.execute(TestSuiteExecutor.java:106)
	at com.kms.katalon.core.main.TestCaseMain.startTestSuite(TestCaseMain.java:185)
	at com.kms.katalon.core.main.TestCaseMain$startTestSuite$0.call(Unknown Source)
	at TempTestSuite1676876596469.run(TempTestSuite1676876596469.groovy:36)
Caused by: com.kms.katalon.core.webui.exception.WebElementNotFoundException: Web element with id: 'Object Repository/Shopify/div_user_card_name' located by '//*[@class = 'user-card__name']' not found
	at com.kms.katalon.core.webui.common.WebUiCommonHelper.findWebElement(WebUiCommonHelper.java:1370)
	at com.kms.katalon.core.webui.keyword.internal.WebUIAbstractKeyword.findWebElement(WebUIAbstractKeyword.groovy:27)
	at com.kms.katalon.core.webui.keyword.builtin.ClickKeyword$_click_closure1.doCall(ClickKeyword.groovy:65)
	at com.kms.katalon.core.webui.keyword.builtin.ClickKeyword$_click_closure1.call(ClickKeyword.groovy)
	at com.kms.katalon.core.webui.keyword.internal.WebUIKeywordMain.runKeyword(WebUIKeywordMain.groovy:20)
	at com.kms.katalon.core.webui.keyword.builtin.ClickKeyword.click(ClickKeyword.groovy:74)
	at com.kms.katalon.core.webui.keyword.builtin.ClickKeyword.execute(ClickKeyword.groovy:40)
	at com.kms.katalon.core.keyword.internal.KeywordExecutor.executeKeywordForPlatform(KeywordExecutor.groovy:74)
	at com.kms.katalon.core.webui.keyword.WebUiBuiltInKeywords.click(WebUiBuiltInKeywords.groovy:608)
	at com.kms.katalon.core.webui.keyword.WebUiBuiltInKeywords$click$5.call(Unknown Source)
	at shopify.store.clickOnShopifyUserCard(store.groovy:126)
	at shopify.store.invokeMethod(store.groovy)
	at com.kms.katalon.core.main.CustomKeywordDelegatingMetaClass.invokeStaticMethod(CustomKeywordDelegatingMetaClass.java:55)
	at Script1673948457755.run(Script1673948457755.groovy:27)
	... 13 more
)

2023-02-20 14:08:25 - [TEST_STEP][PASSED] - alireview.install.onboardingSelectColor(color): alireview.install.onboardingSelectColor is PASSED

2023-02-20 14:08:25 - [MESSAGE][PASSED] - Text '#C75757' is set on object 'Object Repository/Alireview/input_color'

2023-02-20 14:08:25 - [MESSAGE][PASSED] - alireview.install.onboardingSelectColor is PASSED

2023-02-20 14:08:25 - [TEST_STEP][PASSED] - alireview.install.onboardingSelectStyle(layout_type): alireview.install.onboardingSelectStyle is PASSED

2023-02-20 14:08:25 - [MESSAGE][PASSED] - Object: 'Object Repository/Alireview/label_grid_onboarding' is clicked on

2023-02-20 14:08:25 - [MESSAGE][PASSED] - alireview.install.onboardingSelectStyle is PASSED

2023-02-20 14:08:25 - [TEST_STEP][PASSED] - alireview.install.onboardingNext(): alireview.install.onboardingNext is PASSED

2023-02-20 14:08:25 - [MESSAGE][PASSED] - Object: 'Object Repository/Alireview/btn_next_onboarding' is clicked on

2023-02-20 14:08:25 - [MESSAGE][PASSED] - alireview.install.onboardingNext is PASSED

2023-02-20 14:08:25 - [TEST_STEP][PASSED] - alireview.install.clickGetStartOnboarding(): alireview.install.clickGetStartOnboarding is PASSED

2023-02-20 14:08:26 - [MESSAGE][PASSED] - Object: 'Object Repository/Alireview/btn_get_start_onboarding' is clicked on

2023-02-20 14:08:26 - [MESSAGE][PASSED] - alireview.install.clickGetStartOnboarding is PASSED

2023-02-20 14:08:26 - [TEST_STEP][PASSED] - Start tear down : teardownIfFailed: Method 'teardownIfFailed' complete successfully

2023-02-20 14:08:26 - [TEST_STEP][PASSED] - excelFilePath = "Data Files\storefree3_install app stag.xlsx": null

2023-02-20 14:08:26 - [TEST_STEP][PASSED] - data.excel.updateValueToSheet(excelFilePath, "store", 4, store_name, 9, "Not install"): data.excel.updateValueToSheet is PASSED

2023-02-20 14:08:26 - [MESSAGE][PASSED] - data.excel.updateValueToSheet is PASSED

2023-02-20 14:08:26 - [MESSAGE][PASSED] - Method 'teardownIfFailed' complete successfully]]></system-out>
         <system-err><![CDATA[2023-02-20 14:07:04 - [TEST_CASE][FAILED] - Test Cases/Alireview/Install new store free: Test Cases/Alireview/Install new store free FAILED.
Reason:
com.kms.katalon.core.exception.StepFailedException: Unable to click on object 'Object Repository/Shopify/div_user_card_name' (Root cause: com.kms.katalon.core.exception.StepFailedException: Unable to click on object 'Object Repository/Shopify/div_user_card_name'
	at com.kms.katalon.core.webui.keyword.internal.WebUIKeywordMain.stepFailed(WebUIKeywordMain.groovy:64)
	at com.kms.katalon.core.webui.keyword.internal.WebUIKeywordMain.runKeyword(WebUIKeywordMain.groovy:26)
	at com.kms.katalon.core.webui.keyword.builtin.ClickKeyword.click(ClickKeyword.groovy:74)
	at com.kms.katalon.core.webui.keyword.builtin.ClickKeyword.execute(ClickKeyword.groovy:40)
	at com.kms.katalon.core.keyword.internal.KeywordExecutor.executeKeywordForPlatform(KeywordExecutor.groovy:74)
	at com.kms.katalon.core.webui.keyword.WebUiBuiltInKeywords.click(WebUiBuiltInKeywords.groovy:608)
	at com.kms.katalon.core.webui.keyword.WebUiBuiltInKeywords$click$5.call(Unknown Source)
	at shopify.store.clickOnShopifyUserCard(store.groovy:126)
	at shopify.store.invokeMethod(store.groovy)
	at com.kms.katalon.core.main.CustomKeywordDelegatingMetaClass.invokeStaticMethod(CustomKeywordDelegatingMetaClass.java:55)
	at Install new store free.run(Install new store free:27)
	at com.kms.katalon.core.main.ScriptEngine.run(ScriptEngine.java:194)
	at com.kms.katalon.core.main.ScriptEngine.runScriptAsRawText(ScriptEngine.java:119)
	at com.kms.katalon.core.main.TestCaseExecutor.runScript(TestCaseExecutor.java:448)
	at com.kms.katalon.core.main.TestCaseExecutor.doExecute(TestCaseExecutor.java:439)
	at com.kms.katalon.core.main.TestCaseExecutor.processExecutionPhase(TestCaseExecutor.java:418)
	at com.kms.katalon.core.main.TestCaseExecutor.accessMainPhase(TestCaseExecutor.java:410)
	at com.kms.katalon.core.main.TestCaseExecutor.execute(TestCaseExecutor.java:285)
	at com.kms.katalon.core.common.CommonExecutor.accessTestCaseMainPhase(CommonExecutor.java:65)
	at com.kms.katalon.core.main.TestSuiteExecutor.accessTestSuiteMainPhase(TestSuiteExecutor.java:151)
	at com.kms.katalon.core.main.TestSuiteExecutor.execute(TestSuiteExecutor.java:106)
	at com.kms.katalon.core.main.TestCaseMain.startTestSuite(TestCaseMain.java:185)
	at com.kms.katalon.core.main.TestCaseMain$startTestSuite$0.call(Unknown Source)
	at TempTestSuite1676876596469.run(TempTestSuite1676876596469.groovy:36)
Caused by: com.kms.katalon.core.webui.exception.WebElementNotFoundException: Web element with id: 'Object Repository/Shopify/div_user_card_name' located by '//*[@class = 'user-card__name']' not found
	at com.kms.katalon.core.webui.common.WebUiCommonHelper.findWebElement(WebUiCommonHelper.java:1370)
	at com.kms.katalon.core.webui.keyword.internal.WebUIAbstractKeyword.findWebElement(WebUIAbstractKeyword.groovy:27)
	at com.kms.katalon.core.webui.keyword.builtin.ClickKeyword$_click_closure1.doCall(ClickKeyword.groovy:65)
	at com.kms.katalon.core.webui.keyword.builtin.ClickKeyword$_click_closure1.call(ClickKeyword.groovy)
	at com.kms.katalon.core.webui.keyword.internal.WebUIKeywordMain.runKeyword(WebUIKeywordMain.groovy:20)
	at com.kms.katalon.core.webui.keyword.builtin.ClickKeyword.click(ClickKeyword.groovy:74)
	at com.kms.katalon.core.webui.keyword.builtin.ClickKeyword.execute(ClickKeyword.groovy:40)
	at com.kms.katalon.core.keyword.internal.KeywordExecutor.executeKeywordForPlatform(KeywordExecutor.groovy:74)
	at com.kms.katalon.core.webui.keyword.WebUiBuiltInKeywords.click(WebUiBuiltInKeywords.groovy:608)
	at com.kms.katalon.core.webui.keyword.WebUiBuiltInKeywords$click$5.call(Unknown Source)
	at shopify.store.clickOnShopifyUserCard(store.groovy:126)
	at shopify.store.invokeMethod(store.groovy)
	at com.kms.katalon.core.main.CustomKeywordDelegatingMetaClass.invokeStaticMethod(CustomKeywordDelegatingMetaClass.java:55)
	at Script1673948457755.run(Script1673948457755.groovy:27)
	... 13 more
)
	at com.kms.katalon.core.keyword.internal.KeywordMain.stepFailed(KeywordMain.groovy:39)
	at com.kms.katalon.core.webui.keyword.internal.WebUIKeywordMain.stepFailed(WebUIKeywordMain.groovy:64)
	at com.kms.katalon.core.webui.keyword.internal.WebUIKeywordMain.runKeyword(WebUIKeywordMain.groovy:26)
	at com.kms.katalon.core.webui.keyword.builtin.ClickKeyword.click(ClickKeyword.groovy:74)
	at com.kms.katalon.core.webui.keyword.builtin.ClickKeyword.execute(ClickKeyword.groovy:40)
	at com.kms.katalon.core.keyword.internal.KeywordExecutor.executeKeywordForPlatform(KeywordExecutor.groovy:74)
	at com.kms.katalon.core.webui.keyword.WebUiBuiltInKeywords.click(WebUiBuiltInKeywords.groovy:608)
	at com.kms.katalon.core.webui.keyword.WebUiBuiltInKeywords$click$5.call(Unknown Source)
	at shopify.store.clickOnShopifyUserCard(store.groovy:126)
	at shopify.store.invokeMethod(store.groovy)
	at com.kms.katalon.core.main.CustomKeywordDelegatingMetaClass.invokeStaticMethod(CustomKeywordDelegatingMetaClass.java:55)
	at Install new store free.run(Install new store free:27)
	at com.kms.katalon.core.main.ScriptEngine.run(ScriptEngine.java:194)
	at com.kms.katalon.core.main.ScriptEngine.runScriptAsRawText(ScriptEngine.java:119)
	at com.kms.katalon.core.main.TestCaseExecutor.runScript(TestCaseExecutor.java:448)
	at com.kms.katalon.core.main.TestCaseExecutor.doExecute(TestCaseExecutor.java:439)
	at com.kms.katalon.core.main.TestCaseExecutor.processExecutionPhase(TestCaseExecutor.java:418)
	at com.kms.katalon.core.main.TestCaseExecutor.accessMainPhase(TestCaseExecutor.java:410)
	at com.kms.katalon.core.main.TestCaseExecutor.execute(TestCaseExecutor.java:285)
	at com.kms.katalon.core.common.CommonExecutor.accessTestCaseMainPhase(CommonExecutor.java:65)
	at com.kms.katalon.core.main.TestSuiteExecutor.accessTestSuiteMainPhase(TestSuiteExecutor.java:151)
	at com.kms.katalon.core.main.TestSuiteExecutor.execute(TestSuiteExecutor.java:106)
	at com.kms.katalon.core.main.TestCaseMain.startTestSuite(TestCaseMain.java:185)
	at com.kms.katalon.core.main.TestCaseMain$startTestSuite$0.call(Unknown Source)
	at TempTestSuite1676876596469.run(TempTestSuite1676876596469.groovy:36)
Caused by: com.kms.katalon.core.exception.StepFailedException: Unable to click on object 'Object Repository/Shopify/div_user_card_name'
	... 24 more
Caused by: com.kms.katalon.core.webui.exception.WebElementNotFoundException: Web element with id: 'Object Repository/Shopify/div_user_card_name' located by '//*[@class = 'user-card__name']' not found
	at com.kms.katalon.core.webui.common.WebUiCommonHelper.findWebElement(WebUiCommonHelper.java:1370)
	at com.kms.katalon.core.webui.keyword.internal.WebUIAbstractKeyword.findWebElement(WebUIAbstractKeyword.groovy:27)
	at com.kms.katalon.core.webui.keyword.builtin.ClickKeyword$_click_closure1.doCall(ClickKeyword.groovy:65)
	at com.kms.katalon.core.webui.keyword.builtin.ClickKeyword$_click_closure1.call(ClickKeyword.groovy)
	at com.kms.katalon.core.webui.keyword.internal.WebUIKeywordMain.runKeyword(WebUIKeywordMain.groovy:20)
	... 22 more]]></system-err>
      </testcase>
      <testcase name="Test Cases/Alireview/Install new store free" time="150.318" classname="Test Cases/Alireview/Install new store free" status="FAILED">
         <failure type="FAILED" message="Test Cases/Alireview/Install new store free FAILED.
Reason:
com.kms.katalon.core.exception.StepFailedException: Unable to verify image 'Object Repository/Alireview/iframe_app' present
	at com.kms.katalon.core.webui.keyword.internal.WebUIKeywordMain.stepFailed(WebUIKeywordMain.groovy:64)
	at com.kms.katalon.core.webui.keyword.internal.WebUIKeywordMain.runKeyword(WebUIKeywordMain.groovy:26)
	at com.kms.katalon.core.webui.keyword.builtin.SwitchToFrameKeyword.switchToFrame(SwitchToFrameKeyword.groovy:84)
	at com.kms.katalon.core.webui.keyword.builtin.SwitchToFrameKeyword.execute(SwitchToFrameKeyword.groovy:68)
	at com.kms.katalon.core.keyword.internal.KeywordExecutor.executeKeywordForPlatform(KeywordExecutor.groovy:74)
	at com.kms.katalon.core.webui.keyword.WebUiBuiltInKeywords.switchToFrame(WebUiBuiltInKeywords.groovy:2899)
	at com.kms.katalon.core.webui.keyword.WebUiBuiltInKeywords$switchToFrame$7.call(Unknown Source)
	at alireview.install.onboardingSelectColor(install.groovy:38)
	at alireview.install.invokeMethod(install.groovy)
	at com.kms.katalon.core.main.CustomKeywordDelegatingMetaClass.invokeStaticMethod(CustomKeywordDelegatingMetaClass.java:55)
	at Install new store free.run(Install new store free:29)
	at com.kms.katalon.core.main.ScriptEngine.run(ScriptEngine.java:194)
	at com.kms.katalon.core.main.ScriptEngine.runScriptAsRawText(ScriptEngine.java:119)
	at com.kms.katalon.core.main.TestCaseExecutor.runScript(TestCaseExecutor.java:448)
	at com.kms.katalon.core.main.TestCaseExecutor.doExecute(TestCaseExecutor.java:439)
	at com.kms.katalon.core.main.TestCaseExecutor.processExecutionPhase(TestCaseExecutor.java:418)
	at com.kms.katalon.core.main.TestCaseExecutor.accessMainPhase(TestCaseExecutor.java:410)
	at com.kms.katalon.core.main.TestCaseExecutor.execute(TestCaseExecutor.java:285)
	at com.kms.katalon.core.common.CommonExecutor.accessTestCaseMainPhase(CommonExecutor.java:65)
	at com.kms.katalon.core.main.TestSuiteExecutor.accessTestSuiteMainPhase(TestSuiteExecutor.java:151)
	at com.kms.katalon.core.main.TestSuiteExecutor.execute(TestSuiteExecutor.java:106)
	at com.kms.katalon.core.main.TestCaseMain.startTestSuite(TestCaseMain.java:185)
	at com.kms.katalon.core.main.TestCaseMain$startTestSuite$0.call(Unknown Source)
	at TempTestSuite1676876596469.run(TempTestSuite1676876596469.groovy:36)
Caused by: com.kms.katalon.core.webui.exception.WebElementNotFoundException: Web element with id: 'Object Repository/Alireview/iframe_app' located by '//*[@name = 'app-iframe']' not found
	at com.kms.katalon.core.webui.common.WebUiCommonHelper.findWebElement(WebUiCommonHelper.java:1370)
	at com.kms.katalon.core.webui.keyword.builtin.SwitchToFrameKeyword$_switchToFrame_closure1.doCall(SwitchToFrameKeyword.groovy:77)
	at com.kms.katalon.core.webui.keyword.builtin.SwitchToFrameKeyword$_switchToFrame_closure1.call(SwitchToFrameKeyword.groovy)
	at com.kms.katalon.core.webui.keyword.internal.WebUIKeywordMain.runKeyword(WebUIKeywordMain.groovy:20)
	... 22 more
"/>
         <system-out><![CDATA[2023-02-20 14:08:26 - [TEST_CASE][FAILED] - Test Cases/Alireview/Install new store free: Test Cases/Alireview/Install new store free FAILED.
Reason:
com.kms.katalon.core.exception.StepFailedException: Unable to verify image 'Object Repository/Alireview/iframe_app' present
	at com.kms.katalon.core.webui.keyword.internal.WebUIKeywordMain.stepFailed(WebUIKeywordMain.groovy:64)
	at com.kms.katalon.core.webui.keyword.internal.WebUIKeywordMain.runKeyword(WebUIKeywordMain.groovy:26)
	at com.kms.katalon.core.webui.keyword.builtin.SwitchToFrameKeyword.switchToFrame(SwitchToFrameKeyword.groovy:84)
	at com.kms.katalon.core.webui.keyword.builtin.SwitchToFrameKeyword.execute(SwitchToFrameKeyword.groovy:68)
	at com.kms.katalon.core.keyword.internal.KeywordExecutor.executeKeywordForPlatform(KeywordExecutor.groovy:74)
	at com.kms.katalon.core.webui.keyword.WebUiBuiltInKeywords.switchToFrame(WebUiBuiltInKeywords.groovy:2899)
	at com.kms.katalon.core.webui.keyword.WebUiBuiltInKeywords$switchToFrame$7.call(Unknown Source)
	at alireview.install.onboardingSelectColor(install.groovy:38)
	at alireview.install.invokeMethod(install.groovy)
	at com.kms.katalon.core.main.CustomKeywordDelegatingMetaClass.invokeStaticMethod(CustomKeywordDelegatingMetaClass.java:55)
	at Install new store free.run(Install new store free:29)
	at com.kms.katalon.core.main.ScriptEngine.run(ScriptEngine.java:194)
	at com.kms.katalon.core.main.ScriptEngine.runScriptAsRawText(ScriptEngine.java:119)
	at com.kms.katalon.core.main.TestCaseExecutor.runScript(TestCaseExecutor.java:448)
	at com.kms.katalon.core.main.TestCaseExecutor.doExecute(TestCaseExecutor.java:439)
	at com.kms.katalon.core.main.TestCaseExecutor.processExecutionPhase(TestCaseExecutor.java:418)
	at com.kms.katalon.core.main.TestCaseExecutor.accessMainPhase(TestCaseExecutor.java:410)
	at com.kms.katalon.core.main.TestCaseExecutor.execute(TestCaseExecutor.java:285)
	at com.kms.katalon.core.common.CommonExecutor.accessTestCaseMainPhase(CommonExecutor.java:65)
	at com.kms.katalon.core.main.TestSuiteExecutor.accessTestSuiteMainPhase(TestSuiteExecutor.java:151)
	at com.kms.katalon.core.main.TestSuiteExecutor.execute(TestSuiteExecutor.java:106)
	at com.kms.katalon.core.main.TestCaseMain.startTestSuite(TestCaseMain.java:185)
	at com.kms.katalon.core.main.TestCaseMain$startTestSuite$0.call(Unknown Source)
	at TempTestSuite1676876596469.run(TempTestSuite1676876596469.groovy:36)
Caused by: com.kms.katalon.core.webui.exception.WebElementNotFoundException: Web element with id: 'Object Repository/Alireview/iframe_app' located by '//*[@name = 'app-iframe']' not found
	at com.kms.katalon.core.webui.common.WebUiCommonHelper.findWebElement(WebUiCommonHelper.java:1370)
	at com.kms.katalon.core.webui.keyword.builtin.SwitchToFrameKeyword$_switchToFrame_closure1.doCall(SwitchToFrameKeyword.groovy:77)
	at com.kms.katalon.core.webui.keyword.builtin.SwitchToFrameKeyword$_switchToFrame_closure1.call(SwitchToFrameKeyword.groovy)
	at com.kms.katalon.core.webui.keyword.internal.WebUIKeywordMain.runKeyword(WebUIKeywordMain.groovy:20)
	... 22 more


2023-02-20 14:08:26 - [TEST_STEP][PASSED] - Start listener action : skipStatus: null

2023-02-20 14:08:26 - [TEST_STEP][PASSED] - map = testCaseContext.getTestCaseVariables(): null

2023-02-20 14:08:26 - [TEST_STEP][PASSED] - testcae_status = map.get("testcase_status"): null

2023-02-20 14:08:26 - [TEST_STEP][PASSED] - println(testcae_status): null

2023-02-20 14:08:26 - [TEST_STEP][PASSED] - if (testcae_status == "Passed" || testcae_status == "Failed"): null

2023-02-20 14:08:26 - [TEST_STEP][PASSED] - openBrowser(""): Browser is opened with url: ''

2023-02-20 14:08:26 - [MESSAGE][WARNING] - A browser is already opened. Closing browser and opening a new one

2023-02-20 14:08:27 - [MESSAGE][INFO] - Starting 'Chrome' driver

2023-02-20 14:08:27 - [MESSAGE][INFO] - Action delay is set to 0 milliseconds

2023-02-20 14:08:28 - [MESSAGE][PASSED] - Browser is opened with url: ''

2023-02-20 14:08:28 - [TEST_STEP][PASSED] - maximizeWindow(): Current window maximized

2023-02-20 14:08:28 - [MESSAGE][PASSED] - Current window maximized

2023-02-20 14:08:28 - [TEST_STEP][PASSED] - shopify.store.loginToStoreAdmin(partner_email, partner_password, store_name): shopify.store.loginToStoreAdmin is PASSED

2023-02-20 14:08:33 - [MESSAGE][PASSED] - Navigate to 'http://huynh-ar-stag-2345.myshopify.com/admin' successfully

2023-02-20 14:08:34 - [MESSAGE][PASSED] - Text 'huynh@firegroup.io' is set on object 'Object Repository/Shopify/input_email_shopify'

2023-02-20 14:08:36 - [MESSAGE][PASSED] - Object: 'Object Repository/Shopify/btn_continue_with_email' is clicked on

2023-02-20 14:08:38 - [MESSAGE][PASSED] - Text ****** has been set on object 'Object Repository/Shopify/input_password_shopify'

2023-02-20 14:08:46 - [MESSAGE][PASSED] - Object: 'Object Repository/Shopify/btn_login' is clicked on

2023-02-20 14:08:46 - [MESSAGE][PASSED] - shopify.store.loginToStoreAdmin is PASSED

2023-02-20 14:08:46 - [TEST_STEP][PASSED] - alireview.install.inputRawDomain(store_name, host): alireview.install.inputRawDomain is PASSED

2023-02-20 14:09:03 - [MESSAGE][PASSED] - Navigate to 'https://ar-app-staging.fireapps.tech/' successfully

2023-02-20 14:10:03 - [MESSAGE][PASSED] - Text 'huynh-ar-stag-2345' is set on object 'Object Repository/Alireview/input_shop'

2023-02-20 14:10:36 - [MESSAGE][PASSED] - Object: 'Object Repository/Alireview/btn_login' is clicked on

2023-02-20 14:10:36 - [MESSAGE][PASSED] - alireview.install.inputRawDomain is PASSED

2023-02-20 14:10:36 - [TEST_STEP][PASSED] - alireview.install.installStep1(): alireview.install.installStep1 is PASSED

2023-02-20 14:10:40 - [MESSAGE][PASSED] - Object: 'Object Repository/Shopify Install App/btn_install_step1' is clicked on

2023-02-20 14:10:40 - [MESSAGE][PASSED] - alireview.install.installStep1 is PASSED

2023-02-20 14:10:40 - [TEST_STEP][PASSED] - shopify.store.clickOnShopifyUserCard(): shopify.store.clickOnShopifyUserCard is PASSED

2023-02-20 14:10:50 - [MESSAGE][PASSED] - Object: 'Object Repository/Shopify/div_user_card_name' is clicked on

2023-02-20 14:10:50 - [MESSAGE][PASSED] - shopify.store.clickOnShopifyUserCard is PASSED

2023-02-20 14:10:50 - [TEST_STEP][FAILED] - alireview.install.onboardingSelectColor(color): Unable to verify image 'Object Repository/Alireview/iframe_app' present

2023-02-20 14:10:53 - [MESSAGE][INFO] - Unable to find the element located by 'By.xpath: //*[@name = 'app-iframe']'. Please recheck the objects properties to make sure the desired element is located. 

2023-02-20 14:10:53 - [MESSAGE][WARNING] - [SELF-HEALING] Failed to find element with id 'Object Repository/Alireview/iframe_app'. Try using Self-healing.

2023-02-20 14:10:54 - [MESSAGE][INFO] - [SELF-HEALING] No working XPath is found.

2023-02-20 14:10:56 - [MESSAGE][INFO] - Unable to find the element located by 'By.xpath: '. Please recheck the objects properties to make sure the desired element is located. 

2023-02-20 14:10:56 - [MESSAGE][WARNING] - [SELF-HEALING] Cannot find elements when the selector is null

2023-02-20 14:10:56 - [MESSAGE][FAILED] - Unable to verify image 'Object Repository/Alireview/iframe_app' present (Root cause: com.kms.katalon.core.exception.StepFailedException: Unable to verify image 'Object Repository/Alireview/iframe_app' present
	at com.kms.katalon.core.webui.keyword.internal.WebUIKeywordMain.stepFailed(WebUIKeywordMain.groovy:64)
	at com.kms.katalon.core.webui.keyword.internal.WebUIKeywordMain.runKeyword(WebUIKeywordMain.groovy:26)
	at com.kms.katalon.core.webui.keyword.builtin.SwitchToFrameKeyword.switchToFrame(SwitchToFrameKeyword.groovy:84)
	at com.kms.katalon.core.webui.keyword.builtin.SwitchToFrameKeyword.execute(SwitchToFrameKeyword.groovy:68)
	at com.kms.katalon.core.keyword.internal.KeywordExecutor.executeKeywordForPlatform(KeywordExecutor.groovy:74)
	at com.kms.katalon.core.webui.keyword.WebUiBuiltInKeywords.switchToFrame(WebUiBuiltInKeywords.groovy:2899)
	at com.kms.katalon.core.webui.keyword.WebUiBuiltInKeywords$switchToFrame$7.call(Unknown Source)
	at alireview.install.onboardingSelectColor(install.groovy:38)
	at alireview.install.invokeMethod(install.groovy)
	at com.kms.katalon.core.main.CustomKeywordDelegatingMetaClass.invokeStaticMethod(CustomKeywordDelegatingMetaClass.java:55)
	at Install new store free.run(Install new store free:29)
	at com.kms.katalon.core.main.ScriptEngine.run(ScriptEngine.java:194)
	at com.kms.katalon.core.main.ScriptEngine.runScriptAsRawText(ScriptEngine.java:119)
	at com.kms.katalon.core.main.TestCaseExecutor.runScript(TestCaseExecutor.java:448)
	at com.kms.katalon.core.main.TestCaseExecutor.doExecute(TestCaseExecutor.java:439)
	at com.kms.katalon.core.main.TestCaseExecutor.processExecutionPhase(TestCaseExecutor.java:418)
	at com.kms.katalon.core.main.TestCaseExecutor.accessMainPhase(TestCaseExecutor.java:410)
	at com.kms.katalon.core.main.TestCaseExecutor.execute(TestCaseExecutor.java:285)
	at com.kms.katalon.core.common.CommonExecutor.accessTestCaseMainPhase(CommonExecutor.java:65)
	at com.kms.katalon.core.main.TestSuiteExecutor.accessTestSuiteMainPhase(TestSuiteExecutor.java:151)
	at com.kms.katalon.core.main.TestSuiteExecutor.execute(TestSuiteExecutor.java:106)
	at com.kms.katalon.core.main.TestCaseMain.startTestSuite(TestCaseMain.java:185)
	at com.kms.katalon.core.main.TestCaseMain$startTestSuite$0.call(Unknown Source)
	at TempTestSuite1676876596469.run(TempTestSuite1676876596469.groovy:36)
Caused by: com.kms.katalon.core.webui.exception.WebElementNotFoundException: Web element with id: 'Object Repository/Alireview/iframe_app' located by '//*[@name = 'app-iframe']' not found
	at com.kms.katalon.core.webui.common.WebUiCommonHelper.findWebElement(WebUiCommonHelper.java:1370)
	at com.kms.katalon.core.webui.keyword.builtin.SwitchToFrameKeyword$_switchToFrame_closure1.doCall(SwitchToFrameKeyword.groovy:77)
	at com.kms.katalon.core.webui.keyword.builtin.SwitchToFrameKeyword$_switchToFrame_closure1.call(SwitchToFrameKeyword.groovy)
	at com.kms.katalon.core.webui.keyword.internal.WebUIKeywordMain.runKeyword(WebUIKeywordMain.groovy:20)
	at com.kms.katalon.core.webui.keyword.builtin.SwitchToFrameKeyword.switchToFrame(SwitchToFrameKeyword.groovy:84)
	at com.kms.katalon.core.webui.keyword.builtin.SwitchToFrameKeyword.execute(SwitchToFrameKeyword.groovy:68)
	at com.kms.katalon.core.keyword.internal.KeywordExecutor.executeKeywordForPlatform(KeywordExecutor.groovy:74)
	at com.kms.katalon.core.webui.keyword.WebUiBuiltInKeywords.switchToFrame(WebUiBuiltInKeywords.groovy:2899)
	at com.kms.katalon.core.webui.keyword.WebUiBuiltInKeywords$switchToFrame$7.call(Unknown Source)
	at alireview.install.onboardingSelectColor(install.groovy:38)
	at alireview.install.invokeMethod(install.groovy)
	at com.kms.katalon.core.main.CustomKeywordDelegatingMetaClass.invokeStaticMethod(CustomKeywordDelegatingMetaClass.java:55)
	at Script1673948457755.run(Script1673948457755.groovy:29)
	... 13 more
)
[[ATTACHMENT|C:\\Users\\huynh\\Documents\\Socialhead\\Automation\\Katalon project\\CreateStore\\CreateStore\\Reports\\20230220_140316\\Alireview\\Install Store Free\\20230220_140316\\1676877056664.png]]

2023-02-20 14:10:56 - [MESSAGE][FAILED] - Unable to verify image 'Object Repository/Alireview/iframe_app' present

2023-02-20 14:10:56 - [TEST_STEP][PASSED] - Start tear down : teardownIfFailed: Method 'teardownIfFailed' complete successfully

2023-02-20 14:10:56 - [TEST_STEP][PASSED] - excelFilePath = "Data Files\storefree3_install app stag.xlsx": null

2023-02-20 14:10:56 - [TEST_STEP][PASSED] - data.excel.updateValueToSheet(excelFilePath, "store", 4, store_name, 9, "Not install"): data.excel.updateValueToSheet is PASSED

2023-02-20 14:10:56 - [MESSAGE][PASSED] - data.excel.updateValueToSheet is PASSED

2023-02-20 14:10:56 - [MESSAGE][PASSED] - Method 'teardownIfFailed' complete successfully]]></system-out>
         <system-err><![CDATA[2023-02-20 14:08:26 - [TEST_CASE][FAILED] - Test Cases/Alireview/Install new store free: Test Cases/Alireview/Install new store free FAILED.
Reason:
com.kms.katalon.core.exception.StepFailedException: Unable to verify image 'Object Repository/Alireview/iframe_app' present
	at com.kms.katalon.core.webui.keyword.internal.WebUIKeywordMain.stepFailed(WebUIKeywordMain.groovy:64)
	at com.kms.katalon.core.webui.keyword.internal.WebUIKeywordMain.runKeyword(WebUIKeywordMain.groovy:26)
	at com.kms.katalon.core.webui.keyword.builtin.SwitchToFrameKeyword.switchToFrame(SwitchToFrameKeyword.groovy:84)
	at com.kms.katalon.core.webui.keyword.builtin.SwitchToFrameKeyword.execute(SwitchToFrameKeyword.groovy:68)
	at com.kms.katalon.core.keyword.internal.KeywordExecutor.executeKeywordForPlatform(KeywordExecutor.groovy:74)
	at com.kms.katalon.core.webui.keyword.WebUiBuiltInKeywords.switchToFrame(WebUiBuiltInKeywords.groovy:2899)
	at com.kms.katalon.core.webui.keyword.WebUiBuiltInKeywords$switchToFrame$7.call(Unknown Source)
	at alireview.install.onboardingSelectColor(install.groovy:38)
	at alireview.install.invokeMethod(install.groovy)
	at com.kms.katalon.core.main.CustomKeywordDelegatingMetaClass.invokeStaticMethod(CustomKeywordDelegatingMetaClass.java:55)
	at Install new store free.run(Install new store free:29)
	at com.kms.katalon.core.main.ScriptEngine.run(ScriptEngine.java:194)
	at com.kms.katalon.core.main.ScriptEngine.runScriptAsRawText(ScriptEngine.java:119)
	at com.kms.katalon.core.main.TestCaseExecutor.runScript(TestCaseExecutor.java:448)
	at com.kms.katalon.core.main.TestCaseExecutor.doExecute(TestCaseExecutor.java:439)
	at com.kms.katalon.core.main.TestCaseExecutor.processExecutionPhase(TestCaseExecutor.java:418)
	at com.kms.katalon.core.main.TestCaseExecutor.accessMainPhase(TestCaseExecutor.java:410)
	at com.kms.katalon.core.main.TestCaseExecutor.execute(TestCaseExecutor.java:285)
	at com.kms.katalon.core.common.CommonExecutor.accessTestCaseMainPhase(CommonExecutor.java:65)
	at com.kms.katalon.core.main.TestSuiteExecutor.accessTestSuiteMainPhase(TestSuiteExecutor.java:151)
	at com.kms.katalon.core.main.TestSuiteExecutor.execute(TestSuiteExecutor.java:106)
	at com.kms.katalon.core.main.TestCaseMain.startTestSuite(TestCaseMain.java:185)
	at com.kms.katalon.core.main.TestCaseMain$startTestSuite$0.call(Unknown Source)
	at TempTestSuite1676876596469.run(TempTestSuite1676876596469.groovy:36)
Caused by: com.kms.katalon.core.webui.exception.WebElementNotFoundException: Web element with id: 'Object Repository/Alireview/iframe_app' located by '//*[@name = 'app-iframe']' not found
	at com.kms.katalon.core.webui.common.WebUiCommonHelper.findWebElement(WebUiCommonHelper.java:1370)
	at com.kms.katalon.core.webui.keyword.builtin.SwitchToFrameKeyword$_switchToFrame_closure1.doCall(SwitchToFrameKeyword.groovy:77)
	at com.kms.katalon.core.webui.keyword.builtin.SwitchToFrameKeyword$_switchToFrame_closure1.call(SwitchToFrameKeyword.groovy)
	at com.kms.katalon.core.webui.keyword.internal.WebUIKeywordMain.runKeyword(WebUIKeywordMain.groovy:20)
	... 22 more]]></system-err>
      </testcase>
      <testcase name="Test Cases/Alireview/Install new store free" time="102.248" classname="Test Cases/Alireview/Install new store free" status="FAILED">
         <failure type="FAILED" message="Test Cases/Alireview/Install new store free FAILED.
Reason:
com.kms.katalon.core.exception.StepFailedException: Unable to click on object 'Object Repository/Shopify/div_user_card_name' (Root cause: com.kms.katalon.core.exception.StepFailedException: Unable to click on object 'Object Repository/Shopify/div_user_card_name'
	at com.kms.katalon.core.webui.keyword.internal.WebUIKeywordMain.stepFailed(WebUIKeywordMain.groovy:64)
	at com.kms.katalon.core.webui.keyword.internal.WebUIKeywordMain.runKeyword(WebUIKeywordMain.groovy:26)
	at com.kms.katalon.core.webui.keyword.builtin.ClickKeyword.click(ClickKeyword.groovy:74)
	at com.kms.katalon.core.webui.keyword.builtin.ClickKeyword.execute(ClickKeyword.groovy:40)
	at com.kms.katalon.core.keyword.internal.KeywordExecutor.executeKeywordForPlatform(KeywordExecutor.groovy:74)
	at com.kms.katalon.core.webui.keyword.WebUiBuiltInKeywords.click(WebUiBuiltInKeywords.groovy:608)
	at com.kms.katalon.core.webui.keyword.WebUiBuiltInKeywords$click$5.call(Unknown Source)
	at shopify.store.clickOnShopifyUserCard(store.groovy:126)
	at shopify.store.invokeMethod(store.groovy)
	at com.kms.katalon.core.main.CustomKeywordDelegatingMetaClass.invokeStaticMethod(CustomKeywordDelegatingMetaClass.java:55)
	at Install new store free.run(Install new store free:27)
	at com.kms.katalon.core.main.ScriptEngine.run(ScriptEngine.java:194)
	at com.kms.katalon.core.main.ScriptEngine.runScriptAsRawText(ScriptEngine.java:119)
	at com.kms.katalon.core.main.TestCaseExecutor.runScript(TestCaseExecutor.java:448)
	at com.kms.katalon.core.main.TestCaseExecutor.doExecute(TestCaseExecutor.java:439)
	at com.kms.katalon.core.main.TestCaseExecutor.processExecutionPhase(TestCaseExecutor.java:418)
	at com.kms.katalon.core.main.TestCaseExecutor.accessMainPhase(TestCaseExecutor.java:410)
	at com.kms.katalon.core.main.TestCaseExecutor.execute(TestCaseExecutor.java:285)
	at com.kms.katalon.core.common.CommonExecutor.accessTestCaseMainPhase(CommonExecutor.java:65)
	at com.kms.katalon.core.main.TestSuiteExecutor.accessTestSuiteMainPhase(TestSuiteExecutor.java:151)
	at com.kms.katalon.core.main.TestSuiteExecutor.execute(TestSuiteExecutor.java:106)
	at com.kms.katalon.core.main.TestCaseMain.startTestSuite(TestCaseMain.java:185)
	at com.kms.katalon.core.main.TestCaseMain$startTestSuite$0.call(Unknown Source)
	at TempTestSuite1676876596469.run(TempTestSuite1676876596469.groovy:36)
Caused by: com.kms.katalon.core.webui.exception.WebElementNotFoundException: Web element with id: 'Object Repository/Shopify/div_user_card_name' located by '//*[@class = 'user-card__name']' not found
	at com.kms.katalon.core.webui.common.WebUiCommonHelper.findWebElement(WebUiCommonHelper.java:1370)
	at com.kms.katalon.core.webui.keyword.internal.WebUIAbstractKeyword.findWebElement(WebUIAbstractKeyword.groovy:27)
	at com.kms.katalon.core.webui.keyword.builtin.ClickKeyword$_click_closure1.doCall(ClickKeyword.groovy:65)
	at com.kms.katalon.core.webui.keyword.builtin.ClickKeyword$_click_closure1.call(ClickKeyword.groovy)
	at com.kms.katalon.core.webui.keyword.internal.WebUIKeywordMain.runKeyword(WebUIKeywordMain.groovy:20)
	at com.kms.katalon.core.webui.keyword.builtin.ClickKeyword.click(ClickKeyword.groovy:74)
	at com.kms.katalon.core.webui.keyword.builtin.ClickKeyword.execute(ClickKeyword.groovy:40)
	at com.kms.katalon.core.keyword.internal.KeywordExecutor.executeKeywordForPlatform(KeywordExecutor.groovy:74)
	at com.kms.katalon.core.webui.keyword.WebUiBuiltInKeywords.click(WebUiBuiltInKeywords.groovy:608)
	at com.kms.katalon.core.webui.keyword.WebUiBuiltInKeywords$click$5.call(Unknown Source)
	at shopify.store.clickOnShopifyUserCard(store.groovy:126)
	at shopify.store.invokeMethod(store.groovy)
	at com.kms.katalon.core.main.CustomKeywordDelegatingMetaClass.invokeStaticMethod(CustomKeywordDelegatingMetaClass.java:55)
	at Script1673948457755.run(Script1673948457755.groovy:27)
	... 13 more
)
	at com.kms.katalon.core.keyword.internal.KeywordMain.stepFailed(KeywordMain.groovy:39)
	at com.kms.katalon.core.webui.keyword.internal.WebUIKeywordMain.stepFailed(WebUIKeywordMain.groovy:64)
	at com.kms.katalon.core.webui.keyword.internal.WebUIKeywordMain.runKeyword(WebUIKeywordMain.groovy:26)
	at com.kms.katalon.core.webui.keyword.builtin.ClickKeyword.click(ClickKeyword.groovy:74)
	at com.kms.katalon.core.webui.keyword.builtin.ClickKeyword.execute(ClickKeyword.groovy:40)
	at com.kms.katalon.core.keyword.internal.KeywordExecutor.executeKeywordForPlatform(KeywordExecutor.groovy:74)
	at com.kms.katalon.core.webui.keyword.WebUiBuiltInKeywords.click(WebUiBuiltInKeywords.groovy:608)
	at com.kms.katalon.core.webui.keyword.WebUiBuiltInKeywords$click$5.call(Unknown Source)
	at shopify.store.clickOnShopifyUserCard(store.groovy:126)
	at shopify.store.invokeMethod(store.groovy)
	at com.kms.katalon.core.main.CustomKeywordDelegatingMetaClass.invokeStaticMethod(CustomKeywordDelegatingMetaClass.java:55)
	at Install new store free.run(Install new store free:27)
	at com.kms.katalon.core.main.ScriptEngine.run(ScriptEngine.java:194)
	at com.kms.katalon.core.main.ScriptEngine.runScriptAsRawText(ScriptEngine.java:119)
	at com.kms.katalon.core.main.TestCaseExecutor.runScript(TestCaseExecutor.java:448)
	at com.kms.katalon.core.main.TestCaseExecutor.doExecute(TestCaseExecutor.java:439)
	at com.kms.katalon.core.main.TestCaseExecutor.processExecutionPhase(TestCaseExecutor.java:418)
	at com.kms.katalon.core.main.TestCaseExecutor.accessMainPhase(TestCaseExecutor.java:410)
	at com.kms.katalon.core.main.TestCaseExecutor.execute(TestCaseExecutor.java:285)
	at com.kms.katalon.core.common.CommonExecutor.accessTestCaseMainPhase(CommonExecutor.java:65)
	at com.kms.katalon.core.main.TestSuiteExecutor.accessTestSuiteMainPhase(TestSuiteExecutor.java:151)
	at com.kms.katalon.core.main.TestSuiteExecutor.execute(TestSuiteExecutor.java:106)
	at com.kms.katalon.core.main.TestCaseMain.startTestSuite(TestCaseMain.java:185)
	at com.kms.katalon.core.main.TestCaseMain$startTestSuite$0.call(Unknown Source)
	at TempTestSuite1676876596469.run(TempTestSuite1676876596469.groovy:36)
Caused by: com.kms.katalon.core.exception.StepFailedException: Unable to click on object 'Object Repository/Shopify/div_user_card_name'
	... 24 more
Caused by: com.kms.katalon.core.webui.exception.WebElementNotFoundException: Web element with id: 'Object Repository/Shopify/div_user_card_name' located by '//*[@class = 'user-card__name']' not found
	at com.kms.katalon.core.webui.common.WebUiCommonHelper.findWebElement(WebUiCommonHelper.java:1370)
	at com.kms.katalon.core.webui.keyword.internal.WebUIAbstractKeyword.findWebElement(WebUIAbstractKeyword.groovy:27)
	at com.kms.katalon.core.webui.keyword.builtin.ClickKeyword$_click_closure1.doCall(ClickKeyword.groovy:65)
	at com.kms.katalon.core.webui.keyword.builtin.ClickKeyword$_click_closure1.call(ClickKeyword.groovy)
	at com.kms.katalon.core.webui.keyword.internal.WebUIKeywordMain.runKeyword(WebUIKeywordMain.groovy:20)
	... 22 more
"/>
         <system-out><![CDATA[2023-02-20 14:10:56 - [TEST_CASE][FAILED] - Test Cases/Alireview/Install new store free: Test Cases/Alireview/Install new store free FAILED.
Reason:
com.kms.katalon.core.exception.StepFailedException: Unable to click on object 'Object Repository/Shopify/div_user_card_name' (Root cause: com.kms.katalon.core.exception.StepFailedException: Unable to click on object 'Object Repository/Shopify/div_user_card_name'
	at com.kms.katalon.core.webui.keyword.internal.WebUIKeywordMain.stepFailed(WebUIKeywordMain.groovy:64)
	at com.kms.katalon.core.webui.keyword.internal.WebUIKeywordMain.runKeyword(WebUIKeywordMain.groovy:26)
	at com.kms.katalon.core.webui.keyword.builtin.ClickKeyword.click(ClickKeyword.groovy:74)
	at com.kms.katalon.core.webui.keyword.builtin.ClickKeyword.execute(ClickKeyword.groovy:40)
	at com.kms.katalon.core.keyword.internal.KeywordExecutor.executeKeywordForPlatform(KeywordExecutor.groovy:74)
	at com.kms.katalon.core.webui.keyword.WebUiBuiltInKeywords.click(WebUiBuiltInKeywords.groovy:608)
	at com.kms.katalon.core.webui.keyword.WebUiBuiltInKeywords$click$5.call(Unknown Source)
	at shopify.store.clickOnShopifyUserCard(store.groovy:126)
	at shopify.store.invokeMethod(store.groovy)
	at com.kms.katalon.core.main.CustomKeywordDelegatingMetaClass.invokeStaticMethod(CustomKeywordDelegatingMetaClass.java:55)
	at Install new store free.run(Install new store free:27)
	at com.kms.katalon.core.main.ScriptEngine.run(ScriptEngine.java:194)
	at com.kms.katalon.core.main.ScriptEngine.runScriptAsRawText(ScriptEngine.java:119)
	at com.kms.katalon.core.main.TestCaseExecutor.runScript(TestCaseExecutor.java:448)
	at com.kms.katalon.core.main.TestCaseExecutor.doExecute(TestCaseExecutor.java:439)
	at com.kms.katalon.core.main.TestCaseExecutor.processExecutionPhase(TestCaseExecutor.java:418)
	at com.kms.katalon.core.main.TestCaseExecutor.accessMainPhase(TestCaseExecutor.java:410)
	at com.kms.katalon.core.main.TestCaseExecutor.execute(TestCaseExecutor.java:285)
	at com.kms.katalon.core.common.CommonExecutor.accessTestCaseMainPhase(CommonExecutor.java:65)
	at com.kms.katalon.core.main.TestSuiteExecutor.accessTestSuiteMainPhase(TestSuiteExecutor.java:151)
	at com.kms.katalon.core.main.TestSuiteExecutor.execute(TestSuiteExecutor.java:106)
	at com.kms.katalon.core.main.TestCaseMain.startTestSuite(TestCaseMain.java:185)
	at com.kms.katalon.core.main.TestCaseMain$startTestSuite$0.call(Unknown Source)
	at TempTestSuite1676876596469.run(TempTestSuite1676876596469.groovy:36)
Caused by: com.kms.katalon.core.webui.exception.WebElementNotFoundException: Web element with id: 'Object Repository/Shopify/div_user_card_name' located by '//*[@class = 'user-card__name']' not found
	at com.kms.katalon.core.webui.common.WebUiCommonHelper.findWebElement(WebUiCommonHelper.java:1370)
	at com.kms.katalon.core.webui.keyword.internal.WebUIAbstractKeyword.findWebElement(WebUIAbstractKeyword.groovy:27)
	at com.kms.katalon.core.webui.keyword.builtin.ClickKeyword$_click_closure1.doCall(ClickKeyword.groovy:65)
	at com.kms.katalon.core.webui.keyword.builtin.ClickKeyword$_click_closure1.call(ClickKeyword.groovy)
	at com.kms.katalon.core.webui.keyword.internal.WebUIKeywordMain.runKeyword(WebUIKeywordMain.groovy:20)
	at com.kms.katalon.core.webui.keyword.builtin.ClickKeyword.click(ClickKeyword.groovy:74)
	at com.kms.katalon.core.webui.keyword.builtin.ClickKeyword.execute(ClickKeyword.groovy:40)
	at com.kms.katalon.core.keyword.internal.KeywordExecutor.executeKeywordForPlatform(KeywordExecutor.groovy:74)
	at com.kms.katalon.core.webui.keyword.WebUiBuiltInKeywords.click(WebUiBuiltInKeywords.groovy:608)
	at com.kms.katalon.core.webui.keyword.WebUiBuiltInKeywords$click$5.call(Unknown Source)
	at shopify.store.clickOnShopifyUserCard(store.groovy:126)
	at shopify.store.invokeMethod(store.groovy)
	at com.kms.katalon.core.main.CustomKeywordDelegatingMetaClass.invokeStaticMethod(CustomKeywordDelegatingMetaClass.java:55)
	at Script1673948457755.run(Script1673948457755.groovy:27)
	... 13 more
)
	at com.kms.katalon.core.keyword.internal.KeywordMain.stepFailed(KeywordMain.groovy:39)
	at com.kms.katalon.core.webui.keyword.internal.WebUIKeywordMain.stepFailed(WebUIKeywordMain.groovy:64)
	at com.kms.katalon.core.webui.keyword.internal.WebUIKeywordMain.runKeyword(WebUIKeywordMain.groovy:26)
	at com.kms.katalon.core.webui.keyword.builtin.ClickKeyword.click(ClickKeyword.groovy:74)
	at com.kms.katalon.core.webui.keyword.builtin.ClickKeyword.execute(ClickKeyword.groovy:40)
	at com.kms.katalon.core.keyword.internal.KeywordExecutor.executeKeywordForPlatform(KeywordExecutor.groovy:74)
	at com.kms.katalon.core.webui.keyword.WebUiBuiltInKeywords.click(WebUiBuiltInKeywords.groovy:608)
	at com.kms.katalon.core.webui.keyword.WebUiBuiltInKeywords$click$5.call(Unknown Source)
	at shopify.store.clickOnShopifyUserCard(store.groovy:126)
	at shopify.store.invokeMethod(store.groovy)
	at com.kms.katalon.core.main.CustomKeywordDelegatingMetaClass.invokeStaticMethod(CustomKeywordDelegatingMetaClass.java:55)
	at Install new store free.run(Install new store free:27)
	at com.kms.katalon.core.main.ScriptEngine.run(ScriptEngine.java:194)
	at com.kms.katalon.core.main.ScriptEngine.runScriptAsRawText(ScriptEngine.java:119)
	at com.kms.katalon.core.main.TestCaseExecutor.runScript(TestCaseExecutor.java:448)
	at com.kms.katalon.core.main.TestCaseExecutor.doExecute(TestCaseExecutor.java:439)
	at com.kms.katalon.core.main.TestCaseExecutor.processExecutionPhase(TestCaseExecutor.java:418)
	at com.kms.katalon.core.main.TestCaseExecutor.accessMainPhase(TestCaseExecutor.java:410)
	at com.kms.katalon.core.main.TestCaseExecutor.execute(TestCaseExecutor.java:285)
	at com.kms.katalon.core.common.CommonExecutor.accessTestCaseMainPhase(CommonExecutor.java:65)
	at com.kms.katalon.core.main.TestSuiteExecutor.accessTestSuiteMainPhase(TestSuiteExecutor.java:151)
	at com.kms.katalon.core.main.TestSuiteExecutor.execute(TestSuiteExecutor.java:106)
	at com.kms.katalon.core.main.TestCaseMain.startTestSuite(TestCaseMain.java:185)
	at com.kms.katalon.core.main.TestCaseMain$startTestSuite$0.call(Unknown Source)
	at TempTestSuite1676876596469.run(TempTestSuite1676876596469.groovy:36)
Caused by: com.kms.katalon.core.exception.StepFailedException: Unable to click on object 'Object Repository/Shopify/div_user_card_name'
	... 24 more
Caused by: com.kms.katalon.core.webui.exception.WebElementNotFoundException: Web element with id: 'Object Repository/Shopify/div_user_card_name' located by '//*[@class = 'user-card__name']' not found
	at com.kms.katalon.core.webui.common.WebUiCommonHelper.findWebElement(WebUiCommonHelper.java:1370)
	at com.kms.katalon.core.webui.keyword.internal.WebUIAbstractKeyword.findWebElement(WebUIAbstractKeyword.groovy:27)
	at com.kms.katalon.core.webui.keyword.builtin.ClickKeyword$_click_closure1.doCall(ClickKeyword.groovy:65)
	at com.kms.katalon.core.webui.keyword.builtin.ClickKeyword$_click_closure1.call(ClickKeyword.groovy)
	at com.kms.katalon.core.webui.keyword.internal.WebUIKeywordMain.runKeyword(WebUIKeywordMain.groovy:20)
	... 22 more


2023-02-20 14:10:56 - [TEST_STEP][PASSED] - Start listener action : skipStatus: null

2023-02-20 14:10:56 - [TEST_STEP][PASSED] - map = testCaseContext.getTestCaseVariables(): null

2023-02-20 14:10:56 - [TEST_STEP][PASSED] - testcae_status = map.get("testcase_status"): null

2023-02-20 14:10:56 - [TEST_STEP][PASSED] - println(testcae_status): null

2023-02-20 14:10:56 - [TEST_STEP][PASSED] - if (testcae_status == "Passed" || testcae_status == "Failed"): null

2023-02-20 14:10:56 - [TEST_STEP][PASSED] - openBrowser(""): Browser is opened with url: ''

2023-02-20 14:10:56 - [MESSAGE][WARNING] - A browser is already opened. Closing browser and opening a new one

2023-02-20 14:10:57 - [MESSAGE][INFO] - Starting 'Chrome' driver

2023-02-20 14:10:57 - [MESSAGE][INFO] - Action delay is set to 0 milliseconds

2023-02-20 14:10:58 - [MESSAGE][PASSED] - Browser is opened with url: ''

2023-02-20 14:10:58 - [TEST_STEP][PASSED] - maximizeWindow(): Current window maximized

2023-02-20 14:10:58 - [MESSAGE][PASSED] - Current window maximized

2023-02-20 14:10:58 - [TEST_STEP][PASSED] - shopify.store.loginToStoreAdmin(partner_email, partner_password, store_name): shopify.store.loginToStoreAdmin is PASSED

2023-02-20 14:11:03 - [MESSAGE][PASSED] - Navigate to 'http://huynh-ar-stag-2346.myshopify.com/admin' successfully

2023-02-20 14:11:04 - [MESSAGE][PASSED] - Text 'huynh@firegroup.io' is set on object 'Object Repository/Shopify/input_email_shopify'

2023-02-20 14:11:05 - [MESSAGE][PASSED] - Object: 'Object Repository/Shopify/btn_continue_with_email' is clicked on

2023-02-20 14:11:07 - [MESSAGE][PASSED] - Text ****** has been set on object 'Object Repository/Shopify/input_password_shopify'

2023-02-20 14:11:16 - [MESSAGE][PASSED] - Object: 'Object Repository/Shopify/btn_login' is clicked on

2023-02-20 14:11:16 - [MESSAGE][PASSED] - shopify.store.loginToStoreAdmin is PASSED

2023-02-20 14:11:16 - [TEST_STEP][PASSED] - alireview.install.inputRawDomain(store_name, host): alireview.install.inputRawDomain is PASSED

2023-02-20 14:11:22 - [MESSAGE][PASSED] - Navigate to 'https://ar-app-staging.fireapps.tech/' successfully

2023-02-20 14:11:24 - [MESSAGE][PASSED] - Text 'huynh-ar-stag-2346' is set on object 'Object Repository/Alireview/input_shop'

2023-02-20 14:11:26 - [MESSAGE][PASSED] - Object: 'Object Repository/Alireview/btn_login' is clicked on

2023-02-20 14:11:26 - [MESSAGE][PASSED] - alireview.install.inputRawDomain is PASSED

2023-02-20 14:11:26 - [TEST_STEP][PASSED] - alireview.install.installStep1(): alireview.install.installStep1 is PASSED

2023-02-20 14:11:32 - [MESSAGE][PASSED] - Object: 'Object Repository/Shopify Install App/btn_install_step1' is clicked on

2023-02-20 14:11:32 - [MESSAGE][PASSED] - alireview.install.installStep1 is PASSED

2023-02-20 14:11:32 - [TEST_STEP][FAILED] - shopify.store.clickOnShopifyUserCard(): com.kms.katalon.core.exception.StepFailedException: Unable to click on object 'Object Repository/Shopify/div_user_card_name' (Root cause: com.kms.katalon.core.exception.StepFailedException: Unable to click on object 'Object Repository/Shopify/div_user_card_name'
	at com.kms.katalon.core.webui.keyword.internal.WebUIKeywordMain.stepFailed(WebUIKeywordMain.groovy:64)
	at com.kms.katalon.core.webui.keyword.internal.WebUIKeywordMain.runKeyword(WebUIKeywordMain.groovy:26)
	at com.kms.katalon.core.webui.keyword.builtin.ClickKeyword.click(ClickKeyword.groovy:74)
	at com.kms.katalon.core.webui.keyword.builtin.ClickKeyword.execute(ClickKeyword.groovy:40)
	at com.kms.katalon.core.keyword.internal.KeywordExecutor.executeKeywordForPlatform(KeywordExecutor.groovy:74)
	at com.kms.katalon.core.webui.keyword.WebUiBuiltInKeywords.click(WebUiBuiltInKeywords.groovy:608)
	at com.kms.katalon.core.webui.keyword.WebUiBuiltInKeywords$click$5.call(Unknown Source)
	at shopify.store.clickOnShopifyUserCard(store.groovy:126)
	at shopify.store.invokeMethod(store.groovy)
	at com.kms.katalon.core.main.CustomKeywordDelegatingMetaClass.invokeStaticMethod(CustomKeywordDelegatingMetaClass.java:55)
	at Install new store free.run(Install new store free:27)
	at com.kms.katalon.core.main.ScriptEngine.run(ScriptEngine.java:194)
	at com.kms.katalon.core.main.ScriptEngine.runScriptAsRawText(ScriptEngine.java:119)
	at com.kms.katalon.core.main.TestCaseExecutor.runScript(TestCaseExecutor.java:448)
	at com.kms.katalon.core.main.TestCaseExecutor.doExecute(TestCaseExecutor.java:439)
	at com.kms.katalon.core.main.TestCaseExecutor.processExecutionPhase(TestCaseExecutor.java:418)
	at com.kms.katalon.core.main.TestCaseExecutor.accessMainPhase(TestCaseExecutor.java:410)
	at com.kms.katalon.core.main.TestCaseExecutor.execute(TestCaseExecutor.java:285)
	at com.kms.katalon.core.common.CommonExecutor.accessTestCaseMainPhase(CommonExecutor.java:65)
	at com.kms.katalon.core.main.TestSuiteExecutor.accessTestSuiteMainPhase(TestSuiteExecutor.java:151)
	at com.kms.katalon.core.main.TestSuiteExecutor.execute(TestSuiteExecutor.java:106)
	at com.kms.katalon.core.main.TestCaseMain.startTestSuite(TestCaseMain.java:185)
	at com.kms.katalon.core.main.TestCaseMain$startTestSuite$0.call(Unknown Source)
	at TempTestSuite1676876596469.run(TempTestSuite1676876596469.groovy:36)
Caused by: com.kms.katalon.core.webui.exception.WebElementNotFoundException: Web element with id: 'Object Repository/Shopify/div_user_card_name' located by '//*[@class = 'user-card__name']' not found
	at com.kms.katalon.core.webui.common.WebUiCommonHelper.findWebElement(WebUiCommonHelper.java:1370)
	at com.kms.katalon.core.webui.keyword.internal.WebUIAbstractKeyword.findWebElement(WebUIAbstractKeyword.groovy:27)
	at com.kms.katalon.core.webui.keyword.builtin.ClickKeyword$_click_closure1.doCall(ClickKeyword.groovy:65)
	at com.kms.katalon.core.webui.keyword.builtin.ClickKeyword$_click_closure1.call(ClickKeyword.groovy)
	at com.kms.katalon.core.webui.keyword.internal.WebUIKeywordMain.runKeyword(WebUIKeywordMain.groovy:20)
	at com.kms.katalon.core.webui.keyword.builtin.ClickKeyword.click(ClickKeyword.groovy:74)
	at com.kms.katalon.core.webui.keyword.builtin.ClickKeyword.execute(ClickKeyword.groovy:40)
	at com.kms.katalon.core.keyword.internal.KeywordExecutor.executeKeywordForPlatform(KeywordExecutor.groovy:74)
	at com.kms.katalon.core.webui.keyword.WebUiBuiltInKeywords.click(WebUiBuiltInKeywords.groovy:608)
	at com.kms.katalon.core.webui.keyword.WebUiBuiltInKeywords$click$5.call(Unknown Source)
	at shopify.store.clickOnShopifyUserCard(store.groovy:126)
	at shopify.store.invokeMethod(store.groovy)
	at com.kms.katalon.core.main.CustomKeywordDelegatingMetaClass.invokeStaticMethod(CustomKeywordDelegatingMetaClass.java:55)
	at Script1673948457755.run(Script1673948457755.groovy:27)
	... 13 more
)

2023-02-20 14:12:34 - [MESSAGE][INFO] - Unable to find the element located by 'By.xpath: //*[@class = 'user-card__name']'. Please recheck the objects properties to make sure the desired element is located. 

2023-02-20 14:12:34 - [MESSAGE][WARNING] - [SELF-HEALING] Failed to find element with id 'Object Repository/Shopify/div_user_card_name'. Try using Self-healing.

2023-02-20 14:12:34 - [MESSAGE][WARNING] - [SELF-HEALING] Cannot find elements when the XPath is null.

2023-02-20 14:12:34 - [MESSAGE][WARNING] - [SELF-HEALING] Cannot find elements when the selector is null

2023-02-20 14:12:34 - [MESSAGE][FAILED] - Unable to click on object 'Object Repository/Shopify/div_user_card_name' (Root cause: com.kms.katalon.core.exception.StepFailedException: Unable to click on object 'Object Repository/Shopify/div_user_card_name'
	at com.kms.katalon.core.webui.keyword.internal.WebUIKeywordMain.stepFailed(WebUIKeywordMain.groovy:64)
	at com.kms.katalon.core.webui.keyword.internal.WebUIKeywordMain.runKeyword(WebUIKeywordMain.groovy:26)
	at com.kms.katalon.core.webui.keyword.builtin.ClickKeyword.click(ClickKeyword.groovy:74)
	at com.kms.katalon.core.webui.keyword.builtin.ClickKeyword.execute(ClickKeyword.groovy:40)
	at com.kms.katalon.core.keyword.internal.KeywordExecutor.executeKeywordForPlatform(KeywordExecutor.groovy:74)
	at com.kms.katalon.core.webui.keyword.WebUiBuiltInKeywords.click(WebUiBuiltInKeywords.groovy:608)
	at com.kms.katalon.core.webui.keyword.WebUiBuiltInKeywords$click$5.call(Unknown Source)
	at shopify.store.clickOnShopifyUserCard(store.groovy:126)
	at shopify.store.invokeMethod(store.groovy)
	at com.kms.katalon.core.main.CustomKeywordDelegatingMetaClass.invokeStaticMethod(CustomKeywordDelegatingMetaClass.java:55)
	at Install new store free.run(Install new store free:27)
	at com.kms.katalon.core.main.ScriptEngine.run(ScriptEngine.java:194)
	at com.kms.katalon.core.main.ScriptEngine.runScriptAsRawText(ScriptEngine.java:119)
	at com.kms.katalon.core.main.TestCaseExecutor.runScript(TestCaseExecutor.java:448)
	at com.kms.katalon.core.main.TestCaseExecutor.doExecute(TestCaseExecutor.java:439)
	at com.kms.katalon.core.main.TestCaseExecutor.processExecutionPhase(TestCaseExecutor.java:418)
	at com.kms.katalon.core.main.TestCaseExecutor.accessMainPhase(TestCaseExecutor.java:410)
	at com.kms.katalon.core.main.TestCaseExecutor.execute(TestCaseExecutor.java:285)
	at com.kms.katalon.core.common.CommonExecutor.accessTestCaseMainPhase(CommonExecutor.java:65)
	at com.kms.katalon.core.main.TestSuiteExecutor.accessTestSuiteMainPhase(TestSuiteExecutor.java:151)
	at com.kms.katalon.core.main.TestSuiteExecutor.execute(TestSuiteExecutor.java:106)
	at com.kms.katalon.core.main.TestCaseMain.startTestSuite(TestCaseMain.java:185)
	at com.kms.katalon.core.main.TestCaseMain$startTestSuite$0.call(Unknown Source)
	at TempTestSuite1676876596469.run(TempTestSuite1676876596469.groovy:36)
Caused by: com.kms.katalon.core.webui.exception.WebElementNotFoundException: Web element with id: 'Object Repository/Shopify/div_user_card_name' located by '//*[@class = 'user-card__name']' not found
	at com.kms.katalon.core.webui.common.WebUiCommonHelper.findWebElement(WebUiCommonHelper.java:1370)
	at com.kms.katalon.core.webui.keyword.internal.WebUIAbstractKeyword.findWebElement(WebUIAbstractKeyword.groovy:27)
	at com.kms.katalon.core.webui.keyword.builtin.ClickKeyword$_click_closure1.doCall(ClickKeyword.groovy:65)
	at com.kms.katalon.core.webui.keyword.builtin.ClickKeyword$_click_closure1.call(ClickKeyword.groovy)
	at com.kms.katalon.core.webui.keyword.internal.WebUIKeywordMain.runKeyword(WebUIKeywordMain.groovy:20)
	at com.kms.katalon.core.webui.keyword.builtin.ClickKeyword.click(ClickKeyword.groovy:74)
	at com.kms.katalon.core.webui.keyword.builtin.ClickKeyword.execute(ClickKeyword.groovy:40)
	at com.kms.katalon.core.keyword.internal.KeywordExecutor.executeKeywordForPlatform(KeywordExecutor.groovy:74)
	at com.kms.katalon.core.webui.keyword.WebUiBuiltInKeywords.click(WebUiBuiltInKeywords.groovy:608)
	at com.kms.katalon.core.webui.keyword.WebUiBuiltInKeywords$click$5.call(Unknown Source)
	at shopify.store.clickOnShopifyUserCard(store.groovy:126)
	at shopify.store.invokeMethod(store.groovy)
	at com.kms.katalon.core.main.CustomKeywordDelegatingMetaClass.invokeStaticMethod(CustomKeywordDelegatingMetaClass.java:55)
	at Script1673948457755.run(Script1673948457755.groovy:27)
	... 13 more
)
[[ATTACHMENT|C:\\Users\\huynh\\Documents\\Socialhead\\Automation\\Katalon project\\CreateStore\\CreateStore\\Reports\\20230220_140316\\Alireview\\Install Store Free\\20230220_140316\\1676877154467.png]]

2023-02-20 14:12:34 - [MESSAGE][FAILED] - com.kms.katalon.core.exception.StepFailedException: Unable to click on object 'Object Repository/Shopify/div_user_card_name' (Root cause: com.kms.katalon.core.exception.StepFailedException: Unable to click on object 'Object Repository/Shopify/div_user_card_name'
	at com.kms.katalon.core.webui.keyword.internal.WebUIKeywordMain.stepFailed(WebUIKeywordMain.groovy:64)
	at com.kms.katalon.core.webui.keyword.internal.WebUIKeywordMain.runKeyword(WebUIKeywordMain.groovy:26)
	at com.kms.katalon.core.webui.keyword.builtin.ClickKeyword.click(ClickKeyword.groovy:74)
	at com.kms.katalon.core.webui.keyword.builtin.ClickKeyword.execute(ClickKeyword.groovy:40)
	at com.kms.katalon.core.keyword.internal.KeywordExecutor.executeKeywordForPlatform(KeywordExecutor.groovy:74)
	at com.kms.katalon.core.webui.keyword.WebUiBuiltInKeywords.click(WebUiBuiltInKeywords.groovy:608)
	at com.kms.katalon.core.webui.keyword.WebUiBuiltInKeywords$click$5.call(Unknown Source)
	at shopify.store.clickOnShopifyUserCard(store.groovy:126)
	at shopify.store.invokeMethod(store.groovy)
	at com.kms.katalon.core.main.CustomKeywordDelegatingMetaClass.invokeStaticMethod(CustomKeywordDelegatingMetaClass.java:55)
	at Install new store free.run(Install new store free:27)
	at com.kms.katalon.core.main.ScriptEngine.run(ScriptEngine.java:194)
	at com.kms.katalon.core.main.ScriptEngine.runScriptAsRawText(ScriptEngine.java:119)
	at com.kms.katalon.core.main.TestCaseExecutor.runScript(TestCaseExecutor.java:448)
	at com.kms.katalon.core.main.TestCaseExecutor.doExecute(TestCaseExecutor.java:439)
	at com.kms.katalon.core.main.TestCaseExecutor.processExecutionPhase(TestCaseExecutor.java:418)
	at com.kms.katalon.core.main.TestCaseExecutor.accessMainPhase(TestCaseExecutor.java:410)
	at com.kms.katalon.core.main.TestCaseExecutor.execute(TestCaseExecutor.java:285)
	at com.kms.katalon.core.common.CommonExecutor.accessTestCaseMainPhase(CommonExecutor.java:65)
	at com.kms.katalon.core.main.TestSuiteExecutor.accessTestSuiteMainPhase(TestSuiteExecutor.java:151)
	at com.kms.katalon.core.main.TestSuiteExecutor.execute(TestSuiteExecutor.java:106)
	at com.kms.katalon.core.main.TestCaseMain.startTestSuite(TestCaseMain.java:185)
	at com.kms.katalon.core.main.TestCaseMain$startTestSuite$0.call(Unknown Source)
	at TempTestSuite1676876596469.run(TempTestSuite1676876596469.groovy:36)
Caused by: com.kms.katalon.core.webui.exception.WebElementNotFoundException: Web element with id: 'Object Repository/Shopify/div_user_card_name' located by '//*[@class = 'user-card__name']' not found
	at com.kms.katalon.core.webui.common.WebUiCommonHelper.findWebElement(WebUiCommonHelper.java:1370)
	at com.kms.katalon.core.webui.keyword.internal.WebUIAbstractKeyword.findWebElement(WebUIAbstractKeyword.groovy:27)
	at com.kms.katalon.core.webui.keyword.builtin.ClickKeyword$_click_closure1.doCall(ClickKeyword.groovy:65)
	at com.kms.katalon.core.webui.keyword.builtin.ClickKeyword$_click_closure1.call(ClickKeyword.groovy)
	at com.kms.katalon.core.webui.keyword.internal.WebUIKeywordMain.runKeyword(WebUIKeywordMain.groovy:20)
	at com.kms.katalon.core.webui.keyword.builtin.ClickKeyword.click(ClickKeyword.groovy:74)
	at com.kms.katalon.core.webui.keyword.builtin.ClickKeyword.execute(ClickKeyword.groovy:40)
	at com.kms.katalon.core.keyword.internal.KeywordExecutor.executeKeywordForPlatform(KeywordExecutor.groovy:74)
	at com.kms.katalon.core.webui.keyword.WebUiBuiltInKeywords.click(WebUiBuiltInKeywords.groovy:608)
	at com.kms.katalon.core.webui.keyword.WebUiBuiltInKeywords$click$5.call(Unknown Source)
	at shopify.store.clickOnShopifyUserCard(store.groovy:126)
	at shopify.store.invokeMethod(store.groovy)
	at com.kms.katalon.core.main.CustomKeywordDelegatingMetaClass.invokeStaticMethod(CustomKeywordDelegatingMetaClass.java:55)
	at Script1673948457755.run(Script1673948457755.groovy:27)
	... 13 more
)

2023-02-20 14:12:34 - [TEST_STEP][FAILED] - alireview.install.onboardingSelectColor(color): Unable to verify image 'Object Repository/Alireview/iframe_app' present

2023-02-20 14:12:36 - [MESSAGE][INFO] - Unable to find the element located by 'By.xpath: //*[@name = 'app-iframe']'. Please recheck the objects properties to make sure the desired element is located. 

2023-02-20 14:12:36 - [MESSAGE][WARNING] - [SELF-HEALING] Failed to find element with id 'Object Repository/Alireview/iframe_app'. Try using Self-healing.

2023-02-20 14:12:37 - [MESSAGE][INFO] - [SELF-HEALING] No working XPath is found.

2023-02-20 14:12:38 - [MESSAGE][INFO] - Unable to find the element located by 'By.xpath: '. Please recheck the objects properties to make sure the desired element is located. 

2023-02-20 14:12:38 - [MESSAGE][WARNING] - [SELF-HEALING] Cannot find elements when the selector is null

2023-02-20 14:12:39 - [MESSAGE][FAILED] - Unable to verify image 'Object Repository/Alireview/iframe_app' present (Root cause: com.kms.katalon.core.exception.StepFailedException: Unable to verify image 'Object Repository/Alireview/iframe_app' present
	at com.kms.katalon.core.webui.keyword.internal.WebUIKeywordMain.stepFailed(WebUIKeywordMain.groovy:64)
	at com.kms.katalon.core.webui.keyword.internal.WebUIKeywordMain.runKeyword(WebUIKeywordMain.groovy:26)
	at com.kms.katalon.core.webui.keyword.builtin.SwitchToFrameKeyword.switchToFrame(SwitchToFrameKeyword.groovy:84)
	at com.kms.katalon.core.webui.keyword.builtin.SwitchToFrameKeyword.execute(SwitchToFrameKeyword.groovy:68)
	at com.kms.katalon.core.keyword.internal.KeywordExecutor.executeKeywordForPlatform(KeywordExecutor.groovy:74)
	at com.kms.katalon.core.webui.keyword.WebUiBuiltInKeywords.switchToFrame(WebUiBuiltInKeywords.groovy:2899)
	at com.kms.katalon.core.webui.keyword.WebUiBuiltInKeywords$switchToFrame$7.call(Unknown Source)
	at alireview.install.onboardingSelectColor(install.groovy:38)
	at alireview.install.invokeMethod(install.groovy)
	at com.kms.katalon.core.main.CustomKeywordDelegatingMetaClass.invokeStaticMethod(CustomKeywordDelegatingMetaClass.java:55)
	at Install new store free.run(Install new store free:29)
	at com.kms.katalon.core.main.ScriptEngine.run(ScriptEngine.java:194)
	at com.kms.katalon.core.main.ScriptEngine.runScriptAsRawText(ScriptEngine.java:119)
	at com.kms.katalon.core.main.TestCaseExecutor.runScript(TestCaseExecutor.java:448)
	at com.kms.katalon.core.main.TestCaseExecutor.doExecute(TestCaseExecutor.java:439)
	at com.kms.katalon.core.main.TestCaseExecutor.processExecutionPhase(TestCaseExecutor.java:418)
	at com.kms.katalon.core.main.TestCaseExecutor.accessMainPhase(TestCaseExecutor.java:410)
	at com.kms.katalon.core.main.TestCaseExecutor.execute(TestCaseExecutor.java:285)
	at com.kms.katalon.core.common.CommonExecutor.accessTestCaseMainPhase(CommonExecutor.java:65)
	at com.kms.katalon.core.main.TestSuiteExecutor.accessTestSuiteMainPhase(TestSuiteExecutor.java:151)
	at com.kms.katalon.core.main.TestSuiteExecutor.execute(TestSuiteExecutor.java:106)
	at com.kms.katalon.core.main.TestCaseMain.startTestSuite(TestCaseMain.java:185)
	at com.kms.katalon.core.main.TestCaseMain$startTestSuite$0.call(Unknown Source)
	at TempTestSuite1676876596469.run(TempTestSuite1676876596469.groovy:36)
Caused by: com.kms.katalon.core.webui.exception.WebElementNotFoundException: Web element with id: 'Object Repository/Alireview/iframe_app' located by '//*[@name = 'app-iframe']' not found
	at com.kms.katalon.core.webui.common.WebUiCommonHelper.findWebElement(WebUiCommonHelper.java:1370)
	at com.kms.katalon.core.webui.keyword.builtin.SwitchToFrameKeyword$_switchToFrame_closure1.doCall(SwitchToFrameKeyword.groovy:77)
	at com.kms.katalon.core.webui.keyword.builtin.SwitchToFrameKeyword$_switchToFrame_closure1.call(SwitchToFrameKeyword.groovy)
	at com.kms.katalon.core.webui.keyword.internal.WebUIKeywordMain.runKeyword(WebUIKeywordMain.groovy:20)
	at com.kms.katalon.core.webui.keyword.builtin.SwitchToFrameKeyword.switchToFrame(SwitchToFrameKeyword.groovy:84)
	at com.kms.katalon.core.webui.keyword.builtin.SwitchToFrameKeyword.execute(SwitchToFrameKeyword.groovy:68)
	at com.kms.katalon.core.keyword.internal.KeywordExecutor.executeKeywordForPlatform(KeywordExecutor.groovy:74)
	at com.kms.katalon.core.webui.keyword.WebUiBuiltInKeywords.switchToFrame(WebUiBuiltInKeywords.groovy:2899)
	at com.kms.katalon.core.webui.keyword.WebUiBuiltInKeywords$switchToFrame$7.call(Unknown Source)
	at alireview.install.onboardingSelectColor(install.groovy:38)
	at alireview.install.invokeMethod(install.groovy)
	at com.kms.katalon.core.main.CustomKeywordDelegatingMetaClass.invokeStaticMethod(CustomKeywordDelegatingMetaClass.java:55)
	at Script1673948457755.run(Script1673948457755.groovy:29)
	... 13 more
)
[[ATTACHMENT|C:\\Users\\huynh\\Documents\\Socialhead\\Automation\\Katalon project\\CreateStore\\CreateStore\\Reports\\20230220_140316\\Alireview\\Install Store Free\\20230220_140316\\1676877158915.png]]

2023-02-20 14:12:39 - [MESSAGE][FAILED] - Unable to verify image 'Object Repository/Alireview/iframe_app' present

2023-02-20 14:12:39 - [TEST_STEP][PASSED] - Start tear down : teardownIfFailed: Method 'teardownIfFailed' complete successfully

2023-02-20 14:12:39 - [TEST_STEP][PASSED] - excelFilePath = "Data Files\storefree3_install app stag.xlsx": null

2023-02-20 14:12:39 - [TEST_STEP][PASSED] - data.excel.updateValueToSheet(excelFilePath, "store", 4, store_name, 9, "Not install"): data.excel.updateValueToSheet is PASSED

2023-02-20 14:12:39 - [MESSAGE][PASSED] - data.excel.updateValueToSheet is PASSED

2023-02-20 14:12:39 - [MESSAGE][PASSED] - Method 'teardownIfFailed' complete successfully]]></system-out>
         <system-err><![CDATA[2023-02-20 14:10:56 - [TEST_CASE][FAILED] - Test Cases/Alireview/Install new store free: Test Cases/Alireview/Install new store free FAILED.
Reason:
com.kms.katalon.core.exception.StepFailedException: Unable to click on object 'Object Repository/Shopify/div_user_card_name' (Root cause: com.kms.katalon.core.exception.StepFailedException: Unable to click on object 'Object Repository/Shopify/div_user_card_name'
	at com.kms.katalon.core.webui.keyword.internal.WebUIKeywordMain.stepFailed(WebUIKeywordMain.groovy:64)
	at com.kms.katalon.core.webui.keyword.internal.WebUIKeywordMain.runKeyword(WebUIKeywordMain.groovy:26)
	at com.kms.katalon.core.webui.keyword.builtin.ClickKeyword.click(ClickKeyword.groovy:74)
	at com.kms.katalon.core.webui.keyword.builtin.ClickKeyword.execute(ClickKeyword.groovy:40)
	at com.kms.katalon.core.keyword.internal.KeywordExecutor.executeKeywordForPlatform(KeywordExecutor.groovy:74)
	at com.kms.katalon.core.webui.keyword.WebUiBuiltInKeywords.click(WebUiBuiltInKeywords.groovy:608)
	at com.kms.katalon.core.webui.keyword.WebUiBuiltInKeywords$click$5.call(Unknown Source)
	at shopify.store.clickOnShopifyUserCard(store.groovy:126)
	at shopify.store.invokeMethod(store.groovy)
	at com.kms.katalon.core.main.CustomKeywordDelegatingMetaClass.invokeStaticMethod(CustomKeywordDelegatingMetaClass.java:55)
	at Install new store free.run(Install new store free:27)
	at com.kms.katalon.core.main.ScriptEngine.run(ScriptEngine.java:194)
	at com.kms.katalon.core.main.ScriptEngine.runScriptAsRawText(ScriptEngine.java:119)
	at com.kms.katalon.core.main.TestCaseExecutor.runScript(TestCaseExecutor.java:448)
	at com.kms.katalon.core.main.TestCaseExecutor.doExecute(TestCaseExecutor.java:439)
	at com.kms.katalon.core.main.TestCaseExecutor.processExecutionPhase(TestCaseExecutor.java:418)
	at com.kms.katalon.core.main.TestCaseExecutor.accessMainPhase(TestCaseExecutor.java:410)
	at com.kms.katalon.core.main.TestCaseExecutor.execute(TestCaseExecutor.java:285)
	at com.kms.katalon.core.common.CommonExecutor.accessTestCaseMainPhase(CommonExecutor.java:65)
	at com.kms.katalon.core.main.TestSuiteExecutor.accessTestSuiteMainPhase(TestSuiteExecutor.java:151)
	at com.kms.katalon.core.main.TestSuiteExecutor.execute(TestSuiteExecutor.java:106)
	at com.kms.katalon.core.main.TestCaseMain.startTestSuite(TestCaseMain.java:185)
	at com.kms.katalon.core.main.TestCaseMain$startTestSuite$0.call(Unknown Source)
	at TempTestSuite1676876596469.run(TempTestSuite1676876596469.groovy:36)
Caused by: com.kms.katalon.core.webui.exception.WebElementNotFoundException: Web element with id: 'Object Repository/Shopify/div_user_card_name' located by '//*[@class = 'user-card__name']' not found
	at com.kms.katalon.core.webui.common.WebUiCommonHelper.findWebElement(WebUiCommonHelper.java:1370)
	at com.kms.katalon.core.webui.keyword.internal.WebUIAbstractKeyword.findWebElement(WebUIAbstractKeyword.groovy:27)
	at com.kms.katalon.core.webui.keyword.builtin.ClickKeyword$_click_closure1.doCall(ClickKeyword.groovy:65)
	at com.kms.katalon.core.webui.keyword.builtin.ClickKeyword$_click_closure1.call(ClickKeyword.groovy)
	at com.kms.katalon.core.webui.keyword.internal.WebUIKeywordMain.runKeyword(WebUIKeywordMain.groovy:20)
	at com.kms.katalon.core.webui.keyword.builtin.ClickKeyword.click(ClickKeyword.groovy:74)
	at com.kms.katalon.core.webui.keyword.builtin.ClickKeyword.execute(ClickKeyword.groovy:40)
	at com.kms.katalon.core.keyword.internal.KeywordExecutor.executeKeywordForPlatform(KeywordExecutor.groovy:74)
	at com.kms.katalon.core.webui.keyword.WebUiBuiltInKeywords.click(WebUiBuiltInKeywords.groovy:608)
	at com.kms.katalon.core.webui.keyword.WebUiBuiltInKeywords$click$5.call(Unknown Source)
	at shopify.store.clickOnShopifyUserCard(store.groovy:126)
	at shopify.store.invokeMethod(store.groovy)
	at com.kms.katalon.core.main.CustomKeywordDelegatingMetaClass.invokeStaticMethod(CustomKeywordDelegatingMetaClass.java:55)
	at Script1673948457755.run(Script1673948457755.groovy:27)
	... 13 more
)
	at com.kms.katalon.core.keyword.internal.KeywordMain.stepFailed(KeywordMain.groovy:39)
	at com.kms.katalon.core.webui.keyword.internal.WebUIKeywordMain.stepFailed(WebUIKeywordMain.groovy:64)
	at com.kms.katalon.core.webui.keyword.internal.WebUIKeywordMain.runKeyword(WebUIKeywordMain.groovy:26)
	at com.kms.katalon.core.webui.keyword.builtin.ClickKeyword.click(ClickKeyword.groovy:74)
	at com.kms.katalon.core.webui.keyword.builtin.ClickKeyword.execute(ClickKeyword.groovy:40)
	at com.kms.katalon.core.keyword.internal.KeywordExecutor.executeKeywordForPlatform(KeywordExecutor.groovy:74)
	at com.kms.katalon.core.webui.keyword.WebUiBuiltInKeywords.click(WebUiBuiltInKeywords.groovy:608)
	at com.kms.katalon.core.webui.keyword.WebUiBuiltInKeywords$click$5.call(Unknown Source)
	at shopify.store.clickOnShopifyUserCard(store.groovy:126)
	at shopify.store.invokeMethod(store.groovy)
	at com.kms.katalon.core.main.CustomKeywordDelegatingMetaClass.invokeStaticMethod(CustomKeywordDelegatingMetaClass.java:55)
	at Install new store free.run(Install new store free:27)
	at com.kms.katalon.core.main.ScriptEngine.run(ScriptEngine.java:194)
	at com.kms.katalon.core.main.ScriptEngine.runScriptAsRawText(ScriptEngine.java:119)
	at com.kms.katalon.core.main.TestCaseExecutor.runScript(TestCaseExecutor.java:448)
	at com.kms.katalon.core.main.TestCaseExecutor.doExecute(TestCaseExecutor.java:439)
	at com.kms.katalon.core.main.TestCaseExecutor.processExecutionPhase(TestCaseExecutor.java:418)
	at com.kms.katalon.core.main.TestCaseExecutor.accessMainPhase(TestCaseExecutor.java:410)
	at com.kms.katalon.core.main.TestCaseExecutor.execute(TestCaseExecutor.java:285)
	at com.kms.katalon.core.common.CommonExecutor.accessTestCaseMainPhase(CommonExecutor.java:65)
	at com.kms.katalon.core.main.TestSuiteExecutor.accessTestSuiteMainPhase(TestSuiteExecutor.java:151)
	at com.kms.katalon.core.main.TestSuiteExecutor.execute(TestSuiteExecutor.java:106)
	at com.kms.katalon.core.main.TestCaseMain.startTestSuite(TestCaseMain.java:185)
	at com.kms.katalon.core.main.TestCaseMain$startTestSuite$0.call(Unknown Source)
	at TempTestSuite1676876596469.run(TempTestSuite1676876596469.groovy:36)
Caused by: com.kms.katalon.core.exception.StepFailedException: Unable to click on object 'Object Repository/Shopify/div_user_card_name'
	... 24 more
Caused by: com.kms.katalon.core.webui.exception.WebElementNotFoundException: Web element with id: 'Object Repository/Shopify/div_user_card_name' located by '//*[@class = 'user-card__name']' not found
	at com.kms.katalon.core.webui.common.WebUiCommonHelper.findWebElement(WebUiCommonHelper.java:1370)
	at com.kms.katalon.core.webui.keyword.internal.WebUIAbstractKeyword.findWebElement(WebUIAbstractKeyword.groovy:27)
	at com.kms.katalon.core.webui.keyword.builtin.ClickKeyword$_click_closure1.doCall(ClickKeyword.groovy:65)
	at com.kms.katalon.core.webui.keyword.builtin.ClickKeyword$_click_closure1.call(ClickKeyword.groovy)
	at com.kms.katalon.core.webui.keyword.internal.WebUIKeywordMain.runKeyword(WebUIKeywordMain.groovy:20)
	... 22 more]]></system-err>
      </testcase>
      <testcase name="Test Cases/Alireview/Install new store free" time="36.277" classname="Test Cases/Alireview/Install new store free" status="FAILED">
         <failure type="FAILED" message="Test Cases/Alireview/Install new store free FAILED.
Reason:
com.kms.katalon.core.exception.StepFailedException: Unable to set text 'huynh@firegroup.io' of object 'Object Repository/Shopify/input_email_shopify'
	at com.kms.katalon.core.webui.keyword.internal.WebUIKeywordMain.stepFailed(WebUIKeywordMain.groovy:64)
	at com.kms.katalon.core.webui.keyword.internal.WebUIKeywordMain.runKeyword(WebUIKeywordMain.groovy:26)
	at com.kms.katalon.core.webui.keyword.builtin.SetTextKeyword.setText(SetTextKeyword.groovy:66)
	at com.kms.katalon.core.webui.keyword.builtin.SetTextKeyword.execute(SetTextKeyword.groovy:37)
	at com.kms.katalon.core.keyword.internal.KeywordExecutor.executeKeywordForPlatform(KeywordExecutor.groovy:74)
	at com.kms.katalon.core.webui.keyword.WebUiBuiltInKeywords.setText(WebUiBuiltInKeywords.groovy:980)
	at com.kms.katalon.core.webui.keyword.WebUiBuiltInKeywords$setText$2.call(Unknown Source)
	at shopify.store.loginToStoreAdmin(store.groovy:133)
	at shopify.store.invokeMethod(store.groovy)
	at com.kms.katalon.core.main.CustomKeywordDelegatingMetaClass.invokeStaticMethod(CustomKeywordDelegatingMetaClass.java:55)
	at Install new store free.run(Install new store free:22)
	at com.kms.katalon.core.main.ScriptEngine.run(ScriptEngine.java:194)
	at com.kms.katalon.core.main.ScriptEngine.runScriptAsRawText(ScriptEngine.java:119)
	at com.kms.katalon.core.main.TestCaseExecutor.runScript(TestCaseExecutor.java:448)
	at com.kms.katalon.core.main.TestCaseExecutor.doExecute(TestCaseExecutor.java:439)
	at com.kms.katalon.core.main.TestCaseExecutor.processExecutionPhase(TestCaseExecutor.java:418)
	at com.kms.katalon.core.main.TestCaseExecutor.accessMainPhase(TestCaseExecutor.java:410)
	at com.kms.katalon.core.main.TestCaseExecutor.execute(TestCaseExecutor.java:285)
	at com.kms.katalon.core.common.CommonExecutor.accessTestCaseMainPhase(CommonExecutor.java:65)
	at com.kms.katalon.core.main.TestSuiteExecutor.accessTestSuiteMainPhase(TestSuiteExecutor.java:151)
	at com.kms.katalon.core.main.TestSuiteExecutor.execute(TestSuiteExecutor.java:106)
	at com.kms.katalon.core.main.TestCaseMain.startTestSuite(TestCaseMain.java:185)
	at com.kms.katalon.core.main.TestCaseMain$startTestSuite$0.call(Unknown Source)
	at TempTestSuite1676876596469.run(TempTestSuite1676876596469.groovy:36)
Caused by: com.kms.katalon.core.webui.exception.WebElementNotFoundException: Web element with id: 'Object Repository/Shopify/input_email_shopify' located by '//input[@id='account_email']' not found
	at com.kms.katalon.core.webui.common.WebUiCommonHelper.findWebElement(WebUiCommonHelper.java:1370)
	at com.kms.katalon.core.webui.keyword.internal.WebUIAbstractKeyword.findWebElement(WebUIAbstractKeyword.groovy:27)
	at com.kms.katalon.core.webui.keyword.internal.WebUIAbstractKeyword.findWebElement(WebUIAbstractKeyword.groovy:26)
	at com.kms.katalon.core.webui.keyword.builtin.SetTextKeyword$_setText_closure1.doCall(SetTextKeyword.groovy:51)
	at com.kms.katalon.core.webui.keyword.builtin.SetTextKeyword$_setText_closure1.call(SetTextKeyword.groovy)
	at com.kms.katalon.core.webui.keyword.internal.WebUIKeywordMain.runKeyword(WebUIKeywordMain.groovy:20)
	... 22 more
"/>
         <system-out><![CDATA[2023-02-20 14:12:39 - [TEST_CASE][FAILED] - Test Cases/Alireview/Install new store free: Test Cases/Alireview/Install new store free FAILED.
Reason:
com.kms.katalon.core.exception.StepFailedException: Unable to set text 'huynh@firegroup.io' of object 'Object Repository/Shopify/input_email_shopify'
	at com.kms.katalon.core.webui.keyword.internal.WebUIKeywordMain.stepFailed(WebUIKeywordMain.groovy:64)
	at com.kms.katalon.core.webui.keyword.internal.WebUIKeywordMain.runKeyword(WebUIKeywordMain.groovy:26)
	at com.kms.katalon.core.webui.keyword.builtin.SetTextKeyword.setText(SetTextKeyword.groovy:66)
	at com.kms.katalon.core.webui.keyword.builtin.SetTextKeyword.execute(SetTextKeyword.groovy:37)
	at com.kms.katalon.core.keyword.internal.KeywordExecutor.executeKeywordForPlatform(KeywordExecutor.groovy:74)
	at com.kms.katalon.core.webui.keyword.WebUiBuiltInKeywords.setText(WebUiBuiltInKeywords.groovy:980)
	at com.kms.katalon.core.webui.keyword.WebUiBuiltInKeywords$setText$2.call(Unknown Source)
	at shopify.store.loginToStoreAdmin(store.groovy:133)
	at shopify.store.invokeMethod(store.groovy)
	at com.kms.katalon.core.main.CustomKeywordDelegatingMetaClass.invokeStaticMethod(CustomKeywordDelegatingMetaClass.java:55)
	at Install new store free.run(Install new store free:22)
	at com.kms.katalon.core.main.ScriptEngine.run(ScriptEngine.java:194)
	at com.kms.katalon.core.main.ScriptEngine.runScriptAsRawText(ScriptEngine.java:119)
	at com.kms.katalon.core.main.TestCaseExecutor.runScript(TestCaseExecutor.java:448)
	at com.kms.katalon.core.main.TestCaseExecutor.doExecute(TestCaseExecutor.java:439)
	at com.kms.katalon.core.main.TestCaseExecutor.processExecutionPhase(TestCaseExecutor.java:418)
	at com.kms.katalon.core.main.TestCaseExecutor.accessMainPhase(TestCaseExecutor.java:410)
	at com.kms.katalon.core.main.TestCaseExecutor.execute(TestCaseExecutor.java:285)
	at com.kms.katalon.core.common.CommonExecutor.accessTestCaseMainPhase(CommonExecutor.java:65)
	at com.kms.katalon.core.main.TestSuiteExecutor.accessTestSuiteMainPhase(TestSuiteExecutor.java:151)
	at com.kms.katalon.core.main.TestSuiteExecutor.execute(TestSuiteExecutor.java:106)
	at com.kms.katalon.core.main.TestCaseMain.startTestSuite(TestCaseMain.java:185)
	at com.kms.katalon.core.main.TestCaseMain$startTestSuite$0.call(Unknown Source)
	at TempTestSuite1676876596469.run(TempTestSuite1676876596469.groovy:36)
Caused by: com.kms.katalon.core.webui.exception.WebElementNotFoundException: Web element with id: 'Object Repository/Shopify/input_email_shopify' located by '//input[@id='account_email']' not found
	at com.kms.katalon.core.webui.common.WebUiCommonHelper.findWebElement(WebUiCommonHelper.java:1370)
	at com.kms.katalon.core.webui.keyword.internal.WebUIAbstractKeyword.findWebElement(WebUIAbstractKeyword.groovy:27)
	at com.kms.katalon.core.webui.keyword.internal.WebUIAbstractKeyword.findWebElement(WebUIAbstractKeyword.groovy:26)
	at com.kms.katalon.core.webui.keyword.builtin.SetTextKeyword$_setText_closure1.doCall(SetTextKeyword.groovy:51)
	at com.kms.katalon.core.webui.keyword.builtin.SetTextKeyword$_setText_closure1.call(SetTextKeyword.groovy)
	at com.kms.katalon.core.webui.keyword.internal.WebUIKeywordMain.runKeyword(WebUIKeywordMain.groovy:20)
	... 22 more


2023-02-20 14:12:39 - [TEST_STEP][PASSED] - Start listener action : skipStatus: null

2023-02-20 14:12:39 - [TEST_STEP][PASSED] - map = testCaseContext.getTestCaseVariables(): null

2023-02-20 14:12:39 - [TEST_STEP][PASSED] - testcae_status = map.get("testcase_status"): null

2023-02-20 14:12:39 - [TEST_STEP][PASSED] - println(testcae_status): null

2023-02-20 14:12:39 - [TEST_STEP][PASSED] - if (testcae_status == "Passed" || testcae_status == "Failed"): null

2023-02-20 14:12:39 - [TEST_STEP][PASSED] - openBrowser(""): Browser is opened with url: ''

2023-02-20 14:12:39 - [MESSAGE][WARNING] - A browser is already opened. Closing browser and opening a new one

2023-02-20 14:12:39 - [MESSAGE][INFO] - Starting 'Chrome' driver

2023-02-20 14:12:39 - [MESSAGE][INFO] - Action delay is set to 0 milliseconds

2023-02-20 14:12:40 - [MESSAGE][PASSED] - Browser is opened with url: ''

2023-02-20 14:12:40 - [TEST_STEP][PASSED] - maximizeWindow(): Current window maximized

2023-02-20 14:12:40 - [MESSAGE][PASSED] - Current window maximized

2023-02-20 14:12:40 - [TEST_STEP][FAILED] - shopify.store.loginToStoreAdmin(partner_email, partner_password, store_name): Unable to set text 'huynh@firegroup.io' of object 'Object Repository/Shopify/input_email_shopify'

2023-02-20 14:12:41 - [MESSAGE][PASSED] - Navigate to 'http://huynh-ar-stag-2347.myshopify.com/admin' successfully

2023-02-20 14:13:12 - [MESSAGE][INFO] - Unable to find the element located by 'By.xpath: //input[@id='account_email']'. Please recheck the objects properties to make sure the desired element is located. 

2023-02-20 14:13:12 - [MESSAGE][WARNING] - [SELF-HEALING] Failed to find element with id 'Object Repository/Shopify/input_email_shopify'. Try using Self-healing.

2023-02-20 14:13:13 - [MESSAGE][INFO] - [SELF-HEALING] No working XPath is found.

2023-02-20 14:13:15 - [MESSAGE][INFO] - Unable to find the element located by 'By.xpath: '. Please recheck the objects properties to make sure the desired element is located. 

2023-02-20 14:13:15 - [MESSAGE][WARNING] - [SELF-HEALING] Cannot find elements when the selector is null

2023-02-20 14:13:15 - [MESSAGE][FAILED] - Unable to set text 'huynh@firegroup.io' of object 'Object Repository/Shopify/input_email_shopify' (Root cause: com.kms.katalon.core.exception.StepFailedException: Unable to set text 'huynh@firegroup.io' of object 'Object Repository/Shopify/input_email_shopify'
	at com.kms.katalon.core.webui.keyword.internal.WebUIKeywordMain.stepFailed(WebUIKeywordMain.groovy:64)
	at com.kms.katalon.core.webui.keyword.internal.WebUIKeywordMain.runKeyword(WebUIKeywordMain.groovy:26)
	at com.kms.katalon.core.webui.keyword.builtin.SetTextKeyword.setText(SetTextKeyword.groovy:66)
	at com.kms.katalon.core.webui.keyword.builtin.SetTextKeyword.execute(SetTextKeyword.groovy:37)
	at com.kms.katalon.core.keyword.internal.KeywordExecutor.executeKeywordForPlatform(KeywordExecutor.groovy:74)
	at com.kms.katalon.core.webui.keyword.WebUiBuiltInKeywords.setText(WebUiBuiltInKeywords.groovy:980)
	at com.kms.katalon.core.webui.keyword.WebUiBuiltInKeywords$setText$2.call(Unknown Source)
	at shopify.store.loginToStoreAdmin(store.groovy:133)
	at shopify.store.invokeMethod(store.groovy)
	at com.kms.katalon.core.main.CustomKeywordDelegatingMetaClass.invokeStaticMethod(CustomKeywordDelegatingMetaClass.java:55)
	at Install new store free.run(Install new store free:22)
	at com.kms.katalon.core.main.ScriptEngine.run(ScriptEngine.java:194)
	at com.kms.katalon.core.main.ScriptEngine.runScriptAsRawText(ScriptEngine.java:119)
	at com.kms.katalon.core.main.TestCaseExecutor.runScript(TestCaseExecutor.java:448)
	at com.kms.katalon.core.main.TestCaseExecutor.doExecute(TestCaseExecutor.java:439)
	at com.kms.katalon.core.main.TestCaseExecutor.processExecutionPhase(TestCaseExecutor.java:418)
	at com.kms.katalon.core.main.TestCaseExecutor.accessMainPhase(TestCaseExecutor.java:410)
	at com.kms.katalon.core.main.TestCaseExecutor.execute(TestCaseExecutor.java:285)
	at com.kms.katalon.core.common.CommonExecutor.accessTestCaseMainPhase(CommonExecutor.java:65)
	at com.kms.katalon.core.main.TestSuiteExecutor.accessTestSuiteMainPhase(TestSuiteExecutor.java:151)
	at com.kms.katalon.core.main.TestSuiteExecutor.execute(TestSuiteExecutor.java:106)
	at com.kms.katalon.core.main.TestCaseMain.startTestSuite(TestCaseMain.java:185)
	at com.kms.katalon.core.main.TestCaseMain$startTestSuite$0.call(Unknown Source)
	at TempTestSuite1676876596469.run(TempTestSuite1676876596469.groovy:36)
Caused by: com.kms.katalon.core.webui.exception.WebElementNotFoundException: Web element with id: 'Object Repository/Shopify/input_email_shopify' located by '//input[@id='account_email']' not found
	at com.kms.katalon.core.webui.common.WebUiCommonHelper.findWebElement(WebUiCommonHelper.java:1370)
	at com.kms.katalon.core.webui.keyword.internal.WebUIAbstractKeyword.findWebElement(WebUIAbstractKeyword.groovy:27)
	at com.kms.katalon.core.webui.keyword.internal.WebUIAbstractKeyword.findWebElement(WebUIAbstractKeyword.groovy:26)
	at com.kms.katalon.core.webui.keyword.builtin.SetTextKeyword$_setText_closure1.doCall(SetTextKeyword.groovy:51)
	at com.kms.katalon.core.webui.keyword.builtin.SetTextKeyword$_setText_closure1.call(SetTextKeyword.groovy)
	at com.kms.katalon.core.webui.keyword.internal.WebUIKeywordMain.runKeyword(WebUIKeywordMain.groovy:20)
	at com.kms.katalon.core.webui.keyword.builtin.SetTextKeyword.setText(SetTextKeyword.groovy:66)
	at com.kms.katalon.core.webui.keyword.builtin.SetTextKeyword.execute(SetTextKeyword.groovy:37)
	at com.kms.katalon.core.keyword.internal.KeywordExecutor.executeKeywordForPlatform(KeywordExecutor.groovy:74)
	at com.kms.katalon.core.webui.keyword.WebUiBuiltInKeywords.setText(WebUiBuiltInKeywords.groovy:980)
	at com.kms.katalon.core.webui.keyword.WebUiBuiltInKeywords$setText$2.call(Unknown Source)
	at shopify.store.loginToStoreAdmin(store.groovy:133)
	at shopify.store.invokeMethod(store.groovy)
	at com.kms.katalon.core.main.CustomKeywordDelegatingMetaClass.invokeStaticMethod(CustomKeywordDelegatingMetaClass.java:55)
	at Script1673948457755.run(Script1673948457755.groovy:22)
	... 13 more
)
[[ATTACHMENT|C:\\Users\\huynh\\Documents\\Socialhead\\Automation\\Katalon project\\CreateStore\\CreateStore\\Reports\\20230220_140316\\Alireview\\Install Store Free\\20230220_140316\\1676877195204.png]]

2023-02-20 14:13:15 - [MESSAGE][FAILED] - Unable to set text 'huynh@firegroup.io' of object 'Object Repository/Shopify/input_email_shopify'

2023-02-20 14:13:15 - [TEST_STEP][PASSED] - Start tear down : teardownIfFailed: Method 'teardownIfFailed' complete successfully

2023-02-20 14:13:15 - [TEST_STEP][PASSED] - excelFilePath = "Data Files\storefree3_install app stag.xlsx": null

2023-02-20 14:13:15 - [TEST_STEP][PASSED] - data.excel.updateValueToSheet(excelFilePath, "store", 4, store_name, 9, "Not install"): data.excel.updateValueToSheet is PASSED

2023-02-20 14:13:15 - [MESSAGE][PASSED] - data.excel.updateValueToSheet is PASSED

2023-02-20 14:13:15 - [MESSAGE][PASSED] - Method 'teardownIfFailed' complete successfully]]></system-out>
         <system-err><![CDATA[2023-02-20 14:12:39 - [TEST_CASE][FAILED] - Test Cases/Alireview/Install new store free: Test Cases/Alireview/Install new store free FAILED.
Reason:
com.kms.katalon.core.exception.StepFailedException: Unable to set text 'huynh@firegroup.io' of object 'Object Repository/Shopify/input_email_shopify'
	at com.kms.katalon.core.webui.keyword.internal.WebUIKeywordMain.stepFailed(WebUIKeywordMain.groovy:64)
	at com.kms.katalon.core.webui.keyword.internal.WebUIKeywordMain.runKeyword(WebUIKeywordMain.groovy:26)
	at com.kms.katalon.core.webui.keyword.builtin.SetTextKeyword.setText(SetTextKeyword.groovy:66)
	at com.kms.katalon.core.webui.keyword.builtin.SetTextKeyword.execute(SetTextKeyword.groovy:37)
	at com.kms.katalon.core.keyword.internal.KeywordExecutor.executeKeywordForPlatform(KeywordExecutor.groovy:74)
	at com.kms.katalon.core.webui.keyword.WebUiBuiltInKeywords.setText(WebUiBuiltInKeywords.groovy:980)
	at com.kms.katalon.core.webui.keyword.WebUiBuiltInKeywords$setText$2.call(Unknown Source)
	at shopify.store.loginToStoreAdmin(store.groovy:133)
	at shopify.store.invokeMethod(store.groovy)
	at com.kms.katalon.core.main.CustomKeywordDelegatingMetaClass.invokeStaticMethod(CustomKeywordDelegatingMetaClass.java:55)
	at Install new store free.run(Install new store free:22)
	at com.kms.katalon.core.main.ScriptEngine.run(ScriptEngine.java:194)
	at com.kms.katalon.core.main.ScriptEngine.runScriptAsRawText(ScriptEngine.java:119)
	at com.kms.katalon.core.main.TestCaseExecutor.runScript(TestCaseExecutor.java:448)
	at com.kms.katalon.core.main.TestCaseExecutor.doExecute(TestCaseExecutor.java:439)
	at com.kms.katalon.core.main.TestCaseExecutor.processExecutionPhase(TestCaseExecutor.java:418)
	at com.kms.katalon.core.main.TestCaseExecutor.accessMainPhase(TestCaseExecutor.java:410)
	at com.kms.katalon.core.main.TestCaseExecutor.execute(TestCaseExecutor.java:285)
	at com.kms.katalon.core.common.CommonExecutor.accessTestCaseMainPhase(CommonExecutor.java:65)
	at com.kms.katalon.core.main.TestSuiteExecutor.accessTestSuiteMainPhase(TestSuiteExecutor.java:151)
	at com.kms.katalon.core.main.TestSuiteExecutor.execute(TestSuiteExecutor.java:106)
	at com.kms.katalon.core.main.TestCaseMain.startTestSuite(TestCaseMain.java:185)
	at com.kms.katalon.core.main.TestCaseMain$startTestSuite$0.call(Unknown Source)
	at TempTestSuite1676876596469.run(TempTestSuite1676876596469.groovy:36)
Caused by: com.kms.katalon.core.webui.exception.WebElementNotFoundException: Web element with id: 'Object Repository/Shopify/input_email_shopify' located by '//input[@id='account_email']' not found
	at com.kms.katalon.core.webui.common.WebUiCommonHelper.findWebElement(WebUiCommonHelper.java:1370)
	at com.kms.katalon.core.webui.keyword.internal.WebUIAbstractKeyword.findWebElement(WebUIAbstractKeyword.groovy:27)
	at com.kms.katalon.core.webui.keyword.internal.WebUIAbstractKeyword.findWebElement(WebUIAbstractKeyword.groovy:26)
	at com.kms.katalon.core.webui.keyword.builtin.SetTextKeyword$_setText_closure1.doCall(SetTextKeyword.groovy:51)
	at com.kms.katalon.core.webui.keyword.builtin.SetTextKeyword$_setText_closure1.call(SetTextKeyword.groovy)
	at com.kms.katalon.core.webui.keyword.internal.WebUIKeywordMain.runKeyword(WebUIKeywordMain.groovy:20)
	... 22 more]]></system-err>
      </testcase>
      <testcase name="Test Cases/Alireview/Install new store free" time="83.287" classname="Test Cases/Alireview/Install new store free" status="PASSED">
         <system-out><![CDATA[2023-02-20 14:13:15 - [TEST_CASE][PASSED] - Test Cases/Alireview/Install new store free: Test Cases/Alireview/Install new store free

2023-02-20 14:13:15 - [TEST_STEP][PASSED] - Start listener action : skipStatus: null

2023-02-20 14:13:15 - [TEST_STEP][PASSED] - map = testCaseContext.getTestCaseVariables(): null

2023-02-20 14:13:15 - [TEST_STEP][PASSED] - testcae_status = map.get("testcase_status"): null

2023-02-20 14:13:15 - [TEST_STEP][PASSED] - println(testcae_status): null

2023-02-20 14:13:15 - [TEST_STEP][PASSED] - if (testcae_status == "Passed" || testcae_status == "Failed"): null

2023-02-20 14:13:15 - [TEST_STEP][PASSED] - openBrowser(""): Browser is opened with url: ''

2023-02-20 14:13:15 - [MESSAGE][WARNING] - A browser is already opened. Closing browser and opening a new one

2023-02-20 14:13:15 - [MESSAGE][INFO] - Starting 'Chrome' driver

2023-02-20 14:13:15 - [MESSAGE][INFO] - Action delay is set to 0 milliseconds

2023-02-20 14:13:17 - [MESSAGE][PASSED] - Browser is opened with url: ''

2023-02-20 14:13:17 - [TEST_STEP][PASSED] - maximizeWindow(): Current window maximized

2023-02-20 14:13:17 - [MESSAGE][PASSED] - Current window maximized

2023-02-20 14:13:17 - [TEST_STEP][PASSED] - shopify.store.loginToStoreAdmin(partner_email, partner_password, store_name): shopify.store.loginToStoreAdmin is PASSED

2023-02-20 14:13:22 - [MESSAGE][PASSED] - Navigate to 'http://huynh-ar-stag-2348.myshopify.com/admin' successfully

2023-02-20 14:13:23 - [MESSAGE][PASSED] - Text 'huynh@firegroup.io' is set on object 'Object Repository/Shopify/input_email_shopify'

2023-02-20 14:13:24 - [MESSAGE][PASSED] - Object: 'Object Repository/Shopify/btn_continue_with_email' is clicked on

2023-02-20 14:13:26 - [MESSAGE][PASSED] - Text ****** has been set on object 'Object Repository/Shopify/input_password_shopify'

2023-02-20 14:13:34 - [MESSAGE][PASSED] - Object: 'Object Repository/Shopify/btn_login' is clicked on

2023-02-20 14:13:34 - [MESSAGE][PASSED] - shopify.store.loginToStoreAdmin is PASSED

2023-02-20 14:13:34 - [TEST_STEP][PASSED] - alireview.install.inputRawDomain(store_name, host): alireview.install.inputRawDomain is PASSED

2023-02-20 14:13:56 - [MESSAGE][PASSED] - Navigate to 'https://ar-app-staging.fireapps.tech/' successfully

2023-02-20 14:13:57 - [MESSAGE][PASSED] - Text 'huynh-ar-stag-2348' is set on object 'Object Repository/Alireview/input_shop'

2023-02-20 14:13:59 - [MESSAGE][PASSED] - Object: 'Object Repository/Alireview/btn_login' is clicked on

2023-02-20 14:13:59 - [MESSAGE][PASSED] - alireview.install.inputRawDomain is PASSED

2023-02-20 14:13:59 - [TEST_STEP][PASSED] - alireview.install.installStep1(): alireview.install.installStep1 is PASSED

2023-02-20 14:14:02 - [MESSAGE][PASSED] - Object: 'Object Repository/Shopify Install App/btn_install_step1' is clicked on

2023-02-20 14:14:02 - [MESSAGE][PASSED] - alireview.install.installStep1 is PASSED

2023-02-20 14:14:02 - [TEST_STEP][PASSED] - shopify.store.clickOnShopifyUserCard(): shopify.store.clickOnShopifyUserCard is PASSED

2023-02-20 14:14:29 - [MESSAGE][PASSED] - Object: 'Object Repository/Shopify/div_user_card_name' is clicked on

2023-02-20 14:14:29 - [MESSAGE][PASSED] - shopify.store.clickOnShopifyUserCard is PASSED

2023-02-20 14:14:29 - [TEST_STEP][PASSED] - alireview.install.onboardingSelectColor(color): alireview.install.onboardingSelectColor is PASSED

2023-02-20 14:14:38 - [MESSAGE][PASSED] - Text '#C75757' is set on object 'Object Repository/Alireview/input_color'

2023-02-20 14:14:38 - [MESSAGE][PASSED] - alireview.install.onboardingSelectColor is PASSED

2023-02-20 14:14:38 - [TEST_STEP][PASSED] - alireview.install.onboardingSelectStyle(layout_type): alireview.install.onboardingSelectStyle is PASSED

2023-02-20 14:14:38 - [MESSAGE][PASSED] - Object: 'Object Repository/Alireview/label_grid_onboarding' is clicked on

2023-02-20 14:14:38 - [MESSAGE][PASSED] - alireview.install.onboardingSelectStyle is PASSED

2023-02-20 14:14:38 - [TEST_STEP][PASSED] - alireview.install.onboardingNext(): alireview.install.onboardingNext is PASSED

2023-02-20 14:14:38 - [MESSAGE][PASSED] - Object: 'Object Repository/Alireview/btn_next_onboarding' is clicked on

2023-02-20 14:14:38 - [MESSAGE][PASSED] - alireview.install.onboardingNext is PASSED

2023-02-20 14:14:38 - [TEST_STEP][PASSED] - alireview.install.clickGetStartOnboarding(): alireview.install.clickGetStartOnboarding is PASSED

2023-02-20 14:14:38 - [MESSAGE][PASSED] - Object: 'Object Repository/Alireview/btn_get_start_onboarding' is clicked on

2023-02-20 14:14:38 - [MESSAGE][PASSED] - alireview.install.clickGetStartOnboarding is PASSED

2023-02-20 14:14:38 - [TEST_STEP][PASSED] - Start tear down : teardownIfPassed: Method 'teardownIfPassed' complete successfully

2023-02-20 14:14:38 - [TEST_STEP][PASSED] - excelFilePath = "Data Files\storefree3_install app stag.xlsx": null

2023-02-20 14:14:38 - [TEST_STEP][PASSED] - data.excel.updateValueToSheet(excelFilePath, "store", 4, store_name, 9, "Installed"): data.excel.updateValueToSheet is PASSED

2023-02-20 14:14:38 - [MESSAGE][PASSED] - data.excel.updateValueToSheet is PASSED

2023-02-20 14:14:38 - [MESSAGE][PASSED] - Method 'teardownIfPassed' complete successfully]]></system-out>
         <system-err><![CDATA[]]></system-err>
      </testcase>
      <testcase name="Test Cases/Alireview/Install new store free" time="85.087" classname="Test Cases/Alireview/Install new store free" status="FAILED">
         <failure type="FAILED" message="Test Cases/Alireview/Install new store free FAILED.
Reason:
com.kms.katalon.core.exception.StepFailedException: Unable to click on object 'Object Repository/Shopify/div_user_card_name' (Root cause: com.kms.katalon.core.exception.StepFailedException: Unable to click on object 'Object Repository/Shopify/div_user_card_name'
	at com.kms.katalon.core.webui.keyword.internal.WebUIKeywordMain.stepFailed(WebUIKeywordMain.groovy:64)
	at com.kms.katalon.core.webui.keyword.internal.WebUIKeywordMain.runKeyword(WebUIKeywordMain.groovy:26)
	at com.kms.katalon.core.webui.keyword.builtin.ClickKeyword.click(ClickKeyword.groovy:74)
	at com.kms.katalon.core.webui.keyword.builtin.ClickKeyword.execute(ClickKeyword.groovy:40)
	at com.kms.katalon.core.keyword.internal.KeywordExecutor.executeKeywordForPlatform(KeywordExecutor.groovy:74)
	at com.kms.katalon.core.webui.keyword.WebUiBuiltInKeywords.click(WebUiBuiltInKeywords.groovy:608)
	at com.kms.katalon.core.webui.keyword.WebUiBuiltInKeywords$click$5.call(Unknown Source)
	at shopify.store.clickOnShopifyUserCard(store.groovy:126)
	at shopify.store.invokeMethod(store.groovy)
	at com.kms.katalon.core.main.CustomKeywordDelegatingMetaClass.invokeStaticMethod(CustomKeywordDelegatingMetaClass.java:55)
	at Install new store free.run(Install new store free:27)
	at com.kms.katalon.core.main.ScriptEngine.run(ScriptEngine.java:194)
	at com.kms.katalon.core.main.ScriptEngine.runScriptAsRawText(ScriptEngine.java:119)
	at com.kms.katalon.core.main.TestCaseExecutor.runScript(TestCaseExecutor.java:448)
	at com.kms.katalon.core.main.TestCaseExecutor.doExecute(TestCaseExecutor.java:439)
	at com.kms.katalon.core.main.TestCaseExecutor.processExecutionPhase(TestCaseExecutor.java:418)
	at com.kms.katalon.core.main.TestCaseExecutor.accessMainPhase(TestCaseExecutor.java:410)
	at com.kms.katalon.core.main.TestCaseExecutor.execute(TestCaseExecutor.java:285)
	at com.kms.katalon.core.common.CommonExecutor.accessTestCaseMainPhase(CommonExecutor.java:65)
	at com.kms.katalon.core.main.TestSuiteExecutor.accessTestSuiteMainPhase(TestSuiteExecutor.java:151)
	at com.kms.katalon.core.main.TestSuiteExecutor.execute(TestSuiteExecutor.java:106)
	at com.kms.katalon.core.main.TestCaseMain.startTestSuite(TestCaseMain.java:185)
	at com.kms.katalon.core.main.TestCaseMain$startTestSuite$0.call(Unknown Source)
	at TempTestSuite1676876596469.run(TempTestSuite1676876596469.groovy:36)
Caused by: com.kms.katalon.core.webui.exception.WebElementNotFoundException: Web element with id: 'Object Repository/Shopify/div_user_card_name' located by '//*[@class = 'user-card__name']' not found
	at com.kms.katalon.core.webui.common.WebUiCommonHelper.findWebElement(WebUiCommonHelper.java:1370)
	at com.kms.katalon.core.webui.keyword.internal.WebUIAbstractKeyword.findWebElement(WebUIAbstractKeyword.groovy:27)
	at com.kms.katalon.core.webui.keyword.builtin.ClickKeyword$_click_closure1.doCall(ClickKeyword.groovy:65)
	at com.kms.katalon.core.webui.keyword.builtin.ClickKeyword$_click_closure1.call(ClickKeyword.groovy)
	at com.kms.katalon.core.webui.keyword.internal.WebUIKeywordMain.runKeyword(WebUIKeywordMain.groovy:20)
	at com.kms.katalon.core.webui.keyword.builtin.ClickKeyword.click(ClickKeyword.groovy:74)
	at com.kms.katalon.core.webui.keyword.builtin.ClickKeyword.execute(ClickKeyword.groovy:40)
	at com.kms.katalon.core.keyword.internal.KeywordExecutor.executeKeywordForPlatform(KeywordExecutor.groovy:74)
	at com.kms.katalon.core.webui.keyword.WebUiBuiltInKeywords.click(WebUiBuiltInKeywords.groovy:608)
	at com.kms.katalon.core.webui.keyword.WebUiBuiltInKeywords$click$5.call(Unknown Source)
	at shopify.store.clickOnShopifyUserCard(store.groovy:126)
	at shopify.store.invokeMethod(store.groovy)
	at com.kms.katalon.core.main.CustomKeywordDelegatingMetaClass.invokeStaticMethod(CustomKeywordDelegatingMetaClass.java:55)
	at Script1673948457755.run(Script1673948457755.groovy:27)
	... 13 more
)
	at com.kms.katalon.core.keyword.internal.KeywordMain.stepFailed(KeywordMain.groovy:39)
	at com.kms.katalon.core.webui.keyword.internal.WebUIKeywordMain.stepFailed(WebUIKeywordMain.groovy:64)
	at com.kms.katalon.core.webui.keyword.internal.WebUIKeywordMain.runKeyword(WebUIKeywordMain.groovy:26)
	at com.kms.katalon.core.webui.keyword.builtin.ClickKeyword.click(ClickKeyword.groovy:74)
	at com.kms.katalon.core.webui.keyword.builtin.ClickKeyword.execute(ClickKeyword.groovy:40)
	at com.kms.katalon.core.keyword.internal.KeywordExecutor.executeKeywordForPlatform(KeywordExecutor.groovy:74)
	at com.kms.katalon.core.webui.keyword.WebUiBuiltInKeywords.click(WebUiBuiltInKeywords.groovy:608)
	at com.kms.katalon.core.webui.keyword.WebUiBuiltInKeywords$click$5.call(Unknown Source)
	at shopify.store.clickOnShopifyUserCard(store.groovy:126)
	at shopify.store.invokeMethod(store.groovy)
	at com.kms.katalon.core.main.CustomKeywordDelegatingMetaClass.invokeStaticMethod(CustomKeywordDelegatingMetaClass.java:55)
	at Install new store free.run(Install new store free:27)
	at com.kms.katalon.core.main.ScriptEngine.run(ScriptEngine.java:194)
	at com.kms.katalon.core.main.ScriptEngine.runScriptAsRawText(ScriptEngine.java:119)
	at com.kms.katalon.core.main.TestCaseExecutor.runScript(TestCaseExecutor.java:448)
	at com.kms.katalon.core.main.TestCaseExecutor.doExecute(TestCaseExecutor.java:439)
	at com.kms.katalon.core.main.TestCaseExecutor.processExecutionPhase(TestCaseExecutor.java:418)
	at com.kms.katalon.core.main.TestCaseExecutor.accessMainPhase(TestCaseExecutor.java:410)
	at com.kms.katalon.core.main.TestCaseExecutor.execute(TestCaseExecutor.java:285)
	at com.kms.katalon.core.common.CommonExecutor.accessTestCaseMainPhase(CommonExecutor.java:65)
	at com.kms.katalon.core.main.TestSuiteExecutor.accessTestSuiteMainPhase(TestSuiteExecutor.java:151)
	at com.kms.katalon.core.main.TestSuiteExecutor.execute(TestSuiteExecutor.java:106)
	at com.kms.katalon.core.main.TestCaseMain.startTestSuite(TestCaseMain.java:185)
	at com.kms.katalon.core.main.TestCaseMain$startTestSuite$0.call(Unknown Source)
	at TempTestSuite1676876596469.run(TempTestSuite1676876596469.groovy:36)
Caused by: com.kms.katalon.core.exception.StepFailedException: Unable to click on object 'Object Repository/Shopify/div_user_card_name'
	... 24 more
Caused by: com.kms.katalon.core.webui.exception.WebElementNotFoundException: Web element with id: 'Object Repository/Shopify/div_user_card_name' located by '//*[@class = 'user-card__name']' not found
	at com.kms.katalon.core.webui.common.WebUiCommonHelper.findWebElement(WebUiCommonHelper.java:1370)
	at com.kms.katalon.core.webui.keyword.internal.WebUIAbstractKeyword.findWebElement(WebUIAbstractKeyword.groovy:27)
	at com.kms.katalon.core.webui.keyword.builtin.ClickKeyword$_click_closure1.doCall(ClickKeyword.groovy:65)
	at com.kms.katalon.core.webui.keyword.builtin.ClickKeyword$_click_closure1.call(ClickKeyword.groovy)
	at com.kms.katalon.core.webui.keyword.internal.WebUIKeywordMain.runKeyword(WebUIKeywordMain.groovy:20)
	... 22 more
"/>
         <system-out><![CDATA[2023-02-20 14:14:38 - [TEST_CASE][FAILED] - Test Cases/Alireview/Install new store free: Test Cases/Alireview/Install new store free FAILED.
Reason:
com.kms.katalon.core.exception.StepFailedException: Unable to click on object 'Object Repository/Shopify/div_user_card_name' (Root cause: com.kms.katalon.core.exception.StepFailedException: Unable to click on object 'Object Repository/Shopify/div_user_card_name'
	at com.kms.katalon.core.webui.keyword.internal.WebUIKeywordMain.stepFailed(WebUIKeywordMain.groovy:64)
	at com.kms.katalon.core.webui.keyword.internal.WebUIKeywordMain.runKeyword(WebUIKeywordMain.groovy:26)
	at com.kms.katalon.core.webui.keyword.builtin.ClickKeyword.click(ClickKeyword.groovy:74)
	at com.kms.katalon.core.webui.keyword.builtin.ClickKeyword.execute(ClickKeyword.groovy:40)
	at com.kms.katalon.core.keyword.internal.KeywordExecutor.executeKeywordForPlatform(KeywordExecutor.groovy:74)
	at com.kms.katalon.core.webui.keyword.WebUiBuiltInKeywords.click(WebUiBuiltInKeywords.groovy:608)
	at com.kms.katalon.core.webui.keyword.WebUiBuiltInKeywords$click$5.call(Unknown Source)
	at shopify.store.clickOnShopifyUserCard(store.groovy:126)
	at shopify.store.invokeMethod(store.groovy)
	at com.kms.katalon.core.main.CustomKeywordDelegatingMetaClass.invokeStaticMethod(CustomKeywordDelegatingMetaClass.java:55)
	at Install new store free.run(Install new store free:27)
	at com.kms.katalon.core.main.ScriptEngine.run(ScriptEngine.java:194)
	at com.kms.katalon.core.main.ScriptEngine.runScriptAsRawText(ScriptEngine.java:119)
	at com.kms.katalon.core.main.TestCaseExecutor.runScript(TestCaseExecutor.java:448)
	at com.kms.katalon.core.main.TestCaseExecutor.doExecute(TestCaseExecutor.java:439)
	at com.kms.katalon.core.main.TestCaseExecutor.processExecutionPhase(TestCaseExecutor.java:418)
	at com.kms.katalon.core.main.TestCaseExecutor.accessMainPhase(TestCaseExecutor.java:410)
	at com.kms.katalon.core.main.TestCaseExecutor.execute(TestCaseExecutor.java:285)
	at com.kms.katalon.core.common.CommonExecutor.accessTestCaseMainPhase(CommonExecutor.java:65)
	at com.kms.katalon.core.main.TestSuiteExecutor.accessTestSuiteMainPhase(TestSuiteExecutor.java:151)
	at com.kms.katalon.core.main.TestSuiteExecutor.execute(TestSuiteExecutor.java:106)
	at com.kms.katalon.core.main.TestCaseMain.startTestSuite(TestCaseMain.java:185)
	at com.kms.katalon.core.main.TestCaseMain$startTestSuite$0.call(Unknown Source)
	at TempTestSuite1676876596469.run(TempTestSuite1676876596469.groovy:36)
Caused by: com.kms.katalon.core.webui.exception.WebElementNotFoundException: Web element with id: 'Object Repository/Shopify/div_user_card_name' located by '//*[@class = 'user-card__name']' not found
	at com.kms.katalon.core.webui.common.WebUiCommonHelper.findWebElement(WebUiCommonHelper.java:1370)
	at com.kms.katalon.core.webui.keyword.internal.WebUIAbstractKeyword.findWebElement(WebUIAbstractKeyword.groovy:27)
	at com.kms.katalon.core.webui.keyword.builtin.ClickKeyword$_click_closure1.doCall(ClickKeyword.groovy:65)
	at com.kms.katalon.core.webui.keyword.builtin.ClickKeyword$_click_closure1.call(ClickKeyword.groovy)
	at com.kms.katalon.core.webui.keyword.internal.WebUIKeywordMain.runKeyword(WebUIKeywordMain.groovy:20)
	at com.kms.katalon.core.webui.keyword.builtin.ClickKeyword.click(ClickKeyword.groovy:74)
	at com.kms.katalon.core.webui.keyword.builtin.ClickKeyword.execute(ClickKeyword.groovy:40)
	at com.kms.katalon.core.keyword.internal.KeywordExecutor.executeKeywordForPlatform(KeywordExecutor.groovy:74)
	at com.kms.katalon.core.webui.keyword.WebUiBuiltInKeywords.click(WebUiBuiltInKeywords.groovy:608)
	at com.kms.katalon.core.webui.keyword.WebUiBuiltInKeywords$click$5.call(Unknown Source)
	at shopify.store.clickOnShopifyUserCard(store.groovy:126)
	at shopify.store.invokeMethod(store.groovy)
	at com.kms.katalon.core.main.CustomKeywordDelegatingMetaClass.invokeStaticMethod(CustomKeywordDelegatingMetaClass.java:55)
	at Script1673948457755.run(Script1673948457755.groovy:27)
	... 13 more
)
	at com.kms.katalon.core.keyword.internal.KeywordMain.stepFailed(KeywordMain.groovy:39)
	at com.kms.katalon.core.webui.keyword.internal.WebUIKeywordMain.stepFailed(WebUIKeywordMain.groovy:64)
	at com.kms.katalon.core.webui.keyword.internal.WebUIKeywordMain.runKeyword(WebUIKeywordMain.groovy:26)
	at com.kms.katalon.core.webui.keyword.builtin.ClickKeyword.click(ClickKeyword.groovy:74)
	at com.kms.katalon.core.webui.keyword.builtin.ClickKeyword.execute(ClickKeyword.groovy:40)
	at com.kms.katalon.core.keyword.internal.KeywordExecutor.executeKeywordForPlatform(KeywordExecutor.groovy:74)
	at com.kms.katalon.core.webui.keyword.WebUiBuiltInKeywords.click(WebUiBuiltInKeywords.groovy:608)
	at com.kms.katalon.core.webui.keyword.WebUiBuiltInKeywords$click$5.call(Unknown Source)
	at shopify.store.clickOnShopifyUserCard(store.groovy:126)
	at shopify.store.invokeMethod(store.groovy)
	at com.kms.katalon.core.main.CustomKeywordDelegatingMetaClass.invokeStaticMethod(CustomKeywordDelegatingMetaClass.java:55)
	at Install new store free.run(Install new store free:27)
	at com.kms.katalon.core.main.ScriptEngine.run(ScriptEngine.java:194)
	at com.kms.katalon.core.main.ScriptEngine.runScriptAsRawText(ScriptEngine.java:119)
	at com.kms.katalon.core.main.TestCaseExecutor.runScript(TestCaseExecutor.java:448)
	at com.kms.katalon.core.main.TestCaseExecutor.doExecute(TestCaseExecutor.java:439)
	at com.kms.katalon.core.main.TestCaseExecutor.processExecutionPhase(TestCaseExecutor.java:418)
	at com.kms.katalon.core.main.TestCaseExecutor.accessMainPhase(TestCaseExecutor.java:410)
	at com.kms.katalon.core.main.TestCaseExecutor.execute(TestCaseExecutor.java:285)
	at com.kms.katalon.core.common.CommonExecutor.accessTestCaseMainPhase(CommonExecutor.java:65)
	at com.kms.katalon.core.main.TestSuiteExecutor.accessTestSuiteMainPhase(TestSuiteExecutor.java:151)
	at com.kms.katalon.core.main.TestSuiteExecutor.execute(TestSuiteExecutor.java:106)
	at com.kms.katalon.core.main.TestCaseMain.startTestSuite(TestCaseMain.java:185)
	at com.kms.katalon.core.main.TestCaseMain$startTestSuite$0.call(Unknown Source)
	at TempTestSuite1676876596469.run(TempTestSuite1676876596469.groovy:36)
Caused by: com.kms.katalon.core.exception.StepFailedException: Unable to click on object 'Object Repository/Shopify/div_user_card_name'
	... 24 more
Caused by: com.kms.katalon.core.webui.exception.WebElementNotFoundException: Web element with id: 'Object Repository/Shopify/div_user_card_name' located by '//*[@class = 'user-card__name']' not found
	at com.kms.katalon.core.webui.common.WebUiCommonHelper.findWebElement(WebUiCommonHelper.java:1370)
	at com.kms.katalon.core.webui.keyword.internal.WebUIAbstractKeyword.findWebElement(WebUIAbstractKeyword.groovy:27)
	at com.kms.katalon.core.webui.keyword.builtin.ClickKeyword$_click_closure1.doCall(ClickKeyword.groovy:65)
	at com.kms.katalon.core.webui.keyword.builtin.ClickKeyword$_click_closure1.call(ClickKeyword.groovy)
	at com.kms.katalon.core.webui.keyword.internal.WebUIKeywordMain.runKeyword(WebUIKeywordMain.groovy:20)
	... 22 more


2023-02-20 14:14:38 - [TEST_STEP][PASSED] - Start listener action : skipStatus: null

2023-02-20 14:14:38 - [TEST_STEP][PASSED] - map = testCaseContext.getTestCaseVariables(): null

2023-02-20 14:14:38 - [TEST_STEP][PASSED] - testcae_status = map.get("testcase_status"): null

2023-02-20 14:14:38 - [TEST_STEP][PASSED] - println(testcae_status): null

2023-02-20 14:14:38 - [TEST_STEP][PASSED] - if (testcae_status == "Passed" || testcae_status == "Failed"): null

2023-02-20 14:14:38 - [TEST_STEP][PASSED] - openBrowser(""): Browser is opened with url: ''

2023-02-20 14:14:38 - [MESSAGE][WARNING] - A browser is already opened. Closing browser and opening a new one

2023-02-20 14:14:39 - [MESSAGE][INFO] - Starting 'Chrome' driver

2023-02-20 14:14:39 - [MESSAGE][INFO] - Action delay is set to 0 milliseconds

2023-02-20 14:14:40 - [MESSAGE][PASSED] - Browser is opened with url: ''

2023-02-20 14:14:40 - [TEST_STEP][PASSED] - maximizeWindow(): Current window maximized

2023-02-20 14:14:40 - [MESSAGE][PASSED] - Current window maximized

2023-02-20 14:14:40 - [TEST_STEP][PASSED] - shopify.store.loginToStoreAdmin(partner_email, partner_password, store_name): shopify.store.loginToStoreAdmin is PASSED

2023-02-20 14:14:44 - [MESSAGE][PASSED] - Navigate to 'http://huynh-ar-stag-2349.myshopify.com/admin' successfully

2023-02-20 14:14:45 - [MESSAGE][PASSED] - Text 'huynh@firegroup.io' is set on object 'Object Repository/Shopify/input_email_shopify'

2023-02-20 14:14:48 - [MESSAGE][PASSED] - Object: 'Object Repository/Shopify/btn_continue_with_email' is clicked on

2023-02-20 14:14:50 - [MESSAGE][PASSED] - Text ****** has been set on object 'Object Repository/Shopify/input_password_shopify'

2023-02-20 14:15:05 - [MESSAGE][PASSED] - Object: 'Object Repository/Shopify/btn_login' is clicked on

2023-02-20 14:15:05 - [MESSAGE][PASSED] - shopify.store.loginToStoreAdmin is PASSED

2023-02-20 14:15:05 - [TEST_STEP][PASSED] - alireview.install.inputRawDomain(store_name, host): alireview.install.inputRawDomain is PASSED

2023-02-20 14:15:20 - [MESSAGE][PASSED] - Navigate to 'https://ar-app-staging.fireapps.tech/' successfully

2023-02-20 14:15:21 - [MESSAGE][PASSED] - Text 'huynh-ar-stag-2349' is set on object 'Object Repository/Alireview/input_shop'

2023-02-20 14:15:23 - [MESSAGE][PASSED] - Object: 'Object Repository/Alireview/btn_login' is clicked on

2023-02-20 14:15:23 - [MESSAGE][PASSED] - alireview.install.inputRawDomain is PASSED

2023-02-20 14:15:23 - [TEST_STEP][PASSED] - alireview.install.installStep1(): alireview.install.installStep1 is PASSED

2023-02-20 14:15:27 - [MESSAGE][PASSED] - Object: 'Object Repository/Shopify Install App/btn_install_step1' is clicked on

2023-02-20 14:15:27 - [MESSAGE][PASSED] - alireview.install.installStep1 is PASSED

2023-02-20 14:15:27 - [TEST_STEP][FAILED] - shopify.store.clickOnShopifyUserCard(): com.kms.katalon.core.exception.StepFailedException: Unable to click on object 'Object Repository/Shopify/div_user_card_name' (Root cause: com.kms.katalon.core.exception.StepFailedException: Unable to click on object 'Object Repository/Shopify/div_user_card_name'
	at com.kms.katalon.core.webui.keyword.internal.WebUIKeywordMain.stepFailed(WebUIKeywordMain.groovy:64)
	at com.kms.katalon.core.webui.keyword.internal.WebUIKeywordMain.runKeyword(WebUIKeywordMain.groovy:26)
	at com.kms.katalon.core.webui.keyword.builtin.ClickKeyword.click(ClickKeyword.groovy:74)
	at com.kms.katalon.core.webui.keyword.builtin.ClickKeyword.execute(ClickKeyword.groovy:40)
	at com.kms.katalon.core.keyword.internal.KeywordExecutor.executeKeywordForPlatform(KeywordExecutor.groovy:74)
	at com.kms.katalon.core.webui.keyword.WebUiBuiltInKeywords.click(WebUiBuiltInKeywords.groovy:608)
	at com.kms.katalon.core.webui.keyword.WebUiBuiltInKeywords$click$5.call(Unknown Source)
	at shopify.store.clickOnShopifyUserCard(store.groovy:126)
	at shopify.store.invokeMethod(store.groovy)
	at com.kms.katalon.core.main.CustomKeywordDelegatingMetaClass.invokeStaticMethod(CustomKeywordDelegatingMetaClass.java:55)
	at Install new store free.run(Install new store free:27)
	at com.kms.katalon.core.main.ScriptEngine.run(ScriptEngine.java:194)
	at com.kms.katalon.core.main.ScriptEngine.runScriptAsRawText(ScriptEngine.java:119)
	at com.kms.katalon.core.main.TestCaseExecutor.runScript(TestCaseExecutor.java:448)
	at com.kms.katalon.core.main.TestCaseExecutor.doExecute(TestCaseExecutor.java:439)
	at com.kms.katalon.core.main.TestCaseExecutor.processExecutionPhase(TestCaseExecutor.java:418)
	at com.kms.katalon.core.main.TestCaseExecutor.accessMainPhase(TestCaseExecutor.java:410)
	at com.kms.katalon.core.main.TestCaseExecutor.execute(TestCaseExecutor.java:285)
	at com.kms.katalon.core.common.CommonExecutor.accessTestCaseMainPhase(CommonExecutor.java:65)
	at com.kms.katalon.core.main.TestSuiteExecutor.accessTestSuiteMainPhase(TestSuiteExecutor.java:151)
	at com.kms.katalon.core.main.TestSuiteExecutor.execute(TestSuiteExecutor.java:106)
	at com.kms.katalon.core.main.TestCaseMain.startTestSuite(TestCaseMain.java:185)
	at com.kms.katalon.core.main.TestCaseMain$startTestSuite$0.call(Unknown Source)
	at TempTestSuite1676876596469.run(TempTestSuite1676876596469.groovy:36)
Caused by: com.kms.katalon.core.webui.exception.WebElementNotFoundException: Web element with id: 'Object Repository/Shopify/div_user_card_name' located by '//*[@class = 'user-card__name']' not found
	at com.kms.katalon.core.webui.common.WebUiCommonHelper.findWebElement(WebUiCommonHelper.java:1370)
	at com.kms.katalon.core.webui.keyword.internal.WebUIAbstractKeyword.findWebElement(WebUIAbstractKeyword.groovy:27)
	at com.kms.katalon.core.webui.keyword.builtin.ClickKeyword$_click_closure1.doCall(ClickKeyword.groovy:65)
	at com.kms.katalon.core.webui.keyword.builtin.ClickKeyword$_click_closure1.call(ClickKeyword.groovy)
	at com.kms.katalon.core.webui.keyword.internal.WebUIKeywordMain.runKeyword(WebUIKeywordMain.groovy:20)
	at com.kms.katalon.core.webui.keyword.builtin.ClickKeyword.click(ClickKeyword.groovy:74)
	at com.kms.katalon.core.webui.keyword.builtin.ClickKeyword.execute(ClickKeyword.groovy:40)
	at com.kms.katalon.core.keyword.internal.KeywordExecutor.executeKeywordForPlatform(KeywordExecutor.groovy:74)
	at com.kms.katalon.core.webui.keyword.WebUiBuiltInKeywords.click(WebUiBuiltInKeywords.groovy:608)
	at com.kms.katalon.core.webui.keyword.WebUiBuiltInKeywords$click$5.call(Unknown Source)
	at shopify.store.clickOnShopifyUserCard(store.groovy:126)
	at shopify.store.invokeMethod(store.groovy)
	at com.kms.katalon.core.main.CustomKeywordDelegatingMetaClass.invokeStaticMethod(CustomKeywordDelegatingMetaClass.java:55)
	at Script1673948457755.run(Script1673948457755.groovy:27)
	... 13 more
)

2023-02-20 14:15:58 - [MESSAGE][INFO] - Unable to find the element located by 'By.xpath: //*[@class = 'user-card__name']'. Please recheck the objects properties to make sure the desired element is located. 

2023-02-20 14:15:58 - [MESSAGE][WARNING] - [SELF-HEALING] Failed to find element with id 'Object Repository/Shopify/div_user_card_name'. Try using Self-healing.

2023-02-20 14:15:58 - [MESSAGE][WARNING] - [SELF-HEALING] Cannot find elements when the XPath is null.

2023-02-20 14:15:58 - [MESSAGE][WARNING] - [SELF-HEALING] Cannot find elements when the selector is null

2023-02-20 14:15:58 - [MESSAGE][FAILED] - Unable to click on object 'Object Repository/Shopify/div_user_card_name' (Root cause: com.kms.katalon.core.exception.StepFailedException: Unable to click on object 'Object Repository/Shopify/div_user_card_name'
	at com.kms.katalon.core.webui.keyword.internal.WebUIKeywordMain.stepFailed(WebUIKeywordMain.groovy:64)
	at com.kms.katalon.core.webui.keyword.internal.WebUIKeywordMain.runKeyword(WebUIKeywordMain.groovy:26)
	at com.kms.katalon.core.webui.keyword.builtin.ClickKeyword.click(ClickKeyword.groovy:74)
	at com.kms.katalon.core.webui.keyword.builtin.ClickKeyword.execute(ClickKeyword.groovy:40)
	at com.kms.katalon.core.keyword.internal.KeywordExecutor.executeKeywordForPlatform(KeywordExecutor.groovy:74)
	at com.kms.katalon.core.webui.keyword.WebUiBuiltInKeywords.click(WebUiBuiltInKeywords.groovy:608)
	at com.kms.katalon.core.webui.keyword.WebUiBuiltInKeywords$click$5.call(Unknown Source)
	at shopify.store.clickOnShopifyUserCard(store.groovy:126)
	at shopify.store.invokeMethod(store.groovy)
	at com.kms.katalon.core.main.CustomKeywordDelegatingMetaClass.invokeStaticMethod(CustomKeywordDelegatingMetaClass.java:55)
	at Install new store free.run(Install new store free:27)
	at com.kms.katalon.core.main.ScriptEngine.run(ScriptEngine.java:194)
	at com.kms.katalon.core.main.ScriptEngine.runScriptAsRawText(ScriptEngine.java:119)
	at com.kms.katalon.core.main.TestCaseExecutor.runScript(TestCaseExecutor.java:448)
	at com.kms.katalon.core.main.TestCaseExecutor.doExecute(TestCaseExecutor.java:439)
	at com.kms.katalon.core.main.TestCaseExecutor.processExecutionPhase(TestCaseExecutor.java:418)
	at com.kms.katalon.core.main.TestCaseExecutor.accessMainPhase(TestCaseExecutor.java:410)
	at com.kms.katalon.core.main.TestCaseExecutor.execute(TestCaseExecutor.java:285)
	at com.kms.katalon.core.common.CommonExecutor.accessTestCaseMainPhase(CommonExecutor.java:65)
	at com.kms.katalon.core.main.TestSuiteExecutor.accessTestSuiteMainPhase(TestSuiteExecutor.java:151)
	at com.kms.katalon.core.main.TestSuiteExecutor.execute(TestSuiteExecutor.java:106)
	at com.kms.katalon.core.main.TestCaseMain.startTestSuite(TestCaseMain.java:185)
	at com.kms.katalon.core.main.TestCaseMain$startTestSuite$0.call(Unknown Source)
	at TempTestSuite1676876596469.run(TempTestSuite1676876596469.groovy:36)
Caused by: com.kms.katalon.core.webui.exception.WebElementNotFoundException: Web element with id: 'Object Repository/Shopify/div_user_card_name' located by '//*[@class = 'user-card__name']' not found
	at com.kms.katalon.core.webui.common.WebUiCommonHelper.findWebElement(WebUiCommonHelper.java:1370)
	at com.kms.katalon.core.webui.keyword.internal.WebUIAbstractKeyword.findWebElement(WebUIAbstractKeyword.groovy:27)
	at com.kms.katalon.core.webui.keyword.builtin.ClickKeyword$_click_closure1.doCall(ClickKeyword.groovy:65)
	at com.kms.katalon.core.webui.keyword.builtin.ClickKeyword$_click_closure1.call(ClickKeyword.groovy)
	at com.kms.katalon.core.webui.keyword.internal.WebUIKeywordMain.runKeyword(WebUIKeywordMain.groovy:20)
	at com.kms.katalon.core.webui.keyword.builtin.ClickKeyword.click(ClickKeyword.groovy:74)
	at com.kms.katalon.core.webui.keyword.builtin.ClickKeyword.execute(ClickKeyword.groovy:40)
	at com.kms.katalon.core.keyword.internal.KeywordExecutor.executeKeywordForPlatform(KeywordExecutor.groovy:74)
	at com.kms.katalon.core.webui.keyword.WebUiBuiltInKeywords.click(WebUiBuiltInKeywords.groovy:608)
	at com.kms.katalon.core.webui.keyword.WebUiBuiltInKeywords$click$5.call(Unknown Source)
	at shopify.store.clickOnShopifyUserCard(store.groovy:126)
	at shopify.store.invokeMethod(store.groovy)
	at com.kms.katalon.core.main.CustomKeywordDelegatingMetaClass.invokeStaticMethod(CustomKeywordDelegatingMetaClass.java:55)
	at Script1673948457755.run(Script1673948457755.groovy:27)
	... 13 more
)
[[ATTACHMENT|C:\\Users\\huynh\\Documents\\Socialhead\\Automation\\Katalon project\\CreateStore\\CreateStore\\Reports\\20230220_140316\\Alireview\\Install Store Free\\20230220_140316\\1676877358772.png]]

2023-02-20 14:15:58 - [MESSAGE][FAILED] - com.kms.katalon.core.exception.StepFailedException: Unable to click on object 'Object Repository/Shopify/div_user_card_name' (Root cause: com.kms.katalon.core.exception.StepFailedException: Unable to click on object 'Object Repository/Shopify/div_user_card_name'
	at com.kms.katalon.core.webui.keyword.internal.WebUIKeywordMain.stepFailed(WebUIKeywordMain.groovy:64)
	at com.kms.katalon.core.webui.keyword.internal.WebUIKeywordMain.runKeyword(WebUIKeywordMain.groovy:26)
	at com.kms.katalon.core.webui.keyword.builtin.ClickKeyword.click(ClickKeyword.groovy:74)
	at com.kms.katalon.core.webui.keyword.builtin.ClickKeyword.execute(ClickKeyword.groovy:40)
	at com.kms.katalon.core.keyword.internal.KeywordExecutor.executeKeywordForPlatform(KeywordExecutor.groovy:74)
	at com.kms.katalon.core.webui.keyword.WebUiBuiltInKeywords.click(WebUiBuiltInKeywords.groovy:608)
	at com.kms.katalon.core.webui.keyword.WebUiBuiltInKeywords$click$5.call(Unknown Source)
	at shopify.store.clickOnShopifyUserCard(store.groovy:126)
	at shopify.store.invokeMethod(store.groovy)
	at com.kms.katalon.core.main.CustomKeywordDelegatingMetaClass.invokeStaticMethod(CustomKeywordDelegatingMetaClass.java:55)
	at Install new store free.run(Install new store free:27)
	at com.kms.katalon.core.main.ScriptEngine.run(ScriptEngine.java:194)
	at com.kms.katalon.core.main.ScriptEngine.runScriptAsRawText(ScriptEngine.java:119)
	at com.kms.katalon.core.main.TestCaseExecutor.runScript(TestCaseExecutor.java:448)
	at com.kms.katalon.core.main.TestCaseExecutor.doExecute(TestCaseExecutor.java:439)
	at com.kms.katalon.core.main.TestCaseExecutor.processExecutionPhase(TestCaseExecutor.java:418)
	at com.kms.katalon.core.main.TestCaseExecutor.accessMainPhase(TestCaseExecutor.java:410)
	at com.kms.katalon.core.main.TestCaseExecutor.execute(TestCaseExecutor.java:285)
	at com.kms.katalon.core.common.CommonExecutor.accessTestCaseMainPhase(CommonExecutor.java:65)
	at com.kms.katalon.core.main.TestSuiteExecutor.accessTestSuiteMainPhase(TestSuiteExecutor.java:151)
	at com.kms.katalon.core.main.TestSuiteExecutor.execute(TestSuiteExecutor.java:106)
	at com.kms.katalon.core.main.TestCaseMain.startTestSuite(TestCaseMain.java:185)
	at com.kms.katalon.core.main.TestCaseMain$startTestSuite$0.call(Unknown Source)
	at TempTestSuite1676876596469.run(TempTestSuite1676876596469.groovy:36)
Caused by: com.kms.katalon.core.webui.exception.WebElementNotFoundException: Web element with id: 'Object Repository/Shopify/div_user_card_name' located by '//*[@class = 'user-card__name']' not found
	at com.kms.katalon.core.webui.common.WebUiCommonHelper.findWebElement(WebUiCommonHelper.java:1370)
	at com.kms.katalon.core.webui.keyword.internal.WebUIAbstractKeyword.findWebElement(WebUIAbstractKeyword.groovy:27)
	at com.kms.katalon.core.webui.keyword.builtin.ClickKeyword$_click_closure1.doCall(ClickKeyword.groovy:65)
	at com.kms.katalon.core.webui.keyword.builtin.ClickKeyword$_click_closure1.call(ClickKeyword.groovy)
	at com.kms.katalon.core.webui.keyword.internal.WebUIKeywordMain.runKeyword(WebUIKeywordMain.groovy:20)
	at com.kms.katalon.core.webui.keyword.builtin.ClickKeyword.click(ClickKeyword.groovy:74)
	at com.kms.katalon.core.webui.keyword.builtin.ClickKeyword.execute(ClickKeyword.groovy:40)
	at com.kms.katalon.core.keyword.internal.KeywordExecutor.executeKeywordForPlatform(KeywordExecutor.groovy:74)
	at com.kms.katalon.core.webui.keyword.WebUiBuiltInKeywords.click(WebUiBuiltInKeywords.groovy:608)
	at com.kms.katalon.core.webui.keyword.WebUiBuiltInKeywords$click$5.call(Unknown Source)
	at shopify.store.clickOnShopifyUserCard(store.groovy:126)
	at shopify.store.invokeMethod(store.groovy)
	at com.kms.katalon.core.main.CustomKeywordDelegatingMetaClass.invokeStaticMethod(CustomKeywordDelegatingMetaClass.java:55)
	at Script1673948457755.run(Script1673948457755.groovy:27)
	... 13 more
)

2023-02-20 14:15:58 - [TEST_STEP][FAILED] - alireview.install.onboardingSelectColor(color): Unable to verify image 'Object Repository/Alireview/iframe_app' present

2023-02-20 14:16:01 - [MESSAGE][INFO] - Unable to find the element located by 'By.xpath: //*[@name = 'app-iframe']'. Please recheck the objects properties to make sure the desired element is located. 

2023-02-20 14:16:01 - [MESSAGE][WARNING] - [SELF-HEALING] Failed to find element with id 'Object Repository/Alireview/iframe_app'. Try using Self-healing.

2023-02-20 14:16:02 - [MESSAGE][INFO] - [SELF-HEALING] No working XPath is found.

2023-02-20 14:16:03 - [MESSAGE][INFO] - Unable to find the element located by 'By.xpath: '. Please recheck the objects properties to make sure the desired element is located. 

2023-02-20 14:16:03 - [MESSAGE][WARNING] - [SELF-HEALING] Cannot find elements when the selector is null

2023-02-20 14:16:03 - [MESSAGE][FAILED] - Unable to verify image 'Object Repository/Alireview/iframe_app' present (Root cause: com.kms.katalon.core.exception.StepFailedException: Unable to verify image 'Object Repository/Alireview/iframe_app' present
	at com.kms.katalon.core.webui.keyword.internal.WebUIKeywordMain.stepFailed(WebUIKeywordMain.groovy:64)
	at com.kms.katalon.core.webui.keyword.internal.WebUIKeywordMain.runKeyword(WebUIKeywordMain.groovy:26)
	at com.kms.katalon.core.webui.keyword.builtin.SwitchToFrameKeyword.switchToFrame(SwitchToFrameKeyword.groovy:84)
	at com.kms.katalon.core.webui.keyword.builtin.SwitchToFrameKeyword.execute(SwitchToFrameKeyword.groovy:68)
	at com.kms.katalon.core.keyword.internal.KeywordExecutor.executeKeywordForPlatform(KeywordExecutor.groovy:74)
	at com.kms.katalon.core.webui.keyword.WebUiBuiltInKeywords.switchToFrame(WebUiBuiltInKeywords.groovy:2899)
	at com.kms.katalon.core.webui.keyword.WebUiBuiltInKeywords$switchToFrame$7.call(Unknown Source)
	at alireview.install.onboardingSelectColor(install.groovy:38)
	at alireview.install.invokeMethod(install.groovy)
	at com.kms.katalon.core.main.CustomKeywordDelegatingMetaClass.invokeStaticMethod(CustomKeywordDelegatingMetaClass.java:55)
	at Install new store free.run(Install new store free:29)
	at com.kms.katalon.core.main.ScriptEngine.run(ScriptEngine.java:194)
	at com.kms.katalon.core.main.ScriptEngine.runScriptAsRawText(ScriptEngine.java:119)
	at com.kms.katalon.core.main.TestCaseExecutor.runScript(TestCaseExecutor.java:448)
	at com.kms.katalon.core.main.TestCaseExecutor.doExecute(TestCaseExecutor.java:439)
	at com.kms.katalon.core.main.TestCaseExecutor.processExecutionPhase(TestCaseExecutor.java:418)
	at com.kms.katalon.core.main.TestCaseExecutor.accessMainPhase(TestCaseExecutor.java:410)
	at com.kms.katalon.core.main.TestCaseExecutor.execute(TestCaseExecutor.java:285)
	at com.kms.katalon.core.common.CommonExecutor.accessTestCaseMainPhase(CommonExecutor.java:65)
	at com.kms.katalon.core.main.TestSuiteExecutor.accessTestSuiteMainPhase(TestSuiteExecutor.java:151)
	at com.kms.katalon.core.main.TestSuiteExecutor.execute(TestSuiteExecutor.java:106)
	at com.kms.katalon.core.main.TestCaseMain.startTestSuite(TestCaseMain.java:185)
	at com.kms.katalon.core.main.TestCaseMain$startTestSuite$0.call(Unknown Source)
	at TempTestSuite1676876596469.run(TempTestSuite1676876596469.groovy:36)
Caused by: com.kms.katalon.core.webui.exception.WebElementNotFoundException: Web element with id: 'Object Repository/Alireview/iframe_app' located by '//*[@name = 'app-iframe']' not found
	at com.kms.katalon.core.webui.common.WebUiCommonHelper.findWebElement(WebUiCommonHelper.java:1370)
	at com.kms.katalon.core.webui.keyword.builtin.SwitchToFrameKeyword$_switchToFrame_closure1.doCall(SwitchToFrameKeyword.groovy:77)
	at com.kms.katalon.core.webui.keyword.builtin.SwitchToFrameKeyword$_switchToFrame_closure1.call(SwitchToFrameKeyword.groovy)
	at com.kms.katalon.core.webui.keyword.internal.WebUIKeywordMain.runKeyword(WebUIKeywordMain.groovy:20)
	at com.kms.katalon.core.webui.keyword.builtin.SwitchToFrameKeyword.switchToFrame(SwitchToFrameKeyword.groovy:84)
	at com.kms.katalon.core.webui.keyword.builtin.SwitchToFrameKeyword.execute(SwitchToFrameKeyword.groovy:68)
	at com.kms.katalon.core.keyword.internal.KeywordExecutor.executeKeywordForPlatform(KeywordExecutor.groovy:74)
	at com.kms.katalon.core.webui.keyword.WebUiBuiltInKeywords.switchToFrame(WebUiBuiltInKeywords.groovy:2899)
	at com.kms.katalon.core.webui.keyword.WebUiBuiltInKeywords$switchToFrame$7.call(Unknown Source)
	at alireview.install.onboardingSelectColor(install.groovy:38)
	at alireview.install.invokeMethod(install.groovy)
	at com.kms.katalon.core.main.CustomKeywordDelegatingMetaClass.invokeStaticMethod(CustomKeywordDelegatingMetaClass.java:55)
	at Script1673948457755.run(Script1673948457755.groovy:29)
	... 13 more
)
[[ATTACHMENT|C:\\Users\\huynh\\Documents\\Socialhead\\Automation\\Katalon project\\CreateStore\\CreateStore\\Reports\\20230220_140316\\Alireview\\Install Store Free\\20230220_140316\\1676877363598.png]]

2023-02-20 14:16:03 - [MESSAGE][FAILED] - Unable to verify image 'Object Repository/Alireview/iframe_app' present

2023-02-20 14:16:03 - [TEST_STEP][PASSED] - Start tear down : teardownIfFailed: Method 'teardownIfFailed' complete successfully

2023-02-20 14:16:03 - [TEST_STEP][PASSED] - excelFilePath = "Data Files\storefree3_install app stag.xlsx": null

2023-02-20 14:16:03 - [TEST_STEP][PASSED] - data.excel.updateValueToSheet(excelFilePath, "store", 4, store_name, 9, "Not install"): data.excel.updateValueToSheet is PASSED

2023-02-20 14:16:03 - [MESSAGE][PASSED] - data.excel.updateValueToSheet is PASSED

2023-02-20 14:16:03 - [MESSAGE][PASSED] - Method 'teardownIfFailed' complete successfully]]></system-out>
         <system-err><![CDATA[2023-02-20 14:14:38 - [TEST_CASE][FAILED] - Test Cases/Alireview/Install new store free: Test Cases/Alireview/Install new store free FAILED.
Reason:
com.kms.katalon.core.exception.StepFailedException: Unable to click on object 'Object Repository/Shopify/div_user_card_name' (Root cause: com.kms.katalon.core.exception.StepFailedException: Unable to click on object 'Object Repository/Shopify/div_user_card_name'
	at com.kms.katalon.core.webui.keyword.internal.WebUIKeywordMain.stepFailed(WebUIKeywordMain.groovy:64)
	at com.kms.katalon.core.webui.keyword.internal.WebUIKeywordMain.runKeyword(WebUIKeywordMain.groovy:26)
	at com.kms.katalon.core.webui.keyword.builtin.ClickKeyword.click(ClickKeyword.groovy:74)
	at com.kms.katalon.core.webui.keyword.builtin.ClickKeyword.execute(ClickKeyword.groovy:40)
	at com.kms.katalon.core.keyword.internal.KeywordExecutor.executeKeywordForPlatform(KeywordExecutor.groovy:74)
	at com.kms.katalon.core.webui.keyword.WebUiBuiltInKeywords.click(WebUiBuiltInKeywords.groovy:608)
	at com.kms.katalon.core.webui.keyword.WebUiBuiltInKeywords$click$5.call(Unknown Source)
	at shopify.store.clickOnShopifyUserCard(store.groovy:126)
	at shopify.store.invokeMethod(store.groovy)
	at com.kms.katalon.core.main.CustomKeywordDelegatingMetaClass.invokeStaticMethod(CustomKeywordDelegatingMetaClass.java:55)
	at Install new store free.run(Install new store free:27)
	at com.kms.katalon.core.main.ScriptEngine.run(ScriptEngine.java:194)
	at com.kms.katalon.core.main.ScriptEngine.runScriptAsRawText(ScriptEngine.java:119)
	at com.kms.katalon.core.main.TestCaseExecutor.runScript(TestCaseExecutor.java:448)
	at com.kms.katalon.core.main.TestCaseExecutor.doExecute(TestCaseExecutor.java:439)
	at com.kms.katalon.core.main.TestCaseExecutor.processExecutionPhase(TestCaseExecutor.java:418)
	at com.kms.katalon.core.main.TestCaseExecutor.accessMainPhase(TestCaseExecutor.java:410)
	at com.kms.katalon.core.main.TestCaseExecutor.execute(TestCaseExecutor.java:285)
	at com.kms.katalon.core.common.CommonExecutor.accessTestCaseMainPhase(CommonExecutor.java:65)
	at com.kms.katalon.core.main.TestSuiteExecutor.accessTestSuiteMainPhase(TestSuiteExecutor.java:151)
	at com.kms.katalon.core.main.TestSuiteExecutor.execute(TestSuiteExecutor.java:106)
	at com.kms.katalon.core.main.TestCaseMain.startTestSuite(TestCaseMain.java:185)
	at com.kms.katalon.core.main.TestCaseMain$startTestSuite$0.call(Unknown Source)
	at TempTestSuite1676876596469.run(TempTestSuite1676876596469.groovy:36)
Caused by: com.kms.katalon.core.webui.exception.WebElementNotFoundException: Web element with id: 'Object Repository/Shopify/div_user_card_name' located by '//*[@class = 'user-card__name']' not found
	at com.kms.katalon.core.webui.common.WebUiCommonHelper.findWebElement(WebUiCommonHelper.java:1370)
	at com.kms.katalon.core.webui.keyword.internal.WebUIAbstractKeyword.findWebElement(WebUIAbstractKeyword.groovy:27)
	at com.kms.katalon.core.webui.keyword.builtin.ClickKeyword$_click_closure1.doCall(ClickKeyword.groovy:65)
	at com.kms.katalon.core.webui.keyword.builtin.ClickKeyword$_click_closure1.call(ClickKeyword.groovy)
	at com.kms.katalon.core.webui.keyword.internal.WebUIKeywordMain.runKeyword(WebUIKeywordMain.groovy:20)
	at com.kms.katalon.core.webui.keyword.builtin.ClickKeyword.click(ClickKeyword.groovy:74)
	at com.kms.katalon.core.webui.keyword.builtin.ClickKeyword.execute(ClickKeyword.groovy:40)
	at com.kms.katalon.core.keyword.internal.KeywordExecutor.executeKeywordForPlatform(KeywordExecutor.groovy:74)
	at com.kms.katalon.core.webui.keyword.WebUiBuiltInKeywords.click(WebUiBuiltInKeywords.groovy:608)
	at com.kms.katalon.core.webui.keyword.WebUiBuiltInKeywords$click$5.call(Unknown Source)
	at shopify.store.clickOnShopifyUserCard(store.groovy:126)
	at shopify.store.invokeMethod(store.groovy)
	at com.kms.katalon.core.main.CustomKeywordDelegatingMetaClass.invokeStaticMethod(CustomKeywordDelegatingMetaClass.java:55)
	at Script1673948457755.run(Script1673948457755.groovy:27)
	... 13 more
)
	at com.kms.katalon.core.keyword.internal.KeywordMain.stepFailed(KeywordMain.groovy:39)
	at com.kms.katalon.core.webui.keyword.internal.WebUIKeywordMain.stepFailed(WebUIKeywordMain.groovy:64)
	at com.kms.katalon.core.webui.keyword.internal.WebUIKeywordMain.runKeyword(WebUIKeywordMain.groovy:26)
	at com.kms.katalon.core.webui.keyword.builtin.ClickKeyword.click(ClickKeyword.groovy:74)
	at com.kms.katalon.core.webui.keyword.builtin.ClickKeyword.execute(ClickKeyword.groovy:40)
	at com.kms.katalon.core.keyword.internal.KeywordExecutor.executeKeywordForPlatform(KeywordExecutor.groovy:74)
	at com.kms.katalon.core.webui.keyword.WebUiBuiltInKeywords.click(WebUiBuiltInKeywords.groovy:608)
	at com.kms.katalon.core.webui.keyword.WebUiBuiltInKeywords$click$5.call(Unknown Source)
	at shopify.store.clickOnShopifyUserCard(store.groovy:126)
	at shopify.store.invokeMethod(store.groovy)
	at com.kms.katalon.core.main.CustomKeywordDelegatingMetaClass.invokeStaticMethod(CustomKeywordDelegatingMetaClass.java:55)
	at Install new store free.run(Install new store free:27)
	at com.kms.katalon.core.main.ScriptEngine.run(ScriptEngine.java:194)
	at com.kms.katalon.core.main.ScriptEngine.runScriptAsRawText(ScriptEngine.java:119)
	at com.kms.katalon.core.main.TestCaseExecutor.runScript(TestCaseExecutor.java:448)
	at com.kms.katalon.core.main.TestCaseExecutor.doExecute(TestCaseExecutor.java:439)
	at com.kms.katalon.core.main.TestCaseExecutor.processExecutionPhase(TestCaseExecutor.java:418)
	at com.kms.katalon.core.main.TestCaseExecutor.accessMainPhase(TestCaseExecutor.java:410)
	at com.kms.katalon.core.main.TestCaseExecutor.execute(TestCaseExecutor.java:285)
	at com.kms.katalon.core.common.CommonExecutor.accessTestCaseMainPhase(CommonExecutor.java:65)
	at com.kms.katalon.core.main.TestSuiteExecutor.accessTestSuiteMainPhase(TestSuiteExecutor.java:151)
	at com.kms.katalon.core.main.TestSuiteExecutor.execute(TestSuiteExecutor.java:106)
	at com.kms.katalon.core.main.TestCaseMain.startTestSuite(TestCaseMain.java:185)
	at com.kms.katalon.core.main.TestCaseMain$startTestSuite$0.call(Unknown Source)
	at TempTestSuite1676876596469.run(TempTestSuite1676876596469.groovy:36)
Caused by: com.kms.katalon.core.exception.StepFailedException: Unable to click on object 'Object Repository/Shopify/div_user_card_name'
	... 24 more
Caused by: com.kms.katalon.core.webui.exception.WebElementNotFoundException: Web element with id: 'Object Repository/Shopify/div_user_card_name' located by '//*[@class = 'user-card__name']' not found
	at com.kms.katalon.core.webui.common.WebUiCommonHelper.findWebElement(WebUiCommonHelper.java:1370)
	at com.kms.katalon.core.webui.keyword.internal.WebUIAbstractKeyword.findWebElement(WebUIAbstractKeyword.groovy:27)
	at com.kms.katalon.core.webui.keyword.builtin.ClickKeyword$_click_closure1.doCall(ClickKeyword.groovy:65)
	at com.kms.katalon.core.webui.keyword.builtin.ClickKeyword$_click_closure1.call(ClickKeyword.groovy)
	at com.kms.katalon.core.webui.keyword.internal.WebUIKeywordMain.runKeyword(WebUIKeywordMain.groovy:20)
	... 22 more]]></system-err>
      </testcase>
      <testcase name="Test Cases/Alireview/Install new store free" time="97.899" classname="Test Cases/Alireview/Install new store free" status="FAILED">
         <failure type="FAILED" message="Test Cases/Alireview/Install new store free FAILED.
Reason:
com.kms.katalon.core.exception.StepFailedException: Unable to click on object 'Object Repository/Shopify/div_user_card_name' (Root cause: com.kms.katalon.core.exception.StepFailedException: Unable to click on object 'Object Repository/Shopify/div_user_card_name'
	at com.kms.katalon.core.webui.keyword.internal.WebUIKeywordMain.stepFailed(WebUIKeywordMain.groovy:64)
	at com.kms.katalon.core.webui.keyword.internal.WebUIKeywordMain.runKeyword(WebUIKeywordMain.groovy:26)
	at com.kms.katalon.core.webui.keyword.builtin.ClickKeyword.click(ClickKeyword.groovy:74)
	at com.kms.katalon.core.webui.keyword.builtin.ClickKeyword.execute(ClickKeyword.groovy:40)
	at com.kms.katalon.core.keyword.internal.KeywordExecutor.executeKeywordForPlatform(KeywordExecutor.groovy:74)
	at com.kms.katalon.core.webui.keyword.WebUiBuiltInKeywords.click(WebUiBuiltInKeywords.groovy:608)
	at com.kms.katalon.core.webui.keyword.WebUiBuiltInKeywords$click$5.call(Unknown Source)
	at shopify.store.clickOnShopifyUserCard(store.groovy:126)
	at shopify.store.invokeMethod(store.groovy)
	at com.kms.katalon.core.main.CustomKeywordDelegatingMetaClass.invokeStaticMethod(CustomKeywordDelegatingMetaClass.java:55)
	at Install new store free.run(Install new store free:27)
	at com.kms.katalon.core.main.ScriptEngine.run(ScriptEngine.java:194)
	at com.kms.katalon.core.main.ScriptEngine.runScriptAsRawText(ScriptEngine.java:119)
	at com.kms.katalon.core.main.TestCaseExecutor.runScript(TestCaseExecutor.java:448)
	at com.kms.katalon.core.main.TestCaseExecutor.doExecute(TestCaseExecutor.java:439)
	at com.kms.katalon.core.main.TestCaseExecutor.processExecutionPhase(TestCaseExecutor.java:418)
	at com.kms.katalon.core.main.TestCaseExecutor.accessMainPhase(TestCaseExecutor.java:410)
	at com.kms.katalon.core.main.TestCaseExecutor.execute(TestCaseExecutor.java:285)
	at com.kms.katalon.core.common.CommonExecutor.accessTestCaseMainPhase(CommonExecutor.java:65)
	at com.kms.katalon.core.main.TestSuiteExecutor.accessTestSuiteMainPhase(TestSuiteExecutor.java:151)
	at com.kms.katalon.core.main.TestSuiteExecutor.execute(TestSuiteExecutor.java:106)
	at com.kms.katalon.core.main.TestCaseMain.startTestSuite(TestCaseMain.java:185)
	at com.kms.katalon.core.main.TestCaseMain$startTestSuite$0.call(Unknown Source)
	at TempTestSuite1676876596469.run(TempTestSuite1676876596469.groovy:36)
Caused by: com.kms.katalon.core.webui.exception.WebElementNotFoundException: Web element with id: 'Object Repository/Shopify/div_user_card_name' located by '//*[@class = 'user-card__name']' not found
	at com.kms.katalon.core.webui.common.WebUiCommonHelper.findWebElement(WebUiCommonHelper.java:1370)
	at com.kms.katalon.core.webui.keyword.internal.WebUIAbstractKeyword.findWebElement(WebUIAbstractKeyword.groovy:27)
	at com.kms.katalon.core.webui.keyword.builtin.ClickKeyword$_click_closure1.doCall(ClickKeyword.groovy:65)
	at com.kms.katalon.core.webui.keyword.builtin.ClickKeyword$_click_closure1.call(ClickKeyword.groovy)
	at com.kms.katalon.core.webui.keyword.internal.WebUIKeywordMain.runKeyword(WebUIKeywordMain.groovy:20)
	at com.kms.katalon.core.webui.keyword.builtin.ClickKeyword.click(ClickKeyword.groovy:74)
	at com.kms.katalon.core.webui.keyword.builtin.ClickKeyword.execute(ClickKeyword.groovy:40)
	at com.kms.katalon.core.keyword.internal.KeywordExecutor.executeKeywordForPlatform(KeywordExecutor.groovy:74)
	at com.kms.katalon.core.webui.keyword.WebUiBuiltInKeywords.click(WebUiBuiltInKeywords.groovy:608)
	at com.kms.katalon.core.webui.keyword.WebUiBuiltInKeywords$click$5.call(Unknown Source)
	at shopify.store.clickOnShopifyUserCard(store.groovy:126)
	at shopify.store.invokeMethod(store.groovy)
	at com.kms.katalon.core.main.CustomKeywordDelegatingMetaClass.invokeStaticMethod(CustomKeywordDelegatingMetaClass.java:55)
	at Script1673948457755.run(Script1673948457755.groovy:27)
	... 13 more
)
	at com.kms.katalon.core.keyword.internal.KeywordMain.stepFailed(KeywordMain.groovy:39)
	at com.kms.katalon.core.webui.keyword.internal.WebUIKeywordMain.stepFailed(WebUIKeywordMain.groovy:64)
	at com.kms.katalon.core.webui.keyword.internal.WebUIKeywordMain.runKeyword(WebUIKeywordMain.groovy:26)
	at com.kms.katalon.core.webui.keyword.builtin.ClickKeyword.click(ClickKeyword.groovy:74)
	at com.kms.katalon.core.webui.keyword.builtin.ClickKeyword.execute(ClickKeyword.groovy:40)
	at com.kms.katalon.core.keyword.internal.KeywordExecutor.executeKeywordForPlatform(KeywordExecutor.groovy:74)
	at com.kms.katalon.core.webui.keyword.WebUiBuiltInKeywords.click(WebUiBuiltInKeywords.groovy:608)
	at com.kms.katalon.core.webui.keyword.WebUiBuiltInKeywords$click$5.call(Unknown Source)
	at shopify.store.clickOnShopifyUserCard(store.groovy:126)
	at shopify.store.invokeMethod(store.groovy)
	at com.kms.katalon.core.main.CustomKeywordDelegatingMetaClass.invokeStaticMethod(CustomKeywordDelegatingMetaClass.java:55)
	at Install new store free.run(Install new store free:27)
	at com.kms.katalon.core.main.ScriptEngine.run(ScriptEngine.java:194)
	at com.kms.katalon.core.main.ScriptEngine.runScriptAsRawText(ScriptEngine.java:119)
	at com.kms.katalon.core.main.TestCaseExecutor.runScript(TestCaseExecutor.java:448)
	at com.kms.katalon.core.main.TestCaseExecutor.doExecute(TestCaseExecutor.java:439)
	at com.kms.katalon.core.main.TestCaseExecutor.processExecutionPhase(TestCaseExecutor.java:418)
	at com.kms.katalon.core.main.TestCaseExecutor.accessMainPhase(TestCaseExecutor.java:410)
	at com.kms.katalon.core.main.TestCaseExecutor.execute(TestCaseExecutor.java:285)
	at com.kms.katalon.core.common.CommonExecutor.accessTestCaseMainPhase(CommonExecutor.java:65)
	at com.kms.katalon.core.main.TestSuiteExecutor.accessTestSuiteMainPhase(TestSuiteExecutor.java:151)
	at com.kms.katalon.core.main.TestSuiteExecutor.execute(TestSuiteExecutor.java:106)
	at com.kms.katalon.core.main.TestCaseMain.startTestSuite(TestCaseMain.java:185)
	at com.kms.katalon.core.main.TestCaseMain$startTestSuite$0.call(Unknown Source)
	at TempTestSuite1676876596469.run(TempTestSuite1676876596469.groovy:36)
Caused by: com.kms.katalon.core.exception.StepFailedException: Unable to click on object 'Object Repository/Shopify/div_user_card_name'
	... 24 more
Caused by: com.kms.katalon.core.webui.exception.WebElementNotFoundException: Web element with id: 'Object Repository/Shopify/div_user_card_name' located by '//*[@class = 'user-card__name']' not found
	at com.kms.katalon.core.webui.common.WebUiCommonHelper.findWebElement(WebUiCommonHelper.java:1370)
	at com.kms.katalon.core.webui.keyword.internal.WebUIAbstractKeyword.findWebElement(WebUIAbstractKeyword.groovy:27)
	at com.kms.katalon.core.webui.keyword.builtin.ClickKeyword$_click_closure1.doCall(ClickKeyword.groovy:65)
	at com.kms.katalon.core.webui.keyword.builtin.ClickKeyword$_click_closure1.call(ClickKeyword.groovy)
	at com.kms.katalon.core.webui.keyword.internal.WebUIKeywordMain.runKeyword(WebUIKeywordMain.groovy:20)
	... 22 more
"/>
         <system-out><![CDATA[2023-02-20 14:16:03 - [TEST_CASE][FAILED] - Test Cases/Alireview/Install new store free: Test Cases/Alireview/Install new store free FAILED.
Reason:
com.kms.katalon.core.exception.StepFailedException: Unable to click on object 'Object Repository/Shopify/div_user_card_name' (Root cause: com.kms.katalon.core.exception.StepFailedException: Unable to click on object 'Object Repository/Shopify/div_user_card_name'
	at com.kms.katalon.core.webui.keyword.internal.WebUIKeywordMain.stepFailed(WebUIKeywordMain.groovy:64)
	at com.kms.katalon.core.webui.keyword.internal.WebUIKeywordMain.runKeyword(WebUIKeywordMain.groovy:26)
	at com.kms.katalon.core.webui.keyword.builtin.ClickKeyword.click(ClickKeyword.groovy:74)
	at com.kms.katalon.core.webui.keyword.builtin.ClickKeyword.execute(ClickKeyword.groovy:40)
	at com.kms.katalon.core.keyword.internal.KeywordExecutor.executeKeywordForPlatform(KeywordExecutor.groovy:74)
	at com.kms.katalon.core.webui.keyword.WebUiBuiltInKeywords.click(WebUiBuiltInKeywords.groovy:608)
	at com.kms.katalon.core.webui.keyword.WebUiBuiltInKeywords$click$5.call(Unknown Source)
	at shopify.store.clickOnShopifyUserCard(store.groovy:126)
	at shopify.store.invokeMethod(store.groovy)
	at com.kms.katalon.core.main.CustomKeywordDelegatingMetaClass.invokeStaticMethod(CustomKeywordDelegatingMetaClass.java:55)
	at Install new store free.run(Install new store free:27)
	at com.kms.katalon.core.main.ScriptEngine.run(ScriptEngine.java:194)
	at com.kms.katalon.core.main.ScriptEngine.runScriptAsRawText(ScriptEngine.java:119)
	at com.kms.katalon.core.main.TestCaseExecutor.runScript(TestCaseExecutor.java:448)
	at com.kms.katalon.core.main.TestCaseExecutor.doExecute(TestCaseExecutor.java:439)
	at com.kms.katalon.core.main.TestCaseExecutor.processExecutionPhase(TestCaseExecutor.java:418)
	at com.kms.katalon.core.main.TestCaseExecutor.accessMainPhase(TestCaseExecutor.java:410)
	at com.kms.katalon.core.main.TestCaseExecutor.execute(TestCaseExecutor.java:285)
	at com.kms.katalon.core.common.CommonExecutor.accessTestCaseMainPhase(CommonExecutor.java:65)
	at com.kms.katalon.core.main.TestSuiteExecutor.accessTestSuiteMainPhase(TestSuiteExecutor.java:151)
	at com.kms.katalon.core.main.TestSuiteExecutor.execute(TestSuiteExecutor.java:106)
	at com.kms.katalon.core.main.TestCaseMain.startTestSuite(TestCaseMain.java:185)
	at com.kms.katalon.core.main.TestCaseMain$startTestSuite$0.call(Unknown Source)
	at TempTestSuite1676876596469.run(TempTestSuite1676876596469.groovy:36)
Caused by: com.kms.katalon.core.webui.exception.WebElementNotFoundException: Web element with id: 'Object Repository/Shopify/div_user_card_name' located by '//*[@class = 'user-card__name']' not found
	at com.kms.katalon.core.webui.common.WebUiCommonHelper.findWebElement(WebUiCommonHelper.java:1370)
	at com.kms.katalon.core.webui.keyword.internal.WebUIAbstractKeyword.findWebElement(WebUIAbstractKeyword.groovy:27)
	at com.kms.katalon.core.webui.keyword.builtin.ClickKeyword$_click_closure1.doCall(ClickKeyword.groovy:65)
	at com.kms.katalon.core.webui.keyword.builtin.ClickKeyword$_click_closure1.call(ClickKeyword.groovy)
	at com.kms.katalon.core.webui.keyword.internal.WebUIKeywordMain.runKeyword(WebUIKeywordMain.groovy:20)
	at com.kms.katalon.core.webui.keyword.builtin.ClickKeyword.click(ClickKeyword.groovy:74)
	at com.kms.katalon.core.webui.keyword.builtin.ClickKeyword.execute(ClickKeyword.groovy:40)
	at com.kms.katalon.core.keyword.internal.KeywordExecutor.executeKeywordForPlatform(KeywordExecutor.groovy:74)
	at com.kms.katalon.core.webui.keyword.WebUiBuiltInKeywords.click(WebUiBuiltInKeywords.groovy:608)
	at com.kms.katalon.core.webui.keyword.WebUiBuiltInKeywords$click$5.call(Unknown Source)
	at shopify.store.clickOnShopifyUserCard(store.groovy:126)
	at shopify.store.invokeMethod(store.groovy)
	at com.kms.katalon.core.main.CustomKeywordDelegatingMetaClass.invokeStaticMethod(CustomKeywordDelegatingMetaClass.java:55)
	at Script1673948457755.run(Script1673948457755.groovy:27)
	... 13 more
)
	at com.kms.katalon.core.keyword.internal.KeywordMain.stepFailed(KeywordMain.groovy:39)
	at com.kms.katalon.core.webui.keyword.internal.WebUIKeywordMain.stepFailed(WebUIKeywordMain.groovy:64)
	at com.kms.katalon.core.webui.keyword.internal.WebUIKeywordMain.runKeyword(WebUIKeywordMain.groovy:26)
	at com.kms.katalon.core.webui.keyword.builtin.ClickKeyword.click(ClickKeyword.groovy:74)
	at com.kms.katalon.core.webui.keyword.builtin.ClickKeyword.execute(ClickKeyword.groovy:40)
	at com.kms.katalon.core.keyword.internal.KeywordExecutor.executeKeywordForPlatform(KeywordExecutor.groovy:74)
	at com.kms.katalon.core.webui.keyword.WebUiBuiltInKeywords.click(WebUiBuiltInKeywords.groovy:608)
	at com.kms.katalon.core.webui.keyword.WebUiBuiltInKeywords$click$5.call(Unknown Source)
	at shopify.store.clickOnShopifyUserCard(store.groovy:126)
	at shopify.store.invokeMethod(store.groovy)
	at com.kms.katalon.core.main.CustomKeywordDelegatingMetaClass.invokeStaticMethod(CustomKeywordDelegatingMetaClass.java:55)
	at Install new store free.run(Install new store free:27)
	at com.kms.katalon.core.main.ScriptEngine.run(ScriptEngine.java:194)
	at com.kms.katalon.core.main.ScriptEngine.runScriptAsRawText(ScriptEngine.java:119)
	at com.kms.katalon.core.main.TestCaseExecutor.runScript(TestCaseExecutor.java:448)
	at com.kms.katalon.core.main.TestCaseExecutor.doExecute(TestCaseExecutor.java:439)
	at com.kms.katalon.core.main.TestCaseExecutor.processExecutionPhase(TestCaseExecutor.java:418)
	at com.kms.katalon.core.main.TestCaseExecutor.accessMainPhase(TestCaseExecutor.java:410)
	at com.kms.katalon.core.main.TestCaseExecutor.execute(TestCaseExecutor.java:285)
	at com.kms.katalon.core.common.CommonExecutor.accessTestCaseMainPhase(CommonExecutor.java:65)
	at com.kms.katalon.core.main.TestSuiteExecutor.accessTestSuiteMainPhase(TestSuiteExecutor.java:151)
	at com.kms.katalon.core.main.TestSuiteExecutor.execute(TestSuiteExecutor.java:106)
	at com.kms.katalon.core.main.TestCaseMain.startTestSuite(TestCaseMain.java:185)
	at com.kms.katalon.core.main.TestCaseMain$startTestSuite$0.call(Unknown Source)
	at TempTestSuite1676876596469.run(TempTestSuite1676876596469.groovy:36)
Caused by: com.kms.katalon.core.exception.StepFailedException: Unable to click on object 'Object Repository/Shopify/div_user_card_name'
	... 24 more
Caused by: com.kms.katalon.core.webui.exception.WebElementNotFoundException: Web element with id: 'Object Repository/Shopify/div_user_card_name' located by '//*[@class = 'user-card__name']' not found
	at com.kms.katalon.core.webui.common.WebUiCommonHelper.findWebElement(WebUiCommonHelper.java:1370)
	at com.kms.katalon.core.webui.keyword.internal.WebUIAbstractKeyword.findWebElement(WebUIAbstractKeyword.groovy:27)
	at com.kms.katalon.core.webui.keyword.builtin.ClickKeyword$_click_closure1.doCall(ClickKeyword.groovy:65)
	at com.kms.katalon.core.webui.keyword.builtin.ClickKeyword$_click_closure1.call(ClickKeyword.groovy)
	at com.kms.katalon.core.webui.keyword.internal.WebUIKeywordMain.runKeyword(WebUIKeywordMain.groovy:20)
	... 22 more


2023-02-20 14:16:03 - [TEST_STEP][PASSED] - Start listener action : skipStatus: null

2023-02-20 14:16:03 - [TEST_STEP][PASSED] - map = testCaseContext.getTestCaseVariables(): null

2023-02-20 14:16:03 - [TEST_STEP][PASSED] - testcae_status = map.get("testcase_status"): null

2023-02-20 14:16:03 - [TEST_STEP][PASSED] - println(testcae_status): null

2023-02-20 14:16:03 - [TEST_STEP][PASSED] - if (testcae_status == "Passed" || testcae_status == "Failed"): null

2023-02-20 14:16:03 - [TEST_STEP][PASSED] - openBrowser(""): Browser is opened with url: ''

2023-02-20 14:16:03 - [MESSAGE][WARNING] - A browser is already opened. Closing browser and opening a new one

2023-02-20 14:16:04 - [MESSAGE][INFO] - Starting 'Chrome' driver

2023-02-20 14:16:04 - [MESSAGE][INFO] - Action delay is set to 0 milliseconds

2023-02-20 14:16:05 - [MESSAGE][PASSED] - Browser is opened with url: ''

2023-02-20 14:16:05 - [TEST_STEP][PASSED] - maximizeWindow(): Current window maximized

2023-02-20 14:16:05 - [MESSAGE][PASSED] - Current window maximized

2023-02-20 14:16:05 - [TEST_STEP][PASSED] - shopify.store.loginToStoreAdmin(partner_email, partner_password, store_name): shopify.store.loginToStoreAdmin is PASSED

2023-02-20 14:16:20 - [MESSAGE][PASSED] - Navigate to 'http://huynh-ar-stag-2350.myshopify.com/admin' successfully

2023-02-20 14:16:21 - [MESSAGE][PASSED] - Text 'huynh@firegroup.io' is set on object 'Object Repository/Shopify/input_email_shopify'

2023-02-20 14:16:22 - [MESSAGE][PASSED] - Object: 'Object Repository/Shopify/btn_continue_with_email' is clicked on

2023-02-20 14:16:24 - [MESSAGE][PASSED] - Text ****** has been set on object 'Object Repository/Shopify/input_password_shopify'

2023-02-20 14:16:39 - [MESSAGE][PASSED] - Object: 'Object Repository/Shopify/btn_login' is clicked on

2023-02-20 14:16:39 - [MESSAGE][PASSED] - shopify.store.loginToStoreAdmin is PASSED

2023-02-20 14:16:39 - [TEST_STEP][PASSED] - alireview.install.inputRawDomain(store_name, host): alireview.install.inputRawDomain is PASSED

2023-02-20 14:16:56 - [MESSAGE][PASSED] - Navigate to 'https://ar-app-staging.fireapps.tech/' successfully

2023-02-20 14:16:57 - [MESSAGE][PASSED] - Text 'huynh-ar-stag-2350' is set on object 'Object Repository/Alireview/input_shop'

2023-02-20 14:16:59 - [MESSAGE][PASSED] - Object: 'Object Repository/Alireview/btn_login' is clicked on

2023-02-20 14:16:59 - [MESSAGE][PASSED] - alireview.install.inputRawDomain is PASSED

2023-02-20 14:16:59 - [TEST_STEP][PASSED] - alireview.install.installStep1(): alireview.install.installStep1 is PASSED

2023-02-20 14:17:05 - [MESSAGE][PASSED] - Object: 'Object Repository/Shopify Install App/btn_install_step1' is clicked on

2023-02-20 14:17:05 - [MESSAGE][PASSED] - alireview.install.installStep1 is PASSED

2023-02-20 14:17:05 - [TEST_STEP][FAILED] - shopify.store.clickOnShopifyUserCard(): com.kms.katalon.core.exception.StepFailedException: Unable to click on object 'Object Repository/Shopify/div_user_card_name' (Root cause: com.kms.katalon.core.exception.StepFailedException: Unable to click on object 'Object Repository/Shopify/div_user_card_name'
	at com.kms.katalon.core.webui.keyword.internal.WebUIKeywordMain.stepFailed(WebUIKeywordMain.groovy:64)
	at com.kms.katalon.core.webui.keyword.internal.WebUIKeywordMain.runKeyword(WebUIKeywordMain.groovy:26)
	at com.kms.katalon.core.webui.keyword.builtin.ClickKeyword.click(ClickKeyword.groovy:74)
	at com.kms.katalon.core.webui.keyword.builtin.ClickKeyword.execute(ClickKeyword.groovy:40)
	at com.kms.katalon.core.keyword.internal.KeywordExecutor.executeKeywordForPlatform(KeywordExecutor.groovy:74)
	at com.kms.katalon.core.webui.keyword.WebUiBuiltInKeywords.click(WebUiBuiltInKeywords.groovy:608)
	at com.kms.katalon.core.webui.keyword.WebUiBuiltInKeywords$click$5.call(Unknown Source)
	at shopify.store.clickOnShopifyUserCard(store.groovy:126)
	at shopify.store.invokeMethod(store.groovy)
	at com.kms.katalon.core.main.CustomKeywordDelegatingMetaClass.invokeStaticMethod(CustomKeywordDelegatingMetaClass.java:55)
	at Install new store free.run(Install new store free:27)
	at com.kms.katalon.core.main.ScriptEngine.run(ScriptEngine.java:194)
	at com.kms.katalon.core.main.ScriptEngine.runScriptAsRawText(ScriptEngine.java:119)
	at com.kms.katalon.core.main.TestCaseExecutor.runScript(TestCaseExecutor.java:448)
	at com.kms.katalon.core.main.TestCaseExecutor.doExecute(TestCaseExecutor.java:439)
	at com.kms.katalon.core.main.TestCaseExecutor.processExecutionPhase(TestCaseExecutor.java:418)
	at com.kms.katalon.core.main.TestCaseExecutor.accessMainPhase(TestCaseExecutor.java:410)
	at com.kms.katalon.core.main.TestCaseExecutor.execute(TestCaseExecutor.java:285)
	at com.kms.katalon.core.common.CommonExecutor.accessTestCaseMainPhase(CommonExecutor.java:65)
	at com.kms.katalon.core.main.TestSuiteExecutor.accessTestSuiteMainPhase(TestSuiteExecutor.java:151)
	at com.kms.katalon.core.main.TestSuiteExecutor.execute(TestSuiteExecutor.java:106)
	at com.kms.katalon.core.main.TestCaseMain.startTestSuite(TestCaseMain.java:185)
	at com.kms.katalon.core.main.TestCaseMain$startTestSuite$0.call(Unknown Source)
	at TempTestSuite1676876596469.run(TempTestSuite1676876596469.groovy:36)
Caused by: com.kms.katalon.core.webui.exception.WebElementNotFoundException: Web element with id: 'Object Repository/Shopify/div_user_card_name' located by '//*[@class = 'user-card__name']' not found
	at com.kms.katalon.core.webui.common.WebUiCommonHelper.findWebElement(WebUiCommonHelper.java:1370)
	at com.kms.katalon.core.webui.keyword.internal.WebUIAbstractKeyword.findWebElement(WebUIAbstractKeyword.groovy:27)
	at com.kms.katalon.core.webui.keyword.builtin.ClickKeyword$_click_closure1.doCall(ClickKeyword.groovy:65)
	at com.kms.katalon.core.webui.keyword.builtin.ClickKeyword$_click_closure1.call(ClickKeyword.groovy)
	at com.kms.katalon.core.webui.keyword.internal.WebUIKeywordMain.runKeyword(WebUIKeywordMain.groovy:20)
	at com.kms.katalon.core.webui.keyword.builtin.ClickKeyword.click(ClickKeyword.groovy:74)
	at com.kms.katalon.core.webui.keyword.builtin.ClickKeyword.execute(ClickKeyword.groovy:40)
	at com.kms.katalon.core.keyword.internal.KeywordExecutor.executeKeywordForPlatform(KeywordExecutor.groovy:74)
	at com.kms.katalon.core.webui.keyword.WebUiBuiltInKeywords.click(WebUiBuiltInKeywords.groovy:608)
	at com.kms.katalon.core.webui.keyword.WebUiBuiltInKeywords$click$5.call(Unknown Source)
	at shopify.store.clickOnShopifyUserCard(store.groovy:126)
	at shopify.store.invokeMethod(store.groovy)
	at com.kms.katalon.core.main.CustomKeywordDelegatingMetaClass.invokeStaticMethod(CustomKeywordDelegatingMetaClass.java:55)
	at Script1673948457755.run(Script1673948457755.groovy:27)
	... 13 more
)

2023-02-20 14:17:36 - [MESSAGE][INFO] - Unable to find the element located by 'By.xpath: //*[@class = 'user-card__name']'. Please recheck the objects properties to make sure the desired element is located. 

2023-02-20 14:17:36 - [MESSAGE][WARNING] - [SELF-HEALING] Failed to find element with id 'Object Repository/Shopify/div_user_card_name'. Try using Self-healing.

2023-02-20 14:17:36 - [MESSAGE][WARNING] - [SELF-HEALING] Cannot find elements when the XPath is null.

2023-02-20 14:17:36 - [MESSAGE][WARNING] - [SELF-HEALING] Cannot find elements when the selector is null

2023-02-20 14:17:36 - [MESSAGE][FAILED] - Unable to click on object 'Object Repository/Shopify/div_user_card_name' (Root cause: com.kms.katalon.core.exception.StepFailedException: Unable to click on object 'Object Repository/Shopify/div_user_card_name'
	at com.kms.katalon.core.webui.keyword.internal.WebUIKeywordMain.stepFailed(WebUIKeywordMain.groovy:64)
	at com.kms.katalon.core.webui.keyword.internal.WebUIKeywordMain.runKeyword(WebUIKeywordMain.groovy:26)
	at com.kms.katalon.core.webui.keyword.builtin.ClickKeyword.click(ClickKeyword.groovy:74)
	at com.kms.katalon.core.webui.keyword.builtin.ClickKeyword.execute(ClickKeyword.groovy:40)
	at com.kms.katalon.core.keyword.internal.KeywordExecutor.executeKeywordForPlatform(KeywordExecutor.groovy:74)
	at com.kms.katalon.core.webui.keyword.WebUiBuiltInKeywords.click(WebUiBuiltInKeywords.groovy:608)
	at com.kms.katalon.core.webui.keyword.WebUiBuiltInKeywords$click$5.call(Unknown Source)
	at shopify.store.clickOnShopifyUserCard(store.groovy:126)
	at shopify.store.invokeMethod(store.groovy)
	at com.kms.katalon.core.main.CustomKeywordDelegatingMetaClass.invokeStaticMethod(CustomKeywordDelegatingMetaClass.java:55)
	at Install new store free.run(Install new store free:27)
	at com.kms.katalon.core.main.ScriptEngine.run(ScriptEngine.java:194)
	at com.kms.katalon.core.main.ScriptEngine.runScriptAsRawText(ScriptEngine.java:119)
	at com.kms.katalon.core.main.TestCaseExecutor.runScript(TestCaseExecutor.java:448)
	at com.kms.katalon.core.main.TestCaseExecutor.doExecute(TestCaseExecutor.java:439)
	at com.kms.katalon.core.main.TestCaseExecutor.processExecutionPhase(TestCaseExecutor.java:418)
	at com.kms.katalon.core.main.TestCaseExecutor.accessMainPhase(TestCaseExecutor.java:410)
	at com.kms.katalon.core.main.TestCaseExecutor.execute(TestCaseExecutor.java:285)
	at com.kms.katalon.core.common.CommonExecutor.accessTestCaseMainPhase(CommonExecutor.java:65)
	at com.kms.katalon.core.main.TestSuiteExecutor.accessTestSuiteMainPhase(TestSuiteExecutor.java:151)
	at com.kms.katalon.core.main.TestSuiteExecutor.execute(TestSuiteExecutor.java:106)
	at com.kms.katalon.core.main.TestCaseMain.startTestSuite(TestCaseMain.java:185)
	at com.kms.katalon.core.main.TestCaseMain$startTestSuite$0.call(Unknown Source)
	at TempTestSuite1676876596469.run(TempTestSuite1676876596469.groovy:36)
Caused by: com.kms.katalon.core.webui.exception.WebElementNotFoundException: Web element with id: 'Object Repository/Shopify/div_user_card_name' located by '//*[@class = 'user-card__name']' not found
	at com.kms.katalon.core.webui.common.WebUiCommonHelper.findWebElement(WebUiCommonHelper.java:1370)
	at com.kms.katalon.core.webui.keyword.internal.WebUIAbstractKeyword.findWebElement(WebUIAbstractKeyword.groovy:27)
	at com.kms.katalon.core.webui.keyword.builtin.ClickKeyword$_click_closure1.doCall(ClickKeyword.groovy:65)
	at com.kms.katalon.core.webui.keyword.builtin.ClickKeyword$_click_closure1.call(ClickKeyword.groovy)
	at com.kms.katalon.core.webui.keyword.internal.WebUIKeywordMain.runKeyword(WebUIKeywordMain.groovy:20)
	at com.kms.katalon.core.webui.keyword.builtin.ClickKeyword.click(ClickKeyword.groovy:74)
	at com.kms.katalon.core.webui.keyword.builtin.ClickKeyword.execute(ClickKeyword.groovy:40)
	at com.kms.katalon.core.keyword.internal.KeywordExecutor.executeKeywordForPlatform(KeywordExecutor.groovy:74)
	at com.kms.katalon.core.webui.keyword.WebUiBuiltInKeywords.click(WebUiBuiltInKeywords.groovy:608)
	at com.kms.katalon.core.webui.keyword.WebUiBuiltInKeywords$click$5.call(Unknown Source)
	at shopify.store.clickOnShopifyUserCard(store.groovy:126)
	at shopify.store.invokeMethod(store.groovy)
	at com.kms.katalon.core.main.CustomKeywordDelegatingMetaClass.invokeStaticMethod(CustomKeywordDelegatingMetaClass.java:55)
	at Script1673948457755.run(Script1673948457755.groovy:27)
	... 13 more
)
[[ATTACHMENT|C:\\Users\\huynh\\Documents\\Socialhead\\Automation\\Katalon project\\CreateStore\\CreateStore\\Reports\\20230220_140316\\Alireview\\Install Store Free\\20230220_140316\\1676877456405.png]]

2023-02-20 14:17:36 - [MESSAGE][FAILED] - com.kms.katalon.core.exception.StepFailedException: Unable to click on object 'Object Repository/Shopify/div_user_card_name' (Root cause: com.kms.katalon.core.exception.StepFailedException: Unable to click on object 'Object Repository/Shopify/div_user_card_name'
	at com.kms.katalon.core.webui.keyword.internal.WebUIKeywordMain.stepFailed(WebUIKeywordMain.groovy:64)
	at com.kms.katalon.core.webui.keyword.internal.WebUIKeywordMain.runKeyword(WebUIKeywordMain.groovy:26)
	at com.kms.katalon.core.webui.keyword.builtin.ClickKeyword.click(ClickKeyword.groovy:74)
	at com.kms.katalon.core.webui.keyword.builtin.ClickKeyword.execute(ClickKeyword.groovy:40)
	at com.kms.katalon.core.keyword.internal.KeywordExecutor.executeKeywordForPlatform(KeywordExecutor.groovy:74)
	at com.kms.katalon.core.webui.keyword.WebUiBuiltInKeywords.click(WebUiBuiltInKeywords.groovy:608)
	at com.kms.katalon.core.webui.keyword.WebUiBuiltInKeywords$click$5.call(Unknown Source)
	at shopify.store.clickOnShopifyUserCard(store.groovy:126)
	at shopify.store.invokeMethod(store.groovy)
	at com.kms.katalon.core.main.CustomKeywordDelegatingMetaClass.invokeStaticMethod(CustomKeywordDelegatingMetaClass.java:55)
	at Install new store free.run(Install new store free:27)
	at com.kms.katalon.core.main.ScriptEngine.run(ScriptEngine.java:194)
	at com.kms.katalon.core.main.ScriptEngine.runScriptAsRawText(ScriptEngine.java:119)
	at com.kms.katalon.core.main.TestCaseExecutor.runScript(TestCaseExecutor.java:448)
	at com.kms.katalon.core.main.TestCaseExecutor.doExecute(TestCaseExecutor.java:439)
	at com.kms.katalon.core.main.TestCaseExecutor.processExecutionPhase(TestCaseExecutor.java:418)
	at com.kms.katalon.core.main.TestCaseExecutor.accessMainPhase(TestCaseExecutor.java:410)
	at com.kms.katalon.core.main.TestCaseExecutor.execute(TestCaseExecutor.java:285)
	at com.kms.katalon.core.common.CommonExecutor.accessTestCaseMainPhase(CommonExecutor.java:65)
	at com.kms.katalon.core.main.TestSuiteExecutor.accessTestSuiteMainPhase(TestSuiteExecutor.java:151)
	at com.kms.katalon.core.main.TestSuiteExecutor.execute(TestSuiteExecutor.java:106)
	at com.kms.katalon.core.main.TestCaseMain.startTestSuite(TestCaseMain.java:185)
	at com.kms.katalon.core.main.TestCaseMain$startTestSuite$0.call(Unknown Source)
	at TempTestSuite1676876596469.run(TempTestSuite1676876596469.groovy:36)
Caused by: com.kms.katalon.core.webui.exception.WebElementNotFoundException: Web element with id: 'Object Repository/Shopify/div_user_card_name' located by '//*[@class = 'user-card__name']' not found
	at com.kms.katalon.core.webui.common.WebUiCommonHelper.findWebElement(WebUiCommonHelper.java:1370)
	at com.kms.katalon.core.webui.keyword.internal.WebUIAbstractKeyword.findWebElement(WebUIAbstractKeyword.groovy:27)
	at com.kms.katalon.core.webui.keyword.builtin.ClickKeyword$_click_closure1.doCall(ClickKeyword.groovy:65)
	at com.kms.katalon.core.webui.keyword.builtin.ClickKeyword$_click_closure1.call(ClickKeyword.groovy)
	at com.kms.katalon.core.webui.keyword.internal.WebUIKeywordMain.runKeyword(WebUIKeywordMain.groovy:20)
	at com.kms.katalon.core.webui.keyword.builtin.ClickKeyword.click(ClickKeyword.groovy:74)
	at com.kms.katalon.core.webui.keyword.builtin.ClickKeyword.execute(ClickKeyword.groovy:40)
	at com.kms.katalon.core.keyword.internal.KeywordExecutor.executeKeywordForPlatform(KeywordExecutor.groovy:74)
	at com.kms.katalon.core.webui.keyword.WebUiBuiltInKeywords.click(WebUiBuiltInKeywords.groovy:608)
	at com.kms.katalon.core.webui.keyword.WebUiBuiltInKeywords$click$5.call(Unknown Source)
	at shopify.store.clickOnShopifyUserCard(store.groovy:126)
	at shopify.store.invokeMethod(store.groovy)
	at com.kms.katalon.core.main.CustomKeywordDelegatingMetaClass.invokeStaticMethod(CustomKeywordDelegatingMetaClass.java:55)
	at Script1673948457755.run(Script1673948457755.groovy:27)
	... 13 more
)

2023-02-20 14:17:36 - [TEST_STEP][FAILED] - alireview.install.onboardingSelectColor(color): Unable to verify image 'Object Repository/Alireview/iframe_app' present

2023-02-20 14:17:39 - [MESSAGE][INFO] - Unable to find the element located by 'By.xpath: //*[@name = 'app-iframe']'. Please recheck the objects properties to make sure the desired element is located. 

2023-02-20 14:17:39 - [MESSAGE][WARNING] - [SELF-HEALING] Failed to find element with id 'Object Repository/Alireview/iframe_app'. Try using Self-healing.

2023-02-20 14:17:40 - [MESSAGE][INFO] - [SELF-HEALING] No working XPath is found.

2023-02-20 14:17:41 - [MESSAGE][INFO] - Unable to find the element located by 'By.xpath: '. Please recheck the objects properties to make sure the desired element is located. 

2023-02-20 14:17:41 - [MESSAGE][WARNING] - [SELF-HEALING] Cannot find elements when the selector is null

2023-02-20 14:17:41 - [MESSAGE][FAILED] - Unable to verify image 'Object Repository/Alireview/iframe_app' present (Root cause: com.kms.katalon.core.exception.StepFailedException: Unable to verify image 'Object Repository/Alireview/iframe_app' present
	at com.kms.katalon.core.webui.keyword.internal.WebUIKeywordMain.stepFailed(WebUIKeywordMain.groovy:64)
	at com.kms.katalon.core.webui.keyword.internal.WebUIKeywordMain.runKeyword(WebUIKeywordMain.groovy:26)
	at com.kms.katalon.core.webui.keyword.builtin.SwitchToFrameKeyword.switchToFrame(SwitchToFrameKeyword.groovy:84)
	at com.kms.katalon.core.webui.keyword.builtin.SwitchToFrameKeyword.execute(SwitchToFrameKeyword.groovy:68)
	at com.kms.katalon.core.keyword.internal.KeywordExecutor.executeKeywordForPlatform(KeywordExecutor.groovy:74)
	at com.kms.katalon.core.webui.keyword.WebUiBuiltInKeywords.switchToFrame(WebUiBuiltInKeywords.groovy:2899)
	at com.kms.katalon.core.webui.keyword.WebUiBuiltInKeywords$switchToFrame$7.call(Unknown Source)
	at alireview.install.onboardingSelectColor(install.groovy:38)
	at alireview.install.invokeMethod(install.groovy)
	at com.kms.katalon.core.main.CustomKeywordDelegatingMetaClass.invokeStaticMethod(CustomKeywordDelegatingMetaClass.java:55)
	at Install new store free.run(Install new store free:29)
	at com.kms.katalon.core.main.ScriptEngine.run(ScriptEngine.java:194)
	at com.kms.katalon.core.main.ScriptEngine.runScriptAsRawText(ScriptEngine.java:119)
	at com.kms.katalon.core.main.TestCaseExecutor.runScript(TestCaseExecutor.java:448)
	at com.kms.katalon.core.main.TestCaseExecutor.doExecute(TestCaseExecutor.java:439)
	at com.kms.katalon.core.main.TestCaseExecutor.processExecutionPhase(TestCaseExecutor.java:418)
	at com.kms.katalon.core.main.TestCaseExecutor.accessMainPhase(TestCaseExecutor.java:410)
	at com.kms.katalon.core.main.TestCaseExecutor.execute(TestCaseExecutor.java:285)
	at com.kms.katalon.core.common.CommonExecutor.accessTestCaseMainPhase(CommonExecutor.java:65)
	at com.kms.katalon.core.main.TestSuiteExecutor.accessTestSuiteMainPhase(TestSuiteExecutor.java:151)
	at com.kms.katalon.core.main.TestSuiteExecutor.execute(TestSuiteExecutor.java:106)
	at com.kms.katalon.core.main.TestCaseMain.startTestSuite(TestCaseMain.java:185)
	at com.kms.katalon.core.main.TestCaseMain$startTestSuite$0.call(Unknown Source)
	at TempTestSuite1676876596469.run(TempTestSuite1676876596469.groovy:36)
Caused by: com.kms.katalon.core.webui.exception.WebElementNotFoundException: Web element with id: 'Object Repository/Alireview/iframe_app' located by '//*[@name = 'app-iframe']' not found
	at com.kms.katalon.core.webui.common.WebUiCommonHelper.findWebElement(WebUiCommonHelper.java:1370)
	at com.kms.katalon.core.webui.keyword.builtin.SwitchToFrameKeyword$_switchToFrame_closure1.doCall(SwitchToFrameKeyword.groovy:77)
	at com.kms.katalon.core.webui.keyword.builtin.SwitchToFrameKeyword$_switchToFrame_closure1.call(SwitchToFrameKeyword.groovy)
	at com.kms.katalon.core.webui.keyword.internal.WebUIKeywordMain.runKeyword(WebUIKeywordMain.groovy:20)
	at com.kms.katalon.core.webui.keyword.builtin.SwitchToFrameKeyword.switchToFrame(SwitchToFrameKeyword.groovy:84)
	at com.kms.katalon.core.webui.keyword.builtin.SwitchToFrameKeyword.execute(SwitchToFrameKeyword.groovy:68)
	at com.kms.katalon.core.keyword.internal.KeywordExecutor.executeKeywordForPlatform(KeywordExecutor.groovy:74)
	at com.kms.katalon.core.webui.keyword.WebUiBuiltInKeywords.switchToFrame(WebUiBuiltInKeywords.groovy:2899)
	at com.kms.katalon.core.webui.keyword.WebUiBuiltInKeywords$switchToFrame$7.call(Unknown Source)
	at alireview.install.onboardingSelectColor(install.groovy:38)
	at alireview.install.invokeMethod(install.groovy)
	at com.kms.katalon.core.main.CustomKeywordDelegatingMetaClass.invokeStaticMethod(CustomKeywordDelegatingMetaClass.java:55)
	at Script1673948457755.run(Script1673948457755.groovy:29)
	... 13 more
)
[[ATTACHMENT|C:\\Users\\huynh\\Documents\\Socialhead\\Automation\\Katalon project\\CreateStore\\CreateStore\\Reports\\20230220_140316\\Alireview\\Install Store Free\\20230220_140316\\1676877461237.png]]

2023-02-20 14:17:41 - [MESSAGE][FAILED] - Unable to verify image 'Object Repository/Alireview/iframe_app' present

2023-02-20 14:17:41 - [TEST_STEP][PASSED] - Start tear down : teardownIfFailed: Method 'teardownIfFailed' complete successfully

2023-02-20 14:17:41 - [TEST_STEP][PASSED] - excelFilePath = "Data Files\storefree3_install app stag.xlsx": null

2023-02-20 14:17:41 - [TEST_STEP][PASSED] - data.excel.updateValueToSheet(excelFilePath, "store", 4, store_name, 9, "Not install"): data.excel.updateValueToSheet is PASSED

2023-02-20 14:17:41 - [MESSAGE][PASSED] - data.excel.updateValueToSheet is PASSED

2023-02-20 14:17:41 - [MESSAGE][PASSED] - Method 'teardownIfFailed' complete successfully]]></system-out>
         <system-err><![CDATA[2023-02-20 14:16:03 - [TEST_CASE][FAILED] - Test Cases/Alireview/Install new store free: Test Cases/Alireview/Install new store free FAILED.
Reason:
com.kms.katalon.core.exception.StepFailedException: Unable to click on object 'Object Repository/Shopify/div_user_card_name' (Root cause: com.kms.katalon.core.exception.StepFailedException: Unable to click on object 'Object Repository/Shopify/div_user_card_name'
	at com.kms.katalon.core.webui.keyword.internal.WebUIKeywordMain.stepFailed(WebUIKeywordMain.groovy:64)
	at com.kms.katalon.core.webui.keyword.internal.WebUIKeywordMain.runKeyword(WebUIKeywordMain.groovy:26)
	at com.kms.katalon.core.webui.keyword.builtin.ClickKeyword.click(ClickKeyword.groovy:74)
	at com.kms.katalon.core.webui.keyword.builtin.ClickKeyword.execute(ClickKeyword.groovy:40)
	at com.kms.katalon.core.keyword.internal.KeywordExecutor.executeKeywordForPlatform(KeywordExecutor.groovy:74)
	at com.kms.katalon.core.webui.keyword.WebUiBuiltInKeywords.click(WebUiBuiltInKeywords.groovy:608)
	at com.kms.katalon.core.webui.keyword.WebUiBuiltInKeywords$click$5.call(Unknown Source)
	at shopify.store.clickOnShopifyUserCard(store.groovy:126)
	at shopify.store.invokeMethod(store.groovy)
	at com.kms.katalon.core.main.CustomKeywordDelegatingMetaClass.invokeStaticMethod(CustomKeywordDelegatingMetaClass.java:55)
	at Install new store free.run(Install new store free:27)
	at com.kms.katalon.core.main.ScriptEngine.run(ScriptEngine.java:194)
	at com.kms.katalon.core.main.ScriptEngine.runScriptAsRawText(ScriptEngine.java:119)
	at com.kms.katalon.core.main.TestCaseExecutor.runScript(TestCaseExecutor.java:448)
	at com.kms.katalon.core.main.TestCaseExecutor.doExecute(TestCaseExecutor.java:439)
	at com.kms.katalon.core.main.TestCaseExecutor.processExecutionPhase(TestCaseExecutor.java:418)
	at com.kms.katalon.core.main.TestCaseExecutor.accessMainPhase(TestCaseExecutor.java:410)
	at com.kms.katalon.core.main.TestCaseExecutor.execute(TestCaseExecutor.java:285)
	at com.kms.katalon.core.common.CommonExecutor.accessTestCaseMainPhase(CommonExecutor.java:65)
	at com.kms.katalon.core.main.TestSuiteExecutor.accessTestSuiteMainPhase(TestSuiteExecutor.java:151)
	at com.kms.katalon.core.main.TestSuiteExecutor.execute(TestSuiteExecutor.java:106)
	at com.kms.katalon.core.main.TestCaseMain.startTestSuite(TestCaseMain.java:185)
	at com.kms.katalon.core.main.TestCaseMain$startTestSuite$0.call(Unknown Source)
	at TempTestSuite1676876596469.run(TempTestSuite1676876596469.groovy:36)
Caused by: com.kms.katalon.core.webui.exception.WebElementNotFoundException: Web element with id: 'Object Repository/Shopify/div_user_card_name' located by '//*[@class = 'user-card__name']' not found
	at com.kms.katalon.core.webui.common.WebUiCommonHelper.findWebElement(WebUiCommonHelper.java:1370)
	at com.kms.katalon.core.webui.keyword.internal.WebUIAbstractKeyword.findWebElement(WebUIAbstractKeyword.groovy:27)
	at com.kms.katalon.core.webui.keyword.builtin.ClickKeyword$_click_closure1.doCall(ClickKeyword.groovy:65)
	at com.kms.katalon.core.webui.keyword.builtin.ClickKeyword$_click_closure1.call(ClickKeyword.groovy)
	at com.kms.katalon.core.webui.keyword.internal.WebUIKeywordMain.runKeyword(WebUIKeywordMain.groovy:20)
	at com.kms.katalon.core.webui.keyword.builtin.ClickKeyword.click(ClickKeyword.groovy:74)
	at com.kms.katalon.core.webui.keyword.builtin.ClickKeyword.execute(ClickKeyword.groovy:40)
	at com.kms.katalon.core.keyword.internal.KeywordExecutor.executeKeywordForPlatform(KeywordExecutor.groovy:74)
	at com.kms.katalon.core.webui.keyword.WebUiBuiltInKeywords.click(WebUiBuiltInKeywords.groovy:608)
	at com.kms.katalon.core.webui.keyword.WebUiBuiltInKeywords$click$5.call(Unknown Source)
	at shopify.store.clickOnShopifyUserCard(store.groovy:126)
	at shopify.store.invokeMethod(store.groovy)
	at com.kms.katalon.core.main.CustomKeywordDelegatingMetaClass.invokeStaticMethod(CustomKeywordDelegatingMetaClass.java:55)
	at Script1673948457755.run(Script1673948457755.groovy:27)
	... 13 more
)
	at com.kms.katalon.core.keyword.internal.KeywordMain.stepFailed(KeywordMain.groovy:39)
	at com.kms.katalon.core.webui.keyword.internal.WebUIKeywordMain.stepFailed(WebUIKeywordMain.groovy:64)
	at com.kms.katalon.core.webui.keyword.internal.WebUIKeywordMain.runKeyword(WebUIKeywordMain.groovy:26)
	at com.kms.katalon.core.webui.keyword.builtin.ClickKeyword.click(ClickKeyword.groovy:74)
	at com.kms.katalon.core.webui.keyword.builtin.ClickKeyword.execute(ClickKeyword.groovy:40)
	at com.kms.katalon.core.keyword.internal.KeywordExecutor.executeKeywordForPlatform(KeywordExecutor.groovy:74)
	at com.kms.katalon.core.webui.keyword.WebUiBuiltInKeywords.click(WebUiBuiltInKeywords.groovy:608)
	at com.kms.katalon.core.webui.keyword.WebUiBuiltInKeywords$click$5.call(Unknown Source)
	at shopify.store.clickOnShopifyUserCard(store.groovy:126)
	at shopify.store.invokeMethod(store.groovy)
	at com.kms.katalon.core.main.CustomKeywordDelegatingMetaClass.invokeStaticMethod(CustomKeywordDelegatingMetaClass.java:55)
	at Install new store free.run(Install new store free:27)
	at com.kms.katalon.core.main.ScriptEngine.run(ScriptEngine.java:194)
	at com.kms.katalon.core.main.ScriptEngine.runScriptAsRawText(ScriptEngine.java:119)
	at com.kms.katalon.core.main.TestCaseExecutor.runScript(TestCaseExecutor.java:448)
	at com.kms.katalon.core.main.TestCaseExecutor.doExecute(TestCaseExecutor.java:439)
	at com.kms.katalon.core.main.TestCaseExecutor.processExecutionPhase(TestCaseExecutor.java:418)
	at com.kms.katalon.core.main.TestCaseExecutor.accessMainPhase(TestCaseExecutor.java:410)
	at com.kms.katalon.core.main.TestCaseExecutor.execute(TestCaseExecutor.java:285)
	at com.kms.katalon.core.common.CommonExecutor.accessTestCaseMainPhase(CommonExecutor.java:65)
	at com.kms.katalon.core.main.TestSuiteExecutor.accessTestSuiteMainPhase(TestSuiteExecutor.java:151)
	at com.kms.katalon.core.main.TestSuiteExecutor.execute(TestSuiteExecutor.java:106)
	at com.kms.katalon.core.main.TestCaseMain.startTestSuite(TestCaseMain.java:185)
	at com.kms.katalon.core.main.TestCaseMain$startTestSuite$0.call(Unknown Source)
	at TempTestSuite1676876596469.run(TempTestSuite1676876596469.groovy:36)
Caused by: com.kms.katalon.core.exception.StepFailedException: Unable to click on object 'Object Repository/Shopify/div_user_card_name'
	... 24 more
Caused by: com.kms.katalon.core.webui.exception.WebElementNotFoundException: Web element with id: 'Object Repository/Shopify/div_user_card_name' located by '//*[@class = 'user-card__name']' not found
	at com.kms.katalon.core.webui.common.WebUiCommonHelper.findWebElement(WebUiCommonHelper.java:1370)
	at com.kms.katalon.core.webui.keyword.internal.WebUIAbstractKeyword.findWebElement(WebUIAbstractKeyword.groovy:27)
	at com.kms.katalon.core.webui.keyword.builtin.ClickKeyword$_click_closure1.doCall(ClickKeyword.groovy:65)
	at com.kms.katalon.core.webui.keyword.builtin.ClickKeyword$_click_closure1.call(ClickKeyword.groovy)
	at com.kms.katalon.core.webui.keyword.internal.WebUIKeywordMain.runKeyword(WebUIKeywordMain.groovy:20)
	... 22 more]]></system-err>
      </testcase>
      <testcase name="Test Cases/Alireview/Install new store free" time="69.815" classname="Test Cases/Alireview/Install new store free" status="PASSED">
         <system-out><![CDATA[2023-02-20 14:17:41 - [TEST_CASE][PASSED] - Test Cases/Alireview/Install new store free: Test Cases/Alireview/Install new store free

2023-02-20 14:17:41 - [TEST_STEP][PASSED] - Start listener action : skipStatus: null

2023-02-20 14:17:41 - [TEST_STEP][PASSED] - map = testCaseContext.getTestCaseVariables(): null

2023-02-20 14:17:41 - [TEST_STEP][PASSED] - testcae_status = map.get("testcase_status"): null

2023-02-20 14:17:41 - [TEST_STEP][PASSED] - println(testcae_status): null

2023-02-20 14:17:41 - [TEST_STEP][PASSED] - if (testcae_status == "Passed" || testcae_status == "Failed"): null

2023-02-20 14:17:41 - [TEST_STEP][PASSED] - openBrowser(""): Browser is opened with url: ''

2023-02-20 14:17:41 - [MESSAGE][WARNING] - A browser is already opened. Closing browser and opening a new one

2023-02-20 14:17:42 - [MESSAGE][INFO] - Starting 'Chrome' driver

2023-02-20 14:17:42 - [MESSAGE][INFO] - Action delay is set to 0 milliseconds

2023-02-20 14:17:43 - [MESSAGE][PASSED] - Browser is opened with url: ''

2023-02-20 14:17:43 - [TEST_STEP][PASSED] - maximizeWindow(): Current window maximized

2023-02-20 14:17:43 - [MESSAGE][PASSED] - Current window maximized

2023-02-20 14:17:43 - [TEST_STEP][PASSED] - shopify.store.loginToStoreAdmin(partner_email, partner_password, store_name): shopify.store.loginToStoreAdmin is PASSED

2023-02-20 14:17:50 - [MESSAGE][PASSED] - Navigate to 'http://huynh-ar-stag-2351.myshopify.com/admin' successfully

2023-02-20 14:17:51 - [MESSAGE][PASSED] - Text 'huynh@firegroup.io' is set on object 'Object Repository/Shopify/input_email_shopify'

2023-02-20 14:17:54 - [MESSAGE][PASSED] - Object: 'Object Repository/Shopify/btn_continue_with_email' is clicked on

2023-02-20 14:17:56 - [MESSAGE][PASSED] - Text ****** has been set on object 'Object Repository/Shopify/input_password_shopify'

2023-02-20 14:18:05 - [MESSAGE][PASSED] - Object: 'Object Repository/Shopify/btn_login' is clicked on

2023-02-20 14:18:05 - [MESSAGE][PASSED] - shopify.store.loginToStoreAdmin is PASSED

2023-02-20 14:18:05 - [TEST_STEP][PASSED] - alireview.install.inputRawDomain(store_name, host): alireview.install.inputRawDomain is PASSED

2023-02-20 14:18:22 - [MESSAGE][PASSED] - Navigate to 'https://ar-app-staging.fireapps.tech/' successfully

2023-02-20 14:18:24 - [MESSAGE][PASSED] - Text 'huynh-ar-stag-2351' is set on object 'Object Repository/Alireview/input_shop'

2023-02-20 14:18:26 - [MESSAGE][PASSED] - Object: 'Object Repository/Alireview/btn_login' is clicked on

2023-02-20 14:18:26 - [MESSAGE][PASSED] - alireview.install.inputRawDomain is PASSED

2023-02-20 14:18:26 - [TEST_STEP][PASSED] - alireview.install.installStep1(): alireview.install.installStep1 is PASSED

2023-02-20 14:18:31 - [MESSAGE][PASSED] - Object: 'Object Repository/Shopify Install App/btn_install_step1' is clicked on

2023-02-20 14:18:31 - [MESSAGE][PASSED] - alireview.install.installStep1 is PASSED

2023-02-20 14:18:31 - [TEST_STEP][PASSED] - shopify.store.clickOnShopifyUserCard(): shopify.store.clickOnShopifyUserCard is PASSED

2023-02-20 14:18:43 - [MESSAGE][PASSED] - Object: 'Object Repository/Shopify/div_user_card_name' is clicked on

2023-02-20 14:18:43 - [MESSAGE][PASSED] - shopify.store.clickOnShopifyUserCard is PASSED

2023-02-20 14:18:43 - [TEST_STEP][PASSED] - alireview.install.onboardingSelectColor(color): alireview.install.onboardingSelectColor is PASSED

2023-02-20 14:18:51 - [MESSAGE][PASSED] - Text '#C75757' is set on object 'Object Repository/Alireview/input_color'

2023-02-20 14:18:51 - [MESSAGE][PASSED] - alireview.install.onboardingSelectColor is PASSED

2023-02-20 14:18:51 - [TEST_STEP][PASSED] - alireview.install.onboardingSelectStyle(layout_type): alireview.install.onboardingSelectStyle is PASSED

2023-02-20 14:18:51 - [MESSAGE][PASSED] - Object: 'Object Repository/Alireview/label_grid_onboarding' is clicked on

2023-02-20 14:18:51 - [MESSAGE][PASSED] - alireview.install.onboardingSelectStyle is PASSED

2023-02-20 14:18:51 - [TEST_STEP][PASSED] - alireview.install.onboardingNext(): alireview.install.onboardingNext is PASSED

2023-02-20 14:18:51 - [MESSAGE][PASSED] - Object: 'Object Repository/Alireview/btn_next_onboarding' is clicked on

2023-02-20 14:18:51 - [MESSAGE][PASSED] - alireview.install.onboardingNext is PASSED

2023-02-20 14:18:51 - [TEST_STEP][PASSED] - alireview.install.clickGetStartOnboarding(): alireview.install.clickGetStartOnboarding is PASSED

2023-02-20 14:18:51 - [MESSAGE][PASSED] - Object: 'Object Repository/Alireview/btn_get_start_onboarding' is clicked on

2023-02-20 14:18:51 - [MESSAGE][PASSED] - alireview.install.clickGetStartOnboarding is PASSED

2023-02-20 14:18:51 - [TEST_STEP][PASSED] - Start tear down : teardownIfPassed: Method 'teardownIfPassed' complete successfully

2023-02-20 14:18:51 - [TEST_STEP][PASSED] - excelFilePath = "Data Files\storefree3_install app stag.xlsx": null

2023-02-20 14:18:51 - [TEST_STEP][PASSED] - data.excel.updateValueToSheet(excelFilePath, "store", 4, store_name, 9, "Installed"): data.excel.updateValueToSheet is PASSED

2023-02-20 14:18:51 - [MESSAGE][PASSED] - data.excel.updateValueToSheet is PASSED

2023-02-20 14:18:51 - [MESSAGE][PASSED] - Method 'teardownIfPassed' complete successfully]]></system-out>
         <system-err><![CDATA[]]></system-err>
      </testcase>
      <testcase name="Test Cases/Alireview/Install new store free" time="86.823" classname="Test Cases/Alireview/Install new store free" status="FAILED">
         <failure type="FAILED" message="Test Cases/Alireview/Install new store free FAILED.
Reason:
com.kms.katalon.core.exception.StepFailedException: Unable to click on object 'Object Repository/Shopify/div_user_card_name' (Root cause: com.kms.katalon.core.exception.StepFailedException: Unable to click on object 'Object Repository/Shopify/div_user_card_name'
	at com.kms.katalon.core.webui.keyword.internal.WebUIKeywordMain.stepFailed(WebUIKeywordMain.groovy:64)
	at com.kms.katalon.core.webui.keyword.internal.WebUIKeywordMain.runKeyword(WebUIKeywordMain.groovy:26)
	at com.kms.katalon.core.webui.keyword.builtin.ClickKeyword.click(ClickKeyword.groovy:74)
	at com.kms.katalon.core.webui.keyword.builtin.ClickKeyword.execute(ClickKeyword.groovy:40)
	at com.kms.katalon.core.keyword.internal.KeywordExecutor.executeKeywordForPlatform(KeywordExecutor.groovy:74)
	at com.kms.katalon.core.webui.keyword.WebUiBuiltInKeywords.click(WebUiBuiltInKeywords.groovy:608)
	at com.kms.katalon.core.webui.keyword.WebUiBuiltInKeywords$click$5.call(Unknown Source)
	at shopify.store.clickOnShopifyUserCard(store.groovy:126)
	at shopify.store.invokeMethod(store.groovy)
	at com.kms.katalon.core.main.CustomKeywordDelegatingMetaClass.invokeStaticMethod(CustomKeywordDelegatingMetaClass.java:55)
	at Install new store free.run(Install new store free:27)
	at com.kms.katalon.core.main.ScriptEngine.run(ScriptEngine.java:194)
	at com.kms.katalon.core.main.ScriptEngine.runScriptAsRawText(ScriptEngine.java:119)
	at com.kms.katalon.core.main.TestCaseExecutor.runScript(TestCaseExecutor.java:448)
	at com.kms.katalon.core.main.TestCaseExecutor.doExecute(TestCaseExecutor.java:439)
	at com.kms.katalon.core.main.TestCaseExecutor.processExecutionPhase(TestCaseExecutor.java:418)
	at com.kms.katalon.core.main.TestCaseExecutor.accessMainPhase(TestCaseExecutor.java:410)
	at com.kms.katalon.core.main.TestCaseExecutor.execute(TestCaseExecutor.java:285)
	at com.kms.katalon.core.common.CommonExecutor.accessTestCaseMainPhase(CommonExecutor.java:65)
	at com.kms.katalon.core.main.TestSuiteExecutor.accessTestSuiteMainPhase(TestSuiteExecutor.java:151)
	at com.kms.katalon.core.main.TestSuiteExecutor.execute(TestSuiteExecutor.java:106)
	at com.kms.katalon.core.main.TestCaseMain.startTestSuite(TestCaseMain.java:185)
	at com.kms.katalon.core.main.TestCaseMain$startTestSuite$0.call(Unknown Source)
	at TempTestSuite1676876596469.run(TempTestSuite1676876596469.groovy:36)
Caused by: com.kms.katalon.core.webui.exception.WebElementNotFoundException: Web element with id: 'Object Repository/Shopify/div_user_card_name' located by '//*[@class = 'user-card__name']' not found
	at com.kms.katalon.core.webui.common.WebUiCommonHelper.findWebElement(WebUiCommonHelper.java:1370)
	at com.kms.katalon.core.webui.keyword.internal.WebUIAbstractKeyword.findWebElement(WebUIAbstractKeyword.groovy:27)
	at com.kms.katalon.core.webui.keyword.builtin.ClickKeyword$_click_closure1.doCall(ClickKeyword.groovy:65)
	at com.kms.katalon.core.webui.keyword.builtin.ClickKeyword$_click_closure1.call(ClickKeyword.groovy)
	at com.kms.katalon.core.webui.keyword.internal.WebUIKeywordMain.runKeyword(WebUIKeywordMain.groovy:20)
	at com.kms.katalon.core.webui.keyword.builtin.ClickKeyword.click(ClickKeyword.groovy:74)
	at com.kms.katalon.core.webui.keyword.builtin.ClickKeyword.execute(ClickKeyword.groovy:40)
	at com.kms.katalon.core.keyword.internal.KeywordExecutor.executeKeywordForPlatform(KeywordExecutor.groovy:74)
	at com.kms.katalon.core.webui.keyword.WebUiBuiltInKeywords.click(WebUiBuiltInKeywords.groovy:608)
	at com.kms.katalon.core.webui.keyword.WebUiBuiltInKeywords$click$5.call(Unknown Source)
	at shopify.store.clickOnShopifyUserCard(store.groovy:126)
	at shopify.store.invokeMethod(store.groovy)
	at com.kms.katalon.core.main.CustomKeywordDelegatingMetaClass.invokeStaticMethod(CustomKeywordDelegatingMetaClass.java:55)
	at Script1673948457755.run(Script1673948457755.groovy:27)
	... 13 more
)
	at com.kms.katalon.core.keyword.internal.KeywordMain.stepFailed(KeywordMain.groovy:39)
	at com.kms.katalon.core.webui.keyword.internal.WebUIKeywordMain.stepFailed(WebUIKeywordMain.groovy:64)
	at com.kms.katalon.core.webui.keyword.internal.WebUIKeywordMain.runKeyword(WebUIKeywordMain.groovy:26)
	at com.kms.katalon.core.webui.keyword.builtin.ClickKeyword.click(ClickKeyword.groovy:74)
	at com.kms.katalon.core.webui.keyword.builtin.ClickKeyword.execute(ClickKeyword.groovy:40)
	at com.kms.katalon.core.keyword.internal.KeywordExecutor.executeKeywordForPlatform(KeywordExecutor.groovy:74)
	at com.kms.katalon.core.webui.keyword.WebUiBuiltInKeywords.click(WebUiBuiltInKeywords.groovy:608)
	at com.kms.katalon.core.webui.keyword.WebUiBuiltInKeywords$click$5.call(Unknown Source)
	at shopify.store.clickOnShopifyUserCard(store.groovy:126)
	at shopify.store.invokeMethod(store.groovy)
	at com.kms.katalon.core.main.CustomKeywordDelegatingMetaClass.invokeStaticMethod(CustomKeywordDelegatingMetaClass.java:55)
	at Install new store free.run(Install new store free:27)
	at com.kms.katalon.core.main.ScriptEngine.run(ScriptEngine.java:194)
	at com.kms.katalon.core.main.ScriptEngine.runScriptAsRawText(ScriptEngine.java:119)
	at com.kms.katalon.core.main.TestCaseExecutor.runScript(TestCaseExecutor.java:448)
	at com.kms.katalon.core.main.TestCaseExecutor.doExecute(TestCaseExecutor.java:439)
	at com.kms.katalon.core.main.TestCaseExecutor.processExecutionPhase(TestCaseExecutor.java:418)
	at com.kms.katalon.core.main.TestCaseExecutor.accessMainPhase(TestCaseExecutor.java:410)
	at com.kms.katalon.core.main.TestCaseExecutor.execute(TestCaseExecutor.java:285)
	at com.kms.katalon.core.common.CommonExecutor.accessTestCaseMainPhase(CommonExecutor.java:65)
	at com.kms.katalon.core.main.TestSuiteExecutor.accessTestSuiteMainPhase(TestSuiteExecutor.java:151)
	at com.kms.katalon.core.main.TestSuiteExecutor.execute(TestSuiteExecutor.java:106)
	at com.kms.katalon.core.main.TestCaseMain.startTestSuite(TestCaseMain.java:185)
	at com.kms.katalon.core.main.TestCaseMain$startTestSuite$0.call(Unknown Source)
	at TempTestSuite1676876596469.run(TempTestSuite1676876596469.groovy:36)
Caused by: com.kms.katalon.core.exception.StepFailedException: Unable to click on object 'Object Repository/Shopify/div_user_card_name'
	... 24 more
Caused by: com.kms.katalon.core.webui.exception.WebElementNotFoundException: Web element with id: 'Object Repository/Shopify/div_user_card_name' located by '//*[@class = 'user-card__name']' not found
	at com.kms.katalon.core.webui.common.WebUiCommonHelper.findWebElement(WebUiCommonHelper.java:1370)
	at com.kms.katalon.core.webui.keyword.internal.WebUIAbstractKeyword.findWebElement(WebUIAbstractKeyword.groovy:27)
	at com.kms.katalon.core.webui.keyword.builtin.ClickKeyword$_click_closure1.doCall(ClickKeyword.groovy:65)
	at com.kms.katalon.core.webui.keyword.builtin.ClickKeyword$_click_closure1.call(ClickKeyword.groovy)
	at com.kms.katalon.core.webui.keyword.internal.WebUIKeywordMain.runKeyword(WebUIKeywordMain.groovy:20)
	... 22 more
"/>
         <system-out><![CDATA[2023-02-20 14:18:51 - [TEST_CASE][FAILED] - Test Cases/Alireview/Install new store free: Test Cases/Alireview/Install new store free FAILED.
Reason:
com.kms.katalon.core.exception.StepFailedException: Unable to click on object 'Object Repository/Shopify/div_user_card_name' (Root cause: com.kms.katalon.core.exception.StepFailedException: Unable to click on object 'Object Repository/Shopify/div_user_card_name'
	at com.kms.katalon.core.webui.keyword.internal.WebUIKeywordMain.stepFailed(WebUIKeywordMain.groovy:64)
	at com.kms.katalon.core.webui.keyword.internal.WebUIKeywordMain.runKeyword(WebUIKeywordMain.groovy:26)
	at com.kms.katalon.core.webui.keyword.builtin.ClickKeyword.click(ClickKeyword.groovy:74)
	at com.kms.katalon.core.webui.keyword.builtin.ClickKeyword.execute(ClickKeyword.groovy:40)
	at com.kms.katalon.core.keyword.internal.KeywordExecutor.executeKeywordForPlatform(KeywordExecutor.groovy:74)
	at com.kms.katalon.core.webui.keyword.WebUiBuiltInKeywords.click(WebUiBuiltInKeywords.groovy:608)
	at com.kms.katalon.core.webui.keyword.WebUiBuiltInKeywords$click$5.call(Unknown Source)
	at shopify.store.clickOnShopifyUserCard(store.groovy:126)
	at shopify.store.invokeMethod(store.groovy)
	at com.kms.katalon.core.main.CustomKeywordDelegatingMetaClass.invokeStaticMethod(CustomKeywordDelegatingMetaClass.java:55)
	at Install new store free.run(Install new store free:27)
	at com.kms.katalon.core.main.ScriptEngine.run(ScriptEngine.java:194)
	at com.kms.katalon.core.main.ScriptEngine.runScriptAsRawText(ScriptEngine.java:119)
	at com.kms.katalon.core.main.TestCaseExecutor.runScript(TestCaseExecutor.java:448)
	at com.kms.katalon.core.main.TestCaseExecutor.doExecute(TestCaseExecutor.java:439)
	at com.kms.katalon.core.main.TestCaseExecutor.processExecutionPhase(TestCaseExecutor.java:418)
	at com.kms.katalon.core.main.TestCaseExecutor.accessMainPhase(TestCaseExecutor.java:410)
	at com.kms.katalon.core.main.TestCaseExecutor.execute(TestCaseExecutor.java:285)
	at com.kms.katalon.core.common.CommonExecutor.accessTestCaseMainPhase(CommonExecutor.java:65)
	at com.kms.katalon.core.main.TestSuiteExecutor.accessTestSuiteMainPhase(TestSuiteExecutor.java:151)
	at com.kms.katalon.core.main.TestSuiteExecutor.execute(TestSuiteExecutor.java:106)
	at com.kms.katalon.core.main.TestCaseMain.startTestSuite(TestCaseMain.java:185)
	at com.kms.katalon.core.main.TestCaseMain$startTestSuite$0.call(Unknown Source)
	at TempTestSuite1676876596469.run(TempTestSuite1676876596469.groovy:36)
Caused by: com.kms.katalon.core.webui.exception.WebElementNotFoundException: Web element with id: 'Object Repository/Shopify/div_user_card_name' located by '//*[@class = 'user-card__name']' not found
	at com.kms.katalon.core.webui.common.WebUiCommonHelper.findWebElement(WebUiCommonHelper.java:1370)
	at com.kms.katalon.core.webui.keyword.internal.WebUIAbstractKeyword.findWebElement(WebUIAbstractKeyword.groovy:27)
	at com.kms.katalon.core.webui.keyword.builtin.ClickKeyword$_click_closure1.doCall(ClickKeyword.groovy:65)
	at com.kms.katalon.core.webui.keyword.builtin.ClickKeyword$_click_closure1.call(ClickKeyword.groovy)
	at com.kms.katalon.core.webui.keyword.internal.WebUIKeywordMain.runKeyword(WebUIKeywordMain.groovy:20)
	at com.kms.katalon.core.webui.keyword.builtin.ClickKeyword.click(ClickKeyword.groovy:74)
	at com.kms.katalon.core.webui.keyword.builtin.ClickKeyword.execute(ClickKeyword.groovy:40)
	at com.kms.katalon.core.keyword.internal.KeywordExecutor.executeKeywordForPlatform(KeywordExecutor.groovy:74)
	at com.kms.katalon.core.webui.keyword.WebUiBuiltInKeywords.click(WebUiBuiltInKeywords.groovy:608)
	at com.kms.katalon.core.webui.keyword.WebUiBuiltInKeywords$click$5.call(Unknown Source)
	at shopify.store.clickOnShopifyUserCard(store.groovy:126)
	at shopify.store.invokeMethod(store.groovy)
	at com.kms.katalon.core.main.CustomKeywordDelegatingMetaClass.invokeStaticMethod(CustomKeywordDelegatingMetaClass.java:55)
	at Script1673948457755.run(Script1673948457755.groovy:27)
	... 13 more
)
	at com.kms.katalon.core.keyword.internal.KeywordMain.stepFailed(KeywordMain.groovy:39)
	at com.kms.katalon.core.webui.keyword.internal.WebUIKeywordMain.stepFailed(WebUIKeywordMain.groovy:64)
	at com.kms.katalon.core.webui.keyword.internal.WebUIKeywordMain.runKeyword(WebUIKeywordMain.groovy:26)
	at com.kms.katalon.core.webui.keyword.builtin.ClickKeyword.click(ClickKeyword.groovy:74)
	at com.kms.katalon.core.webui.keyword.builtin.ClickKeyword.execute(ClickKeyword.groovy:40)
	at com.kms.katalon.core.keyword.internal.KeywordExecutor.executeKeywordForPlatform(KeywordExecutor.groovy:74)
	at com.kms.katalon.core.webui.keyword.WebUiBuiltInKeywords.click(WebUiBuiltInKeywords.groovy:608)
	at com.kms.katalon.core.webui.keyword.WebUiBuiltInKeywords$click$5.call(Unknown Source)
	at shopify.store.clickOnShopifyUserCard(store.groovy:126)
	at shopify.store.invokeMethod(store.groovy)
	at com.kms.katalon.core.main.CustomKeywordDelegatingMetaClass.invokeStaticMethod(CustomKeywordDelegatingMetaClass.java:55)
	at Install new store free.run(Install new store free:27)
	at com.kms.katalon.core.main.ScriptEngine.run(ScriptEngine.java:194)
	at com.kms.katalon.core.main.ScriptEngine.runScriptAsRawText(ScriptEngine.java:119)
	at com.kms.katalon.core.main.TestCaseExecutor.runScript(TestCaseExecutor.java:448)
	at com.kms.katalon.core.main.TestCaseExecutor.doExecute(TestCaseExecutor.java:439)
	at com.kms.katalon.core.main.TestCaseExecutor.processExecutionPhase(TestCaseExecutor.java:418)
	at com.kms.katalon.core.main.TestCaseExecutor.accessMainPhase(TestCaseExecutor.java:410)
	at com.kms.katalon.core.main.TestCaseExecutor.execute(TestCaseExecutor.java:285)
	at com.kms.katalon.core.common.CommonExecutor.accessTestCaseMainPhase(CommonExecutor.java:65)
	at com.kms.katalon.core.main.TestSuiteExecutor.accessTestSuiteMainPhase(TestSuiteExecutor.java:151)
	at com.kms.katalon.core.main.TestSuiteExecutor.execute(TestSuiteExecutor.java:106)
	at com.kms.katalon.core.main.TestCaseMain.startTestSuite(TestCaseMain.java:185)
	at com.kms.katalon.core.main.TestCaseMain$startTestSuite$0.call(Unknown Source)
	at TempTestSuite1676876596469.run(TempTestSuite1676876596469.groovy:36)
Caused by: com.kms.katalon.core.exception.StepFailedException: Unable to click on object 'Object Repository/Shopify/div_user_card_name'
	... 24 more
Caused by: com.kms.katalon.core.webui.exception.WebElementNotFoundException: Web element with id: 'Object Repository/Shopify/div_user_card_name' located by '//*[@class = 'user-card__name']' not found
	at com.kms.katalon.core.webui.common.WebUiCommonHelper.findWebElement(WebUiCommonHelper.java:1370)
	at com.kms.katalon.core.webui.keyword.internal.WebUIAbstractKeyword.findWebElement(WebUIAbstractKeyword.groovy:27)
	at com.kms.katalon.core.webui.keyword.builtin.ClickKeyword$_click_closure1.doCall(ClickKeyword.groovy:65)
	at com.kms.katalon.core.webui.keyword.builtin.ClickKeyword$_click_closure1.call(ClickKeyword.groovy)
	at com.kms.katalon.core.webui.keyword.internal.WebUIKeywordMain.runKeyword(WebUIKeywordMain.groovy:20)
	... 22 more


2023-02-20 14:18:51 - [TEST_STEP][PASSED] - Start listener action : skipStatus: null

2023-02-20 14:18:51 - [TEST_STEP][PASSED] - map = testCaseContext.getTestCaseVariables(): null

2023-02-20 14:18:51 - [TEST_STEP][PASSED] - testcae_status = map.get("testcase_status"): null

2023-02-20 14:18:51 - [TEST_STEP][PASSED] - println(testcae_status): null

2023-02-20 14:18:51 - [TEST_STEP][PASSED] - if (testcae_status == "Passed" || testcae_status == "Failed"): null

2023-02-20 14:18:51 - [TEST_STEP][PASSED] - openBrowser(""): Browser is opened with url: ''

2023-02-20 14:18:51 - [MESSAGE][WARNING] - A browser is already opened. Closing browser and opening a new one

2023-02-20 14:18:52 - [MESSAGE][INFO] - Starting 'Chrome' driver

2023-02-20 14:18:52 - [MESSAGE][INFO] - Action delay is set to 0 milliseconds

2023-02-20 14:18:53 - [MESSAGE][PASSED] - Browser is opened with url: ''

2023-02-20 14:18:53 - [TEST_STEP][PASSED] - maximizeWindow(): Current window maximized

2023-02-20 14:18:53 - [MESSAGE][PASSED] - Current window maximized

2023-02-20 14:18:53 - [TEST_STEP][PASSED] - shopify.store.loginToStoreAdmin(partner_email, partner_password, store_name): shopify.store.loginToStoreAdmin is PASSED

2023-02-20 14:18:58 - [MESSAGE][PASSED] - Navigate to 'http://huynh-ar-stag-2352.myshopify.com/admin' successfully

2023-02-20 14:18:58 - [MESSAGE][PASSED] - Text 'huynh@firegroup.io' is set on object 'Object Repository/Shopify/input_email_shopify'

2023-02-20 14:19:01 - [MESSAGE][PASSED] - Object: 'Object Repository/Shopify/btn_continue_with_email' is clicked on

2023-02-20 14:19:03 - [MESSAGE][PASSED] - Text ****** has been set on object 'Object Repository/Shopify/input_password_shopify'

2023-02-20 14:19:26 - [MESSAGE][PASSED] - Object: 'Object Repository/Shopify/btn_login' is clicked on

2023-02-20 14:19:26 - [MESSAGE][PASSED] - shopify.store.loginToStoreAdmin is PASSED

2023-02-20 14:19:26 - [TEST_STEP][PASSED] - alireview.install.inputRawDomain(store_name, host): alireview.install.inputRawDomain is PASSED

2023-02-20 14:19:37 - [MESSAGE][PASSED] - Navigate to 'https://ar-app-staging.fireapps.tech/' successfully

2023-02-20 14:19:37 - [MESSAGE][PASSED] - Text 'huynh-ar-stag-2352' is set on object 'Object Repository/Alireview/input_shop'

2023-02-20 14:19:40 - [MESSAGE][PASSED] - Object: 'Object Repository/Alireview/btn_login' is clicked on

2023-02-20 14:19:40 - [MESSAGE][PASSED] - alireview.install.inputRawDomain is PASSED

2023-02-20 14:19:40 - [TEST_STEP][PASSED] - alireview.install.installStep1(): alireview.install.installStep1 is PASSED

2023-02-20 14:19:44 - [MESSAGE][PASSED] - Object: 'Object Repository/Shopify Install App/btn_install_step1' is clicked on

2023-02-20 14:19:44 - [MESSAGE][PASSED] - alireview.install.installStep1 is PASSED

2023-02-20 14:19:44 - [TEST_STEP][FAILED] - shopify.store.clickOnShopifyUserCard(): com.kms.katalon.core.exception.StepFailedException: Unable to click on object 'Object Repository/Shopify/div_user_card_name' (Root cause: com.kms.katalon.core.exception.StepFailedException: Unable to click on object 'Object Repository/Shopify/div_user_card_name'
	at com.kms.katalon.core.webui.keyword.internal.WebUIKeywordMain.stepFailed(WebUIKeywordMain.groovy:64)
	at com.kms.katalon.core.webui.keyword.internal.WebUIKeywordMain.runKeyword(WebUIKeywordMain.groovy:26)
	at com.kms.katalon.core.webui.keyword.builtin.ClickKeyword.click(ClickKeyword.groovy:74)
	at com.kms.katalon.core.webui.keyword.builtin.ClickKeyword.execute(ClickKeyword.groovy:40)
	at com.kms.katalon.core.keyword.internal.KeywordExecutor.executeKeywordForPlatform(KeywordExecutor.groovy:74)
	at com.kms.katalon.core.webui.keyword.WebUiBuiltInKeywords.click(WebUiBuiltInKeywords.groovy:608)
	at com.kms.katalon.core.webui.keyword.WebUiBuiltInKeywords$click$5.call(Unknown Source)
	at shopify.store.clickOnShopifyUserCard(store.groovy:126)
	at shopify.store.invokeMethod(store.groovy)
	at com.kms.katalon.core.main.CustomKeywordDelegatingMetaClass.invokeStaticMethod(CustomKeywordDelegatingMetaClass.java:55)
	at Install new store free.run(Install new store free:27)
	at com.kms.katalon.core.main.ScriptEngine.run(ScriptEngine.java:194)
	at com.kms.katalon.core.main.ScriptEngine.runScriptAsRawText(ScriptEngine.java:119)
	at com.kms.katalon.core.main.TestCaseExecutor.runScript(TestCaseExecutor.java:448)
	at com.kms.katalon.core.main.TestCaseExecutor.doExecute(TestCaseExecutor.java:439)
	at com.kms.katalon.core.main.TestCaseExecutor.processExecutionPhase(TestCaseExecutor.java:418)
	at com.kms.katalon.core.main.TestCaseExecutor.accessMainPhase(TestCaseExecutor.java:410)
	at com.kms.katalon.core.main.TestCaseExecutor.execute(TestCaseExecutor.java:285)
	at com.kms.katalon.core.common.CommonExecutor.accessTestCaseMainPhase(CommonExecutor.java:65)
	at com.kms.katalon.core.main.TestSuiteExecutor.accessTestSuiteMainPhase(TestSuiteExecutor.java:151)
	at com.kms.katalon.core.main.TestSuiteExecutor.execute(TestSuiteExecutor.java:106)
	at com.kms.katalon.core.main.TestCaseMain.startTestSuite(TestCaseMain.java:185)
	at com.kms.katalon.core.main.TestCaseMain$startTestSuite$0.call(Unknown Source)
	at TempTestSuite1676876596469.run(TempTestSuite1676876596469.groovy:36)
Caused by: com.kms.katalon.core.webui.exception.WebElementNotFoundException: Web element with id: 'Object Repository/Shopify/div_user_card_name' located by '//*[@class = 'user-card__name']' not found
	at com.kms.katalon.core.webui.common.WebUiCommonHelper.findWebElement(WebUiCommonHelper.java:1370)
	at com.kms.katalon.core.webui.keyword.internal.WebUIAbstractKeyword.findWebElement(WebUIAbstractKeyword.groovy:27)
	at com.kms.katalon.core.webui.keyword.builtin.ClickKeyword$_click_closure1.doCall(ClickKeyword.groovy:65)
	at com.kms.katalon.core.webui.keyword.builtin.ClickKeyword$_click_closure1.call(ClickKeyword.groovy)
	at com.kms.katalon.core.webui.keyword.internal.WebUIKeywordMain.runKeyword(WebUIKeywordMain.groovy:20)
	at com.kms.katalon.core.webui.keyword.builtin.ClickKeyword.click(ClickKeyword.groovy:74)
	at com.kms.katalon.core.webui.keyword.builtin.ClickKeyword.execute(ClickKeyword.groovy:40)
	at com.kms.katalon.core.keyword.internal.KeywordExecutor.executeKeywordForPlatform(KeywordExecutor.groovy:74)
	at com.kms.katalon.core.webui.keyword.WebUiBuiltInKeywords.click(WebUiBuiltInKeywords.groovy:608)
	at com.kms.katalon.core.webui.keyword.WebUiBuiltInKeywords$click$5.call(Unknown Source)
	at shopify.store.clickOnShopifyUserCard(store.groovy:126)
	at shopify.store.invokeMethod(store.groovy)
	at com.kms.katalon.core.main.CustomKeywordDelegatingMetaClass.invokeStaticMethod(CustomKeywordDelegatingMetaClass.java:55)
	at Script1673948457755.run(Script1673948457755.groovy:27)
	... 13 more
)

2023-02-20 14:20:15 - [MESSAGE][INFO] - Unable to find the element located by 'By.xpath: //*[@class = 'user-card__name']'. Please recheck the objects properties to make sure the desired element is located. 

2023-02-20 14:20:15 - [MESSAGE][WARNING] - [SELF-HEALING] Failed to find element with id 'Object Repository/Shopify/div_user_card_name'. Try using Self-healing.

2023-02-20 14:20:15 - [MESSAGE][WARNING] - [SELF-HEALING] Cannot find elements when the XPath is null.

2023-02-20 14:20:15 - [MESSAGE][WARNING] - [SELF-HEALING] Cannot find elements when the selector is null

2023-02-20 14:20:16 - [MESSAGE][FAILED] - Unable to click on object 'Object Repository/Shopify/div_user_card_name' (Root cause: com.kms.katalon.core.exception.StepFailedException: Unable to click on object 'Object Repository/Shopify/div_user_card_name'
	at com.kms.katalon.core.webui.keyword.internal.WebUIKeywordMain.stepFailed(WebUIKeywordMain.groovy:64)
	at com.kms.katalon.core.webui.keyword.internal.WebUIKeywordMain.runKeyword(WebUIKeywordMain.groovy:26)
	at com.kms.katalon.core.webui.keyword.builtin.ClickKeyword.click(ClickKeyword.groovy:74)
	at com.kms.katalon.core.webui.keyword.builtin.ClickKeyword.execute(ClickKeyword.groovy:40)
	at com.kms.katalon.core.keyword.internal.KeywordExecutor.executeKeywordForPlatform(KeywordExecutor.groovy:74)
	at com.kms.katalon.core.webui.keyword.WebUiBuiltInKeywords.click(WebUiBuiltInKeywords.groovy:608)
	at com.kms.katalon.core.webui.keyword.WebUiBuiltInKeywords$click$5.call(Unknown Source)
	at shopify.store.clickOnShopifyUserCard(store.groovy:126)
	at shopify.store.invokeMethod(store.groovy)
	at com.kms.katalon.core.main.CustomKeywordDelegatingMetaClass.invokeStaticMethod(CustomKeywordDelegatingMetaClass.java:55)
	at Install new store free.run(Install new store free:27)
	at com.kms.katalon.core.main.ScriptEngine.run(ScriptEngine.java:194)
	at com.kms.katalon.core.main.ScriptEngine.runScriptAsRawText(ScriptEngine.java:119)
	at com.kms.katalon.core.main.TestCaseExecutor.runScript(TestCaseExecutor.java:448)
	at com.kms.katalon.core.main.TestCaseExecutor.doExecute(TestCaseExecutor.java:439)
	at com.kms.katalon.core.main.TestCaseExecutor.processExecutionPhase(TestCaseExecutor.java:418)
	at com.kms.katalon.core.main.TestCaseExecutor.accessMainPhase(TestCaseExecutor.java:410)
	at com.kms.katalon.core.main.TestCaseExecutor.execute(TestCaseExecutor.java:285)
	at com.kms.katalon.core.common.CommonExecutor.accessTestCaseMainPhase(CommonExecutor.java:65)
	at com.kms.katalon.core.main.TestSuiteExecutor.accessTestSuiteMainPhase(TestSuiteExecutor.java:151)
	at com.kms.katalon.core.main.TestSuiteExecutor.execute(TestSuiteExecutor.java:106)
	at com.kms.katalon.core.main.TestCaseMain.startTestSuite(TestCaseMain.java:185)
	at com.kms.katalon.core.main.TestCaseMain$startTestSuite$0.call(Unknown Source)
	at TempTestSuite1676876596469.run(TempTestSuite1676876596469.groovy:36)
Caused by: com.kms.katalon.core.webui.exception.WebElementNotFoundException: Web element with id: 'Object Repository/Shopify/div_user_card_name' located by '//*[@class = 'user-card__name']' not found
	at com.kms.katalon.core.webui.common.WebUiCommonHelper.findWebElement(WebUiCommonHelper.java:1370)
	at com.kms.katalon.core.webui.keyword.internal.WebUIAbstractKeyword.findWebElement(WebUIAbstractKeyword.groovy:27)
	at com.kms.katalon.core.webui.keyword.builtin.ClickKeyword$_click_closure1.doCall(ClickKeyword.groovy:65)
	at com.kms.katalon.core.webui.keyword.builtin.ClickKeyword$_click_closure1.call(ClickKeyword.groovy)
	at com.kms.katalon.core.webui.keyword.internal.WebUIKeywordMain.runKeyword(WebUIKeywordMain.groovy:20)
	at com.kms.katalon.core.webui.keyword.builtin.ClickKeyword.click(ClickKeyword.groovy:74)
	at com.kms.katalon.core.webui.keyword.builtin.ClickKeyword.execute(ClickKeyword.groovy:40)
	at com.kms.katalon.core.keyword.internal.KeywordExecutor.executeKeywordForPlatform(KeywordExecutor.groovy:74)
	at com.kms.katalon.core.webui.keyword.WebUiBuiltInKeywords.click(WebUiBuiltInKeywords.groovy:608)
	at com.kms.katalon.core.webui.keyword.WebUiBuiltInKeywords$click$5.call(Unknown Source)
	at shopify.store.clickOnShopifyUserCard(store.groovy:126)
	at shopify.store.invokeMethod(store.groovy)
	at com.kms.katalon.core.main.CustomKeywordDelegatingMetaClass.invokeStaticMethod(CustomKeywordDelegatingMetaClass.java:55)
	at Script1673948457755.run(Script1673948457755.groovy:27)
	... 13 more
)
[[ATTACHMENT|C:\\Users\\huynh\\Documents\\Socialhead\\Automation\\Katalon project\\CreateStore\\CreateStore\\Reports\\20230220_140316\\Alireview\\Install Store Free\\20230220_140316\\1676877615963.png]]

2023-02-20 14:20:16 - [MESSAGE][FAILED] - com.kms.katalon.core.exception.StepFailedException: Unable to click on object 'Object Repository/Shopify/div_user_card_name' (Root cause: com.kms.katalon.core.exception.StepFailedException: Unable to click on object 'Object Repository/Shopify/div_user_card_name'
	at com.kms.katalon.core.webui.keyword.internal.WebUIKeywordMain.stepFailed(WebUIKeywordMain.groovy:64)
	at com.kms.katalon.core.webui.keyword.internal.WebUIKeywordMain.runKeyword(WebUIKeywordMain.groovy:26)
	at com.kms.katalon.core.webui.keyword.builtin.ClickKeyword.click(ClickKeyword.groovy:74)
	at com.kms.katalon.core.webui.keyword.builtin.ClickKeyword.execute(ClickKeyword.groovy:40)
	at com.kms.katalon.core.keyword.internal.KeywordExecutor.executeKeywordForPlatform(KeywordExecutor.groovy:74)
	at com.kms.katalon.core.webui.keyword.WebUiBuiltInKeywords.click(WebUiBuiltInKeywords.groovy:608)
	at com.kms.katalon.core.webui.keyword.WebUiBuiltInKeywords$click$5.call(Unknown Source)
	at shopify.store.clickOnShopifyUserCard(store.groovy:126)
	at shopify.store.invokeMethod(store.groovy)
	at com.kms.katalon.core.main.CustomKeywordDelegatingMetaClass.invokeStaticMethod(CustomKeywordDelegatingMetaClass.java:55)
	at Install new store free.run(Install new store free:27)
	at com.kms.katalon.core.main.ScriptEngine.run(ScriptEngine.java:194)
	at com.kms.katalon.core.main.ScriptEngine.runScriptAsRawText(ScriptEngine.java:119)
	at com.kms.katalon.core.main.TestCaseExecutor.runScript(TestCaseExecutor.java:448)
	at com.kms.katalon.core.main.TestCaseExecutor.doExecute(TestCaseExecutor.java:439)
	at com.kms.katalon.core.main.TestCaseExecutor.processExecutionPhase(TestCaseExecutor.java:418)
	at com.kms.katalon.core.main.TestCaseExecutor.accessMainPhase(TestCaseExecutor.java:410)
	at com.kms.katalon.core.main.TestCaseExecutor.execute(TestCaseExecutor.java:285)
	at com.kms.katalon.core.common.CommonExecutor.accessTestCaseMainPhase(CommonExecutor.java:65)
	at com.kms.katalon.core.main.TestSuiteExecutor.accessTestSuiteMainPhase(TestSuiteExecutor.java:151)
	at com.kms.katalon.core.main.TestSuiteExecutor.execute(TestSuiteExecutor.java:106)
	at com.kms.katalon.core.main.TestCaseMain.startTestSuite(TestCaseMain.java:185)
	at com.kms.katalon.core.main.TestCaseMain$startTestSuite$0.call(Unknown Source)
	at TempTestSuite1676876596469.run(TempTestSuite1676876596469.groovy:36)
Caused by: com.kms.katalon.core.webui.exception.WebElementNotFoundException: Web element with id: 'Object Repository/Shopify/div_user_card_name' located by '//*[@class = 'user-card__name']' not found
	at com.kms.katalon.core.webui.common.WebUiCommonHelper.findWebElement(WebUiCommonHelper.java:1370)
	at com.kms.katalon.core.webui.keyword.internal.WebUIAbstractKeyword.findWebElement(WebUIAbstractKeyword.groovy:27)
	at com.kms.katalon.core.webui.keyword.builtin.ClickKeyword$_click_closure1.doCall(ClickKeyword.groovy:65)
	at com.kms.katalon.core.webui.keyword.builtin.ClickKeyword$_click_closure1.call(ClickKeyword.groovy)
	at com.kms.katalon.core.webui.keyword.internal.WebUIKeywordMain.runKeyword(WebUIKeywordMain.groovy:20)
	at com.kms.katalon.core.webui.keyword.builtin.ClickKeyword.click(ClickKeyword.groovy:74)
	at com.kms.katalon.core.webui.keyword.builtin.ClickKeyword.execute(ClickKeyword.groovy:40)
	at com.kms.katalon.core.keyword.internal.KeywordExecutor.executeKeywordForPlatform(KeywordExecutor.groovy:74)
	at com.kms.katalon.core.webui.keyword.WebUiBuiltInKeywords.click(WebUiBuiltInKeywords.groovy:608)
	at com.kms.katalon.core.webui.keyword.WebUiBuiltInKeywords$click$5.call(Unknown Source)
	at shopify.store.clickOnShopifyUserCard(store.groovy:126)
	at shopify.store.invokeMethod(store.groovy)
	at com.kms.katalon.core.main.CustomKeywordDelegatingMetaClass.invokeStaticMethod(CustomKeywordDelegatingMetaClass.java:55)
	at Script1673948457755.run(Script1673948457755.groovy:27)
	... 13 more
)

2023-02-20 14:20:16 - [TEST_STEP][PASSED] - alireview.install.onboardingSelectColor(color): alireview.install.onboardingSelectColor is PASSED

2023-02-20 14:20:16 - [MESSAGE][PASSED] - Text '#C75757' is set on object 'Object Repository/Alireview/input_color'

2023-02-20 14:20:16 - [MESSAGE][PASSED] - alireview.install.onboardingSelectColor is PASSED

2023-02-20 14:20:16 - [TEST_STEP][PASSED] - alireview.install.onboardingSelectStyle(layout_type): alireview.install.onboardingSelectStyle is PASSED

2023-02-20 14:20:17 - [MESSAGE][PASSED] - Object: 'Object Repository/Alireview/label_grid_onboarding' is clicked on

2023-02-20 14:20:17 - [MESSAGE][PASSED] - alireview.install.onboardingSelectStyle is PASSED

2023-02-20 14:20:17 - [TEST_STEP][PASSED] - alireview.install.onboardingNext(): alireview.install.onboardingNext is PASSED

2023-02-20 14:20:17 - [MESSAGE][PASSED] - Object: 'Object Repository/Alireview/btn_next_onboarding' is clicked on

2023-02-20 14:20:17 - [MESSAGE][PASSED] - alireview.install.onboardingNext is PASSED

2023-02-20 14:20:17 - [TEST_STEP][PASSED] - alireview.install.clickGetStartOnboarding(): alireview.install.clickGetStartOnboarding is PASSED

2023-02-20 14:20:18 - [MESSAGE][PASSED] - Object: 'Object Repository/Alireview/btn_get_start_onboarding' is clicked on

2023-02-20 14:20:18 - [MESSAGE][PASSED] - alireview.install.clickGetStartOnboarding is PASSED

2023-02-20 14:20:18 - [TEST_STEP][PASSED] - Start tear down : teardownIfFailed: Method 'teardownIfFailed' complete successfully

2023-02-20 14:20:18 - [TEST_STEP][PASSED] - excelFilePath = "Data Files\storefree3_install app stag.xlsx": null

2023-02-20 14:20:18 - [TEST_STEP][PASSED] - data.excel.updateValueToSheet(excelFilePath, "store", 4, store_name, 9, "Not install"): data.excel.updateValueToSheet is PASSED

2023-02-20 14:20:18 - [MESSAGE][PASSED] - data.excel.updateValueToSheet is PASSED

2023-02-20 14:20:18 - [MESSAGE][PASSED] - Method 'teardownIfFailed' complete successfully]]></system-out>
         <system-err><![CDATA[2023-02-20 14:18:51 - [TEST_CASE][FAILED] - Test Cases/Alireview/Install new store free: Test Cases/Alireview/Install new store free FAILED.
Reason:
com.kms.katalon.core.exception.StepFailedException: Unable to click on object 'Object Repository/Shopify/div_user_card_name' (Root cause: com.kms.katalon.core.exception.StepFailedException: Unable to click on object 'Object Repository/Shopify/div_user_card_name'
	at com.kms.katalon.core.webui.keyword.internal.WebUIKeywordMain.stepFailed(WebUIKeywordMain.groovy:64)
	at com.kms.katalon.core.webui.keyword.internal.WebUIKeywordMain.runKeyword(WebUIKeywordMain.groovy:26)
	at com.kms.katalon.core.webui.keyword.builtin.ClickKeyword.click(ClickKeyword.groovy:74)
	at com.kms.katalon.core.webui.keyword.builtin.ClickKeyword.execute(ClickKeyword.groovy:40)
	at com.kms.katalon.core.keyword.internal.KeywordExecutor.executeKeywordForPlatform(KeywordExecutor.groovy:74)
	at com.kms.katalon.core.webui.keyword.WebUiBuiltInKeywords.click(WebUiBuiltInKeywords.groovy:608)
	at com.kms.katalon.core.webui.keyword.WebUiBuiltInKeywords$click$5.call(Unknown Source)
	at shopify.store.clickOnShopifyUserCard(store.groovy:126)
	at shopify.store.invokeMethod(store.groovy)
	at com.kms.katalon.core.main.CustomKeywordDelegatingMetaClass.invokeStaticMethod(CustomKeywordDelegatingMetaClass.java:55)
	at Install new store free.run(Install new store free:27)
	at com.kms.katalon.core.main.ScriptEngine.run(ScriptEngine.java:194)
	at com.kms.katalon.core.main.ScriptEngine.runScriptAsRawText(ScriptEngine.java:119)
	at com.kms.katalon.core.main.TestCaseExecutor.runScript(TestCaseExecutor.java:448)
	at com.kms.katalon.core.main.TestCaseExecutor.doExecute(TestCaseExecutor.java:439)
	at com.kms.katalon.core.main.TestCaseExecutor.processExecutionPhase(TestCaseExecutor.java:418)
	at com.kms.katalon.core.main.TestCaseExecutor.accessMainPhase(TestCaseExecutor.java:410)
	at com.kms.katalon.core.main.TestCaseExecutor.execute(TestCaseExecutor.java:285)
	at com.kms.katalon.core.common.CommonExecutor.accessTestCaseMainPhase(CommonExecutor.java:65)
	at com.kms.katalon.core.main.TestSuiteExecutor.accessTestSuiteMainPhase(TestSuiteExecutor.java:151)
	at com.kms.katalon.core.main.TestSuiteExecutor.execute(TestSuiteExecutor.java:106)
	at com.kms.katalon.core.main.TestCaseMain.startTestSuite(TestCaseMain.java:185)
	at com.kms.katalon.core.main.TestCaseMain$startTestSuite$0.call(Unknown Source)
	at TempTestSuite1676876596469.run(TempTestSuite1676876596469.groovy:36)
Caused by: com.kms.katalon.core.webui.exception.WebElementNotFoundException: Web element with id: 'Object Repository/Shopify/div_user_card_name' located by '//*[@class = 'user-card__name']' not found
	at com.kms.katalon.core.webui.common.WebUiCommonHelper.findWebElement(WebUiCommonHelper.java:1370)
	at com.kms.katalon.core.webui.keyword.internal.WebUIAbstractKeyword.findWebElement(WebUIAbstractKeyword.groovy:27)
	at com.kms.katalon.core.webui.keyword.builtin.ClickKeyword$_click_closure1.doCall(ClickKeyword.groovy:65)
	at com.kms.katalon.core.webui.keyword.builtin.ClickKeyword$_click_closure1.call(ClickKeyword.groovy)
	at com.kms.katalon.core.webui.keyword.internal.WebUIKeywordMain.runKeyword(WebUIKeywordMain.groovy:20)
	at com.kms.katalon.core.webui.keyword.builtin.ClickKeyword.click(ClickKeyword.groovy:74)
	at com.kms.katalon.core.webui.keyword.builtin.ClickKeyword.execute(ClickKeyword.groovy:40)
	at com.kms.katalon.core.keyword.internal.KeywordExecutor.executeKeywordForPlatform(KeywordExecutor.groovy:74)
	at com.kms.katalon.core.webui.keyword.WebUiBuiltInKeywords.click(WebUiBuiltInKeywords.groovy:608)
	at com.kms.katalon.core.webui.keyword.WebUiBuiltInKeywords$click$5.call(Unknown Source)
	at shopify.store.clickOnShopifyUserCard(store.groovy:126)
	at shopify.store.invokeMethod(store.groovy)
	at com.kms.katalon.core.main.CustomKeywordDelegatingMetaClass.invokeStaticMethod(CustomKeywordDelegatingMetaClass.java:55)
	at Script1673948457755.run(Script1673948457755.groovy:27)
	... 13 more
)
	at com.kms.katalon.core.keyword.internal.KeywordMain.stepFailed(KeywordMain.groovy:39)
	at com.kms.katalon.core.webui.keyword.internal.WebUIKeywordMain.stepFailed(WebUIKeywordMain.groovy:64)
	at com.kms.katalon.core.webui.keyword.internal.WebUIKeywordMain.runKeyword(WebUIKeywordMain.groovy:26)
	at com.kms.katalon.core.webui.keyword.builtin.ClickKeyword.click(ClickKeyword.groovy:74)
	at com.kms.katalon.core.webui.keyword.builtin.ClickKeyword.execute(ClickKeyword.groovy:40)
	at com.kms.katalon.core.keyword.internal.KeywordExecutor.executeKeywordForPlatform(KeywordExecutor.groovy:74)
	at com.kms.katalon.core.webui.keyword.WebUiBuiltInKeywords.click(WebUiBuiltInKeywords.groovy:608)
	at com.kms.katalon.core.webui.keyword.WebUiBuiltInKeywords$click$5.call(Unknown Source)
	at shopify.store.clickOnShopifyUserCard(store.groovy:126)
	at shopify.store.invokeMethod(store.groovy)
	at com.kms.katalon.core.main.CustomKeywordDelegatingMetaClass.invokeStaticMethod(CustomKeywordDelegatingMetaClass.java:55)
	at Install new store free.run(Install new store free:27)
	at com.kms.katalon.core.main.ScriptEngine.run(ScriptEngine.java:194)
	at com.kms.katalon.core.main.ScriptEngine.runScriptAsRawText(ScriptEngine.java:119)
	at com.kms.katalon.core.main.TestCaseExecutor.runScript(TestCaseExecutor.java:448)
	at com.kms.katalon.core.main.TestCaseExecutor.doExecute(TestCaseExecutor.java:439)
	at com.kms.katalon.core.main.TestCaseExecutor.processExecutionPhase(TestCaseExecutor.java:418)
	at com.kms.katalon.core.main.TestCaseExecutor.accessMainPhase(TestCaseExecutor.java:410)
	at com.kms.katalon.core.main.TestCaseExecutor.execute(TestCaseExecutor.java:285)
	at com.kms.katalon.core.common.CommonExecutor.accessTestCaseMainPhase(CommonExecutor.java:65)
	at com.kms.katalon.core.main.TestSuiteExecutor.accessTestSuiteMainPhase(TestSuiteExecutor.java:151)
	at com.kms.katalon.core.main.TestSuiteExecutor.execute(TestSuiteExecutor.java:106)
	at com.kms.katalon.core.main.TestCaseMain.startTestSuite(TestCaseMain.java:185)
	at com.kms.katalon.core.main.TestCaseMain$startTestSuite$0.call(Unknown Source)
	at TempTestSuite1676876596469.run(TempTestSuite1676876596469.groovy:36)
Caused by: com.kms.katalon.core.exception.StepFailedException: Unable to click on object 'Object Repository/Shopify/div_user_card_name'
	... 24 more
Caused by: com.kms.katalon.core.webui.exception.WebElementNotFoundException: Web element with id: 'Object Repository/Shopify/div_user_card_name' located by '//*[@class = 'user-card__name']' not found
	at com.kms.katalon.core.webui.common.WebUiCommonHelper.findWebElement(WebUiCommonHelper.java:1370)
	at com.kms.katalon.core.webui.keyword.internal.WebUIAbstractKeyword.findWebElement(WebUIAbstractKeyword.groovy:27)
	at com.kms.katalon.core.webui.keyword.builtin.ClickKeyword$_click_closure1.doCall(ClickKeyword.groovy:65)
	at com.kms.katalon.core.webui.keyword.builtin.ClickKeyword$_click_closure1.call(ClickKeyword.groovy)
	at com.kms.katalon.core.webui.keyword.internal.WebUIKeywordMain.runKeyword(WebUIKeywordMain.groovy:20)
	... 22 more]]></system-err>
      </testcase>
      <testcase name="Test Cases/Alireview/Install new store free" time="36.466" classname="Test Cases/Alireview/Install new store free" status="FAILED">
         <failure type="FAILED" message="Test Cases/Alireview/Install new store free FAILED.
Reason:
com.kms.katalon.core.exception.StepFailedException: Unable to set text 'huynh@firegroup.io' of object 'Object Repository/Shopify/input_email_shopify'
	at com.kms.katalon.core.webui.keyword.internal.WebUIKeywordMain.stepFailed(WebUIKeywordMain.groovy:64)
	at com.kms.katalon.core.webui.keyword.internal.WebUIKeywordMain.runKeyword(WebUIKeywordMain.groovy:26)
	at com.kms.katalon.core.webui.keyword.builtin.SetTextKeyword.setText(SetTextKeyword.groovy:66)
	at com.kms.katalon.core.webui.keyword.builtin.SetTextKeyword.execute(SetTextKeyword.groovy:37)
	at com.kms.katalon.core.keyword.internal.KeywordExecutor.executeKeywordForPlatform(KeywordExecutor.groovy:74)
	at com.kms.katalon.core.webui.keyword.WebUiBuiltInKeywords.setText(WebUiBuiltInKeywords.groovy:980)
	at com.kms.katalon.core.webui.keyword.WebUiBuiltInKeywords$setText$2.call(Unknown Source)
	at shopify.store.loginToStoreAdmin(store.groovy:133)
	at shopify.store.invokeMethod(store.groovy)
	at com.kms.katalon.core.main.CustomKeywordDelegatingMetaClass.invokeStaticMethod(CustomKeywordDelegatingMetaClass.java:55)
	at Install new store free.run(Install new store free:22)
	at com.kms.katalon.core.main.ScriptEngine.run(ScriptEngine.java:194)
	at com.kms.katalon.core.main.ScriptEngine.runScriptAsRawText(ScriptEngine.java:119)
	at com.kms.katalon.core.main.TestCaseExecutor.runScript(TestCaseExecutor.java:448)
	at com.kms.katalon.core.main.TestCaseExecutor.doExecute(TestCaseExecutor.java:439)
	at com.kms.katalon.core.main.TestCaseExecutor.processExecutionPhase(TestCaseExecutor.java:418)
	at com.kms.katalon.core.main.TestCaseExecutor.accessMainPhase(TestCaseExecutor.java:410)
	at com.kms.katalon.core.main.TestCaseExecutor.execute(TestCaseExecutor.java:285)
	at com.kms.katalon.core.common.CommonExecutor.accessTestCaseMainPhase(CommonExecutor.java:65)
	at com.kms.katalon.core.main.TestSuiteExecutor.accessTestSuiteMainPhase(TestSuiteExecutor.java:151)
	at com.kms.katalon.core.main.TestSuiteExecutor.execute(TestSuiteExecutor.java:106)
	at com.kms.katalon.core.main.TestCaseMain.startTestSuite(TestCaseMain.java:185)
	at com.kms.katalon.core.main.TestCaseMain$startTestSuite$0.call(Unknown Source)
	at TempTestSuite1676876596469.run(TempTestSuite1676876596469.groovy:36)
Caused by: com.kms.katalon.core.webui.exception.WebElementNotFoundException: Web element with id: 'Object Repository/Shopify/input_email_shopify' located by '//input[@id='account_email']' not found
	at com.kms.katalon.core.webui.common.WebUiCommonHelper.findWebElement(WebUiCommonHelper.java:1370)
	at com.kms.katalon.core.webui.keyword.internal.WebUIAbstractKeyword.findWebElement(WebUIAbstractKeyword.groovy:27)
	at com.kms.katalon.core.webui.keyword.internal.WebUIAbstractKeyword.findWebElement(WebUIAbstractKeyword.groovy:26)
	at com.kms.katalon.core.webui.keyword.builtin.SetTextKeyword$_setText_closure1.doCall(SetTextKeyword.groovy:51)
	at com.kms.katalon.core.webui.keyword.builtin.SetTextKeyword$_setText_closure1.call(SetTextKeyword.groovy)
	at com.kms.katalon.core.webui.keyword.internal.WebUIKeywordMain.runKeyword(WebUIKeywordMain.groovy:20)
	... 22 more
"/>
         <system-out><![CDATA[2023-02-20 14:20:18 - [TEST_CASE][FAILED] - Test Cases/Alireview/Install new store free: Test Cases/Alireview/Install new store free FAILED.
Reason:
com.kms.katalon.core.exception.StepFailedException: Unable to set text 'huynh@firegroup.io' of object 'Object Repository/Shopify/input_email_shopify'
	at com.kms.katalon.core.webui.keyword.internal.WebUIKeywordMain.stepFailed(WebUIKeywordMain.groovy:64)
	at com.kms.katalon.core.webui.keyword.internal.WebUIKeywordMain.runKeyword(WebUIKeywordMain.groovy:26)
	at com.kms.katalon.core.webui.keyword.builtin.SetTextKeyword.setText(SetTextKeyword.groovy:66)
	at com.kms.katalon.core.webui.keyword.builtin.SetTextKeyword.execute(SetTextKeyword.groovy:37)
	at com.kms.katalon.core.keyword.internal.KeywordExecutor.executeKeywordForPlatform(KeywordExecutor.groovy:74)
	at com.kms.katalon.core.webui.keyword.WebUiBuiltInKeywords.setText(WebUiBuiltInKeywords.groovy:980)
	at com.kms.katalon.core.webui.keyword.WebUiBuiltInKeywords$setText$2.call(Unknown Source)
	at shopify.store.loginToStoreAdmin(store.groovy:133)
	at shopify.store.invokeMethod(store.groovy)
	at com.kms.katalon.core.main.CustomKeywordDelegatingMetaClass.invokeStaticMethod(CustomKeywordDelegatingMetaClass.java:55)
	at Install new store free.run(Install new store free:22)
	at com.kms.katalon.core.main.ScriptEngine.run(ScriptEngine.java:194)
	at com.kms.katalon.core.main.ScriptEngine.runScriptAsRawText(ScriptEngine.java:119)
	at com.kms.katalon.core.main.TestCaseExecutor.runScript(TestCaseExecutor.java:448)
	at com.kms.katalon.core.main.TestCaseExecutor.doExecute(TestCaseExecutor.java:439)
	at com.kms.katalon.core.main.TestCaseExecutor.processExecutionPhase(TestCaseExecutor.java:418)
	at com.kms.katalon.core.main.TestCaseExecutor.accessMainPhase(TestCaseExecutor.java:410)
	at com.kms.katalon.core.main.TestCaseExecutor.execute(TestCaseExecutor.java:285)
	at com.kms.katalon.core.common.CommonExecutor.accessTestCaseMainPhase(CommonExecutor.java:65)
	at com.kms.katalon.core.main.TestSuiteExecutor.accessTestSuiteMainPhase(TestSuiteExecutor.java:151)
	at com.kms.katalon.core.main.TestSuiteExecutor.execute(TestSuiteExecutor.java:106)
	at com.kms.katalon.core.main.TestCaseMain.startTestSuite(TestCaseMain.java:185)
	at com.kms.katalon.core.main.TestCaseMain$startTestSuite$0.call(Unknown Source)
	at TempTestSuite1676876596469.run(TempTestSuite1676876596469.groovy:36)
Caused by: com.kms.katalon.core.webui.exception.WebElementNotFoundException: Web element with id: 'Object Repository/Shopify/input_email_shopify' located by '//input[@id='account_email']' not found
	at com.kms.katalon.core.webui.common.WebUiCommonHelper.findWebElement(WebUiCommonHelper.java:1370)
	at com.kms.katalon.core.webui.keyword.internal.WebUIAbstractKeyword.findWebElement(WebUIAbstractKeyword.groovy:27)
	at com.kms.katalon.core.webui.keyword.internal.WebUIAbstractKeyword.findWebElement(WebUIAbstractKeyword.groovy:26)
	at com.kms.katalon.core.webui.keyword.builtin.SetTextKeyword$_setText_closure1.doCall(SetTextKeyword.groovy:51)
	at com.kms.katalon.core.webui.keyword.builtin.SetTextKeyword$_setText_closure1.call(SetTextKeyword.groovy)
	at com.kms.katalon.core.webui.keyword.internal.WebUIKeywordMain.runKeyword(WebUIKeywordMain.groovy:20)
	... 22 more


2023-02-20 14:20:18 - [TEST_STEP][PASSED] - Start listener action : skipStatus: null

2023-02-20 14:20:18 - [TEST_STEP][PASSED] - map = testCaseContext.getTestCaseVariables(): null

2023-02-20 14:20:18 - [TEST_STEP][PASSED] - testcae_status = map.get("testcase_status"): null

2023-02-20 14:20:18 - [TEST_STEP][PASSED] - println(testcae_status): null

2023-02-20 14:20:18 - [TEST_STEP][PASSED] - if (testcae_status == "Passed" || testcae_status == "Failed"): null

2023-02-20 14:20:18 - [TEST_STEP][PASSED] - openBrowser(""): Browser is opened with url: ''

2023-02-20 14:20:18 - [MESSAGE][WARNING] - A browser is already opened. Closing browser and opening a new one

2023-02-20 14:20:19 - [MESSAGE][INFO] - Starting 'Chrome' driver

2023-02-20 14:20:19 - [MESSAGE][INFO] - Action delay is set to 0 milliseconds

2023-02-20 14:20:20 - [MESSAGE][PASSED] - Browser is opened with url: ''

2023-02-20 14:20:20 - [TEST_STEP][PASSED] - maximizeWindow(): Current window maximized

2023-02-20 14:20:20 - [MESSAGE][PASSED] - Current window maximized

2023-02-20 14:20:20 - [TEST_STEP][FAILED] - shopify.store.loginToStoreAdmin(partner_email, partner_password, store_name): Unable to set text 'huynh@firegroup.io' of object 'Object Repository/Shopify/input_email_shopify'

2023-02-20 14:20:21 - [MESSAGE][PASSED] - Navigate to 'http://huynh-ar-stag-2353.myshopify.com/admin' successfully

2023-02-20 14:20:52 - [MESSAGE][INFO] - Unable to find the element located by 'By.xpath: //input[@id='account_email']'. Please recheck the objects properties to make sure the desired element is located. 

2023-02-20 14:20:52 - [MESSAGE][WARNING] - [SELF-HEALING] Failed to find element with id 'Object Repository/Shopify/input_email_shopify'. Try using Self-healing.

2023-02-20 14:20:53 - [MESSAGE][INFO] - [SELF-HEALING] No working XPath is found.

2023-02-20 14:20:54 - [MESSAGE][INFO] - Unable to find the element located by 'By.xpath: '. Please recheck the objects properties to make sure the desired element is located. 

2023-02-20 14:20:54 - [MESSAGE][WARNING] - [SELF-HEALING] Cannot find elements when the selector is null

2023-02-20 14:20:54 - [MESSAGE][FAILED] - Unable to set text 'huynh@firegroup.io' of object 'Object Repository/Shopify/input_email_shopify' (Root cause: com.kms.katalon.core.exception.StepFailedException: Unable to set text 'huynh@firegroup.io' of object 'Object Repository/Shopify/input_email_shopify'
	at com.kms.katalon.core.webui.keyword.internal.WebUIKeywordMain.stepFailed(WebUIKeywordMain.groovy:64)
	at com.kms.katalon.core.webui.keyword.internal.WebUIKeywordMain.runKeyword(WebUIKeywordMain.groovy:26)
	at com.kms.katalon.core.webui.keyword.builtin.SetTextKeyword.setText(SetTextKeyword.groovy:66)
	at com.kms.katalon.core.webui.keyword.builtin.SetTextKeyword.execute(SetTextKeyword.groovy:37)
	at com.kms.katalon.core.keyword.internal.KeywordExecutor.executeKeywordForPlatform(KeywordExecutor.groovy:74)
	at com.kms.katalon.core.webui.keyword.WebUiBuiltInKeywords.setText(WebUiBuiltInKeywords.groovy:980)
	at com.kms.katalon.core.webui.keyword.WebUiBuiltInKeywords$setText$2.call(Unknown Source)
	at shopify.store.loginToStoreAdmin(store.groovy:133)
	at shopify.store.invokeMethod(store.groovy)
	at com.kms.katalon.core.main.CustomKeywordDelegatingMetaClass.invokeStaticMethod(CustomKeywordDelegatingMetaClass.java:55)
	at Install new store free.run(Install new store free:22)
	at com.kms.katalon.core.main.ScriptEngine.run(ScriptEngine.java:194)
	at com.kms.katalon.core.main.ScriptEngine.runScriptAsRawText(ScriptEngine.java:119)
	at com.kms.katalon.core.main.TestCaseExecutor.runScript(TestCaseExecutor.java:448)
	at com.kms.katalon.core.main.TestCaseExecutor.doExecute(TestCaseExecutor.java:439)
	at com.kms.katalon.core.main.TestCaseExecutor.processExecutionPhase(TestCaseExecutor.java:418)
	at com.kms.katalon.core.main.TestCaseExecutor.accessMainPhase(TestCaseExecutor.java:410)
	at com.kms.katalon.core.main.TestCaseExecutor.execute(TestCaseExecutor.java:285)
	at com.kms.katalon.core.common.CommonExecutor.accessTestCaseMainPhase(CommonExecutor.java:65)
	at com.kms.katalon.core.main.TestSuiteExecutor.accessTestSuiteMainPhase(TestSuiteExecutor.java:151)
	at com.kms.katalon.core.main.TestSuiteExecutor.execute(TestSuiteExecutor.java:106)
	at com.kms.katalon.core.main.TestCaseMain.startTestSuite(TestCaseMain.java:185)
	at com.kms.katalon.core.main.TestCaseMain$startTestSuite$0.call(Unknown Source)
	at TempTestSuite1676876596469.run(TempTestSuite1676876596469.groovy:36)
Caused by: com.kms.katalon.core.webui.exception.WebElementNotFoundException: Web element with id: 'Object Repository/Shopify/input_email_shopify' located by '//input[@id='account_email']' not found
	at com.kms.katalon.core.webui.common.WebUiCommonHelper.findWebElement(WebUiCommonHelper.java:1370)
	at com.kms.katalon.core.webui.keyword.internal.WebUIAbstractKeyword.findWebElement(WebUIAbstractKeyword.groovy:27)
	at com.kms.katalon.core.webui.keyword.internal.WebUIAbstractKeyword.findWebElement(WebUIAbstractKeyword.groovy:26)
	at com.kms.katalon.core.webui.keyword.builtin.SetTextKeyword$_setText_closure1.doCall(SetTextKeyword.groovy:51)
	at com.kms.katalon.core.webui.keyword.builtin.SetTextKeyword$_setText_closure1.call(SetTextKeyword.groovy)
	at com.kms.katalon.core.webui.keyword.internal.WebUIKeywordMain.runKeyword(WebUIKeywordMain.groovy:20)
	at com.kms.katalon.core.webui.keyword.builtin.SetTextKeyword.setText(SetTextKeyword.groovy:66)
	at com.kms.katalon.core.webui.keyword.builtin.SetTextKeyword.execute(SetTextKeyword.groovy:37)
	at com.kms.katalon.core.keyword.internal.KeywordExecutor.executeKeywordForPlatform(KeywordExecutor.groovy:74)
	at com.kms.katalon.core.webui.keyword.WebUiBuiltInKeywords.setText(WebUiBuiltInKeywords.groovy:980)
	at com.kms.katalon.core.webui.keyword.WebUiBuiltInKeywords$setText$2.call(Unknown Source)
	at shopify.store.loginToStoreAdmin(store.groovy:133)
	at shopify.store.invokeMethod(store.groovy)
	at com.kms.katalon.core.main.CustomKeywordDelegatingMetaClass.invokeStaticMethod(CustomKeywordDelegatingMetaClass.java:55)
	at Script1673948457755.run(Script1673948457755.groovy:22)
	... 13 more
)
[[ATTACHMENT|C:\\Users\\huynh\\Documents\\Socialhead\\Automation\\Katalon project\\CreateStore\\CreateStore\\Reports\\20230220_140316\\Alireview\\Install Store Free\\20230220_140316\\1676877654625.png]]

2023-02-20 14:20:54 - [MESSAGE][FAILED] - Unable to set text 'huynh@firegroup.io' of object 'Object Repository/Shopify/input_email_shopify'

2023-02-20 14:20:54 - [TEST_STEP][PASSED] - Start tear down : teardownIfFailed: Method 'teardownIfFailed' complete successfully

2023-02-20 14:20:54 - [TEST_STEP][PASSED] - excelFilePath = "Data Files\storefree3_install app stag.xlsx": null

2023-02-20 14:20:54 - [TEST_STEP][PASSED] - data.excel.updateValueToSheet(excelFilePath, "store", 4, store_name, 9, "Not install"): data.excel.updateValueToSheet is PASSED

2023-02-20 14:20:54 - [MESSAGE][PASSED] - data.excel.updateValueToSheet is PASSED

2023-02-20 14:20:54 - [MESSAGE][PASSED] - Method 'teardownIfFailed' complete successfully]]></system-out>
         <system-err><![CDATA[2023-02-20 14:20:18 - [TEST_CASE][FAILED] - Test Cases/Alireview/Install new store free: Test Cases/Alireview/Install new store free FAILED.
Reason:
com.kms.katalon.core.exception.StepFailedException: Unable to set text 'huynh@firegroup.io' of object 'Object Repository/Shopify/input_email_shopify'
	at com.kms.katalon.core.webui.keyword.internal.WebUIKeywordMain.stepFailed(WebUIKeywordMain.groovy:64)
	at com.kms.katalon.core.webui.keyword.internal.WebUIKeywordMain.runKeyword(WebUIKeywordMain.groovy:26)
	at com.kms.katalon.core.webui.keyword.builtin.SetTextKeyword.setText(SetTextKeyword.groovy:66)
	at com.kms.katalon.core.webui.keyword.builtin.SetTextKeyword.execute(SetTextKeyword.groovy:37)
	at com.kms.katalon.core.keyword.internal.KeywordExecutor.executeKeywordForPlatform(KeywordExecutor.groovy:74)
	at com.kms.katalon.core.webui.keyword.WebUiBuiltInKeywords.setText(WebUiBuiltInKeywords.groovy:980)
	at com.kms.katalon.core.webui.keyword.WebUiBuiltInKeywords$setText$2.call(Unknown Source)
	at shopify.store.loginToStoreAdmin(store.groovy:133)
	at shopify.store.invokeMethod(store.groovy)
	at com.kms.katalon.core.main.CustomKeywordDelegatingMetaClass.invokeStaticMethod(CustomKeywordDelegatingMetaClass.java:55)
	at Install new store free.run(Install new store free:22)
	at com.kms.katalon.core.main.ScriptEngine.run(ScriptEngine.java:194)
	at com.kms.katalon.core.main.ScriptEngine.runScriptAsRawText(ScriptEngine.java:119)
	at com.kms.katalon.core.main.TestCaseExecutor.runScript(TestCaseExecutor.java:448)
	at com.kms.katalon.core.main.TestCaseExecutor.doExecute(TestCaseExecutor.java:439)
	at com.kms.katalon.core.main.TestCaseExecutor.processExecutionPhase(TestCaseExecutor.java:418)
	at com.kms.katalon.core.main.TestCaseExecutor.accessMainPhase(TestCaseExecutor.java:410)
	at com.kms.katalon.core.main.TestCaseExecutor.execute(TestCaseExecutor.java:285)
	at com.kms.katalon.core.common.CommonExecutor.accessTestCaseMainPhase(CommonExecutor.java:65)
	at com.kms.katalon.core.main.TestSuiteExecutor.accessTestSuiteMainPhase(TestSuiteExecutor.java:151)
	at com.kms.katalon.core.main.TestSuiteExecutor.execute(TestSuiteExecutor.java:106)
	at com.kms.katalon.core.main.TestCaseMain.startTestSuite(TestCaseMain.java:185)
	at com.kms.katalon.core.main.TestCaseMain$startTestSuite$0.call(Unknown Source)
	at TempTestSuite1676876596469.run(TempTestSuite1676876596469.groovy:36)
Caused by: com.kms.katalon.core.webui.exception.WebElementNotFoundException: Web element with id: 'Object Repository/Shopify/input_email_shopify' located by '//input[@id='account_email']' not found
	at com.kms.katalon.core.webui.common.WebUiCommonHelper.findWebElement(WebUiCommonHelper.java:1370)
	at com.kms.katalon.core.webui.keyword.internal.WebUIAbstractKeyword.findWebElement(WebUIAbstractKeyword.groovy:27)
	at com.kms.katalon.core.webui.keyword.internal.WebUIAbstractKeyword.findWebElement(WebUIAbstractKeyword.groovy:26)
	at com.kms.katalon.core.webui.keyword.builtin.SetTextKeyword$_setText_closure1.doCall(SetTextKeyword.groovy:51)
	at com.kms.katalon.core.webui.keyword.builtin.SetTextKeyword$_setText_closure1.call(SetTextKeyword.groovy)
	at com.kms.katalon.core.webui.keyword.internal.WebUIKeywordMain.runKeyword(WebUIKeywordMain.groovy:20)
	... 22 more]]></system-err>
      </testcase>
      <testcase name="Test Cases/Alireview/Install new store free" time="66.553" classname="Test Cases/Alireview/Install new store free" status="PASSED">
         <system-out><![CDATA[2023-02-20 14:20:54 - [TEST_CASE][PASSED] - Test Cases/Alireview/Install new store free: Test Cases/Alireview/Install new store free

2023-02-20 14:20:54 - [TEST_STEP][PASSED] - Start listener action : skipStatus: null

2023-02-20 14:20:54 - [TEST_STEP][PASSED] - map = testCaseContext.getTestCaseVariables(): null

2023-02-20 14:20:54 - [TEST_STEP][PASSED] - testcae_status = map.get("testcase_status"): null

2023-02-20 14:20:54 - [TEST_STEP][PASSED] - println(testcae_status): null

2023-02-20 14:20:54 - [TEST_STEP][PASSED] - if (testcae_status == "Passed" || testcae_status == "Failed"): null

2023-02-20 14:20:54 - [TEST_STEP][PASSED] - openBrowser(""): Browser is opened with url: ''

2023-02-20 14:20:54 - [MESSAGE][WARNING] - A browser is already opened. Closing browser and opening a new one

2023-02-20 14:20:55 - [MESSAGE][INFO] - Starting 'Chrome' driver

2023-02-20 14:20:55 - [MESSAGE][INFO] - Action delay is set to 0 milliseconds

2023-02-20 14:20:56 - [MESSAGE][PASSED] - Browser is opened with url: ''

2023-02-20 14:20:56 - [TEST_STEP][PASSED] - maximizeWindow(): Current window maximized

2023-02-20 14:20:56 - [MESSAGE][PASSED] - Current window maximized

2023-02-20 14:20:56 - [TEST_STEP][PASSED] - shopify.store.loginToStoreAdmin(partner_email, partner_password, store_name): shopify.store.loginToStoreAdmin is PASSED

2023-02-20 14:21:02 - [MESSAGE][PASSED] - Navigate to 'http://huynh-ar-stag-2354.myshopify.com/admin' successfully

2023-02-20 14:21:03 - [MESSAGE][PASSED] - Text 'huynh@firegroup.io' is set on object 'Object Repository/Shopify/input_email_shopify'

2023-02-20 14:21:06 - [MESSAGE][PASSED] - Object: 'Object Repository/Shopify/btn_continue_with_email' is clicked on

2023-02-20 14:21:08 - [MESSAGE][PASSED] - Text ****** has been set on object 'Object Repository/Shopify/input_password_shopify'

2023-02-20 14:21:16 - [MESSAGE][PASSED] - Object: 'Object Repository/Shopify/btn_login' is clicked on

2023-02-20 14:21:16 - [MESSAGE][PASSED] - shopify.store.loginToStoreAdmin is PASSED

2023-02-20 14:21:16 - [TEST_STEP][PASSED] - alireview.install.inputRawDomain(store_name, host): alireview.install.inputRawDomain is PASSED

2023-02-20 14:21:34 - [MESSAGE][PASSED] - Navigate to 'https://ar-app-staging.fireapps.tech/' successfully

2023-02-20 14:21:35 - [MESSAGE][PASSED] - Text 'huynh-ar-stag-2354' is set on object 'Object Repository/Alireview/input_shop'

2023-02-20 14:21:37 - [MESSAGE][PASSED] - Object: 'Object Repository/Alireview/btn_login' is clicked on

2023-02-20 14:21:37 - [MESSAGE][PASSED] - alireview.install.inputRawDomain is PASSED

2023-02-20 14:21:37 - [TEST_STEP][PASSED] - alireview.install.installStep1(): alireview.install.installStep1 is PASSED

2023-02-20 14:21:41 - [MESSAGE][PASSED] - Object: 'Object Repository/Shopify Install App/btn_install_step1' is clicked on

2023-02-20 14:21:41 - [MESSAGE][PASSED] - alireview.install.installStep1 is PASSED

2023-02-20 14:21:41 - [TEST_STEP][PASSED] - shopify.store.clickOnShopifyUserCard(): shopify.store.clickOnShopifyUserCard is PASSED

2023-02-20 14:21:52 - [MESSAGE][PASSED] - Object: 'Object Repository/Shopify/div_user_card_name' is clicked on

2023-02-20 14:21:52 - [MESSAGE][PASSED] - shopify.store.clickOnShopifyUserCard is PASSED

2023-02-20 14:21:52 - [TEST_STEP][PASSED] - alireview.install.onboardingSelectColor(color): alireview.install.onboardingSelectColor is PASSED

2023-02-20 14:22:01 - [MESSAGE][PASSED] - Text '#C75757' is set on object 'Object Repository/Alireview/input_color'

2023-02-20 14:22:01 - [MESSAGE][PASSED] - alireview.install.onboardingSelectColor is PASSED

2023-02-20 14:22:01 - [TEST_STEP][PASSED] - alireview.install.onboardingSelectStyle(layout_type): alireview.install.onboardingSelectStyle is PASSED

2023-02-20 14:22:01 - [MESSAGE][PASSED] - Object: 'Object Repository/Alireview/label_grid_onboarding' is clicked on

2023-02-20 14:22:01 - [MESSAGE][PASSED] - alireview.install.onboardingSelectStyle is PASSED

2023-02-20 14:22:01 - [TEST_STEP][PASSED] - alireview.install.onboardingNext(): alireview.install.onboardingNext is PASSED

2023-02-20 14:22:01 - [MESSAGE][PASSED] - Object: 'Object Repository/Alireview/btn_next_onboarding' is clicked on

2023-02-20 14:22:01 - [MESSAGE][PASSED] - alireview.install.onboardingNext is PASSED

2023-02-20 14:22:01 - [TEST_STEP][PASSED] - alireview.install.clickGetStartOnboarding(): alireview.install.clickGetStartOnboarding is PASSED

2023-02-20 14:22:01 - [MESSAGE][PASSED] - Object: 'Object Repository/Alireview/btn_get_start_onboarding' is clicked on

2023-02-20 14:22:01 - [MESSAGE][PASSED] - alireview.install.clickGetStartOnboarding is PASSED

2023-02-20 14:22:01 - [TEST_STEP][PASSED] - Start tear down : teardownIfPassed: Method 'teardownIfPassed' complete successfully

2023-02-20 14:22:01 - [TEST_STEP][PASSED] - excelFilePath = "Data Files\storefree3_install app stag.xlsx": null

2023-02-20 14:22:01 - [TEST_STEP][PASSED] - data.excel.updateValueToSheet(excelFilePath, "store", 4, store_name, 9, "Installed"): data.excel.updateValueToSheet is PASSED

2023-02-20 14:22:01 - [MESSAGE][PASSED] - data.excel.updateValueToSheet is PASSED

2023-02-20 14:22:01 - [MESSAGE][PASSED] - Method 'teardownIfPassed' complete successfully]]></system-out>
         <system-err><![CDATA[]]></system-err>
      </testcase>
      <testcase name="Test Cases/Alireview/Install new store free" time="63.265" classname="Test Cases/Alireview/Install new store free" status="PASSED">
         <system-out><![CDATA[2023-02-20 14:22:01 - [TEST_CASE][PASSED] - Test Cases/Alireview/Install new store free: Test Cases/Alireview/Install new store free

2023-02-20 14:22:01 - [TEST_STEP][PASSED] - Start listener action : skipStatus: null

2023-02-20 14:22:01 - [TEST_STEP][PASSED] - map = testCaseContext.getTestCaseVariables(): null

2023-02-20 14:22:01 - [TEST_STEP][PASSED] - testcae_status = map.get("testcase_status"): null

2023-02-20 14:22:01 - [TEST_STEP][PASSED] - println(testcae_status): null

2023-02-20 14:22:01 - [TEST_STEP][PASSED] - if (testcae_status == "Passed" || testcae_status == "Failed"): null

2023-02-20 14:22:01 - [TEST_STEP][PASSED] - openBrowser(""): Browser is opened with url: ''

2023-02-20 14:22:01 - [MESSAGE][WARNING] - A browser is already opened. Closing browser and opening a new one

2023-02-20 14:22:02 - [MESSAGE][INFO] - Starting 'Chrome' driver

2023-02-20 14:22:02 - [MESSAGE][INFO] - Action delay is set to 0 milliseconds

2023-02-20 14:22:03 - [MESSAGE][PASSED] - Browser is opened with url: ''

2023-02-20 14:22:03 - [TEST_STEP][PASSED] - maximizeWindow(): Current window maximized

2023-02-20 14:22:03 - [MESSAGE][PASSED] - Current window maximized

2023-02-20 14:22:03 - [TEST_STEP][PASSED] - shopify.store.loginToStoreAdmin(partner_email, partner_password, store_name): shopify.store.loginToStoreAdmin is PASSED

2023-02-20 14:22:07 - [MESSAGE][PASSED] - Navigate to 'http://huynh-ar-stag-2355.myshopify.com/admin' successfully

2023-02-20 14:22:08 - [MESSAGE][PASSED] - Text 'huynh@firegroup.io' is set on object 'Object Repository/Shopify/input_email_shopify'

2023-02-20 14:22:09 - [MESSAGE][PASSED] - Object: 'Object Repository/Shopify/btn_continue_with_email' is clicked on

2023-02-20 14:22:11 - [MESSAGE][PASSED] - Text ****** has been set on object 'Object Repository/Shopify/input_password_shopify'

2023-02-20 14:22:21 - [MESSAGE][PASSED] - Object: 'Object Repository/Shopify/btn_login' is clicked on

2023-02-20 14:22:21 - [MESSAGE][PASSED] - shopify.store.loginToStoreAdmin is PASSED

2023-02-20 14:22:21 - [TEST_STEP][PASSED] - alireview.install.inputRawDomain(store_name, host): alireview.install.inputRawDomain is PASSED

2023-02-20 14:22:40 - [MESSAGE][PASSED] - Navigate to 'https://ar-app-staging.fireapps.tech/' successfully

2023-02-20 14:22:41 - [MESSAGE][PASSED] - Text 'huynh-ar-stag-2355' is set on object 'Object Repository/Alireview/input_shop'

2023-02-20 14:22:43 - [MESSAGE][PASSED] - Object: 'Object Repository/Alireview/btn_login' is clicked on

2023-02-20 14:22:43 - [MESSAGE][PASSED] - alireview.install.inputRawDomain is PASSED

2023-02-20 14:22:43 - [TEST_STEP][PASSED] - alireview.install.installStep1(): alireview.install.installStep1 is PASSED

2023-02-20 14:22:47 - [MESSAGE][PASSED] - Object: 'Object Repository/Shopify Install App/btn_install_step1' is clicked on

2023-02-20 14:22:47 - [MESSAGE][PASSED] - alireview.install.installStep1 is PASSED

2023-02-20 14:22:47 - [TEST_STEP][PASSED] - shopify.store.clickOnShopifyUserCard(): shopify.store.clickOnShopifyUserCard is PASSED

2023-02-20 14:22:58 - [MESSAGE][PASSED] - Object: 'Object Repository/Shopify/div_user_card_name' is clicked on

2023-02-20 14:22:58 - [MESSAGE][PASSED] - shopify.store.clickOnShopifyUserCard is PASSED

2023-02-20 14:22:58 - [TEST_STEP][PASSED] - alireview.install.onboardingSelectColor(color): alireview.install.onboardingSelectColor is PASSED

2023-02-20 14:23:04 - [MESSAGE][PASSED] - Text '#C75757' is set on object 'Object Repository/Alireview/input_color'

2023-02-20 14:23:04 - [MESSAGE][PASSED] - alireview.install.onboardingSelectColor is PASSED

2023-02-20 14:23:04 - [TEST_STEP][PASSED] - alireview.install.onboardingSelectStyle(layout_type): alireview.install.onboardingSelectStyle is PASSED

2023-02-20 14:23:04 - [MESSAGE][PASSED] - Object: 'Object Repository/Alireview/label_grid_onboarding' is clicked on

2023-02-20 14:23:04 - [MESSAGE][PASSED] - alireview.install.onboardingSelectStyle is PASSED

2023-02-20 14:23:04 - [TEST_STEP][PASSED] - alireview.install.onboardingNext(): alireview.install.onboardingNext is PASSED

2023-02-20 14:23:04 - [MESSAGE][PASSED] - Object: 'Object Repository/Alireview/btn_next_onboarding' is clicked on

2023-02-20 14:23:04 - [MESSAGE][PASSED] - alireview.install.onboardingNext is PASSED

2023-02-20 14:23:04 - [TEST_STEP][PASSED] - alireview.install.clickGetStartOnboarding(): alireview.install.clickGetStartOnboarding is PASSED

2023-02-20 14:23:04 - [MESSAGE][PASSED] - Object: 'Object Repository/Alireview/btn_get_start_onboarding' is clicked on

2023-02-20 14:23:04 - [MESSAGE][PASSED] - alireview.install.clickGetStartOnboarding is PASSED

2023-02-20 14:23:04 - [TEST_STEP][PASSED] - Start tear down : teardownIfPassed: Method 'teardownIfPassed' complete successfully

2023-02-20 14:23:04 - [TEST_STEP][PASSED] - excelFilePath = "Data Files\storefree3_install app stag.xlsx": null

2023-02-20 14:23:04 - [TEST_STEP][PASSED] - data.excel.updateValueToSheet(excelFilePath, "store", 4, store_name, 9, "Installed"): data.excel.updateValueToSheet is PASSED

2023-02-20 14:23:04 - [MESSAGE][PASSED] - data.excel.updateValueToSheet is PASSED

2023-02-20 14:23:04 - [MESSAGE][PASSED] - Method 'teardownIfPassed' complete successfully]]></system-out>
         <system-err><![CDATA[]]></system-err>
      </testcase>
      <testcase name="Test Cases/Alireview/Install new store free" time="61.937" classname="Test Cases/Alireview/Install new store free" status="PASSED">
         <system-out><![CDATA[2023-02-20 14:23:04 - [TEST_CASE][PASSED] - Test Cases/Alireview/Install new store free: Test Cases/Alireview/Install new store free

2023-02-20 14:23:04 - [TEST_STEP][PASSED] - Start listener action : skipStatus: null

2023-02-20 14:23:04 - [TEST_STEP][PASSED] - map = testCaseContext.getTestCaseVariables(): null

2023-02-20 14:23:04 - [TEST_STEP][PASSED] - testcae_status = map.get("testcase_status"): null

2023-02-20 14:23:04 - [TEST_STEP][PASSED] - println(testcae_status): null

2023-02-20 14:23:04 - [TEST_STEP][PASSED] - if (testcae_status == "Passed" || testcae_status == "Failed"): null

2023-02-20 14:23:04 - [TEST_STEP][PASSED] - openBrowser(""): Browser is opened with url: ''

2023-02-20 14:23:04 - [MESSAGE][WARNING] - A browser is already opened. Closing browser and opening a new one

2023-02-20 14:23:05 - [MESSAGE][INFO] - Starting 'Chrome' driver

2023-02-20 14:23:05 - [MESSAGE][INFO] - Action delay is set to 0 milliseconds

2023-02-20 14:23:06 - [MESSAGE][PASSED] - Browser is opened with url: ''

2023-02-20 14:23:06 - [TEST_STEP][PASSED] - maximizeWindow(): Current window maximized

2023-02-20 14:23:06 - [MESSAGE][PASSED] - Current window maximized

2023-02-20 14:23:06 - [TEST_STEP][PASSED] - shopify.store.loginToStoreAdmin(partner_email, partner_password, store_name): shopify.store.loginToStoreAdmin is PASSED

2023-02-20 14:23:10 - [MESSAGE][PASSED] - Navigate to 'http://huynh-ar-stag-2356.myshopify.com/admin' successfully

2023-02-20 14:23:11 - [MESSAGE][PASSED] - Text 'huynh@firegroup.io' is set on object 'Object Repository/Shopify/input_email_shopify'

2023-02-20 14:23:13 - [MESSAGE][PASSED] - Object: 'Object Repository/Shopify/btn_continue_with_email' is clicked on

2023-02-20 14:23:15 - [MESSAGE][PASSED] - Text ****** has been set on object 'Object Repository/Shopify/input_password_shopify'

2023-02-20 14:23:23 - [MESSAGE][PASSED] - Object: 'Object Repository/Shopify/btn_login' is clicked on

2023-02-20 14:23:23 - [MESSAGE][PASSED] - shopify.store.loginToStoreAdmin is PASSED

2023-02-20 14:23:23 - [TEST_STEP][PASSED] - alireview.install.inputRawDomain(store_name, host): alireview.install.inputRawDomain is PASSED

2023-02-20 14:23:43 - [MESSAGE][PASSED] - Navigate to 'https://ar-app-staging.fireapps.tech/' successfully

2023-02-20 14:23:44 - [MESSAGE][PASSED] - Text 'huynh-ar-stag-2356' is set on object 'Object Repository/Alireview/input_shop'

2023-02-20 14:23:46 - [MESSAGE][PASSED] - Object: 'Object Repository/Alireview/btn_login' is clicked on

2023-02-20 14:23:46 - [MESSAGE][PASSED] - alireview.install.inputRawDomain is PASSED

2023-02-20 14:23:46 - [TEST_STEP][PASSED] - alireview.install.installStep1(): alireview.install.installStep1 is PASSED

2023-02-20 14:23:50 - [MESSAGE][PASSED] - Object: 'Object Repository/Shopify Install App/btn_install_step1' is clicked on

2023-02-20 14:23:50 - [MESSAGE][PASSED] - alireview.install.installStep1 is PASSED

2023-02-20 14:23:50 - [TEST_STEP][PASSED] - shopify.store.clickOnShopifyUserCard(): shopify.store.clickOnShopifyUserCard is PASSED

2023-02-20 14:24:00 - [MESSAGE][PASSED] - Object: 'Object Repository/Shopify/div_user_card_name' is clicked on

2023-02-20 14:24:00 - [MESSAGE][PASSED] - shopify.store.clickOnShopifyUserCard is PASSED

2023-02-20 14:24:00 - [TEST_STEP][PASSED] - alireview.install.onboardingSelectColor(color): alireview.install.onboardingSelectColor is PASSED

2023-02-20 14:24:06 - [MESSAGE][PASSED] - Text '#C75757' is set on object 'Object Repository/Alireview/input_color'

2023-02-20 14:24:06 - [MESSAGE][PASSED] - alireview.install.onboardingSelectColor is PASSED

2023-02-20 14:24:06 - [TEST_STEP][PASSED] - alireview.install.onboardingSelectStyle(layout_type): alireview.install.onboardingSelectStyle is PASSED

2023-02-20 14:24:06 - [MESSAGE][PASSED] - Object: 'Object Repository/Alireview/label_grid_onboarding' is clicked on

2023-02-20 14:24:06 - [MESSAGE][PASSED] - alireview.install.onboardingSelectStyle is PASSED

2023-02-20 14:24:06 - [TEST_STEP][PASSED] - alireview.install.onboardingNext(): alireview.install.onboardingNext is PASSED

2023-02-20 14:24:06 - [MESSAGE][PASSED] - Object: 'Object Repository/Alireview/btn_next_onboarding' is clicked on

2023-02-20 14:24:06 - [MESSAGE][PASSED] - alireview.install.onboardingNext is PASSED

2023-02-20 14:24:06 - [TEST_STEP][PASSED] - alireview.install.clickGetStartOnboarding(): alireview.install.clickGetStartOnboarding is PASSED

2023-02-20 14:24:06 - [MESSAGE][PASSED] - Object: 'Object Repository/Alireview/btn_get_start_onboarding' is clicked on

2023-02-20 14:24:06 - [MESSAGE][PASSED] - alireview.install.clickGetStartOnboarding is PASSED

2023-02-20 14:24:06 - [TEST_STEP][PASSED] - Start tear down : teardownIfPassed: Method 'teardownIfPassed' complete successfully

2023-02-20 14:24:06 - [TEST_STEP][PASSED] - excelFilePath = "Data Files\storefree3_install app stag.xlsx": null

2023-02-20 14:24:06 - [TEST_STEP][PASSED] - data.excel.updateValueToSheet(excelFilePath, "store", 4, store_name, 9, "Installed"): data.excel.updateValueToSheet is PASSED

2023-02-20 14:24:06 - [MESSAGE][PASSED] - data.excel.updateValueToSheet is PASSED

2023-02-20 14:24:06 - [MESSAGE][PASSED] - Method 'teardownIfPassed' complete successfully]]></system-out>
         <system-err><![CDATA[]]></system-err>
      </testcase>
      <testcase name="Test Cases/Alireview/Install new store free" time="92.839" classname="Test Cases/Alireview/Install new store free" status="PASSED">
         <system-out><![CDATA[2023-02-20 14:24:06 - [TEST_CASE][PASSED] - Test Cases/Alireview/Install new store free: Test Cases/Alireview/Install new store free

2023-02-20 14:24:06 - [TEST_STEP][PASSED] - Start listener action : skipStatus: null

2023-02-20 14:24:06 - [TEST_STEP][PASSED] - map = testCaseContext.getTestCaseVariables(): null

2023-02-20 14:24:06 - [TEST_STEP][PASSED] - testcae_status = map.get("testcase_status"): null

2023-02-20 14:24:06 - [TEST_STEP][PASSED] - println(testcae_status): null

2023-02-20 14:24:06 - [TEST_STEP][PASSED] - if (testcae_status == "Passed" || testcae_status == "Failed"): null

2023-02-20 14:24:06 - [TEST_STEP][PASSED] - openBrowser(""): Browser is opened with url: ''

2023-02-20 14:24:06 - [MESSAGE][WARNING] - A browser is already opened. Closing browser and opening a new one

2023-02-20 14:24:07 - [MESSAGE][INFO] - Starting 'Chrome' driver

2023-02-20 14:24:07 - [MESSAGE][INFO] - Action delay is set to 0 milliseconds

2023-02-20 14:24:08 - [MESSAGE][PASSED] - Browser is opened with url: ''

2023-02-20 14:24:08 - [TEST_STEP][PASSED] - maximizeWindow(): Current window maximized

2023-02-20 14:24:08 - [MESSAGE][PASSED] - Current window maximized

2023-02-20 14:24:08 - [TEST_STEP][PASSED] - shopify.store.loginToStoreAdmin(partner_email, partner_password, store_name): shopify.store.loginToStoreAdmin is PASSED

2023-02-20 14:24:12 - [MESSAGE][PASSED] - Navigate to 'http://huynh-ar-stag-2357.myshopify.com/admin' successfully

2023-02-20 14:24:13 - [MESSAGE][PASSED] - Text 'huynh@firegroup.io' is set on object 'Object Repository/Shopify/input_email_shopify'

2023-02-20 14:24:16 - [MESSAGE][PASSED] - Object: 'Object Repository/Shopify/btn_continue_with_email' is clicked on

2023-02-20 14:24:18 - [MESSAGE][PASSED] - Text ****** has been set on object 'Object Repository/Shopify/input_password_shopify'

2023-02-20 14:24:29 - [MESSAGE][PASSED] - Object: 'Object Repository/Shopify/btn_login' is clicked on

2023-02-20 14:24:29 - [MESSAGE][PASSED] - shopify.store.loginToStoreAdmin is PASSED

2023-02-20 14:24:29 - [TEST_STEP][PASSED] - alireview.install.inputRawDomain(store_name, host): alireview.install.inputRawDomain is PASSED

2023-02-20 14:24:49 - [MESSAGE][PASSED] - Navigate to 'https://ar-app-staging.fireapps.tech/' successfully

2023-02-20 14:24:51 - [MESSAGE][PASSED] - Text 'huynh-ar-stag-2357' is set on object 'Object Repository/Alireview/input_shop'

2023-02-20 14:24:53 - [MESSAGE][PASSED] - Object: 'Object Repository/Alireview/btn_login' is clicked on

2023-02-20 14:24:53 - [MESSAGE][PASSED] - alireview.install.inputRawDomain is PASSED

2023-02-20 14:24:53 - [TEST_STEP][PASSED] - alireview.install.installStep1(): alireview.install.installStep1 is PASSED

2023-02-20 14:24:59 - [MESSAGE][PASSED] - Object: 'Object Repository/Shopify Install App/btn_install_step1' is clicked on

2023-02-20 14:24:59 - [MESSAGE][PASSED] - alireview.install.installStep1 is PASSED

2023-02-20 14:24:59 - [TEST_STEP][PASSED] - shopify.store.clickOnShopifyUserCard(): shopify.store.clickOnShopifyUserCard is PASSED

2023-02-20 14:25:10 - [MESSAGE][PASSED] - Object: 'Object Repository/Shopify/div_user_card_name' is clicked on

2023-02-20 14:25:10 - [MESSAGE][PASSED] - shopify.store.clickOnShopifyUserCard is PASSED

2023-02-20 14:25:10 - [TEST_STEP][PASSED] - alireview.install.onboardingSelectColor(color): alireview.install.onboardingSelectColor is PASSED

2023-02-20 14:25:39 - [MESSAGE][PASSED] - Text '#C75757' is set on object 'Object Repository/Alireview/input_color'

2023-02-20 14:25:39 - [MESSAGE][PASSED] - alireview.install.onboardingSelectColor is PASSED

2023-02-20 14:25:39 - [TEST_STEP][PASSED] - alireview.install.onboardingSelectStyle(layout_type): alireview.install.onboardingSelectStyle is PASSED

2023-02-20 14:25:39 - [MESSAGE][PASSED] - Object: 'Object Repository/Alireview/label_grid_onboarding' is clicked on

2023-02-20 14:25:39 - [MESSAGE][PASSED] - alireview.install.onboardingSelectStyle is PASSED

2023-02-20 14:25:39 - [TEST_STEP][PASSED] - alireview.install.onboardingNext(): alireview.install.onboardingNext is PASSED

2023-02-20 14:25:39 - [MESSAGE][PASSED] - Object: 'Object Repository/Alireview/btn_next_onboarding' is clicked on

2023-02-20 14:25:39 - [MESSAGE][PASSED] - alireview.install.onboardingNext is PASSED

2023-02-20 14:25:39 - [TEST_STEP][PASSED] - alireview.install.clickGetStartOnboarding(): alireview.install.clickGetStartOnboarding is PASSED

2023-02-20 14:25:39 - [MESSAGE][PASSED] - Object: 'Object Repository/Alireview/btn_get_start_onboarding' is clicked on

2023-02-20 14:25:39 - [MESSAGE][PASSED] - alireview.install.clickGetStartOnboarding is PASSED

2023-02-20 14:25:39 - [TEST_STEP][PASSED] - Start tear down : teardownIfPassed: Method 'teardownIfPassed' complete successfully

2023-02-20 14:25:39 - [TEST_STEP][PASSED] - excelFilePath = "Data Files\storefree3_install app stag.xlsx": null

2023-02-20 14:25:39 - [TEST_STEP][PASSED] - data.excel.updateValueToSheet(excelFilePath, "store", 4, store_name, 9, "Installed"): data.excel.updateValueToSheet is PASSED

2023-02-20 14:25:39 - [MESSAGE][PASSED] - data.excel.updateValueToSheet is PASSED

2023-02-20 14:25:39 - [MESSAGE][PASSED] - Method 'teardownIfPassed' complete successfully]]></system-out>
         <system-err><![CDATA[]]></system-err>
      </testcase>
      <testcase name="Test Cases/Alireview/Install new store free" time="70.217" classname="Test Cases/Alireview/Install new store free" status="PASSED">
         <system-out><![CDATA[2023-02-20 14:25:39 - [TEST_CASE][PASSED] - Test Cases/Alireview/Install new store free: Test Cases/Alireview/Install new store free

2023-02-20 14:25:39 - [TEST_STEP][PASSED] - Start listener action : skipStatus: null

2023-02-20 14:25:39 - [TEST_STEP][PASSED] - map = testCaseContext.getTestCaseVariables(): null

2023-02-20 14:25:39 - [TEST_STEP][PASSED] - testcae_status = map.get("testcase_status"): null

2023-02-20 14:25:39 - [TEST_STEP][PASSED] - println(testcae_status): null

2023-02-20 14:25:39 - [TEST_STEP][PASSED] - if (testcae_status == "Passed" || testcae_status == "Failed"): null

2023-02-20 14:25:39 - [TEST_STEP][PASSED] - openBrowser(""): Browser is opened with url: ''

2023-02-20 14:25:39 - [MESSAGE][WARNING] - A browser is already opened. Closing browser and opening a new one

2023-02-20 14:25:40 - [MESSAGE][INFO] - Starting 'Chrome' driver

2023-02-20 14:25:40 - [MESSAGE][INFO] - Action delay is set to 0 milliseconds

2023-02-20 14:25:41 - [MESSAGE][PASSED] - Browser is opened with url: ''

2023-02-20 14:25:41 - [TEST_STEP][PASSED] - maximizeWindow(): Current window maximized

2023-02-20 14:25:41 - [MESSAGE][PASSED] - Current window maximized

2023-02-20 14:25:41 - [TEST_STEP][PASSED] - shopify.store.loginToStoreAdmin(partner_email, partner_password, store_name): shopify.store.loginToStoreAdmin is PASSED

2023-02-20 14:25:47 - [MESSAGE][PASSED] - Navigate to 'http://huynh-ar-stag-2358.myshopify.com/admin' successfully

2023-02-20 14:25:48 - [MESSAGE][PASSED] - Text 'huynh@firegroup.io' is set on object 'Object Repository/Shopify/input_email_shopify'

2023-02-20 14:25:50 - [MESSAGE][PASSED] - Object: 'Object Repository/Shopify/btn_continue_with_email' is clicked on

2023-02-20 14:25:52 - [MESSAGE][PASSED] - Text ****** has been set on object 'Object Repository/Shopify/input_password_shopify'

2023-02-20 14:26:01 - [MESSAGE][PASSED] - Object: 'Object Repository/Shopify/btn_login' is clicked on

2023-02-20 14:26:01 - [MESSAGE][PASSED] - shopify.store.loginToStoreAdmin is PASSED

2023-02-20 14:26:01 - [TEST_STEP][PASSED] - alireview.install.inputRawDomain(store_name, host): alireview.install.inputRawDomain is PASSED

2023-02-20 14:26:21 - [MESSAGE][PASSED] - Navigate to 'https://ar-app-staging.fireapps.tech/' successfully

2023-02-20 14:26:22 - [MESSAGE][PASSED] - Text 'huynh-ar-stag-2358' is set on object 'Object Repository/Alireview/input_shop'

2023-02-20 14:26:24 - [MESSAGE][PASSED] - Object: 'Object Repository/Alireview/btn_login' is clicked on

2023-02-20 14:26:24 - [MESSAGE][PASSED] - alireview.install.inputRawDomain is PASSED

2023-02-20 14:26:24 - [TEST_STEP][PASSED] - alireview.install.installStep1(): alireview.install.installStep1 is PASSED

2023-02-20 14:26:28 - [MESSAGE][PASSED] - Object: 'Object Repository/Shopify Install App/btn_install_step1' is clicked on

2023-02-20 14:26:28 - [MESSAGE][PASSED] - alireview.install.installStep1 is PASSED

2023-02-20 14:26:28 - [TEST_STEP][PASSED] - shopify.store.clickOnShopifyUserCard(): shopify.store.clickOnShopifyUserCard is PASSED

2023-02-20 14:26:41 - [MESSAGE][PASSED] - Object: 'Object Repository/Shopify/div_user_card_name' is clicked on

2023-02-20 14:26:41 - [MESSAGE][PASSED] - shopify.store.clickOnShopifyUserCard is PASSED

2023-02-20 14:26:41 - [TEST_STEP][PASSED] - alireview.install.onboardingSelectColor(color): alireview.install.onboardingSelectColor is PASSED

2023-02-20 14:26:48 - [MESSAGE][PASSED] - Text '#C75757' is set on object 'Object Repository/Alireview/input_color'

2023-02-20 14:26:48 - [MESSAGE][PASSED] - alireview.install.onboardingSelectColor is PASSED

2023-02-20 14:26:48 - [TEST_STEP][PASSED] - alireview.install.onboardingSelectStyle(layout_type): alireview.install.onboardingSelectStyle is PASSED

2023-02-20 14:26:49 - [MESSAGE][PASSED] - Object: 'Object Repository/Alireview/label_grid_onboarding' is clicked on

2023-02-20 14:26:49 - [MESSAGE][PASSED] - alireview.install.onboardingSelectStyle is PASSED

2023-02-20 14:26:49 - [TEST_STEP][PASSED] - alireview.install.onboardingNext(): alireview.install.onboardingNext is PASSED

2023-02-20 14:26:49 - [MESSAGE][PASSED] - Object: 'Object Repository/Alireview/btn_next_onboarding' is clicked on

2023-02-20 14:26:49 - [MESSAGE][PASSED] - alireview.install.onboardingNext is PASSED

2023-02-20 14:26:49 - [TEST_STEP][PASSED] - alireview.install.clickGetStartOnboarding(): alireview.install.clickGetStartOnboarding is PASSED

2023-02-20 14:26:49 - [MESSAGE][PASSED] - Object: 'Object Repository/Alireview/btn_get_start_onboarding' is clicked on

2023-02-20 14:26:49 - [MESSAGE][PASSED] - alireview.install.clickGetStartOnboarding is PASSED

2023-02-20 14:26:49 - [TEST_STEP][PASSED] - Start tear down : teardownIfPassed: Method 'teardownIfPassed' complete successfully

2023-02-20 14:26:49 - [TEST_STEP][PASSED] - excelFilePath = "Data Files\storefree3_install app stag.xlsx": null

2023-02-20 14:26:49 - [TEST_STEP][PASSED] - data.excel.updateValueToSheet(excelFilePath, "store", 4, store_name, 9, "Installed"): data.excel.updateValueToSheet is PASSED

2023-02-20 14:26:49 - [MESSAGE][PASSED] - data.excel.updateValueToSheet is PASSED

2023-02-20 14:26:49 - [MESSAGE][PASSED] - Method 'teardownIfPassed' complete successfully]]></system-out>
         <system-err><![CDATA[]]></system-err>
      </testcase>
      <testcase name="Test Cases/Alireview/Install new store free" time="87.531" classname="Test Cases/Alireview/Install new store free" status="FAILED">
         <failure type="FAILED" message="Test Cases/Alireview/Install new store free FAILED.
Reason:
com.kms.katalon.core.exception.StepFailedException: Unable to click on object 'Object Repository/Shopify/div_user_card_name' (Root cause: com.kms.katalon.core.exception.StepFailedException: Unable to click on object 'Object Repository/Shopify/div_user_card_name'
	at com.kms.katalon.core.webui.keyword.internal.WebUIKeywordMain.stepFailed(WebUIKeywordMain.groovy:64)
	at com.kms.katalon.core.webui.keyword.internal.WebUIKeywordMain.runKeyword(WebUIKeywordMain.groovy:26)
	at com.kms.katalon.core.webui.keyword.builtin.ClickKeyword.click(ClickKeyword.groovy:74)
	at com.kms.katalon.core.webui.keyword.builtin.ClickKeyword.execute(ClickKeyword.groovy:40)
	at com.kms.katalon.core.keyword.internal.KeywordExecutor.executeKeywordForPlatform(KeywordExecutor.groovy:74)
	at com.kms.katalon.core.webui.keyword.WebUiBuiltInKeywords.click(WebUiBuiltInKeywords.groovy:608)
	at com.kms.katalon.core.webui.keyword.WebUiBuiltInKeywords$click$5.call(Unknown Source)
	at shopify.store.clickOnShopifyUserCard(store.groovy:126)
	at shopify.store.invokeMethod(store.groovy)
	at com.kms.katalon.core.main.CustomKeywordDelegatingMetaClass.invokeStaticMethod(CustomKeywordDelegatingMetaClass.java:55)
	at Install new store free.run(Install new store free:27)
	at com.kms.katalon.core.main.ScriptEngine.run(ScriptEngine.java:194)
	at com.kms.katalon.core.main.ScriptEngine.runScriptAsRawText(ScriptEngine.java:119)
	at com.kms.katalon.core.main.TestCaseExecutor.runScript(TestCaseExecutor.java:448)
	at com.kms.katalon.core.main.TestCaseExecutor.doExecute(TestCaseExecutor.java:439)
	at com.kms.katalon.core.main.TestCaseExecutor.processExecutionPhase(TestCaseExecutor.java:418)
	at com.kms.katalon.core.main.TestCaseExecutor.accessMainPhase(TestCaseExecutor.java:410)
	at com.kms.katalon.core.main.TestCaseExecutor.execute(TestCaseExecutor.java:285)
	at com.kms.katalon.core.common.CommonExecutor.accessTestCaseMainPhase(CommonExecutor.java:65)
	at com.kms.katalon.core.main.TestSuiteExecutor.accessTestSuiteMainPhase(TestSuiteExecutor.java:151)
	at com.kms.katalon.core.main.TestSuiteExecutor.execute(TestSuiteExecutor.java:106)
	at com.kms.katalon.core.main.TestCaseMain.startTestSuite(TestCaseMain.java:185)
	at com.kms.katalon.core.main.TestCaseMain$startTestSuite$0.call(Unknown Source)
	at TempTestSuite1676876596469.run(TempTestSuite1676876596469.groovy:36)
Caused by: com.kms.katalon.core.webui.exception.WebElementNotFoundException: Web element with id: 'Object Repository/Shopify/div_user_card_name' located by '//*[@class = 'user-card__name']' not found
	at com.kms.katalon.core.webui.common.WebUiCommonHelper.findWebElement(WebUiCommonHelper.java:1370)
	at com.kms.katalon.core.webui.keyword.internal.WebUIAbstractKeyword.findWebElement(WebUIAbstractKeyword.groovy:27)
	at com.kms.katalon.core.webui.keyword.builtin.ClickKeyword$_click_closure1.doCall(ClickKeyword.groovy:65)
	at com.kms.katalon.core.webui.keyword.builtin.ClickKeyword$_click_closure1.call(ClickKeyword.groovy)
	at com.kms.katalon.core.webui.keyword.internal.WebUIKeywordMain.runKeyword(WebUIKeywordMain.groovy:20)
	at com.kms.katalon.core.webui.keyword.builtin.ClickKeyword.click(ClickKeyword.groovy:74)
	at com.kms.katalon.core.webui.keyword.builtin.ClickKeyword.execute(ClickKeyword.groovy:40)
	at com.kms.katalon.core.keyword.internal.KeywordExecutor.executeKeywordForPlatform(KeywordExecutor.groovy:74)
	at com.kms.katalon.core.webui.keyword.WebUiBuiltInKeywords.click(WebUiBuiltInKeywords.groovy:608)
	at com.kms.katalon.core.webui.keyword.WebUiBuiltInKeywords$click$5.call(Unknown Source)
	at shopify.store.clickOnShopifyUserCard(store.groovy:126)
	at shopify.store.invokeMethod(store.groovy)
	at com.kms.katalon.core.main.CustomKeywordDelegatingMetaClass.invokeStaticMethod(CustomKeywordDelegatingMetaClass.java:55)
	at Script1673948457755.run(Script1673948457755.groovy:27)
	... 13 more
)
	at com.kms.katalon.core.keyword.internal.KeywordMain.stepFailed(KeywordMain.groovy:39)
	at com.kms.katalon.core.webui.keyword.internal.WebUIKeywordMain.stepFailed(WebUIKeywordMain.groovy:64)
	at com.kms.katalon.core.webui.keyword.internal.WebUIKeywordMain.runKeyword(WebUIKeywordMain.groovy:26)
	at com.kms.katalon.core.webui.keyword.builtin.ClickKeyword.click(ClickKeyword.groovy:74)
	at com.kms.katalon.core.webui.keyword.builtin.ClickKeyword.execute(ClickKeyword.groovy:40)
	at com.kms.katalon.core.keyword.internal.KeywordExecutor.executeKeywordForPlatform(KeywordExecutor.groovy:74)
	at com.kms.katalon.core.webui.keyword.WebUiBuiltInKeywords.click(WebUiBuiltInKeywords.groovy:608)
	at com.kms.katalon.core.webui.keyword.WebUiBuiltInKeywords$click$5.call(Unknown Source)
	at shopify.store.clickOnShopifyUserCard(store.groovy:126)
	at shopify.store.invokeMethod(store.groovy)
	at com.kms.katalon.core.main.CustomKeywordDelegatingMetaClass.invokeStaticMethod(CustomKeywordDelegatingMetaClass.java:55)
	at Install new store free.run(Install new store free:27)
	at com.kms.katalon.core.main.ScriptEngine.run(ScriptEngine.java:194)
	at com.kms.katalon.core.main.ScriptEngine.runScriptAsRawText(ScriptEngine.java:119)
	at com.kms.katalon.core.main.TestCaseExecutor.runScript(TestCaseExecutor.java:448)
	at com.kms.katalon.core.main.TestCaseExecutor.doExecute(TestCaseExecutor.java:439)
	at com.kms.katalon.core.main.TestCaseExecutor.processExecutionPhase(TestCaseExecutor.java:418)
	at com.kms.katalon.core.main.TestCaseExecutor.accessMainPhase(TestCaseExecutor.java:410)
	at com.kms.katalon.core.main.TestCaseExecutor.execute(TestCaseExecutor.java:285)
	at com.kms.katalon.core.common.CommonExecutor.accessTestCaseMainPhase(CommonExecutor.java:65)
	at com.kms.katalon.core.main.TestSuiteExecutor.accessTestSuiteMainPhase(TestSuiteExecutor.java:151)
	at com.kms.katalon.core.main.TestSuiteExecutor.execute(TestSuiteExecutor.java:106)
	at com.kms.katalon.core.main.TestCaseMain.startTestSuite(TestCaseMain.java:185)
	at com.kms.katalon.core.main.TestCaseMain$startTestSuite$0.call(Unknown Source)
	at TempTestSuite1676876596469.run(TempTestSuite1676876596469.groovy:36)
Caused by: com.kms.katalon.core.exception.StepFailedException: Unable to click on object 'Object Repository/Shopify/div_user_card_name'
	... 24 more
Caused by: com.kms.katalon.core.webui.exception.WebElementNotFoundException: Web element with id: 'Object Repository/Shopify/div_user_card_name' located by '//*[@class = 'user-card__name']' not found
	at com.kms.katalon.core.webui.common.WebUiCommonHelper.findWebElement(WebUiCommonHelper.java:1370)
	at com.kms.katalon.core.webui.keyword.internal.WebUIAbstractKeyword.findWebElement(WebUIAbstractKeyword.groovy:27)
	at com.kms.katalon.core.webui.keyword.builtin.ClickKeyword$_click_closure1.doCall(ClickKeyword.groovy:65)
	at com.kms.katalon.core.webui.keyword.builtin.ClickKeyword$_click_closure1.call(ClickKeyword.groovy)
	at com.kms.katalon.core.webui.keyword.internal.WebUIKeywordMain.runKeyword(WebUIKeywordMain.groovy:20)
	... 22 more
"/>
         <system-out><![CDATA[2023-02-20 14:26:49 - [TEST_CASE][FAILED] - Test Cases/Alireview/Install new store free: Test Cases/Alireview/Install new store free FAILED.
Reason:
com.kms.katalon.core.exception.StepFailedException: Unable to click on object 'Object Repository/Shopify/div_user_card_name' (Root cause: com.kms.katalon.core.exception.StepFailedException: Unable to click on object 'Object Repository/Shopify/div_user_card_name'
	at com.kms.katalon.core.webui.keyword.internal.WebUIKeywordMain.stepFailed(WebUIKeywordMain.groovy:64)
	at com.kms.katalon.core.webui.keyword.internal.WebUIKeywordMain.runKeyword(WebUIKeywordMain.groovy:26)
	at com.kms.katalon.core.webui.keyword.builtin.ClickKeyword.click(ClickKeyword.groovy:74)
	at com.kms.katalon.core.webui.keyword.builtin.ClickKeyword.execute(ClickKeyword.groovy:40)
	at com.kms.katalon.core.keyword.internal.KeywordExecutor.executeKeywordForPlatform(KeywordExecutor.groovy:74)
	at com.kms.katalon.core.webui.keyword.WebUiBuiltInKeywords.click(WebUiBuiltInKeywords.groovy:608)
	at com.kms.katalon.core.webui.keyword.WebUiBuiltInKeywords$click$5.call(Unknown Source)
	at shopify.store.clickOnShopifyUserCard(store.groovy:126)
	at shopify.store.invokeMethod(store.groovy)
	at com.kms.katalon.core.main.CustomKeywordDelegatingMetaClass.invokeStaticMethod(CustomKeywordDelegatingMetaClass.java:55)
	at Install new store free.run(Install new store free:27)
	at com.kms.katalon.core.main.ScriptEngine.run(ScriptEngine.java:194)
	at com.kms.katalon.core.main.ScriptEngine.runScriptAsRawText(ScriptEngine.java:119)
	at com.kms.katalon.core.main.TestCaseExecutor.runScript(TestCaseExecutor.java:448)
	at com.kms.katalon.core.main.TestCaseExecutor.doExecute(TestCaseExecutor.java:439)
	at com.kms.katalon.core.main.TestCaseExecutor.processExecutionPhase(TestCaseExecutor.java:418)
	at com.kms.katalon.core.main.TestCaseExecutor.accessMainPhase(TestCaseExecutor.java:410)
	at com.kms.katalon.core.main.TestCaseExecutor.execute(TestCaseExecutor.java:285)
	at com.kms.katalon.core.common.CommonExecutor.accessTestCaseMainPhase(CommonExecutor.java:65)
	at com.kms.katalon.core.main.TestSuiteExecutor.accessTestSuiteMainPhase(TestSuiteExecutor.java:151)
	at com.kms.katalon.core.main.TestSuiteExecutor.execute(TestSuiteExecutor.java:106)
	at com.kms.katalon.core.main.TestCaseMain.startTestSuite(TestCaseMain.java:185)
	at com.kms.katalon.core.main.TestCaseMain$startTestSuite$0.call(Unknown Source)
	at TempTestSuite1676876596469.run(TempTestSuite1676876596469.groovy:36)
Caused by: com.kms.katalon.core.webui.exception.WebElementNotFoundException: Web element with id: 'Object Repository/Shopify/div_user_card_name' located by '//*[@class = 'user-card__name']' not found
	at com.kms.katalon.core.webui.common.WebUiCommonHelper.findWebElement(WebUiCommonHelper.java:1370)
	at com.kms.katalon.core.webui.keyword.internal.WebUIAbstractKeyword.findWebElement(WebUIAbstractKeyword.groovy:27)
	at com.kms.katalon.core.webui.keyword.builtin.ClickKeyword$_click_closure1.doCall(ClickKeyword.groovy:65)
	at com.kms.katalon.core.webui.keyword.builtin.ClickKeyword$_click_closure1.call(ClickKeyword.groovy)
	at com.kms.katalon.core.webui.keyword.internal.WebUIKeywordMain.runKeyword(WebUIKeywordMain.groovy:20)
	at com.kms.katalon.core.webui.keyword.builtin.ClickKeyword.click(ClickKeyword.groovy:74)
	at com.kms.katalon.core.webui.keyword.builtin.ClickKeyword.execute(ClickKeyword.groovy:40)
	at com.kms.katalon.core.keyword.internal.KeywordExecutor.executeKeywordForPlatform(KeywordExecutor.groovy:74)
	at com.kms.katalon.core.webui.keyword.WebUiBuiltInKeywords.click(WebUiBuiltInKeywords.groovy:608)
	at com.kms.katalon.core.webui.keyword.WebUiBuiltInKeywords$click$5.call(Unknown Source)
	at shopify.store.clickOnShopifyUserCard(store.groovy:126)
	at shopify.store.invokeMethod(store.groovy)
	at com.kms.katalon.core.main.CustomKeywordDelegatingMetaClass.invokeStaticMethod(CustomKeywordDelegatingMetaClass.java:55)
	at Script1673948457755.run(Script1673948457755.groovy:27)
	... 13 more
)
	at com.kms.katalon.core.keyword.internal.KeywordMain.stepFailed(KeywordMain.groovy:39)
	at com.kms.katalon.core.webui.keyword.internal.WebUIKeywordMain.stepFailed(WebUIKeywordMain.groovy:64)
	at com.kms.katalon.core.webui.keyword.internal.WebUIKeywordMain.runKeyword(WebUIKeywordMain.groovy:26)
	at com.kms.katalon.core.webui.keyword.builtin.ClickKeyword.click(ClickKeyword.groovy:74)
	at com.kms.katalon.core.webui.keyword.builtin.ClickKeyword.execute(ClickKeyword.groovy:40)
	at com.kms.katalon.core.keyword.internal.KeywordExecutor.executeKeywordForPlatform(KeywordExecutor.groovy:74)
	at com.kms.katalon.core.webui.keyword.WebUiBuiltInKeywords.click(WebUiBuiltInKeywords.groovy:608)
	at com.kms.katalon.core.webui.keyword.WebUiBuiltInKeywords$click$5.call(Unknown Source)
	at shopify.store.clickOnShopifyUserCard(store.groovy:126)
	at shopify.store.invokeMethod(store.groovy)
	at com.kms.katalon.core.main.CustomKeywordDelegatingMetaClass.invokeStaticMethod(CustomKeywordDelegatingMetaClass.java:55)
	at Install new store free.run(Install new store free:27)
	at com.kms.katalon.core.main.ScriptEngine.run(ScriptEngine.java:194)
	at com.kms.katalon.core.main.ScriptEngine.runScriptAsRawText(ScriptEngine.java:119)
	at com.kms.katalon.core.main.TestCaseExecutor.runScript(TestCaseExecutor.java:448)
	at com.kms.katalon.core.main.TestCaseExecutor.doExecute(TestCaseExecutor.java:439)
	at com.kms.katalon.core.main.TestCaseExecutor.processExecutionPhase(TestCaseExecutor.java:418)
	at com.kms.katalon.core.main.TestCaseExecutor.accessMainPhase(TestCaseExecutor.java:410)
	at com.kms.katalon.core.main.TestCaseExecutor.execute(TestCaseExecutor.java:285)
	at com.kms.katalon.core.common.CommonExecutor.accessTestCaseMainPhase(CommonExecutor.java:65)
	at com.kms.katalon.core.main.TestSuiteExecutor.accessTestSuiteMainPhase(TestSuiteExecutor.java:151)
	at com.kms.katalon.core.main.TestSuiteExecutor.execute(TestSuiteExecutor.java:106)
	at com.kms.katalon.core.main.TestCaseMain.startTestSuite(TestCaseMain.java:185)
	at com.kms.katalon.core.main.TestCaseMain$startTestSuite$0.call(Unknown Source)
	at TempTestSuite1676876596469.run(TempTestSuite1676876596469.groovy:36)
Caused by: com.kms.katalon.core.exception.StepFailedException: Unable to click on object 'Object Repository/Shopify/div_user_card_name'
	... 24 more
Caused by: com.kms.katalon.core.webui.exception.WebElementNotFoundException: Web element with id: 'Object Repository/Shopify/div_user_card_name' located by '//*[@class = 'user-card__name']' not found
	at com.kms.katalon.core.webui.common.WebUiCommonHelper.findWebElement(WebUiCommonHelper.java:1370)
	at com.kms.katalon.core.webui.keyword.internal.WebUIAbstractKeyword.findWebElement(WebUIAbstractKeyword.groovy:27)
	at com.kms.katalon.core.webui.keyword.builtin.ClickKeyword$_click_closure1.doCall(ClickKeyword.groovy:65)
	at com.kms.katalon.core.webui.keyword.builtin.ClickKeyword$_click_closure1.call(ClickKeyword.groovy)
	at com.kms.katalon.core.webui.keyword.internal.WebUIKeywordMain.runKeyword(WebUIKeywordMain.groovy:20)
	... 22 more


2023-02-20 14:26:49 - [TEST_STEP][PASSED] - Start listener action : skipStatus: null

2023-02-20 14:26:49 - [TEST_STEP][PASSED] - map = testCaseContext.getTestCaseVariables(): null

2023-02-20 14:26:49 - [TEST_STEP][PASSED] - testcae_status = map.get("testcase_status"): null

2023-02-20 14:26:49 - [TEST_STEP][PASSED] - println(testcae_status): null

2023-02-20 14:26:49 - [TEST_STEP][PASSED] - if (testcae_status == "Passed" || testcae_status == "Failed"): null

2023-02-20 14:26:49 - [TEST_STEP][PASSED] - openBrowser(""): Browser is opened with url: ''

2023-02-20 14:26:49 - [MESSAGE][WARNING] - A browser is already opened. Closing browser and opening a new one

2023-02-20 14:26:50 - [MESSAGE][INFO] - Starting 'Chrome' driver

2023-02-20 14:26:50 - [MESSAGE][INFO] - Action delay is set to 0 milliseconds

2023-02-20 14:26:51 - [MESSAGE][PASSED] - Browser is opened with url: ''

2023-02-20 14:26:51 - [TEST_STEP][PASSED] - maximizeWindow(): Current window maximized

2023-02-20 14:26:51 - [MESSAGE][PASSED] - Current window maximized

2023-02-20 14:26:51 - [TEST_STEP][PASSED] - shopify.store.loginToStoreAdmin(partner_email, partner_password, store_name): shopify.store.loginToStoreAdmin is PASSED

2023-02-20 14:26:56 - [MESSAGE][PASSED] - Navigate to 'http://huynh-ar-stag-2359.myshopify.com/admin' successfully

2023-02-20 14:26:56 - [MESSAGE][PASSED] - Text 'huynh@firegroup.io' is set on object 'Object Repository/Shopify/input_email_shopify'

2023-02-20 14:26:59 - [MESSAGE][PASSED] - Object: 'Object Repository/Shopify/btn_continue_with_email' is clicked on

2023-02-20 14:27:01 - [MESSAGE][PASSED] - Text ****** has been set on object 'Object Repository/Shopify/input_password_shopify'

2023-02-20 14:27:20 - [MESSAGE][PASSED] - Object: 'Object Repository/Shopify/btn_login' is clicked on

2023-02-20 14:27:20 - [MESSAGE][PASSED] - shopify.store.loginToStoreAdmin is PASSED

2023-02-20 14:27:20 - [TEST_STEP][PASSED] - alireview.install.inputRawDomain(store_name, host): alireview.install.inputRawDomain is PASSED

2023-02-20 14:27:35 - [MESSAGE][PASSED] - Navigate to 'https://ar-app-staging.fireapps.tech/' successfully

2023-02-20 14:27:36 - [MESSAGE][PASSED] - Text 'huynh-ar-stag-2359' is set on object 'Object Repository/Alireview/input_shop'

2023-02-20 14:27:39 - [MESSAGE][PASSED] - Object: 'Object Repository/Alireview/btn_login' is clicked on

2023-02-20 14:27:39 - [MESSAGE][PASSED] - alireview.install.inputRawDomain is PASSED

2023-02-20 14:27:39 - [TEST_STEP][PASSED] - alireview.install.installStep1(): alireview.install.installStep1 is PASSED

2023-02-20 14:27:42 - [MESSAGE][PASSED] - Object: 'Object Repository/Shopify Install App/btn_install_step1' is clicked on

2023-02-20 14:27:42 - [MESSAGE][PASSED] - alireview.install.installStep1 is PASSED

2023-02-20 14:27:42 - [TEST_STEP][FAILED] - shopify.store.clickOnShopifyUserCard(): com.kms.katalon.core.exception.StepFailedException: Unable to click on object 'Object Repository/Shopify/div_user_card_name' (Root cause: com.kms.katalon.core.exception.StepFailedException: Unable to click on object 'Object Repository/Shopify/div_user_card_name'
	at com.kms.katalon.core.webui.keyword.internal.WebUIKeywordMain.stepFailed(WebUIKeywordMain.groovy:64)
	at com.kms.katalon.core.webui.keyword.internal.WebUIKeywordMain.runKeyword(WebUIKeywordMain.groovy:26)
	at com.kms.katalon.core.webui.keyword.builtin.ClickKeyword.click(ClickKeyword.groovy:74)
	at com.kms.katalon.core.webui.keyword.builtin.ClickKeyword.execute(ClickKeyword.groovy:40)
	at com.kms.katalon.core.keyword.internal.KeywordExecutor.executeKeywordForPlatform(KeywordExecutor.groovy:74)
	at com.kms.katalon.core.webui.keyword.WebUiBuiltInKeywords.click(WebUiBuiltInKeywords.groovy:608)
	at com.kms.katalon.core.webui.keyword.WebUiBuiltInKeywords$click$5.call(Unknown Source)
	at shopify.store.clickOnShopifyUserCard(store.groovy:126)
	at shopify.store.invokeMethod(store.groovy)
	at com.kms.katalon.core.main.CustomKeywordDelegatingMetaClass.invokeStaticMethod(CustomKeywordDelegatingMetaClass.java:55)
	at Install new store free.run(Install new store free:27)
	at com.kms.katalon.core.main.ScriptEngine.run(ScriptEngine.java:194)
	at com.kms.katalon.core.main.ScriptEngine.runScriptAsRawText(ScriptEngine.java:119)
	at com.kms.katalon.core.main.TestCaseExecutor.runScript(TestCaseExecutor.java:448)
	at com.kms.katalon.core.main.TestCaseExecutor.doExecute(TestCaseExecutor.java:439)
	at com.kms.katalon.core.main.TestCaseExecutor.processExecutionPhase(TestCaseExecutor.java:418)
	at com.kms.katalon.core.main.TestCaseExecutor.accessMainPhase(TestCaseExecutor.java:410)
	at com.kms.katalon.core.main.TestCaseExecutor.execute(TestCaseExecutor.java:285)
	at com.kms.katalon.core.common.CommonExecutor.accessTestCaseMainPhase(CommonExecutor.java:65)
	at com.kms.katalon.core.main.TestSuiteExecutor.accessTestSuiteMainPhase(TestSuiteExecutor.java:151)
	at com.kms.katalon.core.main.TestSuiteExecutor.execute(TestSuiteExecutor.java:106)
	at com.kms.katalon.core.main.TestCaseMain.startTestSuite(TestCaseMain.java:185)
	at com.kms.katalon.core.main.TestCaseMain$startTestSuite$0.call(Unknown Source)
	at TempTestSuite1676876596469.run(TempTestSuite1676876596469.groovy:36)
Caused by: com.kms.katalon.core.webui.exception.WebElementNotFoundException: Web element with id: 'Object Repository/Shopify/div_user_card_name' located by '//*[@class = 'user-card__name']' not found
	at com.kms.katalon.core.webui.common.WebUiCommonHelper.findWebElement(WebUiCommonHelper.java:1370)
	at com.kms.katalon.core.webui.keyword.internal.WebUIAbstractKeyword.findWebElement(WebUIAbstractKeyword.groovy:27)
	at com.kms.katalon.core.webui.keyword.builtin.ClickKeyword$_click_closure1.doCall(ClickKeyword.groovy:65)
	at com.kms.katalon.core.webui.keyword.builtin.ClickKeyword$_click_closure1.call(ClickKeyword.groovy)
	at com.kms.katalon.core.webui.keyword.internal.WebUIKeywordMain.runKeyword(WebUIKeywordMain.groovy:20)
	at com.kms.katalon.core.webui.keyword.builtin.ClickKeyword.click(ClickKeyword.groovy:74)
	at com.kms.katalon.core.webui.keyword.builtin.ClickKeyword.execute(ClickKeyword.groovy:40)
	at com.kms.katalon.core.keyword.internal.KeywordExecutor.executeKeywordForPlatform(KeywordExecutor.groovy:74)
	at com.kms.katalon.core.webui.keyword.WebUiBuiltInKeywords.click(WebUiBuiltInKeywords.groovy:608)
	at com.kms.katalon.core.webui.keyword.WebUiBuiltInKeywords$click$5.call(Unknown Source)
	at shopify.store.clickOnShopifyUserCard(store.groovy:126)
	at shopify.store.invokeMethod(store.groovy)
	at com.kms.katalon.core.main.CustomKeywordDelegatingMetaClass.invokeStaticMethod(CustomKeywordDelegatingMetaClass.java:55)
	at Script1673948457755.run(Script1673948457755.groovy:27)
	... 13 more
)

2023-02-20 14:28:14 - [MESSAGE][INFO] - Unable to find the element located by 'By.xpath: //*[@class = 'user-card__name']'. Please recheck the objects properties to make sure the desired element is located. 

2023-02-20 14:28:14 - [MESSAGE][WARNING] - [SELF-HEALING] Failed to find element with id 'Object Repository/Shopify/div_user_card_name'. Try using Self-healing.

2023-02-20 14:28:14 - [MESSAGE][WARNING] - [SELF-HEALING] Cannot find elements when the XPath is null.

2023-02-20 14:28:14 - [MESSAGE][WARNING] - [SELF-HEALING] Cannot find elements when the selector is null

2023-02-20 14:28:15 - [MESSAGE][FAILED] - Unable to click on object 'Object Repository/Shopify/div_user_card_name' (Root cause: com.kms.katalon.core.exception.StepFailedException: Unable to click on object 'Object Repository/Shopify/div_user_card_name'
	at com.kms.katalon.core.webui.keyword.internal.WebUIKeywordMain.stepFailed(WebUIKeywordMain.groovy:64)
	at com.kms.katalon.core.webui.keyword.internal.WebUIKeywordMain.runKeyword(WebUIKeywordMain.groovy:26)
	at com.kms.katalon.core.webui.keyword.builtin.ClickKeyword.click(ClickKeyword.groovy:74)
	at com.kms.katalon.core.webui.keyword.builtin.ClickKeyword.execute(ClickKeyword.groovy:40)
	at com.kms.katalon.core.keyword.internal.KeywordExecutor.executeKeywordForPlatform(KeywordExecutor.groovy:74)
	at com.kms.katalon.core.webui.keyword.WebUiBuiltInKeywords.click(WebUiBuiltInKeywords.groovy:608)
	at com.kms.katalon.core.webui.keyword.WebUiBuiltInKeywords$click$5.call(Unknown Source)
	at shopify.store.clickOnShopifyUserCard(store.groovy:126)
	at shopify.store.invokeMethod(store.groovy)
	at com.kms.katalon.core.main.CustomKeywordDelegatingMetaClass.invokeStaticMethod(CustomKeywordDelegatingMetaClass.java:55)
	at Install new store free.run(Install new store free:27)
	at com.kms.katalon.core.main.ScriptEngine.run(ScriptEngine.java:194)
	at com.kms.katalon.core.main.ScriptEngine.runScriptAsRawText(ScriptEngine.java:119)
	at com.kms.katalon.core.main.TestCaseExecutor.runScript(TestCaseExecutor.java:448)
	at com.kms.katalon.core.main.TestCaseExecutor.doExecute(TestCaseExecutor.java:439)
	at com.kms.katalon.core.main.TestCaseExecutor.processExecutionPhase(TestCaseExecutor.java:418)
	at com.kms.katalon.core.main.TestCaseExecutor.accessMainPhase(TestCaseExecutor.java:410)
	at com.kms.katalon.core.main.TestCaseExecutor.execute(TestCaseExecutor.java:285)
	at com.kms.katalon.core.common.CommonExecutor.accessTestCaseMainPhase(CommonExecutor.java:65)
	at com.kms.katalon.core.main.TestSuiteExecutor.accessTestSuiteMainPhase(TestSuiteExecutor.java:151)
	at com.kms.katalon.core.main.TestSuiteExecutor.execute(TestSuiteExecutor.java:106)
	at com.kms.katalon.core.main.TestCaseMain.startTestSuite(TestCaseMain.java:185)
	at com.kms.katalon.core.main.TestCaseMain$startTestSuite$0.call(Unknown Source)
	at TempTestSuite1676876596469.run(TempTestSuite1676876596469.groovy:36)
Caused by: com.kms.katalon.core.webui.exception.WebElementNotFoundException: Web element with id: 'Object Repository/Shopify/div_user_card_name' located by '//*[@class = 'user-card__name']' not found
	at com.kms.katalon.core.webui.common.WebUiCommonHelper.findWebElement(WebUiCommonHelper.java:1370)
	at com.kms.katalon.core.webui.keyword.internal.WebUIAbstractKeyword.findWebElement(WebUIAbstractKeyword.groovy:27)
	at com.kms.katalon.core.webui.keyword.builtin.ClickKeyword$_click_closure1.doCall(ClickKeyword.groovy:65)
	at com.kms.katalon.core.webui.keyword.builtin.ClickKeyword$_click_closure1.call(ClickKeyword.groovy)
	at com.kms.katalon.core.webui.keyword.internal.WebUIKeywordMain.runKeyword(WebUIKeywordMain.groovy:20)
	at com.kms.katalon.core.webui.keyword.builtin.ClickKeyword.click(ClickKeyword.groovy:74)
	at com.kms.katalon.core.webui.keyword.builtin.ClickKeyword.execute(ClickKeyword.groovy:40)
	at com.kms.katalon.core.keyword.internal.KeywordExecutor.executeKeywordForPlatform(KeywordExecutor.groovy:74)
	at com.kms.katalon.core.webui.keyword.WebUiBuiltInKeywords.click(WebUiBuiltInKeywords.groovy:608)
	at com.kms.katalon.core.webui.keyword.WebUiBuiltInKeywords$click$5.call(Unknown Source)
	at shopify.store.clickOnShopifyUserCard(store.groovy:126)
	at shopify.store.invokeMethod(store.groovy)
	at com.kms.katalon.core.main.CustomKeywordDelegatingMetaClass.invokeStaticMethod(CustomKeywordDelegatingMetaClass.java:55)
	at Script1673948457755.run(Script1673948457755.groovy:27)
	... 13 more
)
[[ATTACHMENT|C:\\Users\\huynh\\Documents\\Socialhead\\Automation\\Katalon project\\CreateStore\\CreateStore\\Reports\\20230220_140316\\Alireview\\Install Store Free\\20230220_140316\\1676878094909.png]]

2023-02-20 14:28:15 - [MESSAGE][FAILED] - com.kms.katalon.core.exception.StepFailedException: Unable to click on object 'Object Repository/Shopify/div_user_card_name' (Root cause: com.kms.katalon.core.exception.StepFailedException: Unable to click on object 'Object Repository/Shopify/div_user_card_name'
	at com.kms.katalon.core.webui.keyword.internal.WebUIKeywordMain.stepFailed(WebUIKeywordMain.groovy:64)
	at com.kms.katalon.core.webui.keyword.internal.WebUIKeywordMain.runKeyword(WebUIKeywordMain.groovy:26)
	at com.kms.katalon.core.webui.keyword.builtin.ClickKeyword.click(ClickKeyword.groovy:74)
	at com.kms.katalon.core.webui.keyword.builtin.ClickKeyword.execute(ClickKeyword.groovy:40)
	at com.kms.katalon.core.keyword.internal.KeywordExecutor.executeKeywordForPlatform(KeywordExecutor.groovy:74)
	at com.kms.katalon.core.webui.keyword.WebUiBuiltInKeywords.click(WebUiBuiltInKeywords.groovy:608)
	at com.kms.katalon.core.webui.keyword.WebUiBuiltInKeywords$click$5.call(Unknown Source)
	at shopify.store.clickOnShopifyUserCard(store.groovy:126)
	at shopify.store.invokeMethod(store.groovy)
	at com.kms.katalon.core.main.CustomKeywordDelegatingMetaClass.invokeStaticMethod(CustomKeywordDelegatingMetaClass.java:55)
	at Install new store free.run(Install new store free:27)
	at com.kms.katalon.core.main.ScriptEngine.run(ScriptEngine.java:194)
	at com.kms.katalon.core.main.ScriptEngine.runScriptAsRawText(ScriptEngine.java:119)
	at com.kms.katalon.core.main.TestCaseExecutor.runScript(TestCaseExecutor.java:448)
	at com.kms.katalon.core.main.TestCaseExecutor.doExecute(TestCaseExecutor.java:439)
	at com.kms.katalon.core.main.TestCaseExecutor.processExecutionPhase(TestCaseExecutor.java:418)
	at com.kms.katalon.core.main.TestCaseExecutor.accessMainPhase(TestCaseExecutor.java:410)
	at com.kms.katalon.core.main.TestCaseExecutor.execute(TestCaseExecutor.java:285)
	at com.kms.katalon.core.common.CommonExecutor.accessTestCaseMainPhase(CommonExecutor.java:65)
	at com.kms.katalon.core.main.TestSuiteExecutor.accessTestSuiteMainPhase(TestSuiteExecutor.java:151)
	at com.kms.katalon.core.main.TestSuiteExecutor.execute(TestSuiteExecutor.java:106)
	at com.kms.katalon.core.main.TestCaseMain.startTestSuite(TestCaseMain.java:185)
	at com.kms.katalon.core.main.TestCaseMain$startTestSuite$0.call(Unknown Source)
	at TempTestSuite1676876596469.run(TempTestSuite1676876596469.groovy:36)
Caused by: com.kms.katalon.core.webui.exception.WebElementNotFoundException: Web element with id: 'Object Repository/Shopify/div_user_card_name' located by '//*[@class = 'user-card__name']' not found
	at com.kms.katalon.core.webui.common.WebUiCommonHelper.findWebElement(WebUiCommonHelper.java:1370)
	at com.kms.katalon.core.webui.keyword.internal.WebUIAbstractKeyword.findWebElement(WebUIAbstractKeyword.groovy:27)
	at com.kms.katalon.core.webui.keyword.builtin.ClickKeyword$_click_closure1.doCall(ClickKeyword.groovy:65)
	at com.kms.katalon.core.webui.keyword.builtin.ClickKeyword$_click_closure1.call(ClickKeyword.groovy)
	at com.kms.katalon.core.webui.keyword.internal.WebUIKeywordMain.runKeyword(WebUIKeywordMain.groovy:20)
	at com.kms.katalon.core.webui.keyword.builtin.ClickKeyword.click(ClickKeyword.groovy:74)
	at com.kms.katalon.core.webui.keyword.builtin.ClickKeyword.execute(ClickKeyword.groovy:40)
	at com.kms.katalon.core.keyword.internal.KeywordExecutor.executeKeywordForPlatform(KeywordExecutor.groovy:74)
	at com.kms.katalon.core.webui.keyword.WebUiBuiltInKeywords.click(WebUiBuiltInKeywords.groovy:608)
	at com.kms.katalon.core.webui.keyword.WebUiBuiltInKeywords$click$5.call(Unknown Source)
	at shopify.store.clickOnShopifyUserCard(store.groovy:126)
	at shopify.store.invokeMethod(store.groovy)
	at com.kms.katalon.core.main.CustomKeywordDelegatingMetaClass.invokeStaticMethod(CustomKeywordDelegatingMetaClass.java:55)
	at Script1673948457755.run(Script1673948457755.groovy:27)
	... 13 more
)

2023-02-20 14:28:15 - [TEST_STEP][PASSED] - alireview.install.onboardingSelectColor(color): alireview.install.onboardingSelectColor is PASSED

2023-02-20 14:28:15 - [MESSAGE][PASSED] - Text '#C75757' is set on object 'Object Repository/Alireview/input_color'

2023-02-20 14:28:15 - [MESSAGE][PASSED] - alireview.install.onboardingSelectColor is PASSED

2023-02-20 14:28:15 - [TEST_STEP][PASSED] - alireview.install.onboardingSelectStyle(layout_type): alireview.install.onboardingSelectStyle is PASSED

2023-02-20 14:28:15 - [MESSAGE][PASSED] - Object: 'Object Repository/Alireview/label_grid_onboarding' is clicked on

2023-02-20 14:28:15 - [MESSAGE][PASSED] - alireview.install.onboardingSelectStyle is PASSED

2023-02-20 14:28:15 - [TEST_STEP][PASSED] - alireview.install.onboardingNext(): alireview.install.onboardingNext is PASSED

2023-02-20 14:28:16 - [MESSAGE][PASSED] - Object: 'Object Repository/Alireview/btn_next_onboarding' is clicked on

2023-02-20 14:28:16 - [MESSAGE][PASSED] - alireview.install.onboardingNext is PASSED

2023-02-20 14:28:16 - [TEST_STEP][PASSED] - alireview.install.clickGetStartOnboarding(): alireview.install.clickGetStartOnboarding is PASSED

2023-02-20 14:28:17 - [MESSAGE][PASSED] - Object: 'Object Repository/Alireview/btn_get_start_onboarding' is clicked on

2023-02-20 14:28:17 - [MESSAGE][PASSED] - alireview.install.clickGetStartOnboarding is PASSED

2023-02-20 14:28:17 - [TEST_STEP][PASSED] - Start tear down : teardownIfFailed: Method 'teardownIfFailed' complete successfully

2023-02-20 14:28:17 - [TEST_STEP][PASSED] - excelFilePath = "Data Files\storefree3_install app stag.xlsx": null

2023-02-20 14:28:17 - [TEST_STEP][PASSED] - data.excel.updateValueToSheet(excelFilePath, "store", 4, store_name, 9, "Not install"): data.excel.updateValueToSheet is PASSED

2023-02-20 14:28:17 - [MESSAGE][PASSED] - data.excel.updateValueToSheet is PASSED

2023-02-20 14:28:17 - [MESSAGE][PASSED] - Method 'teardownIfFailed' complete successfully]]></system-out>
         <system-err><![CDATA[2023-02-20 14:26:49 - [TEST_CASE][FAILED] - Test Cases/Alireview/Install new store free: Test Cases/Alireview/Install new store free FAILED.
Reason:
com.kms.katalon.core.exception.StepFailedException: Unable to click on object 'Object Repository/Shopify/div_user_card_name' (Root cause: com.kms.katalon.core.exception.StepFailedException: Unable to click on object 'Object Repository/Shopify/div_user_card_name'
	at com.kms.katalon.core.webui.keyword.internal.WebUIKeywordMain.stepFailed(WebUIKeywordMain.groovy:64)
	at com.kms.katalon.core.webui.keyword.internal.WebUIKeywordMain.runKeyword(WebUIKeywordMain.groovy:26)
	at com.kms.katalon.core.webui.keyword.builtin.ClickKeyword.click(ClickKeyword.groovy:74)
	at com.kms.katalon.core.webui.keyword.builtin.ClickKeyword.execute(ClickKeyword.groovy:40)
	at com.kms.katalon.core.keyword.internal.KeywordExecutor.executeKeywordForPlatform(KeywordExecutor.groovy:74)
	at com.kms.katalon.core.webui.keyword.WebUiBuiltInKeywords.click(WebUiBuiltInKeywords.groovy:608)
	at com.kms.katalon.core.webui.keyword.WebUiBuiltInKeywords$click$5.call(Unknown Source)
	at shopify.store.clickOnShopifyUserCard(store.groovy:126)
	at shopify.store.invokeMethod(store.groovy)
	at com.kms.katalon.core.main.CustomKeywordDelegatingMetaClass.invokeStaticMethod(CustomKeywordDelegatingMetaClass.java:55)
	at Install new store free.run(Install new store free:27)
	at com.kms.katalon.core.main.ScriptEngine.run(ScriptEngine.java:194)
	at com.kms.katalon.core.main.ScriptEngine.runScriptAsRawText(ScriptEngine.java:119)
	at com.kms.katalon.core.main.TestCaseExecutor.runScript(TestCaseExecutor.java:448)
	at com.kms.katalon.core.main.TestCaseExecutor.doExecute(TestCaseExecutor.java:439)
	at com.kms.katalon.core.main.TestCaseExecutor.processExecutionPhase(TestCaseExecutor.java:418)
	at com.kms.katalon.core.main.TestCaseExecutor.accessMainPhase(TestCaseExecutor.java:410)
	at com.kms.katalon.core.main.TestCaseExecutor.execute(TestCaseExecutor.java:285)
	at com.kms.katalon.core.common.CommonExecutor.accessTestCaseMainPhase(CommonExecutor.java:65)
	at com.kms.katalon.core.main.TestSuiteExecutor.accessTestSuiteMainPhase(TestSuiteExecutor.java:151)
	at com.kms.katalon.core.main.TestSuiteExecutor.execute(TestSuiteExecutor.java:106)
	at com.kms.katalon.core.main.TestCaseMain.startTestSuite(TestCaseMain.java:185)
	at com.kms.katalon.core.main.TestCaseMain$startTestSuite$0.call(Unknown Source)
	at TempTestSuite1676876596469.run(TempTestSuite1676876596469.groovy:36)
Caused by: com.kms.katalon.core.webui.exception.WebElementNotFoundException: Web element with id: 'Object Repository/Shopify/div_user_card_name' located by '//*[@class = 'user-card__name']' not found
	at com.kms.katalon.core.webui.common.WebUiCommonHelper.findWebElement(WebUiCommonHelper.java:1370)
	at com.kms.katalon.core.webui.keyword.internal.WebUIAbstractKeyword.findWebElement(WebUIAbstractKeyword.groovy:27)
	at com.kms.katalon.core.webui.keyword.builtin.ClickKeyword$_click_closure1.doCall(ClickKeyword.groovy:65)
	at com.kms.katalon.core.webui.keyword.builtin.ClickKeyword$_click_closure1.call(ClickKeyword.groovy)
	at com.kms.katalon.core.webui.keyword.internal.WebUIKeywordMain.runKeyword(WebUIKeywordMain.groovy:20)
	at com.kms.katalon.core.webui.keyword.builtin.ClickKeyword.click(ClickKeyword.groovy:74)
	at com.kms.katalon.core.webui.keyword.builtin.ClickKeyword.execute(ClickKeyword.groovy:40)
	at com.kms.katalon.core.keyword.internal.KeywordExecutor.executeKeywordForPlatform(KeywordExecutor.groovy:74)
	at com.kms.katalon.core.webui.keyword.WebUiBuiltInKeywords.click(WebUiBuiltInKeywords.groovy:608)
	at com.kms.katalon.core.webui.keyword.WebUiBuiltInKeywords$click$5.call(Unknown Source)
	at shopify.store.clickOnShopifyUserCard(store.groovy:126)
	at shopify.store.invokeMethod(store.groovy)
	at com.kms.katalon.core.main.CustomKeywordDelegatingMetaClass.invokeStaticMethod(CustomKeywordDelegatingMetaClass.java:55)
	at Script1673948457755.run(Script1673948457755.groovy:27)
	... 13 more
)
	at com.kms.katalon.core.keyword.internal.KeywordMain.stepFailed(KeywordMain.groovy:39)
	at com.kms.katalon.core.webui.keyword.internal.WebUIKeywordMain.stepFailed(WebUIKeywordMain.groovy:64)
	at com.kms.katalon.core.webui.keyword.internal.WebUIKeywordMain.runKeyword(WebUIKeywordMain.groovy:26)
	at com.kms.katalon.core.webui.keyword.builtin.ClickKeyword.click(ClickKeyword.groovy:74)
	at com.kms.katalon.core.webui.keyword.builtin.ClickKeyword.execute(ClickKeyword.groovy:40)
	at com.kms.katalon.core.keyword.internal.KeywordExecutor.executeKeywordForPlatform(KeywordExecutor.groovy:74)
	at com.kms.katalon.core.webui.keyword.WebUiBuiltInKeywords.click(WebUiBuiltInKeywords.groovy:608)
	at com.kms.katalon.core.webui.keyword.WebUiBuiltInKeywords$click$5.call(Unknown Source)
	at shopify.store.clickOnShopifyUserCard(store.groovy:126)
	at shopify.store.invokeMethod(store.groovy)
	at com.kms.katalon.core.main.CustomKeywordDelegatingMetaClass.invokeStaticMethod(CustomKeywordDelegatingMetaClass.java:55)
	at Install new store free.run(Install new store free:27)
	at com.kms.katalon.core.main.ScriptEngine.run(ScriptEngine.java:194)
	at com.kms.katalon.core.main.ScriptEngine.runScriptAsRawText(ScriptEngine.java:119)
	at com.kms.katalon.core.main.TestCaseExecutor.runScript(TestCaseExecutor.java:448)
	at com.kms.katalon.core.main.TestCaseExecutor.doExecute(TestCaseExecutor.java:439)
	at com.kms.katalon.core.main.TestCaseExecutor.processExecutionPhase(TestCaseExecutor.java:418)
	at com.kms.katalon.core.main.TestCaseExecutor.accessMainPhase(TestCaseExecutor.java:410)
	at com.kms.katalon.core.main.TestCaseExecutor.execute(TestCaseExecutor.java:285)
	at com.kms.katalon.core.common.CommonExecutor.accessTestCaseMainPhase(CommonExecutor.java:65)
	at com.kms.katalon.core.main.TestSuiteExecutor.accessTestSuiteMainPhase(TestSuiteExecutor.java:151)
	at com.kms.katalon.core.main.TestSuiteExecutor.execute(TestSuiteExecutor.java:106)
	at com.kms.katalon.core.main.TestCaseMain.startTestSuite(TestCaseMain.java:185)
	at com.kms.katalon.core.main.TestCaseMain$startTestSuite$0.call(Unknown Source)
	at TempTestSuite1676876596469.run(TempTestSuite1676876596469.groovy:36)
Caused by: com.kms.katalon.core.exception.StepFailedException: Unable to click on object 'Object Repository/Shopify/div_user_card_name'
	... 24 more
Caused by: com.kms.katalon.core.webui.exception.WebElementNotFoundException: Web element with id: 'Object Repository/Shopify/div_user_card_name' located by '//*[@class = 'user-card__name']' not found
	at com.kms.katalon.core.webui.common.WebUiCommonHelper.findWebElement(WebUiCommonHelper.java:1370)
	at com.kms.katalon.core.webui.keyword.internal.WebUIAbstractKeyword.findWebElement(WebUIAbstractKeyword.groovy:27)
	at com.kms.katalon.core.webui.keyword.builtin.ClickKeyword$_click_closure1.doCall(ClickKeyword.groovy:65)
	at com.kms.katalon.core.webui.keyword.builtin.ClickKeyword$_click_closure1.call(ClickKeyword.groovy)
	at com.kms.katalon.core.webui.keyword.internal.WebUIKeywordMain.runKeyword(WebUIKeywordMain.groovy:20)
	... 22 more]]></system-err>
      </testcase>
      <system-out><![CDATA[2023-02-20 14:03:24 - [TEST_SUITE][FAILED] - Install Store Free: Test Cases/Alireview/Install new store free FAILED.
Reason:
com.kms.katalon.core.exception.StepFailedException: Unable to click on object 'Object Repository/Shopify/div_user_card_name' (Root cause: com.kms.katalon.core.exception.StepFailedException: Unable to click on object 'Object Repository/Shopify/div_user_card_name'
	at com.kms.katalon.core.webui.keyword.internal.WebUIKeywordMain.stepFailed(WebUIKeywordMain.groovy:64)
	at com.kms.katalon.core.webui.keyword.internal.WebUIKeywordMain.runKeyword(WebUIKeywordMain.groovy:26)
	at com.kms.katalon.core.webui.keyword.builtin.ClickKeyword.click(ClickKeyword.groovy:74)
	at com.kms.katalon.core.webui.keyword.builtin.ClickKeyword.execute(ClickKeyword.groovy:40)
	at com.kms.katalon.core.keyword.internal.KeywordExecutor.executeKeywordForPlatform(KeywordExecutor.groovy:74)
	at com.kms.katalon.core.webui.keyword.WebUiBuiltInKeywords.click(WebUiBuiltInKeywords.groovy:608)
	at com.kms.katalon.core.webui.keyword.WebUiBuiltInKeywords$click$5.call(Unknown Source)
	at shopify.store.clickOnShopifyUserCard(store.groovy:126)
	at shopify.store.invokeMethod(store.groovy)
	at com.kms.katalon.core.main.CustomKeywordDelegatingMetaClass.invokeStaticMethod(CustomKeywordDelegatingMetaClass.java:55)
	at Install new store free.run(Install new store free:27)
	at com.kms.katalon.core.main.ScriptEngine.run(ScriptEngine.java:194)
	at com.kms.katalon.core.main.ScriptEngine.runScriptAsRawText(ScriptEngine.java:119)
	at com.kms.katalon.core.main.TestCaseExecutor.runScript(TestCaseExecutor.java:448)
	at com.kms.katalon.core.main.TestCaseExecutor.doExecute(TestCaseExecutor.java:439)
	at com.kms.katalon.core.main.TestCaseExecutor.processExecutionPhase(TestCaseExecutor.java:418)
	at com.kms.katalon.core.main.TestCaseExecutor.accessMainPhase(TestCaseExecutor.java:410)
	at com.kms.katalon.core.main.TestCaseExecutor.execute(TestCaseExecutor.java:285)
	at com.kms.katalon.core.common.CommonExecutor.accessTestCaseMainPhase(CommonExecutor.java:65)
	at com.kms.katalon.core.main.TestSuiteExecutor.accessTestSuiteMainPhase(TestSuiteExecutor.java:151)
	at com.kms.katalon.core.main.TestSuiteExecutor.execute(TestSuiteExecutor.java:106)
	at com.kms.katalon.core.main.TestCaseMain.startTestSuite(TestCaseMain.java:185)
	at com.kms.katalon.core.main.TestCaseMain$startTestSuite$0.call(Unknown Source)
	at TempTestSuite1676876596469.run(TempTestSuite1676876596469.groovy:36)
Caused by: com.kms.katalon.core.webui.exception.WebElementNotFoundException: Web element with id: 'Object Repository/Shopify/div_user_card_name' located by '//*[@class = 'user-card__name']' not found
	at com.kms.katalon.core.webui.common.WebUiCommonHelper.findWebElement(WebUiCommonHelper.java:1370)
	at com.kms.katalon.core.webui.keyword.internal.WebUIAbstractKeyword.findWebElement(WebUIAbstractKeyword.groovy:27)
	at com.kms.katalon.core.webui.keyword.builtin.ClickKeyword$_click_closure1.doCall(ClickKeyword.groovy:65)
	at com.kms.katalon.core.webui.keyword.builtin.ClickKeyword$_click_closure1.call(ClickKeyword.groovy)
	at com.kms.katalon.core.webui.keyword.internal.WebUIKeywordMain.runKeyword(WebUIKeywordMain.groovy:20)
	at com.kms.katalon.core.webui.keyword.builtin.ClickKeyword.click(ClickKeyword.groovy:74)
	at com.kms.katalon.core.webui.keyword.builtin.ClickKeyword.execute(ClickKeyword.groovy:40)
	at com.kms.katalon.core.keyword.internal.KeywordExecutor.executeKeywordForPlatform(KeywordExecutor.groovy:74)
	at com.kms.katalon.core.webui.keyword.WebUiBuiltInKeywords.click(WebUiBuiltInKeywords.groovy:608)
	at com.kms.katalon.core.webui.keyword.WebUiBuiltInKeywords$click$5.call(Unknown Source)
	at shopify.store.clickOnShopifyUserCard(store.groovy:126)
	at shopify.store.invokeMethod(store.groovy)
	at com.kms.katalon.core.main.CustomKeywordDelegatingMetaClass.invokeStaticMethod(CustomKeywordDelegatingMetaClass.java:55)
	at Script1673948457755.run(Script1673948457755.groovy:27)
	... 13 more
)
	at com.kms.katalon.core.keyword.internal.KeywordMain.stepFailed(KeywordMain.groovy:39)
	at com.kms.katalon.core.webui.keyword.internal.WebUIKeywordMain.stepFailed(WebUIKeywordMain.groovy:64)
	at com.kms.katalon.core.webui.keyword.internal.WebUIKeywordMain.runKeyword(WebUIKeywordMain.groovy:26)
	at com.kms.katalon.core.webui.keyword.builtin.ClickKeyword.click(ClickKeyword.groovy:74)
	at com.kms.katalon.core.webui.keyword.builtin.ClickKeyword.execute(ClickKeyword.groovy:40)
	at com.kms.katalon.core.keyword.internal.KeywordExecutor.executeKeywordForPlatform(KeywordExecutor.groovy:74)
	at com.kms.katalon.core.webui.keyword.WebUiBuiltInKeywords.click(WebUiBuiltInKeywords.groovy:608)
	at com.kms.katalon.core.webui.keyword.WebUiBuiltInKeywords$click$5.call(Unknown Source)
	at shopify.store.clickOnShopifyUserCard(store.groovy:126)
	at shopify.store.invokeMethod(store.groovy)
	at com.kms.katalon.core.main.CustomKeywordDelegatingMetaClass.invokeStaticMethod(CustomKeywordDelegatingMetaClass.java:55)
	at Install new store free.run(Install new store free:27)
	at com.kms.katalon.core.main.ScriptEngine.run(ScriptEngine.java:194)
	at com.kms.katalon.core.main.ScriptEngine.runScriptAsRawText(ScriptEngine.java:119)
	at com.kms.katalon.core.main.TestCaseExecutor.runScript(TestCaseExecutor.java:448)
	at com.kms.katalon.core.main.TestCaseExecutor.doExecute(TestCaseExecutor.java:439)
	at com.kms.katalon.core.main.TestCaseExecutor.processExecutionPhase(TestCaseExecutor.java:418)
	at com.kms.katalon.core.main.TestCaseExecutor.accessMainPhase(TestCaseExecutor.java:410)
	at com.kms.katalon.core.main.TestCaseExecutor.execute(TestCaseExecutor.java:285)
	at com.kms.katalon.core.common.CommonExecutor.accessTestCaseMainPhase(CommonExecutor.java:65)
	at com.kms.katalon.core.main.TestSuiteExecutor.accessTestSuiteMainPhase(TestSuiteExecutor.java:151)
	at com.kms.katalon.core.main.TestSuiteExecutor.execute(TestSuiteExecutor.java:106)
	at com.kms.katalon.core.main.TestCaseMain.startTestSuite(TestCaseMain.java:185)
	at com.kms.katalon.core.main.TestCaseMain$startTestSuite$0.call(Unknown Source)
	at TempTestSuite1676876596469.run(TempTestSuite1676876596469.groovy:36)
Caused by: com.kms.katalon.core.exception.StepFailedException: Unable to click on object 'Object Repository/Shopify/div_user_card_name'
	... 24 more
Caused by: com.kms.katalon.core.webui.exception.WebElementNotFoundException: Web element with id: 'Object Repository/Shopify/div_user_card_name' located by '//*[@class = 'user-card__name']' not found
	at com.kms.katalon.core.webui.common.WebUiCommonHelper.findWebElement(WebUiCommonHelper.java:1370)
	at com.kms.katalon.core.webui.keyword.internal.WebUIAbstractKeyword.findWebElement(WebUIAbstractKeyword.groovy:27)
	at com.kms.katalon.core.webui.keyword.builtin.ClickKeyword$_click_closure1.doCall(ClickKeyword.groovy:65)
	at com.kms.katalon.core.webui.keyword.builtin.ClickKeyword$_click_closure1.call(ClickKeyword.groovy)
	at com.kms.katalon.core.webui.keyword.internal.WebUIKeywordMain.runKeyword(WebUIKeywordMain.groovy:20)
	... 22 more]]></system-out>
      <system-err><![CDATA[2023-02-20 14:03:24 - [TEST_SUITE][FAILED] - Install Store Free: Test Cases/Alireview/Install new store free FAILED.
Reason:
com.kms.katalon.core.exception.StepFailedException: Unable to click on object 'Object Repository/Shopify/div_user_card_name' (Root cause: com.kms.katalon.core.exception.StepFailedException: Unable to click on object 'Object Repository/Shopify/div_user_card_name'
	at com.kms.katalon.core.webui.keyword.internal.WebUIKeywordMain.stepFailed(WebUIKeywordMain.groovy:64)
	at com.kms.katalon.core.webui.keyword.internal.WebUIKeywordMain.runKeyword(WebUIKeywordMain.groovy:26)
	at com.kms.katalon.core.webui.keyword.builtin.ClickKeyword.click(ClickKeyword.groovy:74)
	at com.kms.katalon.core.webui.keyword.builtin.ClickKeyword.execute(ClickKeyword.groovy:40)
	at com.kms.katalon.core.keyword.internal.KeywordExecutor.executeKeywordForPlatform(KeywordExecutor.groovy:74)
	at com.kms.katalon.core.webui.keyword.WebUiBuiltInKeywords.click(WebUiBuiltInKeywords.groovy:608)
	at com.kms.katalon.core.webui.keyword.WebUiBuiltInKeywords$click$5.call(Unknown Source)
	at shopify.store.clickOnShopifyUserCard(store.groovy:126)
	at shopify.store.invokeMethod(store.groovy)
	at com.kms.katalon.core.main.CustomKeywordDelegatingMetaClass.invokeStaticMethod(CustomKeywordDelegatingMetaClass.java:55)
	at Install new store free.run(Install new store free:27)
	at com.kms.katalon.core.main.ScriptEngine.run(ScriptEngine.java:194)
	at com.kms.katalon.core.main.ScriptEngine.runScriptAsRawText(ScriptEngine.java:119)
	at com.kms.katalon.core.main.TestCaseExecutor.runScript(TestCaseExecutor.java:448)
	at com.kms.katalon.core.main.TestCaseExecutor.doExecute(TestCaseExecutor.java:439)
	at com.kms.katalon.core.main.TestCaseExecutor.processExecutionPhase(TestCaseExecutor.java:418)
	at com.kms.katalon.core.main.TestCaseExecutor.accessMainPhase(TestCaseExecutor.java:410)
	at com.kms.katalon.core.main.TestCaseExecutor.execute(TestCaseExecutor.java:285)
	at com.kms.katalon.core.common.CommonExecutor.accessTestCaseMainPhase(CommonExecutor.java:65)
	at com.kms.katalon.core.main.TestSuiteExecutor.accessTestSuiteMainPhase(TestSuiteExecutor.java:151)
	at com.kms.katalon.core.main.TestSuiteExecutor.execute(TestSuiteExecutor.java:106)
	at com.kms.katalon.core.main.TestCaseMain.startTestSuite(TestCaseMain.java:185)
	at com.kms.katalon.core.main.TestCaseMain$startTestSuite$0.call(Unknown Source)
	at TempTestSuite1676876596469.run(TempTestSuite1676876596469.groovy:36)
Caused by: com.kms.katalon.core.webui.exception.WebElementNotFoundException: Web element with id: 'Object Repository/Shopify/div_user_card_name' located by '//*[@class = 'user-card__name']' not found
	at com.kms.katalon.core.webui.common.WebUiCommonHelper.findWebElement(WebUiCommonHelper.java:1370)
	at com.kms.katalon.core.webui.keyword.internal.WebUIAbstractKeyword.findWebElement(WebUIAbstractKeyword.groovy:27)
	at com.kms.katalon.core.webui.keyword.builtin.ClickKeyword$_click_closure1.doCall(ClickKeyword.groovy:65)
	at com.kms.katalon.core.webui.keyword.builtin.ClickKeyword$_click_closure1.call(ClickKeyword.groovy)
	at com.kms.katalon.core.webui.keyword.internal.WebUIKeywordMain.runKeyword(WebUIKeywordMain.groovy:20)
	at com.kms.katalon.core.webui.keyword.builtin.ClickKeyword.click(ClickKeyword.groovy:74)
	at com.kms.katalon.core.webui.keyword.builtin.ClickKeyword.execute(ClickKeyword.groovy:40)
	at com.kms.katalon.core.keyword.internal.KeywordExecutor.executeKeywordForPlatform(KeywordExecutor.groovy:74)
	at com.kms.katalon.core.webui.keyword.WebUiBuiltInKeywords.click(WebUiBuiltInKeywords.groovy:608)
	at com.kms.katalon.core.webui.keyword.WebUiBuiltInKeywords$click$5.call(Unknown Source)
	at shopify.store.clickOnShopifyUserCard(store.groovy:126)
	at shopify.store.invokeMethod(store.groovy)
	at com.kms.katalon.core.main.CustomKeywordDelegatingMetaClass.invokeStaticMethod(CustomKeywordDelegatingMetaClass.java:55)
	at Script1673948457755.run(Script1673948457755.groovy:27)
	... 13 more
)
	at com.kms.katalon.core.keyword.internal.KeywordMain.stepFailed(KeywordMain.groovy:39)
	at com.kms.katalon.core.webui.keyword.internal.WebUIKeywordMain.stepFailed(WebUIKeywordMain.groovy:64)
	at com.kms.katalon.core.webui.keyword.internal.WebUIKeywordMain.runKeyword(WebUIKeywordMain.groovy:26)
	at com.kms.katalon.core.webui.keyword.builtin.ClickKeyword.click(ClickKeyword.groovy:74)
	at com.kms.katalon.core.webui.keyword.builtin.ClickKeyword.execute(ClickKeyword.groovy:40)
	at com.kms.katalon.core.keyword.internal.KeywordExecutor.executeKeywordForPlatform(KeywordExecutor.groovy:74)
	at com.kms.katalon.core.webui.keyword.WebUiBuiltInKeywords.click(WebUiBuiltInKeywords.groovy:608)
	at com.kms.katalon.core.webui.keyword.WebUiBuiltInKeywords$click$5.call(Unknown Source)
	at shopify.store.clickOnShopifyUserCard(store.groovy:126)
	at shopify.store.invokeMethod(store.groovy)
	at com.kms.katalon.core.main.CustomKeywordDelegatingMetaClass.invokeStaticMethod(CustomKeywordDelegatingMetaClass.java:55)
	at Install new store free.run(Install new store free:27)
	at com.kms.katalon.core.main.ScriptEngine.run(ScriptEngine.java:194)
	at com.kms.katalon.core.main.ScriptEngine.runScriptAsRawText(ScriptEngine.java:119)
	at com.kms.katalon.core.main.TestCaseExecutor.runScript(TestCaseExecutor.java:448)
	at com.kms.katalon.core.main.TestCaseExecutor.doExecute(TestCaseExecutor.java:439)
	at com.kms.katalon.core.main.TestCaseExecutor.processExecutionPhase(TestCaseExecutor.java:418)
	at com.kms.katalon.core.main.TestCaseExecutor.accessMainPhase(TestCaseExecutor.java:410)
	at com.kms.katalon.core.main.TestCaseExecutor.execute(TestCaseExecutor.java:285)
	at com.kms.katalon.core.common.CommonExecutor.accessTestCaseMainPhase(CommonExecutor.java:65)
	at com.kms.katalon.core.main.TestSuiteExecutor.accessTestSuiteMainPhase(TestSuiteExecutor.java:151)
	at com.kms.katalon.core.main.TestSuiteExecutor.execute(TestSuiteExecutor.java:106)
	at com.kms.katalon.core.main.TestCaseMain.startTestSuite(TestCaseMain.java:185)
	at com.kms.katalon.core.main.TestCaseMain$startTestSuite$0.call(Unknown Source)
	at TempTestSuite1676876596469.run(TempTestSuite1676876596469.groovy:36)
Caused by: com.kms.katalon.core.exception.StepFailedException: Unable to click on object 'Object Repository/Shopify/div_user_card_name'
	... 24 more
Caused by: com.kms.katalon.core.webui.exception.WebElementNotFoundException: Web element with id: 'Object Repository/Shopify/div_user_card_name' located by '//*[@class = 'user-card__name']' not found
	at com.kms.katalon.core.webui.common.WebUiCommonHelper.findWebElement(WebUiCommonHelper.java:1370)
	at com.kms.katalon.core.webui.keyword.internal.WebUIAbstractKeyword.findWebElement(WebUIAbstractKeyword.groovy:27)
	at com.kms.katalon.core.webui.keyword.builtin.ClickKeyword$_click_closure1.doCall(ClickKeyword.groovy:65)
	at com.kms.katalon.core.webui.keyword.builtin.ClickKeyword$_click_closure1.call(ClickKeyword.groovy)
	at com.kms.katalon.core.webui.keyword.internal.WebUIKeywordMain.runKeyword(WebUIKeywordMain.groovy:20)
	... 22 more]]></system-err>
   </testsuite>
</testsuites>
