<?xml version="1.0" encoding="UTF-8"?>
<testsuites name="Create Store" time="8572.42" tests="48" failures="24" errors="0">
   <testsuite name="Create Store" tests="48" failures="24" errors="0" time="8572.42" skipped="2" timestamp="2023-03-07 11:19:01" hostname="huynh - huynh.mshome.net" id="Test Suites/Store/Create Store">
      <properties>
         <property name="deviceName" value=""/>
         <property name="devicePlatform" value=""/>
         <property name="logFolder" value="C:\\Users\\huynh\\Documents\\Socialhead\\Automation\\Katalon project\\CreateStore\\CreateStore\\Reports\\20230307_111854\\Store\\Create Store\\20230307_111855"/>
         <property name="logFiles" value="C:\\Users\\huynh\\Documents\\Socialhead\\Automation\\Katalon project\\CreateStore\\CreateStore\\Reports\\20230307_111854\\Store\\Create Store\\20230307_111855\\execution0.log"/>
         <property name="attachments" value="C:\\Users\\huynh\\Documents\\Socialhead\\Automation\\Katalon project\\CreateStore\\CreateStore\\Reports\\20230307_111854\\Store\\Create Store\\20230307_111855\\1678162929161.png, C:\\Users\\huynh\\Documents\\Socialhead\\Automation\\Katalon project\\CreateStore\\CreateStore\\Reports\\20230307_111854\\Store\\Create Store\\20230307_111855\\1678163231319.png, C:\\Users\\huynh\\Documents\\Socialhead\\Automation\\Katalon project\\CreateStore\\CreateStore\\Reports\\20230307_111854\\Store\\Create Store\\20230307_111855\\1678163532420.png, C:\\Users\\huynh\\Documents\\Socialhead\\Automation\\Katalon project\\CreateStore\\CreateStore\\Reports\\20230307_111854\\Store\\Create Store\\20230307_111855\\1678163979262.png, C:\\Users\\huynh\\Documents\\Socialhead\\Automation\\Katalon project\\CreateStore\\CreateStore\\Reports\\20230307_111854\\Store\\Create Store\\20230307_111855\\1678164166880.png, C:\\Users\\huynh\\Documents\\Socialhead\\Automation\\Katalon project\\CreateStore\\CreateStore\\Reports\\20230307_111854\\Store\\Create Store\\20230307_111855\\1678164345795.png, C:\\Users\\huynh\\Documents\\Socialhead\\Automation\\Katalon project\\CreateStore\\CreateStore\\Reports\\20230307_111854\\Store\\Create Store\\20230307_111855\\1678164407337.png, C:\\Users\\huynh\\Documents\\Socialhead\\Automation\\Katalon project\\CreateStore\\CreateStore\\Reports\\20230307_111854\\Store\\Create Store\\20230307_111855\\1678164465195.png, C:\\Users\\huynh\\Documents\\Socialhead\\Automation\\Katalon project\\CreateStore\\CreateStore\\Reports\\20230307_111854\\Store\\Create Store\\20230307_111855\\1678164648161.png, C:\\Users\\huynh\\Documents\\Socialhead\\Automation\\Katalon project\\CreateStore\\CreateStore\\Reports\\20230307_111854\\Store\\Create Store\\20230307_111855\\1678165229005.png, C:\\Users\\huynh\\Documents\\Socialhead\\Automation\\Katalon project\\CreateStore\\CreateStore\\Reports\\20230307_111854\\Store\\Create Store\\20230307_111855\\1678165286699.png, C:\\Users\\huynh\\Documents\\Socialhead\\Automation\\Katalon project\\CreateStore\\CreateStore\\Reports\\20230307_111854\\Store\\Create Store\\20230307_111855\\1678165471508.png, C:\\Users\\huynh\\Documents\\Socialhead\\Automation\\Katalon project\\CreateStore\\CreateStore\\Reports\\20230307_111854\\Store\\Create Store\\20230307_111855\\1678165645117.png, C:\\Users\\huynh\\Documents\\Socialhead\\Automation\\Katalon project\\CreateStore\\CreateStore\\Reports\\20230307_111854\\Store\\Create Store\\20230307_111855\\1678165835973.png, C:\\Users\\huynh\\Documents\\Socialhead\\Automation\\Katalon project\\CreateStore\\CreateStore\\Reports\\20230307_111854\\Store\\Create Store\\20230307_111855\\1678166008869.png, C:\\Users\\huynh\\Documents\\Socialhead\\Automation\\Katalon project\\CreateStore\\CreateStore\\Reports\\20230307_111854\\Store\\Create Store\\20230307_111855\\1678166194898.png, C:\\Users\\huynh\\Documents\\Socialhead\\Automation\\Katalon project\\CreateStore\\CreateStore\\Reports\\20230307_111854\\Store\\Create Store\\20230307_111855\\1678166366059.png, C:\\Users\\huynh\\Documents\\Socialhead\\Automation\\Katalon project\\CreateStore\\CreateStore\\Reports\\20230307_111854\\Store\\Create Store\\20230307_111855\\1678166551202.png, C:\\Users\\huynh\\Documents\\Socialhead\\Automation\\Katalon project\\CreateStore\\CreateStore\\Reports\\20230307_111854\\Store\\Create Store\\20230307_111855\\1678167120128.png, C:\\Users\\huynh\\Documents\\Socialhead\\Automation\\Katalon project\\CreateStore\\CreateStore\\Reports\\20230307_111854\\Store\\Create Store\\20230307_111855\\1678167306985.png, C:\\Users\\huynh\\Documents\\Socialhead\\Automation\\Katalon project\\CreateStore\\CreateStore\\Reports\\20230307_111854\\Store\\Create Store\\20230307_111855\\1678167610332.png, C:\\Users\\huynh\\Documents\\Socialhead\\Automation\\Katalon project\\CreateStore\\CreateStore\\Reports\\20230307_111854\\Store\\Create Store\\20230307_111855\\1678168195508.png, C:\\Users\\huynh\\Documents\\Socialhead\\Automation\\Katalon project\\CreateStore\\CreateStore\\Reports\\20230307_111854\\Store\\Create Store\\20230307_111855\\1678168380361.png, C:\\Users\\huynh\\Documents\\Socialhead\\Automation\\Katalon project\\CreateStore\\CreateStore\\Reports\\20230307_111854\\Store\\Create Store\\20230307_111855\\1678168681393.png, C:\\Users\\huynh\\Documents\\Socialhead\\Automation\\Katalon project\\CreateStore\\CreateStore\\Reports\\20230307_111854\\Store\\Create Store\\20230307_111855\\1678168859909.png, C:\\Users\\huynh\\Documents\\Socialhead\\Automation\\Katalon project\\CreateStore\\CreateStore\\Reports\\20230307_111854\\Store\\Create Store\\20230307_111855\\1678168927237.png, C:\\Users\\huynh\\Documents\\Socialhead\\Automation\\Katalon project\\CreateStore\\CreateStore\\Reports\\20230307_111854\\Store\\Create Store\\20230307_111855\\1678168985403.png, C:\\Users\\huynh\\Documents\\Socialhead\\Automation\\Katalon project\\CreateStore\\CreateStore\\Reports\\20230307_111854\\Store\\Create Store\\20230307_111855\\1678169050635.png, C:\\Users\\huynh\\Documents\\Socialhead\\Automation\\Katalon project\\CreateStore\\CreateStore\\Reports\\20230307_111854\\Store\\Create Store\\20230307_111855\\1678169244546.png, C:\\Users\\huynh\\Documents\\Socialhead\\Automation\\Katalon project\\CreateStore\\CreateStore\\Reports\\20230307_111854\\Store\\Create Store\\20230307_111855\\1678169550130.png, C:\\Users\\huynh\\Documents\\Socialhead\\Automation\\Katalon project\\CreateStore\\CreateStore\\Reports\\20230307_111854\\Store\\Create Store\\20230307_111855\\1678169646540.png, C:\\Users\\huynh\\Documents\\Socialhead\\Automation\\Katalon project\\CreateStore\\CreateStore\\Reports\\20230307_111854\\Store\\Create Store\\20230307_111855\\1678169834685.png, C:\\Users\\huynh\\Documents\\Socialhead\\Automation\\Katalon project\\CreateStore\\CreateStore\\Reports\\20230307_111854\\Store\\Create Store\\20230307_111855\\1678169891292.png, C:\\Users\\huynh\\Documents\\Socialhead\\Automation\\Katalon project\\CreateStore\\CreateStore\\Reports\\20230307_111854\\Store\\Create Store\\20230307_111855\\1678169949796.png, C:\\Users\\huynh\\Documents\\Socialhead\\Automation\\Katalon project\\CreateStore\\CreateStore\\Reports\\20230307_111854\\Store\\Create Store\\20230307_111855\\1678169952003.png, C:\\Users\\huynh\\Documents\\Socialhead\\Automation\\Katalon project\\CreateStore\\CreateStore\\Reports\\20230307_111854\\Store\\Create Store\\20230307_111855\\1678169954207.png, C:\\Users\\huynh\\Documents\\Socialhead\\Automation\\Katalon project\\CreateStore\\CreateStore\\Reports\\20230307_111854\\Store\\Create Store\\20230307_111855\\1678169990027.png, C:\\Users\\huynh\\Documents\\Socialhead\\Automation\\Katalon project\\CreateStore\\CreateStore\\Reports\\20230307_111854\\Store\\Create Store\\20230307_111855\\1678170047894.png, C:\\Users\\huynh\\Documents\\Socialhead\\Automation\\Katalon project\\CreateStore\\CreateStore\\Reports\\20230307_111854\\Store\\Create Store\\20230307_111855\\1678170231100.png, C:\\Users\\huynh\\Documents\\Socialhead\\Automation\\Katalon project\\CreateStore\\CreateStore\\Reports\\20230307_111854\\Store\\Create Store\\20230307_111855\\1678170539548.png, C:\\Users\\huynh\\Documents\\Socialhead\\Automation\\Katalon project\\CreateStore\\CreateStore\\Reports\\20230307_111854\\Store\\Create Store\\20230307_111855\\1678170839353.png, C:\\Users\\huynh\\Documents\\Socialhead\\Automation\\Katalon project\\CreateStore\\CreateStore\\Reports\\20230307_111854\\Store\\Create Store\\20230307_111855\\1678171014468.png, C:\\Users\\huynh\\Documents\\Socialhead\\Automation\\Katalon project\\CreateStore\\CreateStore\\Reports\\20230307_111854\\Store\\Create Store\\20230307_111855\\1678171199049.png"/>
         <property name="hostName" value="huynh - huynh.mshome.net"/>
         <property name="os" value="Windows 10 64bit"/>
         <property name="katalonVersion" value="8.5.5.208"/>
         <property name="browser" value="Chrome 110.0.0.0"/>
         <property name="hostAddress" value="172.18.224.1"/>
         <property name="sessionId" value="fd1aa7eaad54bb35305ee42cc8cdec07"/>
         <property name="seleniumVersion" value="3.141.59"/>
         <property name="proxyInformation" value="ProxyInformation { proxyOption=NO_PROXY, proxyServerType=HTTP, username=, password=********, proxyServerAddress=, proxyServerPort=0, executionList=&quot;&quot;, isApplyToDesiredCapabilities=true }"/>
         <property name="platform" value="Windows 10"/>
      </properties>
      <testcase name="Test Cases/Shopify/CreateStore" time="0.034" classname="Test Cases/Shopify/CreateStore" status="SKIPPED">
         <system-out><![CDATA[2023-03-07 11:19:01 - [TEST_CASE][SKIPPED] - Test Cases/Shopify/CreateStore: 

2023-03-07 11:19:01 - [TEST_STEP][PASSED] - Start listener action : skipStatus: null

2023-03-07 11:19:01 - [TEST_STEP][PASSED] - map = testCaseContext.getTestCaseVariables(): null

2023-03-07 11:19:01 - [TEST_STEP][PASSED] - testcae_status = map.get("testcase_status"): null

2023-03-07 11:19:01 - [TEST_STEP][PASSED] - println(testcae_status): null

2023-03-07 11:19:01 - [TEST_STEP][PASSED] - if (testcae_status == "Passed" || testcae_status == "Failed"): null

2023-03-07 11:19:01 - [TEST_STEP][PASSED] - testCaseContext.skipThisTestCase(): null]]></system-out>
         <system-err><![CDATA[]]></system-err>
      </testcase>
      <testcase name="Test Cases/Shopify/CreateStore" time="0.01" classname="Test Cases/Shopify/CreateStore" status="SKIPPED">
         <system-out><![CDATA[2023-03-07 11:19:01 - [TEST_CASE][SKIPPED] - Test Cases/Shopify/CreateStore: 

2023-03-07 11:19:01 - [TEST_STEP][PASSED] - Start listener action : skipStatus: null

2023-03-07 11:19:01 - [TEST_STEP][PASSED] - map = testCaseContext.getTestCaseVariables(): null

2023-03-07 11:19:01 - [TEST_STEP][PASSED] - testcae_status = map.get("testcase_status"): null

2023-03-07 11:19:01 - [TEST_STEP][PASSED] - println(testcae_status): null

2023-03-07 11:19:01 - [TEST_STEP][PASSED] - if (testcae_status == "Passed" || testcae_status == "Failed"): null

2023-03-07 11:19:01 - [TEST_STEP][PASSED] - testCaseContext.skipThisTestCase(): null]]></system-out>
         <system-err><![CDATA[]]></system-err>
      </testcase>
      <testcase name="Test Cases/Shopify/CreateStore" time="302.946" classname="Test Cases/Shopify/CreateStore" status="PASSED">
         <system-out><![CDATA[2023-03-07 11:19:01 - [TEST_CASE][PASSED] - Test Cases/Shopify/CreateStore: Test Cases/Shopify/CreateStore

2023-03-07 11:19:01 - [TEST_STEP][PASSED] - Start listener action : skipStatus: null

2023-03-07 11:19:01 - [TEST_STEP][PASSED] - map = testCaseContext.getTestCaseVariables(): null

2023-03-07 11:19:01 - [TEST_STEP][PASSED] - testcae_status = map.get("testcase_status"): null

2023-03-07 11:19:01 - [TEST_STEP][PASSED] - println(testcae_status): null

2023-03-07 11:19:01 - [TEST_STEP][PASSED] - if (testcae_status == "Passed" || testcae_status == "Failed"): null

2023-03-07 11:19:01 - [TEST_STEP][PASSED] - log = new com.kms.katalon.core.util.KeywordUtil(): null

2023-03-07 11:19:01 - [TEST_STEP][PASSED] - openBrowser(""): Browser is opened with url: ''

2023-03-07 11:19:01 - [MESSAGE][INFO] - Starting 'Chrome' driver

2023-03-07 11:19:01 - [MESSAGE][INFO] - Action delay is set to 0 milliseconds

2023-03-07 11:19:03 - [MESSAGE][PASSED] - Browser is opened with url: ''

2023-03-07 11:19:03 - [TEST_STEP][PASSED] - maximizeWindow(): Current window maximized

2023-03-07 11:19:03 - [MESSAGE][PASSED] - Current window maximized

2023-03-07 11:19:03 - [TEST_STEP][PASSED] - shopify.store.loginShopifyPartner(partner_email, partner_password, partner_id): shopify.store.loginShopifyPartner is PASSED

2023-03-07 11:19:08 - [MESSAGE][PASSED] - Navigate to 'https://partners.shopify.com/1662018/stores/new' successfully

2023-03-07 11:19:08 - [MESSAGE][PASSED] - Text 'huynh@firegroup.io' is set on object 'Object Repository/Shopify/input_email_shopify'

2023-03-07 11:19:11 - [MESSAGE][PASSED] - Object: 'Object Repository/Shopify/btn_continue_with_email' is clicked on

2023-03-07 11:19:13 - [MESSAGE][PASSED] - Text ****** has been set on object 'Object Repository/Shopify/input_password_shopify'

2023-03-07 11:19:19 - [MESSAGE][PASSED] - Object: 'Object Repository/Shopify/btn_login' is clicked on

2023-03-07 11:19:19 - [MESSAGE][PASSED] - shopify.store.loginShopifyPartner is PASSED

2023-03-07 11:19:19 - [TEST_STEP][PASSED] - shopify.store.navigateToStoreDevelop(partner_id): shopify.store.navigateToStoreDevelop is PASSED

2023-03-07 11:19:20 - [MESSAGE][PASSED] - Navigate to 'https://partners.shopify.com/1662018/stores/new?store_type=dev_preview_store&developer_preview_handle=checkout_extensibility' successfully

2023-03-07 11:19:20 - [MESSAGE][PASSED] - shopify.store.navigateToStoreDevelop is PASSED

2023-03-07 11:19:20 - [TEST_STEP][PASSED] - shopify.store.inputStoreName(store_name): shopify.store.inputStoreName is PASSED

2023-03-07 11:19:21 - [MESSAGE][PASSED] - Text 'khanh-ar-stag-1066' is set on object 'Object Repository/Shopify/input_store_name'

2023-03-07 11:19:26 - [MESSAGE][PASSED] - Delayed 5 second(s)

2023-03-07 11:19:26 - [MESSAGE][PASSED] - shopify.store.inputStoreName is PASSED

2023-03-07 11:19:26 - [TEST_STEP][PASSED] - shopify.store.clickCreateStore(): shopify.store.clickCreateStore is PASSED

2023-03-07 11:19:27 - [MESSAGE][PASSED] - Object: 'Object Repository/Shopify/btn_create_store' is clicked on

2023-03-07 11:19:27 - [MESSAGE][PASSED] - Wait for page load successfully

2023-03-07 11:19:27 - [MESSAGE][PASSED] - shopify.store.clickCreateStore is PASSED

2023-03-07 11:19:27 - [TEST_STEP][PASSED] - shopify.store.importProduct(product_file_local): shopify.store.importProduct is PASSED

2023-03-07 11:19:57 - [MESSAGE][PASSED] - Object: 'Object Repository/Shopify/span_product' is clicked on

2023-03-07 11:19:58 - [MESSAGE][PASSED] - Object: 'Object Repository/Shopify/span_import_product' is clicked on

2023-03-07 11:19:59 - [MESSAGE][PASSED] - File 'C:\Users\huynh\Documents\Socialhead\Automation\Katalon project\CreateStore\CreateStore\Data\products_export.csv' sent to object: 'Object Repository/Shopify/file_product'

2023-03-07 11:20:00 - [MESSAGE][PASSED] - Object: 'Object Repository/Shopify/span_upload_product_continue' is clicked on

2023-03-07 11:20:02 - [MESSAGE][PASSED] - Object: 'Object Repository/Shopify/btn_product_confirm_import' is clicked on

2023-03-07 11:20:32 - [MESSAGE][PASSED] - Delayed 30 second(s)

2023-03-07 11:20:33 - [MESSAGE][PASSED] - Refresh successfully

2023-03-07 11:20:48 - [MESSAGE][PASSED] - Delayed 15 second(s)

2023-03-07 11:20:48 - [MESSAGE][PASSED] - shopify.store.importProduct is PASSED

2023-03-07 11:20:48 - [TEST_STEP][PASSED] - shopify.store.clickOnMenuOnlineStore(): shopify.store.clickOnMenuOnlineStore is PASSED

2023-03-07 11:20:48 - [MESSAGE][PASSED] - Object: 'Object Repository/Shopify Store/a_onlie_store' is clicked on

2023-03-07 11:20:58 - [MESSAGE][PASSED] - Delayed 10 second(s)

2023-03-07 11:20:58 - [MESSAGE][PASSED] - shopify.store.clickOnMenuOnlineStore is PASSED

2023-03-07 11:20:58 - [TEST_STEP][PASSED] - shopify.store.clickOnImportTheme(): shopify.store.clickOnImportTheme is PASSED

2023-03-07 11:21:08 - [MESSAGE][PASSED] - Delayed 10 second(s)

2023-03-07 11:21:18 - [MESSAGE][PASSED] - Delayed 10 second(s)

2023-03-07 11:21:19 - [MESSAGE][PASSED] - Object: 'Object Repository/Shopify Store/btn_add_theme' is clicked on

2023-03-07 11:21:19 - [MESSAGE][PASSED] - shopify.store.clickOnImportTheme is PASSED

2023-03-07 11:21:19 - [TEST_STEP][PASSED] - shopify.store.innstallThemeShopifyViaUrl(theme_url, store_name): shopify.store.innstallThemeShopifyViaUrl is PASSED

2023-03-07 11:21:24 - [MESSAGE][PASSED] - Navigate to 'https://themes.shopify.com/themes/sense?shop=khanh-ar-stag-1066.myshopify.com' successfully

2023-03-07 11:21:34 - [MESSAGE][PASSED] - Object: 'Object Repository/Shopify/div_user_card_name' is clicked on

2023-03-07 11:21:37 - [MESSAGE][PASSED] - Object: 'Object Repository/Shopify Theme/a_trytheme' is clicked on

2023-03-07 11:22:09 - [MESSAGE][INFO] - Unable to find the element located by 'By.xpath: //*[@class = 'user-card__name']'. Please recheck the objects properties to make sure the desired element is located. 

2023-03-07 11:22:09 - [MESSAGE][WARNING] - [SELF-HEALING] Failed to find element with id 'Object Repository/Shopify/div_user_card_name'. Try using Self-healing.

2023-03-07 11:22:09 - [MESSAGE][WARNING] - [SELF-HEALING] Cannot find elements when the XPath is null.

2023-03-07 11:22:09 - [MESSAGE][WARNING] - [SELF-HEALING] Cannot find elements when the selector is null

2023-03-07 11:22:09 - [MESSAGE][WARNING] - Unable to click on object 'Object Repository/Shopify/div_user_card_name' (Root cause: com.kms.katalon.core.exception.StepFailedException: Unable to click on object 'Object Repository/Shopify/div_user_card_name'
	at com.kms.katalon.core.webui.keyword.internal.WebUIKeywordMain.stepFailed(WebUIKeywordMain.groovy:64)
	at com.kms.katalon.core.webui.keyword.internal.WebUIKeywordMain.runKeyword(WebUIKeywordMain.groovy:26)
	at com.kms.katalon.core.webui.keyword.builtin.ClickKeyword.click(ClickKeyword.groovy:74)
	at com.kms.katalon.core.webui.keyword.builtin.ClickKeyword.execute(ClickKeyword.groovy:40)
	at com.kms.katalon.core.keyword.internal.KeywordExecutor.executeKeywordForPlatform(KeywordExecutor.groovy:74)
	at com.kms.katalon.core.webui.keyword.WebUiBuiltInKeywords.click(WebUiBuiltInKeywords.groovy:608)
	at com.kms.katalon.core.webui.keyword.WebUiBuiltInKeywords$click$10.call(Unknown Source)
	at shopify.store.innstallThemeShopifyViaUrl(store.groovy:121)
	at shopify.store.invokeMethod(store.groovy)
	at com.kms.katalon.core.main.CustomKeywordDelegatingMetaClass.invokeStaticMethod(CustomKeywordDelegatingMetaClass.java:55)
	at CreateStore.run(CreateStore:52)
	at com.kms.katalon.core.main.ScriptEngine.run(ScriptEngine.java:194)
	at com.kms.katalon.core.main.ScriptEngine.runScriptAsRawText(ScriptEngine.java:119)
	at com.kms.katalon.core.main.TestCaseExecutor.runScript(TestCaseExecutor.java:448)
	at com.kms.katalon.core.main.TestCaseExecutor.doExecute(TestCaseExecutor.java:439)
	at com.kms.katalon.core.main.TestCaseExecutor.processExecutionPhase(TestCaseExecutor.java:418)
	at com.kms.katalon.core.main.TestCaseExecutor.accessMainPhase(TestCaseExecutor.java:410)
	at com.kms.katalon.core.main.TestCaseExecutor.execute(TestCaseExecutor.java:285)
	at com.kms.katalon.core.common.CommonExecutor.accessTestCaseMainPhase(CommonExecutor.java:65)
	at com.kms.katalon.core.main.TestSuiteExecutor.accessTestSuiteMainPhase(TestSuiteExecutor.java:151)
	at com.kms.katalon.core.main.TestSuiteExecutor.execute(TestSuiteExecutor.java:106)
	at com.kms.katalon.core.main.TestCaseMain.startTestSuite(TestCaseMain.java:185)
	at com.kms.katalon.core.main.TestCaseMain$startTestSuite$0.call(Unknown Source)
	at TempTestSuite1678162735898.run(TempTestSuite1678162735898.groovy:36)
Caused by: com.kms.katalon.core.webui.exception.WebElementNotFoundException: Web element with id: 'Object Repository/Shopify/div_user_card_name' located by '//*[@class = 'user-card__name']' not found
	at com.kms.katalon.core.webui.common.WebUiCommonHelper.findWebElement(WebUiCommonHelper.java:1370)
	at com.kms.katalon.core.webui.keyword.internal.WebUIAbstractKeyword.findWebElement(WebUIAbstractKeyword.groovy:27)
	at com.kms.katalon.core.webui.keyword.builtin.ClickKeyword$_click_closure1.doCall(ClickKeyword.groovy:65)
	at com.kms.katalon.core.webui.keyword.builtin.ClickKeyword$_click_closure1.call(ClickKeyword.groovy)
	at com.kms.katalon.core.webui.keyword.internal.WebUIKeywordMain.runKeyword(WebUIKeywordMain.groovy:20)
	at com.kms.katalon.core.webui.keyword.builtin.ClickKeyword.click(ClickKeyword.groovy:74)
	at com.kms.katalon.core.webui.keyword.builtin.ClickKeyword.execute(ClickKeyword.groovy:40)
	at com.kms.katalon.core.keyword.internal.KeywordExecutor.executeKeywordForPlatform(KeywordExecutor.groovy:74)
	at com.kms.katalon.core.webui.keyword.WebUiBuiltInKeywords.click(WebUiBuiltInKeywords.groovy:608)
	at com.kms.katalon.core.webui.keyword.WebUiBuiltInKeywords$click$10.call(Unknown Source)
	at shopify.store.innstallThemeShopifyViaUrl(store.groovy:121)
	at shopify.store.invokeMethod(store.groovy)
	at com.kms.katalon.core.main.CustomKeywordDelegatingMetaClass.invokeStaticMethod(CustomKeywordDelegatingMetaClass.java:55)
	at Script1673851860327.run(Script1673851860327.groovy:52)
	... 13 more
)
[[ATTACHMENT|C:\\Users\\huynh\\Documents\\Socialhead\\Automation\\Katalon project\\CreateStore\\CreateStore\\Reports\\20230307_111854\\Store\\Create Store\\20230307_111855\\1678162929161.png]]

2023-03-07 11:22:12 - [MESSAGE][PASSED] - Navigate to 'https://themes.shopify.com/themes/sense?shop=khanh-ar-stag-1066.myshopify.com' successfully

2023-03-07 11:22:15 - [MESSAGE][PASSED] - Object: 'Object Repository/Shopify Theme/a_trytheme' is clicked on

2023-03-07 11:22:15 - [MESSAGE][PASSED] - shopify.store.innstallThemeShopifyViaUrl is PASSED

2023-03-07 11:22:15 - [TEST_STEP][PASSED] - shopify.store.clickPublishTheme(): shopify.store.clickPublishTheme is PASSED

2023-03-07 11:22:45 - [MESSAGE][PASSED] - Delayed 30 second(s)

2023-03-07 11:22:45 - [MESSAGE][PASSED] - Refresh successfully

2023-03-07 11:23:15 - [MESSAGE][PASSED] - Delayed 30 second(s)

2023-03-07 11:23:16 - [MESSAGE][PASSED] - Object 'Object Repository/Shopify Store/btn_publish_theme' is clickable

2023-03-07 11:23:16 - [MESSAGE][PASSED] - Object: 'Object Repository/Shopify Store/btn_publish_theme' is clicked on

2023-03-07 11:23:16 - [MESSAGE][PASSED] - shopify.store.clickPublishTheme is PASSED

2023-03-07 11:23:16 - [TEST_STEP][PASSED] - shopify.store.confirmPublishTheme(): shopify.store.confirmPublishTheme is PASSED

2023-03-07 11:23:26 - [MESSAGE][PASSED] - Delayed 10 second(s)

2023-03-07 11:23:26 - [MESSAGE][PASSED] - Object: 'Object Repository/Shopify Store/btn_confirm_publish_theme' is clicked on

2023-03-07 11:23:26 - [MESSAGE][PASSED] - shopify.store.confirmPublishTheme is PASSED

2023-03-07 11:23:26 - [TEST_STEP][PASSED] - shopify.store_setting.changeStoreCurrency(currency, store_name): shopify.store_setting.changeStoreCurrency is PASSED

2023-03-07 11:23:36 - [MESSAGE][PASSED] - Delayed 10 second(s)

2023-03-07 11:23:37 - [MESSAGE][PASSED] - Navigate to 'http://khanh-ar-stag-1066.myshopify.com/admin/settings/general' successfully

2023-03-07 11:23:44 - [MESSAGE][PASSED] - All options with value 'USD' are selected in object 'Object Repository/Shopify Store/select_currency' 

2023-03-07 11:23:44 - [MESSAGE][PASSED] - shopify.store_setting.changeStoreCurrency is PASSED

2023-03-07 11:23:44 - [TEST_STEP][PASSED] - shopify.store_setting.saveStoreSetting(): shopify.store_setting.saveStoreSetting is PASSED

2023-03-07 11:23:45 - [MESSAGE][PASSED] - Object: 'Object Repository/Shopify Store/span_save_admin_setting' is clicked on

2023-03-07 11:23:45 - [MESSAGE][PASSED] - shopify.store_setting.saveStoreSetting is PASSED

2023-03-07 11:23:45 - [TEST_STEP][PASSED] - shopify.store_setting.changeStorePassword(store_name, "1"): shopify.store_setting.changeStorePassword is PASSED

2023-03-07 11:23:55 - [MESSAGE][PASSED] - Delayed 10 second(s)

2023-03-07 11:23:56 - [MESSAGE][PASSED] - Navigate to 'http://khanh-ar-stag-1066.myshopify.com/admin/online_store/preferences?tutorial=unlock' successfully

2023-03-07 11:24:03 - [MESSAGE][PASSED] - Web element with id: 'Object Repository/Shopify Store/div_loading_bar' located by 'By.xpath: //*[@id = 'AppFrameLoadingBar']' is not present after '50' second(s)

2023-03-07 11:24:03 - [MESSAGE][PASSED] - Keys '1' sent to object: 'Object Repository/Shopify Store/input_storefront_password'

2023-03-07 11:24:04 - [MESSAGE][PASSED] - Keys 'ENTER + ' sent to object: 'Object Repository/Shopify Store/input_storefront_password'

2023-03-07 11:24:04 - [MESSAGE][PASSED] - shopify.store_setting.changeStorePassword is PASSED

2023-03-07 11:24:04 - [TEST_STEP][PASSED] - Start tear down : teardownIfPassed: Method 'teardownIfPassed' complete successfully

2023-03-07 11:24:04 - [TEST_STEP][PASSED] - data.excel.updateValueToSheet(file_data, "store", 4, store_name, 7, "Passed"): data.excel.updateValueToSheet is PASSED

2023-03-07 11:24:04 - [MESSAGE][PASSED] - data.excel.updateValueToSheet is PASSED

2023-03-07 11:24:04 - [MESSAGE][PASSED] - Method 'teardownIfPassed' complete successfully]]></system-out>
         <system-err><![CDATA[]]></system-err>
      </testcase>
      <testcase name="Test Cases/Shopify/CreateStore" time="302.737" classname="Test Cases/Shopify/CreateStore" status="PASSED">
         <system-out><![CDATA[2023-03-07 11:24:04 - [TEST_CASE][PASSED] - Test Cases/Shopify/CreateStore: Test Cases/Shopify/CreateStore

2023-03-07 11:24:04 - [TEST_STEP][PASSED] - Start listener action : skipStatus: null

2023-03-07 11:24:04 - [TEST_STEP][PASSED] - map = testCaseContext.getTestCaseVariables(): null

2023-03-07 11:24:04 - [TEST_STEP][PASSED] - testcae_status = map.get("testcase_status"): null

2023-03-07 11:24:04 - [TEST_STEP][PASSED] - println(testcae_status): null

2023-03-07 11:24:04 - [TEST_STEP][PASSED] - if (testcae_status == "Passed" || testcae_status == "Failed"): null

2023-03-07 11:24:04 - [TEST_STEP][PASSED] - log = new com.kms.katalon.core.util.KeywordUtil(): null

2023-03-07 11:24:04 - [TEST_STEP][PASSED] - openBrowser(""): Browser is opened with url: ''

2023-03-07 11:24:04 - [MESSAGE][WARNING] - A browser is already opened. Closing browser and opening a new one

2023-03-07 11:24:05 - [MESSAGE][INFO] - Starting 'Chrome' driver

2023-03-07 11:24:05 - [MESSAGE][INFO] - Action delay is set to 0 milliseconds

2023-03-07 11:24:06 - [MESSAGE][PASSED] - Browser is opened with url: ''

2023-03-07 11:24:06 - [TEST_STEP][PASSED] - maximizeWindow(): Current window maximized

2023-03-07 11:24:06 - [MESSAGE][PASSED] - Current window maximized

2023-03-07 11:24:06 - [TEST_STEP][PASSED] - shopify.store.loginShopifyPartner(partner_email, partner_password, partner_id): shopify.store.loginShopifyPartner is PASSED

2023-03-07 11:24:12 - [MESSAGE][PASSED] - Navigate to 'https://partners.shopify.com/1662018/stores/new' successfully

2023-03-07 11:24:12 - [MESSAGE][PASSED] - Text 'huynh@firegroup.io' is set on object 'Object Repository/Shopify/input_email_shopify'

2023-03-07 11:24:15 - [MESSAGE][PASSED] - Object: 'Object Repository/Shopify/btn_continue_with_email' is clicked on

2023-03-07 11:24:17 - [MESSAGE][PASSED] - Text ****** has been set on object 'Object Repository/Shopify/input_password_shopify'

2023-03-07 11:24:22 - [MESSAGE][PASSED] - Object: 'Object Repository/Shopify/btn_login' is clicked on

2023-03-07 11:24:22 - [MESSAGE][PASSED] - shopify.store.loginShopifyPartner is PASSED

2023-03-07 11:24:22 - [TEST_STEP][PASSED] - shopify.store.navigateToStoreDevelop(partner_id): shopify.store.navigateToStoreDevelop is PASSED

2023-03-07 11:24:23 - [MESSAGE][PASSED] - Navigate to 'https://partners.shopify.com/1662018/stores/new?store_type=dev_preview_store&developer_preview_handle=checkout_extensibility' successfully

2023-03-07 11:24:23 - [MESSAGE][PASSED] - shopify.store.navigateToStoreDevelop is PASSED

2023-03-07 11:24:23 - [TEST_STEP][PASSED] - shopify.store.inputStoreName(store_name): shopify.store.inputStoreName is PASSED

2023-03-07 11:24:25 - [MESSAGE][PASSED] - Text 'khanh-ar-stag-1067' is set on object 'Object Repository/Shopify/input_store_name'

2023-03-07 11:24:30 - [MESSAGE][PASSED] - Delayed 5 second(s)

2023-03-07 11:24:30 - [MESSAGE][PASSED] - shopify.store.inputStoreName is PASSED

2023-03-07 11:24:30 - [TEST_STEP][PASSED] - shopify.store.clickCreateStore(): shopify.store.clickCreateStore is PASSED

2023-03-07 11:24:30 - [MESSAGE][PASSED] - Object: 'Object Repository/Shopify/btn_create_store' is clicked on

2023-03-07 11:24:30 - [MESSAGE][PASSED] - Wait for page load successfully

2023-03-07 11:24:30 - [MESSAGE][PASSED] - shopify.store.clickCreateStore is PASSED

2023-03-07 11:24:30 - [TEST_STEP][PASSED] - shopify.store.importProduct(product_file_local): shopify.store.importProduct is PASSED

2023-03-07 11:25:00 - [MESSAGE][PASSED] - Object: 'Object Repository/Shopify/span_product' is clicked on

2023-03-07 11:25:02 - [MESSAGE][PASSED] - Object: 'Object Repository/Shopify/span_import_product' is clicked on

2023-03-07 11:25:02 - [MESSAGE][PASSED] - File 'C:\Users\huynh\Documents\Socialhead\Automation\Katalon project\CreateStore\CreateStore\Data\products_export.csv' sent to object: 'Object Repository/Shopify/file_product'

2023-03-07 11:25:03 - [MESSAGE][PASSED] - Object: 'Object Repository/Shopify/span_upload_product_continue' is clicked on

2023-03-07 11:25:06 - [MESSAGE][PASSED] - Object: 'Object Repository/Shopify/btn_product_confirm_import' is clicked on

2023-03-07 11:25:36 - [MESSAGE][PASSED] - Delayed 30 second(s)

2023-03-07 11:25:37 - [MESSAGE][PASSED] - Refresh successfully

2023-03-07 11:25:52 - [MESSAGE][PASSED] - Delayed 15 second(s)

2023-03-07 11:25:52 - [MESSAGE][PASSED] - shopify.store.importProduct is PASSED

2023-03-07 11:25:52 - [TEST_STEP][PASSED] - shopify.store.clickOnMenuOnlineStore(): shopify.store.clickOnMenuOnlineStore is PASSED

2023-03-07 11:25:52 - [MESSAGE][PASSED] - Object: 'Object Repository/Shopify Store/a_onlie_store' is clicked on

2023-03-07 11:26:02 - [MESSAGE][PASSED] - Delayed 10 second(s)

2023-03-07 11:26:02 - [MESSAGE][PASSED] - shopify.store.clickOnMenuOnlineStore is PASSED

2023-03-07 11:26:02 - [TEST_STEP][PASSED] - shopify.store.clickOnImportTheme(): shopify.store.clickOnImportTheme is PASSED

2023-03-07 11:26:12 - [MESSAGE][PASSED] - Delayed 10 second(s)

2023-03-07 11:26:22 - [MESSAGE][PASSED] - Delayed 10 second(s)

2023-03-07 11:26:23 - [MESSAGE][PASSED] - Object: 'Object Repository/Shopify Store/btn_add_theme' is clicked on

2023-03-07 11:26:23 - [MESSAGE][PASSED] - shopify.store.clickOnImportTheme is PASSED

2023-03-07 11:26:23 - [TEST_STEP][PASSED] - shopify.store.innstallThemeShopifyViaUrl(theme_url, store_name): shopify.store.innstallThemeShopifyViaUrl is PASSED

2023-03-07 11:26:25 - [MESSAGE][PASSED] - Navigate to 'https://themes.shopify.com/themes/sense?shop=khanh-ar-stag-1067.myshopify.com' successfully

2023-03-07 11:26:36 - [MESSAGE][PASSED] - Object: 'Object Repository/Shopify/div_user_card_name' is clicked on

2023-03-07 11:26:40 - [MESSAGE][PASSED] - Object: 'Object Repository/Shopify Theme/a_trytheme' is clicked on

2023-03-07 11:27:11 - [MESSAGE][INFO] - Unable to find the element located by 'By.xpath: //*[@class = 'user-card__name']'. Please recheck the objects properties to make sure the desired element is located. 

2023-03-07 11:27:11 - [MESSAGE][WARNING] - [SELF-HEALING] Failed to find element with id 'Object Repository/Shopify/div_user_card_name'. Try using Self-healing.

2023-03-07 11:27:11 - [MESSAGE][WARNING] - [SELF-HEALING] Cannot find elements when the XPath is null.

2023-03-07 11:27:11 - [MESSAGE][WARNING] - [SELF-HEALING] Cannot find elements when the selector is null

2023-03-07 11:27:11 - [MESSAGE][WARNING] - Unable to click on object 'Object Repository/Shopify/div_user_card_name' (Root cause: com.kms.katalon.core.exception.StepFailedException: Unable to click on object 'Object Repository/Shopify/div_user_card_name'
	at com.kms.katalon.core.webui.keyword.internal.WebUIKeywordMain.stepFailed(WebUIKeywordMain.groovy:64)
	at com.kms.katalon.core.webui.keyword.internal.WebUIKeywordMain.runKeyword(WebUIKeywordMain.groovy:26)
	at com.kms.katalon.core.webui.keyword.builtin.ClickKeyword.click(ClickKeyword.groovy:74)
	at com.kms.katalon.core.webui.keyword.builtin.ClickKeyword.execute(ClickKeyword.groovy:40)
	at com.kms.katalon.core.keyword.internal.KeywordExecutor.executeKeywordForPlatform(KeywordExecutor.groovy:74)
	at com.kms.katalon.core.webui.keyword.WebUiBuiltInKeywords.click(WebUiBuiltInKeywords.groovy:608)
	at com.kms.katalon.core.webui.keyword.WebUiBuiltInKeywords$click$10.call(Unknown Source)
	at shopify.store.innstallThemeShopifyViaUrl(store.groovy:121)
	at shopify.store.invokeMethod(store.groovy)
	at com.kms.katalon.core.main.CustomKeywordDelegatingMetaClass.invokeStaticMethod(CustomKeywordDelegatingMetaClass.java:55)
	at CreateStore.run(CreateStore:52)
	at com.kms.katalon.core.main.ScriptEngine.run(ScriptEngine.java:194)
	at com.kms.katalon.core.main.ScriptEngine.runScriptAsRawText(ScriptEngine.java:119)
	at com.kms.katalon.core.main.TestCaseExecutor.runScript(TestCaseExecutor.java:448)
	at com.kms.katalon.core.main.TestCaseExecutor.doExecute(TestCaseExecutor.java:439)
	at com.kms.katalon.core.main.TestCaseExecutor.processExecutionPhase(TestCaseExecutor.java:418)
	at com.kms.katalon.core.main.TestCaseExecutor.accessMainPhase(TestCaseExecutor.java:410)
	at com.kms.katalon.core.main.TestCaseExecutor.execute(TestCaseExecutor.java:285)
	at com.kms.katalon.core.common.CommonExecutor.accessTestCaseMainPhase(CommonExecutor.java:65)
	at com.kms.katalon.core.main.TestSuiteExecutor.accessTestSuiteMainPhase(TestSuiteExecutor.java:151)
	at com.kms.katalon.core.main.TestSuiteExecutor.execute(TestSuiteExecutor.java:106)
	at com.kms.katalon.core.main.TestCaseMain.startTestSuite(TestCaseMain.java:185)
	at com.kms.katalon.core.main.TestCaseMain$startTestSuite$0.call(Unknown Source)
	at TempTestSuite1678162735898.run(TempTestSuite1678162735898.groovy:36)
Caused by: com.kms.katalon.core.webui.exception.WebElementNotFoundException: Web element with id: 'Object Repository/Shopify/div_user_card_name' located by '//*[@class = 'user-card__name']' not found
	at com.kms.katalon.core.webui.common.WebUiCommonHelper.findWebElement(WebUiCommonHelper.java:1370)
	at com.kms.katalon.core.webui.keyword.internal.WebUIAbstractKeyword.findWebElement(WebUIAbstractKeyword.groovy:27)
	at com.kms.katalon.core.webui.keyword.builtin.ClickKeyword$_click_closure1.doCall(ClickKeyword.groovy:65)
	at com.kms.katalon.core.webui.keyword.builtin.ClickKeyword$_click_closure1.call(ClickKeyword.groovy)
	at com.kms.katalon.core.webui.keyword.internal.WebUIKeywordMain.runKeyword(WebUIKeywordMain.groovy:20)
	at com.kms.katalon.core.webui.keyword.builtin.ClickKeyword.click(ClickKeyword.groovy:74)
	at com.kms.katalon.core.webui.keyword.builtin.ClickKeyword.execute(ClickKeyword.groovy:40)
	at com.kms.katalon.core.keyword.internal.KeywordExecutor.executeKeywordForPlatform(KeywordExecutor.groovy:74)
	at com.kms.katalon.core.webui.keyword.WebUiBuiltInKeywords.click(WebUiBuiltInKeywords.groovy:608)
	at com.kms.katalon.core.webui.keyword.WebUiBuiltInKeywords$click$10.call(Unknown Source)
	at shopify.store.innstallThemeShopifyViaUrl(store.groovy:121)
	at shopify.store.invokeMethod(store.groovy)
	at com.kms.katalon.core.main.CustomKeywordDelegatingMetaClass.invokeStaticMethod(CustomKeywordDelegatingMetaClass.java:55)
	at Script1673851860327.run(Script1673851860327.groovy:52)
	... 13 more
)
[[ATTACHMENT|C:\\Users\\huynh\\Documents\\Socialhead\\Automation\\Katalon project\\CreateStore\\CreateStore\\Reports\\20230307_111854\\Store\\Create Store\\20230307_111855\\1678163231319.png]]

2023-03-07 11:27:14 - [MESSAGE][PASSED] - Navigate to 'https://themes.shopify.com/themes/sense?shop=khanh-ar-stag-1067.myshopify.com' successfully

2023-03-07 11:27:17 - [MESSAGE][PASSED] - Object: 'Object Repository/Shopify Theme/a_trytheme' is clicked on

2023-03-07 11:27:17 - [MESSAGE][PASSED] - shopify.store.innstallThemeShopifyViaUrl is PASSED

2023-03-07 11:27:17 - [TEST_STEP][PASSED] - shopify.store.clickPublishTheme(): shopify.store.clickPublishTheme is PASSED

2023-03-07 11:27:47 - [MESSAGE][PASSED] - Delayed 30 second(s)

2023-03-07 11:27:48 - [MESSAGE][PASSED] - Refresh successfully

2023-03-07 11:28:18 - [MESSAGE][PASSED] - Delayed 30 second(s)

2023-03-07 11:28:18 - [MESSAGE][PASSED] - Object 'Object Repository/Shopify Store/btn_publish_theme' is clickable

2023-03-07 11:28:18 - [MESSAGE][PASSED] - Object: 'Object Repository/Shopify Store/btn_publish_theme' is clicked on

2023-03-07 11:28:18 - [MESSAGE][PASSED] - shopify.store.clickPublishTheme is PASSED

2023-03-07 11:28:18 - [TEST_STEP][PASSED] - shopify.store.confirmPublishTheme(): shopify.store.confirmPublishTheme is PASSED

2023-03-07 11:28:28 - [MESSAGE][PASSED] - Delayed 10 second(s)

2023-03-07 11:28:28 - [MESSAGE][PASSED] - Object: 'Object Repository/Shopify Store/btn_confirm_publish_theme' is clicked on

2023-03-07 11:28:28 - [MESSAGE][PASSED] - shopify.store.confirmPublishTheme is PASSED

2023-03-07 11:28:28 - [TEST_STEP][PASSED] - shopify.store_setting.changeStoreCurrency(currency, store_name): shopify.store_setting.changeStoreCurrency is PASSED

2023-03-07 11:28:38 - [MESSAGE][PASSED] - Delayed 10 second(s)

2023-03-07 11:28:39 - [MESSAGE][PASSED] - Navigate to 'http://khanh-ar-stag-1067.myshopify.com/admin/settings/general' successfully

2023-03-07 11:28:46 - [MESSAGE][PASSED] - All options with value 'USD' are selected in object 'Object Repository/Shopify Store/select_currency' 

2023-03-07 11:28:46 - [MESSAGE][PASSED] - shopify.store_setting.changeStoreCurrency is PASSED

2023-03-07 11:28:46 - [TEST_STEP][PASSED] - shopify.store_setting.saveStoreSetting(): shopify.store_setting.saveStoreSetting is PASSED

2023-03-07 11:28:46 - [MESSAGE][PASSED] - Object: 'Object Repository/Shopify Store/span_save_admin_setting' is clicked on

2023-03-07 11:28:46 - [MESSAGE][PASSED] - shopify.store_setting.saveStoreSetting is PASSED

2023-03-07 11:28:46 - [TEST_STEP][PASSED] - shopify.store_setting.changeStorePassword(store_name, "1"): shopify.store_setting.changeStorePassword is PASSED

2023-03-07 11:28:56 - [MESSAGE][PASSED] - Delayed 10 second(s)

2023-03-07 11:28:57 - [MESSAGE][PASSED] - Navigate to 'http://khanh-ar-stag-1067.myshopify.com/admin/online_store/preferences?tutorial=unlock' successfully

2023-03-07 11:29:06 - [MESSAGE][PASSED] - Web element with id: 'Object Repository/Shopify Store/div_loading_bar' located by 'By.xpath: //*[@id = 'AppFrameLoadingBar']' is not present after '50' second(s)

2023-03-07 11:29:07 - [MESSAGE][PASSED] - Keys '1' sent to object: 'Object Repository/Shopify Store/input_storefront_password'

2023-03-07 11:29:07 - [MESSAGE][PASSED] - Keys 'ENTER + ' sent to object: 'Object Repository/Shopify Store/input_storefront_password'

2023-03-07 11:29:07 - [MESSAGE][PASSED] - shopify.store_setting.changeStorePassword is PASSED

2023-03-07 11:29:07 - [TEST_STEP][PASSED] - Start tear down : teardownIfPassed: Method 'teardownIfPassed' complete successfully

2023-03-07 11:29:07 - [TEST_STEP][PASSED] - data.excel.updateValueToSheet(file_data, "store", 4, store_name, 7, "Passed"): data.excel.updateValueToSheet is PASSED

2023-03-07 11:29:07 - [MESSAGE][PASSED] - data.excel.updateValueToSheet is PASSED

2023-03-07 11:29:07 - [MESSAGE][PASSED] - Method 'teardownIfPassed' complete successfully]]></system-out>
         <system-err><![CDATA[]]></system-err>
      </testcase>
      <testcase name="Test Cases/Shopify/CreateStore" time="303.445" classname="Test Cases/Shopify/CreateStore" status="PASSED">
         <system-out><![CDATA[2023-03-07 11:29:07 - [TEST_CASE][PASSED] - Test Cases/Shopify/CreateStore: Test Cases/Shopify/CreateStore

2023-03-07 11:29:07 - [TEST_STEP][PASSED] - Start listener action : skipStatus: null

2023-03-07 11:29:07 - [TEST_STEP][PASSED] - map = testCaseContext.getTestCaseVariables(): null

2023-03-07 11:29:07 - [TEST_STEP][PASSED] - testcae_status = map.get("testcase_status"): null

2023-03-07 11:29:07 - [TEST_STEP][PASSED] - println(testcae_status): null

2023-03-07 11:29:07 - [TEST_STEP][PASSED] - if (testcae_status == "Passed" || testcae_status == "Failed"): null

2023-03-07 11:29:07 - [TEST_STEP][PASSED] - log = new com.kms.katalon.core.util.KeywordUtil(): null

2023-03-07 11:29:07 - [TEST_STEP][PASSED] - openBrowser(""): Browser is opened with url: ''

2023-03-07 11:29:07 - [MESSAGE][WARNING] - A browser is already opened. Closing browser and opening a new one

2023-03-07 11:29:07 - [MESSAGE][INFO] - Starting 'Chrome' driver

2023-03-07 11:29:07 - [MESSAGE][INFO] - Action delay is set to 0 milliseconds

2023-03-07 11:29:08 - [MESSAGE][PASSED] - Browser is opened with url: ''

2023-03-07 11:29:08 - [TEST_STEP][PASSED] - maximizeWindow(): Current window maximized

2023-03-07 11:29:09 - [MESSAGE][PASSED] - Current window maximized

2023-03-07 11:29:09 - [TEST_STEP][PASSED] - shopify.store.loginShopifyPartner(partner_email, partner_password, partner_id): shopify.store.loginShopifyPartner is PASSED

2023-03-07 11:29:12 - [MESSAGE][PASSED] - Navigate to 'https://partners.shopify.com/1662018/stores/new' successfully

2023-03-07 11:29:13 - [MESSAGE][PASSED] - Text 'huynh@firegroup.io' is set on object 'Object Repository/Shopify/input_email_shopify'

2023-03-07 11:29:16 - [MESSAGE][PASSED] - Object: 'Object Repository/Shopify/btn_continue_with_email' is clicked on

2023-03-07 11:29:18 - [MESSAGE][PASSED] - Text ****** has been set on object 'Object Repository/Shopify/input_password_shopify'

2023-03-07 11:29:24 - [MESSAGE][PASSED] - Object: 'Object Repository/Shopify/btn_login' is clicked on

2023-03-07 11:29:24 - [MESSAGE][PASSED] - shopify.store.loginShopifyPartner is PASSED

2023-03-07 11:29:24 - [TEST_STEP][PASSED] - shopify.store.navigateToStoreDevelop(partner_id): shopify.store.navigateToStoreDevelop is PASSED

2023-03-07 11:29:25 - [MESSAGE][PASSED] - Navigate to 'https://partners.shopify.com/1662018/stores/new?store_type=dev_preview_store&developer_preview_handle=checkout_extensibility' successfully

2023-03-07 11:29:25 - [MESSAGE][PASSED] - shopify.store.navigateToStoreDevelop is PASSED

2023-03-07 11:29:25 - [TEST_STEP][PASSED] - shopify.store.inputStoreName(store_name): shopify.store.inputStoreName is PASSED

2023-03-07 11:29:27 - [MESSAGE][PASSED] - Text 'khanh-ar-stag-1068' is set on object 'Object Repository/Shopify/input_store_name'

2023-03-07 11:29:32 - [MESSAGE][PASSED] - Delayed 5 second(s)

2023-03-07 11:29:32 - [MESSAGE][PASSED] - shopify.store.inputStoreName is PASSED

2023-03-07 11:29:32 - [TEST_STEP][PASSED] - shopify.store.clickCreateStore(): shopify.store.clickCreateStore is PASSED

2023-03-07 11:29:32 - [MESSAGE][PASSED] - Object: 'Object Repository/Shopify/btn_create_store' is clicked on

2023-03-07 11:29:32 - [MESSAGE][PASSED] - Wait for page load successfully

2023-03-07 11:29:32 - [MESSAGE][PASSED] - shopify.store.clickCreateStore is PASSED

2023-03-07 11:29:32 - [TEST_STEP][PASSED] - shopify.store.importProduct(product_file_local): shopify.store.importProduct is PASSED

2023-03-07 11:30:03 - [MESSAGE][PASSED] - Object: 'Object Repository/Shopify/span_product' is clicked on

2023-03-07 11:30:04 - [MESSAGE][PASSED] - Object: 'Object Repository/Shopify/span_import_product' is clicked on

2023-03-07 11:30:05 - [MESSAGE][PASSED] - File 'C:\Users\huynh\Documents\Socialhead\Automation\Katalon project\CreateStore\CreateStore\Data\products_export.csv' sent to object: 'Object Repository/Shopify/file_product'

2023-03-07 11:30:05 - [MESSAGE][PASSED] - Object: 'Object Repository/Shopify/span_upload_product_continue' is clicked on

2023-03-07 11:30:09 - [MESSAGE][PASSED] - Object: 'Object Repository/Shopify/btn_product_confirm_import' is clicked on

2023-03-07 11:30:39 - [MESSAGE][PASSED] - Delayed 30 second(s)

2023-03-07 11:30:39 - [MESSAGE][PASSED] - Refresh successfully

2023-03-07 11:30:54 - [MESSAGE][PASSED] - Delayed 15 second(s)

2023-03-07 11:30:54 - [MESSAGE][PASSED] - shopify.store.importProduct is PASSED

2023-03-07 11:30:54 - [TEST_STEP][PASSED] - shopify.store.clickOnMenuOnlineStore(): shopify.store.clickOnMenuOnlineStore is PASSED

2023-03-07 11:30:54 - [MESSAGE][PASSED] - Object: 'Object Repository/Shopify Store/a_onlie_store' is clicked on

2023-03-07 11:31:04 - [MESSAGE][PASSED] - Delayed 10 second(s)

2023-03-07 11:31:04 - [MESSAGE][PASSED] - shopify.store.clickOnMenuOnlineStore is PASSED

2023-03-07 11:31:04 - [TEST_STEP][PASSED] - shopify.store.clickOnImportTheme(): shopify.store.clickOnImportTheme is PASSED

2023-03-07 11:31:14 - [MESSAGE][PASSED] - Delayed 10 second(s)

2023-03-07 11:31:24 - [MESSAGE][PASSED] - Delayed 10 second(s)

2023-03-07 11:31:25 - [MESSAGE][PASSED] - Object: 'Object Repository/Shopify Store/btn_add_theme' is clicked on

2023-03-07 11:31:25 - [MESSAGE][PASSED] - shopify.store.clickOnImportTheme is PASSED

2023-03-07 11:31:25 - [TEST_STEP][PASSED] - shopify.store.innstallThemeShopifyViaUrl(theme_url, store_name): shopify.store.innstallThemeShopifyViaUrl is PASSED

2023-03-07 11:31:27 - [MESSAGE][PASSED] - Navigate to 'https://themes.shopify.com/themes/sense?shop=khanh-ar-stag-1068.myshopify.com' successfully

2023-03-07 11:31:38 - [MESSAGE][PASSED] - Object: 'Object Repository/Shopify/div_user_card_name' is clicked on

2023-03-07 11:31:41 - [MESSAGE][PASSED] - Object: 'Object Repository/Shopify Theme/a_trytheme' is clicked on

2023-03-07 11:32:12 - [MESSAGE][INFO] - Unable to find the element located by 'By.xpath: //*[@class = 'user-card__name']'. Please recheck the objects properties to make sure the desired element is located. 

2023-03-07 11:32:12 - [MESSAGE][WARNING] - [SELF-HEALING] Failed to find element with id 'Object Repository/Shopify/div_user_card_name'. Try using Self-healing.

2023-03-07 11:32:12 - [MESSAGE][WARNING] - [SELF-HEALING] Cannot find elements when the XPath is null.

2023-03-07 11:32:12 - [MESSAGE][WARNING] - [SELF-HEALING] Cannot find elements when the selector is null

2023-03-07 11:32:12 - [MESSAGE][WARNING] - Unable to click on object 'Object Repository/Shopify/div_user_card_name' (Root cause: com.kms.katalon.core.exception.StepFailedException: Unable to click on object 'Object Repository/Shopify/div_user_card_name'
	at com.kms.katalon.core.webui.keyword.internal.WebUIKeywordMain.stepFailed(WebUIKeywordMain.groovy:64)
	at com.kms.katalon.core.webui.keyword.internal.WebUIKeywordMain.runKeyword(WebUIKeywordMain.groovy:26)
	at com.kms.katalon.core.webui.keyword.builtin.ClickKeyword.click(ClickKeyword.groovy:74)
	at com.kms.katalon.core.webui.keyword.builtin.ClickKeyword.execute(ClickKeyword.groovy:40)
	at com.kms.katalon.core.keyword.internal.KeywordExecutor.executeKeywordForPlatform(KeywordExecutor.groovy:74)
	at com.kms.katalon.core.webui.keyword.WebUiBuiltInKeywords.click(WebUiBuiltInKeywords.groovy:608)
	at com.kms.katalon.core.webui.keyword.WebUiBuiltInKeywords$click$10.call(Unknown Source)
	at shopify.store.innstallThemeShopifyViaUrl(store.groovy:121)
	at shopify.store.invokeMethod(store.groovy)
	at com.kms.katalon.core.main.CustomKeywordDelegatingMetaClass.invokeStaticMethod(CustomKeywordDelegatingMetaClass.java:55)
	at CreateStore.run(CreateStore:52)
	at com.kms.katalon.core.main.ScriptEngine.run(ScriptEngine.java:194)
	at com.kms.katalon.core.main.ScriptEngine.runScriptAsRawText(ScriptEngine.java:119)
	at com.kms.katalon.core.main.TestCaseExecutor.runScript(TestCaseExecutor.java:448)
	at com.kms.katalon.core.main.TestCaseExecutor.doExecute(TestCaseExecutor.java:439)
	at com.kms.katalon.core.main.TestCaseExecutor.processExecutionPhase(TestCaseExecutor.java:418)
	at com.kms.katalon.core.main.TestCaseExecutor.accessMainPhase(TestCaseExecutor.java:410)
	at com.kms.katalon.core.main.TestCaseExecutor.execute(TestCaseExecutor.java:285)
	at com.kms.katalon.core.common.CommonExecutor.accessTestCaseMainPhase(CommonExecutor.java:65)
	at com.kms.katalon.core.main.TestSuiteExecutor.accessTestSuiteMainPhase(TestSuiteExecutor.java:151)
	at com.kms.katalon.core.main.TestSuiteExecutor.execute(TestSuiteExecutor.java:106)
	at com.kms.katalon.core.main.TestCaseMain.startTestSuite(TestCaseMain.java:185)
	at com.kms.katalon.core.main.TestCaseMain$startTestSuite$0.call(Unknown Source)
	at TempTestSuite1678162735898.run(TempTestSuite1678162735898.groovy:36)
Caused by: com.kms.katalon.core.webui.exception.WebElementNotFoundException: Web element with id: 'Object Repository/Shopify/div_user_card_name' located by '//*[@class = 'user-card__name']' not found
	at com.kms.katalon.core.webui.common.WebUiCommonHelper.findWebElement(WebUiCommonHelper.java:1370)
	at com.kms.katalon.core.webui.keyword.internal.WebUIAbstractKeyword.findWebElement(WebUIAbstractKeyword.groovy:27)
	at com.kms.katalon.core.webui.keyword.builtin.ClickKeyword$_click_closure1.doCall(ClickKeyword.groovy:65)
	at com.kms.katalon.core.webui.keyword.builtin.ClickKeyword$_click_closure1.call(ClickKeyword.groovy)
	at com.kms.katalon.core.webui.keyword.internal.WebUIKeywordMain.runKeyword(WebUIKeywordMain.groovy:20)
	at com.kms.katalon.core.webui.keyword.builtin.ClickKeyword.click(ClickKeyword.groovy:74)
	at com.kms.katalon.core.webui.keyword.builtin.ClickKeyword.execute(ClickKeyword.groovy:40)
	at com.kms.katalon.core.keyword.internal.KeywordExecutor.executeKeywordForPlatform(KeywordExecutor.groovy:74)
	at com.kms.katalon.core.webui.keyword.WebUiBuiltInKeywords.click(WebUiBuiltInKeywords.groovy:608)
	at com.kms.katalon.core.webui.keyword.WebUiBuiltInKeywords$click$10.call(Unknown Source)
	at shopify.store.innstallThemeShopifyViaUrl(store.groovy:121)
	at shopify.store.invokeMethod(store.groovy)
	at com.kms.katalon.core.main.CustomKeywordDelegatingMetaClass.invokeStaticMethod(CustomKeywordDelegatingMetaClass.java:55)
	at Script1673851860327.run(Script1673851860327.groovy:52)
	... 13 more
)
[[ATTACHMENT|C:\\Users\\huynh\\Documents\\Socialhead\\Automation\\Katalon project\\CreateStore\\CreateStore\\Reports\\20230307_111854\\Store\\Create Store\\20230307_111855\\1678163532420.png]]

2023-03-07 11:32:16 - [MESSAGE][PASSED] - Navigate to 'https://themes.shopify.com/themes/sense?shop=khanh-ar-stag-1068.myshopify.com' successfully

2023-03-07 11:32:19 - [MESSAGE][PASSED] - Object: 'Object Repository/Shopify Theme/a_trytheme' is clicked on

2023-03-07 11:32:19 - [MESSAGE][PASSED] - shopify.store.innstallThemeShopifyViaUrl is PASSED

2023-03-07 11:32:19 - [TEST_STEP][PASSED] - shopify.store.clickPublishTheme(): shopify.store.clickPublishTheme is PASSED

2023-03-07 11:32:49 - [MESSAGE][PASSED] - Delayed 30 second(s)

2023-03-07 11:32:49 - [MESSAGE][PASSED] - Refresh successfully

2023-03-07 11:33:19 - [MESSAGE][PASSED] - Delayed 30 second(s)

2023-03-07 11:33:19 - [MESSAGE][PASSED] - Object 'Object Repository/Shopify Store/btn_publish_theme' is clickable

2023-03-07 11:33:20 - [MESSAGE][PASSED] - Object: 'Object Repository/Shopify Store/btn_publish_theme' is clicked on

2023-03-07 11:33:20 - [MESSAGE][PASSED] - shopify.store.clickPublishTheme is PASSED

2023-03-07 11:33:20 - [TEST_STEP][PASSED] - shopify.store.confirmPublishTheme(): shopify.store.confirmPublishTheme is PASSED

2023-03-07 11:33:30 - [MESSAGE][PASSED] - Delayed 10 second(s)

2023-03-07 11:33:30 - [MESSAGE][PASSED] - Object: 'Object Repository/Shopify Store/btn_confirm_publish_theme' is clicked on

2023-03-07 11:33:30 - [MESSAGE][PASSED] - shopify.store.confirmPublishTheme is PASSED

2023-03-07 11:33:30 - [TEST_STEP][PASSED] - shopify.store_setting.changeStoreCurrency(currency, store_name): shopify.store_setting.changeStoreCurrency is PASSED

2023-03-07 11:33:40 - [MESSAGE][PASSED] - Delayed 10 second(s)

2023-03-07 11:33:41 - [MESSAGE][PASSED] - Navigate to 'http://khanh-ar-stag-1068.myshopify.com/admin/settings/general' successfully

2023-03-07 11:33:51 - [MESSAGE][PASSED] - All options with value 'USD' are selected in object 'Object Repository/Shopify Store/select_currency' 

2023-03-07 11:33:51 - [MESSAGE][PASSED] - shopify.store_setting.changeStoreCurrency is PASSED

2023-03-07 11:33:51 - [TEST_STEP][PASSED] - shopify.store_setting.saveStoreSetting(): shopify.store_setting.saveStoreSetting is PASSED

2023-03-07 11:33:51 - [MESSAGE][PASSED] - Object: 'Object Repository/Shopify Store/span_save_admin_setting' is clicked on

2023-03-07 11:33:51 - [MESSAGE][PASSED] - shopify.store_setting.saveStoreSetting is PASSED

2023-03-07 11:33:51 - [TEST_STEP][PASSED] - shopify.store_setting.changeStorePassword(store_name, "1"): shopify.store_setting.changeStorePassword is PASSED

2023-03-07 11:34:01 - [MESSAGE][PASSED] - Delayed 10 second(s)

2023-03-07 11:34:03 - [MESSAGE][PASSED] - Navigate to 'http://khanh-ar-stag-1068.myshopify.com/admin/online_store/preferences?tutorial=unlock' successfully

2023-03-07 11:34:10 - [MESSAGE][PASSED] - Web element with id: 'Object Repository/Shopify Store/div_loading_bar' located by 'By.xpath: //*[@id = 'AppFrameLoadingBar']' is not present after '50' second(s)

2023-03-07 11:34:10 - [MESSAGE][PASSED] - Keys '1' sent to object: 'Object Repository/Shopify Store/input_storefront_password'

2023-03-07 11:34:10 - [MESSAGE][PASSED] - Keys 'ENTER + ' sent to object: 'Object Repository/Shopify Store/input_storefront_password'

2023-03-07 11:34:10 - [MESSAGE][PASSED] - shopify.store_setting.changeStorePassword is PASSED

2023-03-07 11:34:10 - [TEST_STEP][PASSED] - Start tear down : teardownIfPassed: Method 'teardownIfPassed' complete successfully

2023-03-07 11:34:10 - [TEST_STEP][PASSED] - data.excel.updateValueToSheet(file_data, "store", 4, store_name, 7, "Passed"): data.excel.updateValueToSheet is PASSED

2023-03-07 11:34:10 - [MESSAGE][PASSED] - data.excel.updateValueToSheet is PASSED

2023-03-07 11:34:10 - [MESSAGE][PASSED] - Method 'teardownIfPassed' complete successfully]]></system-out>
         <system-err><![CDATA[]]></system-err>
      </testcase>
      <testcase name="Test Cases/Shopify/CreateStore" time="269.749" classname="Test Cases/Shopify/CreateStore" status="PASSED">
         <system-out><![CDATA[2023-03-07 11:34:10 - [TEST_CASE][PASSED] - Test Cases/Shopify/CreateStore: Test Cases/Shopify/CreateStore

2023-03-07 11:34:10 - [TEST_STEP][PASSED] - Start listener action : skipStatus: null

2023-03-07 11:34:10 - [TEST_STEP][PASSED] - map = testCaseContext.getTestCaseVariables(): null

2023-03-07 11:34:10 - [TEST_STEP][PASSED] - testcae_status = map.get("testcase_status"): null

2023-03-07 11:34:10 - [TEST_STEP][PASSED] - println(testcae_status): null

2023-03-07 11:34:10 - [TEST_STEP][PASSED] - if (testcae_status == "Passed" || testcae_status == "Failed"): null

2023-03-07 11:34:10 - [TEST_STEP][PASSED] - log = new com.kms.katalon.core.util.KeywordUtil(): null

2023-03-07 11:34:10 - [TEST_STEP][PASSED] - openBrowser(""): Browser is opened with url: ''

2023-03-07 11:34:10 - [MESSAGE][WARNING] - A browser is already opened. Closing browser and opening a new one

2023-03-07 11:34:11 - [MESSAGE][INFO] - Starting 'Chrome' driver

2023-03-07 11:34:11 - [MESSAGE][INFO] - Action delay is set to 0 milliseconds

2023-03-07 11:34:12 - [MESSAGE][PASSED] - Browser is opened with url: ''

2023-03-07 11:34:12 - [TEST_STEP][PASSED] - maximizeWindow(): Current window maximized

2023-03-07 11:34:12 - [MESSAGE][PASSED] - Current window maximized

2023-03-07 11:34:12 - [TEST_STEP][PASSED] - shopify.store.loginShopifyPartner(partner_email, partner_password, partner_id): shopify.store.loginShopifyPartner is PASSED

2023-03-07 11:34:16 - [MESSAGE][PASSED] - Navigate to 'https://partners.shopify.com/1662018/stores/new' successfully

2023-03-07 11:34:17 - [MESSAGE][PASSED] - Text 'huynh@firegroup.io' is set on object 'Object Repository/Shopify/input_email_shopify'

2023-03-07 11:34:20 - [MESSAGE][PASSED] - Object: 'Object Repository/Shopify/btn_continue_with_email' is clicked on

2023-03-07 11:34:22 - [MESSAGE][PASSED] - Text ****** has been set on object 'Object Repository/Shopify/input_password_shopify'

2023-03-07 11:34:27 - [MESSAGE][PASSED] - Object: 'Object Repository/Shopify/btn_login' is clicked on

2023-03-07 11:34:27 - [MESSAGE][PASSED] - shopify.store.loginShopifyPartner is PASSED

2023-03-07 11:34:27 - [TEST_STEP][PASSED] - shopify.store.navigateToStoreDevelop(partner_id): shopify.store.navigateToStoreDevelop is PASSED

2023-03-07 11:34:28 - [MESSAGE][PASSED] - Navigate to 'https://partners.shopify.com/1662018/stores/new?store_type=dev_preview_store&developer_preview_handle=checkout_extensibility' successfully

2023-03-07 11:34:28 - [MESSAGE][PASSED] - shopify.store.navigateToStoreDevelop is PASSED

2023-03-07 11:34:28 - [TEST_STEP][PASSED] - shopify.store.inputStoreName(store_name): shopify.store.inputStoreName is PASSED

2023-03-07 11:34:30 - [MESSAGE][PASSED] - Text 'khanh-ar-stag-1069' is set on object 'Object Repository/Shopify/input_store_name'

2023-03-07 11:34:35 - [MESSAGE][PASSED] - Delayed 5 second(s)

2023-03-07 11:34:35 - [MESSAGE][PASSED] - shopify.store.inputStoreName is PASSED

2023-03-07 11:34:35 - [TEST_STEP][PASSED] - shopify.store.clickCreateStore(): shopify.store.clickCreateStore is PASSED

2023-03-07 11:34:35 - [MESSAGE][PASSED] - Object: 'Object Repository/Shopify/btn_create_store' is clicked on

2023-03-07 11:34:35 - [MESSAGE][PASSED] - Wait for page load successfully

2023-03-07 11:34:35 - [MESSAGE][PASSED] - shopify.store.clickCreateStore is PASSED

2023-03-07 11:34:35 - [TEST_STEP][PASSED] - shopify.store.importProduct(product_file_local): shopify.store.importProduct is PASSED

2023-03-07 11:35:03 - [MESSAGE][PASSED] - Object: 'Object Repository/Shopify/span_product' is clicked on

2023-03-07 11:35:04 - [MESSAGE][PASSED] - Object: 'Object Repository/Shopify/span_import_product' is clicked on

2023-03-07 11:35:05 - [MESSAGE][PASSED] - File 'C:\Users\huynh\Documents\Socialhead\Automation\Katalon project\CreateStore\CreateStore\Data\products_export.csv' sent to object: 'Object Repository/Shopify/file_product'

2023-03-07 11:35:05 - [MESSAGE][PASSED] - Object: 'Object Repository/Shopify/span_upload_product_continue' is clicked on

2023-03-07 11:35:09 - [MESSAGE][PASSED] - Object: 'Object Repository/Shopify/btn_product_confirm_import' is clicked on

2023-03-07 11:35:39 - [MESSAGE][PASSED] - Delayed 30 second(s)

2023-03-07 11:35:39 - [MESSAGE][PASSED] - Refresh successfully

2023-03-07 11:35:54 - [MESSAGE][PASSED] - Delayed 15 second(s)

2023-03-07 11:35:54 - [MESSAGE][PASSED] - shopify.store.importProduct is PASSED

2023-03-07 11:35:54 - [TEST_STEP][PASSED] - shopify.store.clickOnMenuOnlineStore(): shopify.store.clickOnMenuOnlineStore is PASSED

2023-03-07 11:35:55 - [MESSAGE][PASSED] - Object: 'Object Repository/Shopify Store/a_onlie_store' is clicked on

2023-03-07 11:36:05 - [MESSAGE][PASSED] - Delayed 10 second(s)

2023-03-07 11:36:05 - [MESSAGE][PASSED] - shopify.store.clickOnMenuOnlineStore is PASSED

2023-03-07 11:36:05 - [TEST_STEP][PASSED] - shopify.store.clickOnImportTheme(): shopify.store.clickOnImportTheme is PASSED

2023-03-07 11:36:15 - [MESSAGE][PASSED] - Delayed 10 second(s)

2023-03-07 11:36:25 - [MESSAGE][PASSED] - Delayed 10 second(s)

2023-03-07 11:36:25 - [MESSAGE][PASSED] - Object: 'Object Repository/Shopify Store/btn_add_theme' is clicked on

2023-03-07 11:36:25 - [MESSAGE][PASSED] - shopify.store.clickOnImportTheme is PASSED

2023-03-07 11:36:25 - [TEST_STEP][PASSED] - shopify.store.innstallThemeShopifyViaUrl(theme_url, store_name): shopify.store.innstallThemeShopifyViaUrl is PASSED

2023-03-07 11:36:28 - [MESSAGE][PASSED] - Navigate to 'https://themes.shopify.com/themes/sense?shop=khanh-ar-stag-1069.myshopify.com' successfully

2023-03-07 11:36:34 - [MESSAGE][PASSED] - Object: 'Object Repository/Shopify/div_user_card_name' is clicked on

2023-03-07 11:36:37 - [MESSAGE][PASSED] - Object: 'Object Repository/Shopify Theme/a_trytheme' is clicked on

2023-03-07 11:36:45 - [MESSAGE][PASSED] - Object: 'Object Repository/Shopify/div_user_card_name' is clicked on

2023-03-07 11:36:48 - [MESSAGE][PASSED] - Navigate to 'https://themes.shopify.com/themes/sense?shop=khanh-ar-stag-1069.myshopify.com' successfully

2023-03-07 11:36:51 - [MESSAGE][PASSED] - Object: 'Object Repository/Shopify Theme/a_trytheme' is clicked on

2023-03-07 11:36:51 - [MESSAGE][PASSED] - shopify.store.innstallThemeShopifyViaUrl is PASSED

2023-03-07 11:36:51 - [TEST_STEP][PASSED] - shopify.store.clickPublishTheme(): shopify.store.clickPublishTheme is PASSED

2023-03-07 11:37:21 - [MESSAGE][PASSED] - Delayed 30 second(s)

2023-03-07 11:37:21 - [MESSAGE][PASSED] - Refresh successfully

2023-03-07 11:37:51 - [MESSAGE][PASSED] - Delayed 30 second(s)

2023-03-07 11:37:51 - [MESSAGE][PASSED] - Object 'Object Repository/Shopify Store/btn_publish_theme' is clickable

2023-03-07 11:37:51 - [MESSAGE][PASSED] - Object: 'Object Repository/Shopify Store/btn_publish_theme' is clicked on

2023-03-07 11:37:51 - [MESSAGE][PASSED] - shopify.store.clickPublishTheme is PASSED

2023-03-07 11:37:51 - [TEST_STEP][PASSED] - shopify.store.confirmPublishTheme(): shopify.store.confirmPublishTheme is PASSED

2023-03-07 11:38:01 - [MESSAGE][PASSED] - Delayed 10 second(s)

2023-03-07 11:38:02 - [MESSAGE][PASSED] - Object: 'Object Repository/Shopify Store/btn_confirm_publish_theme' is clicked on

2023-03-07 11:38:02 - [MESSAGE][PASSED] - shopify.store.confirmPublishTheme is PASSED

2023-03-07 11:38:02 - [TEST_STEP][PASSED] - shopify.store_setting.changeStoreCurrency(currency, store_name): shopify.store_setting.changeStoreCurrency is PASSED

2023-03-07 11:38:12 - [MESSAGE][PASSED] - Delayed 10 second(s)

2023-03-07 11:38:13 - [MESSAGE][PASSED] - Navigate to 'http://khanh-ar-stag-1069.myshopify.com/admin/settings/general' successfully

2023-03-07 11:38:20 - [MESSAGE][PASSED] - All options with value 'USD' are selected in object 'Object Repository/Shopify Store/select_currency' 

2023-03-07 11:38:20 - [MESSAGE][PASSED] - shopify.store_setting.changeStoreCurrency is PASSED

2023-03-07 11:38:20 - [TEST_STEP][PASSED] - shopify.store_setting.saveStoreSetting(): shopify.store_setting.saveStoreSetting is PASSED

2023-03-07 11:38:21 - [MESSAGE][PASSED] - Object: 'Object Repository/Shopify Store/span_save_admin_setting' is clicked on

2023-03-07 11:38:21 - [MESSAGE][PASSED] - shopify.store_setting.saveStoreSetting is PASSED

2023-03-07 11:38:21 - [TEST_STEP][PASSED] - shopify.store_setting.changeStorePassword(store_name, "1"): shopify.store_setting.changeStorePassword is PASSED

2023-03-07 11:38:31 - [MESSAGE][PASSED] - Delayed 10 second(s)

2023-03-07 11:38:32 - [MESSAGE][PASSED] - Navigate to 'http://khanh-ar-stag-1069.myshopify.com/admin/online_store/preferences?tutorial=unlock' successfully

2023-03-07 11:38:39 - [MESSAGE][PASSED] - Web element with id: 'Object Repository/Shopify Store/div_loading_bar' located by 'By.xpath: //*[@id = 'AppFrameLoadingBar']' is not present after '50' second(s)

2023-03-07 11:38:40 - [MESSAGE][PASSED] - Keys '1' sent to object: 'Object Repository/Shopify Store/input_storefront_password'

2023-03-07 11:38:40 - [MESSAGE][PASSED] - Keys 'ENTER + ' sent to object: 'Object Repository/Shopify Store/input_storefront_password'

2023-03-07 11:38:40 - [MESSAGE][PASSED] - shopify.store_setting.changeStorePassword is PASSED

2023-03-07 11:38:40 - [TEST_STEP][PASSED] - Start tear down : teardownIfPassed: Method 'teardownIfPassed' complete successfully

2023-03-07 11:38:40 - [TEST_STEP][PASSED] - data.excel.updateValueToSheet(file_data, "store", 4, store_name, 7, "Passed"): data.excel.updateValueToSheet is PASSED

2023-03-07 11:38:40 - [MESSAGE][PASSED] - data.excel.updateValueToSheet is PASSED

2023-03-07 11:38:40 - [MESSAGE][PASSED] - Method 'teardownIfPassed' complete successfully]]></system-out>
         <system-err><![CDATA[]]></system-err>
      </testcase>
      <testcase name="Test Cases/Shopify/CreateStore" time="58.919" classname="Test Cases/Shopify/CreateStore" status="FAILED">
         <failure type="FAILED" message="Test Cases/Shopify/CreateStore FAILED.
Reason:
com.kms.katalon.core.exception.StepFailedException: Unable to click on object 'Object Repository/Shopify/span_product'
	at com.kms.katalon.core.webui.keyword.internal.WebUIKeywordMain.stepFailed(WebUIKeywordMain.groovy:64)
	at com.kms.katalon.core.webui.keyword.internal.WebUIKeywordMain.runKeyword(WebUIKeywordMain.groovy:26)
	at com.kms.katalon.core.webui.keyword.builtin.ClickKeyword.click(ClickKeyword.groovy:74)
	at com.kms.katalon.core.webui.keyword.builtin.ClickKeyword.execute(ClickKeyword.groovy:40)
	at com.kms.katalon.core.keyword.internal.KeywordExecutor.executeKeywordForPlatform(KeywordExecutor.groovy:74)
	at com.kms.katalon.core.webui.keyword.WebUiBuiltInKeywords.click(WebUiBuiltInKeywords.groovy:620)
	at com.kms.katalon.core.webui.keyword.WebUiBuiltInKeywords$click$3.call(Unknown Source)
	at shopify.store.importProduct(store.groovy:51)
	at shopify.store.invokeMethod(store.groovy)
	at com.kms.katalon.core.main.CustomKeywordDelegatingMetaClass.invokeStaticMethod(CustomKeywordDelegatingMetaClass.java:55)
	at CreateStore.run(CreateStore:46)
	at com.kms.katalon.core.main.ScriptEngine.run(ScriptEngine.java:194)
	at com.kms.katalon.core.main.ScriptEngine.runScriptAsRawText(ScriptEngine.java:119)
	at com.kms.katalon.core.main.TestCaseExecutor.runScript(TestCaseExecutor.java:448)
	at com.kms.katalon.core.main.TestCaseExecutor.doExecute(TestCaseExecutor.java:439)
	at com.kms.katalon.core.main.TestCaseExecutor.processExecutionPhase(TestCaseExecutor.java:418)
	at com.kms.katalon.core.main.TestCaseExecutor.accessMainPhase(TestCaseExecutor.java:410)
	at com.kms.katalon.core.main.TestCaseExecutor.execute(TestCaseExecutor.java:285)
	at com.kms.katalon.core.common.CommonExecutor.accessTestCaseMainPhase(CommonExecutor.java:65)
	at com.kms.katalon.core.main.TestSuiteExecutor.accessTestSuiteMainPhase(TestSuiteExecutor.java:151)
	at com.kms.katalon.core.main.TestSuiteExecutor.execute(TestSuiteExecutor.java:106)
	at com.kms.katalon.core.main.TestCaseMain.startTestSuite(TestCaseMain.java:185)
	at com.kms.katalon.core.main.TestCaseMain$startTestSuite$0.call(Unknown Source)
	at TempTestSuite1678162735898.run(TempTestSuite1678162735898.groovy:36)
Caused by: com.kms.katalon.core.webui.exception.WebElementNotFoundException: Web element with id: 'Object Repository/Shopify/span_product' located by '//div[@id='AppFrameNav']/div/nav/div[2]/div[2]/ul/li[3]/div/div/a/span' not found
	at com.kms.katalon.core.webui.common.WebUiCommonHelper.findWebElement(WebUiCommonHelper.java:1370)
	at com.kms.katalon.core.webui.keyword.internal.WebUIAbstractKeyword.findWebElement(WebUIAbstractKeyword.groovy:27)
	at com.kms.katalon.core.webui.keyword.builtin.ClickKeyword$_click_closure1.doCall(ClickKeyword.groovy:65)
	at com.kms.katalon.core.webui.keyword.builtin.ClickKeyword$_click_closure1.call(ClickKeyword.groovy)
	at com.kms.katalon.core.webui.keyword.internal.WebUIKeywordMain.runKeyword(WebUIKeywordMain.groovy:20)
	... 22 more
"/>
         <system-out><![CDATA[2023-03-07 11:38:40 - [TEST_CASE][FAILED] - Test Cases/Shopify/CreateStore: Test Cases/Shopify/CreateStore FAILED.
Reason:
com.kms.katalon.core.exception.StepFailedException: Unable to click on object 'Object Repository/Shopify/span_product'
	at com.kms.katalon.core.webui.keyword.internal.WebUIKeywordMain.stepFailed(WebUIKeywordMain.groovy:64)
	at com.kms.katalon.core.webui.keyword.internal.WebUIKeywordMain.runKeyword(WebUIKeywordMain.groovy:26)
	at com.kms.katalon.core.webui.keyword.builtin.ClickKeyword.click(ClickKeyword.groovy:74)
	at com.kms.katalon.core.webui.keyword.builtin.ClickKeyword.execute(ClickKeyword.groovy:40)
	at com.kms.katalon.core.keyword.internal.KeywordExecutor.executeKeywordForPlatform(KeywordExecutor.groovy:74)
	at com.kms.katalon.core.webui.keyword.WebUiBuiltInKeywords.click(WebUiBuiltInKeywords.groovy:620)
	at com.kms.katalon.core.webui.keyword.WebUiBuiltInKeywords$click$3.call(Unknown Source)
	at shopify.store.importProduct(store.groovy:51)
	at shopify.store.invokeMethod(store.groovy)
	at com.kms.katalon.core.main.CustomKeywordDelegatingMetaClass.invokeStaticMethod(CustomKeywordDelegatingMetaClass.java:55)
	at CreateStore.run(CreateStore:46)
	at com.kms.katalon.core.main.ScriptEngine.run(ScriptEngine.java:194)
	at com.kms.katalon.core.main.ScriptEngine.runScriptAsRawText(ScriptEngine.java:119)
	at com.kms.katalon.core.main.TestCaseExecutor.runScript(TestCaseExecutor.java:448)
	at com.kms.katalon.core.main.TestCaseExecutor.doExecute(TestCaseExecutor.java:439)
	at com.kms.katalon.core.main.TestCaseExecutor.processExecutionPhase(TestCaseExecutor.java:418)
	at com.kms.katalon.core.main.TestCaseExecutor.accessMainPhase(TestCaseExecutor.java:410)
	at com.kms.katalon.core.main.TestCaseExecutor.execute(TestCaseExecutor.java:285)
	at com.kms.katalon.core.common.CommonExecutor.accessTestCaseMainPhase(CommonExecutor.java:65)
	at com.kms.katalon.core.main.TestSuiteExecutor.accessTestSuiteMainPhase(TestSuiteExecutor.java:151)
	at com.kms.katalon.core.main.TestSuiteExecutor.execute(TestSuiteExecutor.java:106)
	at com.kms.katalon.core.main.TestCaseMain.startTestSuite(TestCaseMain.java:185)
	at com.kms.katalon.core.main.TestCaseMain$startTestSuite$0.call(Unknown Source)
	at TempTestSuite1678162735898.run(TempTestSuite1678162735898.groovy:36)
Caused by: com.kms.katalon.core.webui.exception.WebElementNotFoundException: Web element with id: 'Object Repository/Shopify/span_product' located by '//div[@id='AppFrameNav']/div/nav/div[2]/div[2]/ul/li[3]/div/div/a/span' not found
	at com.kms.katalon.core.webui.common.WebUiCommonHelper.findWebElement(WebUiCommonHelper.java:1370)
	at com.kms.katalon.core.webui.keyword.internal.WebUIAbstractKeyword.findWebElement(WebUIAbstractKeyword.groovy:27)
	at com.kms.katalon.core.webui.keyword.builtin.ClickKeyword$_click_closure1.doCall(ClickKeyword.groovy:65)
	at com.kms.katalon.core.webui.keyword.builtin.ClickKeyword$_click_closure1.call(ClickKeyword.groovy)
	at com.kms.katalon.core.webui.keyword.internal.WebUIKeywordMain.runKeyword(WebUIKeywordMain.groovy:20)
	... 22 more


2023-03-07 11:38:40 - [TEST_STEP][PASSED] - Start listener action : skipStatus: null

2023-03-07 11:38:40 - [TEST_STEP][PASSED] - map = testCaseContext.getTestCaseVariables(): null

2023-03-07 11:38:40 - [TEST_STEP][PASSED] - testcae_status = map.get("testcase_status"): null

2023-03-07 11:38:40 - [TEST_STEP][PASSED] - println(testcae_status): null

2023-03-07 11:38:40 - [TEST_STEP][PASSED] - if (testcae_status == "Passed" || testcae_status == "Failed"): null

2023-03-07 11:38:40 - [TEST_STEP][PASSED] - log = new com.kms.katalon.core.util.KeywordUtil(): null

2023-03-07 11:38:40 - [TEST_STEP][PASSED] - openBrowser(""): Browser is opened with url: ''

2023-03-07 11:38:40 - [MESSAGE][WARNING] - A browser is already opened. Closing browser and opening a new one

2023-03-07 11:38:41 - [MESSAGE][INFO] - Starting 'Chrome' driver

2023-03-07 11:38:41 - [MESSAGE][INFO] - Action delay is set to 0 milliseconds

2023-03-07 11:38:42 - [MESSAGE][PASSED] - Browser is opened with url: ''

2023-03-07 11:38:42 - [TEST_STEP][PASSED] - maximizeWindow(): Current window maximized

2023-03-07 11:38:42 - [MESSAGE][PASSED] - Current window maximized

2023-03-07 11:38:42 - [TEST_STEP][PASSED] - shopify.store.loginShopifyPartner(partner_email, partner_password, partner_id): shopify.store.loginShopifyPartner is PASSED

2023-03-07 11:38:47 - [MESSAGE][PASSED] - Navigate to 'https://partners.shopify.com/1662018/stores/new' successfully

2023-03-07 11:38:47 - [MESSAGE][PASSED] - Text 'huynh@firegroup.io' is set on object 'Object Repository/Shopify/input_email_shopify'

2023-03-07 11:38:50 - [MESSAGE][PASSED] - Object: 'Object Repository/Shopify/btn_continue_with_email' is clicked on

2023-03-07 11:38:52 - [MESSAGE][PASSED] - Text ****** has been set on object 'Object Repository/Shopify/input_password_shopify'

2023-03-07 11:38:58 - [MESSAGE][PASSED] - Object: 'Object Repository/Shopify/btn_login' is clicked on

2023-03-07 11:38:58 - [MESSAGE][PASSED] - shopify.store.loginShopifyPartner is PASSED

2023-03-07 11:38:58 - [TEST_STEP][PASSED] - shopify.store.navigateToStoreDevelop(partner_id): shopify.store.navigateToStoreDevelop is PASSED

2023-03-07 11:38:59 - [MESSAGE][PASSED] - Navigate to 'https://partners.shopify.com/1662018/stores/new?store_type=dev_preview_store&developer_preview_handle=checkout_extensibility' successfully

2023-03-07 11:38:59 - [MESSAGE][PASSED] - shopify.store.navigateToStoreDevelop is PASSED

2023-03-07 11:38:59 - [TEST_STEP][PASSED] - shopify.store.inputStoreName(store_name): shopify.store.inputStoreName is PASSED

2023-03-07 11:39:00 - [MESSAGE][PASSED] - Text 'khanh-ar-stag-1070' is set on object 'Object Repository/Shopify/input_store_name'

2023-03-07 11:39:05 - [MESSAGE][PASSED] - Delayed 5 second(s)

2023-03-07 11:39:05 - [MESSAGE][PASSED] - shopify.store.inputStoreName is PASSED

2023-03-07 11:39:05 - [TEST_STEP][PASSED] - shopify.store.clickCreateStore(): shopify.store.clickCreateStore is PASSED

2023-03-07 11:39:06 - [MESSAGE][PASSED] - Object: 'Object Repository/Shopify/btn_create_store' is clicked on

2023-03-07 11:39:06 - [MESSAGE][PASSED] - Wait for page load successfully

2023-03-07 11:39:06 - [MESSAGE][PASSED] - shopify.store.clickCreateStore is PASSED

2023-03-07 11:39:06 - [TEST_STEP][FAILED] - shopify.store.importProduct(product_file_local): Unable to click on object 'Object Repository/Shopify/span_product'

2023-03-07 11:39:37 - [MESSAGE][INFO] - Unable to find the element located by 'By.xpath: //div[@id='AppFrameNav']/div/nav/div[2]/div[2]/ul/li[3]/div/div/a/span'. Please recheck the objects properties to make sure the desired element is located. 

2023-03-07 11:39:37 - [MESSAGE][WARNING] - [SELF-HEALING] Failed to find element with id 'Object Repository/Shopify/span_product'. Try using Self-healing.

2023-03-07 11:39:38 - [MESSAGE][INFO] - [SELF-HEALING] No working XPath is found.

2023-03-07 11:39:39 - [MESSAGE][INFO] - Unable to find the element located by 'By.xpath: '. Please recheck the objects properties to make sure the desired element is located. 

2023-03-07 11:39:39 - [MESSAGE][WARNING] - [SELF-HEALING] Cannot find elements when the selector is null

2023-03-07 11:39:39 - [MESSAGE][FAILED] - Unable to click on object 'Object Repository/Shopify/span_product' (Root cause: com.kms.katalon.core.exception.StepFailedException: Unable to click on object 'Object Repository/Shopify/span_product'
	at com.kms.katalon.core.webui.keyword.internal.WebUIKeywordMain.stepFailed(WebUIKeywordMain.groovy:64)
	at com.kms.katalon.core.webui.keyword.internal.WebUIKeywordMain.runKeyword(WebUIKeywordMain.groovy:26)
	at com.kms.katalon.core.webui.keyword.builtin.ClickKeyword.click(ClickKeyword.groovy:74)
	at com.kms.katalon.core.webui.keyword.builtin.ClickKeyword.execute(ClickKeyword.groovy:40)
	at com.kms.katalon.core.keyword.internal.KeywordExecutor.executeKeywordForPlatform(KeywordExecutor.groovy:74)
	at com.kms.katalon.core.webui.keyword.WebUiBuiltInKeywords.click(WebUiBuiltInKeywords.groovy:620)
	at com.kms.katalon.core.webui.keyword.WebUiBuiltInKeywords$click$3.call(Unknown Source)
	at shopify.store.importProduct(store.groovy:51)
	at shopify.store.invokeMethod(store.groovy)
	at com.kms.katalon.core.main.CustomKeywordDelegatingMetaClass.invokeStaticMethod(CustomKeywordDelegatingMetaClass.java:55)
	at CreateStore.run(CreateStore:46)
	at com.kms.katalon.core.main.ScriptEngine.run(ScriptEngine.java:194)
	at com.kms.katalon.core.main.ScriptEngine.runScriptAsRawText(ScriptEngine.java:119)
	at com.kms.katalon.core.main.TestCaseExecutor.runScript(TestCaseExecutor.java:448)
	at com.kms.katalon.core.main.TestCaseExecutor.doExecute(TestCaseExecutor.java:439)
	at com.kms.katalon.core.main.TestCaseExecutor.processExecutionPhase(TestCaseExecutor.java:418)
	at com.kms.katalon.core.main.TestCaseExecutor.accessMainPhase(TestCaseExecutor.java:410)
	at com.kms.katalon.core.main.TestCaseExecutor.execute(TestCaseExecutor.java:285)
	at com.kms.katalon.core.common.CommonExecutor.accessTestCaseMainPhase(CommonExecutor.java:65)
	at com.kms.katalon.core.main.TestSuiteExecutor.accessTestSuiteMainPhase(TestSuiteExecutor.java:151)
	at com.kms.katalon.core.main.TestSuiteExecutor.execute(TestSuiteExecutor.java:106)
	at com.kms.katalon.core.main.TestCaseMain.startTestSuite(TestCaseMain.java:185)
	at com.kms.katalon.core.main.TestCaseMain$startTestSuite$0.call(Unknown Source)
	at TempTestSuite1678162735898.run(TempTestSuite1678162735898.groovy:36)
Caused by: com.kms.katalon.core.webui.exception.WebElementNotFoundException: Web element with id: 'Object Repository/Shopify/span_product' located by '//div[@id='AppFrameNav']/div/nav/div[2]/div[2]/ul/li[3]/div/div/a/span' not found
	at com.kms.katalon.core.webui.common.WebUiCommonHelper.findWebElement(WebUiCommonHelper.java:1370)
	at com.kms.katalon.core.webui.keyword.internal.WebUIAbstractKeyword.findWebElement(WebUIAbstractKeyword.groovy:27)
	at com.kms.katalon.core.webui.keyword.builtin.ClickKeyword$_click_closure1.doCall(ClickKeyword.groovy:65)
	at com.kms.katalon.core.webui.keyword.builtin.ClickKeyword$_click_closure1.call(ClickKeyword.groovy)
	at com.kms.katalon.core.webui.keyword.internal.WebUIKeywordMain.runKeyword(WebUIKeywordMain.groovy:20)
	at com.kms.katalon.core.webui.keyword.builtin.ClickKeyword.click(ClickKeyword.groovy:74)
	at com.kms.katalon.core.webui.keyword.builtin.ClickKeyword.execute(ClickKeyword.groovy:40)
	at com.kms.katalon.core.keyword.internal.KeywordExecutor.executeKeywordForPlatform(KeywordExecutor.groovy:74)
	at com.kms.katalon.core.webui.keyword.WebUiBuiltInKeywords.click(WebUiBuiltInKeywords.groovy:620)
	at com.kms.katalon.core.webui.keyword.WebUiBuiltInKeywords$click$3.call(Unknown Source)
	at shopify.store.importProduct(store.groovy:51)
	at shopify.store.invokeMethod(store.groovy)
	at com.kms.katalon.core.main.CustomKeywordDelegatingMetaClass.invokeStaticMethod(CustomKeywordDelegatingMetaClass.java:55)
	at Script1673851860327.run(Script1673851860327.groovy:46)
	... 13 more
)
[[ATTACHMENT|C:\\Users\\huynh\\Documents\\Socialhead\\Automation\\Katalon project\\CreateStore\\CreateStore\\Reports\\20230307_111854\\Store\\Create Store\\20230307_111855\\1678163979262.png]]

2023-03-07 11:39:39 - [MESSAGE][FAILED] - Unable to click on object 'Object Repository/Shopify/span_product'

2023-03-07 11:39:39 - [TEST_STEP][PASSED] - Start tear down : teardownIfFailed: Method 'teardownIfFailed' complete successfully

2023-03-07 11:39:39 - [TEST_STEP][PASSED] - data.excel.updateValueToSheet(file_data, "store", 4, store_name, 7, "Failed"): data.excel.updateValueToSheet is PASSED

2023-03-07 11:39:39 - [MESSAGE][PASSED] - data.excel.updateValueToSheet is PASSED

2023-03-07 11:39:39 - [MESSAGE][PASSED] - Method 'teardownIfFailed' complete successfully]]></system-out>
         <system-err><![CDATA[2023-03-07 11:38:40 - [TEST_CASE][FAILED] - Test Cases/Shopify/CreateStore: Test Cases/Shopify/CreateStore FAILED.
Reason:
com.kms.katalon.core.exception.StepFailedException: Unable to click on object 'Object Repository/Shopify/span_product'
	at com.kms.katalon.core.webui.keyword.internal.WebUIKeywordMain.stepFailed(WebUIKeywordMain.groovy:64)
	at com.kms.katalon.core.webui.keyword.internal.WebUIKeywordMain.runKeyword(WebUIKeywordMain.groovy:26)
	at com.kms.katalon.core.webui.keyword.builtin.ClickKeyword.click(ClickKeyword.groovy:74)
	at com.kms.katalon.core.webui.keyword.builtin.ClickKeyword.execute(ClickKeyword.groovy:40)
	at com.kms.katalon.core.keyword.internal.KeywordExecutor.executeKeywordForPlatform(KeywordExecutor.groovy:74)
	at com.kms.katalon.core.webui.keyword.WebUiBuiltInKeywords.click(WebUiBuiltInKeywords.groovy:620)
	at com.kms.katalon.core.webui.keyword.WebUiBuiltInKeywords$click$3.call(Unknown Source)
	at shopify.store.importProduct(store.groovy:51)
	at shopify.store.invokeMethod(store.groovy)
	at com.kms.katalon.core.main.CustomKeywordDelegatingMetaClass.invokeStaticMethod(CustomKeywordDelegatingMetaClass.java:55)
	at CreateStore.run(CreateStore:46)
	at com.kms.katalon.core.main.ScriptEngine.run(ScriptEngine.java:194)
	at com.kms.katalon.core.main.ScriptEngine.runScriptAsRawText(ScriptEngine.java:119)
	at com.kms.katalon.core.main.TestCaseExecutor.runScript(TestCaseExecutor.java:448)
	at com.kms.katalon.core.main.TestCaseExecutor.doExecute(TestCaseExecutor.java:439)
	at com.kms.katalon.core.main.TestCaseExecutor.processExecutionPhase(TestCaseExecutor.java:418)
	at com.kms.katalon.core.main.TestCaseExecutor.accessMainPhase(TestCaseExecutor.java:410)
	at com.kms.katalon.core.main.TestCaseExecutor.execute(TestCaseExecutor.java:285)
	at com.kms.katalon.core.common.CommonExecutor.accessTestCaseMainPhase(CommonExecutor.java:65)
	at com.kms.katalon.core.main.TestSuiteExecutor.accessTestSuiteMainPhase(TestSuiteExecutor.java:151)
	at com.kms.katalon.core.main.TestSuiteExecutor.execute(TestSuiteExecutor.java:106)
	at com.kms.katalon.core.main.TestCaseMain.startTestSuite(TestCaseMain.java:185)
	at com.kms.katalon.core.main.TestCaseMain$startTestSuite$0.call(Unknown Source)
	at TempTestSuite1678162735898.run(TempTestSuite1678162735898.groovy:36)
Caused by: com.kms.katalon.core.webui.exception.WebElementNotFoundException: Web element with id: 'Object Repository/Shopify/span_product' located by '//div[@id='AppFrameNav']/div/nav/div[2]/div[2]/ul/li[3]/div/div/a/span' not found
	at com.kms.katalon.core.webui.common.WebUiCommonHelper.findWebElement(WebUiCommonHelper.java:1370)
	at com.kms.katalon.core.webui.keyword.internal.WebUIAbstractKeyword.findWebElement(WebUIAbstractKeyword.groovy:27)
	at com.kms.katalon.core.webui.keyword.builtin.ClickKeyword$_click_closure1.doCall(ClickKeyword.groovy:65)
	at com.kms.katalon.core.webui.keyword.builtin.ClickKeyword$_click_closure1.call(ClickKeyword.groovy)
	at com.kms.katalon.core.webui.keyword.internal.WebUIKeywordMain.runKeyword(WebUIKeywordMain.groovy:20)
	... 22 more]]></system-err>
      </testcase>
      <testcase name="Test Cases/Shopify/CreateStore" time="302.513" classname="Test Cases/Shopify/CreateStore" status="PASSED">
         <system-out><![CDATA[2023-03-07 11:39:39 - [TEST_CASE][PASSED] - Test Cases/Shopify/CreateStore: Test Cases/Shopify/CreateStore

2023-03-07 11:39:39 - [TEST_STEP][PASSED] - Start listener action : skipStatus: null

2023-03-07 11:39:39 - [TEST_STEP][PASSED] - map = testCaseContext.getTestCaseVariables(): null

2023-03-07 11:39:39 - [TEST_STEP][PASSED] - testcae_status = map.get("testcase_status"): null

2023-03-07 11:39:39 - [TEST_STEP][PASSED] - println(testcae_status): null

2023-03-07 11:39:39 - [TEST_STEP][PASSED] - if (testcae_status == "Passed" || testcae_status == "Failed"): null

2023-03-07 11:39:39 - [TEST_STEP][PASSED] - log = new com.kms.katalon.core.util.KeywordUtil(): null

2023-03-07 11:39:39 - [TEST_STEP][PASSED] - openBrowser(""): Browser is opened with url: ''

2023-03-07 11:39:39 - [MESSAGE][WARNING] - A browser is already opened. Closing browser and opening a new one

2023-03-07 11:39:40 - [MESSAGE][INFO] - Starting 'Chrome' driver

2023-03-07 11:39:40 - [MESSAGE][INFO] - Action delay is set to 0 milliseconds

2023-03-07 11:39:41 - [MESSAGE][PASSED] - Browser is opened with url: ''

2023-03-07 11:39:41 - [TEST_STEP][PASSED] - maximizeWindow(): Current window maximized

2023-03-07 11:39:41 - [MESSAGE][PASSED] - Current window maximized

2023-03-07 11:39:41 - [TEST_STEP][PASSED] - shopify.store.loginShopifyPartner(partner_email, partner_password, partner_id): shopify.store.loginShopifyPartner is PASSED

2023-03-07 11:39:45 - [MESSAGE][PASSED] - Navigate to 'https://partners.shopify.com/1662018/stores/new' successfully

2023-03-07 11:39:45 - [MESSAGE][PASSED] - Text 'huynh@firegroup.io' is set on object 'Object Repository/Shopify/input_email_shopify'

2023-03-07 11:39:49 - [MESSAGE][PASSED] - Object: 'Object Repository/Shopify/btn_continue_with_email' is clicked on

2023-03-07 11:39:51 - [MESSAGE][PASSED] - Text ****** has been set on object 'Object Repository/Shopify/input_password_shopify'

2023-03-07 11:39:58 - [MESSAGE][PASSED] - Object: 'Object Repository/Shopify/btn_login' is clicked on

2023-03-07 11:39:58 - [MESSAGE][PASSED] - shopify.store.loginShopifyPartner is PASSED

2023-03-07 11:39:58 - [TEST_STEP][PASSED] - shopify.store.navigateToStoreDevelop(partner_id): shopify.store.navigateToStoreDevelop is PASSED

2023-03-07 11:39:59 - [MESSAGE][PASSED] - Navigate to 'https://partners.shopify.com/1662018/stores/new?store_type=dev_preview_store&developer_preview_handle=checkout_extensibility' successfully

2023-03-07 11:39:59 - [MESSAGE][PASSED] - shopify.store.navigateToStoreDevelop is PASSED

2023-03-07 11:39:59 - [TEST_STEP][PASSED] - shopify.store.inputStoreName(store_name): shopify.store.inputStoreName is PASSED

2023-03-07 11:40:01 - [MESSAGE][PASSED] - Text 'khanh-ar-stag-1071' is set on object 'Object Repository/Shopify/input_store_name'

2023-03-07 11:40:06 - [MESSAGE][PASSED] - Delayed 5 second(s)

2023-03-07 11:40:06 - [MESSAGE][PASSED] - shopify.store.inputStoreName is PASSED

2023-03-07 11:40:06 - [TEST_STEP][PASSED] - shopify.store.clickCreateStore(): shopify.store.clickCreateStore is PASSED

2023-03-07 11:40:06 - [MESSAGE][PASSED] - Object: 'Object Repository/Shopify/btn_create_store' is clicked on

2023-03-07 11:40:06 - [MESSAGE][PASSED] - Wait for page load successfully

2023-03-07 11:40:06 - [MESSAGE][PASSED] - shopify.store.clickCreateStore is PASSED

2023-03-07 11:40:06 - [TEST_STEP][PASSED] - shopify.store.importProduct(product_file_local): shopify.store.importProduct is PASSED

2023-03-07 11:40:38 - [MESSAGE][PASSED] - Object: 'Object Repository/Shopify/span_product' is clicked on

2023-03-07 11:40:39 - [MESSAGE][PASSED] - Object: 'Object Repository/Shopify/span_import_product' is clicked on

2023-03-07 11:40:40 - [MESSAGE][PASSED] - File 'C:\Users\huynh\Documents\Socialhead\Automation\Katalon project\CreateStore\CreateStore\Data\products_export.csv' sent to object: 'Object Repository/Shopify/file_product'

2023-03-07 11:40:40 - [MESSAGE][PASSED] - Object: 'Object Repository/Shopify/span_upload_product_continue' is clicked on

2023-03-07 11:40:43 - [MESSAGE][PASSED] - Object: 'Object Repository/Shopify/btn_product_confirm_import' is clicked on

2023-03-07 11:41:13 - [MESSAGE][PASSED] - Delayed 30 second(s)

2023-03-07 11:41:14 - [MESSAGE][PASSED] - Refresh successfully

2023-03-07 11:41:29 - [MESSAGE][PASSED] - Delayed 15 second(s)

2023-03-07 11:41:29 - [MESSAGE][PASSED] - shopify.store.importProduct is PASSED

2023-03-07 11:41:29 - [TEST_STEP][PASSED] - shopify.store.clickOnMenuOnlineStore(): shopify.store.clickOnMenuOnlineStore is PASSED

2023-03-07 11:41:29 - [MESSAGE][PASSED] - Object: 'Object Repository/Shopify Store/a_onlie_store' is clicked on

2023-03-07 11:41:39 - [MESSAGE][PASSED] - Delayed 10 second(s)

2023-03-07 11:41:39 - [MESSAGE][PASSED] - shopify.store.clickOnMenuOnlineStore is PASSED

2023-03-07 11:41:39 - [TEST_STEP][PASSED] - shopify.store.clickOnImportTheme(): shopify.store.clickOnImportTheme is PASSED

2023-03-07 11:41:49 - [MESSAGE][PASSED] - Delayed 10 second(s)

2023-03-07 11:41:59 - [MESSAGE][PASSED] - Delayed 10 second(s)

2023-03-07 11:42:00 - [MESSAGE][PASSED] - Object: 'Object Repository/Shopify Store/btn_add_theme' is clicked on

2023-03-07 11:42:00 - [MESSAGE][PASSED] - shopify.store.clickOnImportTheme is PASSED

2023-03-07 11:42:00 - [TEST_STEP][PASSED] - shopify.store.innstallThemeShopifyViaUrl(theme_url, store_name): shopify.store.innstallThemeShopifyViaUrl is PASSED

2023-03-07 11:42:02 - [MESSAGE][PASSED] - Navigate to 'https://themes.shopify.com/themes/sense?shop=khanh-ar-stag-1071.myshopify.com' successfully

2023-03-07 11:42:12 - [MESSAGE][PASSED] - Object: 'Object Repository/Shopify/div_user_card_name' is clicked on

2023-03-07 11:42:15 - [MESSAGE][PASSED] - Object: 'Object Repository/Shopify Theme/a_trytheme' is clicked on

2023-03-07 11:42:46 - [MESSAGE][INFO] - Unable to find the element located by 'By.xpath: //*[@class = 'user-card__name']'. Please recheck the objects properties to make sure the desired element is located. 

2023-03-07 11:42:46 - [MESSAGE][WARNING] - [SELF-HEALING] Failed to find element with id 'Object Repository/Shopify/div_user_card_name'. Try using Self-healing.

2023-03-07 11:42:46 - [MESSAGE][WARNING] - [SELF-HEALING] Cannot find elements when the XPath is null.

2023-03-07 11:42:46 - [MESSAGE][WARNING] - [SELF-HEALING] Cannot find elements when the selector is null

2023-03-07 11:42:47 - [MESSAGE][WARNING] - Unable to click on object 'Object Repository/Shopify/div_user_card_name' (Root cause: com.kms.katalon.core.exception.StepFailedException: Unable to click on object 'Object Repository/Shopify/div_user_card_name'
	at com.kms.katalon.core.webui.keyword.internal.WebUIKeywordMain.stepFailed(WebUIKeywordMain.groovy:64)
	at com.kms.katalon.core.webui.keyword.internal.WebUIKeywordMain.runKeyword(WebUIKeywordMain.groovy:26)
	at com.kms.katalon.core.webui.keyword.builtin.ClickKeyword.click(ClickKeyword.groovy:74)
	at com.kms.katalon.core.webui.keyword.builtin.ClickKeyword.execute(ClickKeyword.groovy:40)
	at com.kms.katalon.core.keyword.internal.KeywordExecutor.executeKeywordForPlatform(KeywordExecutor.groovy:74)
	at com.kms.katalon.core.webui.keyword.WebUiBuiltInKeywords.click(WebUiBuiltInKeywords.groovy:608)
	at com.kms.katalon.core.webui.keyword.WebUiBuiltInKeywords$click$10.call(Unknown Source)
	at shopify.store.innstallThemeShopifyViaUrl(store.groovy:121)
	at shopify.store.invokeMethod(store.groovy)
	at com.kms.katalon.core.main.CustomKeywordDelegatingMetaClass.invokeStaticMethod(CustomKeywordDelegatingMetaClass.java:55)
	at CreateStore.run(CreateStore:52)
	at com.kms.katalon.core.main.ScriptEngine.run(ScriptEngine.java:194)
	at com.kms.katalon.core.main.ScriptEngine.runScriptAsRawText(ScriptEngine.java:119)
	at com.kms.katalon.core.main.TestCaseExecutor.runScript(TestCaseExecutor.java:448)
	at com.kms.katalon.core.main.TestCaseExecutor.doExecute(TestCaseExecutor.java:439)
	at com.kms.katalon.core.main.TestCaseExecutor.processExecutionPhase(TestCaseExecutor.java:418)
	at com.kms.katalon.core.main.TestCaseExecutor.accessMainPhase(TestCaseExecutor.java:410)
	at com.kms.katalon.core.main.TestCaseExecutor.execute(TestCaseExecutor.java:285)
	at com.kms.katalon.core.common.CommonExecutor.accessTestCaseMainPhase(CommonExecutor.java:65)
	at com.kms.katalon.core.main.TestSuiteExecutor.accessTestSuiteMainPhase(TestSuiteExecutor.java:151)
	at com.kms.katalon.core.main.TestSuiteExecutor.execute(TestSuiteExecutor.java:106)
	at com.kms.katalon.core.main.TestCaseMain.startTestSuite(TestCaseMain.java:185)
	at com.kms.katalon.core.main.TestCaseMain$startTestSuite$0.call(Unknown Source)
	at TempTestSuite1678162735898.run(TempTestSuite1678162735898.groovy:36)
Caused by: com.kms.katalon.core.webui.exception.WebElementNotFoundException: Web element with id: 'Object Repository/Shopify/div_user_card_name' located by '//*[@class = 'user-card__name']' not found
	at com.kms.katalon.core.webui.common.WebUiCommonHelper.findWebElement(WebUiCommonHelper.java:1370)
	at com.kms.katalon.core.webui.keyword.internal.WebUIAbstractKeyword.findWebElement(WebUIAbstractKeyword.groovy:27)
	at com.kms.katalon.core.webui.keyword.builtin.ClickKeyword$_click_closure1.doCall(ClickKeyword.groovy:65)
	at com.kms.katalon.core.webui.keyword.builtin.ClickKeyword$_click_closure1.call(ClickKeyword.groovy)
	at com.kms.katalon.core.webui.keyword.internal.WebUIKeywordMain.runKeyword(WebUIKeywordMain.groovy:20)
	at com.kms.katalon.core.webui.keyword.builtin.ClickKeyword.click(ClickKeyword.groovy:74)
	at com.kms.katalon.core.webui.keyword.builtin.ClickKeyword.execute(ClickKeyword.groovy:40)
	at com.kms.katalon.core.keyword.internal.KeywordExecutor.executeKeywordForPlatform(KeywordExecutor.groovy:74)
	at com.kms.katalon.core.webui.keyword.WebUiBuiltInKeywords.click(WebUiBuiltInKeywords.groovy:608)
	at com.kms.katalon.core.webui.keyword.WebUiBuiltInKeywords$click$10.call(Unknown Source)
	at shopify.store.innstallThemeShopifyViaUrl(store.groovy:121)
	at shopify.store.invokeMethod(store.groovy)
	at com.kms.katalon.core.main.CustomKeywordDelegatingMetaClass.invokeStaticMethod(CustomKeywordDelegatingMetaClass.java:55)
	at Script1673851860327.run(Script1673851860327.groovy:52)
	... 13 more
)
[[ATTACHMENT|C:\\Users\\huynh\\Documents\\Socialhead\\Automation\\Katalon project\\CreateStore\\CreateStore\\Reports\\20230307_111854\\Store\\Create Store\\20230307_111855\\1678164166880.png]]

2023-03-07 11:42:50 - [MESSAGE][PASSED] - Navigate to 'https://themes.shopify.com/themes/sense?shop=khanh-ar-stag-1071.myshopify.com' successfully

2023-03-07 11:42:53 - [MESSAGE][PASSED] - Object: 'Object Repository/Shopify Theme/a_trytheme' is clicked on

2023-03-07 11:42:53 - [MESSAGE][PASSED] - shopify.store.innstallThemeShopifyViaUrl is PASSED

2023-03-07 11:42:53 - [TEST_STEP][PASSED] - shopify.store.clickPublishTheme(): shopify.store.clickPublishTheme is PASSED

2023-03-07 11:43:23 - [MESSAGE][PASSED] - Delayed 30 second(s)

2023-03-07 11:43:24 - [MESSAGE][PASSED] - Refresh successfully

2023-03-07 11:43:54 - [MESSAGE][PASSED] - Delayed 30 second(s)

2023-03-07 11:43:54 - [MESSAGE][PASSED] - Object 'Object Repository/Shopify Store/btn_publish_theme' is clickable

2023-03-07 11:43:54 - [MESSAGE][PASSED] - Object: 'Object Repository/Shopify Store/btn_publish_theme' is clicked on

2023-03-07 11:43:54 - [MESSAGE][PASSED] - shopify.store.clickPublishTheme is PASSED

2023-03-07 11:43:54 - [TEST_STEP][PASSED] - shopify.store.confirmPublishTheme(): shopify.store.confirmPublishTheme is PASSED

2023-03-07 11:44:04 - [MESSAGE][PASSED] - Delayed 10 second(s)

2023-03-07 11:44:05 - [MESSAGE][PASSED] - Object: 'Object Repository/Shopify Store/btn_confirm_publish_theme' is clicked on

2023-03-07 11:44:05 - [MESSAGE][PASSED] - shopify.store.confirmPublishTheme is PASSED

2023-03-07 11:44:05 - [TEST_STEP][PASSED] - shopify.store_setting.changeStoreCurrency(currency, store_name): shopify.store_setting.changeStoreCurrency is PASSED

2023-03-07 11:44:15 - [MESSAGE][PASSED] - Delayed 10 second(s)

2023-03-07 11:44:16 - [MESSAGE][PASSED] - Navigate to 'http://khanh-ar-stag-1071.myshopify.com/admin/settings/general' successfully

2023-03-07 11:44:22 - [MESSAGE][PASSED] - All options with value 'USD' are selected in object 'Object Repository/Shopify Store/select_currency' 

2023-03-07 11:44:22 - [MESSAGE][PASSED] - shopify.store_setting.changeStoreCurrency is PASSED

2023-03-07 11:44:22 - [TEST_STEP][PASSED] - shopify.store_setting.saveStoreSetting(): shopify.store_setting.saveStoreSetting is PASSED

2023-03-07 11:44:23 - [MESSAGE][PASSED] - Object: 'Object Repository/Shopify Store/span_save_admin_setting' is clicked on

2023-03-07 11:44:23 - [MESSAGE][PASSED] - shopify.store_setting.saveStoreSetting is PASSED

2023-03-07 11:44:23 - [TEST_STEP][PASSED] - shopify.store_setting.changeStorePassword(store_name, "1"): shopify.store_setting.changeStorePassword is PASSED

2023-03-07 11:44:33 - [MESSAGE][PASSED] - Delayed 10 second(s)

2023-03-07 11:44:34 - [MESSAGE][PASSED] - Navigate to 'http://khanh-ar-stag-1071.myshopify.com/admin/online_store/preferences?tutorial=unlock' successfully

2023-03-07 11:44:41 - [MESSAGE][PASSED] - Web element with id: 'Object Repository/Shopify Store/div_loading_bar' located by 'By.xpath: //*[@id = 'AppFrameLoadingBar']' is not present after '50' second(s)

2023-03-07 11:44:41 - [MESSAGE][PASSED] - Keys '1' sent to object: 'Object Repository/Shopify Store/input_storefront_password'

2023-03-07 11:44:41 - [MESSAGE][PASSED] - Keys 'ENTER + ' sent to object: 'Object Repository/Shopify Store/input_storefront_password'

2023-03-07 11:44:41 - [MESSAGE][PASSED] - shopify.store_setting.changeStorePassword is PASSED

2023-03-07 11:44:41 - [TEST_STEP][PASSED] - Start tear down : teardownIfPassed: Method 'teardownIfPassed' complete successfully

2023-03-07 11:44:41 - [TEST_STEP][PASSED] - data.excel.updateValueToSheet(file_data, "store", 4, store_name, 7, "Passed"): data.excel.updateValueToSheet is PASSED

2023-03-07 11:44:42 - [MESSAGE][PASSED] - data.excel.updateValueToSheet is PASSED

2023-03-07 11:44:42 - [MESSAGE][PASSED] - Method 'teardownIfPassed' complete successfully]]></system-out>
         <system-err><![CDATA[]]></system-err>
      </testcase>
      <testcase name="Test Cases/Shopify/CreateStore" time="63.904" classname="Test Cases/Shopify/CreateStore" status="FAILED">
         <failure type="FAILED" message="Test Cases/Shopify/CreateStore FAILED.
Reason:
com.kms.katalon.core.exception.StepFailedException: Unable to click on object 'Object Repository/Shopify/span_product'
	at com.kms.katalon.core.webui.keyword.internal.WebUIKeywordMain.stepFailed(WebUIKeywordMain.groovy:64)
	at com.kms.katalon.core.webui.keyword.internal.WebUIKeywordMain.runKeyword(WebUIKeywordMain.groovy:26)
	at com.kms.katalon.core.webui.keyword.builtin.ClickKeyword.click(ClickKeyword.groovy:74)
	at com.kms.katalon.core.webui.keyword.builtin.ClickKeyword.execute(ClickKeyword.groovy:40)
	at com.kms.katalon.core.keyword.internal.KeywordExecutor.executeKeywordForPlatform(KeywordExecutor.groovy:74)
	at com.kms.katalon.core.webui.keyword.WebUiBuiltInKeywords.click(WebUiBuiltInKeywords.groovy:620)
	at com.kms.katalon.core.webui.keyword.WebUiBuiltInKeywords$click$3.call(Unknown Source)
	at shopify.store.importProduct(store.groovy:51)
	at shopify.store.invokeMethod(store.groovy)
	at com.kms.katalon.core.main.CustomKeywordDelegatingMetaClass.invokeStaticMethod(CustomKeywordDelegatingMetaClass.java:55)
	at CreateStore.run(CreateStore:46)
	at com.kms.katalon.core.main.ScriptEngine.run(ScriptEngine.java:194)
	at com.kms.katalon.core.main.ScriptEngine.runScriptAsRawText(ScriptEngine.java:119)
	at com.kms.katalon.core.main.TestCaseExecutor.runScript(TestCaseExecutor.java:448)
	at com.kms.katalon.core.main.TestCaseExecutor.doExecute(TestCaseExecutor.java:439)
	at com.kms.katalon.core.main.TestCaseExecutor.processExecutionPhase(TestCaseExecutor.java:418)
	at com.kms.katalon.core.main.TestCaseExecutor.accessMainPhase(TestCaseExecutor.java:410)
	at com.kms.katalon.core.main.TestCaseExecutor.execute(TestCaseExecutor.java:285)
	at com.kms.katalon.core.common.CommonExecutor.accessTestCaseMainPhase(CommonExecutor.java:65)
	at com.kms.katalon.core.main.TestSuiteExecutor.accessTestSuiteMainPhase(TestSuiteExecutor.java:151)
	at com.kms.katalon.core.main.TestSuiteExecutor.execute(TestSuiteExecutor.java:106)
	at com.kms.katalon.core.main.TestCaseMain.startTestSuite(TestCaseMain.java:185)
	at com.kms.katalon.core.main.TestCaseMain$startTestSuite$0.call(Unknown Source)
	at TempTestSuite1678162735898.run(TempTestSuite1678162735898.groovy:36)
Caused by: com.kms.katalon.core.webui.exception.WebElementNotFoundException: Web element with id: 'Object Repository/Shopify/span_product' located by '//div[@id='AppFrameNav']/div/nav/div[2]/div[2]/ul/li[3]/div/div/a/span' not found
	at com.kms.katalon.core.webui.common.WebUiCommonHelper.findWebElement(WebUiCommonHelper.java:1370)
	at com.kms.katalon.core.webui.keyword.internal.WebUIAbstractKeyword.findWebElement(WebUIAbstractKeyword.groovy:27)
	at com.kms.katalon.core.webui.keyword.builtin.ClickKeyword$_click_closure1.doCall(ClickKeyword.groovy:65)
	at com.kms.katalon.core.webui.keyword.builtin.ClickKeyword$_click_closure1.call(ClickKeyword.groovy)
	at com.kms.katalon.core.webui.keyword.internal.WebUIKeywordMain.runKeyword(WebUIKeywordMain.groovy:20)
	... 22 more
"/>
         <system-out><![CDATA[2023-03-07 11:44:42 - [TEST_CASE][FAILED] - Test Cases/Shopify/CreateStore: Test Cases/Shopify/CreateStore FAILED.
Reason:
com.kms.katalon.core.exception.StepFailedException: Unable to click on object 'Object Repository/Shopify/span_product'
	at com.kms.katalon.core.webui.keyword.internal.WebUIKeywordMain.stepFailed(WebUIKeywordMain.groovy:64)
	at com.kms.katalon.core.webui.keyword.internal.WebUIKeywordMain.runKeyword(WebUIKeywordMain.groovy:26)
	at com.kms.katalon.core.webui.keyword.builtin.ClickKeyword.click(ClickKeyword.groovy:74)
	at com.kms.katalon.core.webui.keyword.builtin.ClickKeyword.execute(ClickKeyword.groovy:40)
	at com.kms.katalon.core.keyword.internal.KeywordExecutor.executeKeywordForPlatform(KeywordExecutor.groovy:74)
	at com.kms.katalon.core.webui.keyword.WebUiBuiltInKeywords.click(WebUiBuiltInKeywords.groovy:620)
	at com.kms.katalon.core.webui.keyword.WebUiBuiltInKeywords$click$3.call(Unknown Source)
	at shopify.store.importProduct(store.groovy:51)
	at shopify.store.invokeMethod(store.groovy)
	at com.kms.katalon.core.main.CustomKeywordDelegatingMetaClass.invokeStaticMethod(CustomKeywordDelegatingMetaClass.java:55)
	at CreateStore.run(CreateStore:46)
	at com.kms.katalon.core.main.ScriptEngine.run(ScriptEngine.java:194)
	at com.kms.katalon.core.main.ScriptEngine.runScriptAsRawText(ScriptEngine.java:119)
	at com.kms.katalon.core.main.TestCaseExecutor.runScript(TestCaseExecutor.java:448)
	at com.kms.katalon.core.main.TestCaseExecutor.doExecute(TestCaseExecutor.java:439)
	at com.kms.katalon.core.main.TestCaseExecutor.processExecutionPhase(TestCaseExecutor.java:418)
	at com.kms.katalon.core.main.TestCaseExecutor.accessMainPhase(TestCaseExecutor.java:410)
	at com.kms.katalon.core.main.TestCaseExecutor.execute(TestCaseExecutor.java:285)
	at com.kms.katalon.core.common.CommonExecutor.accessTestCaseMainPhase(CommonExecutor.java:65)
	at com.kms.katalon.core.main.TestSuiteExecutor.accessTestSuiteMainPhase(TestSuiteExecutor.java:151)
	at com.kms.katalon.core.main.TestSuiteExecutor.execute(TestSuiteExecutor.java:106)
	at com.kms.katalon.core.main.TestCaseMain.startTestSuite(TestCaseMain.java:185)
	at com.kms.katalon.core.main.TestCaseMain$startTestSuite$0.call(Unknown Source)
	at TempTestSuite1678162735898.run(TempTestSuite1678162735898.groovy:36)
Caused by: com.kms.katalon.core.webui.exception.WebElementNotFoundException: Web element with id: 'Object Repository/Shopify/span_product' located by '//div[@id='AppFrameNav']/div/nav/div[2]/div[2]/ul/li[3]/div/div/a/span' not found
	at com.kms.katalon.core.webui.common.WebUiCommonHelper.findWebElement(WebUiCommonHelper.java:1370)
	at com.kms.katalon.core.webui.keyword.internal.WebUIAbstractKeyword.findWebElement(WebUIAbstractKeyword.groovy:27)
	at com.kms.katalon.core.webui.keyword.builtin.ClickKeyword$_click_closure1.doCall(ClickKeyword.groovy:65)
	at com.kms.katalon.core.webui.keyword.builtin.ClickKeyword$_click_closure1.call(ClickKeyword.groovy)
	at com.kms.katalon.core.webui.keyword.internal.WebUIKeywordMain.runKeyword(WebUIKeywordMain.groovy:20)
	... 22 more


2023-03-07 11:44:42 - [TEST_STEP][PASSED] - Start listener action : skipStatus: null

2023-03-07 11:44:42 - [TEST_STEP][PASSED] - map = testCaseContext.getTestCaseVariables(): null

2023-03-07 11:44:42 - [TEST_STEP][PASSED] - testcae_status = map.get("testcase_status"): null

2023-03-07 11:44:42 - [TEST_STEP][PASSED] - println(testcae_status): null

2023-03-07 11:44:42 - [TEST_STEP][PASSED] - if (testcae_status == "Passed" || testcae_status == "Failed"): null

2023-03-07 11:44:42 - [TEST_STEP][PASSED] - log = new com.kms.katalon.core.util.KeywordUtil(): null

2023-03-07 11:44:42 - [TEST_STEP][PASSED] - openBrowser(""): Browser is opened with url: ''

2023-03-07 11:44:42 - [MESSAGE][WARNING] - A browser is already opened. Closing browser and opening a new one

2023-03-07 11:44:42 - [MESSAGE][INFO] - Starting 'Chrome' driver

2023-03-07 11:44:42 - [MESSAGE][INFO] - Action delay is set to 0 milliseconds

2023-03-07 11:44:43 - [MESSAGE][PASSED] - Browser is opened with url: ''

2023-03-07 11:44:43 - [TEST_STEP][PASSED] - maximizeWindow(): Current window maximized

2023-03-07 11:44:43 - [MESSAGE][PASSED] - Current window maximized

2023-03-07 11:44:43 - [TEST_STEP][PASSED] - shopify.store.loginShopifyPartner(partner_email, partner_password, partner_id): shopify.store.loginShopifyPartner is PASSED

2023-03-07 11:44:50 - [MESSAGE][PASSED] - Navigate to 'https://partners.shopify.com/1662018/stores/new' successfully

2023-03-07 11:44:50 - [MESSAGE][PASSED] - Text 'huynh@firegroup.io' is set on object 'Object Repository/Shopify/input_email_shopify'

2023-03-07 11:44:53 - [MESSAGE][PASSED] - Object: 'Object Repository/Shopify/btn_continue_with_email' is clicked on

2023-03-07 11:44:55 - [MESSAGE][PASSED] - Text ****** has been set on object 'Object Repository/Shopify/input_password_shopify'

2023-03-07 11:45:01 - [MESSAGE][PASSED] - Object: 'Object Repository/Shopify/btn_login' is clicked on

2023-03-07 11:45:01 - [MESSAGE][PASSED] - shopify.store.loginShopifyPartner is PASSED

2023-03-07 11:45:01 - [TEST_STEP][PASSED] - shopify.store.navigateToStoreDevelop(partner_id): shopify.store.navigateToStoreDevelop is PASSED

2023-03-07 11:45:01 - [MESSAGE][PASSED] - Navigate to 'https://partners.shopify.com/1662018/stores/new?store_type=dev_preview_store&developer_preview_handle=checkout_extensibility' successfully

2023-03-07 11:45:01 - [MESSAGE][PASSED] - shopify.store.navigateToStoreDevelop is PASSED

2023-03-07 11:45:01 - [TEST_STEP][PASSED] - shopify.store.inputStoreName(store_name): shopify.store.inputStoreName is PASSED

2023-03-07 11:45:03 - [MESSAGE][PASSED] - Text 'khanh-ar-stag-1072' is set on object 'Object Repository/Shopify/input_store_name'

2023-03-07 11:45:08 - [MESSAGE][PASSED] - Delayed 5 second(s)

2023-03-07 11:45:08 - [MESSAGE][PASSED] - shopify.store.inputStoreName is PASSED

2023-03-07 11:45:08 - [TEST_STEP][PASSED] - shopify.store.clickCreateStore(): shopify.store.clickCreateStore is PASSED

2023-03-07 11:45:09 - [MESSAGE][PASSED] - Object: 'Object Repository/Shopify/btn_create_store' is clicked on

2023-03-07 11:45:09 - [MESSAGE][PASSED] - Wait for page load successfully

2023-03-07 11:45:09 - [MESSAGE][PASSED] - shopify.store.clickCreateStore is PASSED

2023-03-07 11:45:09 - [TEST_STEP][FAILED] - shopify.store.importProduct(product_file_local): Unable to click on object 'Object Repository/Shopify/span_product'

2023-03-07 11:45:40 - [MESSAGE][INFO] - Unable to find the element located by 'By.xpath: //div[@id='AppFrameNav']/div/nav/div[2]/div[2]/ul/li[3]/div/div/a/span'. Please recheck the objects properties to make sure the desired element is located. 

2023-03-07 11:45:40 - [MESSAGE][WARNING] - [SELF-HEALING] Failed to find element with id 'Object Repository/Shopify/span_product'. Try using Self-healing.

2023-03-07 11:45:41 - [MESSAGE][INFO] - [SELF-HEALING] No working XPath is found.

2023-03-07 11:45:45 - [MESSAGE][INFO] - Unable to find the element located by 'By.xpath: '. Please recheck the objects properties to make sure the desired element is located. 

2023-03-07 11:45:45 - [MESSAGE][WARNING] - [SELF-HEALING] Cannot find elements when the selector is null

2023-03-07 11:45:45 - [MESSAGE][FAILED] - Unable to click on object 'Object Repository/Shopify/span_product' (Root cause: com.kms.katalon.core.exception.StepFailedException: Unable to click on object 'Object Repository/Shopify/span_product'
	at com.kms.katalon.core.webui.keyword.internal.WebUIKeywordMain.stepFailed(WebUIKeywordMain.groovy:64)
	at com.kms.katalon.core.webui.keyword.internal.WebUIKeywordMain.runKeyword(WebUIKeywordMain.groovy:26)
	at com.kms.katalon.core.webui.keyword.builtin.ClickKeyword.click(ClickKeyword.groovy:74)
	at com.kms.katalon.core.webui.keyword.builtin.ClickKeyword.execute(ClickKeyword.groovy:40)
	at com.kms.katalon.core.keyword.internal.KeywordExecutor.executeKeywordForPlatform(KeywordExecutor.groovy:74)
	at com.kms.katalon.core.webui.keyword.WebUiBuiltInKeywords.click(WebUiBuiltInKeywords.groovy:620)
	at com.kms.katalon.core.webui.keyword.WebUiBuiltInKeywords$click$3.call(Unknown Source)
	at shopify.store.importProduct(store.groovy:51)
	at shopify.store.invokeMethod(store.groovy)
	at com.kms.katalon.core.main.CustomKeywordDelegatingMetaClass.invokeStaticMethod(CustomKeywordDelegatingMetaClass.java:55)
	at CreateStore.run(CreateStore:46)
	at com.kms.katalon.core.main.ScriptEngine.run(ScriptEngine.java:194)
	at com.kms.katalon.core.main.ScriptEngine.runScriptAsRawText(ScriptEngine.java:119)
	at com.kms.katalon.core.main.TestCaseExecutor.runScript(TestCaseExecutor.java:448)
	at com.kms.katalon.core.main.TestCaseExecutor.doExecute(TestCaseExecutor.java:439)
	at com.kms.katalon.core.main.TestCaseExecutor.processExecutionPhase(TestCaseExecutor.java:418)
	at com.kms.katalon.core.main.TestCaseExecutor.accessMainPhase(TestCaseExecutor.java:410)
	at com.kms.katalon.core.main.TestCaseExecutor.execute(TestCaseExecutor.java:285)
	at com.kms.katalon.core.common.CommonExecutor.accessTestCaseMainPhase(CommonExecutor.java:65)
	at com.kms.katalon.core.main.TestSuiteExecutor.accessTestSuiteMainPhase(TestSuiteExecutor.java:151)
	at com.kms.katalon.core.main.TestSuiteExecutor.execute(TestSuiteExecutor.java:106)
	at com.kms.katalon.core.main.TestCaseMain.startTestSuite(TestCaseMain.java:185)
	at com.kms.katalon.core.main.TestCaseMain$startTestSuite$0.call(Unknown Source)
	at TempTestSuite1678162735898.run(TempTestSuite1678162735898.groovy:36)
Caused by: com.kms.katalon.core.webui.exception.WebElementNotFoundException: Web element with id: 'Object Repository/Shopify/span_product' located by '//div[@id='AppFrameNav']/div/nav/div[2]/div[2]/ul/li[3]/div/div/a/span' not found
	at com.kms.katalon.core.webui.common.WebUiCommonHelper.findWebElement(WebUiCommonHelper.java:1370)
	at com.kms.katalon.core.webui.keyword.internal.WebUIAbstractKeyword.findWebElement(WebUIAbstractKeyword.groovy:27)
	at com.kms.katalon.core.webui.keyword.builtin.ClickKeyword$_click_closure1.doCall(ClickKeyword.groovy:65)
	at com.kms.katalon.core.webui.keyword.builtin.ClickKeyword$_click_closure1.call(ClickKeyword.groovy)
	at com.kms.katalon.core.webui.keyword.internal.WebUIKeywordMain.runKeyword(WebUIKeywordMain.groovy:20)
	at com.kms.katalon.core.webui.keyword.builtin.ClickKeyword.click(ClickKeyword.groovy:74)
	at com.kms.katalon.core.webui.keyword.builtin.ClickKeyword.execute(ClickKeyword.groovy:40)
	at com.kms.katalon.core.keyword.internal.KeywordExecutor.executeKeywordForPlatform(KeywordExecutor.groovy:74)
	at com.kms.katalon.core.webui.keyword.WebUiBuiltInKeywords.click(WebUiBuiltInKeywords.groovy:620)
	at com.kms.katalon.core.webui.keyword.WebUiBuiltInKeywords$click$3.call(Unknown Source)
	at shopify.store.importProduct(store.groovy:51)
	at shopify.store.invokeMethod(store.groovy)
	at com.kms.katalon.core.main.CustomKeywordDelegatingMetaClass.invokeStaticMethod(CustomKeywordDelegatingMetaClass.java:55)
	at Script1673851860327.run(Script1673851860327.groovy:46)
	... 13 more
)
[[ATTACHMENT|C:\\Users\\huynh\\Documents\\Socialhead\\Automation\\Katalon project\\CreateStore\\CreateStore\\Reports\\20230307_111854\\Store\\Create Store\\20230307_111855\\1678164345795.png]]

2023-03-07 11:45:45 - [MESSAGE][FAILED] - Unable to click on object 'Object Repository/Shopify/span_product'

2023-03-07 11:45:45 - [TEST_STEP][PASSED] - Start tear down : teardownIfFailed: Method 'teardownIfFailed' complete successfully

2023-03-07 11:45:45 - [TEST_STEP][PASSED] - data.excel.updateValueToSheet(file_data, "store", 4, store_name, 7, "Failed"): data.excel.updateValueToSheet is PASSED

2023-03-07 11:45:45 - [MESSAGE][PASSED] - data.excel.updateValueToSheet is PASSED

2023-03-07 11:45:45 - [MESSAGE][PASSED] - Method 'teardownIfFailed' complete successfully]]></system-out>
         <system-err><![CDATA[2023-03-07 11:44:42 - [TEST_CASE][FAILED] - Test Cases/Shopify/CreateStore: Test Cases/Shopify/CreateStore FAILED.
Reason:
com.kms.katalon.core.exception.StepFailedException: Unable to click on object 'Object Repository/Shopify/span_product'
	at com.kms.katalon.core.webui.keyword.internal.WebUIKeywordMain.stepFailed(WebUIKeywordMain.groovy:64)
	at com.kms.katalon.core.webui.keyword.internal.WebUIKeywordMain.runKeyword(WebUIKeywordMain.groovy:26)
	at com.kms.katalon.core.webui.keyword.builtin.ClickKeyword.click(ClickKeyword.groovy:74)
	at com.kms.katalon.core.webui.keyword.builtin.ClickKeyword.execute(ClickKeyword.groovy:40)
	at com.kms.katalon.core.keyword.internal.KeywordExecutor.executeKeywordForPlatform(KeywordExecutor.groovy:74)
	at com.kms.katalon.core.webui.keyword.WebUiBuiltInKeywords.click(WebUiBuiltInKeywords.groovy:620)
	at com.kms.katalon.core.webui.keyword.WebUiBuiltInKeywords$click$3.call(Unknown Source)
	at shopify.store.importProduct(store.groovy:51)
	at shopify.store.invokeMethod(store.groovy)
	at com.kms.katalon.core.main.CustomKeywordDelegatingMetaClass.invokeStaticMethod(CustomKeywordDelegatingMetaClass.java:55)
	at CreateStore.run(CreateStore:46)
	at com.kms.katalon.core.main.ScriptEngine.run(ScriptEngine.java:194)
	at com.kms.katalon.core.main.ScriptEngine.runScriptAsRawText(ScriptEngine.java:119)
	at com.kms.katalon.core.main.TestCaseExecutor.runScript(TestCaseExecutor.java:448)
	at com.kms.katalon.core.main.TestCaseExecutor.doExecute(TestCaseExecutor.java:439)
	at com.kms.katalon.core.main.TestCaseExecutor.processExecutionPhase(TestCaseExecutor.java:418)
	at com.kms.katalon.core.main.TestCaseExecutor.accessMainPhase(TestCaseExecutor.java:410)
	at com.kms.katalon.core.main.TestCaseExecutor.execute(TestCaseExecutor.java:285)
	at com.kms.katalon.core.common.CommonExecutor.accessTestCaseMainPhase(CommonExecutor.java:65)
	at com.kms.katalon.core.main.TestSuiteExecutor.accessTestSuiteMainPhase(TestSuiteExecutor.java:151)
	at com.kms.katalon.core.main.TestSuiteExecutor.execute(TestSuiteExecutor.java:106)
	at com.kms.katalon.core.main.TestCaseMain.startTestSuite(TestCaseMain.java:185)
	at com.kms.katalon.core.main.TestCaseMain$startTestSuite$0.call(Unknown Source)
	at TempTestSuite1678162735898.run(TempTestSuite1678162735898.groovy:36)
Caused by: com.kms.katalon.core.webui.exception.WebElementNotFoundException: Web element with id: 'Object Repository/Shopify/span_product' located by '//div[@id='AppFrameNav']/div/nav/div[2]/div[2]/ul/li[3]/div/div/a/span' not found
	at com.kms.katalon.core.webui.common.WebUiCommonHelper.findWebElement(WebUiCommonHelper.java:1370)
	at com.kms.katalon.core.webui.keyword.internal.WebUIAbstractKeyword.findWebElement(WebUIAbstractKeyword.groovy:27)
	at com.kms.katalon.core.webui.keyword.builtin.ClickKeyword$_click_closure1.doCall(ClickKeyword.groovy:65)
	at com.kms.katalon.core.webui.keyword.builtin.ClickKeyword$_click_closure1.call(ClickKeyword.groovy)
	at com.kms.katalon.core.webui.keyword.internal.WebUIKeywordMain.runKeyword(WebUIKeywordMain.groovy:20)
	... 22 more]]></system-err>
      </testcase>
      <testcase name="Test Cases/Shopify/CreateStore" time="61.521" classname="Test Cases/Shopify/CreateStore" status="FAILED">
         <failure type="FAILED" message="Test Cases/Shopify/CreateStore FAILED.
Reason:
com.kms.katalon.core.exception.StepFailedException: Unable to click on object 'Object Repository/Shopify/span_product'
	at com.kms.katalon.core.webui.keyword.internal.WebUIKeywordMain.stepFailed(WebUIKeywordMain.groovy:64)
	at com.kms.katalon.core.webui.keyword.internal.WebUIKeywordMain.runKeyword(WebUIKeywordMain.groovy:26)
	at com.kms.katalon.core.webui.keyword.builtin.ClickKeyword.click(ClickKeyword.groovy:74)
	at com.kms.katalon.core.webui.keyword.builtin.ClickKeyword.execute(ClickKeyword.groovy:40)
	at com.kms.katalon.core.keyword.internal.KeywordExecutor.executeKeywordForPlatform(KeywordExecutor.groovy:74)
	at com.kms.katalon.core.webui.keyword.WebUiBuiltInKeywords.click(WebUiBuiltInKeywords.groovy:620)
	at com.kms.katalon.core.webui.keyword.WebUiBuiltInKeywords$click$3.call(Unknown Source)
	at shopify.store.importProduct(store.groovy:51)
	at shopify.store.invokeMethod(store.groovy)
	at com.kms.katalon.core.main.CustomKeywordDelegatingMetaClass.invokeStaticMethod(CustomKeywordDelegatingMetaClass.java:55)
	at CreateStore.run(CreateStore:46)
	at com.kms.katalon.core.main.ScriptEngine.run(ScriptEngine.java:194)
	at com.kms.katalon.core.main.ScriptEngine.runScriptAsRawText(ScriptEngine.java:119)
	at com.kms.katalon.core.main.TestCaseExecutor.runScript(TestCaseExecutor.java:448)
	at com.kms.katalon.core.main.TestCaseExecutor.doExecute(TestCaseExecutor.java:439)
	at com.kms.katalon.core.main.TestCaseExecutor.processExecutionPhase(TestCaseExecutor.java:418)
	at com.kms.katalon.core.main.TestCaseExecutor.accessMainPhase(TestCaseExecutor.java:410)
	at com.kms.katalon.core.main.TestCaseExecutor.execute(TestCaseExecutor.java:285)
	at com.kms.katalon.core.common.CommonExecutor.accessTestCaseMainPhase(CommonExecutor.java:65)
	at com.kms.katalon.core.main.TestSuiteExecutor.accessTestSuiteMainPhase(TestSuiteExecutor.java:151)
	at com.kms.katalon.core.main.TestSuiteExecutor.execute(TestSuiteExecutor.java:106)
	at com.kms.katalon.core.main.TestCaseMain.startTestSuite(TestCaseMain.java:185)
	at com.kms.katalon.core.main.TestCaseMain$startTestSuite$0.call(Unknown Source)
	at TempTestSuite1678162735898.run(TempTestSuite1678162735898.groovy:36)
Caused by: com.kms.katalon.core.webui.exception.WebElementNotFoundException: Web element with id: 'Object Repository/Shopify/span_product' located by '//div[@id='AppFrameNav']/div/nav/div[2]/div[2]/ul/li[3]/div/div/a/span' not found
	at com.kms.katalon.core.webui.common.WebUiCommonHelper.findWebElement(WebUiCommonHelper.java:1370)
	at com.kms.katalon.core.webui.keyword.internal.WebUIAbstractKeyword.findWebElement(WebUIAbstractKeyword.groovy:27)
	at com.kms.katalon.core.webui.keyword.builtin.ClickKeyword$_click_closure1.doCall(ClickKeyword.groovy:65)
	at com.kms.katalon.core.webui.keyword.builtin.ClickKeyword$_click_closure1.call(ClickKeyword.groovy)
	at com.kms.katalon.core.webui.keyword.internal.WebUIKeywordMain.runKeyword(WebUIKeywordMain.groovy:20)
	... 22 more
"/>
         <system-out><![CDATA[2023-03-07 11:45:46 - [TEST_CASE][FAILED] - Test Cases/Shopify/CreateStore: Test Cases/Shopify/CreateStore FAILED.
Reason:
com.kms.katalon.core.exception.StepFailedException: Unable to click on object 'Object Repository/Shopify/span_product'
	at com.kms.katalon.core.webui.keyword.internal.WebUIKeywordMain.stepFailed(WebUIKeywordMain.groovy:64)
	at com.kms.katalon.core.webui.keyword.internal.WebUIKeywordMain.runKeyword(WebUIKeywordMain.groovy:26)
	at com.kms.katalon.core.webui.keyword.builtin.ClickKeyword.click(ClickKeyword.groovy:74)
	at com.kms.katalon.core.webui.keyword.builtin.ClickKeyword.execute(ClickKeyword.groovy:40)
	at com.kms.katalon.core.keyword.internal.KeywordExecutor.executeKeywordForPlatform(KeywordExecutor.groovy:74)
	at com.kms.katalon.core.webui.keyword.WebUiBuiltInKeywords.click(WebUiBuiltInKeywords.groovy:620)
	at com.kms.katalon.core.webui.keyword.WebUiBuiltInKeywords$click$3.call(Unknown Source)
	at shopify.store.importProduct(store.groovy:51)
	at shopify.store.invokeMethod(store.groovy)
	at com.kms.katalon.core.main.CustomKeywordDelegatingMetaClass.invokeStaticMethod(CustomKeywordDelegatingMetaClass.java:55)
	at CreateStore.run(CreateStore:46)
	at com.kms.katalon.core.main.ScriptEngine.run(ScriptEngine.java:194)
	at com.kms.katalon.core.main.ScriptEngine.runScriptAsRawText(ScriptEngine.java:119)
	at com.kms.katalon.core.main.TestCaseExecutor.runScript(TestCaseExecutor.java:448)
	at com.kms.katalon.core.main.TestCaseExecutor.doExecute(TestCaseExecutor.java:439)
	at com.kms.katalon.core.main.TestCaseExecutor.processExecutionPhase(TestCaseExecutor.java:418)
	at com.kms.katalon.core.main.TestCaseExecutor.accessMainPhase(TestCaseExecutor.java:410)
	at com.kms.katalon.core.main.TestCaseExecutor.execute(TestCaseExecutor.java:285)
	at com.kms.katalon.core.common.CommonExecutor.accessTestCaseMainPhase(CommonExecutor.java:65)
	at com.kms.katalon.core.main.TestSuiteExecutor.accessTestSuiteMainPhase(TestSuiteExecutor.java:151)
	at com.kms.katalon.core.main.TestSuiteExecutor.execute(TestSuiteExecutor.java:106)
	at com.kms.katalon.core.main.TestCaseMain.startTestSuite(TestCaseMain.java:185)
	at com.kms.katalon.core.main.TestCaseMain$startTestSuite$0.call(Unknown Source)
	at TempTestSuite1678162735898.run(TempTestSuite1678162735898.groovy:36)
Caused by: com.kms.katalon.core.webui.exception.WebElementNotFoundException: Web element with id: 'Object Repository/Shopify/span_product' located by '//div[@id='AppFrameNav']/div/nav/div[2]/div[2]/ul/li[3]/div/div/a/span' not found
	at com.kms.katalon.core.webui.common.WebUiCommonHelper.findWebElement(WebUiCommonHelper.java:1370)
	at com.kms.katalon.core.webui.keyword.internal.WebUIAbstractKeyword.findWebElement(WebUIAbstractKeyword.groovy:27)
	at com.kms.katalon.core.webui.keyword.builtin.ClickKeyword$_click_closure1.doCall(ClickKeyword.groovy:65)
	at com.kms.katalon.core.webui.keyword.builtin.ClickKeyword$_click_closure1.call(ClickKeyword.groovy)
	at com.kms.katalon.core.webui.keyword.internal.WebUIKeywordMain.runKeyword(WebUIKeywordMain.groovy:20)
	... 22 more


2023-03-07 11:45:46 - [TEST_STEP][PASSED] - Start listener action : skipStatus: null

2023-03-07 11:45:46 - [TEST_STEP][PASSED] - map = testCaseContext.getTestCaseVariables(): null

2023-03-07 11:45:46 - [TEST_STEP][PASSED] - testcae_status = map.get("testcase_status"): null

2023-03-07 11:45:46 - [TEST_STEP][PASSED] - println(testcae_status): null

2023-03-07 11:45:46 - [TEST_STEP][PASSED] - if (testcae_status == "Passed" || testcae_status == "Failed"): null

2023-03-07 11:45:46 - [TEST_STEP][PASSED] - log = new com.kms.katalon.core.util.KeywordUtil(): null

2023-03-07 11:45:46 - [TEST_STEP][PASSED] - openBrowser(""): Browser is opened with url: ''

2023-03-07 11:45:46 - [MESSAGE][WARNING] - A browser is already opened. Closing browser and opening a new one

2023-03-07 11:45:46 - [MESSAGE][INFO] - Starting 'Chrome' driver

2023-03-07 11:45:46 - [MESSAGE][INFO] - Action delay is set to 0 milliseconds

2023-03-07 11:45:47 - [MESSAGE][PASSED] - Browser is opened with url: ''

2023-03-07 11:45:47 - [TEST_STEP][PASSED] - maximizeWindow(): Current window maximized

2023-03-07 11:45:47 - [MESSAGE][PASSED] - Current window maximized

2023-03-07 11:45:47 - [TEST_STEP][PASSED] - shopify.store.loginShopifyPartner(partner_email, partner_password, partner_id): shopify.store.loginShopifyPartner is PASSED

2023-03-07 11:45:51 - [MESSAGE][PASSED] - Navigate to 'https://partners.shopify.com/1662018/stores/new' successfully

2023-03-07 11:45:52 - [MESSAGE][PASSED] - Text 'huynh@firegroup.io' is set on object 'Object Repository/Shopify/input_email_shopify'

2023-03-07 11:45:55 - [MESSAGE][PASSED] - Object: 'Object Repository/Shopify/btn_continue_with_email' is clicked on

2023-03-07 11:45:57 - [MESSAGE][PASSED] - Text ****** has been set on object 'Object Repository/Shopify/input_password_shopify'

2023-03-07 11:46:06 - [MESSAGE][PASSED] - Object: 'Object Repository/Shopify/btn_login' is clicked on

2023-03-07 11:46:06 - [MESSAGE][PASSED] - shopify.store.loginShopifyPartner is PASSED

2023-03-07 11:46:06 - [TEST_STEP][PASSED] - shopify.store.navigateToStoreDevelop(partner_id): shopify.store.navigateToStoreDevelop is PASSED

2023-03-07 11:46:06 - [MESSAGE][PASSED] - Navigate to 'https://partners.shopify.com/1662018/stores/new?store_type=dev_preview_store&developer_preview_handle=checkout_extensibility' successfully

2023-03-07 11:46:06 - [MESSAGE][PASSED] - shopify.store.navigateToStoreDevelop is PASSED

2023-03-07 11:46:06 - [TEST_STEP][PASSED] - shopify.store.inputStoreName(store_name): shopify.store.inputStoreName is PASSED

2023-03-07 11:46:08 - [MESSAGE][PASSED] - Text 'khanh-ar-stag-1073' is set on object 'Object Repository/Shopify/input_store_name'

2023-03-07 11:46:13 - [MESSAGE][PASSED] - Delayed 5 second(s)

2023-03-07 11:46:13 - [MESSAGE][PASSED] - shopify.store.inputStoreName is PASSED

2023-03-07 11:46:13 - [TEST_STEP][PASSED] - shopify.store.clickCreateStore(): shopify.store.clickCreateStore is PASSED

2023-03-07 11:46:13 - [MESSAGE][PASSED] - Object: 'Object Repository/Shopify/btn_create_store' is clicked on

2023-03-07 11:46:13 - [MESSAGE][PASSED] - Wait for page load successfully

2023-03-07 11:46:13 - [MESSAGE][PASSED] - shopify.store.clickCreateStore is PASSED

2023-03-07 11:46:13 - [TEST_STEP][FAILED] - shopify.store.importProduct(product_file_local): Unable to click on object 'Object Repository/Shopify/span_product'

2023-03-07 11:46:45 - [MESSAGE][INFO] - Unable to find the element located by 'By.xpath: //div[@id='AppFrameNav']/div/nav/div[2]/div[2]/ul/li[3]/div/div/a/span'. Please recheck the objects properties to make sure the desired element is located. 

2023-03-07 11:46:45 - [MESSAGE][WARNING] - [SELF-HEALING] Failed to find element with id 'Object Repository/Shopify/span_product'. Try using Self-healing.

2023-03-07 11:46:46 - [MESSAGE][INFO] - [SELF-HEALING] No working XPath is found.

2023-03-07 11:46:47 - [MESSAGE][INFO] - Unable to find the element located by 'By.xpath: '. Please recheck the objects properties to make sure the desired element is located. 

2023-03-07 11:46:47 - [MESSAGE][WARNING] - [SELF-HEALING] Cannot find elements when the selector is null

2023-03-07 11:46:47 - [MESSAGE][FAILED] - Unable to click on object 'Object Repository/Shopify/span_product' (Root cause: com.kms.katalon.core.exception.StepFailedException: Unable to click on object 'Object Repository/Shopify/span_product'
	at com.kms.katalon.core.webui.keyword.internal.WebUIKeywordMain.stepFailed(WebUIKeywordMain.groovy:64)
	at com.kms.katalon.core.webui.keyword.internal.WebUIKeywordMain.runKeyword(WebUIKeywordMain.groovy:26)
	at com.kms.katalon.core.webui.keyword.builtin.ClickKeyword.click(ClickKeyword.groovy:74)
	at com.kms.katalon.core.webui.keyword.builtin.ClickKeyword.execute(ClickKeyword.groovy:40)
	at com.kms.katalon.core.keyword.internal.KeywordExecutor.executeKeywordForPlatform(KeywordExecutor.groovy:74)
	at com.kms.katalon.core.webui.keyword.WebUiBuiltInKeywords.click(WebUiBuiltInKeywords.groovy:620)
	at com.kms.katalon.core.webui.keyword.WebUiBuiltInKeywords$click$3.call(Unknown Source)
	at shopify.store.importProduct(store.groovy:51)
	at shopify.store.invokeMethod(store.groovy)
	at com.kms.katalon.core.main.CustomKeywordDelegatingMetaClass.invokeStaticMethod(CustomKeywordDelegatingMetaClass.java:55)
	at CreateStore.run(CreateStore:46)
	at com.kms.katalon.core.main.ScriptEngine.run(ScriptEngine.java:194)
	at com.kms.katalon.core.main.ScriptEngine.runScriptAsRawText(ScriptEngine.java:119)
	at com.kms.katalon.core.main.TestCaseExecutor.runScript(TestCaseExecutor.java:448)
	at com.kms.katalon.core.main.TestCaseExecutor.doExecute(TestCaseExecutor.java:439)
	at com.kms.katalon.core.main.TestCaseExecutor.processExecutionPhase(TestCaseExecutor.java:418)
	at com.kms.katalon.core.main.TestCaseExecutor.accessMainPhase(TestCaseExecutor.java:410)
	at com.kms.katalon.core.main.TestCaseExecutor.execute(TestCaseExecutor.java:285)
	at com.kms.katalon.core.common.CommonExecutor.accessTestCaseMainPhase(CommonExecutor.java:65)
	at com.kms.katalon.core.main.TestSuiteExecutor.accessTestSuiteMainPhase(TestSuiteExecutor.java:151)
	at com.kms.katalon.core.main.TestSuiteExecutor.execute(TestSuiteExecutor.java:106)
	at com.kms.katalon.core.main.TestCaseMain.startTestSuite(TestCaseMain.java:185)
	at com.kms.katalon.core.main.TestCaseMain$startTestSuite$0.call(Unknown Source)
	at TempTestSuite1678162735898.run(TempTestSuite1678162735898.groovy:36)
Caused by: com.kms.katalon.core.webui.exception.WebElementNotFoundException: Web element with id: 'Object Repository/Shopify/span_product' located by '//div[@id='AppFrameNav']/div/nav/div[2]/div[2]/ul/li[3]/div/div/a/span' not found
	at com.kms.katalon.core.webui.common.WebUiCommonHelper.findWebElement(WebUiCommonHelper.java:1370)
	at com.kms.katalon.core.webui.keyword.internal.WebUIAbstractKeyword.findWebElement(WebUIAbstractKeyword.groovy:27)
	at com.kms.katalon.core.webui.keyword.builtin.ClickKeyword$_click_closure1.doCall(ClickKeyword.groovy:65)
	at com.kms.katalon.core.webui.keyword.builtin.ClickKeyword$_click_closure1.call(ClickKeyword.groovy)
	at com.kms.katalon.core.webui.keyword.internal.WebUIKeywordMain.runKeyword(WebUIKeywordMain.groovy:20)
	at com.kms.katalon.core.webui.keyword.builtin.ClickKeyword.click(ClickKeyword.groovy:74)
	at com.kms.katalon.core.webui.keyword.builtin.ClickKeyword.execute(ClickKeyword.groovy:40)
	at com.kms.katalon.core.keyword.internal.KeywordExecutor.executeKeywordForPlatform(KeywordExecutor.groovy:74)
	at com.kms.katalon.core.webui.keyword.WebUiBuiltInKeywords.click(WebUiBuiltInKeywords.groovy:620)
	at com.kms.katalon.core.webui.keyword.WebUiBuiltInKeywords$click$3.call(Unknown Source)
	at shopify.store.importProduct(store.groovy:51)
	at shopify.store.invokeMethod(store.groovy)
	at com.kms.katalon.core.main.CustomKeywordDelegatingMetaClass.invokeStaticMethod(CustomKeywordDelegatingMetaClass.java:55)
	at Script1673851860327.run(Script1673851860327.groovy:46)
	... 13 more
)
[[ATTACHMENT|C:\\Users\\huynh\\Documents\\Socialhead\\Automation\\Katalon project\\CreateStore\\CreateStore\\Reports\\20230307_111854\\Store\\Create Store\\20230307_111855\\1678164407337.png]]

2023-03-07 11:46:47 - [MESSAGE][FAILED] - Unable to click on object 'Object Repository/Shopify/span_product'

2023-03-07 11:46:47 - [TEST_STEP][PASSED] - Start tear down : teardownIfFailed: Method 'teardownIfFailed' complete successfully

2023-03-07 11:46:47 - [TEST_STEP][PASSED] - data.excel.updateValueToSheet(file_data, "store", 4, store_name, 7, "Failed"): data.excel.updateValueToSheet is PASSED

2023-03-07 11:46:47 - [MESSAGE][PASSED] - data.excel.updateValueToSheet is PASSED

2023-03-07 11:46:47 - [MESSAGE][PASSED] - Method 'teardownIfFailed' complete successfully]]></system-out>
         <system-err><![CDATA[2023-03-07 11:45:46 - [TEST_CASE][FAILED] - Test Cases/Shopify/CreateStore: Test Cases/Shopify/CreateStore FAILED.
Reason:
com.kms.katalon.core.exception.StepFailedException: Unable to click on object 'Object Repository/Shopify/span_product'
	at com.kms.katalon.core.webui.keyword.internal.WebUIKeywordMain.stepFailed(WebUIKeywordMain.groovy:64)
	at com.kms.katalon.core.webui.keyword.internal.WebUIKeywordMain.runKeyword(WebUIKeywordMain.groovy:26)
	at com.kms.katalon.core.webui.keyword.builtin.ClickKeyword.click(ClickKeyword.groovy:74)
	at com.kms.katalon.core.webui.keyword.builtin.ClickKeyword.execute(ClickKeyword.groovy:40)
	at com.kms.katalon.core.keyword.internal.KeywordExecutor.executeKeywordForPlatform(KeywordExecutor.groovy:74)
	at com.kms.katalon.core.webui.keyword.WebUiBuiltInKeywords.click(WebUiBuiltInKeywords.groovy:620)
	at com.kms.katalon.core.webui.keyword.WebUiBuiltInKeywords$click$3.call(Unknown Source)
	at shopify.store.importProduct(store.groovy:51)
	at shopify.store.invokeMethod(store.groovy)
	at com.kms.katalon.core.main.CustomKeywordDelegatingMetaClass.invokeStaticMethod(CustomKeywordDelegatingMetaClass.java:55)
	at CreateStore.run(CreateStore:46)
	at com.kms.katalon.core.main.ScriptEngine.run(ScriptEngine.java:194)
	at com.kms.katalon.core.main.ScriptEngine.runScriptAsRawText(ScriptEngine.java:119)
	at com.kms.katalon.core.main.TestCaseExecutor.runScript(TestCaseExecutor.java:448)
	at com.kms.katalon.core.main.TestCaseExecutor.doExecute(TestCaseExecutor.java:439)
	at com.kms.katalon.core.main.TestCaseExecutor.processExecutionPhase(TestCaseExecutor.java:418)
	at com.kms.katalon.core.main.TestCaseExecutor.accessMainPhase(TestCaseExecutor.java:410)
	at com.kms.katalon.core.main.TestCaseExecutor.execute(TestCaseExecutor.java:285)
	at com.kms.katalon.core.common.CommonExecutor.accessTestCaseMainPhase(CommonExecutor.java:65)
	at com.kms.katalon.core.main.TestSuiteExecutor.accessTestSuiteMainPhase(TestSuiteExecutor.java:151)
	at com.kms.katalon.core.main.TestSuiteExecutor.execute(TestSuiteExecutor.java:106)
	at com.kms.katalon.core.main.TestCaseMain.startTestSuite(TestCaseMain.java:185)
	at com.kms.katalon.core.main.TestCaseMain$startTestSuite$0.call(Unknown Source)
	at TempTestSuite1678162735898.run(TempTestSuite1678162735898.groovy:36)
Caused by: com.kms.katalon.core.webui.exception.WebElementNotFoundException: Web element with id: 'Object Repository/Shopify/span_product' located by '//div[@id='AppFrameNav']/div/nav/div[2]/div[2]/ul/li[3]/div/div/a/span' not found
	at com.kms.katalon.core.webui.common.WebUiCommonHelper.findWebElement(WebUiCommonHelper.java:1370)
	at com.kms.katalon.core.webui.keyword.internal.WebUIAbstractKeyword.findWebElement(WebUIAbstractKeyword.groovy:27)
	at com.kms.katalon.core.webui.keyword.builtin.ClickKeyword$_click_closure1.doCall(ClickKeyword.groovy:65)
	at com.kms.katalon.core.webui.keyword.builtin.ClickKeyword$_click_closure1.call(ClickKeyword.groovy)
	at com.kms.katalon.core.webui.keyword.internal.WebUIKeywordMain.runKeyword(WebUIKeywordMain.groovy:20)
	... 22 more]]></system-err>
      </testcase>
      <testcase name="Test Cases/Shopify/CreateStore" time="57.806" classname="Test Cases/Shopify/CreateStore" status="FAILED">
         <failure type="FAILED" message="Test Cases/Shopify/CreateStore FAILED.
Reason:
com.kms.katalon.core.exception.StepFailedException: Unable to click on object 'Object Repository/Shopify/span_product'
	at com.kms.katalon.core.webui.keyword.internal.WebUIKeywordMain.stepFailed(WebUIKeywordMain.groovy:64)
	at com.kms.katalon.core.webui.keyword.internal.WebUIKeywordMain.runKeyword(WebUIKeywordMain.groovy:26)
	at com.kms.katalon.core.webui.keyword.builtin.ClickKeyword.click(ClickKeyword.groovy:74)
	at com.kms.katalon.core.webui.keyword.builtin.ClickKeyword.execute(ClickKeyword.groovy:40)
	at com.kms.katalon.core.keyword.internal.KeywordExecutor.executeKeywordForPlatform(KeywordExecutor.groovy:74)
	at com.kms.katalon.core.webui.keyword.WebUiBuiltInKeywords.click(WebUiBuiltInKeywords.groovy:620)
	at com.kms.katalon.core.webui.keyword.WebUiBuiltInKeywords$click$3.call(Unknown Source)
	at shopify.store.importProduct(store.groovy:51)
	at shopify.store.invokeMethod(store.groovy)
	at com.kms.katalon.core.main.CustomKeywordDelegatingMetaClass.invokeStaticMethod(CustomKeywordDelegatingMetaClass.java:55)
	at CreateStore.run(CreateStore:46)
	at com.kms.katalon.core.main.ScriptEngine.run(ScriptEngine.java:194)
	at com.kms.katalon.core.main.ScriptEngine.runScriptAsRawText(ScriptEngine.java:119)
	at com.kms.katalon.core.main.TestCaseExecutor.runScript(TestCaseExecutor.java:448)
	at com.kms.katalon.core.main.TestCaseExecutor.doExecute(TestCaseExecutor.java:439)
	at com.kms.katalon.core.main.TestCaseExecutor.processExecutionPhase(TestCaseExecutor.java:418)
	at com.kms.katalon.core.main.TestCaseExecutor.accessMainPhase(TestCaseExecutor.java:410)
	at com.kms.katalon.core.main.TestCaseExecutor.execute(TestCaseExecutor.java:285)
	at com.kms.katalon.core.common.CommonExecutor.accessTestCaseMainPhase(CommonExecutor.java:65)
	at com.kms.katalon.core.main.TestSuiteExecutor.accessTestSuiteMainPhase(TestSuiteExecutor.java:151)
	at com.kms.katalon.core.main.TestSuiteExecutor.execute(TestSuiteExecutor.java:106)
	at com.kms.katalon.core.main.TestCaseMain.startTestSuite(TestCaseMain.java:185)
	at com.kms.katalon.core.main.TestCaseMain$startTestSuite$0.call(Unknown Source)
	at TempTestSuite1678162735898.run(TempTestSuite1678162735898.groovy:36)
Caused by: com.kms.katalon.core.webui.exception.WebElementNotFoundException: Web element with id: 'Object Repository/Shopify/span_product' located by '//div[@id='AppFrameNav']/div/nav/div[2]/div[2]/ul/li[3]/div/div/a/span' not found
	at com.kms.katalon.core.webui.common.WebUiCommonHelper.findWebElement(WebUiCommonHelper.java:1370)
	at com.kms.katalon.core.webui.keyword.internal.WebUIAbstractKeyword.findWebElement(WebUIAbstractKeyword.groovy:27)
	at com.kms.katalon.core.webui.keyword.builtin.ClickKeyword$_click_closure1.doCall(ClickKeyword.groovy:65)
	at com.kms.katalon.core.webui.keyword.builtin.ClickKeyword$_click_closure1.call(ClickKeyword.groovy)
	at com.kms.katalon.core.webui.keyword.internal.WebUIKeywordMain.runKeyword(WebUIKeywordMain.groovy:20)
	... 22 more
"/>
         <system-out><![CDATA[2023-03-07 11:46:47 - [TEST_CASE][FAILED] - Test Cases/Shopify/CreateStore: Test Cases/Shopify/CreateStore FAILED.
Reason:
com.kms.katalon.core.exception.StepFailedException: Unable to click on object 'Object Repository/Shopify/span_product'
	at com.kms.katalon.core.webui.keyword.internal.WebUIKeywordMain.stepFailed(WebUIKeywordMain.groovy:64)
	at com.kms.katalon.core.webui.keyword.internal.WebUIKeywordMain.runKeyword(WebUIKeywordMain.groovy:26)
	at com.kms.katalon.core.webui.keyword.builtin.ClickKeyword.click(ClickKeyword.groovy:74)
	at com.kms.katalon.core.webui.keyword.builtin.ClickKeyword.execute(ClickKeyword.groovy:40)
	at com.kms.katalon.core.keyword.internal.KeywordExecutor.executeKeywordForPlatform(KeywordExecutor.groovy:74)
	at com.kms.katalon.core.webui.keyword.WebUiBuiltInKeywords.click(WebUiBuiltInKeywords.groovy:620)
	at com.kms.katalon.core.webui.keyword.WebUiBuiltInKeywords$click$3.call(Unknown Source)
	at shopify.store.importProduct(store.groovy:51)
	at shopify.store.invokeMethod(store.groovy)
	at com.kms.katalon.core.main.CustomKeywordDelegatingMetaClass.invokeStaticMethod(CustomKeywordDelegatingMetaClass.java:55)
	at CreateStore.run(CreateStore:46)
	at com.kms.katalon.core.main.ScriptEngine.run(ScriptEngine.java:194)
	at com.kms.katalon.core.main.ScriptEngine.runScriptAsRawText(ScriptEngine.java:119)
	at com.kms.katalon.core.main.TestCaseExecutor.runScript(TestCaseExecutor.java:448)
	at com.kms.katalon.core.main.TestCaseExecutor.doExecute(TestCaseExecutor.java:439)
	at com.kms.katalon.core.main.TestCaseExecutor.processExecutionPhase(TestCaseExecutor.java:418)
	at com.kms.katalon.core.main.TestCaseExecutor.accessMainPhase(TestCaseExecutor.java:410)
	at com.kms.katalon.core.main.TestCaseExecutor.execute(TestCaseExecutor.java:285)
	at com.kms.katalon.core.common.CommonExecutor.accessTestCaseMainPhase(CommonExecutor.java:65)
	at com.kms.katalon.core.main.TestSuiteExecutor.accessTestSuiteMainPhase(TestSuiteExecutor.java:151)
	at com.kms.katalon.core.main.TestSuiteExecutor.execute(TestSuiteExecutor.java:106)
	at com.kms.katalon.core.main.TestCaseMain.startTestSuite(TestCaseMain.java:185)
	at com.kms.katalon.core.main.TestCaseMain$startTestSuite$0.call(Unknown Source)
	at TempTestSuite1678162735898.run(TempTestSuite1678162735898.groovy:36)
Caused by: com.kms.katalon.core.webui.exception.WebElementNotFoundException: Web element with id: 'Object Repository/Shopify/span_product' located by '//div[@id='AppFrameNav']/div/nav/div[2]/div[2]/ul/li[3]/div/div/a/span' not found
	at com.kms.katalon.core.webui.common.WebUiCommonHelper.findWebElement(WebUiCommonHelper.java:1370)
	at com.kms.katalon.core.webui.keyword.internal.WebUIAbstractKeyword.findWebElement(WebUIAbstractKeyword.groovy:27)
	at com.kms.katalon.core.webui.keyword.builtin.ClickKeyword$_click_closure1.doCall(ClickKeyword.groovy:65)
	at com.kms.katalon.core.webui.keyword.builtin.ClickKeyword$_click_closure1.call(ClickKeyword.groovy)
	at com.kms.katalon.core.webui.keyword.internal.WebUIKeywordMain.runKeyword(WebUIKeywordMain.groovy:20)
	... 22 more


2023-03-07 11:46:47 - [TEST_STEP][PASSED] - Start listener action : skipStatus: null

2023-03-07 11:46:47 - [TEST_STEP][PASSED] - map = testCaseContext.getTestCaseVariables(): null

2023-03-07 11:46:47 - [TEST_STEP][PASSED] - testcae_status = map.get("testcase_status"): null

2023-03-07 11:46:47 - [TEST_STEP][PASSED] - println(testcae_status): null

2023-03-07 11:46:47 - [TEST_STEP][PASSED] - if (testcae_status == "Passed" || testcae_status == "Failed"): null

2023-03-07 11:46:47 - [TEST_STEP][PASSED] - log = new com.kms.katalon.core.util.KeywordUtil(): null

2023-03-07 11:46:47 - [TEST_STEP][PASSED] - openBrowser(""): Browser is opened with url: ''

2023-03-07 11:46:47 - [MESSAGE][WARNING] - A browser is already opened. Closing browser and opening a new one

2023-03-07 11:46:48 - [MESSAGE][INFO] - Starting 'Chrome' driver

2023-03-07 11:46:48 - [MESSAGE][INFO] - Action delay is set to 0 milliseconds

2023-03-07 11:46:49 - [MESSAGE][PASSED] - Browser is opened with url: ''

2023-03-07 11:46:49 - [TEST_STEP][PASSED] - maximizeWindow(): Current window maximized

2023-03-07 11:46:49 - [MESSAGE][PASSED] - Current window maximized

2023-03-07 11:46:49 - [TEST_STEP][PASSED] - shopify.store.loginShopifyPartner(partner_email, partner_password, partner_id): shopify.store.loginShopifyPartner is PASSED

2023-03-07 11:46:53 - [MESSAGE][PASSED] - Navigate to 'https://partners.shopify.com/1662018/stores/new' successfully

2023-03-07 11:46:54 - [MESSAGE][PASSED] - Text 'huynh@firegroup.io' is set on object 'Object Repository/Shopify/input_email_shopify'

2023-03-07 11:46:56 - [MESSAGE][PASSED] - Object: 'Object Repository/Shopify/btn_continue_with_email' is clicked on

2023-03-07 11:46:58 - [MESSAGE][PASSED] - Text ****** has been set on object 'Object Repository/Shopify/input_password_shopify'

2023-03-07 11:47:04 - [MESSAGE][PASSED] - Object: 'Object Repository/Shopify/btn_login' is clicked on

2023-03-07 11:47:04 - [MESSAGE][PASSED] - shopify.store.loginShopifyPartner is PASSED

2023-03-07 11:47:04 - [TEST_STEP][PASSED] - shopify.store.navigateToStoreDevelop(partner_id): shopify.store.navigateToStoreDevelop is PASSED

2023-03-07 11:47:04 - [MESSAGE][PASSED] - Navigate to 'https://partners.shopify.com/1662018/stores/new?store_type=dev_preview_store&developer_preview_handle=checkout_extensibility' successfully

2023-03-07 11:47:04 - [MESSAGE][PASSED] - shopify.store.navigateToStoreDevelop is PASSED

2023-03-07 11:47:04 - [TEST_STEP][PASSED] - shopify.store.inputStoreName(store_name): shopify.store.inputStoreName is PASSED

2023-03-07 11:47:06 - [MESSAGE][PASSED] - Text 'khanh-ar-stag-1074' is set on object 'Object Repository/Shopify/input_store_name'

2023-03-07 11:47:11 - [MESSAGE][PASSED] - Delayed 5 second(s)

2023-03-07 11:47:11 - [MESSAGE][PASSED] - shopify.store.inputStoreName is PASSED

2023-03-07 11:47:11 - [TEST_STEP][PASSED] - shopify.store.clickCreateStore(): shopify.store.clickCreateStore is PASSED

2023-03-07 11:47:11 - [MESSAGE][PASSED] - Object: 'Object Repository/Shopify/btn_create_store' is clicked on

2023-03-07 11:47:11 - [MESSAGE][PASSED] - Wait for page load successfully

2023-03-07 11:47:11 - [MESSAGE][PASSED] - shopify.store.clickCreateStore is PASSED

2023-03-07 11:47:11 - [TEST_STEP][FAILED] - shopify.store.importProduct(product_file_local): Unable to click on object 'Object Repository/Shopify/span_product'

2023-03-07 11:47:42 - [MESSAGE][INFO] - Unable to find the element located by 'By.xpath: //div[@id='AppFrameNav']/div/nav/div[2]/div[2]/ul/li[3]/div/div/a/span'. Please recheck the objects properties to make sure the desired element is located. 

2023-03-07 11:47:42 - [MESSAGE][WARNING] - [SELF-HEALING] Failed to find element with id 'Object Repository/Shopify/span_product'. Try using Self-healing.

2023-03-07 11:47:43 - [MESSAGE][INFO] - [SELF-HEALING] No working XPath is found.

2023-03-07 11:47:45 - [MESSAGE][INFO] - Unable to find the element located by 'By.xpath: '. Please recheck the objects properties to make sure the desired element is located. 

2023-03-07 11:47:45 - [MESSAGE][WARNING] - [SELF-HEALING] Cannot find elements when the selector is null

2023-03-07 11:47:45 - [MESSAGE][FAILED] - Unable to click on object 'Object Repository/Shopify/span_product' (Root cause: com.kms.katalon.core.exception.StepFailedException: Unable to click on object 'Object Repository/Shopify/span_product'
	at com.kms.katalon.core.webui.keyword.internal.WebUIKeywordMain.stepFailed(WebUIKeywordMain.groovy:64)
	at com.kms.katalon.core.webui.keyword.internal.WebUIKeywordMain.runKeyword(WebUIKeywordMain.groovy:26)
	at com.kms.katalon.core.webui.keyword.builtin.ClickKeyword.click(ClickKeyword.groovy:74)
	at com.kms.katalon.core.webui.keyword.builtin.ClickKeyword.execute(ClickKeyword.groovy:40)
	at com.kms.katalon.core.keyword.internal.KeywordExecutor.executeKeywordForPlatform(KeywordExecutor.groovy:74)
	at com.kms.katalon.core.webui.keyword.WebUiBuiltInKeywords.click(WebUiBuiltInKeywords.groovy:620)
	at com.kms.katalon.core.webui.keyword.WebUiBuiltInKeywords$click$3.call(Unknown Source)
	at shopify.store.importProduct(store.groovy:51)
	at shopify.store.invokeMethod(store.groovy)
	at com.kms.katalon.core.main.CustomKeywordDelegatingMetaClass.invokeStaticMethod(CustomKeywordDelegatingMetaClass.java:55)
	at CreateStore.run(CreateStore:46)
	at com.kms.katalon.core.main.ScriptEngine.run(ScriptEngine.java:194)
	at com.kms.katalon.core.main.ScriptEngine.runScriptAsRawText(ScriptEngine.java:119)
	at com.kms.katalon.core.main.TestCaseExecutor.runScript(TestCaseExecutor.java:448)
	at com.kms.katalon.core.main.TestCaseExecutor.doExecute(TestCaseExecutor.java:439)
	at com.kms.katalon.core.main.TestCaseExecutor.processExecutionPhase(TestCaseExecutor.java:418)
	at com.kms.katalon.core.main.TestCaseExecutor.accessMainPhase(TestCaseExecutor.java:410)
	at com.kms.katalon.core.main.TestCaseExecutor.execute(TestCaseExecutor.java:285)
	at com.kms.katalon.core.common.CommonExecutor.accessTestCaseMainPhase(CommonExecutor.java:65)
	at com.kms.katalon.core.main.TestSuiteExecutor.accessTestSuiteMainPhase(TestSuiteExecutor.java:151)
	at com.kms.katalon.core.main.TestSuiteExecutor.execute(TestSuiteExecutor.java:106)
	at com.kms.katalon.core.main.TestCaseMain.startTestSuite(TestCaseMain.java:185)
	at com.kms.katalon.core.main.TestCaseMain$startTestSuite$0.call(Unknown Source)
	at TempTestSuite1678162735898.run(TempTestSuite1678162735898.groovy:36)
Caused by: com.kms.katalon.core.webui.exception.WebElementNotFoundException: Web element with id: 'Object Repository/Shopify/span_product' located by '//div[@id='AppFrameNav']/div/nav/div[2]/div[2]/ul/li[3]/div/div/a/span' not found
	at com.kms.katalon.core.webui.common.WebUiCommonHelper.findWebElement(WebUiCommonHelper.java:1370)
	at com.kms.katalon.core.webui.keyword.internal.WebUIAbstractKeyword.findWebElement(WebUIAbstractKeyword.groovy:27)
	at com.kms.katalon.core.webui.keyword.builtin.ClickKeyword$_click_closure1.doCall(ClickKeyword.groovy:65)
	at com.kms.katalon.core.webui.keyword.builtin.ClickKeyword$_click_closure1.call(ClickKeyword.groovy)
	at com.kms.katalon.core.webui.keyword.internal.WebUIKeywordMain.runKeyword(WebUIKeywordMain.groovy:20)
	at com.kms.katalon.core.webui.keyword.builtin.ClickKeyword.click(ClickKeyword.groovy:74)
	at com.kms.katalon.core.webui.keyword.builtin.ClickKeyword.execute(ClickKeyword.groovy:40)
	at com.kms.katalon.core.keyword.internal.KeywordExecutor.executeKeywordForPlatform(KeywordExecutor.groovy:74)
	at com.kms.katalon.core.webui.keyword.WebUiBuiltInKeywords.click(WebUiBuiltInKeywords.groovy:620)
	at com.kms.katalon.core.webui.keyword.WebUiBuiltInKeywords$click$3.call(Unknown Source)
	at shopify.store.importProduct(store.groovy:51)
	at shopify.store.invokeMethod(store.groovy)
	at com.kms.katalon.core.main.CustomKeywordDelegatingMetaClass.invokeStaticMethod(CustomKeywordDelegatingMetaClass.java:55)
	at Script1673851860327.run(Script1673851860327.groovy:46)
	... 13 more
)
[[ATTACHMENT|C:\\Users\\huynh\\Documents\\Socialhead\\Automation\\Katalon project\\CreateStore\\CreateStore\\Reports\\20230307_111854\\Store\\Create Store\\20230307_111855\\1678164465195.png]]

2023-03-07 11:47:45 - [MESSAGE][FAILED] - Unable to click on object 'Object Repository/Shopify/span_product'

2023-03-07 11:47:45 - [TEST_STEP][PASSED] - Start tear down : teardownIfFailed: Method 'teardownIfFailed' complete successfully

2023-03-07 11:47:45 - [TEST_STEP][PASSED] - data.excel.updateValueToSheet(file_data, "store", 4, store_name, 7, "Failed"): data.excel.updateValueToSheet is PASSED

2023-03-07 11:47:45 - [MESSAGE][PASSED] - data.excel.updateValueToSheet is PASSED

2023-03-07 11:47:45 - [MESSAGE][PASSED] - Method 'teardownIfFailed' complete successfully]]></system-out>
         <system-err><![CDATA[2023-03-07 11:46:47 - [TEST_CASE][FAILED] - Test Cases/Shopify/CreateStore: Test Cases/Shopify/CreateStore FAILED.
Reason:
com.kms.katalon.core.exception.StepFailedException: Unable to click on object 'Object Repository/Shopify/span_product'
	at com.kms.katalon.core.webui.keyword.internal.WebUIKeywordMain.stepFailed(WebUIKeywordMain.groovy:64)
	at com.kms.katalon.core.webui.keyword.internal.WebUIKeywordMain.runKeyword(WebUIKeywordMain.groovy:26)
	at com.kms.katalon.core.webui.keyword.builtin.ClickKeyword.click(ClickKeyword.groovy:74)
	at com.kms.katalon.core.webui.keyword.builtin.ClickKeyword.execute(ClickKeyword.groovy:40)
	at com.kms.katalon.core.keyword.internal.KeywordExecutor.executeKeywordForPlatform(KeywordExecutor.groovy:74)
	at com.kms.katalon.core.webui.keyword.WebUiBuiltInKeywords.click(WebUiBuiltInKeywords.groovy:620)
	at com.kms.katalon.core.webui.keyword.WebUiBuiltInKeywords$click$3.call(Unknown Source)
	at shopify.store.importProduct(store.groovy:51)
	at shopify.store.invokeMethod(store.groovy)
	at com.kms.katalon.core.main.CustomKeywordDelegatingMetaClass.invokeStaticMethod(CustomKeywordDelegatingMetaClass.java:55)
	at CreateStore.run(CreateStore:46)
	at com.kms.katalon.core.main.ScriptEngine.run(ScriptEngine.java:194)
	at com.kms.katalon.core.main.ScriptEngine.runScriptAsRawText(ScriptEngine.java:119)
	at com.kms.katalon.core.main.TestCaseExecutor.runScript(TestCaseExecutor.java:448)
	at com.kms.katalon.core.main.TestCaseExecutor.doExecute(TestCaseExecutor.java:439)
	at com.kms.katalon.core.main.TestCaseExecutor.processExecutionPhase(TestCaseExecutor.java:418)
	at com.kms.katalon.core.main.TestCaseExecutor.accessMainPhase(TestCaseExecutor.java:410)
	at com.kms.katalon.core.main.TestCaseExecutor.execute(TestCaseExecutor.java:285)
	at com.kms.katalon.core.common.CommonExecutor.accessTestCaseMainPhase(CommonExecutor.java:65)
	at com.kms.katalon.core.main.TestSuiteExecutor.accessTestSuiteMainPhase(TestSuiteExecutor.java:151)
	at com.kms.katalon.core.main.TestSuiteExecutor.execute(TestSuiteExecutor.java:106)
	at com.kms.katalon.core.main.TestCaseMain.startTestSuite(TestCaseMain.java:185)
	at com.kms.katalon.core.main.TestCaseMain$startTestSuite$0.call(Unknown Source)
	at TempTestSuite1678162735898.run(TempTestSuite1678162735898.groovy:36)
Caused by: com.kms.katalon.core.webui.exception.WebElementNotFoundException: Web element with id: 'Object Repository/Shopify/span_product' located by '//div[@id='AppFrameNav']/div/nav/div[2]/div[2]/ul/li[3]/div/div/a/span' not found
	at com.kms.katalon.core.webui.common.WebUiCommonHelper.findWebElement(WebUiCommonHelper.java:1370)
	at com.kms.katalon.core.webui.keyword.internal.WebUIAbstractKeyword.findWebElement(WebUIAbstractKeyword.groovy:27)
	at com.kms.katalon.core.webui.keyword.builtin.ClickKeyword$_click_closure1.doCall(ClickKeyword.groovy:65)
	at com.kms.katalon.core.webui.keyword.builtin.ClickKeyword$_click_closure1.call(ClickKeyword.groovy)
	at com.kms.katalon.core.webui.keyword.internal.WebUIKeywordMain.runKeyword(WebUIKeywordMain.groovy:20)
	... 22 more]]></system-err>
      </testcase>
      <testcase name="Test Cases/Shopify/CreateStore" time="297.029" classname="Test Cases/Shopify/CreateStore" status="PASSED">
         <system-out><![CDATA[2023-03-07 11:47:45 - [TEST_CASE][PASSED] - Test Cases/Shopify/CreateStore: Test Cases/Shopify/CreateStore

2023-03-07 11:47:45 - [TEST_STEP][PASSED] - Start listener action : skipStatus: null

2023-03-07 11:47:45 - [TEST_STEP][PASSED] - map = testCaseContext.getTestCaseVariables(): null

2023-03-07 11:47:45 - [TEST_STEP][PASSED] - testcae_status = map.get("testcase_status"): null

2023-03-07 11:47:45 - [TEST_STEP][PASSED] - println(testcae_status): null

2023-03-07 11:47:45 - [TEST_STEP][PASSED] - if (testcae_status == "Passed" || testcae_status == "Failed"): null

2023-03-07 11:47:45 - [TEST_STEP][PASSED] - log = new com.kms.katalon.core.util.KeywordUtil(): null

2023-03-07 11:47:45 - [TEST_STEP][PASSED] - openBrowser(""): Browser is opened with url: ''

2023-03-07 11:47:45 - [MESSAGE][WARNING] - A browser is already opened. Closing browser and opening a new one

2023-03-07 11:47:46 - [MESSAGE][INFO] - Starting 'Chrome' driver

2023-03-07 11:47:46 - [MESSAGE][INFO] - Action delay is set to 0 milliseconds

2023-03-07 11:47:47 - [MESSAGE][PASSED] - Browser is opened with url: ''

2023-03-07 11:47:47 - [TEST_STEP][PASSED] - maximizeWindow(): Current window maximized

2023-03-07 11:47:47 - [MESSAGE][PASSED] - Current window maximized

2023-03-07 11:47:47 - [TEST_STEP][PASSED] - shopify.store.loginShopifyPartner(partner_email, partner_password, partner_id): shopify.store.loginShopifyPartner is PASSED

2023-03-07 11:47:50 - [MESSAGE][PASSED] - Navigate to 'https://partners.shopify.com/1662018/stores/new' successfully

2023-03-07 11:47:51 - [MESSAGE][PASSED] - Text 'huynh@firegroup.io' is set on object 'Object Repository/Shopify/input_email_shopify'

2023-03-07 11:47:54 - [MESSAGE][PASSED] - Object: 'Object Repository/Shopify/btn_continue_with_email' is clicked on

2023-03-07 11:47:56 - [MESSAGE][PASSED] - Text ****** has been set on object 'Object Repository/Shopify/input_password_shopify'

2023-03-07 11:48:01 - [MESSAGE][PASSED] - Object: 'Object Repository/Shopify/btn_login' is clicked on

2023-03-07 11:48:01 - [MESSAGE][PASSED] - shopify.store.loginShopifyPartner is PASSED

2023-03-07 11:48:01 - [TEST_STEP][PASSED] - shopify.store.navigateToStoreDevelop(partner_id): shopify.store.navigateToStoreDevelop is PASSED

2023-03-07 11:48:02 - [MESSAGE][PASSED] - Navigate to 'https://partners.shopify.com/1662018/stores/new?store_type=dev_preview_store&developer_preview_handle=checkout_extensibility' successfully

2023-03-07 11:48:02 - [MESSAGE][PASSED] - shopify.store.navigateToStoreDevelop is PASSED

2023-03-07 11:48:02 - [TEST_STEP][PASSED] - shopify.store.inputStoreName(store_name): shopify.store.inputStoreName is PASSED

2023-03-07 11:48:03 - [MESSAGE][PASSED] - Text 'khanh-ar-stag-1075' is set on object 'Object Repository/Shopify/input_store_name'

2023-03-07 11:48:08 - [MESSAGE][PASSED] - Delayed 5 second(s)

2023-03-07 11:48:08 - [MESSAGE][PASSED] - shopify.store.inputStoreName is PASSED

2023-03-07 11:48:08 - [TEST_STEP][PASSED] - shopify.store.clickCreateStore(): shopify.store.clickCreateStore is PASSED

2023-03-07 11:48:08 - [MESSAGE][PASSED] - Object: 'Object Repository/Shopify/btn_create_store' is clicked on

2023-03-07 11:48:09 - [MESSAGE][PASSED] - Wait for page load successfully

2023-03-07 11:48:09 - [MESSAGE][PASSED] - shopify.store.clickCreateStore is PASSED

2023-03-07 11:48:09 - [TEST_STEP][PASSED] - shopify.store.importProduct(product_file_local): shopify.store.importProduct is PASSED

2023-03-07 11:48:39 - [MESSAGE][PASSED] - Object: 'Object Repository/Shopify/span_product' is clicked on

2023-03-07 11:48:41 - [MESSAGE][PASSED] - Object: 'Object Repository/Shopify/span_import_product' is clicked on

2023-03-07 11:48:41 - [MESSAGE][PASSED] - File 'C:\Users\huynh\Documents\Socialhead\Automation\Katalon project\CreateStore\CreateStore\Data\products_export.csv' sent to object: 'Object Repository/Shopify/file_product'

2023-03-07 11:48:42 - [MESSAGE][PASSED] - Object: 'Object Repository/Shopify/span_upload_product_continue' is clicked on

2023-03-07 11:48:45 - [MESSAGE][PASSED] - Object: 'Object Repository/Shopify/btn_product_confirm_import' is clicked on

2023-03-07 11:49:15 - [MESSAGE][PASSED] - Delayed 30 second(s)

2023-03-07 11:49:15 - [MESSAGE][PASSED] - Refresh successfully

2023-03-07 11:49:30 - [MESSAGE][PASSED] - Delayed 15 second(s)

2023-03-07 11:49:30 - [MESSAGE][PASSED] - shopify.store.importProduct is PASSED

2023-03-07 11:49:30 - [TEST_STEP][PASSED] - shopify.store.clickOnMenuOnlineStore(): shopify.store.clickOnMenuOnlineStore is PASSED

2023-03-07 11:49:31 - [MESSAGE][PASSED] - Object: 'Object Repository/Shopify Store/a_onlie_store' is clicked on

2023-03-07 11:49:41 - [MESSAGE][PASSED] - Delayed 10 second(s)

2023-03-07 11:49:41 - [MESSAGE][PASSED] - shopify.store.clickOnMenuOnlineStore is PASSED

2023-03-07 11:49:41 - [TEST_STEP][PASSED] - shopify.store.clickOnImportTheme(): shopify.store.clickOnImportTheme is PASSED

2023-03-07 11:49:51 - [MESSAGE][PASSED] - Delayed 10 second(s)

2023-03-07 11:50:01 - [MESSAGE][PASSED] - Delayed 10 second(s)

2023-03-07 11:50:01 - [MESSAGE][PASSED] - Object: 'Object Repository/Shopify Store/btn_add_theme' is clicked on

2023-03-07 11:50:01 - [MESSAGE][PASSED] - shopify.store.clickOnImportTheme is PASSED

2023-03-07 11:50:01 - [TEST_STEP][PASSED] - shopify.store.innstallThemeShopifyViaUrl(theme_url, store_name): shopify.store.innstallThemeShopifyViaUrl is PASSED

2023-03-07 11:50:04 - [MESSAGE][PASSED] - Navigate to 'https://themes.shopify.com/themes/sense?shop=khanh-ar-stag-1075.myshopify.com' successfully

2023-03-07 11:50:13 - [MESSAGE][PASSED] - Object: 'Object Repository/Shopify/div_user_card_name' is clicked on

2023-03-07 11:50:17 - [MESSAGE][PASSED] - Object: 'Object Repository/Shopify Theme/a_trytheme' is clicked on

2023-03-07 11:50:48 - [MESSAGE][INFO] - Unable to find the element located by 'By.xpath: //*[@class = 'user-card__name']'. Please recheck the objects properties to make sure the desired element is located. 

2023-03-07 11:50:48 - [MESSAGE][WARNING] - [SELF-HEALING] Failed to find element with id 'Object Repository/Shopify/div_user_card_name'. Try using Self-healing.

2023-03-07 11:50:48 - [MESSAGE][WARNING] - [SELF-HEALING] Cannot find elements when the XPath is null.

2023-03-07 11:50:48 - [MESSAGE][WARNING] - [SELF-HEALING] Cannot find elements when the selector is null

2023-03-07 11:50:48 - [MESSAGE][WARNING] - Unable to click on object 'Object Repository/Shopify/div_user_card_name' (Root cause: com.kms.katalon.core.exception.StepFailedException: Unable to click on object 'Object Repository/Shopify/div_user_card_name'
	at com.kms.katalon.core.webui.keyword.internal.WebUIKeywordMain.stepFailed(WebUIKeywordMain.groovy:64)
	at com.kms.katalon.core.webui.keyword.internal.WebUIKeywordMain.runKeyword(WebUIKeywordMain.groovy:26)
	at com.kms.katalon.core.webui.keyword.builtin.ClickKeyword.click(ClickKeyword.groovy:74)
	at com.kms.katalon.core.webui.keyword.builtin.ClickKeyword.execute(ClickKeyword.groovy:40)
	at com.kms.katalon.core.keyword.internal.KeywordExecutor.executeKeywordForPlatform(KeywordExecutor.groovy:74)
	at com.kms.katalon.core.webui.keyword.WebUiBuiltInKeywords.click(WebUiBuiltInKeywords.groovy:608)
	at com.kms.katalon.core.webui.keyword.WebUiBuiltInKeywords$click$10.call(Unknown Source)
	at shopify.store.innstallThemeShopifyViaUrl(store.groovy:121)
	at shopify.store.invokeMethod(store.groovy)
	at com.kms.katalon.core.main.CustomKeywordDelegatingMetaClass.invokeStaticMethod(CustomKeywordDelegatingMetaClass.java:55)
	at CreateStore.run(CreateStore:52)
	at com.kms.katalon.core.main.ScriptEngine.run(ScriptEngine.java:194)
	at com.kms.katalon.core.main.ScriptEngine.runScriptAsRawText(ScriptEngine.java:119)
	at com.kms.katalon.core.main.TestCaseExecutor.runScript(TestCaseExecutor.java:448)
	at com.kms.katalon.core.main.TestCaseExecutor.doExecute(TestCaseExecutor.java:439)
	at com.kms.katalon.core.main.TestCaseExecutor.processExecutionPhase(TestCaseExecutor.java:418)
	at com.kms.katalon.core.main.TestCaseExecutor.accessMainPhase(TestCaseExecutor.java:410)
	at com.kms.katalon.core.main.TestCaseExecutor.execute(TestCaseExecutor.java:285)
	at com.kms.katalon.core.common.CommonExecutor.accessTestCaseMainPhase(CommonExecutor.java:65)
	at com.kms.katalon.core.main.TestSuiteExecutor.accessTestSuiteMainPhase(TestSuiteExecutor.java:151)
	at com.kms.katalon.core.main.TestSuiteExecutor.execute(TestSuiteExecutor.java:106)
	at com.kms.katalon.core.main.TestCaseMain.startTestSuite(TestCaseMain.java:185)
	at com.kms.katalon.core.main.TestCaseMain$startTestSuite$0.call(Unknown Source)
	at TempTestSuite1678162735898.run(TempTestSuite1678162735898.groovy:36)
Caused by: com.kms.katalon.core.webui.exception.WebElementNotFoundException: Web element with id: 'Object Repository/Shopify/div_user_card_name' located by '//*[@class = 'user-card__name']' not found
	at com.kms.katalon.core.webui.common.WebUiCommonHelper.findWebElement(WebUiCommonHelper.java:1370)
	at com.kms.katalon.core.webui.keyword.internal.WebUIAbstractKeyword.findWebElement(WebUIAbstractKeyword.groovy:27)
	at com.kms.katalon.core.webui.keyword.builtin.ClickKeyword$_click_closure1.doCall(ClickKeyword.groovy:65)
	at com.kms.katalon.core.webui.keyword.builtin.ClickKeyword$_click_closure1.call(ClickKeyword.groovy)
	at com.kms.katalon.core.webui.keyword.internal.WebUIKeywordMain.runKeyword(WebUIKeywordMain.groovy:20)
	at com.kms.katalon.core.webui.keyword.builtin.ClickKeyword.click(ClickKeyword.groovy:74)
	at com.kms.katalon.core.webui.keyword.builtin.ClickKeyword.execute(ClickKeyword.groovy:40)
	at com.kms.katalon.core.keyword.internal.KeywordExecutor.executeKeywordForPlatform(KeywordExecutor.groovy:74)
	at com.kms.katalon.core.webui.keyword.WebUiBuiltInKeywords.click(WebUiBuiltInKeywords.groovy:608)
	at com.kms.katalon.core.webui.keyword.WebUiBuiltInKeywords$click$10.call(Unknown Source)
	at shopify.store.innstallThemeShopifyViaUrl(store.groovy:121)
	at shopify.store.invokeMethod(store.groovy)
	at com.kms.katalon.core.main.CustomKeywordDelegatingMetaClass.invokeStaticMethod(CustomKeywordDelegatingMetaClass.java:55)
	at Script1673851860327.run(Script1673851860327.groovy:52)
	... 13 more
)
[[ATTACHMENT|C:\\Users\\huynh\\Documents\\Socialhead\\Automation\\Katalon project\\CreateStore\\CreateStore\\Reports\\20230307_111854\\Store\\Create Store\\20230307_111855\\1678164648161.png]]

2023-03-07 11:50:51 - [MESSAGE][PASSED] - Navigate to 'https://themes.shopify.com/themes/sense?shop=khanh-ar-stag-1075.myshopify.com' successfully

2023-03-07 11:50:53 - [MESSAGE][PASSED] - Object: 'Object Repository/Shopify Theme/a_trytheme' is clicked on

2023-03-07 11:50:53 - [MESSAGE][PASSED] - shopify.store.innstallThemeShopifyViaUrl is PASSED

2023-03-07 11:50:53 - [TEST_STEP][PASSED] - shopify.store.clickPublishTheme(): shopify.store.clickPublishTheme is PASSED

2023-03-07 11:51:23 - [MESSAGE][PASSED] - Delayed 30 second(s)

2023-03-07 11:51:24 - [MESSAGE][PASSED] - Refresh successfully

2023-03-07 11:51:54 - [MESSAGE][PASSED] - Delayed 30 second(s)

2023-03-07 11:51:54 - [MESSAGE][PASSED] - Object 'Object Repository/Shopify Store/btn_publish_theme' is clickable

2023-03-07 11:51:54 - [MESSAGE][PASSED] - Object: 'Object Repository/Shopify Store/btn_publish_theme' is clicked on

2023-03-07 11:51:54 - [MESSAGE][PASSED] - shopify.store.clickPublishTheme is PASSED

2023-03-07 11:51:54 - [TEST_STEP][PASSED] - shopify.store.confirmPublishTheme(): shopify.store.confirmPublishTheme is PASSED

2023-03-07 11:52:04 - [MESSAGE][PASSED] - Delayed 10 second(s)

2023-03-07 11:52:05 - [MESSAGE][PASSED] - Object: 'Object Repository/Shopify Store/btn_confirm_publish_theme' is clicked on

2023-03-07 11:52:05 - [MESSAGE][PASSED] - shopify.store.confirmPublishTheme is PASSED

2023-03-07 11:52:05 - [TEST_STEP][PASSED] - shopify.store_setting.changeStoreCurrency(currency, store_name): shopify.store_setting.changeStoreCurrency is PASSED

2023-03-07 11:52:15 - [MESSAGE][PASSED] - Delayed 10 second(s)

2023-03-07 11:52:16 - [MESSAGE][PASSED] - Navigate to 'http://khanh-ar-stag-1075.myshopify.com/admin/settings/general' successfully

2023-03-07 11:52:23 - [MESSAGE][PASSED] - All options with value 'USD' are selected in object 'Object Repository/Shopify Store/select_currency' 

2023-03-07 11:52:23 - [MESSAGE][PASSED] - shopify.store_setting.changeStoreCurrency is PASSED

2023-03-07 11:52:23 - [TEST_STEP][PASSED] - shopify.store_setting.saveStoreSetting(): shopify.store_setting.saveStoreSetting is PASSED

2023-03-07 11:52:23 - [MESSAGE][PASSED] - Object: 'Object Repository/Shopify Store/span_save_admin_setting' is clicked on

2023-03-07 11:52:23 - [MESSAGE][PASSED] - shopify.store_setting.saveStoreSetting is PASSED

2023-03-07 11:52:23 - [TEST_STEP][PASSED] - shopify.store_setting.changeStorePassword(store_name, "1"): shopify.store_setting.changeStorePassword is PASSED

2023-03-07 11:52:33 - [MESSAGE][PASSED] - Delayed 10 second(s)

2023-03-07 11:52:34 - [MESSAGE][PASSED] - Navigate to 'http://khanh-ar-stag-1075.myshopify.com/admin/online_store/preferences?tutorial=unlock' successfully

2023-03-07 11:52:41 - [MESSAGE][PASSED] - Web element with id: 'Object Repository/Shopify Store/div_loading_bar' located by 'By.xpath: //*[@id = 'AppFrameLoadingBar']' is not present after '50' second(s)

2023-03-07 11:52:42 - [MESSAGE][PASSED] - Keys '1' sent to object: 'Object Repository/Shopify Store/input_storefront_password'

2023-03-07 11:52:42 - [MESSAGE][PASSED] - Keys 'ENTER + ' sent to object: 'Object Repository/Shopify Store/input_storefront_password'

2023-03-07 11:52:42 - [MESSAGE][PASSED] - shopify.store_setting.changeStorePassword is PASSED

2023-03-07 11:52:42 - [TEST_STEP][PASSED] - Start tear down : teardownIfPassed: Method 'teardownIfPassed' complete successfully

2023-03-07 11:52:42 - [TEST_STEP][PASSED] - data.excel.updateValueToSheet(file_data, "store", 4, store_name, 7, "Passed"): data.excel.updateValueToSheet is PASSED

2023-03-07 11:52:42 - [MESSAGE][PASSED] - data.excel.updateValueToSheet is PASSED

2023-03-07 11:52:42 - [MESSAGE][PASSED] - Method 'teardownIfPassed' complete successfully]]></system-out>
         <system-err><![CDATA[]]></system-err>
      </testcase>
      <testcase name="Test Cases/Shopify/CreateStore" time="271.734" classname="Test Cases/Shopify/CreateStore" status="PASSED">
         <system-out><![CDATA[2023-03-07 11:52:42 - [TEST_CASE][PASSED] - Test Cases/Shopify/CreateStore: Test Cases/Shopify/CreateStore

2023-03-07 11:52:42 - [TEST_STEP][PASSED] - Start listener action : skipStatus: null

2023-03-07 11:52:42 - [TEST_STEP][PASSED] - map = testCaseContext.getTestCaseVariables(): null

2023-03-07 11:52:42 - [TEST_STEP][PASSED] - testcae_status = map.get("testcase_status"): null

2023-03-07 11:52:42 - [TEST_STEP][PASSED] - println(testcae_status): null

2023-03-07 11:52:42 - [TEST_STEP][PASSED] - if (testcae_status == "Passed" || testcae_status == "Failed"): null

2023-03-07 11:52:42 - [TEST_STEP][PASSED] - log = new com.kms.katalon.core.util.KeywordUtil(): null

2023-03-07 11:52:42 - [TEST_STEP][PASSED] - openBrowser(""): Browser is opened with url: ''

2023-03-07 11:52:42 - [MESSAGE][WARNING] - A browser is already opened. Closing browser and opening a new one

2023-03-07 11:52:43 - [MESSAGE][INFO] - Starting 'Chrome' driver

2023-03-07 11:52:43 - [MESSAGE][INFO] - Action delay is set to 0 milliseconds

2023-03-07 11:52:44 - [MESSAGE][PASSED] - Browser is opened with url: ''

2023-03-07 11:52:44 - [TEST_STEP][PASSED] - maximizeWindow(): Current window maximized

2023-03-07 11:52:44 - [MESSAGE][PASSED] - Current window maximized

2023-03-07 11:52:44 - [TEST_STEP][PASSED] - shopify.store.loginShopifyPartner(partner_email, partner_password, partner_id): shopify.store.loginShopifyPartner is PASSED

2023-03-07 11:52:47 - [MESSAGE][PASSED] - Navigate to 'https://partners.shopify.com/1662018/stores/new' successfully

2023-03-07 11:52:48 - [MESSAGE][PASSED] - Text 'huynh@firegroup.io' is set on object 'Object Repository/Shopify/input_email_shopify'

2023-03-07 11:52:51 - [MESSAGE][PASSED] - Object: 'Object Repository/Shopify/btn_continue_with_email' is clicked on

2023-03-07 11:52:53 - [MESSAGE][PASSED] - Text ****** has been set on object 'Object Repository/Shopify/input_password_shopify'

2023-03-07 11:52:59 - [MESSAGE][PASSED] - Object: 'Object Repository/Shopify/btn_login' is clicked on

2023-03-07 11:52:59 - [MESSAGE][PASSED] - shopify.store.loginShopifyPartner is PASSED

2023-03-07 11:52:59 - [TEST_STEP][PASSED] - shopify.store.navigateToStoreDevelop(partner_id): shopify.store.navigateToStoreDevelop is PASSED

2023-03-07 11:52:59 - [MESSAGE][PASSED] - Navigate to 'https://partners.shopify.com/1662018/stores/new?store_type=dev_preview_store&developer_preview_handle=checkout_extensibility' successfully

2023-03-07 11:52:59 - [MESSAGE][PASSED] - shopify.store.navigateToStoreDevelop is PASSED

2023-03-07 11:52:59 - [TEST_STEP][PASSED] - shopify.store.inputStoreName(store_name): shopify.store.inputStoreName is PASSED

2023-03-07 11:53:01 - [MESSAGE][PASSED] - Text 'khanh-ar-stag-1076' is set on object 'Object Repository/Shopify/input_store_name'

2023-03-07 11:53:06 - [MESSAGE][PASSED] - Delayed 5 second(s)

2023-03-07 11:53:06 - [MESSAGE][PASSED] - shopify.store.inputStoreName is PASSED

2023-03-07 11:53:06 - [TEST_STEP][PASSED] - shopify.store.clickCreateStore(): shopify.store.clickCreateStore is PASSED

2023-03-07 11:53:06 - [MESSAGE][PASSED] - Object: 'Object Repository/Shopify/btn_create_store' is clicked on

2023-03-07 11:53:06 - [MESSAGE][PASSED] - Wait for page load successfully

2023-03-07 11:53:06 - [MESSAGE][PASSED] - shopify.store.clickCreateStore is PASSED

2023-03-07 11:53:06 - [TEST_STEP][PASSED] - shopify.store.importProduct(product_file_local): shopify.store.importProduct is PASSED

2023-03-07 11:53:36 - [MESSAGE][PASSED] - Object: 'Object Repository/Shopify/span_product' is clicked on

2023-03-07 11:53:38 - [MESSAGE][PASSED] - Object: 'Object Repository/Shopify/span_import_product' is clicked on

2023-03-07 11:53:38 - [MESSAGE][PASSED] - File 'C:\Users\huynh\Documents\Socialhead\Automation\Katalon project\CreateStore\CreateStore\Data\products_export.csv' sent to object: 'Object Repository/Shopify/file_product'

2023-03-07 11:53:39 - [MESSAGE][PASSED] - Object: 'Object Repository/Shopify/span_upload_product_continue' is clicked on

2023-03-07 11:53:42 - [MESSAGE][PASSED] - Object: 'Object Repository/Shopify/btn_product_confirm_import' is clicked on

2023-03-07 11:54:12 - [MESSAGE][PASSED] - Delayed 30 second(s)

2023-03-07 11:54:13 - [MESSAGE][PASSED] - Refresh successfully

2023-03-07 11:54:28 - [MESSAGE][PASSED] - Delayed 15 second(s)

2023-03-07 11:54:28 - [MESSAGE][PASSED] - shopify.store.importProduct is PASSED

2023-03-07 11:54:28 - [TEST_STEP][PASSED] - shopify.store.clickOnMenuOnlineStore(): shopify.store.clickOnMenuOnlineStore is PASSED

2023-03-07 11:54:28 - [MESSAGE][PASSED] - Object: 'Object Repository/Shopify Store/a_onlie_store' is clicked on

2023-03-07 11:54:38 - [MESSAGE][PASSED] - Delayed 10 second(s)

2023-03-07 11:54:38 - [MESSAGE][PASSED] - shopify.store.clickOnMenuOnlineStore is PASSED

2023-03-07 11:54:38 - [TEST_STEP][PASSED] - shopify.store.clickOnImportTheme(): shopify.store.clickOnImportTheme is PASSED

2023-03-07 11:54:48 - [MESSAGE][PASSED] - Delayed 10 second(s)

2023-03-07 11:54:58 - [MESSAGE][PASSED] - Delayed 10 second(s)

2023-03-07 11:54:59 - [MESSAGE][PASSED] - Object: 'Object Repository/Shopify Store/btn_add_theme' is clicked on

2023-03-07 11:54:59 - [MESSAGE][PASSED] - shopify.store.clickOnImportTheme is PASSED

2023-03-07 11:54:59 - [TEST_STEP][PASSED] - shopify.store.innstallThemeShopifyViaUrl(theme_url, store_name): shopify.store.innstallThemeShopifyViaUrl is PASSED

2023-03-07 11:55:01 - [MESSAGE][PASSED] - Navigate to 'https://themes.shopify.com/themes/sense?shop=khanh-ar-stag-1076.myshopify.com' successfully

2023-03-07 11:55:08 - [MESSAGE][PASSED] - Object: 'Object Repository/Shopify/div_user_card_name' is clicked on

2023-03-07 11:55:11 - [MESSAGE][PASSED] - Object: 'Object Repository/Shopify Theme/a_trytheme' is clicked on

2023-03-07 11:55:19 - [MESSAGE][PASSED] - Object: 'Object Repository/Shopify/div_user_card_name' is clicked on

2023-03-07 11:55:22 - [MESSAGE][PASSED] - Navigate to 'https://themes.shopify.com/themes/sense?shop=khanh-ar-stag-1076.myshopify.com' successfully

2023-03-07 11:55:25 - [MESSAGE][PASSED] - Object: 'Object Repository/Shopify Theme/a_trytheme' is clicked on

2023-03-07 11:55:25 - [MESSAGE][PASSED] - shopify.store.innstallThemeShopifyViaUrl is PASSED

2023-03-07 11:55:25 - [TEST_STEP][PASSED] - shopify.store.clickPublishTheme(): shopify.store.clickPublishTheme is PASSED

2023-03-07 11:55:55 - [MESSAGE][PASSED] - Delayed 30 second(s)

2023-03-07 11:55:55 - [MESSAGE][PASSED] - Refresh successfully

2023-03-07 11:56:25 - [MESSAGE][PASSED] - Delayed 30 second(s)

2023-03-07 11:56:26 - [MESSAGE][PASSED] - Object 'Object Repository/Shopify Store/btn_publish_theme' is clickable

2023-03-07 11:56:26 - [MESSAGE][PASSED] - Object: 'Object Repository/Shopify Store/btn_publish_theme' is clicked on

2023-03-07 11:56:26 - [MESSAGE][PASSED] - shopify.store.clickPublishTheme is PASSED

2023-03-07 11:56:26 - [TEST_STEP][PASSED] - shopify.store.confirmPublishTheme(): shopify.store.confirmPublishTheme is PASSED

2023-03-07 11:56:36 - [MESSAGE][PASSED] - Delayed 10 second(s)

2023-03-07 11:56:36 - [MESSAGE][PASSED] - Object: 'Object Repository/Shopify Store/btn_confirm_publish_theme' is clicked on

2023-03-07 11:56:36 - [MESSAGE][PASSED] - shopify.store.confirmPublishTheme is PASSED

2023-03-07 11:56:36 - [TEST_STEP][PASSED] - shopify.store_setting.changeStoreCurrency(currency, store_name): shopify.store_setting.changeStoreCurrency is PASSED

2023-03-07 11:56:46 - [MESSAGE][PASSED] - Delayed 10 second(s)

2023-03-07 11:56:47 - [MESSAGE][PASSED] - Navigate to 'http://khanh-ar-stag-1076.myshopify.com/admin/settings/general' successfully

2023-03-07 11:56:54 - [MESSAGE][PASSED] - All options with value 'USD' are selected in object 'Object Repository/Shopify Store/select_currency' 

2023-03-07 11:56:54 - [MESSAGE][PASSED] - shopify.store_setting.changeStoreCurrency is PASSED

2023-03-07 11:56:54 - [TEST_STEP][PASSED] - shopify.store_setting.saveStoreSetting(): shopify.store_setting.saveStoreSetting is PASSED

2023-03-07 11:56:54 - [MESSAGE][PASSED] - Object: 'Object Repository/Shopify Store/span_save_admin_setting' is clicked on

2023-03-07 11:56:54 - [MESSAGE][PASSED] - shopify.store_setting.saveStoreSetting is PASSED

2023-03-07 11:56:54 - [TEST_STEP][PASSED] - shopify.store_setting.changeStorePassword(store_name, "1"): shopify.store_setting.changeStorePassword is PASSED

2023-03-07 11:57:04 - [MESSAGE][PASSED] - Delayed 10 second(s)

2023-03-07 11:57:06 - [MESSAGE][PASSED] - Navigate to 'http://khanh-ar-stag-1076.myshopify.com/admin/online_store/preferences?tutorial=unlock' successfully

2023-03-07 11:57:13 - [MESSAGE][PASSED] - Web element with id: 'Object Repository/Shopify Store/div_loading_bar' located by 'By.xpath: //*[@id = 'AppFrameLoadingBar']' is not present after '50' second(s)

2023-03-07 11:57:14 - [MESSAGE][PASSED] - Keys '1' sent to object: 'Object Repository/Shopify Store/input_storefront_password'

2023-03-07 11:57:14 - [MESSAGE][PASSED] - Keys 'ENTER + ' sent to object: 'Object Repository/Shopify Store/input_storefront_password'

2023-03-07 11:57:14 - [MESSAGE][PASSED] - shopify.store_setting.changeStorePassword is PASSED

2023-03-07 11:57:14 - [TEST_STEP][PASSED] - Start tear down : teardownIfPassed: Method 'teardownIfPassed' complete successfully

2023-03-07 11:57:14 - [TEST_STEP][PASSED] - data.excel.updateValueToSheet(file_data, "store", 4, store_name, 7, "Passed"): data.excel.updateValueToSheet is PASSED

2023-03-07 11:57:14 - [MESSAGE][PASSED] - data.excel.updateValueToSheet is PASSED

2023-03-07 11:57:14 - [MESSAGE][PASSED] - Method 'teardownIfPassed' complete successfully]]></system-out>
         <system-err><![CDATA[]]></system-err>
      </testcase>
      <testcase name="Test Cases/Shopify/CreateStore" time="194.957" classname="Test Cases/Shopify/CreateStore" status="FAILED">
         <failure type="FAILED" message="Test Cases/Shopify/CreateStore FAILED.
Reason:
com.kms.katalon.core.exception.StepFailedException: Unable to click on object 'Object Repository/Shopify Theme/a_trytheme'
	at com.kms.katalon.core.webui.keyword.internal.WebUIKeywordMain.stepFailed(WebUIKeywordMain.groovy:64)
	at com.kms.katalon.core.webui.keyword.internal.WebUIKeywordMain.runKeyword(WebUIKeywordMain.groovy:26)
	at com.kms.katalon.core.webui.keyword.builtin.ClickKeyword.click(ClickKeyword.groovy:74)
	at com.kms.katalon.core.webui.keyword.builtin.ClickKeyword.execute(ClickKeyword.groovy:40)
	at com.kms.katalon.core.keyword.internal.KeywordExecutor.executeKeywordForPlatform(KeywordExecutor.groovy:74)
	at com.kms.katalon.core.webui.keyword.WebUiBuiltInKeywords.click(WebUiBuiltInKeywords.groovy:620)
	at com.kms.katalon.core.webui.keyword.WebUiBuiltInKeywords$click$3.call(Unknown Source)
	at shopify.store.innstallThemeShopifyViaUrl(store.groovy:123)
	at shopify.store.invokeMethod(store.groovy)
	at com.kms.katalon.core.main.CustomKeywordDelegatingMetaClass.invokeStaticMethod(CustomKeywordDelegatingMetaClass.java:55)
	at CreateStore.run(CreateStore:52)
	at com.kms.katalon.core.main.ScriptEngine.run(ScriptEngine.java:194)
	at com.kms.katalon.core.main.ScriptEngine.runScriptAsRawText(ScriptEngine.java:119)
	at com.kms.katalon.core.main.TestCaseExecutor.runScript(TestCaseExecutor.java:448)
	at com.kms.katalon.core.main.TestCaseExecutor.doExecute(TestCaseExecutor.java:439)
	at com.kms.katalon.core.main.TestCaseExecutor.processExecutionPhase(TestCaseExecutor.java:418)
	at com.kms.katalon.core.main.TestCaseExecutor.accessMainPhase(TestCaseExecutor.java:410)
	at com.kms.katalon.core.main.TestCaseExecutor.execute(TestCaseExecutor.java:285)
	at com.kms.katalon.core.common.CommonExecutor.accessTestCaseMainPhase(CommonExecutor.java:65)
	at com.kms.katalon.core.main.TestSuiteExecutor.accessTestSuiteMainPhase(TestSuiteExecutor.java:151)
	at com.kms.katalon.core.main.TestSuiteExecutor.execute(TestSuiteExecutor.java:106)
	at com.kms.katalon.core.main.TestCaseMain.startTestSuite(TestCaseMain.java:185)
	at com.kms.katalon.core.main.TestCaseMain$startTestSuite$0.call(Unknown Source)
	at TempTestSuite1678162735898.run(TempTestSuite1678162735898.groovy:36)
Caused by: com.kms.katalon.core.webui.exception.WebElementNotFoundException: Web element with id: 'Object Repository/Shopify Theme/a_trytheme' located by '//*[@id = 'AddTheme']' not found
	at com.kms.katalon.core.webui.common.WebUiCommonHelper.findWebElement(WebUiCommonHelper.java:1370)
	at com.kms.katalon.core.webui.keyword.internal.WebUIAbstractKeyword.findWebElement(WebUIAbstractKeyword.groovy:27)
	at com.kms.katalon.core.webui.keyword.builtin.ClickKeyword$_click_closure1.doCall(ClickKeyword.groovy:65)
	at com.kms.katalon.core.webui.keyword.builtin.ClickKeyword$_click_closure1.call(ClickKeyword.groovy)
	at com.kms.katalon.core.webui.keyword.internal.WebUIKeywordMain.runKeyword(WebUIKeywordMain.groovy:20)
	... 22 more
"/>
         <system-out><![CDATA[2023-03-07 11:57:14 - [TEST_CASE][FAILED] - Test Cases/Shopify/CreateStore: Test Cases/Shopify/CreateStore FAILED.
Reason:
com.kms.katalon.core.exception.StepFailedException: Unable to click on object 'Object Repository/Shopify Theme/a_trytheme'
	at com.kms.katalon.core.webui.keyword.internal.WebUIKeywordMain.stepFailed(WebUIKeywordMain.groovy:64)
	at com.kms.katalon.core.webui.keyword.internal.WebUIKeywordMain.runKeyword(WebUIKeywordMain.groovy:26)
	at com.kms.katalon.core.webui.keyword.builtin.ClickKeyword.click(ClickKeyword.groovy:74)
	at com.kms.katalon.core.webui.keyword.builtin.ClickKeyword.execute(ClickKeyword.groovy:40)
	at com.kms.katalon.core.keyword.internal.KeywordExecutor.executeKeywordForPlatform(KeywordExecutor.groovy:74)
	at com.kms.katalon.core.webui.keyword.WebUiBuiltInKeywords.click(WebUiBuiltInKeywords.groovy:620)
	at com.kms.katalon.core.webui.keyword.WebUiBuiltInKeywords$click$3.call(Unknown Source)
	at shopify.store.innstallThemeShopifyViaUrl(store.groovy:123)
	at shopify.store.invokeMethod(store.groovy)
	at com.kms.katalon.core.main.CustomKeywordDelegatingMetaClass.invokeStaticMethod(CustomKeywordDelegatingMetaClass.java:55)
	at CreateStore.run(CreateStore:52)
	at com.kms.katalon.core.main.ScriptEngine.run(ScriptEngine.java:194)
	at com.kms.katalon.core.main.ScriptEngine.runScriptAsRawText(ScriptEngine.java:119)
	at com.kms.katalon.core.main.TestCaseExecutor.runScript(TestCaseExecutor.java:448)
	at com.kms.katalon.core.main.TestCaseExecutor.doExecute(TestCaseExecutor.java:439)
	at com.kms.katalon.core.main.TestCaseExecutor.processExecutionPhase(TestCaseExecutor.java:418)
	at com.kms.katalon.core.main.TestCaseExecutor.accessMainPhase(TestCaseExecutor.java:410)
	at com.kms.katalon.core.main.TestCaseExecutor.execute(TestCaseExecutor.java:285)
	at com.kms.katalon.core.common.CommonExecutor.accessTestCaseMainPhase(CommonExecutor.java:65)
	at com.kms.katalon.core.main.TestSuiteExecutor.accessTestSuiteMainPhase(TestSuiteExecutor.java:151)
	at com.kms.katalon.core.main.TestSuiteExecutor.execute(TestSuiteExecutor.java:106)
	at com.kms.katalon.core.main.TestCaseMain.startTestSuite(TestCaseMain.java:185)
	at com.kms.katalon.core.main.TestCaseMain$startTestSuite$0.call(Unknown Source)
	at TempTestSuite1678162735898.run(TempTestSuite1678162735898.groovy:36)
Caused by: com.kms.katalon.core.webui.exception.WebElementNotFoundException: Web element with id: 'Object Repository/Shopify Theme/a_trytheme' located by '//*[@id = 'AddTheme']' not found
	at com.kms.katalon.core.webui.common.WebUiCommonHelper.findWebElement(WebUiCommonHelper.java:1370)
	at com.kms.katalon.core.webui.keyword.internal.WebUIAbstractKeyword.findWebElement(WebUIAbstractKeyword.groovy:27)
	at com.kms.katalon.core.webui.keyword.builtin.ClickKeyword$_click_closure1.doCall(ClickKeyword.groovy:65)
	at com.kms.katalon.core.webui.keyword.builtin.ClickKeyword$_click_closure1.call(ClickKeyword.groovy)
	at com.kms.katalon.core.webui.keyword.internal.WebUIKeywordMain.runKeyword(WebUIKeywordMain.groovy:20)
	... 22 more


2023-03-07 11:57:14 - [TEST_STEP][PASSED] - Start listener action : skipStatus: null

2023-03-07 11:57:14 - [TEST_STEP][PASSED] - map = testCaseContext.getTestCaseVariables(): null

2023-03-07 11:57:14 - [TEST_STEP][PASSED] - testcae_status = map.get("testcase_status"): null

2023-03-07 11:57:14 - [TEST_STEP][PASSED] - println(testcae_status): null

2023-03-07 11:57:14 - [TEST_STEP][PASSED] - if (testcae_status == "Passed" || testcae_status == "Failed"): null

2023-03-07 11:57:14 - [TEST_STEP][PASSED] - log = new com.kms.katalon.core.util.KeywordUtil(): null

2023-03-07 11:57:14 - [TEST_STEP][PASSED] - openBrowser(""): Browser is opened with url: ''

2023-03-07 11:57:14 - [MESSAGE][WARNING] - A browser is already opened. Closing browser and opening a new one

2023-03-07 11:57:14 - [MESSAGE][INFO] - Starting 'Chrome' driver

2023-03-07 11:57:14 - [MESSAGE][INFO] - Action delay is set to 0 milliseconds

2023-03-07 11:57:16 - [MESSAGE][PASSED] - Browser is opened with url: ''

2023-03-07 11:57:16 - [TEST_STEP][PASSED] - maximizeWindow(): Current window maximized

2023-03-07 11:57:16 - [MESSAGE][PASSED] - Current window maximized

2023-03-07 11:57:16 - [TEST_STEP][PASSED] - shopify.store.loginShopifyPartner(partner_email, partner_password, partner_id): shopify.store.loginShopifyPartner is PASSED

2023-03-07 11:57:22 - [MESSAGE][PASSED] - Navigate to 'https://partners.shopify.com/1662018/stores/new' successfully

2023-03-07 11:57:23 - [MESSAGE][PASSED] - Text 'huynh@firegroup.io' is set on object 'Object Repository/Shopify/input_email_shopify'

2023-03-07 11:57:28 - [MESSAGE][PASSED] - Object: 'Object Repository/Shopify/btn_continue_with_email' is clicked on

2023-03-07 11:57:30 - [MESSAGE][PASSED] - Text ****** has been set on object 'Object Repository/Shopify/input_password_shopify'

2023-03-07 11:57:35 - [MESSAGE][PASSED] - Object: 'Object Repository/Shopify/btn_login' is clicked on

2023-03-07 11:57:35 - [MESSAGE][PASSED] - shopify.store.loginShopifyPartner is PASSED

2023-03-07 11:57:35 - [TEST_STEP][PASSED] - shopify.store.navigateToStoreDevelop(partner_id): shopify.store.navigateToStoreDevelop is PASSED

2023-03-07 11:57:36 - [MESSAGE][PASSED] - Navigate to 'https://partners.shopify.com/1662018/stores/new?store_type=dev_preview_store&developer_preview_handle=checkout_extensibility' successfully

2023-03-07 11:57:36 - [MESSAGE][PASSED] - shopify.store.navigateToStoreDevelop is PASSED

2023-03-07 11:57:36 - [TEST_STEP][PASSED] - shopify.store.inputStoreName(store_name): shopify.store.inputStoreName is PASSED

2023-03-07 11:57:38 - [MESSAGE][PASSED] - Text 'khanh-ar-stag-1077' is set on object 'Object Repository/Shopify/input_store_name'

2023-03-07 11:57:43 - [MESSAGE][PASSED] - Delayed 5 second(s)

2023-03-07 11:57:43 - [MESSAGE][PASSED] - shopify.store.inputStoreName is PASSED

2023-03-07 11:57:43 - [TEST_STEP][PASSED] - shopify.store.clickCreateStore(): shopify.store.clickCreateStore is PASSED

2023-03-07 11:57:43 - [MESSAGE][PASSED] - Object: 'Object Repository/Shopify/btn_create_store' is clicked on

2023-03-07 11:57:43 - [MESSAGE][PASSED] - Wait for page load successfully

2023-03-07 11:57:43 - [MESSAGE][PASSED] - shopify.store.clickCreateStore is PASSED

2023-03-07 11:57:43 - [TEST_STEP][PASSED] - shopify.store.importProduct(product_file_local): shopify.store.importProduct is PASSED

2023-03-07 11:58:14 - [MESSAGE][PASSED] - Object: 'Object Repository/Shopify/span_product' is clicked on

2023-03-07 11:58:16 - [MESSAGE][PASSED] - Object: 'Object Repository/Shopify/span_import_product' is clicked on

2023-03-07 11:58:16 - [MESSAGE][PASSED] - File 'C:\Users\huynh\Documents\Socialhead\Automation\Katalon project\CreateStore\CreateStore\Data\products_export.csv' sent to object: 'Object Repository/Shopify/file_product'

2023-03-07 11:58:17 - [MESSAGE][PASSED] - Object: 'Object Repository/Shopify/span_upload_product_continue' is clicked on

2023-03-07 11:58:21 - [MESSAGE][PASSED] - Object: 'Object Repository/Shopify/btn_product_confirm_import' is clicked on

2023-03-07 11:58:51 - [MESSAGE][PASSED] - Delayed 30 second(s)

2023-03-07 11:58:52 - [MESSAGE][PASSED] - Refresh successfully

2023-03-07 11:59:07 - [MESSAGE][PASSED] - Delayed 15 second(s)

2023-03-07 11:59:07 - [MESSAGE][PASSED] - shopify.store.importProduct is PASSED

2023-03-07 11:59:07 - [TEST_STEP][PASSED] - shopify.store.clickOnMenuOnlineStore(): shopify.store.clickOnMenuOnlineStore is PASSED

2023-03-07 11:59:07 - [MESSAGE][PASSED] - Object: 'Object Repository/Shopify Store/a_onlie_store' is clicked on

2023-03-07 11:59:17 - [MESSAGE][PASSED] - Delayed 10 second(s)

2023-03-07 11:59:17 - [MESSAGE][PASSED] - shopify.store.clickOnMenuOnlineStore is PASSED

2023-03-07 11:59:17 - [TEST_STEP][PASSED] - shopify.store.clickOnImportTheme(): shopify.store.clickOnImportTheme is PASSED

2023-03-07 11:59:27 - [MESSAGE][PASSED] - Delayed 10 second(s)

2023-03-07 11:59:37 - [MESSAGE][PASSED] - Delayed 10 second(s)

2023-03-07 11:59:38 - [MESSAGE][PASSED] - Object: 'Object Repository/Shopify Store/btn_add_theme' is clicked on

2023-03-07 11:59:38 - [MESSAGE][PASSED] - shopify.store.clickOnImportTheme is PASSED

2023-03-07 11:59:38 - [TEST_STEP][FAILED] - shopify.store.innstallThemeShopifyViaUrl(theme_url, store_name): Unable to click on object 'Object Repository/Shopify Theme/a_trytheme'

2023-03-07 11:59:41 - [MESSAGE][PASSED] - Navigate to 'https://themes.shopify.com/themes/sense?shop=khanh-ar-stag-1077.myshopify.com' successfully

2023-03-07 11:59:48 - [MESSAGE][PASSED] - Object: 'Object Repository/Shopify/div_user_card_name' is clicked on

2023-03-07 11:59:50 - [MESSAGE][PASSED] - Object: 'Object Repository/Shopify Theme/a_trytheme' is clicked on

2023-03-07 11:59:55 - [MESSAGE][PASSED] - Object: 'Object Repository/Shopify/div_user_card_name' is clicked on

2023-03-07 11:59:57 - [MESSAGE][PASSED] - Navigate to 'https://themes.shopify.com/themes/sense?shop=khanh-ar-stag-1077.myshopify.com' successfully

2023-03-07 12:00:29 - [MESSAGE][INFO] - Unable to find the element located by 'By.xpath: //*[@id = 'AddTheme']'. Please recheck the objects properties to make sure the desired element is located. 

2023-03-07 12:00:29 - [MESSAGE][WARNING] - [SELF-HEALING] Failed to find element with id 'Object Repository/Shopify Theme/a_trytheme'. Try using Self-healing.

2023-03-07 12:00:29 - [MESSAGE][WARNING] - [SELF-HEALING] Cannot find elements when the XPath is null.

2023-03-07 12:00:29 - [MESSAGE][WARNING] - [SELF-HEALING] Cannot find elements when the selector is null

2023-03-07 12:00:29 - [MESSAGE][FAILED] - Unable to click on object 'Object Repository/Shopify Theme/a_trytheme' (Root cause: com.kms.katalon.core.exception.StepFailedException: Unable to click on object 'Object Repository/Shopify Theme/a_trytheme'
	at com.kms.katalon.core.webui.keyword.internal.WebUIKeywordMain.stepFailed(WebUIKeywordMain.groovy:64)
	at com.kms.katalon.core.webui.keyword.internal.WebUIKeywordMain.runKeyword(WebUIKeywordMain.groovy:26)
	at com.kms.katalon.core.webui.keyword.builtin.ClickKeyword.click(ClickKeyword.groovy:74)
	at com.kms.katalon.core.webui.keyword.builtin.ClickKeyword.execute(ClickKeyword.groovy:40)
	at com.kms.katalon.core.keyword.internal.KeywordExecutor.executeKeywordForPlatform(KeywordExecutor.groovy:74)
	at com.kms.katalon.core.webui.keyword.WebUiBuiltInKeywords.click(WebUiBuiltInKeywords.groovy:620)
	at com.kms.katalon.core.webui.keyword.WebUiBuiltInKeywords$click$3.call(Unknown Source)
	at shopify.store.innstallThemeShopifyViaUrl(store.groovy:123)
	at shopify.store.invokeMethod(store.groovy)
	at com.kms.katalon.core.main.CustomKeywordDelegatingMetaClass.invokeStaticMethod(CustomKeywordDelegatingMetaClass.java:55)
	at CreateStore.run(CreateStore:52)
	at com.kms.katalon.core.main.ScriptEngine.run(ScriptEngine.java:194)
	at com.kms.katalon.core.main.ScriptEngine.runScriptAsRawText(ScriptEngine.java:119)
	at com.kms.katalon.core.main.TestCaseExecutor.runScript(TestCaseExecutor.java:448)
	at com.kms.katalon.core.main.TestCaseExecutor.doExecute(TestCaseExecutor.java:439)
	at com.kms.katalon.core.main.TestCaseExecutor.processExecutionPhase(TestCaseExecutor.java:418)
	at com.kms.katalon.core.main.TestCaseExecutor.accessMainPhase(TestCaseExecutor.java:410)
	at com.kms.katalon.core.main.TestCaseExecutor.execute(TestCaseExecutor.java:285)
	at com.kms.katalon.core.common.CommonExecutor.accessTestCaseMainPhase(CommonExecutor.java:65)
	at com.kms.katalon.core.main.TestSuiteExecutor.accessTestSuiteMainPhase(TestSuiteExecutor.java:151)
	at com.kms.katalon.core.main.TestSuiteExecutor.execute(TestSuiteExecutor.java:106)
	at com.kms.katalon.core.main.TestCaseMain.startTestSuite(TestCaseMain.java:185)
	at com.kms.katalon.core.main.TestCaseMain$startTestSuite$0.call(Unknown Source)
	at TempTestSuite1678162735898.run(TempTestSuite1678162735898.groovy:36)
Caused by: com.kms.katalon.core.webui.exception.WebElementNotFoundException: Web element with id: 'Object Repository/Shopify Theme/a_trytheme' located by '//*[@id = 'AddTheme']' not found
	at com.kms.katalon.core.webui.common.WebUiCommonHelper.findWebElement(WebUiCommonHelper.java:1370)
	at com.kms.katalon.core.webui.keyword.internal.WebUIAbstractKeyword.findWebElement(WebUIAbstractKeyword.groovy:27)
	at com.kms.katalon.core.webui.keyword.builtin.ClickKeyword$_click_closure1.doCall(ClickKeyword.groovy:65)
	at com.kms.katalon.core.webui.keyword.builtin.ClickKeyword$_click_closure1.call(ClickKeyword.groovy)
	at com.kms.katalon.core.webui.keyword.internal.WebUIKeywordMain.runKeyword(WebUIKeywordMain.groovy:20)
	at com.kms.katalon.core.webui.keyword.builtin.ClickKeyword.click(ClickKeyword.groovy:74)
	at com.kms.katalon.core.webui.keyword.builtin.ClickKeyword.execute(ClickKeyword.groovy:40)
	at com.kms.katalon.core.keyword.internal.KeywordExecutor.executeKeywordForPlatform(KeywordExecutor.groovy:74)
	at com.kms.katalon.core.webui.keyword.WebUiBuiltInKeywords.click(WebUiBuiltInKeywords.groovy:620)
	at com.kms.katalon.core.webui.keyword.WebUiBuiltInKeywords$click$3.call(Unknown Source)
	at shopify.store.innstallThemeShopifyViaUrl(store.groovy:123)
	at shopify.store.invokeMethod(store.groovy)
	at com.kms.katalon.core.main.CustomKeywordDelegatingMetaClass.invokeStaticMethod(CustomKeywordDelegatingMetaClass.java:55)
	at Script1673851860327.run(Script1673851860327.groovy:52)
	... 13 more
)
[[ATTACHMENT|C:\\Users\\huynh\\Documents\\Socialhead\\Automation\\Katalon project\\CreateStore\\CreateStore\\Reports\\20230307_111854\\Store\\Create Store\\20230307_111855\\1678165229005.png]]

2023-03-07 12:00:29 - [MESSAGE][FAILED] - Unable to click on object 'Object Repository/Shopify Theme/a_trytheme'

2023-03-07 12:00:29 - [TEST_STEP][PASSED] - Start tear down : teardownIfFailed: Method 'teardownIfFailed' complete successfully

2023-03-07 12:00:29 - [TEST_STEP][PASSED] - data.excel.updateValueToSheet(file_data, "store", 4, store_name, 7, "Failed"): data.excel.updateValueToSheet is PASSED

2023-03-07 12:00:29 - [MESSAGE][PASSED] - data.excel.updateValueToSheet is PASSED

2023-03-07 12:00:29 - [MESSAGE][PASSED] - Method 'teardownIfFailed' complete successfully]]></system-out>
         <system-err><![CDATA[2023-03-07 11:57:14 - [TEST_CASE][FAILED] - Test Cases/Shopify/CreateStore: Test Cases/Shopify/CreateStore FAILED.
Reason:
com.kms.katalon.core.exception.StepFailedException: Unable to click on object 'Object Repository/Shopify Theme/a_trytheme'
	at com.kms.katalon.core.webui.keyword.internal.WebUIKeywordMain.stepFailed(WebUIKeywordMain.groovy:64)
	at com.kms.katalon.core.webui.keyword.internal.WebUIKeywordMain.runKeyword(WebUIKeywordMain.groovy:26)
	at com.kms.katalon.core.webui.keyword.builtin.ClickKeyword.click(ClickKeyword.groovy:74)
	at com.kms.katalon.core.webui.keyword.builtin.ClickKeyword.execute(ClickKeyword.groovy:40)
	at com.kms.katalon.core.keyword.internal.KeywordExecutor.executeKeywordForPlatform(KeywordExecutor.groovy:74)
	at com.kms.katalon.core.webui.keyword.WebUiBuiltInKeywords.click(WebUiBuiltInKeywords.groovy:620)
	at com.kms.katalon.core.webui.keyword.WebUiBuiltInKeywords$click$3.call(Unknown Source)
	at shopify.store.innstallThemeShopifyViaUrl(store.groovy:123)
	at shopify.store.invokeMethod(store.groovy)
	at com.kms.katalon.core.main.CustomKeywordDelegatingMetaClass.invokeStaticMethod(CustomKeywordDelegatingMetaClass.java:55)
	at CreateStore.run(CreateStore:52)
	at com.kms.katalon.core.main.ScriptEngine.run(ScriptEngine.java:194)
	at com.kms.katalon.core.main.ScriptEngine.runScriptAsRawText(ScriptEngine.java:119)
	at com.kms.katalon.core.main.TestCaseExecutor.runScript(TestCaseExecutor.java:448)
	at com.kms.katalon.core.main.TestCaseExecutor.doExecute(TestCaseExecutor.java:439)
	at com.kms.katalon.core.main.TestCaseExecutor.processExecutionPhase(TestCaseExecutor.java:418)
	at com.kms.katalon.core.main.TestCaseExecutor.accessMainPhase(TestCaseExecutor.java:410)
	at com.kms.katalon.core.main.TestCaseExecutor.execute(TestCaseExecutor.java:285)
	at com.kms.katalon.core.common.CommonExecutor.accessTestCaseMainPhase(CommonExecutor.java:65)
	at com.kms.katalon.core.main.TestSuiteExecutor.accessTestSuiteMainPhase(TestSuiteExecutor.java:151)
	at com.kms.katalon.core.main.TestSuiteExecutor.execute(TestSuiteExecutor.java:106)
	at com.kms.katalon.core.main.TestCaseMain.startTestSuite(TestCaseMain.java:185)
	at com.kms.katalon.core.main.TestCaseMain$startTestSuite$0.call(Unknown Source)
	at TempTestSuite1678162735898.run(TempTestSuite1678162735898.groovy:36)
Caused by: com.kms.katalon.core.webui.exception.WebElementNotFoundException: Web element with id: 'Object Repository/Shopify Theme/a_trytheme' located by '//*[@id = 'AddTheme']' not found
	at com.kms.katalon.core.webui.common.WebUiCommonHelper.findWebElement(WebUiCommonHelper.java:1370)
	at com.kms.katalon.core.webui.keyword.internal.WebUIAbstractKeyword.findWebElement(WebUIAbstractKeyword.groovy:27)
	at com.kms.katalon.core.webui.keyword.builtin.ClickKeyword$_click_closure1.doCall(ClickKeyword.groovy:65)
	at com.kms.katalon.core.webui.keyword.builtin.ClickKeyword$_click_closure1.call(ClickKeyword.groovy)
	at com.kms.katalon.core.webui.keyword.internal.WebUIKeywordMain.runKeyword(WebUIKeywordMain.groovy:20)
	... 22 more]]></system-err>
      </testcase>
      <testcase name="Test Cases/Shopify/CreateStore" time="57.633" classname="Test Cases/Shopify/CreateStore" status="FAILED">
         <failure type="FAILED" message="Test Cases/Shopify/CreateStore FAILED.
Reason:
com.kms.katalon.core.exception.StepFailedException: Unable to click on object 'Object Repository/Shopify/span_product'
	at com.kms.katalon.core.webui.keyword.internal.WebUIKeywordMain.stepFailed(WebUIKeywordMain.groovy:64)
	at com.kms.katalon.core.webui.keyword.internal.WebUIKeywordMain.runKeyword(WebUIKeywordMain.groovy:26)
	at com.kms.katalon.core.webui.keyword.builtin.ClickKeyword.click(ClickKeyword.groovy:74)
	at com.kms.katalon.core.webui.keyword.builtin.ClickKeyword.execute(ClickKeyword.groovy:40)
	at com.kms.katalon.core.keyword.internal.KeywordExecutor.executeKeywordForPlatform(KeywordExecutor.groovy:74)
	at com.kms.katalon.core.webui.keyword.WebUiBuiltInKeywords.click(WebUiBuiltInKeywords.groovy:620)
	at com.kms.katalon.core.webui.keyword.WebUiBuiltInKeywords$click$3.call(Unknown Source)
	at shopify.store.importProduct(store.groovy:51)
	at shopify.store.invokeMethod(store.groovy)
	at com.kms.katalon.core.main.CustomKeywordDelegatingMetaClass.invokeStaticMethod(CustomKeywordDelegatingMetaClass.java:55)
	at CreateStore.run(CreateStore:46)
	at com.kms.katalon.core.main.ScriptEngine.run(ScriptEngine.java:194)
	at com.kms.katalon.core.main.ScriptEngine.runScriptAsRawText(ScriptEngine.java:119)
	at com.kms.katalon.core.main.TestCaseExecutor.runScript(TestCaseExecutor.java:448)
	at com.kms.katalon.core.main.TestCaseExecutor.doExecute(TestCaseExecutor.java:439)
	at com.kms.katalon.core.main.TestCaseExecutor.processExecutionPhase(TestCaseExecutor.java:418)
	at com.kms.katalon.core.main.TestCaseExecutor.accessMainPhase(TestCaseExecutor.java:410)
	at com.kms.katalon.core.main.TestCaseExecutor.execute(TestCaseExecutor.java:285)
	at com.kms.katalon.core.common.CommonExecutor.accessTestCaseMainPhase(CommonExecutor.java:65)
	at com.kms.katalon.core.main.TestSuiteExecutor.accessTestSuiteMainPhase(TestSuiteExecutor.java:151)
	at com.kms.katalon.core.main.TestSuiteExecutor.execute(TestSuiteExecutor.java:106)
	at com.kms.katalon.core.main.TestCaseMain.startTestSuite(TestCaseMain.java:185)
	at com.kms.katalon.core.main.TestCaseMain$startTestSuite$0.call(Unknown Source)
	at TempTestSuite1678162735898.run(TempTestSuite1678162735898.groovy:36)
Caused by: com.kms.katalon.core.webui.exception.WebElementNotFoundException: Web element with id: 'Object Repository/Shopify/span_product' located by '//div[@id='AppFrameNav']/div/nav/div[2]/div[2]/ul/li[3]/div/div/a/span' not found
	at com.kms.katalon.core.webui.common.WebUiCommonHelper.findWebElement(WebUiCommonHelper.java:1370)
	at com.kms.katalon.core.webui.keyword.internal.WebUIAbstractKeyword.findWebElement(WebUIAbstractKeyword.groovy:27)
	at com.kms.katalon.core.webui.keyword.builtin.ClickKeyword$_click_closure1.doCall(ClickKeyword.groovy:65)
	at com.kms.katalon.core.webui.keyword.builtin.ClickKeyword$_click_closure1.call(ClickKeyword.groovy)
	at com.kms.katalon.core.webui.keyword.internal.WebUIKeywordMain.runKeyword(WebUIKeywordMain.groovy:20)
	... 22 more
"/>
         <system-out><![CDATA[2023-03-07 12:00:29 - [TEST_CASE][FAILED] - Test Cases/Shopify/CreateStore: Test Cases/Shopify/CreateStore FAILED.
Reason:
com.kms.katalon.core.exception.StepFailedException: Unable to click on object 'Object Repository/Shopify/span_product'
	at com.kms.katalon.core.webui.keyword.internal.WebUIKeywordMain.stepFailed(WebUIKeywordMain.groovy:64)
	at com.kms.katalon.core.webui.keyword.internal.WebUIKeywordMain.runKeyword(WebUIKeywordMain.groovy:26)
	at com.kms.katalon.core.webui.keyword.builtin.ClickKeyword.click(ClickKeyword.groovy:74)
	at com.kms.katalon.core.webui.keyword.builtin.ClickKeyword.execute(ClickKeyword.groovy:40)
	at com.kms.katalon.core.keyword.internal.KeywordExecutor.executeKeywordForPlatform(KeywordExecutor.groovy:74)
	at com.kms.katalon.core.webui.keyword.WebUiBuiltInKeywords.click(WebUiBuiltInKeywords.groovy:620)
	at com.kms.katalon.core.webui.keyword.WebUiBuiltInKeywords$click$3.call(Unknown Source)
	at shopify.store.importProduct(store.groovy:51)
	at shopify.store.invokeMethod(store.groovy)
	at com.kms.katalon.core.main.CustomKeywordDelegatingMetaClass.invokeStaticMethod(CustomKeywordDelegatingMetaClass.java:55)
	at CreateStore.run(CreateStore:46)
	at com.kms.katalon.core.main.ScriptEngine.run(ScriptEngine.java:194)
	at com.kms.katalon.core.main.ScriptEngine.runScriptAsRawText(ScriptEngine.java:119)
	at com.kms.katalon.core.main.TestCaseExecutor.runScript(TestCaseExecutor.java:448)
	at com.kms.katalon.core.main.TestCaseExecutor.doExecute(TestCaseExecutor.java:439)
	at com.kms.katalon.core.main.TestCaseExecutor.processExecutionPhase(TestCaseExecutor.java:418)
	at com.kms.katalon.core.main.TestCaseExecutor.accessMainPhase(TestCaseExecutor.java:410)
	at com.kms.katalon.core.main.TestCaseExecutor.execute(TestCaseExecutor.java:285)
	at com.kms.katalon.core.common.CommonExecutor.accessTestCaseMainPhase(CommonExecutor.java:65)
	at com.kms.katalon.core.main.TestSuiteExecutor.accessTestSuiteMainPhase(TestSuiteExecutor.java:151)
	at com.kms.katalon.core.main.TestSuiteExecutor.execute(TestSuiteExecutor.java:106)
	at com.kms.katalon.core.main.TestCaseMain.startTestSuite(TestCaseMain.java:185)
	at com.kms.katalon.core.main.TestCaseMain$startTestSuite$0.call(Unknown Source)
	at TempTestSuite1678162735898.run(TempTestSuite1678162735898.groovy:36)
Caused by: com.kms.katalon.core.webui.exception.WebElementNotFoundException: Web element with id: 'Object Repository/Shopify/span_product' located by '//div[@id='AppFrameNav']/div/nav/div[2]/div[2]/ul/li[3]/div/div/a/span' not found
	at com.kms.katalon.core.webui.common.WebUiCommonHelper.findWebElement(WebUiCommonHelper.java:1370)
	at com.kms.katalon.core.webui.keyword.internal.WebUIAbstractKeyword.findWebElement(WebUIAbstractKeyword.groovy:27)
	at com.kms.katalon.core.webui.keyword.builtin.ClickKeyword$_click_closure1.doCall(ClickKeyword.groovy:65)
	at com.kms.katalon.core.webui.keyword.builtin.ClickKeyword$_click_closure1.call(ClickKeyword.groovy)
	at com.kms.katalon.core.webui.keyword.internal.WebUIKeywordMain.runKeyword(WebUIKeywordMain.groovy:20)
	... 22 more


2023-03-07 12:00:29 - [TEST_STEP][PASSED] - Start listener action : skipStatus: null

2023-03-07 12:00:29 - [TEST_STEP][PASSED] - map = testCaseContext.getTestCaseVariables(): null

2023-03-07 12:00:29 - [TEST_STEP][PASSED] - testcae_status = map.get("testcase_status"): null

2023-03-07 12:00:29 - [TEST_STEP][PASSED] - println(testcae_status): null

2023-03-07 12:00:29 - [TEST_STEP][PASSED] - if (testcae_status == "Passed" || testcae_status == "Failed"): null

2023-03-07 12:00:29 - [TEST_STEP][PASSED] - log = new com.kms.katalon.core.util.KeywordUtil(): null

2023-03-07 12:00:29 - [TEST_STEP][PASSED] - openBrowser(""): Browser is opened with url: ''

2023-03-07 12:00:29 - [MESSAGE][WARNING] - A browser is already opened. Closing browser and opening a new one

2023-03-07 12:00:29 - [MESSAGE][INFO] - Starting 'Chrome' driver

2023-03-07 12:00:29 - [MESSAGE][INFO] - Action delay is set to 0 milliseconds

2023-03-07 12:00:30 - [MESSAGE][PASSED] - Browser is opened with url: ''

2023-03-07 12:00:30 - [TEST_STEP][PASSED] - maximizeWindow(): Current window maximized

2023-03-07 12:00:31 - [MESSAGE][PASSED] - Current window maximized

2023-03-07 12:00:31 - [TEST_STEP][PASSED] - shopify.store.loginShopifyPartner(partner_email, partner_password, partner_id): shopify.store.loginShopifyPartner is PASSED

2023-03-07 12:00:35 - [MESSAGE][PASSED] - Navigate to 'https://partners.shopify.com/1662018/stores/new' successfully

2023-03-07 12:00:36 - [MESSAGE][PASSED] - Text 'huynh@firegroup.io' is set on object 'Object Repository/Shopify/input_email_shopify'

2023-03-07 12:00:37 - [MESSAGE][PASSED] - Object: 'Object Repository/Shopify/btn_continue_with_email' is clicked on

2023-03-07 12:00:39 - [MESSAGE][PASSED] - Text ****** has been set on object 'Object Repository/Shopify/input_password_shopify'

2023-03-07 12:00:45 - [MESSAGE][PASSED] - Object: 'Object Repository/Shopify/btn_login' is clicked on

2023-03-07 12:00:45 - [MESSAGE][PASSED] - shopify.store.loginShopifyPartner is PASSED

2023-03-07 12:00:45 - [TEST_STEP][PASSED] - shopify.store.navigateToStoreDevelop(partner_id): shopify.store.navigateToStoreDevelop is PASSED

2023-03-07 12:00:46 - [MESSAGE][PASSED] - Navigate to 'https://partners.shopify.com/1662018/stores/new?store_type=dev_preview_store&developer_preview_handle=checkout_extensibility' successfully

2023-03-07 12:00:46 - [MESSAGE][PASSED] - shopify.store.navigateToStoreDevelop is PASSED

2023-03-07 12:00:46 - [TEST_STEP][PASSED] - shopify.store.inputStoreName(store_name): shopify.store.inputStoreName is PASSED

2023-03-07 12:00:47 - [MESSAGE][PASSED] - Text 'khanh-ar-stag-1078' is set on object 'Object Repository/Shopify/input_store_name'

2023-03-07 12:00:52 - [MESSAGE][PASSED] - Delayed 5 second(s)

2023-03-07 12:00:52 - [MESSAGE][PASSED] - shopify.store.inputStoreName is PASSED

2023-03-07 12:00:52 - [TEST_STEP][PASSED] - shopify.store.clickCreateStore(): shopify.store.clickCreateStore is PASSED

2023-03-07 12:00:53 - [MESSAGE][PASSED] - Object: 'Object Repository/Shopify/btn_create_store' is clicked on

2023-03-07 12:00:53 - [MESSAGE][PASSED] - Wait for page load successfully

2023-03-07 12:00:53 - [MESSAGE][PASSED] - shopify.store.clickCreateStore is PASSED

2023-03-07 12:00:53 - [TEST_STEP][FAILED] - shopify.store.importProduct(product_file_local): Unable to click on object 'Object Repository/Shopify/span_product'

2023-03-07 12:01:24 - [MESSAGE][INFO] - Unable to find the element located by 'By.xpath: //div[@id='AppFrameNav']/div/nav/div[2]/div[2]/ul/li[3]/div/div/a/span'. Please recheck the objects properties to make sure the desired element is located. 

2023-03-07 12:01:24 - [MESSAGE][WARNING] - [SELF-HEALING] Failed to find element with id 'Object Repository/Shopify/span_product'. Try using Self-healing.

2023-03-07 12:01:25 - [MESSAGE][INFO] - [SELF-HEALING] No working XPath is found.

2023-03-07 12:01:26 - [MESSAGE][INFO] - Unable to find the element located by 'By.xpath: '. Please recheck the objects properties to make sure the desired element is located. 

2023-03-07 12:01:26 - [MESSAGE][WARNING] - [SELF-HEALING] Cannot find elements when the selector is null

2023-03-07 12:01:26 - [MESSAGE][FAILED] - Unable to click on object 'Object Repository/Shopify/span_product' (Root cause: com.kms.katalon.core.exception.StepFailedException: Unable to click on object 'Object Repository/Shopify/span_product'
	at com.kms.katalon.core.webui.keyword.internal.WebUIKeywordMain.stepFailed(WebUIKeywordMain.groovy:64)
	at com.kms.katalon.core.webui.keyword.internal.WebUIKeywordMain.runKeyword(WebUIKeywordMain.groovy:26)
	at com.kms.katalon.core.webui.keyword.builtin.ClickKeyword.click(ClickKeyword.groovy:74)
	at com.kms.katalon.core.webui.keyword.builtin.ClickKeyword.execute(ClickKeyword.groovy:40)
	at com.kms.katalon.core.keyword.internal.KeywordExecutor.executeKeywordForPlatform(KeywordExecutor.groovy:74)
	at com.kms.katalon.core.webui.keyword.WebUiBuiltInKeywords.click(WebUiBuiltInKeywords.groovy:620)
	at com.kms.katalon.core.webui.keyword.WebUiBuiltInKeywords$click$3.call(Unknown Source)
	at shopify.store.importProduct(store.groovy:51)
	at shopify.store.invokeMethod(store.groovy)
	at com.kms.katalon.core.main.CustomKeywordDelegatingMetaClass.invokeStaticMethod(CustomKeywordDelegatingMetaClass.java:55)
	at CreateStore.run(CreateStore:46)
	at com.kms.katalon.core.main.ScriptEngine.run(ScriptEngine.java:194)
	at com.kms.katalon.core.main.ScriptEngine.runScriptAsRawText(ScriptEngine.java:119)
	at com.kms.katalon.core.main.TestCaseExecutor.runScript(TestCaseExecutor.java:448)
	at com.kms.katalon.core.main.TestCaseExecutor.doExecute(TestCaseExecutor.java:439)
	at com.kms.katalon.core.main.TestCaseExecutor.processExecutionPhase(TestCaseExecutor.java:418)
	at com.kms.katalon.core.main.TestCaseExecutor.accessMainPhase(TestCaseExecutor.java:410)
	at com.kms.katalon.core.main.TestCaseExecutor.execute(TestCaseExecutor.java:285)
	at com.kms.katalon.core.common.CommonExecutor.accessTestCaseMainPhase(CommonExecutor.java:65)
	at com.kms.katalon.core.main.TestSuiteExecutor.accessTestSuiteMainPhase(TestSuiteExecutor.java:151)
	at com.kms.katalon.core.main.TestSuiteExecutor.execute(TestSuiteExecutor.java:106)
	at com.kms.katalon.core.main.TestCaseMain.startTestSuite(TestCaseMain.java:185)
	at com.kms.katalon.core.main.TestCaseMain$startTestSuite$0.call(Unknown Source)
	at TempTestSuite1678162735898.run(TempTestSuite1678162735898.groovy:36)
Caused by: com.kms.katalon.core.webui.exception.WebElementNotFoundException: Web element with id: 'Object Repository/Shopify/span_product' located by '//div[@id='AppFrameNav']/div/nav/div[2]/div[2]/ul/li[3]/div/div/a/span' not found
	at com.kms.katalon.core.webui.common.WebUiCommonHelper.findWebElement(WebUiCommonHelper.java:1370)
	at com.kms.katalon.core.webui.keyword.internal.WebUIAbstractKeyword.findWebElement(WebUIAbstractKeyword.groovy:27)
	at com.kms.katalon.core.webui.keyword.builtin.ClickKeyword$_click_closure1.doCall(ClickKeyword.groovy:65)
	at com.kms.katalon.core.webui.keyword.builtin.ClickKeyword$_click_closure1.call(ClickKeyword.groovy)
	at com.kms.katalon.core.webui.keyword.internal.WebUIKeywordMain.runKeyword(WebUIKeywordMain.groovy:20)
	at com.kms.katalon.core.webui.keyword.builtin.ClickKeyword.click(ClickKeyword.groovy:74)
	at com.kms.katalon.core.webui.keyword.builtin.ClickKeyword.execute(ClickKeyword.groovy:40)
	at com.kms.katalon.core.keyword.internal.KeywordExecutor.executeKeywordForPlatform(KeywordExecutor.groovy:74)
	at com.kms.katalon.core.webui.keyword.WebUiBuiltInKeywords.click(WebUiBuiltInKeywords.groovy:620)
	at com.kms.katalon.core.webui.keyword.WebUiBuiltInKeywords$click$3.call(Unknown Source)
	at shopify.store.importProduct(store.groovy:51)
	at shopify.store.invokeMethod(store.groovy)
	at com.kms.katalon.core.main.CustomKeywordDelegatingMetaClass.invokeStaticMethod(CustomKeywordDelegatingMetaClass.java:55)
	at Script1673851860327.run(Script1673851860327.groovy:46)
	... 13 more
)
[[ATTACHMENT|C:\\Users\\huynh\\Documents\\Socialhead\\Automation\\Katalon project\\CreateStore\\CreateStore\\Reports\\20230307_111854\\Store\\Create Store\\20230307_111855\\1678165286699.png]]

2023-03-07 12:01:26 - [MESSAGE][FAILED] - Unable to click on object 'Object Repository/Shopify/span_product'

2023-03-07 12:01:26 - [TEST_STEP][PASSED] - Start tear down : teardownIfFailed: Method 'teardownIfFailed' complete successfully

2023-03-07 12:01:26 - [TEST_STEP][PASSED] - data.excel.updateValueToSheet(file_data, "store", 4, store_name, 7, "Failed"): data.excel.updateValueToSheet is PASSED

2023-03-07 12:01:26 - [MESSAGE][PASSED] - data.excel.updateValueToSheet is PASSED

2023-03-07 12:01:26 - [MESSAGE][PASSED] - Method 'teardownIfFailed' complete successfully]]></system-out>
         <system-err><![CDATA[2023-03-07 12:00:29 - [TEST_CASE][FAILED] - Test Cases/Shopify/CreateStore: Test Cases/Shopify/CreateStore FAILED.
Reason:
com.kms.katalon.core.exception.StepFailedException: Unable to click on object 'Object Repository/Shopify/span_product'
	at com.kms.katalon.core.webui.keyword.internal.WebUIKeywordMain.stepFailed(WebUIKeywordMain.groovy:64)
	at com.kms.katalon.core.webui.keyword.internal.WebUIKeywordMain.runKeyword(WebUIKeywordMain.groovy:26)
	at com.kms.katalon.core.webui.keyword.builtin.ClickKeyword.click(ClickKeyword.groovy:74)
	at com.kms.katalon.core.webui.keyword.builtin.ClickKeyword.execute(ClickKeyword.groovy:40)
	at com.kms.katalon.core.keyword.internal.KeywordExecutor.executeKeywordForPlatform(KeywordExecutor.groovy:74)
	at com.kms.katalon.core.webui.keyword.WebUiBuiltInKeywords.click(WebUiBuiltInKeywords.groovy:620)
	at com.kms.katalon.core.webui.keyword.WebUiBuiltInKeywords$click$3.call(Unknown Source)
	at shopify.store.importProduct(store.groovy:51)
	at shopify.store.invokeMethod(store.groovy)
	at com.kms.katalon.core.main.CustomKeywordDelegatingMetaClass.invokeStaticMethod(CustomKeywordDelegatingMetaClass.java:55)
	at CreateStore.run(CreateStore:46)
	at com.kms.katalon.core.main.ScriptEngine.run(ScriptEngine.java:194)
	at com.kms.katalon.core.main.ScriptEngine.runScriptAsRawText(ScriptEngine.java:119)
	at com.kms.katalon.core.main.TestCaseExecutor.runScript(TestCaseExecutor.java:448)
	at com.kms.katalon.core.main.TestCaseExecutor.doExecute(TestCaseExecutor.java:439)
	at com.kms.katalon.core.main.TestCaseExecutor.processExecutionPhase(TestCaseExecutor.java:418)
	at com.kms.katalon.core.main.TestCaseExecutor.accessMainPhase(TestCaseExecutor.java:410)
	at com.kms.katalon.core.main.TestCaseExecutor.execute(TestCaseExecutor.java:285)
	at com.kms.katalon.core.common.CommonExecutor.accessTestCaseMainPhase(CommonExecutor.java:65)
	at com.kms.katalon.core.main.TestSuiteExecutor.accessTestSuiteMainPhase(TestSuiteExecutor.java:151)
	at com.kms.katalon.core.main.TestSuiteExecutor.execute(TestSuiteExecutor.java:106)
	at com.kms.katalon.core.main.TestCaseMain.startTestSuite(TestCaseMain.java:185)
	at com.kms.katalon.core.main.TestCaseMain$startTestSuite$0.call(Unknown Source)
	at TempTestSuite1678162735898.run(TempTestSuite1678162735898.groovy:36)
Caused by: com.kms.katalon.core.webui.exception.WebElementNotFoundException: Web element with id: 'Object Repository/Shopify/span_product' located by '//div[@id='AppFrameNav']/div/nav/div[2]/div[2]/ul/li[3]/div/div/a/span' not found
	at com.kms.katalon.core.webui.common.WebUiCommonHelper.findWebElement(WebUiCommonHelper.java:1370)
	at com.kms.katalon.core.webui.keyword.internal.WebUIAbstractKeyword.findWebElement(WebUIAbstractKeyword.groovy:27)
	at com.kms.katalon.core.webui.keyword.builtin.ClickKeyword$_click_closure1.doCall(ClickKeyword.groovy:65)
	at com.kms.katalon.core.webui.keyword.builtin.ClickKeyword$_click_closure1.call(ClickKeyword.groovy)
	at com.kms.katalon.core.webui.keyword.internal.WebUIKeywordMain.runKeyword(WebUIKeywordMain.groovy:20)
	... 22 more]]></system-err>
      </testcase>
      <testcase name="Test Cases/Shopify/CreateStore" time="300.583" classname="Test Cases/Shopify/CreateStore" status="PASSED">
         <system-out><![CDATA[2023-03-07 12:01:26 - [TEST_CASE][PASSED] - Test Cases/Shopify/CreateStore: Test Cases/Shopify/CreateStore

2023-03-07 12:01:26 - [TEST_STEP][PASSED] - Start listener action : skipStatus: null

2023-03-07 12:01:26 - [TEST_STEP][PASSED] - map = testCaseContext.getTestCaseVariables(): null

2023-03-07 12:01:26 - [TEST_STEP][PASSED] - testcae_status = map.get("testcase_status"): null

2023-03-07 12:01:26 - [TEST_STEP][PASSED] - println(testcae_status): null

2023-03-07 12:01:26 - [TEST_STEP][PASSED] - if (testcae_status == "Passed" || testcae_status == "Failed"): null

2023-03-07 12:01:26 - [TEST_STEP][PASSED] - log = new com.kms.katalon.core.util.KeywordUtil(): null

2023-03-07 12:01:26 - [TEST_STEP][PASSED] - openBrowser(""): Browser is opened with url: ''

2023-03-07 12:01:26 - [MESSAGE][WARNING] - A browser is already opened. Closing browser and opening a new one

2023-03-07 12:01:27 - [MESSAGE][INFO] - Starting 'Chrome' driver

2023-03-07 12:01:27 - [MESSAGE][INFO] - Action delay is set to 0 milliseconds

2023-03-07 12:01:28 - [MESSAGE][PASSED] - Browser is opened with url: ''

2023-03-07 12:01:28 - [TEST_STEP][PASSED] - maximizeWindow(): Current window maximized

2023-03-07 12:01:28 - [MESSAGE][PASSED] - Current window maximized

2023-03-07 12:01:28 - [TEST_STEP][PASSED] - shopify.store.loginShopifyPartner(partner_email, partner_password, partner_id): shopify.store.loginShopifyPartner is PASSED

2023-03-07 12:01:32 - [MESSAGE][PASSED] - Navigate to 'https://partners.shopify.com/1662018/stores/new' successfully

2023-03-07 12:01:33 - [MESSAGE][PASSED] - Text 'huynh@firegroup.io' is set on object 'Object Repository/Shopify/input_email_shopify'

2023-03-07 12:01:37 - [MESSAGE][PASSED] - Object: 'Object Repository/Shopify/btn_continue_with_email' is clicked on

2023-03-07 12:01:39 - [MESSAGE][PASSED] - Text ****** has been set on object 'Object Repository/Shopify/input_password_shopify'

2023-03-07 12:01:45 - [MESSAGE][PASSED] - Object: 'Object Repository/Shopify/btn_login' is clicked on

2023-03-07 12:01:45 - [MESSAGE][PASSED] - shopify.store.loginShopifyPartner is PASSED

2023-03-07 12:01:45 - [TEST_STEP][PASSED] - shopify.store.navigateToStoreDevelop(partner_id): shopify.store.navigateToStoreDevelop is PASSED

2023-03-07 12:01:45 - [MESSAGE][PASSED] - Navigate to 'https://partners.shopify.com/1662018/stores/new?store_type=dev_preview_store&developer_preview_handle=checkout_extensibility' successfully

2023-03-07 12:01:45 - [MESSAGE][PASSED] - shopify.store.navigateToStoreDevelop is PASSED

2023-03-07 12:01:45 - [TEST_STEP][PASSED] - shopify.store.inputStoreName(store_name): shopify.store.inputStoreName is PASSED

2023-03-07 12:01:47 - [MESSAGE][PASSED] - Text 'khanh-ar-stag-1079' is set on object 'Object Repository/Shopify/input_store_name'

2023-03-07 12:01:52 - [MESSAGE][PASSED] - Delayed 5 second(s)

2023-03-07 12:01:52 - [MESSAGE][PASSED] - shopify.store.inputStoreName is PASSED

2023-03-07 12:01:52 - [TEST_STEP][PASSED] - shopify.store.clickCreateStore(): shopify.store.clickCreateStore is PASSED

2023-03-07 12:01:52 - [MESSAGE][PASSED] - Object: 'Object Repository/Shopify/btn_create_store' is clicked on

2023-03-07 12:01:52 - [MESSAGE][PASSED] - Wait for page load successfully

2023-03-07 12:01:52 - [MESSAGE][PASSED] - shopify.store.clickCreateStore is PASSED

2023-03-07 12:01:52 - [TEST_STEP][PASSED] - shopify.store.importProduct(product_file_local): shopify.store.importProduct is PASSED

2023-03-07 12:02:21 - [MESSAGE][PASSED] - Object: 'Object Repository/Shopify/span_product' is clicked on

2023-03-07 12:02:22 - [MESSAGE][PASSED] - Object: 'Object Repository/Shopify/span_import_product' is clicked on

2023-03-07 12:02:23 - [MESSAGE][PASSED] - File 'C:\Users\huynh\Documents\Socialhead\Automation\Katalon project\CreateStore\CreateStore\Data\products_export.csv' sent to object: 'Object Repository/Shopify/file_product'

2023-03-07 12:02:23 - [MESSAGE][PASSED] - Object: 'Object Repository/Shopify/span_upload_product_continue' is clicked on

2023-03-07 12:02:27 - [MESSAGE][PASSED] - Object: 'Object Repository/Shopify/btn_product_confirm_import' is clicked on

2023-03-07 12:02:57 - [MESSAGE][PASSED] - Delayed 30 second(s)

2023-03-07 12:02:57 - [MESSAGE][PASSED] - Refresh successfully

2023-03-07 12:03:12 - [MESSAGE][PASSED] - Delayed 15 second(s)

2023-03-07 12:03:12 - [MESSAGE][PASSED] - shopify.store.importProduct is PASSED

2023-03-07 12:03:12 - [TEST_STEP][PASSED] - shopify.store.clickOnMenuOnlineStore(): shopify.store.clickOnMenuOnlineStore is PASSED

2023-03-07 12:03:13 - [MESSAGE][PASSED] - Object: 'Object Repository/Shopify Store/a_onlie_store' is clicked on

2023-03-07 12:03:23 - [MESSAGE][PASSED] - Delayed 10 second(s)

2023-03-07 12:03:23 - [MESSAGE][PASSED] - shopify.store.clickOnMenuOnlineStore is PASSED

2023-03-07 12:03:23 - [TEST_STEP][PASSED] - shopify.store.clickOnImportTheme(): shopify.store.clickOnImportTheme is PASSED

2023-03-07 12:03:33 - [MESSAGE][PASSED] - Delayed 10 second(s)

2023-03-07 12:03:43 - [MESSAGE][PASSED] - Delayed 10 second(s)

2023-03-07 12:03:43 - [MESSAGE][PASSED] - Object: 'Object Repository/Shopify Store/btn_add_theme' is clicked on

2023-03-07 12:03:43 - [MESSAGE][PASSED] - shopify.store.clickOnImportTheme is PASSED

2023-03-07 12:03:43 - [TEST_STEP][PASSED] - shopify.store.innstallThemeShopifyViaUrl(theme_url, store_name): shopify.store.innstallThemeShopifyViaUrl is PASSED

2023-03-07 12:03:46 - [MESSAGE][PASSED] - Navigate to 'https://themes.shopify.com/themes/sense?shop=khanh-ar-stag-1079.myshopify.com' successfully

2023-03-07 12:03:56 - [MESSAGE][PASSED] - Object: 'Object Repository/Shopify/div_user_card_name' is clicked on

2023-03-07 12:04:00 - [MESSAGE][PASSED] - Object: 'Object Repository/Shopify Theme/a_trytheme' is clicked on

2023-03-07 12:04:31 - [MESSAGE][INFO] - Unable to find the element located by 'By.xpath: //*[@class = 'user-card__name']'. Please recheck the objects properties to make sure the desired element is located. 

2023-03-07 12:04:31 - [MESSAGE][WARNING] - [SELF-HEALING] Failed to find element with id 'Object Repository/Shopify/div_user_card_name'. Try using Self-healing.

2023-03-07 12:04:31 - [MESSAGE][WARNING] - [SELF-HEALING] Cannot find elements when the XPath is null.

2023-03-07 12:04:31 - [MESSAGE][WARNING] - [SELF-HEALING] Cannot find elements when the selector is null

2023-03-07 12:04:31 - [MESSAGE][WARNING] - Unable to click on object 'Object Repository/Shopify/div_user_card_name' (Root cause: com.kms.katalon.core.exception.StepFailedException: Unable to click on object 'Object Repository/Shopify/div_user_card_name'
	at com.kms.katalon.core.webui.keyword.internal.WebUIKeywordMain.stepFailed(WebUIKeywordMain.groovy:64)
	at com.kms.katalon.core.webui.keyword.internal.WebUIKeywordMain.runKeyword(WebUIKeywordMain.groovy:26)
	at com.kms.katalon.core.webui.keyword.builtin.ClickKeyword.click(ClickKeyword.groovy:74)
	at com.kms.katalon.core.webui.keyword.builtin.ClickKeyword.execute(ClickKeyword.groovy:40)
	at com.kms.katalon.core.keyword.internal.KeywordExecutor.executeKeywordForPlatform(KeywordExecutor.groovy:74)
	at com.kms.katalon.core.webui.keyword.WebUiBuiltInKeywords.click(WebUiBuiltInKeywords.groovy:608)
	at com.kms.katalon.core.webui.keyword.WebUiBuiltInKeywords$click$10.call(Unknown Source)
	at shopify.store.innstallThemeShopifyViaUrl(store.groovy:121)
	at shopify.store.invokeMethod(store.groovy)
	at com.kms.katalon.core.main.CustomKeywordDelegatingMetaClass.invokeStaticMethod(CustomKeywordDelegatingMetaClass.java:55)
	at CreateStore.run(CreateStore:52)
	at com.kms.katalon.core.main.ScriptEngine.run(ScriptEngine.java:194)
	at com.kms.katalon.core.main.ScriptEngine.runScriptAsRawText(ScriptEngine.java:119)
	at com.kms.katalon.core.main.TestCaseExecutor.runScript(TestCaseExecutor.java:448)
	at com.kms.katalon.core.main.TestCaseExecutor.doExecute(TestCaseExecutor.java:439)
	at com.kms.katalon.core.main.TestCaseExecutor.processExecutionPhase(TestCaseExecutor.java:418)
	at com.kms.katalon.core.main.TestCaseExecutor.accessMainPhase(TestCaseExecutor.java:410)
	at com.kms.katalon.core.main.TestCaseExecutor.execute(TestCaseExecutor.java:285)
	at com.kms.katalon.core.common.CommonExecutor.accessTestCaseMainPhase(CommonExecutor.java:65)
	at com.kms.katalon.core.main.TestSuiteExecutor.accessTestSuiteMainPhase(TestSuiteExecutor.java:151)
	at com.kms.katalon.core.main.TestSuiteExecutor.execute(TestSuiteExecutor.java:106)
	at com.kms.katalon.core.main.TestCaseMain.startTestSuite(TestCaseMain.java:185)
	at com.kms.katalon.core.main.TestCaseMain$startTestSuite$0.call(Unknown Source)
	at TempTestSuite1678162735898.run(TempTestSuite1678162735898.groovy:36)
Caused by: com.kms.katalon.core.webui.exception.WebElementNotFoundException: Web element with id: 'Object Repository/Shopify/div_user_card_name' located by '//*[@class = 'user-card__name']' not found
	at com.kms.katalon.core.webui.common.WebUiCommonHelper.findWebElement(WebUiCommonHelper.java:1370)
	at com.kms.katalon.core.webui.keyword.internal.WebUIAbstractKeyword.findWebElement(WebUIAbstractKeyword.groovy:27)
	at com.kms.katalon.core.webui.keyword.builtin.ClickKeyword$_click_closure1.doCall(ClickKeyword.groovy:65)
	at com.kms.katalon.core.webui.keyword.builtin.ClickKeyword$_click_closure1.call(ClickKeyword.groovy)
	at com.kms.katalon.core.webui.keyword.internal.WebUIKeywordMain.runKeyword(WebUIKeywordMain.groovy:20)
	at com.kms.katalon.core.webui.keyword.builtin.ClickKeyword.click(ClickKeyword.groovy:74)
	at com.kms.katalon.core.webui.keyword.builtin.ClickKeyword.execute(ClickKeyword.groovy:40)
	at com.kms.katalon.core.keyword.internal.KeywordExecutor.executeKeywordForPlatform(KeywordExecutor.groovy:74)
	at com.kms.katalon.core.webui.keyword.WebUiBuiltInKeywords.click(WebUiBuiltInKeywords.groovy:608)
	at com.kms.katalon.core.webui.keyword.WebUiBuiltInKeywords$click$10.call(Unknown Source)
	at shopify.store.innstallThemeShopifyViaUrl(store.groovy:121)
	at shopify.store.invokeMethod(store.groovy)
	at com.kms.katalon.core.main.CustomKeywordDelegatingMetaClass.invokeStaticMethod(CustomKeywordDelegatingMetaClass.java:55)
	at Script1673851860327.run(Script1673851860327.groovy:52)
	... 13 more
)
[[ATTACHMENT|C:\\Users\\huynh\\Documents\\Socialhead\\Automation\\Katalon project\\CreateStore\\CreateStore\\Reports\\20230307_111854\\Store\\Create Store\\20230307_111855\\1678165471508.png]]

2023-03-07 12:04:34 - [MESSAGE][PASSED] - Navigate to 'https://themes.shopify.com/themes/sense?shop=khanh-ar-stag-1079.myshopify.com' successfully

2023-03-07 12:04:37 - [MESSAGE][PASSED] - Object: 'Object Repository/Shopify Theme/a_trytheme' is clicked on

2023-03-07 12:04:37 - [MESSAGE][PASSED] - shopify.store.innstallThemeShopifyViaUrl is PASSED

2023-03-07 12:04:37 - [TEST_STEP][PASSED] - shopify.store.clickPublishTheme(): shopify.store.clickPublishTheme is PASSED

2023-03-07 12:05:07 - [MESSAGE][PASSED] - Delayed 30 second(s)

2023-03-07 12:05:08 - [MESSAGE][PASSED] - Refresh successfully

2023-03-07 12:05:38 - [MESSAGE][PASSED] - Delayed 30 second(s)

2023-03-07 12:05:38 - [MESSAGE][PASSED] - Object 'Object Repository/Shopify Store/btn_publish_theme' is clickable

2023-03-07 12:05:38 - [MESSAGE][PASSED] - Object: 'Object Repository/Shopify Store/btn_publish_theme' is clicked on

2023-03-07 12:05:38 - [MESSAGE][PASSED] - shopify.store.clickPublishTheme is PASSED

2023-03-07 12:05:38 - [TEST_STEP][PASSED] - shopify.store.confirmPublishTheme(): shopify.store.confirmPublishTheme is PASSED

2023-03-07 12:05:48 - [MESSAGE][PASSED] - Delayed 10 second(s)

2023-03-07 12:05:48 - [MESSAGE][PASSED] - Object: 'Object Repository/Shopify Store/btn_confirm_publish_theme' is clicked on

2023-03-07 12:05:48 - [MESSAGE][PASSED] - shopify.store.confirmPublishTheme is PASSED

2023-03-07 12:05:48 - [TEST_STEP][PASSED] - shopify.store_setting.changeStoreCurrency(currency, store_name): shopify.store_setting.changeStoreCurrency is PASSED

2023-03-07 12:05:58 - [MESSAGE][PASSED] - Delayed 10 second(s)

2023-03-07 12:06:00 - [MESSAGE][PASSED] - Navigate to 'http://khanh-ar-stag-1079.myshopify.com/admin/settings/general' successfully

2023-03-07 12:06:08 - [MESSAGE][PASSED] - All options with value 'USD' are selected in object 'Object Repository/Shopify Store/select_currency' 

2023-03-07 12:06:08 - [MESSAGE][PASSED] - shopify.store_setting.changeStoreCurrency is PASSED

2023-03-07 12:06:08 - [TEST_STEP][PASSED] - shopify.store_setting.saveStoreSetting(): shopify.store_setting.saveStoreSetting is PASSED

2023-03-07 12:06:08 - [MESSAGE][PASSED] - Object: 'Object Repository/Shopify Store/span_save_admin_setting' is clicked on

2023-03-07 12:06:08 - [MESSAGE][PASSED] - shopify.store_setting.saveStoreSetting is PASSED

2023-03-07 12:06:08 - [TEST_STEP][PASSED] - shopify.store_setting.changeStorePassword(store_name, "1"): shopify.store_setting.changeStorePassword is PASSED

2023-03-07 12:06:18 - [MESSAGE][PASSED] - Delayed 10 second(s)

2023-03-07 12:06:19 - [MESSAGE][PASSED] - Navigate to 'http://khanh-ar-stag-1079.myshopify.com/admin/online_store/preferences?tutorial=unlock' successfully

2023-03-07 12:06:26 - [MESSAGE][PASSED] - Web element with id: 'Object Repository/Shopify Store/div_loading_bar' located by 'By.xpath: //*[@id = 'AppFrameLoadingBar']' is not present after '50' second(s)

2023-03-07 12:06:27 - [MESSAGE][PASSED] - Keys '1' sent to object: 'Object Repository/Shopify Store/input_storefront_password'

2023-03-07 12:06:27 - [MESSAGE][PASSED] - Keys 'ENTER + ' sent to object: 'Object Repository/Shopify Store/input_storefront_password'

2023-03-07 12:06:27 - [MESSAGE][PASSED] - shopify.store_setting.changeStorePassword is PASSED

2023-03-07 12:06:27 - [TEST_STEP][PASSED] - Start tear down : teardownIfPassed: Method 'teardownIfPassed' complete successfully

2023-03-07 12:06:27 - [TEST_STEP][PASSED] - data.excel.updateValueToSheet(file_data, "store", 4, store_name, 7, "Passed"): data.excel.updateValueToSheet is PASSED

2023-03-07 12:06:27 - [MESSAGE][PASSED] - data.excel.updateValueToSheet is PASSED

2023-03-07 12:06:27 - [MESSAGE][PASSED] - Method 'teardownIfPassed' complete successfully]]></system-out>
         <system-err><![CDATA[]]></system-err>
      </testcase>
      <testcase name="Test Cases/Shopify/CreateStore" time="57.758" classname="Test Cases/Shopify/CreateStore" status="FAILED">
         <failure type="FAILED" message="Test Cases/Shopify/CreateStore FAILED.
Reason:
com.kms.katalon.core.exception.StepFailedException: Unable to click on object 'Object Repository/Shopify/span_product'
	at com.kms.katalon.core.webui.keyword.internal.WebUIKeywordMain.stepFailed(WebUIKeywordMain.groovy:64)
	at com.kms.katalon.core.webui.keyword.internal.WebUIKeywordMain.runKeyword(WebUIKeywordMain.groovy:26)
	at com.kms.katalon.core.webui.keyword.builtin.ClickKeyword.click(ClickKeyword.groovy:74)
	at com.kms.katalon.core.webui.keyword.builtin.ClickKeyword.execute(ClickKeyword.groovy:40)
	at com.kms.katalon.core.keyword.internal.KeywordExecutor.executeKeywordForPlatform(KeywordExecutor.groovy:74)
	at com.kms.katalon.core.webui.keyword.WebUiBuiltInKeywords.click(WebUiBuiltInKeywords.groovy:620)
	at com.kms.katalon.core.webui.keyword.WebUiBuiltInKeywords$click$3.call(Unknown Source)
	at shopify.store.importProduct(store.groovy:51)
	at shopify.store.invokeMethod(store.groovy)
	at com.kms.katalon.core.main.CustomKeywordDelegatingMetaClass.invokeStaticMethod(CustomKeywordDelegatingMetaClass.java:55)
	at CreateStore.run(CreateStore:46)
	at com.kms.katalon.core.main.ScriptEngine.run(ScriptEngine.java:194)
	at com.kms.katalon.core.main.ScriptEngine.runScriptAsRawText(ScriptEngine.java:119)
	at com.kms.katalon.core.main.TestCaseExecutor.runScript(TestCaseExecutor.java:448)
	at com.kms.katalon.core.main.TestCaseExecutor.doExecute(TestCaseExecutor.java:439)
	at com.kms.katalon.core.main.TestCaseExecutor.processExecutionPhase(TestCaseExecutor.java:418)
	at com.kms.katalon.core.main.TestCaseExecutor.accessMainPhase(TestCaseExecutor.java:410)
	at com.kms.katalon.core.main.TestCaseExecutor.execute(TestCaseExecutor.java:285)
	at com.kms.katalon.core.common.CommonExecutor.accessTestCaseMainPhase(CommonExecutor.java:65)
	at com.kms.katalon.core.main.TestSuiteExecutor.accessTestSuiteMainPhase(TestSuiteExecutor.java:151)
	at com.kms.katalon.core.main.TestSuiteExecutor.execute(TestSuiteExecutor.java:106)
	at com.kms.katalon.core.main.TestCaseMain.startTestSuite(TestCaseMain.java:185)
	at com.kms.katalon.core.main.TestCaseMain$startTestSuite$0.call(Unknown Source)
	at TempTestSuite1678162735898.run(TempTestSuite1678162735898.groovy:36)
Caused by: com.kms.katalon.core.webui.exception.WebElementNotFoundException: Web element with id: 'Object Repository/Shopify/span_product' located by '//div[@id='AppFrameNav']/div/nav/div[2]/div[2]/ul/li[3]/div/div/a/span' not found
	at com.kms.katalon.core.webui.common.WebUiCommonHelper.findWebElement(WebUiCommonHelper.java:1370)
	at com.kms.katalon.core.webui.keyword.internal.WebUIAbstractKeyword.findWebElement(WebUIAbstractKeyword.groovy:27)
	at com.kms.katalon.core.webui.keyword.builtin.ClickKeyword$_click_closure1.doCall(ClickKeyword.groovy:65)
	at com.kms.katalon.core.webui.keyword.builtin.ClickKeyword$_click_closure1.call(ClickKeyword.groovy)
	at com.kms.katalon.core.webui.keyword.internal.WebUIKeywordMain.runKeyword(WebUIKeywordMain.groovy:20)
	... 22 more
"/>
         <system-out><![CDATA[2023-03-07 12:06:27 - [TEST_CASE][FAILED] - Test Cases/Shopify/CreateStore: Test Cases/Shopify/CreateStore FAILED.
Reason:
com.kms.katalon.core.exception.StepFailedException: Unable to click on object 'Object Repository/Shopify/span_product'
	at com.kms.katalon.core.webui.keyword.internal.WebUIKeywordMain.stepFailed(WebUIKeywordMain.groovy:64)
	at com.kms.katalon.core.webui.keyword.internal.WebUIKeywordMain.runKeyword(WebUIKeywordMain.groovy:26)
	at com.kms.katalon.core.webui.keyword.builtin.ClickKeyword.click(ClickKeyword.groovy:74)
	at com.kms.katalon.core.webui.keyword.builtin.ClickKeyword.execute(ClickKeyword.groovy:40)
	at com.kms.katalon.core.keyword.internal.KeywordExecutor.executeKeywordForPlatform(KeywordExecutor.groovy:74)
	at com.kms.katalon.core.webui.keyword.WebUiBuiltInKeywords.click(WebUiBuiltInKeywords.groovy:620)
	at com.kms.katalon.core.webui.keyword.WebUiBuiltInKeywords$click$3.call(Unknown Source)
	at shopify.store.importProduct(store.groovy:51)
	at shopify.store.invokeMethod(store.groovy)
	at com.kms.katalon.core.main.CustomKeywordDelegatingMetaClass.invokeStaticMethod(CustomKeywordDelegatingMetaClass.java:55)
	at CreateStore.run(CreateStore:46)
	at com.kms.katalon.core.main.ScriptEngine.run(ScriptEngine.java:194)
	at com.kms.katalon.core.main.ScriptEngine.runScriptAsRawText(ScriptEngine.java:119)
	at com.kms.katalon.core.main.TestCaseExecutor.runScript(TestCaseExecutor.java:448)
	at com.kms.katalon.core.main.TestCaseExecutor.doExecute(TestCaseExecutor.java:439)
	at com.kms.katalon.core.main.TestCaseExecutor.processExecutionPhase(TestCaseExecutor.java:418)
	at com.kms.katalon.core.main.TestCaseExecutor.accessMainPhase(TestCaseExecutor.java:410)
	at com.kms.katalon.core.main.TestCaseExecutor.execute(TestCaseExecutor.java:285)
	at com.kms.katalon.core.common.CommonExecutor.accessTestCaseMainPhase(CommonExecutor.java:65)
	at com.kms.katalon.core.main.TestSuiteExecutor.accessTestSuiteMainPhase(TestSuiteExecutor.java:151)
	at com.kms.katalon.core.main.TestSuiteExecutor.execute(TestSuiteExecutor.java:106)
	at com.kms.katalon.core.main.TestCaseMain.startTestSuite(TestCaseMain.java:185)
	at com.kms.katalon.core.main.TestCaseMain$startTestSuite$0.call(Unknown Source)
	at TempTestSuite1678162735898.run(TempTestSuite1678162735898.groovy:36)
Caused by: com.kms.katalon.core.webui.exception.WebElementNotFoundException: Web element with id: 'Object Repository/Shopify/span_product' located by '//div[@id='AppFrameNav']/div/nav/div[2]/div[2]/ul/li[3]/div/div/a/span' not found
	at com.kms.katalon.core.webui.common.WebUiCommonHelper.findWebElement(WebUiCommonHelper.java:1370)
	at com.kms.katalon.core.webui.keyword.internal.WebUIAbstractKeyword.findWebElement(WebUIAbstractKeyword.groovy:27)
	at com.kms.katalon.core.webui.keyword.builtin.ClickKeyword$_click_closure1.doCall(ClickKeyword.groovy:65)
	at com.kms.katalon.core.webui.keyword.builtin.ClickKeyword$_click_closure1.call(ClickKeyword.groovy)
	at com.kms.katalon.core.webui.keyword.internal.WebUIKeywordMain.runKeyword(WebUIKeywordMain.groovy:20)
	... 22 more


2023-03-07 12:06:27 - [TEST_STEP][PASSED] - Start listener action : skipStatus: null

2023-03-07 12:06:27 - [TEST_STEP][PASSED] - map = testCaseContext.getTestCaseVariables(): null

2023-03-07 12:06:27 - [TEST_STEP][PASSED] - testcae_status = map.get("testcase_status"): null

2023-03-07 12:06:27 - [TEST_STEP][PASSED] - println(testcae_status): null

2023-03-07 12:06:27 - [TEST_STEP][PASSED] - if (testcae_status == "Passed" || testcae_status == "Failed"): null

2023-03-07 12:06:27 - [TEST_STEP][PASSED] - log = new com.kms.katalon.core.util.KeywordUtil(): null

2023-03-07 12:06:27 - [TEST_STEP][PASSED] - openBrowser(""): Browser is opened with url: ''

2023-03-07 12:06:27 - [MESSAGE][WARNING] - A browser is already opened. Closing browser and opening a new one

2023-03-07 12:06:28 - [MESSAGE][INFO] - Starting 'Chrome' driver

2023-03-07 12:06:28 - [MESSAGE][INFO] - Action delay is set to 0 milliseconds

2023-03-07 12:06:29 - [MESSAGE][PASSED] - Browser is opened with url: ''

2023-03-07 12:06:29 - [TEST_STEP][PASSED] - maximizeWindow(): Current window maximized

2023-03-07 12:06:29 - [MESSAGE][PASSED] - Current window maximized

2023-03-07 12:06:29 - [TEST_STEP][PASSED] - shopify.store.loginShopifyPartner(partner_email, partner_password, partner_id): shopify.store.loginShopifyPartner is PASSED

2023-03-07 12:06:33 - [MESSAGE][PASSED] - Navigate to 'https://partners.shopify.com/1662018/stores/new' successfully

2023-03-07 12:06:34 - [MESSAGE][PASSED] - Text 'huynh@firegroup.io' is set on object 'Object Repository/Shopify/input_email_shopify'

2023-03-07 12:06:36 - [MESSAGE][PASSED] - Object: 'Object Repository/Shopify/btn_continue_with_email' is clicked on

2023-03-07 12:06:38 - [MESSAGE][PASSED] - Text ****** has been set on object 'Object Repository/Shopify/input_password_shopify'

2023-03-07 12:06:44 - [MESSAGE][PASSED] - Object: 'Object Repository/Shopify/btn_login' is clicked on

2023-03-07 12:06:44 - [MESSAGE][PASSED] - shopify.store.loginShopifyPartner is PASSED

2023-03-07 12:06:44 - [TEST_STEP][PASSED] - shopify.store.navigateToStoreDevelop(partner_id): shopify.store.navigateToStoreDevelop is PASSED

2023-03-07 12:06:44 - [MESSAGE][PASSED] - Navigate to 'https://partners.shopify.com/1662018/stores/new?store_type=dev_preview_store&developer_preview_handle=checkout_extensibility' successfully

2023-03-07 12:06:44 - [MESSAGE][PASSED] - shopify.store.navigateToStoreDevelop is PASSED

2023-03-07 12:06:44 - [TEST_STEP][PASSED] - shopify.store.inputStoreName(store_name): shopify.store.inputStoreName is PASSED

2023-03-07 12:06:46 - [MESSAGE][PASSED] - Text 'khanh-ar-stag-1080' is set on object 'Object Repository/Shopify/input_store_name'

2023-03-07 12:06:51 - [MESSAGE][PASSED] - Delayed 5 second(s)

2023-03-07 12:06:51 - [MESSAGE][PASSED] - shopify.store.inputStoreName is PASSED

2023-03-07 12:06:51 - [TEST_STEP][PASSED] - shopify.store.clickCreateStore(): shopify.store.clickCreateStore is PASSED

2023-03-07 12:06:51 - [MESSAGE][PASSED] - Object: 'Object Repository/Shopify/btn_create_store' is clicked on

2023-03-07 12:06:51 - [MESSAGE][PASSED] - Wait for page load successfully

2023-03-07 12:06:51 - [MESSAGE][PASSED] - shopify.store.clickCreateStore is PASSED

2023-03-07 12:06:51 - [TEST_STEP][FAILED] - shopify.store.importProduct(product_file_local): Unable to click on object 'Object Repository/Shopify/span_product'

2023-03-07 12:07:22 - [MESSAGE][INFO] - Unable to find the element located by 'By.xpath: //div[@id='AppFrameNav']/div/nav/div[2]/div[2]/ul/li[3]/div/div/a/span'. Please recheck the objects properties to make sure the desired element is located. 

2023-03-07 12:07:22 - [MESSAGE][WARNING] - [SELF-HEALING] Failed to find element with id 'Object Repository/Shopify/span_product'. Try using Self-healing.

2023-03-07 12:07:23 - [MESSAGE][INFO] - [SELF-HEALING] No working XPath is found.

2023-03-07 12:07:25 - [MESSAGE][INFO] - Unable to find the element located by 'By.xpath: '. Please recheck the objects properties to make sure the desired element is located. 

2023-03-07 12:07:25 - [MESSAGE][WARNING] - [SELF-HEALING] Cannot find elements when the selector is null

2023-03-07 12:07:25 - [MESSAGE][FAILED] - Unable to click on object 'Object Repository/Shopify/span_product' (Root cause: com.kms.katalon.core.exception.StepFailedException: Unable to click on object 'Object Repository/Shopify/span_product'
	at com.kms.katalon.core.webui.keyword.internal.WebUIKeywordMain.stepFailed(WebUIKeywordMain.groovy:64)
	at com.kms.katalon.core.webui.keyword.internal.WebUIKeywordMain.runKeyword(WebUIKeywordMain.groovy:26)
	at com.kms.katalon.core.webui.keyword.builtin.ClickKeyword.click(ClickKeyword.groovy:74)
	at com.kms.katalon.core.webui.keyword.builtin.ClickKeyword.execute(ClickKeyword.groovy:40)
	at com.kms.katalon.core.keyword.internal.KeywordExecutor.executeKeywordForPlatform(KeywordExecutor.groovy:74)
	at com.kms.katalon.core.webui.keyword.WebUiBuiltInKeywords.click(WebUiBuiltInKeywords.groovy:620)
	at com.kms.katalon.core.webui.keyword.WebUiBuiltInKeywords$click$3.call(Unknown Source)
	at shopify.store.importProduct(store.groovy:51)
	at shopify.store.invokeMethod(store.groovy)
	at com.kms.katalon.core.main.CustomKeywordDelegatingMetaClass.invokeStaticMethod(CustomKeywordDelegatingMetaClass.java:55)
	at CreateStore.run(CreateStore:46)
	at com.kms.katalon.core.main.ScriptEngine.run(ScriptEngine.java:194)
	at com.kms.katalon.core.main.ScriptEngine.runScriptAsRawText(ScriptEngine.java:119)
	at com.kms.katalon.core.main.TestCaseExecutor.runScript(TestCaseExecutor.java:448)
	at com.kms.katalon.core.main.TestCaseExecutor.doExecute(TestCaseExecutor.java:439)
	at com.kms.katalon.core.main.TestCaseExecutor.processExecutionPhase(TestCaseExecutor.java:418)
	at com.kms.katalon.core.main.TestCaseExecutor.accessMainPhase(TestCaseExecutor.java:410)
	at com.kms.katalon.core.main.TestCaseExecutor.execute(TestCaseExecutor.java:285)
	at com.kms.katalon.core.common.CommonExecutor.accessTestCaseMainPhase(CommonExecutor.java:65)
	at com.kms.katalon.core.main.TestSuiteExecutor.accessTestSuiteMainPhase(TestSuiteExecutor.java:151)
	at com.kms.katalon.core.main.TestSuiteExecutor.execute(TestSuiteExecutor.java:106)
	at com.kms.katalon.core.main.TestCaseMain.startTestSuite(TestCaseMain.java:185)
	at com.kms.katalon.core.main.TestCaseMain$startTestSuite$0.call(Unknown Source)
	at TempTestSuite1678162735898.run(TempTestSuite1678162735898.groovy:36)
Caused by: com.kms.katalon.core.webui.exception.WebElementNotFoundException: Web element with id: 'Object Repository/Shopify/span_product' located by '//div[@id='AppFrameNav']/div/nav/div[2]/div[2]/ul/li[3]/div/div/a/span' not found
	at com.kms.katalon.core.webui.common.WebUiCommonHelper.findWebElement(WebUiCommonHelper.java:1370)
	at com.kms.katalon.core.webui.keyword.internal.WebUIAbstractKeyword.findWebElement(WebUIAbstractKeyword.groovy:27)
	at com.kms.katalon.core.webui.keyword.builtin.ClickKeyword$_click_closure1.doCall(ClickKeyword.groovy:65)
	at com.kms.katalon.core.webui.keyword.builtin.ClickKeyword$_click_closure1.call(ClickKeyword.groovy)
	at com.kms.katalon.core.webui.keyword.internal.WebUIKeywordMain.runKeyword(WebUIKeywordMain.groovy:20)
	at com.kms.katalon.core.webui.keyword.builtin.ClickKeyword.click(ClickKeyword.groovy:74)
	at com.kms.katalon.core.webui.keyword.builtin.ClickKeyword.execute(ClickKeyword.groovy:40)
	at com.kms.katalon.core.keyword.internal.KeywordExecutor.executeKeywordForPlatform(KeywordExecutor.groovy:74)
	at com.kms.katalon.core.webui.keyword.WebUiBuiltInKeywords.click(WebUiBuiltInKeywords.groovy:620)
	at com.kms.katalon.core.webui.keyword.WebUiBuiltInKeywords$click$3.call(Unknown Source)
	at shopify.store.importProduct(store.groovy:51)
	at shopify.store.invokeMethod(store.groovy)
	at com.kms.katalon.core.main.CustomKeywordDelegatingMetaClass.invokeStaticMethod(CustomKeywordDelegatingMetaClass.java:55)
	at Script1673851860327.run(Script1673851860327.groovy:46)
	... 13 more
)
[[ATTACHMENT|C:\\Users\\huynh\\Documents\\Socialhead\\Automation\\Katalon project\\CreateStore\\CreateStore\\Reports\\20230307_111854\\Store\\Create Store\\20230307_111855\\1678165645117.png]]

2023-03-07 12:07:25 - [MESSAGE][FAILED] - Unable to click on object 'Object Repository/Shopify/span_product'

2023-03-07 12:07:25 - [TEST_STEP][PASSED] - Start tear down : teardownIfFailed: Method 'teardownIfFailed' complete successfully

2023-03-07 12:07:25 - [TEST_STEP][PASSED] - data.excel.updateValueToSheet(file_data, "store", 4, store_name, 7, "Failed"): data.excel.updateValueToSheet is PASSED

2023-03-07 12:07:25 - [MESSAGE][PASSED] - data.excel.updateValueToSheet is PASSED

2023-03-07 12:07:25 - [MESSAGE][PASSED] - Method 'teardownIfFailed' complete successfully]]></system-out>
         <system-err><![CDATA[2023-03-07 12:06:27 - [TEST_CASE][FAILED] - Test Cases/Shopify/CreateStore: Test Cases/Shopify/CreateStore FAILED.
Reason:
com.kms.katalon.core.exception.StepFailedException: Unable to click on object 'Object Repository/Shopify/span_product'
	at com.kms.katalon.core.webui.keyword.internal.WebUIKeywordMain.stepFailed(WebUIKeywordMain.groovy:64)
	at com.kms.katalon.core.webui.keyword.internal.WebUIKeywordMain.runKeyword(WebUIKeywordMain.groovy:26)
	at com.kms.katalon.core.webui.keyword.builtin.ClickKeyword.click(ClickKeyword.groovy:74)
	at com.kms.katalon.core.webui.keyword.builtin.ClickKeyword.execute(ClickKeyword.groovy:40)
	at com.kms.katalon.core.keyword.internal.KeywordExecutor.executeKeywordForPlatform(KeywordExecutor.groovy:74)
	at com.kms.katalon.core.webui.keyword.WebUiBuiltInKeywords.click(WebUiBuiltInKeywords.groovy:620)
	at com.kms.katalon.core.webui.keyword.WebUiBuiltInKeywords$click$3.call(Unknown Source)
	at shopify.store.importProduct(store.groovy:51)
	at shopify.store.invokeMethod(store.groovy)
	at com.kms.katalon.core.main.CustomKeywordDelegatingMetaClass.invokeStaticMethod(CustomKeywordDelegatingMetaClass.java:55)
	at CreateStore.run(CreateStore:46)
	at com.kms.katalon.core.main.ScriptEngine.run(ScriptEngine.java:194)
	at com.kms.katalon.core.main.ScriptEngine.runScriptAsRawText(ScriptEngine.java:119)
	at com.kms.katalon.core.main.TestCaseExecutor.runScript(TestCaseExecutor.java:448)
	at com.kms.katalon.core.main.TestCaseExecutor.doExecute(TestCaseExecutor.java:439)
	at com.kms.katalon.core.main.TestCaseExecutor.processExecutionPhase(TestCaseExecutor.java:418)
	at com.kms.katalon.core.main.TestCaseExecutor.accessMainPhase(TestCaseExecutor.java:410)
	at com.kms.katalon.core.main.TestCaseExecutor.execute(TestCaseExecutor.java:285)
	at com.kms.katalon.core.common.CommonExecutor.accessTestCaseMainPhase(CommonExecutor.java:65)
	at com.kms.katalon.core.main.TestSuiteExecutor.accessTestSuiteMainPhase(TestSuiteExecutor.java:151)
	at com.kms.katalon.core.main.TestSuiteExecutor.execute(TestSuiteExecutor.java:106)
	at com.kms.katalon.core.main.TestCaseMain.startTestSuite(TestCaseMain.java:185)
	at com.kms.katalon.core.main.TestCaseMain$startTestSuite$0.call(Unknown Source)
	at TempTestSuite1678162735898.run(TempTestSuite1678162735898.groovy:36)
Caused by: com.kms.katalon.core.webui.exception.WebElementNotFoundException: Web element with id: 'Object Repository/Shopify/span_product' located by '//div[@id='AppFrameNav']/div/nav/div[2]/div[2]/ul/li[3]/div/div/a/span' not found
	at com.kms.katalon.core.webui.common.WebUiCommonHelper.findWebElement(WebUiCommonHelper.java:1370)
	at com.kms.katalon.core.webui.keyword.internal.WebUIAbstractKeyword.findWebElement(WebUIAbstractKeyword.groovy:27)
	at com.kms.katalon.core.webui.keyword.builtin.ClickKeyword$_click_closure1.doCall(ClickKeyword.groovy:65)
	at com.kms.katalon.core.webui.keyword.builtin.ClickKeyword$_click_closure1.call(ClickKeyword.groovy)
	at com.kms.katalon.core.webui.keyword.internal.WebUIKeywordMain.runKeyword(WebUIKeywordMain.groovy:20)
	... 22 more]]></system-err>
      </testcase>
      <testcase name="Test Cases/Shopify/CreateStore" time="305.832" classname="Test Cases/Shopify/CreateStore" status="PASSED">
         <system-out><![CDATA[2023-03-07 12:07:25 - [TEST_CASE][PASSED] - Test Cases/Shopify/CreateStore: Test Cases/Shopify/CreateStore

2023-03-07 12:07:25 - [TEST_STEP][PASSED] - Start listener action : skipStatus: null

2023-03-07 12:07:25 - [TEST_STEP][PASSED] - map = testCaseContext.getTestCaseVariables(): null

2023-03-07 12:07:25 - [TEST_STEP][PASSED] - testcae_status = map.get("testcase_status"): null

2023-03-07 12:07:25 - [TEST_STEP][PASSED] - println(testcae_status): null

2023-03-07 12:07:25 - [TEST_STEP][PASSED] - if (testcae_status == "Passed" || testcae_status == "Failed"): null

2023-03-07 12:07:25 - [TEST_STEP][PASSED] - log = new com.kms.katalon.core.util.KeywordUtil(): null

2023-03-07 12:07:25 - [TEST_STEP][PASSED] - openBrowser(""): Browser is opened with url: ''

2023-03-07 12:07:25 - [MESSAGE][WARNING] - A browser is already opened. Closing browser and opening a new one

2023-03-07 12:07:25 - [MESSAGE][INFO] - Starting 'Chrome' driver

2023-03-07 12:07:25 - [MESSAGE][INFO] - Action delay is set to 0 milliseconds

2023-03-07 12:07:27 - [MESSAGE][PASSED] - Browser is opened with url: ''

2023-03-07 12:07:27 - [TEST_STEP][PASSED] - maximizeWindow(): Current window maximized

2023-03-07 12:07:27 - [MESSAGE][PASSED] - Current window maximized

2023-03-07 12:07:27 - [TEST_STEP][PASSED] - shopify.store.loginShopifyPartner(partner_email, partner_password, partner_id): shopify.store.loginShopifyPartner is PASSED

2023-03-07 12:07:31 - [MESSAGE][PASSED] - Navigate to 'https://partners.shopify.com/1662018/stores/new' successfully

2023-03-07 12:07:32 - [MESSAGE][PASSED] - Text 'huynh@firegroup.io' is set on object 'Object Repository/Shopify/input_email_shopify'

2023-03-07 12:07:33 - [MESSAGE][PASSED] - Object: 'Object Repository/Shopify/btn_continue_with_email' is clicked on

2023-03-07 12:07:35 - [MESSAGE][PASSED] - Text ****** has been set on object 'Object Repository/Shopify/input_password_shopify'

2023-03-07 12:07:40 - [MESSAGE][PASSED] - Object: 'Object Repository/Shopify/btn_login' is clicked on

2023-03-07 12:07:40 - [MESSAGE][PASSED] - shopify.store.loginShopifyPartner is PASSED

2023-03-07 12:07:40 - [TEST_STEP][PASSED] - shopify.store.navigateToStoreDevelop(partner_id): shopify.store.navigateToStoreDevelop is PASSED

2023-03-07 12:07:41 - [MESSAGE][PASSED] - Navigate to 'https://partners.shopify.com/1662018/stores/new?store_type=dev_preview_store&developer_preview_handle=checkout_extensibility' successfully

2023-03-07 12:07:41 - [MESSAGE][PASSED] - shopify.store.navigateToStoreDevelop is PASSED

2023-03-07 12:07:41 - [TEST_STEP][PASSED] - shopify.store.inputStoreName(store_name): shopify.store.inputStoreName is PASSED

2023-03-07 12:07:43 - [MESSAGE][PASSED] - Text 'khanh-ar-stag-1081' is set on object 'Object Repository/Shopify/input_store_name'

2023-03-07 12:07:48 - [MESSAGE][PASSED] - Delayed 5 second(s)

2023-03-07 12:07:48 - [MESSAGE][PASSED] - shopify.store.inputStoreName is PASSED

2023-03-07 12:07:48 - [TEST_STEP][PASSED] - shopify.store.clickCreateStore(): shopify.store.clickCreateStore is PASSED

2023-03-07 12:07:48 - [MESSAGE][PASSED] - Object: 'Object Repository/Shopify/btn_create_store' is clicked on

2023-03-07 12:07:48 - [MESSAGE][PASSED] - Wait for page load successfully

2023-03-07 12:07:48 - [MESSAGE][PASSED] - shopify.store.clickCreateStore is PASSED

2023-03-07 12:07:48 - [TEST_STEP][PASSED] - shopify.store.importProduct(product_file_local): shopify.store.importProduct is PASSED

2023-03-07 12:08:18 - [MESSAGE][PASSED] - Object: 'Object Repository/Shopify/span_product' is clicked on

2023-03-07 12:08:20 - [MESSAGE][PASSED] - Object: 'Object Repository/Shopify/span_import_product' is clicked on

2023-03-07 12:08:20 - [MESSAGE][PASSED] - File 'C:\Users\huynh\Documents\Socialhead\Automation\Katalon project\CreateStore\CreateStore\Data\products_export.csv' sent to object: 'Object Repository/Shopify/file_product'

2023-03-07 12:08:21 - [MESSAGE][PASSED] - Object: 'Object Repository/Shopify/span_upload_product_continue' is clicked on

2023-03-07 12:08:25 - [MESSAGE][PASSED] - Object: 'Object Repository/Shopify/btn_product_confirm_import' is clicked on

2023-03-07 12:08:55 - [MESSAGE][PASSED] - Delayed 30 second(s)

2023-03-07 12:08:55 - [MESSAGE][PASSED] - Refresh successfully

2023-03-07 12:09:10 - [MESSAGE][PASSED] - Delayed 15 second(s)

2023-03-07 12:09:10 - [MESSAGE][PASSED] - shopify.store.importProduct is PASSED

2023-03-07 12:09:10 - [TEST_STEP][PASSED] - shopify.store.clickOnMenuOnlineStore(): shopify.store.clickOnMenuOnlineStore is PASSED

2023-03-07 12:09:10 - [MESSAGE][PASSED] - Object: 'Object Repository/Shopify Store/a_onlie_store' is clicked on

2023-03-07 12:09:20 - [MESSAGE][PASSED] - Delayed 10 second(s)

2023-03-07 12:09:20 - [MESSAGE][PASSED] - shopify.store.clickOnMenuOnlineStore is PASSED

2023-03-07 12:09:20 - [TEST_STEP][PASSED] - shopify.store.clickOnImportTheme(): shopify.store.clickOnImportTheme is PASSED

2023-03-07 12:09:30 - [MESSAGE][PASSED] - Delayed 10 second(s)

2023-03-07 12:09:40 - [MESSAGE][PASSED] - Delayed 10 second(s)

2023-03-07 12:09:41 - [MESSAGE][PASSED] - Object: 'Object Repository/Shopify Store/btn_add_theme' is clicked on

2023-03-07 12:09:41 - [MESSAGE][PASSED] - shopify.store.clickOnImportTheme is PASSED

2023-03-07 12:09:41 - [TEST_STEP][PASSED] - shopify.store.innstallThemeShopifyViaUrl(theme_url, store_name): shopify.store.innstallThemeShopifyViaUrl is PASSED

2023-03-07 12:09:43 - [MESSAGE][PASSED] - Navigate to 'https://themes.shopify.com/themes/sense?shop=khanh-ar-stag-1081.myshopify.com' successfully

2023-03-07 12:10:01 - [MESSAGE][PASSED] - Object: 'Object Repository/Shopify/div_user_card_name' is clicked on

2023-03-07 12:10:04 - [MESSAGE][PASSED] - Object: 'Object Repository/Shopify Theme/a_trytheme' is clicked on

2023-03-07 12:10:35 - [MESSAGE][INFO] - Unable to find the element located by 'By.xpath: //*[@class = 'user-card__name']'. Please recheck the objects properties to make sure the desired element is located. 

2023-03-07 12:10:35 - [MESSAGE][WARNING] - [SELF-HEALING] Failed to find element with id 'Object Repository/Shopify/div_user_card_name'. Try using Self-healing.

2023-03-07 12:10:35 - [MESSAGE][WARNING] - [SELF-HEALING] Cannot find elements when the XPath is null.

2023-03-07 12:10:35 - [MESSAGE][WARNING] - [SELF-HEALING] Cannot find elements when the selector is null

2023-03-07 12:10:36 - [MESSAGE][WARNING] - Unable to click on object 'Object Repository/Shopify/div_user_card_name' (Root cause: com.kms.katalon.core.exception.StepFailedException: Unable to click on object 'Object Repository/Shopify/div_user_card_name'
	at com.kms.katalon.core.webui.keyword.internal.WebUIKeywordMain.stepFailed(WebUIKeywordMain.groovy:64)
	at com.kms.katalon.core.webui.keyword.internal.WebUIKeywordMain.runKeyword(WebUIKeywordMain.groovy:26)
	at com.kms.katalon.core.webui.keyword.builtin.ClickKeyword.click(ClickKeyword.groovy:74)
	at com.kms.katalon.core.webui.keyword.builtin.ClickKeyword.execute(ClickKeyword.groovy:40)
	at com.kms.katalon.core.keyword.internal.KeywordExecutor.executeKeywordForPlatform(KeywordExecutor.groovy:74)
	at com.kms.katalon.core.webui.keyword.WebUiBuiltInKeywords.click(WebUiBuiltInKeywords.groovy:608)
	at com.kms.katalon.core.webui.keyword.WebUiBuiltInKeywords$click$10.call(Unknown Source)
	at shopify.store.innstallThemeShopifyViaUrl(store.groovy:121)
	at shopify.store.invokeMethod(store.groovy)
	at com.kms.katalon.core.main.CustomKeywordDelegatingMetaClass.invokeStaticMethod(CustomKeywordDelegatingMetaClass.java:55)
	at CreateStore.run(CreateStore:52)
	at com.kms.katalon.core.main.ScriptEngine.run(ScriptEngine.java:194)
	at com.kms.katalon.core.main.ScriptEngine.runScriptAsRawText(ScriptEngine.java:119)
	at com.kms.katalon.core.main.TestCaseExecutor.runScript(TestCaseExecutor.java:448)
	at com.kms.katalon.core.main.TestCaseExecutor.doExecute(TestCaseExecutor.java:439)
	at com.kms.katalon.core.main.TestCaseExecutor.processExecutionPhase(TestCaseExecutor.java:418)
	at com.kms.katalon.core.main.TestCaseExecutor.accessMainPhase(TestCaseExecutor.java:410)
	at com.kms.katalon.core.main.TestCaseExecutor.execute(TestCaseExecutor.java:285)
	at com.kms.katalon.core.common.CommonExecutor.accessTestCaseMainPhase(CommonExecutor.java:65)
	at com.kms.katalon.core.main.TestSuiteExecutor.accessTestSuiteMainPhase(TestSuiteExecutor.java:151)
	at com.kms.katalon.core.main.TestSuiteExecutor.execute(TestSuiteExecutor.java:106)
	at com.kms.katalon.core.main.TestCaseMain.startTestSuite(TestCaseMain.java:185)
	at com.kms.katalon.core.main.TestCaseMain$startTestSuite$0.call(Unknown Source)
	at TempTestSuite1678162735898.run(TempTestSuite1678162735898.groovy:36)
Caused by: com.kms.katalon.core.webui.exception.WebElementNotFoundException: Web element with id: 'Object Repository/Shopify/div_user_card_name' located by '//*[@class = 'user-card__name']' not found
	at com.kms.katalon.core.webui.common.WebUiCommonHelper.findWebElement(WebUiCommonHelper.java:1370)
	at com.kms.katalon.core.webui.keyword.internal.WebUIAbstractKeyword.findWebElement(WebUIAbstractKeyword.groovy:27)
	at com.kms.katalon.core.webui.keyword.builtin.ClickKeyword$_click_closure1.doCall(ClickKeyword.groovy:65)
	at com.kms.katalon.core.webui.keyword.builtin.ClickKeyword$_click_closure1.call(ClickKeyword.groovy)
	at com.kms.katalon.core.webui.keyword.internal.WebUIKeywordMain.runKeyword(WebUIKeywordMain.groovy:20)
	at com.kms.katalon.core.webui.keyword.builtin.ClickKeyword.click(ClickKeyword.groovy:74)
	at com.kms.katalon.core.webui.keyword.builtin.ClickKeyword.execute(ClickKeyword.groovy:40)
	at com.kms.katalon.core.keyword.internal.KeywordExecutor.executeKeywordForPlatform(KeywordExecutor.groovy:74)
	at com.kms.katalon.core.webui.keyword.WebUiBuiltInKeywords.click(WebUiBuiltInKeywords.groovy:608)
	at com.kms.katalon.core.webui.keyword.WebUiBuiltInKeywords$click$10.call(Unknown Source)
	at shopify.store.innstallThemeShopifyViaUrl(store.groovy:121)
	at shopify.store.invokeMethod(store.groovy)
	at com.kms.katalon.core.main.CustomKeywordDelegatingMetaClass.invokeStaticMethod(CustomKeywordDelegatingMetaClass.java:55)
	at Script1673851860327.run(Script1673851860327.groovy:52)
	... 13 more
)
[[ATTACHMENT|C:\\Users\\huynh\\Documents\\Socialhead\\Automation\\Katalon project\\CreateStore\\CreateStore\\Reports\\20230307_111854\\Store\\Create Store\\20230307_111855\\1678165835973.png]]

2023-03-07 12:10:39 - [MESSAGE][PASSED] - Navigate to 'https://themes.shopify.com/themes/sense?shop=khanh-ar-stag-1081.myshopify.com' successfully

2023-03-07 12:10:42 - [MESSAGE][PASSED] - Object: 'Object Repository/Shopify Theme/a_trytheme' is clicked on

2023-03-07 12:10:42 - [MESSAGE][PASSED] - shopify.store.innstallThemeShopifyViaUrl is PASSED

2023-03-07 12:10:42 - [TEST_STEP][PASSED] - shopify.store.clickPublishTheme(): shopify.store.clickPublishTheme is PASSED

2023-03-07 12:11:12 - [MESSAGE][PASSED] - Delayed 30 second(s)

2023-03-07 12:11:12 - [MESSAGE][PASSED] - Refresh successfully

2023-03-07 12:11:42 - [MESSAGE][PASSED] - Delayed 30 second(s)

2023-03-07 12:11:43 - [MESSAGE][PASSED] - Object 'Object Repository/Shopify Store/btn_publish_theme' is clickable

2023-03-07 12:11:43 - [MESSAGE][PASSED] - Object: 'Object Repository/Shopify Store/btn_publish_theme' is clicked on

2023-03-07 12:11:43 - [MESSAGE][PASSED] - shopify.store.clickPublishTheme is PASSED

2023-03-07 12:11:43 - [TEST_STEP][PASSED] - shopify.store.confirmPublishTheme(): shopify.store.confirmPublishTheme is PASSED

2023-03-07 12:11:53 - [MESSAGE][PASSED] - Delayed 10 second(s)

2023-03-07 12:11:53 - [MESSAGE][PASSED] - Object: 'Object Repository/Shopify Store/btn_confirm_publish_theme' is clicked on

2023-03-07 12:11:53 - [MESSAGE][PASSED] - shopify.store.confirmPublishTheme is PASSED

2023-03-07 12:11:53 - [TEST_STEP][PASSED] - shopify.store_setting.changeStoreCurrency(currency, store_name): shopify.store_setting.changeStoreCurrency is PASSED

2023-03-07 12:12:03 - [MESSAGE][PASSED] - Delayed 10 second(s)

2023-03-07 12:12:04 - [MESSAGE][PASSED] - Navigate to 'http://khanh-ar-stag-1081.myshopify.com/admin/settings/general' successfully

2023-03-07 12:12:12 - [MESSAGE][PASSED] - All options with value 'USD' are selected in object 'Object Repository/Shopify Store/select_currency' 

2023-03-07 12:12:12 - [MESSAGE][PASSED] - shopify.store_setting.changeStoreCurrency is PASSED

2023-03-07 12:12:12 - [TEST_STEP][PASSED] - shopify.store_setting.saveStoreSetting(): shopify.store_setting.saveStoreSetting is PASSED

2023-03-07 12:12:12 - [MESSAGE][PASSED] - Object: 'Object Repository/Shopify Store/span_save_admin_setting' is clicked on

2023-03-07 12:12:12 - [MESSAGE][PASSED] - shopify.store_setting.saveStoreSetting is PASSED

2023-03-07 12:12:12 - [TEST_STEP][PASSED] - shopify.store_setting.changeStorePassword(store_name, "1"): shopify.store_setting.changeStorePassword is PASSED

2023-03-07 12:12:22 - [MESSAGE][PASSED] - Delayed 10 second(s)

2023-03-07 12:12:23 - [MESSAGE][PASSED] - Navigate to 'http://khanh-ar-stag-1081.myshopify.com/admin/online_store/preferences?tutorial=unlock' successfully

2023-03-07 12:12:30 - [MESSAGE][PASSED] - Web element with id: 'Object Repository/Shopify Store/div_loading_bar' located by 'By.xpath: //*[@id = 'AppFrameLoadingBar']' is not present after '50' second(s)

2023-03-07 12:12:31 - [MESSAGE][PASSED] - Keys '1' sent to object: 'Object Repository/Shopify Store/input_storefront_password'

2023-03-07 12:12:31 - [MESSAGE][PASSED] - Keys 'ENTER + ' sent to object: 'Object Repository/Shopify Store/input_storefront_password'

2023-03-07 12:12:31 - [MESSAGE][PASSED] - shopify.store_setting.changeStorePassword is PASSED

2023-03-07 12:12:31 - [TEST_STEP][PASSED] - Start tear down : teardownIfPassed: Method 'teardownIfPassed' complete successfully

2023-03-07 12:12:31 - [TEST_STEP][PASSED] - data.excel.updateValueToSheet(file_data, "store", 4, store_name, 7, "Passed"): data.excel.updateValueToSheet is PASSED

2023-03-07 12:12:31 - [MESSAGE][PASSED] - data.excel.updateValueToSheet is PASSED

2023-03-07 12:12:31 - [MESSAGE][PASSED] - Method 'teardownIfPassed' complete successfully]]></system-out>
         <system-err><![CDATA[]]></system-err>
      </testcase>
      <testcase name="Test Cases/Shopify/CreateStore" time="57.842" classname="Test Cases/Shopify/CreateStore" status="FAILED">
         <failure type="FAILED" message="Test Cases/Shopify/CreateStore FAILED.
Reason:
com.kms.katalon.core.exception.StepFailedException: Unable to click on object 'Object Repository/Shopify/span_product'
	at com.kms.katalon.core.webui.keyword.internal.WebUIKeywordMain.stepFailed(WebUIKeywordMain.groovy:64)
	at com.kms.katalon.core.webui.keyword.internal.WebUIKeywordMain.runKeyword(WebUIKeywordMain.groovy:26)
	at com.kms.katalon.core.webui.keyword.builtin.ClickKeyword.click(ClickKeyword.groovy:74)
	at com.kms.katalon.core.webui.keyword.builtin.ClickKeyword.execute(ClickKeyword.groovy:40)
	at com.kms.katalon.core.keyword.internal.KeywordExecutor.executeKeywordForPlatform(KeywordExecutor.groovy:74)
	at com.kms.katalon.core.webui.keyword.WebUiBuiltInKeywords.click(WebUiBuiltInKeywords.groovy:620)
	at com.kms.katalon.core.webui.keyword.WebUiBuiltInKeywords$click$3.call(Unknown Source)
	at shopify.store.importProduct(store.groovy:51)
	at shopify.store.invokeMethod(store.groovy)
	at com.kms.katalon.core.main.CustomKeywordDelegatingMetaClass.invokeStaticMethod(CustomKeywordDelegatingMetaClass.java:55)
	at CreateStore.run(CreateStore:46)
	at com.kms.katalon.core.main.ScriptEngine.run(ScriptEngine.java:194)
	at com.kms.katalon.core.main.ScriptEngine.runScriptAsRawText(ScriptEngine.java:119)
	at com.kms.katalon.core.main.TestCaseExecutor.runScript(TestCaseExecutor.java:448)
	at com.kms.katalon.core.main.TestCaseExecutor.doExecute(TestCaseExecutor.java:439)
	at com.kms.katalon.core.main.TestCaseExecutor.processExecutionPhase(TestCaseExecutor.java:418)
	at com.kms.katalon.core.main.TestCaseExecutor.accessMainPhase(TestCaseExecutor.java:410)
	at com.kms.katalon.core.main.TestCaseExecutor.execute(TestCaseExecutor.java:285)
	at com.kms.katalon.core.common.CommonExecutor.accessTestCaseMainPhase(CommonExecutor.java:65)
	at com.kms.katalon.core.main.TestSuiteExecutor.accessTestSuiteMainPhase(TestSuiteExecutor.java:151)
	at com.kms.katalon.core.main.TestSuiteExecutor.execute(TestSuiteExecutor.java:106)
	at com.kms.katalon.core.main.TestCaseMain.startTestSuite(TestCaseMain.java:185)
	at com.kms.katalon.core.main.TestCaseMain$startTestSuite$0.call(Unknown Source)
	at TempTestSuite1678162735898.run(TempTestSuite1678162735898.groovy:36)
Caused by: com.kms.katalon.core.webui.exception.WebElementNotFoundException: Web element with id: 'Object Repository/Shopify/span_product' located by '//div[@id='AppFrameNav']/div/nav/div[2]/div[2]/ul/li[3]/div/div/a/span' not found
	at com.kms.katalon.core.webui.common.WebUiCommonHelper.findWebElement(WebUiCommonHelper.java:1370)
	at com.kms.katalon.core.webui.keyword.internal.WebUIAbstractKeyword.findWebElement(WebUIAbstractKeyword.groovy:27)
	at com.kms.katalon.core.webui.keyword.builtin.ClickKeyword$_click_closure1.doCall(ClickKeyword.groovy:65)
	at com.kms.katalon.core.webui.keyword.builtin.ClickKeyword$_click_closure1.call(ClickKeyword.groovy)
	at com.kms.katalon.core.webui.keyword.internal.WebUIKeywordMain.runKeyword(WebUIKeywordMain.groovy:20)
	... 22 more
"/>
         <system-out><![CDATA[2023-03-07 12:12:31 - [TEST_CASE][FAILED] - Test Cases/Shopify/CreateStore: Test Cases/Shopify/CreateStore FAILED.
Reason:
com.kms.katalon.core.exception.StepFailedException: Unable to click on object 'Object Repository/Shopify/span_product'
	at com.kms.katalon.core.webui.keyword.internal.WebUIKeywordMain.stepFailed(WebUIKeywordMain.groovy:64)
	at com.kms.katalon.core.webui.keyword.internal.WebUIKeywordMain.runKeyword(WebUIKeywordMain.groovy:26)
	at com.kms.katalon.core.webui.keyword.builtin.ClickKeyword.click(ClickKeyword.groovy:74)
	at com.kms.katalon.core.webui.keyword.builtin.ClickKeyword.execute(ClickKeyword.groovy:40)
	at com.kms.katalon.core.keyword.internal.KeywordExecutor.executeKeywordForPlatform(KeywordExecutor.groovy:74)
	at com.kms.katalon.core.webui.keyword.WebUiBuiltInKeywords.click(WebUiBuiltInKeywords.groovy:620)
	at com.kms.katalon.core.webui.keyword.WebUiBuiltInKeywords$click$3.call(Unknown Source)
	at shopify.store.importProduct(store.groovy:51)
	at shopify.store.invokeMethod(store.groovy)
	at com.kms.katalon.core.main.CustomKeywordDelegatingMetaClass.invokeStaticMethod(CustomKeywordDelegatingMetaClass.java:55)
	at CreateStore.run(CreateStore:46)
	at com.kms.katalon.core.main.ScriptEngine.run(ScriptEngine.java:194)
	at com.kms.katalon.core.main.ScriptEngine.runScriptAsRawText(ScriptEngine.java:119)
	at com.kms.katalon.core.main.TestCaseExecutor.runScript(TestCaseExecutor.java:448)
	at com.kms.katalon.core.main.TestCaseExecutor.doExecute(TestCaseExecutor.java:439)
	at com.kms.katalon.core.main.TestCaseExecutor.processExecutionPhase(TestCaseExecutor.java:418)
	at com.kms.katalon.core.main.TestCaseExecutor.accessMainPhase(TestCaseExecutor.java:410)
	at com.kms.katalon.core.main.TestCaseExecutor.execute(TestCaseExecutor.java:285)
	at com.kms.katalon.core.common.CommonExecutor.accessTestCaseMainPhase(CommonExecutor.java:65)
	at com.kms.katalon.core.main.TestSuiteExecutor.accessTestSuiteMainPhase(TestSuiteExecutor.java:151)
	at com.kms.katalon.core.main.TestSuiteExecutor.execute(TestSuiteExecutor.java:106)
	at com.kms.katalon.core.main.TestCaseMain.startTestSuite(TestCaseMain.java:185)
	at com.kms.katalon.core.main.TestCaseMain$startTestSuite$0.call(Unknown Source)
	at TempTestSuite1678162735898.run(TempTestSuite1678162735898.groovy:36)
Caused by: com.kms.katalon.core.webui.exception.WebElementNotFoundException: Web element with id: 'Object Repository/Shopify/span_product' located by '//div[@id='AppFrameNav']/div/nav/div[2]/div[2]/ul/li[3]/div/div/a/span' not found
	at com.kms.katalon.core.webui.common.WebUiCommonHelper.findWebElement(WebUiCommonHelper.java:1370)
	at com.kms.katalon.core.webui.keyword.internal.WebUIAbstractKeyword.findWebElement(WebUIAbstractKeyword.groovy:27)
	at com.kms.katalon.core.webui.keyword.builtin.ClickKeyword$_click_closure1.doCall(ClickKeyword.groovy:65)
	at com.kms.katalon.core.webui.keyword.builtin.ClickKeyword$_click_closure1.call(ClickKeyword.groovy)
	at com.kms.katalon.core.webui.keyword.internal.WebUIKeywordMain.runKeyword(WebUIKeywordMain.groovy:20)
	... 22 more


2023-03-07 12:12:31 - [TEST_STEP][PASSED] - Start listener action : skipStatus: null

2023-03-07 12:12:31 - [TEST_STEP][PASSED] - map = testCaseContext.getTestCaseVariables(): null

2023-03-07 12:12:31 - [TEST_STEP][PASSED] - testcae_status = map.get("testcase_status"): null

2023-03-07 12:12:31 - [TEST_STEP][PASSED] - println(testcae_status): null

2023-03-07 12:12:31 - [TEST_STEP][PASSED] - if (testcae_status == "Passed" || testcae_status == "Failed"): null

2023-03-07 12:12:31 - [TEST_STEP][PASSED] - log = new com.kms.katalon.core.util.KeywordUtil(): null

2023-03-07 12:12:31 - [TEST_STEP][PASSED] - openBrowser(""): Browser is opened with url: ''

2023-03-07 12:12:31 - [MESSAGE][WARNING] - A browser is already opened. Closing browser and opening a new one

2023-03-07 12:12:31 - [MESSAGE][INFO] - Starting 'Chrome' driver

2023-03-07 12:12:31 - [MESSAGE][INFO] - Action delay is set to 0 milliseconds

2023-03-07 12:12:32 - [MESSAGE][PASSED] - Browser is opened with url: ''

2023-03-07 12:12:32 - [TEST_STEP][PASSED] - maximizeWindow(): Current window maximized

2023-03-07 12:12:33 - [MESSAGE][PASSED] - Current window maximized

2023-03-07 12:12:33 - [TEST_STEP][PASSED] - shopify.store.loginShopifyPartner(partner_email, partner_password, partner_id): shopify.store.loginShopifyPartner is PASSED

2023-03-07 12:12:36 - [MESSAGE][PASSED] - Navigate to 'https://partners.shopify.com/1662018/stores/new' successfully

2023-03-07 12:12:37 - [MESSAGE][PASSED] - Text 'huynh@firegroup.io' is set on object 'Object Repository/Shopify/input_email_shopify'

2023-03-07 12:12:40 - [MESSAGE][PASSED] - Object: 'Object Repository/Shopify/btn_continue_with_email' is clicked on

2023-03-07 12:12:42 - [MESSAGE][PASSED] - Text ****** has been set on object 'Object Repository/Shopify/input_password_shopify'

2023-03-07 12:12:47 - [MESSAGE][PASSED] - Object: 'Object Repository/Shopify/btn_login' is clicked on

2023-03-07 12:12:47 - [MESSAGE][PASSED] - shopify.store.loginShopifyPartner is PASSED

2023-03-07 12:12:47 - [TEST_STEP][PASSED] - shopify.store.navigateToStoreDevelop(partner_id): shopify.store.navigateToStoreDevelop is PASSED

2023-03-07 12:12:48 - [MESSAGE][PASSED] - Navigate to 'https://partners.shopify.com/1662018/stores/new?store_type=dev_preview_store&developer_preview_handle=checkout_extensibility' successfully

2023-03-07 12:12:48 - [MESSAGE][PASSED] - shopify.store.navigateToStoreDevelop is PASSED

2023-03-07 12:12:48 - [TEST_STEP][PASSED] - shopify.store.inputStoreName(store_name): shopify.store.inputStoreName is PASSED

2023-03-07 12:12:50 - [MESSAGE][PASSED] - Text 'khanh-ar-stag-1082' is set on object 'Object Repository/Shopify/input_store_name'

2023-03-07 12:12:55 - [MESSAGE][PASSED] - Delayed 5 second(s)

2023-03-07 12:12:55 - [MESSAGE][PASSED] - shopify.store.inputStoreName is PASSED

2023-03-07 12:12:55 - [TEST_STEP][PASSED] - shopify.store.clickCreateStore(): shopify.store.clickCreateStore is PASSED

2023-03-07 12:12:55 - [MESSAGE][PASSED] - Object: 'Object Repository/Shopify/btn_create_store' is clicked on

2023-03-07 12:12:55 - [MESSAGE][PASSED] - Wait for page load successfully

2023-03-07 12:12:55 - [MESSAGE][PASSED] - shopify.store.clickCreateStore is PASSED

2023-03-07 12:12:55 - [TEST_STEP][FAILED] - shopify.store.importProduct(product_file_local): Unable to click on object 'Object Repository/Shopify/span_product'

2023-03-07 12:13:26 - [MESSAGE][INFO] - Unable to find the element located by 'By.xpath: //div[@id='AppFrameNav']/div/nav/div[2]/div[2]/ul/li[3]/div/div/a/span'. Please recheck the objects properties to make sure the desired element is located. 

2023-03-07 12:13:26 - [MESSAGE][WARNING] - [SELF-HEALING] Failed to find element with id 'Object Repository/Shopify/span_product'. Try using Self-healing.

2023-03-07 12:13:27 - [MESSAGE][INFO] - [SELF-HEALING] No working XPath is found.

2023-03-07 12:13:28 - [MESSAGE][INFO] - Unable to find the element located by 'By.xpath: '. Please recheck the objects properties to make sure the desired element is located. 

2023-03-07 12:13:28 - [MESSAGE][WARNING] - [SELF-HEALING] Cannot find elements when the selector is null

2023-03-07 12:13:29 - [MESSAGE][FAILED] - Unable to click on object 'Object Repository/Shopify/span_product' (Root cause: com.kms.katalon.core.exception.StepFailedException: Unable to click on object 'Object Repository/Shopify/span_product'
	at com.kms.katalon.core.webui.keyword.internal.WebUIKeywordMain.stepFailed(WebUIKeywordMain.groovy:64)
	at com.kms.katalon.core.webui.keyword.internal.WebUIKeywordMain.runKeyword(WebUIKeywordMain.groovy:26)
	at com.kms.katalon.core.webui.keyword.builtin.ClickKeyword.click(ClickKeyword.groovy:74)
	at com.kms.katalon.core.webui.keyword.builtin.ClickKeyword.execute(ClickKeyword.groovy:40)
	at com.kms.katalon.core.keyword.internal.KeywordExecutor.executeKeywordForPlatform(KeywordExecutor.groovy:74)
	at com.kms.katalon.core.webui.keyword.WebUiBuiltInKeywords.click(WebUiBuiltInKeywords.groovy:620)
	at com.kms.katalon.core.webui.keyword.WebUiBuiltInKeywords$click$3.call(Unknown Source)
	at shopify.store.importProduct(store.groovy:51)
	at shopify.store.invokeMethod(store.groovy)
	at com.kms.katalon.core.main.CustomKeywordDelegatingMetaClass.invokeStaticMethod(CustomKeywordDelegatingMetaClass.java:55)
	at CreateStore.run(CreateStore:46)
	at com.kms.katalon.core.main.ScriptEngine.run(ScriptEngine.java:194)
	at com.kms.katalon.core.main.ScriptEngine.runScriptAsRawText(ScriptEngine.java:119)
	at com.kms.katalon.core.main.TestCaseExecutor.runScript(TestCaseExecutor.java:448)
	at com.kms.katalon.core.main.TestCaseExecutor.doExecute(TestCaseExecutor.java:439)
	at com.kms.katalon.core.main.TestCaseExecutor.processExecutionPhase(TestCaseExecutor.java:418)
	at com.kms.katalon.core.main.TestCaseExecutor.accessMainPhase(TestCaseExecutor.java:410)
	at com.kms.katalon.core.main.TestCaseExecutor.execute(TestCaseExecutor.java:285)
	at com.kms.katalon.core.common.CommonExecutor.accessTestCaseMainPhase(CommonExecutor.java:65)
	at com.kms.katalon.core.main.TestSuiteExecutor.accessTestSuiteMainPhase(TestSuiteExecutor.java:151)
	at com.kms.katalon.core.main.TestSuiteExecutor.execute(TestSuiteExecutor.java:106)
	at com.kms.katalon.core.main.TestCaseMain.startTestSuite(TestCaseMain.java:185)
	at com.kms.katalon.core.main.TestCaseMain$startTestSuite$0.call(Unknown Source)
	at TempTestSuite1678162735898.run(TempTestSuite1678162735898.groovy:36)
Caused by: com.kms.katalon.core.webui.exception.WebElementNotFoundException: Web element with id: 'Object Repository/Shopify/span_product' located by '//div[@id='AppFrameNav']/div/nav/div[2]/div[2]/ul/li[3]/div/div/a/span' not found
	at com.kms.katalon.core.webui.common.WebUiCommonHelper.findWebElement(WebUiCommonHelper.java:1370)
	at com.kms.katalon.core.webui.keyword.internal.WebUIAbstractKeyword.findWebElement(WebUIAbstractKeyword.groovy:27)
	at com.kms.katalon.core.webui.keyword.builtin.ClickKeyword$_click_closure1.doCall(ClickKeyword.groovy:65)
	at com.kms.katalon.core.webui.keyword.builtin.ClickKeyword$_click_closure1.call(ClickKeyword.groovy)
	at com.kms.katalon.core.webui.keyword.internal.WebUIKeywordMain.runKeyword(WebUIKeywordMain.groovy:20)
	at com.kms.katalon.core.webui.keyword.builtin.ClickKeyword.click(ClickKeyword.groovy:74)
	at com.kms.katalon.core.webui.keyword.builtin.ClickKeyword.execute(ClickKeyword.groovy:40)
	at com.kms.katalon.core.keyword.internal.KeywordExecutor.executeKeywordForPlatform(KeywordExecutor.groovy:74)
	at com.kms.katalon.core.webui.keyword.WebUiBuiltInKeywords.click(WebUiBuiltInKeywords.groovy:620)
	at com.kms.katalon.core.webui.keyword.WebUiBuiltInKeywords$click$3.call(Unknown Source)
	at shopify.store.importProduct(store.groovy:51)
	at shopify.store.invokeMethod(store.groovy)
	at com.kms.katalon.core.main.CustomKeywordDelegatingMetaClass.invokeStaticMethod(CustomKeywordDelegatingMetaClass.java:55)
	at Script1673851860327.run(Script1673851860327.groovy:46)
	... 13 more
)
[[ATTACHMENT|C:\\Users\\huynh\\Documents\\Socialhead\\Automation\\Katalon project\\CreateStore\\CreateStore\\Reports\\20230307_111854\\Store\\Create Store\\20230307_111855\\1678166008869.png]]

2023-03-07 12:13:29 - [MESSAGE][FAILED] - Unable to click on object 'Object Repository/Shopify/span_product'

2023-03-07 12:13:29 - [TEST_STEP][PASSED] - Start tear down : teardownIfFailed: Method 'teardownIfFailed' complete successfully

2023-03-07 12:13:29 - [TEST_STEP][PASSED] - data.excel.updateValueToSheet(file_data, "store", 4, store_name, 7, "Failed"): data.excel.updateValueToSheet is PASSED

2023-03-07 12:13:29 - [MESSAGE][PASSED] - data.excel.updateValueToSheet is PASSED

2023-03-07 12:13:29 - [MESSAGE][PASSED] - Method 'teardownIfFailed' complete successfully]]></system-out>
         <system-err><![CDATA[2023-03-07 12:12:31 - [TEST_CASE][FAILED] - Test Cases/Shopify/CreateStore: Test Cases/Shopify/CreateStore FAILED.
Reason:
com.kms.katalon.core.exception.StepFailedException: Unable to click on object 'Object Repository/Shopify/span_product'
	at com.kms.katalon.core.webui.keyword.internal.WebUIKeywordMain.stepFailed(WebUIKeywordMain.groovy:64)
	at com.kms.katalon.core.webui.keyword.internal.WebUIKeywordMain.runKeyword(WebUIKeywordMain.groovy:26)
	at com.kms.katalon.core.webui.keyword.builtin.ClickKeyword.click(ClickKeyword.groovy:74)
	at com.kms.katalon.core.webui.keyword.builtin.ClickKeyword.execute(ClickKeyword.groovy:40)
	at com.kms.katalon.core.keyword.internal.KeywordExecutor.executeKeywordForPlatform(KeywordExecutor.groovy:74)
	at com.kms.katalon.core.webui.keyword.WebUiBuiltInKeywords.click(WebUiBuiltInKeywords.groovy:620)
	at com.kms.katalon.core.webui.keyword.WebUiBuiltInKeywords$click$3.call(Unknown Source)
	at shopify.store.importProduct(store.groovy:51)
	at shopify.store.invokeMethod(store.groovy)
	at com.kms.katalon.core.main.CustomKeywordDelegatingMetaClass.invokeStaticMethod(CustomKeywordDelegatingMetaClass.java:55)
	at CreateStore.run(CreateStore:46)
	at com.kms.katalon.core.main.ScriptEngine.run(ScriptEngine.java:194)
	at com.kms.katalon.core.main.ScriptEngine.runScriptAsRawText(ScriptEngine.java:119)
	at com.kms.katalon.core.main.TestCaseExecutor.runScript(TestCaseExecutor.java:448)
	at com.kms.katalon.core.main.TestCaseExecutor.doExecute(TestCaseExecutor.java:439)
	at com.kms.katalon.core.main.TestCaseExecutor.processExecutionPhase(TestCaseExecutor.java:418)
	at com.kms.katalon.core.main.TestCaseExecutor.accessMainPhase(TestCaseExecutor.java:410)
	at com.kms.katalon.core.main.TestCaseExecutor.execute(TestCaseExecutor.java:285)
	at com.kms.katalon.core.common.CommonExecutor.accessTestCaseMainPhase(CommonExecutor.java:65)
	at com.kms.katalon.core.main.TestSuiteExecutor.accessTestSuiteMainPhase(TestSuiteExecutor.java:151)
	at com.kms.katalon.core.main.TestSuiteExecutor.execute(TestSuiteExecutor.java:106)
	at com.kms.katalon.core.main.TestCaseMain.startTestSuite(TestCaseMain.java:185)
	at com.kms.katalon.core.main.TestCaseMain$startTestSuite$0.call(Unknown Source)
	at TempTestSuite1678162735898.run(TempTestSuite1678162735898.groovy:36)
Caused by: com.kms.katalon.core.webui.exception.WebElementNotFoundException: Web element with id: 'Object Repository/Shopify/span_product' located by '//div[@id='AppFrameNav']/div/nav/div[2]/div[2]/ul/li[3]/div/div/a/span' not found
	at com.kms.katalon.core.webui.common.WebUiCommonHelper.findWebElement(WebUiCommonHelper.java:1370)
	at com.kms.katalon.core.webui.keyword.internal.WebUIAbstractKeyword.findWebElement(WebUIAbstractKeyword.groovy:27)
	at com.kms.katalon.core.webui.keyword.builtin.ClickKeyword$_click_closure1.doCall(ClickKeyword.groovy:65)
	at com.kms.katalon.core.webui.keyword.builtin.ClickKeyword$_click_closure1.call(ClickKeyword.groovy)
	at com.kms.katalon.core.webui.keyword.internal.WebUIKeywordMain.runKeyword(WebUIKeywordMain.groovy:20)
	... 22 more]]></system-err>
      </testcase>
      <testcase name="Test Cases/Shopify/CreateStore" time="299.911" classname="Test Cases/Shopify/CreateStore" status="PASSED">
         <system-out><![CDATA[2023-03-07 12:13:29 - [TEST_CASE][PASSED] - Test Cases/Shopify/CreateStore: Test Cases/Shopify/CreateStore

2023-03-07 12:13:29 - [TEST_STEP][PASSED] - Start listener action : skipStatus: null

2023-03-07 12:13:29 - [TEST_STEP][PASSED] - map = testCaseContext.getTestCaseVariables(): null

2023-03-07 12:13:29 - [TEST_STEP][PASSED] - testcae_status = map.get("testcase_status"): null

2023-03-07 12:13:29 - [TEST_STEP][PASSED] - println(testcae_status): null

2023-03-07 12:13:29 - [TEST_STEP][PASSED] - if (testcae_status == "Passed" || testcae_status == "Failed"): null

2023-03-07 12:13:29 - [TEST_STEP][PASSED] - log = new com.kms.katalon.core.util.KeywordUtil(): null

2023-03-07 12:13:29 - [TEST_STEP][PASSED] - openBrowser(""): Browser is opened with url: ''

2023-03-07 12:13:29 - [MESSAGE][WARNING] - A browser is already opened. Closing browser and opening a new one

2023-03-07 12:13:29 - [MESSAGE][INFO] - Starting 'Chrome' driver

2023-03-07 12:13:29 - [MESSAGE][INFO] - Action delay is set to 0 milliseconds

2023-03-07 12:13:30 - [MESSAGE][PASSED] - Browser is opened with url: ''

2023-03-07 12:13:30 - [TEST_STEP][PASSED] - maximizeWindow(): Current window maximized

2023-03-07 12:13:30 - [MESSAGE][PASSED] - Current window maximized

2023-03-07 12:13:30 - [TEST_STEP][PASSED] - shopify.store.loginShopifyPartner(partner_email, partner_password, partner_id): shopify.store.loginShopifyPartner is PASSED

2023-03-07 12:13:34 - [MESSAGE][PASSED] - Navigate to 'https://partners.shopify.com/1662018/stores/new' successfully

2023-03-07 12:13:35 - [MESSAGE][PASSED] - Text 'huynh@firegroup.io' is set on object 'Object Repository/Shopify/input_email_shopify'

2023-03-07 12:13:38 - [MESSAGE][PASSED] - Object: 'Object Repository/Shopify/btn_continue_with_email' is clicked on

2023-03-07 12:13:40 - [MESSAGE][PASSED] - Text ****** has been set on object 'Object Repository/Shopify/input_password_shopify'

2023-03-07 12:13:45 - [MESSAGE][PASSED] - Object: 'Object Repository/Shopify/btn_login' is clicked on

2023-03-07 12:13:45 - [MESSAGE][PASSED] - shopify.store.loginShopifyPartner is PASSED

2023-03-07 12:13:45 - [TEST_STEP][PASSED] - shopify.store.navigateToStoreDevelop(partner_id): shopify.store.navigateToStoreDevelop is PASSED

2023-03-07 12:13:46 - [MESSAGE][PASSED] - Navigate to 'https://partners.shopify.com/1662018/stores/new?store_type=dev_preview_store&developer_preview_handle=checkout_extensibility' successfully

2023-03-07 12:13:46 - [MESSAGE][PASSED] - shopify.store.navigateToStoreDevelop is PASSED

2023-03-07 12:13:46 - [TEST_STEP][PASSED] - shopify.store.inputStoreName(store_name): shopify.store.inputStoreName is PASSED

2023-03-07 12:13:47 - [MESSAGE][PASSED] - Text 'khanh-ar-stag-1083' is set on object 'Object Repository/Shopify/input_store_name'

2023-03-07 12:13:52 - [MESSAGE][PASSED] - Delayed 5 second(s)

2023-03-07 12:13:52 - [MESSAGE][PASSED] - shopify.store.inputStoreName is PASSED

2023-03-07 12:13:52 - [TEST_STEP][PASSED] - shopify.store.clickCreateStore(): shopify.store.clickCreateStore is PASSED

2023-03-07 12:13:52 - [MESSAGE][PASSED] - Object: 'Object Repository/Shopify/btn_create_store' is clicked on

2023-03-07 12:13:52 - [MESSAGE][PASSED] - Wait for page load successfully

2023-03-07 12:13:52 - [MESSAGE][PASSED] - shopify.store.clickCreateStore is PASSED

2023-03-07 12:13:52 - [TEST_STEP][PASSED] - shopify.store.importProduct(product_file_local): shopify.store.importProduct is PASSED

2023-03-07 12:14:24 - [MESSAGE][PASSED] - Object: 'Object Repository/Shopify/span_product' is clicked on

2023-03-07 12:14:26 - [MESSAGE][PASSED] - Object: 'Object Repository/Shopify/span_import_product' is clicked on

2023-03-07 12:14:26 - [MESSAGE][PASSED] - File 'C:\Users\huynh\Documents\Socialhead\Automation\Katalon project\CreateStore\CreateStore\Data\products_export.csv' sent to object: 'Object Repository/Shopify/file_product'

2023-03-07 12:14:27 - [MESSAGE][PASSED] - Object: 'Object Repository/Shopify/span_upload_product_continue' is clicked on

2023-03-07 12:14:30 - [MESSAGE][PASSED] - Object: 'Object Repository/Shopify/btn_product_confirm_import' is clicked on

2023-03-07 12:15:00 - [MESSAGE][PASSED] - Delayed 30 second(s)

2023-03-07 12:15:00 - [MESSAGE][PASSED] - Refresh successfully

2023-03-07 12:15:15 - [MESSAGE][PASSED] - Delayed 15 second(s)

2023-03-07 12:15:15 - [MESSAGE][PASSED] - shopify.store.importProduct is PASSED

2023-03-07 12:15:15 - [TEST_STEP][PASSED] - shopify.store.clickOnMenuOnlineStore(): shopify.store.clickOnMenuOnlineStore is PASSED

2023-03-07 12:15:16 - [MESSAGE][PASSED] - Object: 'Object Repository/Shopify Store/a_onlie_store' is clicked on

2023-03-07 12:15:26 - [MESSAGE][PASSED] - Delayed 10 second(s)

2023-03-07 12:15:26 - [MESSAGE][PASSED] - shopify.store.clickOnMenuOnlineStore is PASSED

2023-03-07 12:15:26 - [TEST_STEP][PASSED] - shopify.store.clickOnImportTheme(): shopify.store.clickOnImportTheme is PASSED

2023-03-07 12:15:36 - [MESSAGE][PASSED] - Delayed 10 second(s)

2023-03-07 12:15:46 - [MESSAGE][PASSED] - Delayed 10 second(s)

2023-03-07 12:15:46 - [MESSAGE][PASSED] - Object: 'Object Repository/Shopify Store/btn_add_theme' is clicked on

2023-03-07 12:15:46 - [MESSAGE][PASSED] - shopify.store.clickOnImportTheme is PASSED

2023-03-07 12:15:46 - [TEST_STEP][PASSED] - shopify.store.innstallThemeShopifyViaUrl(theme_url, store_name): shopify.store.innstallThemeShopifyViaUrl is PASSED

2023-03-07 12:15:49 - [MESSAGE][PASSED] - Navigate to 'https://themes.shopify.com/themes/sense?shop=khanh-ar-stag-1083.myshopify.com' successfully

2023-03-07 12:16:00 - [MESSAGE][PASSED] - Object: 'Object Repository/Shopify/div_user_card_name' is clicked on

2023-03-07 12:16:03 - [MESSAGE][PASSED] - Object: 'Object Repository/Shopify Theme/a_trytheme' is clicked on

2023-03-07 12:16:34 - [MESSAGE][INFO] - Unable to find the element located by 'By.xpath: //*[@class = 'user-card__name']'. Please recheck the objects properties to make sure the desired element is located. 

2023-03-07 12:16:34 - [MESSAGE][WARNING] - [SELF-HEALING] Failed to find element with id 'Object Repository/Shopify/div_user_card_name'. Try using Self-healing.

2023-03-07 12:16:34 - [MESSAGE][WARNING] - [SELF-HEALING] Cannot find elements when the XPath is null.

2023-03-07 12:16:34 - [MESSAGE][WARNING] - [SELF-HEALING] Cannot find elements when the selector is null

2023-03-07 12:16:35 - [MESSAGE][WARNING] - Unable to click on object 'Object Repository/Shopify/div_user_card_name' (Root cause: com.kms.katalon.core.exception.StepFailedException: Unable to click on object 'Object Repository/Shopify/div_user_card_name'
	at com.kms.katalon.core.webui.keyword.internal.WebUIKeywordMain.stepFailed(WebUIKeywordMain.groovy:64)
	at com.kms.katalon.core.webui.keyword.internal.WebUIKeywordMain.runKeyword(WebUIKeywordMain.groovy:26)
	at com.kms.katalon.core.webui.keyword.builtin.ClickKeyword.click(ClickKeyword.groovy:74)
	at com.kms.katalon.core.webui.keyword.builtin.ClickKeyword.execute(ClickKeyword.groovy:40)
	at com.kms.katalon.core.keyword.internal.KeywordExecutor.executeKeywordForPlatform(KeywordExecutor.groovy:74)
	at com.kms.katalon.core.webui.keyword.WebUiBuiltInKeywords.click(WebUiBuiltInKeywords.groovy:608)
	at com.kms.katalon.core.webui.keyword.WebUiBuiltInKeywords$click$10.call(Unknown Source)
	at shopify.store.innstallThemeShopifyViaUrl(store.groovy:121)
	at shopify.store.invokeMethod(store.groovy)
	at com.kms.katalon.core.main.CustomKeywordDelegatingMetaClass.invokeStaticMethod(CustomKeywordDelegatingMetaClass.java:55)
	at CreateStore.run(CreateStore:52)
	at com.kms.katalon.core.main.ScriptEngine.run(ScriptEngine.java:194)
	at com.kms.katalon.core.main.ScriptEngine.runScriptAsRawText(ScriptEngine.java:119)
	at com.kms.katalon.core.main.TestCaseExecutor.runScript(TestCaseExecutor.java:448)
	at com.kms.katalon.core.main.TestCaseExecutor.doExecute(TestCaseExecutor.java:439)
	at com.kms.katalon.core.main.TestCaseExecutor.processExecutionPhase(TestCaseExecutor.java:418)
	at com.kms.katalon.core.main.TestCaseExecutor.accessMainPhase(TestCaseExecutor.java:410)
	at com.kms.katalon.core.main.TestCaseExecutor.execute(TestCaseExecutor.java:285)
	at com.kms.katalon.core.common.CommonExecutor.accessTestCaseMainPhase(CommonExecutor.java:65)
	at com.kms.katalon.core.main.TestSuiteExecutor.accessTestSuiteMainPhase(TestSuiteExecutor.java:151)
	at com.kms.katalon.core.main.TestSuiteExecutor.execute(TestSuiteExecutor.java:106)
	at com.kms.katalon.core.main.TestCaseMain.startTestSuite(TestCaseMain.java:185)
	at com.kms.katalon.core.main.TestCaseMain$startTestSuite$0.call(Unknown Source)
	at TempTestSuite1678162735898.run(TempTestSuite1678162735898.groovy:36)
Caused by: com.kms.katalon.core.webui.exception.WebElementNotFoundException: Web element with id: 'Object Repository/Shopify/div_user_card_name' located by '//*[@class = 'user-card__name']' not found
	at com.kms.katalon.core.webui.common.WebUiCommonHelper.findWebElement(WebUiCommonHelper.java:1370)
	at com.kms.katalon.core.webui.keyword.internal.WebUIAbstractKeyword.findWebElement(WebUIAbstractKeyword.groovy:27)
	at com.kms.katalon.core.webui.keyword.builtin.ClickKeyword$_click_closure1.doCall(ClickKeyword.groovy:65)
	at com.kms.katalon.core.webui.keyword.builtin.ClickKeyword$_click_closure1.call(ClickKeyword.groovy)
	at com.kms.katalon.core.webui.keyword.internal.WebUIKeywordMain.runKeyword(WebUIKeywordMain.groovy:20)
	at com.kms.katalon.core.webui.keyword.builtin.ClickKeyword.click(ClickKeyword.groovy:74)
	at com.kms.katalon.core.webui.keyword.builtin.ClickKeyword.execute(ClickKeyword.groovy:40)
	at com.kms.katalon.core.keyword.internal.KeywordExecutor.executeKeywordForPlatform(KeywordExecutor.groovy:74)
	at com.kms.katalon.core.webui.keyword.WebUiBuiltInKeywords.click(WebUiBuiltInKeywords.groovy:608)
	at com.kms.katalon.core.webui.keyword.WebUiBuiltInKeywords$click$10.call(Unknown Source)
	at shopify.store.innstallThemeShopifyViaUrl(store.groovy:121)
	at shopify.store.invokeMethod(store.groovy)
	at com.kms.katalon.core.main.CustomKeywordDelegatingMetaClass.invokeStaticMethod(CustomKeywordDelegatingMetaClass.java:55)
	at Script1673851860327.run(Script1673851860327.groovy:52)
	... 13 more
)
[[ATTACHMENT|C:\\Users\\huynh\\Documents\\Socialhead\\Automation\\Katalon project\\CreateStore\\CreateStore\\Reports\\20230307_111854\\Store\\Create Store\\20230307_111855\\1678166194898.png]]

2023-03-07 12:16:37 - [MESSAGE][PASSED] - Navigate to 'https://themes.shopify.com/themes/sense?shop=khanh-ar-stag-1083.myshopify.com' successfully

2023-03-07 12:16:41 - [MESSAGE][PASSED] - Object: 'Object Repository/Shopify Theme/a_trytheme' is clicked on

2023-03-07 12:16:41 - [MESSAGE][PASSED] - shopify.store.innstallThemeShopifyViaUrl is PASSED

2023-03-07 12:16:41 - [TEST_STEP][PASSED] - shopify.store.clickPublishTheme(): shopify.store.clickPublishTheme is PASSED

2023-03-07 12:17:11 - [MESSAGE][PASSED] - Delayed 30 second(s)

2023-03-07 12:17:11 - [MESSAGE][PASSED] - Refresh successfully

2023-03-07 12:17:41 - [MESSAGE][PASSED] - Delayed 30 second(s)

2023-03-07 12:17:41 - [MESSAGE][PASSED] - Object 'Object Repository/Shopify Store/btn_publish_theme' is clickable

2023-03-07 12:17:42 - [MESSAGE][PASSED] - Object: 'Object Repository/Shopify Store/btn_publish_theme' is clicked on

2023-03-07 12:17:42 - [MESSAGE][PASSED] - shopify.store.clickPublishTheme is PASSED

2023-03-07 12:17:42 - [TEST_STEP][PASSED] - shopify.store.confirmPublishTheme(): shopify.store.confirmPublishTheme is PASSED

2023-03-07 12:17:52 - [MESSAGE][PASSED] - Delayed 10 second(s)

2023-03-07 12:17:52 - [MESSAGE][PASSED] - Object: 'Object Repository/Shopify Store/btn_confirm_publish_theme' is clicked on

2023-03-07 12:17:52 - [MESSAGE][PASSED] - shopify.store.confirmPublishTheme is PASSED

2023-03-07 12:17:52 - [TEST_STEP][PASSED] - shopify.store_setting.changeStoreCurrency(currency, store_name): shopify.store_setting.changeStoreCurrency is PASSED

2023-03-07 12:18:02 - [MESSAGE][PASSED] - Delayed 10 second(s)

2023-03-07 12:18:03 - [MESSAGE][PASSED] - Navigate to 'http://khanh-ar-stag-1083.myshopify.com/admin/settings/general' successfully

2023-03-07 12:18:10 - [MESSAGE][PASSED] - All options with value 'USD' are selected in object 'Object Repository/Shopify Store/select_currency' 

2023-03-07 12:18:10 - [MESSAGE][PASSED] - shopify.store_setting.changeStoreCurrency is PASSED

2023-03-07 12:18:10 - [TEST_STEP][PASSED] - shopify.store_setting.saveStoreSetting(): shopify.store_setting.saveStoreSetting is PASSED

2023-03-07 12:18:10 - [MESSAGE][PASSED] - Object: 'Object Repository/Shopify Store/span_save_admin_setting' is clicked on

2023-03-07 12:18:10 - [MESSAGE][PASSED] - shopify.store_setting.saveStoreSetting is PASSED

2023-03-07 12:18:10 - [TEST_STEP][PASSED] - shopify.store_setting.changeStorePassword(store_name, "1"): shopify.store_setting.changeStorePassword is PASSED

2023-03-07 12:18:20 - [MESSAGE][PASSED] - Delayed 10 second(s)

2023-03-07 12:18:21 - [MESSAGE][PASSED] - Navigate to 'http://khanh-ar-stag-1083.myshopify.com/admin/online_store/preferences?tutorial=unlock' successfully

2023-03-07 12:18:28 - [MESSAGE][PASSED] - Web element with id: 'Object Repository/Shopify Store/div_loading_bar' located by 'By.xpath: //*[@id = 'AppFrameLoadingBar']' is not present after '50' second(s)

2023-03-07 12:18:28 - [MESSAGE][PASSED] - Keys '1' sent to object: 'Object Repository/Shopify Store/input_storefront_password'

2023-03-07 12:18:29 - [MESSAGE][PASSED] - Keys 'ENTER + ' sent to object: 'Object Repository/Shopify Store/input_storefront_password'

2023-03-07 12:18:29 - [MESSAGE][PASSED] - shopify.store_setting.changeStorePassword is PASSED

2023-03-07 12:18:29 - [TEST_STEP][PASSED] - Start tear down : teardownIfPassed: Method 'teardownIfPassed' complete successfully

2023-03-07 12:18:29 - [TEST_STEP][PASSED] - data.excel.updateValueToSheet(file_data, "store", 4, store_name, 7, "Passed"): data.excel.updateValueToSheet is PASSED

2023-03-07 12:18:29 - [MESSAGE][PASSED] - data.excel.updateValueToSheet is PASSED

2023-03-07 12:18:29 - [MESSAGE][PASSED] - Method 'teardownIfPassed' complete successfully]]></system-out>
         <system-err><![CDATA[]]></system-err>
      </testcase>
      <testcase name="Test Cases/Shopify/CreateStore" time="57.163" classname="Test Cases/Shopify/CreateStore" status="FAILED">
         <failure type="FAILED" message="Test Cases/Shopify/CreateStore FAILED.
Reason:
com.kms.katalon.core.exception.StepFailedException: Unable to click on object 'Object Repository/Shopify/span_product'
	at com.kms.katalon.core.webui.keyword.internal.WebUIKeywordMain.stepFailed(WebUIKeywordMain.groovy:64)
	at com.kms.katalon.core.webui.keyword.internal.WebUIKeywordMain.runKeyword(WebUIKeywordMain.groovy:26)
	at com.kms.katalon.core.webui.keyword.builtin.ClickKeyword.click(ClickKeyword.groovy:74)
	at com.kms.katalon.core.webui.keyword.builtin.ClickKeyword.execute(ClickKeyword.groovy:40)
	at com.kms.katalon.core.keyword.internal.KeywordExecutor.executeKeywordForPlatform(KeywordExecutor.groovy:74)
	at com.kms.katalon.core.webui.keyword.WebUiBuiltInKeywords.click(WebUiBuiltInKeywords.groovy:620)
	at com.kms.katalon.core.webui.keyword.WebUiBuiltInKeywords$click$3.call(Unknown Source)
	at shopify.store.importProduct(store.groovy:51)
	at shopify.store.invokeMethod(store.groovy)
	at com.kms.katalon.core.main.CustomKeywordDelegatingMetaClass.invokeStaticMethod(CustomKeywordDelegatingMetaClass.java:55)
	at CreateStore.run(CreateStore:46)
	at com.kms.katalon.core.main.ScriptEngine.run(ScriptEngine.java:194)
	at com.kms.katalon.core.main.ScriptEngine.runScriptAsRawText(ScriptEngine.java:119)
	at com.kms.katalon.core.main.TestCaseExecutor.runScript(TestCaseExecutor.java:448)
	at com.kms.katalon.core.main.TestCaseExecutor.doExecute(TestCaseExecutor.java:439)
	at com.kms.katalon.core.main.TestCaseExecutor.processExecutionPhase(TestCaseExecutor.java:418)
	at com.kms.katalon.core.main.TestCaseExecutor.accessMainPhase(TestCaseExecutor.java:410)
	at com.kms.katalon.core.main.TestCaseExecutor.execute(TestCaseExecutor.java:285)
	at com.kms.katalon.core.common.CommonExecutor.accessTestCaseMainPhase(CommonExecutor.java:65)
	at com.kms.katalon.core.main.TestSuiteExecutor.accessTestSuiteMainPhase(TestSuiteExecutor.java:151)
	at com.kms.katalon.core.main.TestSuiteExecutor.execute(TestSuiteExecutor.java:106)
	at com.kms.katalon.core.main.TestCaseMain.startTestSuite(TestCaseMain.java:185)
	at com.kms.katalon.core.main.TestCaseMain$startTestSuite$0.call(Unknown Source)
	at TempTestSuite1678162735898.run(TempTestSuite1678162735898.groovy:36)
Caused by: com.kms.katalon.core.webui.exception.WebElementNotFoundException: Web element with id: 'Object Repository/Shopify/span_product' located by '//div[@id='AppFrameNav']/div/nav/div[2]/div[2]/ul/li[3]/div/div/a/span' not found
	at com.kms.katalon.core.webui.common.WebUiCommonHelper.findWebElement(WebUiCommonHelper.java:1370)
	at com.kms.katalon.core.webui.keyword.internal.WebUIAbstractKeyword.findWebElement(WebUIAbstractKeyword.groovy:27)
	at com.kms.katalon.core.webui.keyword.builtin.ClickKeyword$_click_closure1.doCall(ClickKeyword.groovy:65)
	at com.kms.katalon.core.webui.keyword.builtin.ClickKeyword$_click_closure1.call(ClickKeyword.groovy)
	at com.kms.katalon.core.webui.keyword.internal.WebUIKeywordMain.runKeyword(WebUIKeywordMain.groovy:20)
	... 22 more
"/>
         <system-out><![CDATA[2023-03-07 12:18:29 - [TEST_CASE][FAILED] - Test Cases/Shopify/CreateStore: Test Cases/Shopify/CreateStore FAILED.
Reason:
com.kms.katalon.core.exception.StepFailedException: Unable to click on object 'Object Repository/Shopify/span_product'
	at com.kms.katalon.core.webui.keyword.internal.WebUIKeywordMain.stepFailed(WebUIKeywordMain.groovy:64)
	at com.kms.katalon.core.webui.keyword.internal.WebUIKeywordMain.runKeyword(WebUIKeywordMain.groovy:26)
	at com.kms.katalon.core.webui.keyword.builtin.ClickKeyword.click(ClickKeyword.groovy:74)
	at com.kms.katalon.core.webui.keyword.builtin.ClickKeyword.execute(ClickKeyword.groovy:40)
	at com.kms.katalon.core.keyword.internal.KeywordExecutor.executeKeywordForPlatform(KeywordExecutor.groovy:74)
	at com.kms.katalon.core.webui.keyword.WebUiBuiltInKeywords.click(WebUiBuiltInKeywords.groovy:620)
	at com.kms.katalon.core.webui.keyword.WebUiBuiltInKeywords$click$3.call(Unknown Source)
	at shopify.store.importProduct(store.groovy:51)
	at shopify.store.invokeMethod(store.groovy)
	at com.kms.katalon.core.main.CustomKeywordDelegatingMetaClass.invokeStaticMethod(CustomKeywordDelegatingMetaClass.java:55)
	at CreateStore.run(CreateStore:46)
	at com.kms.katalon.core.main.ScriptEngine.run(ScriptEngine.java:194)
	at com.kms.katalon.core.main.ScriptEngine.runScriptAsRawText(ScriptEngine.java:119)
	at com.kms.katalon.core.main.TestCaseExecutor.runScript(TestCaseExecutor.java:448)
	at com.kms.katalon.core.main.TestCaseExecutor.doExecute(TestCaseExecutor.java:439)
	at com.kms.katalon.core.main.TestCaseExecutor.processExecutionPhase(TestCaseExecutor.java:418)
	at com.kms.katalon.core.main.TestCaseExecutor.accessMainPhase(TestCaseExecutor.java:410)
	at com.kms.katalon.core.main.TestCaseExecutor.execute(TestCaseExecutor.java:285)
	at com.kms.katalon.core.common.CommonExecutor.accessTestCaseMainPhase(CommonExecutor.java:65)
	at com.kms.katalon.core.main.TestSuiteExecutor.accessTestSuiteMainPhase(TestSuiteExecutor.java:151)
	at com.kms.katalon.core.main.TestSuiteExecutor.execute(TestSuiteExecutor.java:106)
	at com.kms.katalon.core.main.TestCaseMain.startTestSuite(TestCaseMain.java:185)
	at com.kms.katalon.core.main.TestCaseMain$startTestSuite$0.call(Unknown Source)
	at TempTestSuite1678162735898.run(TempTestSuite1678162735898.groovy:36)
Caused by: com.kms.katalon.core.webui.exception.WebElementNotFoundException: Web element with id: 'Object Repository/Shopify/span_product' located by '//div[@id='AppFrameNav']/div/nav/div[2]/div[2]/ul/li[3]/div/div/a/span' not found
	at com.kms.katalon.core.webui.common.WebUiCommonHelper.findWebElement(WebUiCommonHelper.java:1370)
	at com.kms.katalon.core.webui.keyword.internal.WebUIAbstractKeyword.findWebElement(WebUIAbstractKeyword.groovy:27)
	at com.kms.katalon.core.webui.keyword.builtin.ClickKeyword$_click_closure1.doCall(ClickKeyword.groovy:65)
	at com.kms.katalon.core.webui.keyword.builtin.ClickKeyword$_click_closure1.call(ClickKeyword.groovy)
	at com.kms.katalon.core.webui.keyword.internal.WebUIKeywordMain.runKeyword(WebUIKeywordMain.groovy:20)
	... 22 more


2023-03-07 12:18:29 - [TEST_STEP][PASSED] - Start listener action : skipStatus: null

2023-03-07 12:18:29 - [TEST_STEP][PASSED] - map = testCaseContext.getTestCaseVariables(): null

2023-03-07 12:18:29 - [TEST_STEP][PASSED] - testcae_status = map.get("testcase_status"): null

2023-03-07 12:18:29 - [TEST_STEP][PASSED] - println(testcae_status): null

2023-03-07 12:18:29 - [TEST_STEP][PASSED] - if (testcae_status == "Passed" || testcae_status == "Failed"): null

2023-03-07 12:18:29 - [TEST_STEP][PASSED] - log = new com.kms.katalon.core.util.KeywordUtil(): null

2023-03-07 12:18:29 - [TEST_STEP][PASSED] - openBrowser(""): Browser is opened with url: ''

2023-03-07 12:18:29 - [MESSAGE][WARNING] - A browser is already opened. Closing browser and opening a new one

2023-03-07 12:18:29 - [MESSAGE][INFO] - Starting 'Chrome' driver

2023-03-07 12:18:29 - [MESSAGE][INFO] - Action delay is set to 0 milliseconds

2023-03-07 12:18:30 - [MESSAGE][PASSED] - Browser is opened with url: ''

2023-03-07 12:18:30 - [TEST_STEP][PASSED] - maximizeWindow(): Current window maximized

2023-03-07 12:18:30 - [MESSAGE][PASSED] - Current window maximized

2023-03-07 12:18:30 - [TEST_STEP][PASSED] - shopify.store.loginShopifyPartner(partner_email, partner_password, partner_id): shopify.store.loginShopifyPartner is PASSED

2023-03-07 12:18:35 - [MESSAGE][PASSED] - Navigate to 'https://partners.shopify.com/1662018/stores/new' successfully

2023-03-07 12:18:36 - [MESSAGE][PASSED] - Text 'huynh@firegroup.io' is set on object 'Object Repository/Shopify/input_email_shopify'

2023-03-07 12:18:37 - [MESSAGE][PASSED] - Object: 'Object Repository/Shopify/btn_continue_with_email' is clicked on

2023-03-07 12:18:39 - [MESSAGE][PASSED] - Text ****** has been set on object 'Object Repository/Shopify/input_password_shopify'

2023-03-07 12:18:44 - [MESSAGE][PASSED] - Object: 'Object Repository/Shopify/btn_login' is clicked on

2023-03-07 12:18:44 - [MESSAGE][PASSED] - shopify.store.loginShopifyPartner is PASSED

2023-03-07 12:18:44 - [TEST_STEP][PASSED] - shopify.store.navigateToStoreDevelop(partner_id): shopify.store.navigateToStoreDevelop is PASSED

2023-03-07 12:18:45 - [MESSAGE][PASSED] - Navigate to 'https://partners.shopify.com/1662018/stores/new?store_type=dev_preview_store&developer_preview_handle=checkout_extensibility' successfully

2023-03-07 12:18:45 - [MESSAGE][PASSED] - shopify.store.navigateToStoreDevelop is PASSED

2023-03-07 12:18:45 - [TEST_STEP][PASSED] - shopify.store.inputStoreName(store_name): shopify.store.inputStoreName is PASSED

2023-03-07 12:18:47 - [MESSAGE][PASSED] - Text 'khanh-ar-stag-1084' is set on object 'Object Repository/Shopify/input_store_name'

2023-03-07 12:18:52 - [MESSAGE][PASSED] - Delayed 5 second(s)

2023-03-07 12:18:52 - [MESSAGE][PASSED] - shopify.store.inputStoreName is PASSED

2023-03-07 12:18:52 - [TEST_STEP][PASSED] - shopify.store.clickCreateStore(): shopify.store.clickCreateStore is PASSED

2023-03-07 12:18:52 - [MESSAGE][PASSED] - Object: 'Object Repository/Shopify/btn_create_store' is clicked on

2023-03-07 12:18:52 - [MESSAGE][PASSED] - Wait for page load successfully

2023-03-07 12:18:52 - [MESSAGE][PASSED] - shopify.store.clickCreateStore is PASSED

2023-03-07 12:18:52 - [TEST_STEP][FAILED] - shopify.store.importProduct(product_file_local): Unable to click on object 'Object Repository/Shopify/span_product'

2023-03-07 12:19:23 - [MESSAGE][INFO] - Unable to find the element located by 'By.xpath: //div[@id='AppFrameNav']/div/nav/div[2]/div[2]/ul/li[3]/div/div/a/span'. Please recheck the objects properties to make sure the desired element is located. 

2023-03-07 12:19:23 - [MESSAGE][WARNING] - [SELF-HEALING] Failed to find element with id 'Object Repository/Shopify/span_product'. Try using Self-healing.

2023-03-07 12:19:24 - [MESSAGE][INFO] - [SELF-HEALING] No working XPath is found.

2023-03-07 12:19:26 - [MESSAGE][INFO] - Unable to find the element located by 'By.xpath: '. Please recheck the objects properties to make sure the desired element is located. 

2023-03-07 12:19:26 - [MESSAGE][WARNING] - [SELF-HEALING] Cannot find elements when the selector is null

2023-03-07 12:19:26 - [MESSAGE][FAILED] - Unable to click on object 'Object Repository/Shopify/span_product' (Root cause: com.kms.katalon.core.exception.StepFailedException: Unable to click on object 'Object Repository/Shopify/span_product'
	at com.kms.katalon.core.webui.keyword.internal.WebUIKeywordMain.stepFailed(WebUIKeywordMain.groovy:64)
	at com.kms.katalon.core.webui.keyword.internal.WebUIKeywordMain.runKeyword(WebUIKeywordMain.groovy:26)
	at com.kms.katalon.core.webui.keyword.builtin.ClickKeyword.click(ClickKeyword.groovy:74)
	at com.kms.katalon.core.webui.keyword.builtin.ClickKeyword.execute(ClickKeyword.groovy:40)
	at com.kms.katalon.core.keyword.internal.KeywordExecutor.executeKeywordForPlatform(KeywordExecutor.groovy:74)
	at com.kms.katalon.core.webui.keyword.WebUiBuiltInKeywords.click(WebUiBuiltInKeywords.groovy:620)
	at com.kms.katalon.core.webui.keyword.WebUiBuiltInKeywords$click$3.call(Unknown Source)
	at shopify.store.importProduct(store.groovy:51)
	at shopify.store.invokeMethod(store.groovy)
	at com.kms.katalon.core.main.CustomKeywordDelegatingMetaClass.invokeStaticMethod(CustomKeywordDelegatingMetaClass.java:55)
	at CreateStore.run(CreateStore:46)
	at com.kms.katalon.core.main.ScriptEngine.run(ScriptEngine.java:194)
	at com.kms.katalon.core.main.ScriptEngine.runScriptAsRawText(ScriptEngine.java:119)
	at com.kms.katalon.core.main.TestCaseExecutor.runScript(TestCaseExecutor.java:448)
	at com.kms.katalon.core.main.TestCaseExecutor.doExecute(TestCaseExecutor.java:439)
	at com.kms.katalon.core.main.TestCaseExecutor.processExecutionPhase(TestCaseExecutor.java:418)
	at com.kms.katalon.core.main.TestCaseExecutor.accessMainPhase(TestCaseExecutor.java:410)
	at com.kms.katalon.core.main.TestCaseExecutor.execute(TestCaseExecutor.java:285)
	at com.kms.katalon.core.common.CommonExecutor.accessTestCaseMainPhase(CommonExecutor.java:65)
	at com.kms.katalon.core.main.TestSuiteExecutor.accessTestSuiteMainPhase(TestSuiteExecutor.java:151)
	at com.kms.katalon.core.main.TestSuiteExecutor.execute(TestSuiteExecutor.java:106)
	at com.kms.katalon.core.main.TestCaseMain.startTestSuite(TestCaseMain.java:185)
	at com.kms.katalon.core.main.TestCaseMain$startTestSuite$0.call(Unknown Source)
	at TempTestSuite1678162735898.run(TempTestSuite1678162735898.groovy:36)
Caused by: com.kms.katalon.core.webui.exception.WebElementNotFoundException: Web element with id: 'Object Repository/Shopify/span_product' located by '//div[@id='AppFrameNav']/div/nav/div[2]/div[2]/ul/li[3]/div/div/a/span' not found
	at com.kms.katalon.core.webui.common.WebUiCommonHelper.findWebElement(WebUiCommonHelper.java:1370)
	at com.kms.katalon.core.webui.keyword.internal.WebUIAbstractKeyword.findWebElement(WebUIAbstractKeyword.groovy:27)
	at com.kms.katalon.core.webui.keyword.builtin.ClickKeyword$_click_closure1.doCall(ClickKeyword.groovy:65)
	at com.kms.katalon.core.webui.keyword.builtin.ClickKeyword$_click_closure1.call(ClickKeyword.groovy)
	at com.kms.katalon.core.webui.keyword.internal.WebUIKeywordMain.runKeyword(WebUIKeywordMain.groovy:20)
	at com.kms.katalon.core.webui.keyword.builtin.ClickKeyword.click(ClickKeyword.groovy:74)
	at com.kms.katalon.core.webui.keyword.builtin.ClickKeyword.execute(ClickKeyword.groovy:40)
	at com.kms.katalon.core.keyword.internal.KeywordExecutor.executeKeywordForPlatform(KeywordExecutor.groovy:74)
	at com.kms.katalon.core.webui.keyword.WebUiBuiltInKeywords.click(WebUiBuiltInKeywords.groovy:620)
	at com.kms.katalon.core.webui.keyword.WebUiBuiltInKeywords$click$3.call(Unknown Source)
	at shopify.store.importProduct(store.groovy:51)
	at shopify.store.invokeMethod(store.groovy)
	at com.kms.katalon.core.main.CustomKeywordDelegatingMetaClass.invokeStaticMethod(CustomKeywordDelegatingMetaClass.java:55)
	at Script1673851860327.run(Script1673851860327.groovy:46)
	... 13 more
)
[[ATTACHMENT|C:\\Users\\huynh\\Documents\\Socialhead\\Automation\\Katalon project\\CreateStore\\CreateStore\\Reports\\20230307_111854\\Store\\Create Store\\20230307_111855\\1678166366059.png]]

2023-03-07 12:19:26 - [MESSAGE][FAILED] - Unable to click on object 'Object Repository/Shopify/span_product'

2023-03-07 12:19:26 - [TEST_STEP][PASSED] - Start tear down : teardownIfFailed: Method 'teardownIfFailed' complete successfully

2023-03-07 12:19:26 - [TEST_STEP][PASSED] - data.excel.updateValueToSheet(file_data, "store", 4, store_name, 7, "Failed"): data.excel.updateValueToSheet is PASSED

2023-03-07 12:19:26 - [MESSAGE][PASSED] - data.excel.updateValueToSheet is PASSED

2023-03-07 12:19:26 - [MESSAGE][PASSED] - Method 'teardownIfFailed' complete successfully]]></system-out>
         <system-err><![CDATA[2023-03-07 12:18:29 - [TEST_CASE][FAILED] - Test Cases/Shopify/CreateStore: Test Cases/Shopify/CreateStore FAILED.
Reason:
com.kms.katalon.core.exception.StepFailedException: Unable to click on object 'Object Repository/Shopify/span_product'
	at com.kms.katalon.core.webui.keyword.internal.WebUIKeywordMain.stepFailed(WebUIKeywordMain.groovy:64)
	at com.kms.katalon.core.webui.keyword.internal.WebUIKeywordMain.runKeyword(WebUIKeywordMain.groovy:26)
	at com.kms.katalon.core.webui.keyword.builtin.ClickKeyword.click(ClickKeyword.groovy:74)
	at com.kms.katalon.core.webui.keyword.builtin.ClickKeyword.execute(ClickKeyword.groovy:40)
	at com.kms.katalon.core.keyword.internal.KeywordExecutor.executeKeywordForPlatform(KeywordExecutor.groovy:74)
	at com.kms.katalon.core.webui.keyword.WebUiBuiltInKeywords.click(WebUiBuiltInKeywords.groovy:620)
	at com.kms.katalon.core.webui.keyword.WebUiBuiltInKeywords$click$3.call(Unknown Source)
	at shopify.store.importProduct(store.groovy:51)
	at shopify.store.invokeMethod(store.groovy)
	at com.kms.katalon.core.main.CustomKeywordDelegatingMetaClass.invokeStaticMethod(CustomKeywordDelegatingMetaClass.java:55)
	at CreateStore.run(CreateStore:46)
	at com.kms.katalon.core.main.ScriptEngine.run(ScriptEngine.java:194)
	at com.kms.katalon.core.main.ScriptEngine.runScriptAsRawText(ScriptEngine.java:119)
	at com.kms.katalon.core.main.TestCaseExecutor.runScript(TestCaseExecutor.java:448)
	at com.kms.katalon.core.main.TestCaseExecutor.doExecute(TestCaseExecutor.java:439)
	at com.kms.katalon.core.main.TestCaseExecutor.processExecutionPhase(TestCaseExecutor.java:418)
	at com.kms.katalon.core.main.TestCaseExecutor.accessMainPhase(TestCaseExecutor.java:410)
	at com.kms.katalon.core.main.TestCaseExecutor.execute(TestCaseExecutor.java:285)
	at com.kms.katalon.core.common.CommonExecutor.accessTestCaseMainPhase(CommonExecutor.java:65)
	at com.kms.katalon.core.main.TestSuiteExecutor.accessTestSuiteMainPhase(TestSuiteExecutor.java:151)
	at com.kms.katalon.core.main.TestSuiteExecutor.execute(TestSuiteExecutor.java:106)
	at com.kms.katalon.core.main.TestCaseMain.startTestSuite(TestCaseMain.java:185)
	at com.kms.katalon.core.main.TestCaseMain$startTestSuite$0.call(Unknown Source)
	at TempTestSuite1678162735898.run(TempTestSuite1678162735898.groovy:36)
Caused by: com.kms.katalon.core.webui.exception.WebElementNotFoundException: Web element with id: 'Object Repository/Shopify/span_product' located by '//div[@id='AppFrameNav']/div/nav/div[2]/div[2]/ul/li[3]/div/div/a/span' not found
	at com.kms.katalon.core.webui.common.WebUiCommonHelper.findWebElement(WebUiCommonHelper.java:1370)
	at com.kms.katalon.core.webui.keyword.internal.WebUIAbstractKeyword.findWebElement(WebUIAbstractKeyword.groovy:27)
	at com.kms.katalon.core.webui.keyword.builtin.ClickKeyword$_click_closure1.doCall(ClickKeyword.groovy:65)
	at com.kms.katalon.core.webui.keyword.builtin.ClickKeyword$_click_closure1.call(ClickKeyword.groovy)
	at com.kms.katalon.core.webui.keyword.internal.WebUIKeywordMain.runKeyword(WebUIKeywordMain.groovy:20)
	... 22 more]]></system-err>
      </testcase>
      <testcase name="Test Cases/Shopify/CreateStore" time="300.036" classname="Test Cases/Shopify/CreateStore" status="PASSED">
         <system-out><![CDATA[2023-03-07 12:19:26 - [TEST_CASE][PASSED] - Test Cases/Shopify/CreateStore: Test Cases/Shopify/CreateStore

2023-03-07 12:19:26 - [TEST_STEP][PASSED] - Start listener action : skipStatus: null

2023-03-07 12:19:26 - [TEST_STEP][PASSED] - map = testCaseContext.getTestCaseVariables(): null

2023-03-07 12:19:26 - [TEST_STEP][PASSED] - testcae_status = map.get("testcase_status"): null

2023-03-07 12:19:26 - [TEST_STEP][PASSED] - println(testcae_status): null

2023-03-07 12:19:26 - [TEST_STEP][PASSED] - if (testcae_status == "Passed" || testcae_status == "Failed"): null

2023-03-07 12:19:26 - [TEST_STEP][PASSED] - log = new com.kms.katalon.core.util.KeywordUtil(): null

2023-03-07 12:19:26 - [TEST_STEP][PASSED] - openBrowser(""): Browser is opened with url: ''

2023-03-07 12:19:26 - [MESSAGE][WARNING] - A browser is already opened. Closing browser and opening a new one

2023-03-07 12:19:26 - [MESSAGE][INFO] - Starting 'Chrome' driver

2023-03-07 12:19:26 - [MESSAGE][INFO] - Action delay is set to 0 milliseconds

2023-03-07 12:19:28 - [MESSAGE][PASSED] - Browser is opened with url: ''

2023-03-07 12:19:28 - [TEST_STEP][PASSED] - maximizeWindow(): Current window maximized

2023-03-07 12:19:28 - [MESSAGE][PASSED] - Current window maximized

2023-03-07 12:19:28 - [TEST_STEP][PASSED] - shopify.store.loginShopifyPartner(partner_email, partner_password, partner_id): shopify.store.loginShopifyPartner is PASSED

2023-03-07 12:19:31 - [MESSAGE][PASSED] - Navigate to 'https://partners.shopify.com/1662018/stores/new' successfully

2023-03-07 12:19:32 - [MESSAGE][PASSED] - Text 'huynh@firegroup.io' is set on object 'Object Repository/Shopify/input_email_shopify'

2023-03-07 12:19:35 - [MESSAGE][PASSED] - Object: 'Object Repository/Shopify/btn_continue_with_email' is clicked on

2023-03-07 12:19:37 - [MESSAGE][PASSED] - Text ****** has been set on object 'Object Repository/Shopify/input_password_shopify'

2023-03-07 12:19:43 - [MESSAGE][PASSED] - Object: 'Object Repository/Shopify/btn_login' is clicked on

2023-03-07 12:19:43 - [MESSAGE][PASSED] - shopify.store.loginShopifyPartner is PASSED

2023-03-07 12:19:43 - [TEST_STEP][PASSED] - shopify.store.navigateToStoreDevelop(partner_id): shopify.store.navigateToStoreDevelop is PASSED

2023-03-07 12:19:44 - [MESSAGE][PASSED] - Navigate to 'https://partners.shopify.com/1662018/stores/new?store_type=dev_preview_store&developer_preview_handle=checkout_extensibility' successfully

2023-03-07 12:19:44 - [MESSAGE][PASSED] - shopify.store.navigateToStoreDevelop is PASSED

2023-03-07 12:19:44 - [TEST_STEP][PASSED] - shopify.store.inputStoreName(store_name): shopify.store.inputStoreName is PASSED

2023-03-07 12:19:46 - [MESSAGE][PASSED] - Text 'khanh-ar-stag-1085' is set on object 'Object Repository/Shopify/input_store_name'

2023-03-07 12:19:51 - [MESSAGE][PASSED] - Delayed 5 second(s)

2023-03-07 12:19:51 - [MESSAGE][PASSED] - shopify.store.inputStoreName is PASSED

2023-03-07 12:19:51 - [TEST_STEP][PASSED] - shopify.store.clickCreateStore(): shopify.store.clickCreateStore is PASSED

2023-03-07 12:19:51 - [MESSAGE][PASSED] - Object: 'Object Repository/Shopify/btn_create_store' is clicked on

2023-03-07 12:19:51 - [MESSAGE][PASSED] - Wait for page load successfully

2023-03-07 12:19:51 - [MESSAGE][PASSED] - shopify.store.clickCreateStore is PASSED

2023-03-07 12:19:51 - [TEST_STEP][PASSED] - shopify.store.importProduct(product_file_local): shopify.store.importProduct is PASSED

2023-03-07 12:20:22 - [MESSAGE][PASSED] - Object: 'Object Repository/Shopify/span_product' is clicked on

2023-03-07 12:20:24 - [MESSAGE][PASSED] - Object: 'Object Repository/Shopify/span_import_product' is clicked on

2023-03-07 12:20:24 - [MESSAGE][PASSED] - File 'C:\Users\huynh\Documents\Socialhead\Automation\Katalon project\CreateStore\CreateStore\Data\products_export.csv' sent to object: 'Object Repository/Shopify/file_product'

2023-03-07 12:20:25 - [MESSAGE][PASSED] - Object: 'Object Repository/Shopify/span_upload_product_continue' is clicked on

2023-03-07 12:20:28 - [MESSAGE][PASSED] - Object: 'Object Repository/Shopify/btn_product_confirm_import' is clicked on

2023-03-07 12:20:58 - [MESSAGE][PASSED] - Delayed 30 second(s)

2023-03-07 12:20:58 - [MESSAGE][PASSED] - Refresh successfully

2023-03-07 12:21:13 - [MESSAGE][PASSED] - Delayed 15 second(s)

2023-03-07 12:21:13 - [MESSAGE][PASSED] - shopify.store.importProduct is PASSED

2023-03-07 12:21:13 - [TEST_STEP][PASSED] - shopify.store.clickOnMenuOnlineStore(): shopify.store.clickOnMenuOnlineStore is PASSED

2023-03-07 12:21:14 - [MESSAGE][PASSED] - Object: 'Object Repository/Shopify Store/a_onlie_store' is clicked on

2023-03-07 12:21:24 - [MESSAGE][PASSED] - Delayed 10 second(s)

2023-03-07 12:21:24 - [MESSAGE][PASSED] - shopify.store.clickOnMenuOnlineStore is PASSED

2023-03-07 12:21:24 - [TEST_STEP][PASSED] - shopify.store.clickOnImportTheme(): shopify.store.clickOnImportTheme is PASSED

2023-03-07 12:21:34 - [MESSAGE][PASSED] - Delayed 10 second(s)

2023-03-07 12:21:44 - [MESSAGE][PASSED] - Delayed 10 second(s)

2023-03-07 12:21:44 - [MESSAGE][PASSED] - Object: 'Object Repository/Shopify Store/btn_add_theme' is clicked on

2023-03-07 12:21:44 - [MESSAGE][PASSED] - shopify.store.clickOnImportTheme is PASSED

2023-03-07 12:21:44 - [TEST_STEP][PASSED] - shopify.store.innstallThemeShopifyViaUrl(theme_url, store_name): shopify.store.innstallThemeShopifyViaUrl is PASSED

2023-03-07 12:21:47 - [MESSAGE][PASSED] - Navigate to 'https://themes.shopify.com/themes/sense?shop=khanh-ar-stag-1085.myshopify.com' successfully

2023-03-07 12:21:56 - [MESSAGE][PASSED] - Object: 'Object Repository/Shopify/div_user_card_name' is clicked on

2023-03-07 12:22:00 - [MESSAGE][PASSED] - Object: 'Object Repository/Shopify Theme/a_trytheme' is clicked on

2023-03-07 12:22:31 - [MESSAGE][INFO] - Unable to find the element located by 'By.xpath: //*[@class = 'user-card__name']'. Please recheck the objects properties to make sure the desired element is located. 

2023-03-07 12:22:31 - [MESSAGE][WARNING] - [SELF-HEALING] Failed to find element with id 'Object Repository/Shopify/div_user_card_name'. Try using Self-healing.

2023-03-07 12:22:31 - [MESSAGE][WARNING] - [SELF-HEALING] Cannot find elements when the XPath is null.

2023-03-07 12:22:31 - [MESSAGE][WARNING] - [SELF-HEALING] Cannot find elements when the selector is null

2023-03-07 12:22:31 - [MESSAGE][WARNING] - Unable to click on object 'Object Repository/Shopify/div_user_card_name' (Root cause: com.kms.katalon.core.exception.StepFailedException: Unable to click on object 'Object Repository/Shopify/div_user_card_name'
	at com.kms.katalon.core.webui.keyword.internal.WebUIKeywordMain.stepFailed(WebUIKeywordMain.groovy:64)
	at com.kms.katalon.core.webui.keyword.internal.WebUIKeywordMain.runKeyword(WebUIKeywordMain.groovy:26)
	at com.kms.katalon.core.webui.keyword.builtin.ClickKeyword.click(ClickKeyword.groovy:74)
	at com.kms.katalon.core.webui.keyword.builtin.ClickKeyword.execute(ClickKeyword.groovy:40)
	at com.kms.katalon.core.keyword.internal.KeywordExecutor.executeKeywordForPlatform(KeywordExecutor.groovy:74)
	at com.kms.katalon.core.webui.keyword.WebUiBuiltInKeywords.click(WebUiBuiltInKeywords.groovy:608)
	at com.kms.katalon.core.webui.keyword.WebUiBuiltInKeywords$click$10.call(Unknown Source)
	at shopify.store.innstallThemeShopifyViaUrl(store.groovy:121)
	at shopify.store.invokeMethod(store.groovy)
	at com.kms.katalon.core.main.CustomKeywordDelegatingMetaClass.invokeStaticMethod(CustomKeywordDelegatingMetaClass.java:55)
	at CreateStore.run(CreateStore:52)
	at com.kms.katalon.core.main.ScriptEngine.run(ScriptEngine.java:194)
	at com.kms.katalon.core.main.ScriptEngine.runScriptAsRawText(ScriptEngine.java:119)
	at com.kms.katalon.core.main.TestCaseExecutor.runScript(TestCaseExecutor.java:448)
	at com.kms.katalon.core.main.TestCaseExecutor.doExecute(TestCaseExecutor.java:439)
	at com.kms.katalon.core.main.TestCaseExecutor.processExecutionPhase(TestCaseExecutor.java:418)
	at com.kms.katalon.core.main.TestCaseExecutor.accessMainPhase(TestCaseExecutor.java:410)
	at com.kms.katalon.core.main.TestCaseExecutor.execute(TestCaseExecutor.java:285)
	at com.kms.katalon.core.common.CommonExecutor.accessTestCaseMainPhase(CommonExecutor.java:65)
	at com.kms.katalon.core.main.TestSuiteExecutor.accessTestSuiteMainPhase(TestSuiteExecutor.java:151)
	at com.kms.katalon.core.main.TestSuiteExecutor.execute(TestSuiteExecutor.java:106)
	at com.kms.katalon.core.main.TestCaseMain.startTestSuite(TestCaseMain.java:185)
	at com.kms.katalon.core.main.TestCaseMain$startTestSuite$0.call(Unknown Source)
	at TempTestSuite1678162735898.run(TempTestSuite1678162735898.groovy:36)
Caused by: com.kms.katalon.core.webui.exception.WebElementNotFoundException: Web element with id: 'Object Repository/Shopify/div_user_card_name' located by '//*[@class = 'user-card__name']' not found
	at com.kms.katalon.core.webui.common.WebUiCommonHelper.findWebElement(WebUiCommonHelper.java:1370)
	at com.kms.katalon.core.webui.keyword.internal.WebUIAbstractKeyword.findWebElement(WebUIAbstractKeyword.groovy:27)
	at com.kms.katalon.core.webui.keyword.builtin.ClickKeyword$_click_closure1.doCall(ClickKeyword.groovy:65)
	at com.kms.katalon.core.webui.keyword.builtin.ClickKeyword$_click_closure1.call(ClickKeyword.groovy)
	at com.kms.katalon.core.webui.keyword.internal.WebUIKeywordMain.runKeyword(WebUIKeywordMain.groovy:20)
	at com.kms.katalon.core.webui.keyword.builtin.ClickKeyword.click(ClickKeyword.groovy:74)
	at com.kms.katalon.core.webui.keyword.builtin.ClickKeyword.execute(ClickKeyword.groovy:40)
	at com.kms.katalon.core.keyword.internal.KeywordExecutor.executeKeywordForPlatform(KeywordExecutor.groovy:74)
	at com.kms.katalon.core.webui.keyword.WebUiBuiltInKeywords.click(WebUiBuiltInKeywords.groovy:608)
	at com.kms.katalon.core.webui.keyword.WebUiBuiltInKeywords$click$10.call(Unknown Source)
	at shopify.store.innstallThemeShopifyViaUrl(store.groovy:121)
	at shopify.store.invokeMethod(store.groovy)
	at com.kms.katalon.core.main.CustomKeywordDelegatingMetaClass.invokeStaticMethod(CustomKeywordDelegatingMetaClass.java:55)
	at Script1673851860327.run(Script1673851860327.groovy:52)
	... 13 more
)
[[ATTACHMENT|C:\\Users\\huynh\\Documents\\Socialhead\\Automation\\Katalon project\\CreateStore\\CreateStore\\Reports\\20230307_111854\\Store\\Create Store\\20230307_111855\\1678166551202.png]]

2023-03-07 12:22:33 - [MESSAGE][PASSED] - Navigate to 'https://themes.shopify.com/themes/sense?shop=khanh-ar-stag-1085.myshopify.com' successfully

2023-03-07 12:22:36 - [MESSAGE][PASSED] - Object: 'Object Repository/Shopify Theme/a_trytheme' is clicked on

2023-03-07 12:22:36 - [MESSAGE][PASSED] - shopify.store.innstallThemeShopifyViaUrl is PASSED

2023-03-07 12:22:36 - [TEST_STEP][PASSED] - shopify.store.clickPublishTheme(): shopify.store.clickPublishTheme is PASSED

2023-03-07 12:23:06 - [MESSAGE][PASSED] - Delayed 30 second(s)

2023-03-07 12:23:07 - [MESSAGE][PASSED] - Refresh successfully

2023-03-07 12:23:37 - [MESSAGE][PASSED] - Delayed 30 second(s)

2023-03-07 12:23:37 - [MESSAGE][PASSED] - Object 'Object Repository/Shopify Store/btn_publish_theme' is clickable

2023-03-07 12:23:37 - [MESSAGE][PASSED] - Object: 'Object Repository/Shopify Store/btn_publish_theme' is clicked on

2023-03-07 12:23:37 - [MESSAGE][PASSED] - shopify.store.clickPublishTheme is PASSED

2023-03-07 12:23:37 - [TEST_STEP][PASSED] - shopify.store.confirmPublishTheme(): shopify.store.confirmPublishTheme is PASSED

2023-03-07 12:23:47 - [MESSAGE][PASSED] - Delayed 10 second(s)

2023-03-07 12:23:48 - [MESSAGE][PASSED] - Object: 'Object Repository/Shopify Store/btn_confirm_publish_theme' is clicked on

2023-03-07 12:23:48 - [MESSAGE][PASSED] - shopify.store.confirmPublishTheme is PASSED

2023-03-07 12:23:48 - [TEST_STEP][PASSED] - shopify.store_setting.changeStoreCurrency(currency, store_name): shopify.store_setting.changeStoreCurrency is PASSED

2023-03-07 12:23:58 - [MESSAGE][PASSED] - Delayed 10 second(s)

2023-03-07 12:23:59 - [MESSAGE][PASSED] - Navigate to 'http://khanh-ar-stag-1085.myshopify.com/admin/settings/general' successfully

2023-03-07 12:24:06 - [MESSAGE][PASSED] - All options with value 'USD' are selected in object 'Object Repository/Shopify Store/select_currency' 

2023-03-07 12:24:06 - [MESSAGE][PASSED] - shopify.store_setting.changeStoreCurrency is PASSED

2023-03-07 12:24:06 - [TEST_STEP][PASSED] - shopify.store_setting.saveStoreSetting(): shopify.store_setting.saveStoreSetting is PASSED

2023-03-07 12:24:07 - [MESSAGE][PASSED] - Object: 'Object Repository/Shopify Store/span_save_admin_setting' is clicked on

2023-03-07 12:24:07 - [MESSAGE][PASSED] - shopify.store_setting.saveStoreSetting is PASSED

2023-03-07 12:24:07 - [TEST_STEP][PASSED] - shopify.store_setting.changeStorePassword(store_name, "1"): shopify.store_setting.changeStorePassword is PASSED

2023-03-07 12:24:17 - [MESSAGE][PASSED] - Delayed 10 second(s)

2023-03-07 12:24:18 - [MESSAGE][PASSED] - Navigate to 'http://khanh-ar-stag-1085.myshopify.com/admin/online_store/preferences?tutorial=unlock' successfully

2023-03-07 12:24:25 - [MESSAGE][PASSED] - Web element with id: 'Object Repository/Shopify Store/div_loading_bar' located by 'By.xpath: //*[@id = 'AppFrameLoadingBar']' is not present after '50' second(s)

2023-03-07 12:24:26 - [MESSAGE][PASSED] - Keys '1' sent to object: 'Object Repository/Shopify Store/input_storefront_password'

2023-03-07 12:24:26 - [MESSAGE][PASSED] - Keys 'ENTER + ' sent to object: 'Object Repository/Shopify Store/input_storefront_password'

2023-03-07 12:24:26 - [MESSAGE][PASSED] - shopify.store_setting.changeStorePassword is PASSED

2023-03-07 12:24:26 - [TEST_STEP][PASSED] - Start tear down : teardownIfPassed: Method 'teardownIfPassed' complete successfully

2023-03-07 12:24:26 - [TEST_STEP][PASSED] - data.excel.updateValueToSheet(file_data, "store", 4, store_name, 7, "Passed"): data.excel.updateValueToSheet is PASSED

2023-03-07 12:24:26 - [MESSAGE][PASSED] - data.excel.updateValueToSheet is PASSED

2023-03-07 12:24:26 - [MESSAGE][PASSED] - Method 'teardownIfPassed' complete successfully]]></system-out>
         <system-err><![CDATA[]]></system-err>
      </testcase>
      <testcase name="Test Cases/Shopify/CreateStore" time="268.797" classname="Test Cases/Shopify/CreateStore" status="PASSED">
         <system-out><![CDATA[2023-03-07 12:24:26 - [TEST_CASE][PASSED] - Test Cases/Shopify/CreateStore: Test Cases/Shopify/CreateStore

2023-03-07 12:24:26 - [TEST_STEP][PASSED] - Start listener action : skipStatus: null

2023-03-07 12:24:26 - [TEST_STEP][PASSED] - map = testCaseContext.getTestCaseVariables(): null

2023-03-07 12:24:26 - [TEST_STEP][PASSED] - testcae_status = map.get("testcase_status"): null

2023-03-07 12:24:26 - [TEST_STEP][PASSED] - println(testcae_status): null

2023-03-07 12:24:26 - [TEST_STEP][PASSED] - if (testcae_status == "Passed" || testcae_status == "Failed"): null

2023-03-07 12:24:26 - [TEST_STEP][PASSED] - log = new com.kms.katalon.core.util.KeywordUtil(): null

2023-03-07 12:24:26 - [TEST_STEP][PASSED] - openBrowser(""): Browser is opened with url: ''

2023-03-07 12:24:26 - [MESSAGE][WARNING] - A browser is already opened. Closing browser and opening a new one

2023-03-07 12:24:27 - [MESSAGE][INFO] - Starting 'Chrome' driver

2023-03-07 12:24:27 - [MESSAGE][INFO] - Action delay is set to 0 milliseconds

2023-03-07 12:24:28 - [MESSAGE][PASSED] - Browser is opened with url: ''

2023-03-07 12:24:28 - [TEST_STEP][PASSED] - maximizeWindow(): Current window maximized

2023-03-07 12:24:28 - [MESSAGE][PASSED] - Current window maximized

2023-03-07 12:24:28 - [TEST_STEP][PASSED] - shopify.store.loginShopifyPartner(partner_email, partner_password, partner_id): shopify.store.loginShopifyPartner is PASSED

2023-03-07 12:24:32 - [MESSAGE][PASSED] - Navigate to 'https://partners.shopify.com/1662018/stores/new' successfully

2023-03-07 12:24:33 - [MESSAGE][PASSED] - Text 'huynh@firegroup.io' is set on object 'Object Repository/Shopify/input_email_shopify'

2023-03-07 12:24:34 - [MESSAGE][PASSED] - Object: 'Object Repository/Shopify/btn_continue_with_email' is clicked on

2023-03-07 12:24:36 - [MESSAGE][PASSED] - Text ****** has been set on object 'Object Repository/Shopify/input_password_shopify'

2023-03-07 12:24:41 - [MESSAGE][PASSED] - Object: 'Object Repository/Shopify/btn_login' is clicked on

2023-03-07 12:24:41 - [MESSAGE][PASSED] - shopify.store.loginShopifyPartner is PASSED

2023-03-07 12:24:41 - [TEST_STEP][PASSED] - shopify.store.navigateToStoreDevelop(partner_id): shopify.store.navigateToStoreDevelop is PASSED

2023-03-07 12:24:42 - [MESSAGE][PASSED] - Navigate to 'https://partners.shopify.com/1662018/stores/new?store_type=dev_preview_store&developer_preview_handle=checkout_extensibility' successfully

2023-03-07 12:24:42 - [MESSAGE][PASSED] - shopify.store.navigateToStoreDevelop is PASSED

2023-03-07 12:24:42 - [TEST_STEP][PASSED] - shopify.store.inputStoreName(store_name): shopify.store.inputStoreName is PASSED

2023-03-07 12:24:44 - [MESSAGE][PASSED] - Text 'khanh-ar-stag-1086' is set on object 'Object Repository/Shopify/input_store_name'

2023-03-07 12:24:49 - [MESSAGE][PASSED] - Delayed 5 second(s)

2023-03-07 12:24:49 - [MESSAGE][PASSED] - shopify.store.inputStoreName is PASSED

2023-03-07 12:24:49 - [TEST_STEP][PASSED] - shopify.store.clickCreateStore(): shopify.store.clickCreateStore is PASSED

2023-03-07 12:24:49 - [MESSAGE][PASSED] - Object: 'Object Repository/Shopify/btn_create_store' is clicked on

2023-03-07 12:24:49 - [MESSAGE][PASSED] - Wait for page load successfully

2023-03-07 12:24:49 - [MESSAGE][PASSED] - shopify.store.clickCreateStore is PASSED

2023-03-07 12:24:49 - [TEST_STEP][PASSED] - shopify.store.importProduct(product_file_local): shopify.store.importProduct is PASSED

2023-03-07 12:25:19 - [MESSAGE][PASSED] - Object: 'Object Repository/Shopify/span_product' is clicked on

2023-03-07 12:25:21 - [MESSAGE][PASSED] - Object: 'Object Repository/Shopify/span_import_product' is clicked on

2023-03-07 12:25:21 - [MESSAGE][PASSED] - File 'C:\Users\huynh\Documents\Socialhead\Automation\Katalon project\CreateStore\CreateStore\Data\products_export.csv' sent to object: 'Object Repository/Shopify/file_product'

2023-03-07 12:25:22 - [MESSAGE][PASSED] - Object: 'Object Repository/Shopify/span_upload_product_continue' is clicked on

2023-03-07 12:25:25 - [MESSAGE][PASSED] - Object: 'Object Repository/Shopify/btn_product_confirm_import' is clicked on

2023-03-07 12:25:55 - [MESSAGE][PASSED] - Delayed 30 second(s)

2023-03-07 12:25:56 - [MESSAGE][PASSED] - Refresh successfully

2023-03-07 12:26:11 - [MESSAGE][PASSED] - Delayed 15 second(s)

2023-03-07 12:26:11 - [MESSAGE][PASSED] - shopify.store.importProduct is PASSED

2023-03-07 12:26:11 - [TEST_STEP][PASSED] - shopify.store.clickOnMenuOnlineStore(): shopify.store.clickOnMenuOnlineStore is PASSED

2023-03-07 12:26:11 - [MESSAGE][PASSED] - Object: 'Object Repository/Shopify Store/a_onlie_store' is clicked on

2023-03-07 12:26:21 - [MESSAGE][PASSED] - Delayed 10 second(s)

2023-03-07 12:26:21 - [MESSAGE][PASSED] - shopify.store.clickOnMenuOnlineStore is PASSED

2023-03-07 12:26:21 - [TEST_STEP][PASSED] - shopify.store.clickOnImportTheme(): shopify.store.clickOnImportTheme is PASSED

2023-03-07 12:26:31 - [MESSAGE][PASSED] - Delayed 10 second(s)

2023-03-07 12:26:41 - [MESSAGE][PASSED] - Delayed 10 second(s)

2023-03-07 12:26:42 - [MESSAGE][PASSED] - Object: 'Object Repository/Shopify Store/btn_add_theme' is clicked on

2023-03-07 12:26:42 - [MESSAGE][PASSED] - shopify.store.clickOnImportTheme is PASSED

2023-03-07 12:26:42 - [TEST_STEP][PASSED] - shopify.store.innstallThemeShopifyViaUrl(theme_url, store_name): shopify.store.innstallThemeShopifyViaUrl is PASSED

2023-03-07 12:26:44 - [MESSAGE][PASSED] - Navigate to 'https://themes.shopify.com/themes/sense?shop=khanh-ar-stag-1086.myshopify.com' successfully

2023-03-07 12:26:50 - [MESSAGE][PASSED] - Object: 'Object Repository/Shopify/div_user_card_name' is clicked on

2023-03-07 12:26:53 - [MESSAGE][PASSED] - Object: 'Object Repository/Shopify Theme/a_trytheme' is clicked on

2023-03-07 12:27:01 - [MESSAGE][PASSED] - Object: 'Object Repository/Shopify/div_user_card_name' is clicked on

2023-03-07 12:27:04 - [MESSAGE][PASSED] - Navigate to 'https://themes.shopify.com/themes/sense?shop=khanh-ar-stag-1086.myshopify.com' successfully

2023-03-07 12:27:06 - [MESSAGE][PASSED] - Object: 'Object Repository/Shopify Theme/a_trytheme' is clicked on

2023-03-07 12:27:06 - [MESSAGE][PASSED] - shopify.store.innstallThemeShopifyViaUrl is PASSED

2023-03-07 12:27:06 - [TEST_STEP][PASSED] - shopify.store.clickPublishTheme(): shopify.store.clickPublishTheme is PASSED

2023-03-07 12:27:36 - [MESSAGE][PASSED] - Delayed 30 second(s)

2023-03-07 12:27:37 - [MESSAGE][PASSED] - Refresh successfully

2023-03-07 12:28:07 - [MESSAGE][PASSED] - Delayed 30 second(s)

2023-03-07 12:28:07 - [MESSAGE][PASSED] - Object 'Object Repository/Shopify Store/btn_publish_theme' is clickable

2023-03-07 12:28:07 - [MESSAGE][PASSED] - Object: 'Object Repository/Shopify Store/btn_publish_theme' is clicked on

2023-03-07 12:28:07 - [MESSAGE][PASSED] - shopify.store.clickPublishTheme is PASSED

2023-03-07 12:28:07 - [TEST_STEP][PASSED] - shopify.store.confirmPublishTheme(): shopify.store.confirmPublishTheme is PASSED

2023-03-07 12:28:17 - [MESSAGE][PASSED] - Delayed 10 second(s)

2023-03-07 12:28:18 - [MESSAGE][PASSED] - Object: 'Object Repository/Shopify Store/btn_confirm_publish_theme' is clicked on

2023-03-07 12:28:18 - [MESSAGE][PASSED] - shopify.store.confirmPublishTheme is PASSED

2023-03-07 12:28:18 - [TEST_STEP][PASSED] - shopify.store_setting.changeStoreCurrency(currency, store_name): shopify.store_setting.changeStoreCurrency is PASSED

2023-03-07 12:28:28 - [MESSAGE][PASSED] - Delayed 10 second(s)

2023-03-07 12:28:29 - [MESSAGE][PASSED] - Navigate to 'http://khanh-ar-stag-1086.myshopify.com/admin/settings/general' successfully

2023-03-07 12:28:35 - [MESSAGE][PASSED] - All options with value 'USD' are selected in object 'Object Repository/Shopify Store/select_currency' 

2023-03-07 12:28:35 - [MESSAGE][PASSED] - shopify.store_setting.changeStoreCurrency is PASSED

2023-03-07 12:28:35 - [TEST_STEP][PASSED] - shopify.store_setting.saveStoreSetting(): shopify.store_setting.saveStoreSetting is PASSED

2023-03-07 12:28:36 - [MESSAGE][PASSED] - Object: 'Object Repository/Shopify Store/span_save_admin_setting' is clicked on

2023-03-07 12:28:36 - [MESSAGE][PASSED] - shopify.store_setting.saveStoreSetting is PASSED

2023-03-07 12:28:36 - [TEST_STEP][PASSED] - shopify.store_setting.changeStorePassword(store_name, "1"): shopify.store_setting.changeStorePassword is PASSED

2023-03-07 12:28:46 - [MESSAGE][PASSED] - Delayed 10 second(s)

2023-03-07 12:28:47 - [MESSAGE][PASSED] - Navigate to 'http://khanh-ar-stag-1086.myshopify.com/admin/online_store/preferences?tutorial=unlock' successfully

2023-03-07 12:28:54 - [MESSAGE][PASSED] - Web element with id: 'Object Repository/Shopify Store/div_loading_bar' located by 'By.xpath: //*[@id = 'AppFrameLoadingBar']' is not present after '50' second(s)

2023-03-07 12:28:55 - [MESSAGE][PASSED] - Keys '1' sent to object: 'Object Repository/Shopify Store/input_storefront_password'

2023-03-07 12:28:55 - [MESSAGE][PASSED] - Keys 'ENTER + ' sent to object: 'Object Repository/Shopify Store/input_storefront_password'

2023-03-07 12:28:55 - [MESSAGE][PASSED] - shopify.store_setting.changeStorePassword is PASSED

2023-03-07 12:28:55 - [TEST_STEP][PASSED] - Start tear down : teardownIfPassed: Method 'teardownIfPassed' complete successfully

2023-03-07 12:28:55 - [TEST_STEP][PASSED] - data.excel.updateValueToSheet(file_data, "store", 4, store_name, 7, "Passed"): data.excel.updateValueToSheet is PASSED

2023-03-07 12:28:55 - [MESSAGE][PASSED] - data.excel.updateValueToSheet is PASSED

2023-03-07 12:28:55 - [MESSAGE][PASSED] - Method 'teardownIfPassed' complete successfully]]></system-out>
         <system-err><![CDATA[]]></system-err>
      </testcase>
      <testcase name="Test Cases/Shopify/CreateStore" time="185.146" classname="Test Cases/Shopify/CreateStore" status="FAILED">
         <failure type="FAILED" message="Test Cases/Shopify/CreateStore FAILED.
Reason:
com.kms.katalon.core.exception.StepFailedException: Unable to click on object 'Object Repository/Shopify Theme/a_trytheme'
	at com.kms.katalon.core.webui.keyword.internal.WebUIKeywordMain.stepFailed(WebUIKeywordMain.groovy:64)
	at com.kms.katalon.core.webui.keyword.internal.WebUIKeywordMain.runKeyword(WebUIKeywordMain.groovy:26)
	at com.kms.katalon.core.webui.keyword.builtin.ClickKeyword.click(ClickKeyword.groovy:74)
	at com.kms.katalon.core.webui.keyword.builtin.ClickKeyword.execute(ClickKeyword.groovy:40)
	at com.kms.katalon.core.keyword.internal.KeywordExecutor.executeKeywordForPlatform(KeywordExecutor.groovy:74)
	at com.kms.katalon.core.webui.keyword.WebUiBuiltInKeywords.click(WebUiBuiltInKeywords.groovy:620)
	at com.kms.katalon.core.webui.keyword.WebUiBuiltInKeywords$click$3.call(Unknown Source)
	at shopify.store.innstallThemeShopifyViaUrl(store.groovy:123)
	at shopify.store.invokeMethod(store.groovy)
	at com.kms.katalon.core.main.CustomKeywordDelegatingMetaClass.invokeStaticMethod(CustomKeywordDelegatingMetaClass.java:55)
	at CreateStore.run(CreateStore:52)
	at com.kms.katalon.core.main.ScriptEngine.run(ScriptEngine.java:194)
	at com.kms.katalon.core.main.ScriptEngine.runScriptAsRawText(ScriptEngine.java:119)
	at com.kms.katalon.core.main.TestCaseExecutor.runScript(TestCaseExecutor.java:448)
	at com.kms.katalon.core.main.TestCaseExecutor.doExecute(TestCaseExecutor.java:439)
	at com.kms.katalon.core.main.TestCaseExecutor.processExecutionPhase(TestCaseExecutor.java:418)
	at com.kms.katalon.core.main.TestCaseExecutor.accessMainPhase(TestCaseExecutor.java:410)
	at com.kms.katalon.core.main.TestCaseExecutor.execute(TestCaseExecutor.java:285)
	at com.kms.katalon.core.common.CommonExecutor.accessTestCaseMainPhase(CommonExecutor.java:65)
	at com.kms.katalon.core.main.TestSuiteExecutor.accessTestSuiteMainPhase(TestSuiteExecutor.java:151)
	at com.kms.katalon.core.main.TestSuiteExecutor.execute(TestSuiteExecutor.java:106)
	at com.kms.katalon.core.main.TestCaseMain.startTestSuite(TestCaseMain.java:185)
	at com.kms.katalon.core.main.TestCaseMain$startTestSuite$0.call(Unknown Source)
	at TempTestSuite1678162735898.run(TempTestSuite1678162735898.groovy:36)
Caused by: com.kms.katalon.core.webui.exception.WebElementNotFoundException: Web element with id: 'Object Repository/Shopify Theme/a_trytheme' located by '//*[@id = 'AddTheme']' not found
	at com.kms.katalon.core.webui.common.WebUiCommonHelper.findWebElement(WebUiCommonHelper.java:1370)
	at com.kms.katalon.core.webui.keyword.internal.WebUIAbstractKeyword.findWebElement(WebUIAbstractKeyword.groovy:27)
	at com.kms.katalon.core.webui.keyword.builtin.ClickKeyword$_click_closure1.doCall(ClickKeyword.groovy:65)
	at com.kms.katalon.core.webui.keyword.builtin.ClickKeyword$_click_closure1.call(ClickKeyword.groovy)
	at com.kms.katalon.core.webui.keyword.internal.WebUIKeywordMain.runKeyword(WebUIKeywordMain.groovy:20)
	... 22 more
"/>
         <system-out><![CDATA[2023-03-07 12:28:55 - [TEST_CASE][FAILED] - Test Cases/Shopify/CreateStore: Test Cases/Shopify/CreateStore FAILED.
Reason:
com.kms.katalon.core.exception.StepFailedException: Unable to click on object 'Object Repository/Shopify Theme/a_trytheme'
	at com.kms.katalon.core.webui.keyword.internal.WebUIKeywordMain.stepFailed(WebUIKeywordMain.groovy:64)
	at com.kms.katalon.core.webui.keyword.internal.WebUIKeywordMain.runKeyword(WebUIKeywordMain.groovy:26)
	at com.kms.katalon.core.webui.keyword.builtin.ClickKeyword.click(ClickKeyword.groovy:74)
	at com.kms.katalon.core.webui.keyword.builtin.ClickKeyword.execute(ClickKeyword.groovy:40)
	at com.kms.katalon.core.keyword.internal.KeywordExecutor.executeKeywordForPlatform(KeywordExecutor.groovy:74)
	at com.kms.katalon.core.webui.keyword.WebUiBuiltInKeywords.click(WebUiBuiltInKeywords.groovy:620)
	at com.kms.katalon.core.webui.keyword.WebUiBuiltInKeywords$click$3.call(Unknown Source)
	at shopify.store.innstallThemeShopifyViaUrl(store.groovy:123)
	at shopify.store.invokeMethod(store.groovy)
	at com.kms.katalon.core.main.CustomKeywordDelegatingMetaClass.invokeStaticMethod(CustomKeywordDelegatingMetaClass.java:55)
	at CreateStore.run(CreateStore:52)
	at com.kms.katalon.core.main.ScriptEngine.run(ScriptEngine.java:194)
	at com.kms.katalon.core.main.ScriptEngine.runScriptAsRawText(ScriptEngine.java:119)
	at com.kms.katalon.core.main.TestCaseExecutor.runScript(TestCaseExecutor.java:448)
	at com.kms.katalon.core.main.TestCaseExecutor.doExecute(TestCaseExecutor.java:439)
	at com.kms.katalon.core.main.TestCaseExecutor.processExecutionPhase(TestCaseExecutor.java:418)
	at com.kms.katalon.core.main.TestCaseExecutor.accessMainPhase(TestCaseExecutor.java:410)
	at com.kms.katalon.core.main.TestCaseExecutor.execute(TestCaseExecutor.java:285)
	at com.kms.katalon.core.common.CommonExecutor.accessTestCaseMainPhase(CommonExecutor.java:65)
	at com.kms.katalon.core.main.TestSuiteExecutor.accessTestSuiteMainPhase(TestSuiteExecutor.java:151)
	at com.kms.katalon.core.main.TestSuiteExecutor.execute(TestSuiteExecutor.java:106)
	at com.kms.katalon.core.main.TestCaseMain.startTestSuite(TestCaseMain.java:185)
	at com.kms.katalon.core.main.TestCaseMain$startTestSuite$0.call(Unknown Source)
	at TempTestSuite1678162735898.run(TempTestSuite1678162735898.groovy:36)
Caused by: com.kms.katalon.core.webui.exception.WebElementNotFoundException: Web element with id: 'Object Repository/Shopify Theme/a_trytheme' located by '//*[@id = 'AddTheme']' not found
	at com.kms.katalon.core.webui.common.WebUiCommonHelper.findWebElement(WebUiCommonHelper.java:1370)
	at com.kms.katalon.core.webui.keyword.internal.WebUIAbstractKeyword.findWebElement(WebUIAbstractKeyword.groovy:27)
	at com.kms.katalon.core.webui.keyword.builtin.ClickKeyword$_click_closure1.doCall(ClickKeyword.groovy:65)
	at com.kms.katalon.core.webui.keyword.builtin.ClickKeyword$_click_closure1.call(ClickKeyword.groovy)
	at com.kms.katalon.core.webui.keyword.internal.WebUIKeywordMain.runKeyword(WebUIKeywordMain.groovy:20)
	... 22 more


2023-03-07 12:28:55 - [TEST_STEP][PASSED] - Start listener action : skipStatus: null

2023-03-07 12:28:55 - [TEST_STEP][PASSED] - map = testCaseContext.getTestCaseVariables(): null

2023-03-07 12:28:55 - [TEST_STEP][PASSED] - testcae_status = map.get("testcase_status"): null

2023-03-07 12:28:55 - [TEST_STEP][PASSED] - println(testcae_status): null

2023-03-07 12:28:55 - [TEST_STEP][PASSED] - if (testcae_status == "Passed" || testcae_status == "Failed"): null

2023-03-07 12:28:55 - [TEST_STEP][PASSED] - log = new com.kms.katalon.core.util.KeywordUtil(): null

2023-03-07 12:28:55 - [TEST_STEP][PASSED] - openBrowser(""): Browser is opened with url: ''

2023-03-07 12:28:55 - [MESSAGE][WARNING] - A browser is already opened. Closing browser and opening a new one

2023-03-07 12:28:55 - [MESSAGE][INFO] - Starting 'Chrome' driver

2023-03-07 12:28:55 - [MESSAGE][INFO] - Action delay is set to 0 milliseconds

2023-03-07 12:28:56 - [MESSAGE][PASSED] - Browser is opened with url: ''

2023-03-07 12:28:56 - [TEST_STEP][PASSED] - maximizeWindow(): Current window maximized

2023-03-07 12:28:57 - [MESSAGE][PASSED] - Current window maximized

2023-03-07 12:28:57 - [TEST_STEP][PASSED] - shopify.store.loginShopifyPartner(partner_email, partner_password, partner_id): shopify.store.loginShopifyPartner is PASSED

2023-03-07 12:29:00 - [MESSAGE][PASSED] - Navigate to 'https://partners.shopify.com/1662018/stores/new' successfully

2023-03-07 12:29:01 - [MESSAGE][PASSED] - Text 'huynh@firegroup.io' is set on object 'Object Repository/Shopify/input_email_shopify'

2023-03-07 12:29:05 - [MESSAGE][PASSED] - Object: 'Object Repository/Shopify/btn_continue_with_email' is clicked on

2023-03-07 12:29:07 - [MESSAGE][PASSED] - Text ****** has been set on object 'Object Repository/Shopify/input_password_shopify'

2023-03-07 12:29:12 - [MESSAGE][PASSED] - Object: 'Object Repository/Shopify/btn_login' is clicked on

2023-03-07 12:29:12 - [MESSAGE][PASSED] - shopify.store.loginShopifyPartner is PASSED

2023-03-07 12:29:12 - [TEST_STEP][PASSED] - shopify.store.navigateToStoreDevelop(partner_id): shopify.store.navigateToStoreDevelop is PASSED

2023-03-07 12:29:12 - [MESSAGE][PASSED] - Navigate to 'https://partners.shopify.com/1662018/stores/new?store_type=dev_preview_store&developer_preview_handle=checkout_extensibility' successfully

2023-03-07 12:29:12 - [MESSAGE][PASSED] - shopify.store.navigateToStoreDevelop is PASSED

2023-03-07 12:29:12 - [TEST_STEP][PASSED] - shopify.store.inputStoreName(store_name): shopify.store.inputStoreName is PASSED

2023-03-07 12:29:14 - [MESSAGE][PASSED] - Text 'khanh-ar-stag-1087' is set on object 'Object Repository/Shopify/input_store_name'

2023-03-07 12:29:19 - [MESSAGE][PASSED] - Delayed 5 second(s)

2023-03-07 12:29:19 - [MESSAGE][PASSED] - shopify.store.inputStoreName is PASSED

2023-03-07 12:29:19 - [TEST_STEP][PASSED] - shopify.store.clickCreateStore(): shopify.store.clickCreateStore is PASSED

2023-03-07 12:29:19 - [MESSAGE][PASSED] - Object: 'Object Repository/Shopify/btn_create_store' is clicked on

2023-03-07 12:29:19 - [MESSAGE][PASSED] - Wait for page load successfully

2023-03-07 12:29:19 - [MESSAGE][PASSED] - shopify.store.clickCreateStore is PASSED

2023-03-07 12:29:19 - [TEST_STEP][PASSED] - shopify.store.importProduct(product_file_local): shopify.store.importProduct is PASSED

2023-03-07 12:29:48 - [MESSAGE][PASSED] - Object: 'Object Repository/Shopify/span_product' is clicked on

2023-03-07 12:29:49 - [MESSAGE][PASSED] - Object: 'Object Repository/Shopify/span_import_product' is clicked on

2023-03-07 12:29:50 - [MESSAGE][PASSED] - File 'C:\Users\huynh\Documents\Socialhead\Automation\Katalon project\CreateStore\CreateStore\Data\products_export.csv' sent to object: 'Object Repository/Shopify/file_product'

2023-03-07 12:29:50 - [MESSAGE][PASSED] - Object: 'Object Repository/Shopify/span_upload_product_continue' is clicked on

2023-03-07 12:29:54 - [MESSAGE][PASSED] - Object: 'Object Repository/Shopify/btn_product_confirm_import' is clicked on

2023-03-07 12:30:24 - [MESSAGE][PASSED] - Delayed 30 second(s)

2023-03-07 12:30:24 - [MESSAGE][PASSED] - Refresh successfully

2023-03-07 12:30:39 - [MESSAGE][PASSED] - Delayed 15 second(s)

2023-03-07 12:30:39 - [MESSAGE][PASSED] - shopify.store.importProduct is PASSED

2023-03-07 12:30:39 - [TEST_STEP][PASSED] - shopify.store.clickOnMenuOnlineStore(): shopify.store.clickOnMenuOnlineStore is PASSED

2023-03-07 12:30:40 - [MESSAGE][PASSED] - Object: 'Object Repository/Shopify Store/a_onlie_store' is clicked on

2023-03-07 12:30:50 - [MESSAGE][PASSED] - Delayed 10 second(s)

2023-03-07 12:30:50 - [MESSAGE][PASSED] - shopify.store.clickOnMenuOnlineStore is PASSED

2023-03-07 12:30:50 - [TEST_STEP][PASSED] - shopify.store.clickOnImportTheme(): shopify.store.clickOnImportTheme is PASSED

2023-03-07 12:31:00 - [MESSAGE][PASSED] - Delayed 10 second(s)

2023-03-07 12:31:10 - [MESSAGE][PASSED] - Delayed 10 second(s)

2023-03-07 12:31:10 - [MESSAGE][PASSED] - Object: 'Object Repository/Shopify Store/btn_add_theme' is clicked on

2023-03-07 12:31:10 - [MESSAGE][PASSED] - shopify.store.clickOnImportTheme is PASSED

2023-03-07 12:31:10 - [TEST_STEP][FAILED] - shopify.store.innstallThemeShopifyViaUrl(theme_url, store_name): Unable to click on object 'Object Repository/Shopify Theme/a_trytheme'

2023-03-07 12:31:12 - [MESSAGE][PASSED] - Navigate to 'https://themes.shopify.com/themes/sense?shop=khanh-ar-stag-1087.myshopify.com' successfully

2023-03-07 12:31:18 - [MESSAGE][PASSED] - Object: 'Object Repository/Shopify/div_user_card_name' is clicked on

2023-03-07 12:31:21 - [MESSAGE][PASSED] - Object: 'Object Repository/Shopify Theme/a_trytheme' is clicked on

2023-03-07 12:31:27 - [MESSAGE][PASSED] - Object: 'Object Repository/Shopify/div_user_card_name' is clicked on

2023-03-07 12:31:29 - [MESSAGE][PASSED] - Navigate to 'https://themes.shopify.com/themes/sense?shop=khanh-ar-stag-1087.myshopify.com' successfully

2023-03-07 12:32:00 - [MESSAGE][INFO] - Unable to find the element located by 'By.xpath: //*[@id = 'AddTheme']'. Please recheck the objects properties to make sure the desired element is located. 

2023-03-07 12:32:00 - [MESSAGE][WARNING] - [SELF-HEALING] Failed to find element with id 'Object Repository/Shopify Theme/a_trytheme'. Try using Self-healing.

2023-03-07 12:32:00 - [MESSAGE][WARNING] - [SELF-HEALING] Cannot find elements when the XPath is null.

2023-03-07 12:32:00 - [MESSAGE][WARNING] - [SELF-HEALING] Cannot find elements when the selector is null

2023-03-07 12:32:00 - [MESSAGE][FAILED] - Unable to click on object 'Object Repository/Shopify Theme/a_trytheme' (Root cause: com.kms.katalon.core.exception.StepFailedException: Unable to click on object 'Object Repository/Shopify Theme/a_trytheme'
	at com.kms.katalon.core.webui.keyword.internal.WebUIKeywordMain.stepFailed(WebUIKeywordMain.groovy:64)
	at com.kms.katalon.core.webui.keyword.internal.WebUIKeywordMain.runKeyword(WebUIKeywordMain.groovy:26)
	at com.kms.katalon.core.webui.keyword.builtin.ClickKeyword.click(ClickKeyword.groovy:74)
	at com.kms.katalon.core.webui.keyword.builtin.ClickKeyword.execute(ClickKeyword.groovy:40)
	at com.kms.katalon.core.keyword.internal.KeywordExecutor.executeKeywordForPlatform(KeywordExecutor.groovy:74)
	at com.kms.katalon.core.webui.keyword.WebUiBuiltInKeywords.click(WebUiBuiltInKeywords.groovy:620)
	at com.kms.katalon.core.webui.keyword.WebUiBuiltInKeywords$click$3.call(Unknown Source)
	at shopify.store.innstallThemeShopifyViaUrl(store.groovy:123)
	at shopify.store.invokeMethod(store.groovy)
	at com.kms.katalon.core.main.CustomKeywordDelegatingMetaClass.invokeStaticMethod(CustomKeywordDelegatingMetaClass.java:55)
	at CreateStore.run(CreateStore:52)
	at com.kms.katalon.core.main.ScriptEngine.run(ScriptEngine.java:194)
	at com.kms.katalon.core.main.ScriptEngine.runScriptAsRawText(ScriptEngine.java:119)
	at com.kms.katalon.core.main.TestCaseExecutor.runScript(TestCaseExecutor.java:448)
	at com.kms.katalon.core.main.TestCaseExecutor.doExecute(TestCaseExecutor.java:439)
	at com.kms.katalon.core.main.TestCaseExecutor.processExecutionPhase(TestCaseExecutor.java:418)
	at com.kms.katalon.core.main.TestCaseExecutor.accessMainPhase(TestCaseExecutor.java:410)
	at com.kms.katalon.core.main.TestCaseExecutor.execute(TestCaseExecutor.java:285)
	at com.kms.katalon.core.common.CommonExecutor.accessTestCaseMainPhase(CommonExecutor.java:65)
	at com.kms.katalon.core.main.TestSuiteExecutor.accessTestSuiteMainPhase(TestSuiteExecutor.java:151)
	at com.kms.katalon.core.main.TestSuiteExecutor.execute(TestSuiteExecutor.java:106)
	at com.kms.katalon.core.main.TestCaseMain.startTestSuite(TestCaseMain.java:185)
	at com.kms.katalon.core.main.TestCaseMain$startTestSuite$0.call(Unknown Source)
	at TempTestSuite1678162735898.run(TempTestSuite1678162735898.groovy:36)
Caused by: com.kms.katalon.core.webui.exception.WebElementNotFoundException: Web element with id: 'Object Repository/Shopify Theme/a_trytheme' located by '//*[@id = 'AddTheme']' not found
	at com.kms.katalon.core.webui.common.WebUiCommonHelper.findWebElement(WebUiCommonHelper.java:1370)
	at com.kms.katalon.core.webui.keyword.internal.WebUIAbstractKeyword.findWebElement(WebUIAbstractKeyword.groovy:27)
	at com.kms.katalon.core.webui.keyword.builtin.ClickKeyword$_click_closure1.doCall(ClickKeyword.groovy:65)
	at com.kms.katalon.core.webui.keyword.builtin.ClickKeyword$_click_closure1.call(ClickKeyword.groovy)
	at com.kms.katalon.core.webui.keyword.internal.WebUIKeywordMain.runKeyword(WebUIKeywordMain.groovy:20)
	at com.kms.katalon.core.webui.keyword.builtin.ClickKeyword.click(ClickKeyword.groovy:74)
	at com.kms.katalon.core.webui.keyword.builtin.ClickKeyword.execute(ClickKeyword.groovy:40)
	at com.kms.katalon.core.keyword.internal.KeywordExecutor.executeKeywordForPlatform(KeywordExecutor.groovy:74)
	at com.kms.katalon.core.webui.keyword.WebUiBuiltInKeywords.click(WebUiBuiltInKeywords.groovy:620)
	at com.kms.katalon.core.webui.keyword.WebUiBuiltInKeywords$click$3.call(Unknown Source)
	at shopify.store.innstallThemeShopifyViaUrl(store.groovy:123)
	at shopify.store.invokeMethod(store.groovy)
	at com.kms.katalon.core.main.CustomKeywordDelegatingMetaClass.invokeStaticMethod(CustomKeywordDelegatingMetaClass.java:55)
	at Script1673851860327.run(Script1673851860327.groovy:52)
	... 13 more
)
[[ATTACHMENT|C:\\Users\\huynh\\Documents\\Socialhead\\Automation\\Katalon project\\CreateStore\\CreateStore\\Reports\\20230307_111854\\Store\\Create Store\\20230307_111855\\1678167120128.png]]

2023-03-07 12:32:00 - [MESSAGE][FAILED] - Unable to click on object 'Object Repository/Shopify Theme/a_trytheme'

2023-03-07 12:32:00 - [TEST_STEP][PASSED] - Start tear down : teardownIfFailed: Method 'teardownIfFailed' complete successfully

2023-03-07 12:32:00 - [TEST_STEP][PASSED] - data.excel.updateValueToSheet(file_data, "store", 4, store_name, 7, "Failed"): data.excel.updateValueToSheet is PASSED

2023-03-07 12:32:00 - [MESSAGE][PASSED] - data.excel.updateValueToSheet is PASSED

2023-03-07 12:32:00 - [MESSAGE][PASSED] - Method 'teardownIfFailed' complete successfully]]></system-out>
         <system-err><![CDATA[2023-03-07 12:28:55 - [TEST_CASE][FAILED] - Test Cases/Shopify/CreateStore: Test Cases/Shopify/CreateStore FAILED.
Reason:
com.kms.katalon.core.exception.StepFailedException: Unable to click on object 'Object Repository/Shopify Theme/a_trytheme'
	at com.kms.katalon.core.webui.keyword.internal.WebUIKeywordMain.stepFailed(WebUIKeywordMain.groovy:64)
	at com.kms.katalon.core.webui.keyword.internal.WebUIKeywordMain.runKeyword(WebUIKeywordMain.groovy:26)
	at com.kms.katalon.core.webui.keyword.builtin.ClickKeyword.click(ClickKeyword.groovy:74)
	at com.kms.katalon.core.webui.keyword.builtin.ClickKeyword.execute(ClickKeyword.groovy:40)
	at com.kms.katalon.core.keyword.internal.KeywordExecutor.executeKeywordForPlatform(KeywordExecutor.groovy:74)
	at com.kms.katalon.core.webui.keyword.WebUiBuiltInKeywords.click(WebUiBuiltInKeywords.groovy:620)
	at com.kms.katalon.core.webui.keyword.WebUiBuiltInKeywords$click$3.call(Unknown Source)
	at shopify.store.innstallThemeShopifyViaUrl(store.groovy:123)
	at shopify.store.invokeMethod(store.groovy)
	at com.kms.katalon.core.main.CustomKeywordDelegatingMetaClass.invokeStaticMethod(CustomKeywordDelegatingMetaClass.java:55)
	at CreateStore.run(CreateStore:52)
	at com.kms.katalon.core.main.ScriptEngine.run(ScriptEngine.java:194)
	at com.kms.katalon.core.main.ScriptEngine.runScriptAsRawText(ScriptEngine.java:119)
	at com.kms.katalon.core.main.TestCaseExecutor.runScript(TestCaseExecutor.java:448)
	at com.kms.katalon.core.main.TestCaseExecutor.doExecute(TestCaseExecutor.java:439)
	at com.kms.katalon.core.main.TestCaseExecutor.processExecutionPhase(TestCaseExecutor.java:418)
	at com.kms.katalon.core.main.TestCaseExecutor.accessMainPhase(TestCaseExecutor.java:410)
	at com.kms.katalon.core.main.TestCaseExecutor.execute(TestCaseExecutor.java:285)
	at com.kms.katalon.core.common.CommonExecutor.accessTestCaseMainPhase(CommonExecutor.java:65)
	at com.kms.katalon.core.main.TestSuiteExecutor.accessTestSuiteMainPhase(TestSuiteExecutor.java:151)
	at com.kms.katalon.core.main.TestSuiteExecutor.execute(TestSuiteExecutor.java:106)
	at com.kms.katalon.core.main.TestCaseMain.startTestSuite(TestCaseMain.java:185)
	at com.kms.katalon.core.main.TestCaseMain$startTestSuite$0.call(Unknown Source)
	at TempTestSuite1678162735898.run(TempTestSuite1678162735898.groovy:36)
Caused by: com.kms.katalon.core.webui.exception.WebElementNotFoundException: Web element with id: 'Object Repository/Shopify Theme/a_trytheme' located by '//*[@id = 'AddTheme']' not found
	at com.kms.katalon.core.webui.common.WebUiCommonHelper.findWebElement(WebUiCommonHelper.java:1370)
	at com.kms.katalon.core.webui.keyword.internal.WebUIAbstractKeyword.findWebElement(WebUIAbstractKeyword.groovy:27)
	at com.kms.katalon.core.webui.keyword.builtin.ClickKeyword$_click_closure1.doCall(ClickKeyword.groovy:65)
	at com.kms.katalon.core.webui.keyword.builtin.ClickKeyword$_click_closure1.call(ClickKeyword.groovy)
	at com.kms.katalon.core.webui.keyword.internal.WebUIKeywordMain.runKeyword(WebUIKeywordMain.groovy:20)
	... 22 more]]></system-err>
      </testcase>
      <testcase name="Test Cases/Shopify/CreateStore" time="304.276" classname="Test Cases/Shopify/CreateStore" status="PASSED">
         <system-out><![CDATA[2023-03-07 12:32:00 - [TEST_CASE][PASSED] - Test Cases/Shopify/CreateStore: Test Cases/Shopify/CreateStore

2023-03-07 12:32:00 - [TEST_STEP][PASSED] - Start listener action : skipStatus: null

2023-03-07 12:32:00 - [TEST_STEP][PASSED] - map = testCaseContext.getTestCaseVariables(): null

2023-03-07 12:32:00 - [TEST_STEP][PASSED] - testcae_status = map.get("testcase_status"): null

2023-03-07 12:32:00 - [TEST_STEP][PASSED] - println(testcae_status): null

2023-03-07 12:32:00 - [TEST_STEP][PASSED] - if (testcae_status == "Passed" || testcae_status == "Failed"): null

2023-03-07 12:32:00 - [TEST_STEP][PASSED] - log = new com.kms.katalon.core.util.KeywordUtil(): null

2023-03-07 12:32:00 - [TEST_STEP][PASSED] - openBrowser(""): Browser is opened with url: ''

2023-03-07 12:32:00 - [MESSAGE][WARNING] - A browser is already opened. Closing browser and opening a new one

2023-03-07 12:32:00 - [MESSAGE][INFO] - Starting 'Chrome' driver

2023-03-07 12:32:00 - [MESSAGE][INFO] - Action delay is set to 0 milliseconds

2023-03-07 12:32:02 - [MESSAGE][PASSED] - Browser is opened with url: ''

2023-03-07 12:32:02 - [TEST_STEP][PASSED] - maximizeWindow(): Current window maximized

2023-03-07 12:32:02 - [MESSAGE][PASSED] - Current window maximized

2023-03-07 12:32:02 - [TEST_STEP][PASSED] - shopify.store.loginShopifyPartner(partner_email, partner_password, partner_id): shopify.store.loginShopifyPartner is PASSED

2023-03-07 12:32:06 - [MESSAGE][PASSED] - Navigate to 'https://partners.shopify.com/1662018/stores/new' successfully

2023-03-07 12:32:06 - [MESSAGE][PASSED] - Text 'huynh@firegroup.io' is set on object 'Object Repository/Shopify/input_email_shopify'

2023-03-07 12:32:09 - [MESSAGE][PASSED] - Object: 'Object Repository/Shopify/btn_continue_with_email' is clicked on

2023-03-07 12:32:11 - [MESSAGE][PASSED] - Text ****** has been set on object 'Object Repository/Shopify/input_password_shopify'

2023-03-07 12:32:16 - [MESSAGE][PASSED] - Object: 'Object Repository/Shopify/btn_login' is clicked on

2023-03-07 12:32:16 - [MESSAGE][PASSED] - shopify.store.loginShopifyPartner is PASSED

2023-03-07 12:32:16 - [TEST_STEP][PASSED] - shopify.store.navigateToStoreDevelop(partner_id): shopify.store.navigateToStoreDevelop is PASSED

2023-03-07 12:32:17 - [MESSAGE][PASSED] - Navigate to 'https://partners.shopify.com/1662018/stores/new?store_type=dev_preview_store&developer_preview_handle=checkout_extensibility' successfully

2023-03-07 12:32:17 - [MESSAGE][PASSED] - shopify.store.navigateToStoreDevelop is PASSED

2023-03-07 12:32:17 - [TEST_STEP][PASSED] - shopify.store.inputStoreName(store_name): shopify.store.inputStoreName is PASSED

2023-03-07 12:32:19 - [MESSAGE][PASSED] - Text 'khanh-ar-stag-1088' is set on object 'Object Repository/Shopify/input_store_name'

2023-03-07 12:32:24 - [MESSAGE][PASSED] - Delayed 5 second(s)

2023-03-07 12:32:24 - [MESSAGE][PASSED] - shopify.store.inputStoreName is PASSED

2023-03-07 12:32:24 - [TEST_STEP][PASSED] - shopify.store.clickCreateStore(): shopify.store.clickCreateStore is PASSED

2023-03-07 12:32:24 - [MESSAGE][PASSED] - Object: 'Object Repository/Shopify/btn_create_store' is clicked on

2023-03-07 12:32:24 - [MESSAGE][PASSED] - Wait for page load successfully

2023-03-07 12:32:24 - [MESSAGE][PASSED] - shopify.store.clickCreateStore is PASSED

2023-03-07 12:32:24 - [TEST_STEP][PASSED] - shopify.store.importProduct(product_file_local): shopify.store.importProduct is PASSED

2023-03-07 12:32:56 - [MESSAGE][PASSED] - Object: 'Object Repository/Shopify/span_product' is clicked on

2023-03-07 12:32:58 - [MESSAGE][PASSED] - Object: 'Object Repository/Shopify/span_import_product' is clicked on

2023-03-07 12:32:59 - [MESSAGE][PASSED] - File 'C:\Users\huynh\Documents\Socialhead\Automation\Katalon project\CreateStore\CreateStore\Data\products_export.csv' sent to object: 'Object Repository/Shopify/file_product'

2023-03-07 12:32:59 - [MESSAGE][PASSED] - Object: 'Object Repository/Shopify/span_upload_product_continue' is clicked on

2023-03-07 12:33:02 - [MESSAGE][PASSED] - Object: 'Object Repository/Shopify/btn_product_confirm_import' is clicked on

2023-03-07 12:33:32 - [MESSAGE][PASSED] - Delayed 30 second(s)

2023-03-07 12:33:33 - [MESSAGE][PASSED] - Refresh successfully

2023-03-07 12:33:48 - [MESSAGE][PASSED] - Delayed 15 second(s)

2023-03-07 12:33:48 - [MESSAGE][PASSED] - shopify.store.importProduct is PASSED

2023-03-07 12:33:48 - [TEST_STEP][PASSED] - shopify.store.clickOnMenuOnlineStore(): shopify.store.clickOnMenuOnlineStore is PASSED

2023-03-07 12:33:48 - [MESSAGE][PASSED] - Object: 'Object Repository/Shopify Store/a_onlie_store' is clicked on

2023-03-07 12:33:58 - [MESSAGE][PASSED] - Delayed 10 second(s)

2023-03-07 12:33:58 - [MESSAGE][PASSED] - shopify.store.clickOnMenuOnlineStore is PASSED

2023-03-07 12:33:58 - [TEST_STEP][PASSED] - shopify.store.clickOnImportTheme(): shopify.store.clickOnImportTheme is PASSED

2023-03-07 12:34:08 - [MESSAGE][PASSED] - Delayed 10 second(s)

2023-03-07 12:34:18 - [MESSAGE][PASSED] - Delayed 10 second(s)

2023-03-07 12:34:18 - [MESSAGE][PASSED] - Object: 'Object Repository/Shopify Store/btn_add_theme' is clicked on

2023-03-07 12:34:18 - [MESSAGE][PASSED] - shopify.store.clickOnImportTheme is PASSED

2023-03-07 12:34:18 - [TEST_STEP][PASSED] - shopify.store.innstallThemeShopifyViaUrl(theme_url, store_name): shopify.store.innstallThemeShopifyViaUrl is PASSED

2023-03-07 12:34:21 - [MESSAGE][PASSED] - Navigate to 'https://themes.shopify.com/themes/sense?shop=khanh-ar-stag-1088.myshopify.com' successfully

2023-03-07 12:34:32 - [MESSAGE][PASSED] - Object: 'Object Repository/Shopify/div_user_card_name' is clicked on

2023-03-07 12:34:35 - [MESSAGE][PASSED] - Object: 'Object Repository/Shopify Theme/a_trytheme' is clicked on

2023-03-07 12:35:06 - [MESSAGE][INFO] - Unable to find the element located by 'By.xpath: //*[@class = 'user-card__name']'. Please recheck the objects properties to make sure the desired element is located. 

2023-03-07 12:35:06 - [MESSAGE][WARNING] - [SELF-HEALING] Failed to find element with id 'Object Repository/Shopify/div_user_card_name'. Try using Self-healing.

2023-03-07 12:35:06 - [MESSAGE][WARNING] - [SELF-HEALING] Cannot find elements when the XPath is null.

2023-03-07 12:35:06 - [MESSAGE][WARNING] - [SELF-HEALING] Cannot find elements when the selector is null

2023-03-07 12:35:07 - [MESSAGE][WARNING] - Unable to click on object 'Object Repository/Shopify/div_user_card_name' (Root cause: com.kms.katalon.core.exception.StepFailedException: Unable to click on object 'Object Repository/Shopify/div_user_card_name'
	at com.kms.katalon.core.webui.keyword.internal.WebUIKeywordMain.stepFailed(WebUIKeywordMain.groovy:64)
	at com.kms.katalon.core.webui.keyword.internal.WebUIKeywordMain.runKeyword(WebUIKeywordMain.groovy:26)
	at com.kms.katalon.core.webui.keyword.builtin.ClickKeyword.click(ClickKeyword.groovy:74)
	at com.kms.katalon.core.webui.keyword.builtin.ClickKeyword.execute(ClickKeyword.groovy:40)
	at com.kms.katalon.core.keyword.internal.KeywordExecutor.executeKeywordForPlatform(KeywordExecutor.groovy:74)
	at com.kms.katalon.core.webui.keyword.WebUiBuiltInKeywords.click(WebUiBuiltInKeywords.groovy:608)
	at com.kms.katalon.core.webui.keyword.WebUiBuiltInKeywords$click$10.call(Unknown Source)
	at shopify.store.innstallThemeShopifyViaUrl(store.groovy:121)
	at shopify.store.invokeMethod(store.groovy)
	at com.kms.katalon.core.main.CustomKeywordDelegatingMetaClass.invokeStaticMethod(CustomKeywordDelegatingMetaClass.java:55)
	at CreateStore.run(CreateStore:52)
	at com.kms.katalon.core.main.ScriptEngine.run(ScriptEngine.java:194)
	at com.kms.katalon.core.main.ScriptEngine.runScriptAsRawText(ScriptEngine.java:119)
	at com.kms.katalon.core.main.TestCaseExecutor.runScript(TestCaseExecutor.java:448)
	at com.kms.katalon.core.main.TestCaseExecutor.doExecute(TestCaseExecutor.java:439)
	at com.kms.katalon.core.main.TestCaseExecutor.processExecutionPhase(TestCaseExecutor.java:418)
	at com.kms.katalon.core.main.TestCaseExecutor.accessMainPhase(TestCaseExecutor.java:410)
	at com.kms.katalon.core.main.TestCaseExecutor.execute(TestCaseExecutor.java:285)
	at com.kms.katalon.core.common.CommonExecutor.accessTestCaseMainPhase(CommonExecutor.java:65)
	at com.kms.katalon.core.main.TestSuiteExecutor.accessTestSuiteMainPhase(TestSuiteExecutor.java:151)
	at com.kms.katalon.core.main.TestSuiteExecutor.execute(TestSuiteExecutor.java:106)
	at com.kms.katalon.core.main.TestCaseMain.startTestSuite(TestCaseMain.java:185)
	at com.kms.katalon.core.main.TestCaseMain$startTestSuite$0.call(Unknown Source)
	at TempTestSuite1678162735898.run(TempTestSuite1678162735898.groovy:36)
Caused by: com.kms.katalon.core.webui.exception.WebElementNotFoundException: Web element with id: 'Object Repository/Shopify/div_user_card_name' located by '//*[@class = 'user-card__name']' not found
	at com.kms.katalon.core.webui.common.WebUiCommonHelper.findWebElement(WebUiCommonHelper.java:1370)
	at com.kms.katalon.core.webui.keyword.internal.WebUIAbstractKeyword.findWebElement(WebUIAbstractKeyword.groovy:27)
	at com.kms.katalon.core.webui.keyword.builtin.ClickKeyword$_click_closure1.doCall(ClickKeyword.groovy:65)
	at com.kms.katalon.core.webui.keyword.builtin.ClickKeyword$_click_closure1.call(ClickKeyword.groovy)
	at com.kms.katalon.core.webui.keyword.internal.WebUIKeywordMain.runKeyword(WebUIKeywordMain.groovy:20)
	at com.kms.katalon.core.webui.keyword.builtin.ClickKeyword.click(ClickKeyword.groovy:74)
	at com.kms.katalon.core.webui.keyword.builtin.ClickKeyword.execute(ClickKeyword.groovy:40)
	at com.kms.katalon.core.keyword.internal.KeywordExecutor.executeKeywordForPlatform(KeywordExecutor.groovy:74)
	at com.kms.katalon.core.webui.keyword.WebUiBuiltInKeywords.click(WebUiBuiltInKeywords.groovy:608)
	at com.kms.katalon.core.webui.keyword.WebUiBuiltInKeywords$click$10.call(Unknown Source)
	at shopify.store.innstallThemeShopifyViaUrl(store.groovy:121)
	at shopify.store.invokeMethod(store.groovy)
	at com.kms.katalon.core.main.CustomKeywordDelegatingMetaClass.invokeStaticMethod(CustomKeywordDelegatingMetaClass.java:55)
	at Script1673851860327.run(Script1673851860327.groovy:52)
	... 13 more
)
[[ATTACHMENT|C:\\Users\\huynh\\Documents\\Socialhead\\Automation\\Katalon project\\CreateStore\\CreateStore\\Reports\\20230307_111854\\Store\\Create Store\\20230307_111855\\1678167306985.png]]

2023-03-07 12:35:10 - [MESSAGE][PASSED] - Navigate to 'https://themes.shopify.com/themes/sense?shop=khanh-ar-stag-1088.myshopify.com' successfully

2023-03-07 12:35:14 - [MESSAGE][PASSED] - Object: 'Object Repository/Shopify Theme/a_trytheme' is clicked on

2023-03-07 12:35:14 - [MESSAGE][PASSED] - shopify.store.innstallThemeShopifyViaUrl is PASSED

2023-03-07 12:35:14 - [TEST_STEP][PASSED] - shopify.store.clickPublishTheme(): shopify.store.clickPublishTheme is PASSED

2023-03-07 12:35:44 - [MESSAGE][PASSED] - Delayed 30 second(s)

2023-03-07 12:35:45 - [MESSAGE][PASSED] - Refresh successfully

2023-03-07 12:36:15 - [MESSAGE][PASSED] - Delayed 30 second(s)

2023-03-07 12:36:15 - [MESSAGE][PASSED] - Object 'Object Repository/Shopify Store/btn_publish_theme' is clickable

2023-03-07 12:36:15 - [MESSAGE][PASSED] - Object: 'Object Repository/Shopify Store/btn_publish_theme' is clicked on

2023-03-07 12:36:15 - [MESSAGE][PASSED] - shopify.store.clickPublishTheme is PASSED

2023-03-07 12:36:15 - [TEST_STEP][PASSED] - shopify.store.confirmPublishTheme(): shopify.store.confirmPublishTheme is PASSED

2023-03-07 12:36:25 - [MESSAGE][PASSED] - Delayed 10 second(s)

2023-03-07 12:36:26 - [MESSAGE][PASSED] - Object: 'Object Repository/Shopify Store/btn_confirm_publish_theme' is clicked on

2023-03-07 12:36:26 - [MESSAGE][PASSED] - shopify.store.confirmPublishTheme is PASSED

2023-03-07 12:36:26 - [TEST_STEP][PASSED] - shopify.store_setting.changeStoreCurrency(currency, store_name): shopify.store_setting.changeStoreCurrency is PASSED

2023-03-07 12:36:36 - [MESSAGE][PASSED] - Delayed 10 second(s)

2023-03-07 12:36:37 - [MESSAGE][PASSED] - Navigate to 'http://khanh-ar-stag-1088.myshopify.com/admin/settings/general' successfully

2023-03-07 12:36:45 - [MESSAGE][PASSED] - All options with value 'USD' are selected in object 'Object Repository/Shopify Store/select_currency' 

2023-03-07 12:36:45 - [MESSAGE][PASSED] - shopify.store_setting.changeStoreCurrency is PASSED

2023-03-07 12:36:45 - [TEST_STEP][PASSED] - shopify.store_setting.saveStoreSetting(): shopify.store_setting.saveStoreSetting is PASSED

2023-03-07 12:36:46 - [MESSAGE][PASSED] - Object: 'Object Repository/Shopify Store/span_save_admin_setting' is clicked on

2023-03-07 12:36:46 - [MESSAGE][PASSED] - shopify.store_setting.saveStoreSetting is PASSED

2023-03-07 12:36:46 - [TEST_STEP][PASSED] - shopify.store_setting.changeStorePassword(store_name, "1"): shopify.store_setting.changeStorePassword is PASSED

2023-03-07 12:36:56 - [MESSAGE][PASSED] - Delayed 10 second(s)

2023-03-07 12:36:57 - [MESSAGE][PASSED] - Navigate to 'http://khanh-ar-stag-1088.myshopify.com/admin/online_store/preferences?tutorial=unlock' successfully

2023-03-07 12:37:04 - [MESSAGE][PASSED] - Web element with id: 'Object Repository/Shopify Store/div_loading_bar' located by 'By.xpath: //*[@id = 'AppFrameLoadingBar']' is not present after '50' second(s)

2023-03-07 12:37:04 - [MESSAGE][PASSED] - Keys '1' sent to object: 'Object Repository/Shopify Store/input_storefront_password'

2023-03-07 12:37:04 - [MESSAGE][PASSED] - Keys 'ENTER + ' sent to object: 'Object Repository/Shopify Store/input_storefront_password'

2023-03-07 12:37:04 - [MESSAGE][PASSED] - shopify.store_setting.changeStorePassword is PASSED

2023-03-07 12:37:04 - [TEST_STEP][PASSED] - Start tear down : teardownIfPassed: Method 'teardownIfPassed' complete successfully

2023-03-07 12:37:04 - [TEST_STEP][PASSED] - data.excel.updateValueToSheet(file_data, "store", 4, store_name, 7, "Passed"): data.excel.updateValueToSheet is PASSED

2023-03-07 12:37:04 - [MESSAGE][PASSED] - data.excel.updateValueToSheet is PASSED

2023-03-07 12:37:04 - [MESSAGE][PASSED] - Method 'teardownIfPassed' complete successfully]]></system-out>
         <system-err><![CDATA[]]></system-err>
      </testcase>
      <testcase name="Test Cases/Shopify/CreateStore" time="300.641" classname="Test Cases/Shopify/CreateStore" status="PASSED">
         <system-out><![CDATA[2023-03-07 12:37:04 - [TEST_CASE][PASSED] - Test Cases/Shopify/CreateStore: Test Cases/Shopify/CreateStore

2023-03-07 12:37:04 - [TEST_STEP][PASSED] - Start listener action : skipStatus: null

2023-03-07 12:37:04 - [TEST_STEP][PASSED] - map = testCaseContext.getTestCaseVariables(): null

2023-03-07 12:37:04 - [TEST_STEP][PASSED] - testcae_status = map.get("testcase_status"): null

2023-03-07 12:37:04 - [TEST_STEP][PASSED] - println(testcae_status): null

2023-03-07 12:37:04 - [TEST_STEP][PASSED] - if (testcae_status == "Passed" || testcae_status == "Failed"): null

2023-03-07 12:37:04 - [TEST_STEP][PASSED] - log = new com.kms.katalon.core.util.KeywordUtil(): null

2023-03-07 12:37:04 - [TEST_STEP][PASSED] - openBrowser(""): Browser is opened with url: ''

2023-03-07 12:37:04 - [MESSAGE][WARNING] - A browser is already opened. Closing browser and opening a new one

2023-03-07 12:37:05 - [MESSAGE][INFO] - Starting 'Chrome' driver

2023-03-07 12:37:05 - [MESSAGE][INFO] - Action delay is set to 0 milliseconds

2023-03-07 12:37:06 - [MESSAGE][PASSED] - Browser is opened with url: ''

2023-03-07 12:37:06 - [TEST_STEP][PASSED] - maximizeWindow(): Current window maximized

2023-03-07 12:37:06 - [MESSAGE][PASSED] - Current window maximized

2023-03-07 12:37:06 - [TEST_STEP][PASSED] - shopify.store.loginShopifyPartner(partner_email, partner_password, partner_id): shopify.store.loginShopifyPartner is PASSED

2023-03-07 12:37:10 - [MESSAGE][PASSED] - Navigate to 'https://partners.shopify.com/1662018/stores/new' successfully

2023-03-07 12:37:11 - [MESSAGE][PASSED] - Text 'huynh@firegroup.io' is set on object 'Object Repository/Shopify/input_email_shopify'

2023-03-07 12:37:14 - [MESSAGE][PASSED] - Object: 'Object Repository/Shopify/btn_continue_with_email' is clicked on

2023-03-07 12:37:15 - [MESSAGE][PASSED] - Text ****** has been set on object 'Object Repository/Shopify/input_password_shopify'

2023-03-07 12:37:22 - [MESSAGE][PASSED] - Object: 'Object Repository/Shopify/btn_login' is clicked on

2023-03-07 12:37:22 - [MESSAGE][PASSED] - shopify.store.loginShopifyPartner is PASSED

2023-03-07 12:37:22 - [TEST_STEP][PASSED] - shopify.store.navigateToStoreDevelop(partner_id): shopify.store.navigateToStoreDevelop is PASSED

2023-03-07 12:37:23 - [MESSAGE][PASSED] - Navigate to 'https://partners.shopify.com/1662018/stores/new?store_type=dev_preview_store&developer_preview_handle=checkout_extensibility' successfully

2023-03-07 12:37:23 - [MESSAGE][PASSED] - shopify.store.navigateToStoreDevelop is PASSED

2023-03-07 12:37:23 - [TEST_STEP][PASSED] - shopify.store.inputStoreName(store_name): shopify.store.inputStoreName is PASSED

2023-03-07 12:37:25 - [MESSAGE][PASSED] - Text 'khanh-ar-stag-1089' is set on object 'Object Repository/Shopify/input_store_name'

2023-03-07 12:37:30 - [MESSAGE][PASSED] - Delayed 5 second(s)

2023-03-07 12:37:30 - [MESSAGE][PASSED] - shopify.store.inputStoreName is PASSED

2023-03-07 12:37:30 - [TEST_STEP][PASSED] - shopify.store.clickCreateStore(): shopify.store.clickCreateStore is PASSED

2023-03-07 12:37:30 - [MESSAGE][PASSED] - Object: 'Object Repository/Shopify/btn_create_store' is clicked on

2023-03-07 12:37:30 - [MESSAGE][PASSED] - Wait for page load successfully

2023-03-07 12:37:30 - [MESSAGE][PASSED] - shopify.store.clickCreateStore is PASSED

2023-03-07 12:37:30 - [TEST_STEP][PASSED] - shopify.store.importProduct(product_file_local): shopify.store.importProduct is PASSED

2023-03-07 12:38:01 - [MESSAGE][PASSED] - Object: 'Object Repository/Shopify/span_product' is clicked on

2023-03-07 12:38:02 - [MESSAGE][PASSED] - Object: 'Object Repository/Shopify/span_import_product' is clicked on

2023-03-07 12:38:03 - [MESSAGE][PASSED] - File 'C:\Users\huynh\Documents\Socialhead\Automation\Katalon project\CreateStore\CreateStore\Data\products_export.csv' sent to object: 'Object Repository/Shopify/file_product'

2023-03-07 12:38:03 - [MESSAGE][PASSED] - Object: 'Object Repository/Shopify/span_upload_product_continue' is clicked on

2023-03-07 12:38:07 - [MESSAGE][PASSED] - Object: 'Object Repository/Shopify/btn_product_confirm_import' is clicked on

2023-03-07 12:38:37 - [MESSAGE][PASSED] - Delayed 30 second(s)

2023-03-07 12:38:37 - [MESSAGE][PASSED] - Refresh successfully

2023-03-07 12:38:52 - [MESSAGE][PASSED] - Delayed 15 second(s)

2023-03-07 12:38:52 - [MESSAGE][PASSED] - shopify.store.importProduct is PASSED

2023-03-07 12:38:52 - [TEST_STEP][PASSED] - shopify.store.clickOnMenuOnlineStore(): shopify.store.clickOnMenuOnlineStore is PASSED

2023-03-07 12:38:52 - [MESSAGE][PASSED] - Object: 'Object Repository/Shopify Store/a_onlie_store' is clicked on

2023-03-07 12:39:02 - [MESSAGE][PASSED] - Delayed 10 second(s)

2023-03-07 12:39:02 - [MESSAGE][PASSED] - shopify.store.clickOnMenuOnlineStore is PASSED

2023-03-07 12:39:02 - [TEST_STEP][PASSED] - shopify.store.clickOnImportTheme(): shopify.store.clickOnImportTheme is PASSED

2023-03-07 12:39:13 - [MESSAGE][PASSED] - Delayed 10 second(s)

2023-03-07 12:39:23 - [MESSAGE][PASSED] - Delayed 10 second(s)

2023-03-07 12:39:23 - [MESSAGE][PASSED] - Object: 'Object Repository/Shopify Store/btn_add_theme' is clicked on

2023-03-07 12:39:23 - [MESSAGE][PASSED] - shopify.store.clickOnImportTheme is PASSED

2023-03-07 12:39:23 - [TEST_STEP][PASSED] - shopify.store.innstallThemeShopifyViaUrl(theme_url, store_name): shopify.store.innstallThemeShopifyViaUrl is PASSED

2023-03-07 12:39:26 - [MESSAGE][PASSED] - Navigate to 'https://themes.shopify.com/themes/sense?shop=khanh-ar-stag-1089.myshopify.com' successfully

2023-03-07 12:39:35 - [MESSAGE][PASSED] - Object: 'Object Repository/Shopify/div_user_card_name' is clicked on

2023-03-07 12:39:39 - [MESSAGE][PASSED] - Object: 'Object Repository/Shopify Theme/a_trytheme' is clicked on

2023-03-07 12:40:10 - [MESSAGE][INFO] - Unable to find the element located by 'By.xpath: //*[@class = 'user-card__name']'. Please recheck the objects properties to make sure the desired element is located. 

2023-03-07 12:40:10 - [MESSAGE][WARNING] - [SELF-HEALING] Failed to find element with id 'Object Repository/Shopify/div_user_card_name'. Try using Self-healing.

2023-03-07 12:40:10 - [MESSAGE][WARNING] - [SELF-HEALING] Cannot find elements when the XPath is null.

2023-03-07 12:40:10 - [MESSAGE][WARNING] - [SELF-HEALING] Cannot find elements when the selector is null

2023-03-07 12:40:10 - [MESSAGE][WARNING] - Unable to click on object 'Object Repository/Shopify/div_user_card_name' (Root cause: com.kms.katalon.core.exception.StepFailedException: Unable to click on object 'Object Repository/Shopify/div_user_card_name'
	at com.kms.katalon.core.webui.keyword.internal.WebUIKeywordMain.stepFailed(WebUIKeywordMain.groovy:64)
	at com.kms.katalon.core.webui.keyword.internal.WebUIKeywordMain.runKeyword(WebUIKeywordMain.groovy:26)
	at com.kms.katalon.core.webui.keyword.builtin.ClickKeyword.click(ClickKeyword.groovy:74)
	at com.kms.katalon.core.webui.keyword.builtin.ClickKeyword.execute(ClickKeyword.groovy:40)
	at com.kms.katalon.core.keyword.internal.KeywordExecutor.executeKeywordForPlatform(KeywordExecutor.groovy:74)
	at com.kms.katalon.core.webui.keyword.WebUiBuiltInKeywords.click(WebUiBuiltInKeywords.groovy:608)
	at com.kms.katalon.core.webui.keyword.WebUiBuiltInKeywords$click$10.call(Unknown Source)
	at shopify.store.innstallThemeShopifyViaUrl(store.groovy:121)
	at shopify.store.invokeMethod(store.groovy)
	at com.kms.katalon.core.main.CustomKeywordDelegatingMetaClass.invokeStaticMethod(CustomKeywordDelegatingMetaClass.java:55)
	at CreateStore.run(CreateStore:52)
	at com.kms.katalon.core.main.ScriptEngine.run(ScriptEngine.java:194)
	at com.kms.katalon.core.main.ScriptEngine.runScriptAsRawText(ScriptEngine.java:119)
	at com.kms.katalon.core.main.TestCaseExecutor.runScript(TestCaseExecutor.java:448)
	at com.kms.katalon.core.main.TestCaseExecutor.doExecute(TestCaseExecutor.java:439)
	at com.kms.katalon.core.main.TestCaseExecutor.processExecutionPhase(TestCaseExecutor.java:418)
	at com.kms.katalon.core.main.TestCaseExecutor.accessMainPhase(TestCaseExecutor.java:410)
	at com.kms.katalon.core.main.TestCaseExecutor.execute(TestCaseExecutor.java:285)
	at com.kms.katalon.core.common.CommonExecutor.accessTestCaseMainPhase(CommonExecutor.java:65)
	at com.kms.katalon.core.main.TestSuiteExecutor.accessTestSuiteMainPhase(TestSuiteExecutor.java:151)
	at com.kms.katalon.core.main.TestSuiteExecutor.execute(TestSuiteExecutor.java:106)
	at com.kms.katalon.core.main.TestCaseMain.startTestSuite(TestCaseMain.java:185)
	at com.kms.katalon.core.main.TestCaseMain$startTestSuite$0.call(Unknown Source)
	at TempTestSuite1678162735898.run(TempTestSuite1678162735898.groovy:36)
Caused by: com.kms.katalon.core.webui.exception.WebElementNotFoundException: Web element with id: 'Object Repository/Shopify/div_user_card_name' located by '//*[@class = 'user-card__name']' not found
	at com.kms.katalon.core.webui.common.WebUiCommonHelper.findWebElement(WebUiCommonHelper.java:1370)
	at com.kms.katalon.core.webui.keyword.internal.WebUIAbstractKeyword.findWebElement(WebUIAbstractKeyword.groovy:27)
	at com.kms.katalon.core.webui.keyword.builtin.ClickKeyword$_click_closure1.doCall(ClickKeyword.groovy:65)
	at com.kms.katalon.core.webui.keyword.builtin.ClickKeyword$_click_closure1.call(ClickKeyword.groovy)
	at com.kms.katalon.core.webui.keyword.internal.WebUIKeywordMain.runKeyword(WebUIKeywordMain.groovy:20)
	at com.kms.katalon.core.webui.keyword.builtin.ClickKeyword.click(ClickKeyword.groovy:74)
	at com.kms.katalon.core.webui.keyword.builtin.ClickKeyword.execute(ClickKeyword.groovy:40)
	at com.kms.katalon.core.keyword.internal.KeywordExecutor.executeKeywordForPlatform(KeywordExecutor.groovy:74)
	at com.kms.katalon.core.webui.keyword.WebUiBuiltInKeywords.click(WebUiBuiltInKeywords.groovy:608)
	at com.kms.katalon.core.webui.keyword.WebUiBuiltInKeywords$click$10.call(Unknown Source)
	at shopify.store.innstallThemeShopifyViaUrl(store.groovy:121)
	at shopify.store.invokeMethod(store.groovy)
	at com.kms.katalon.core.main.CustomKeywordDelegatingMetaClass.invokeStaticMethod(CustomKeywordDelegatingMetaClass.java:55)
	at Script1673851860327.run(Script1673851860327.groovy:52)
	... 13 more
)
[[ATTACHMENT|C:\\Users\\huynh\\Documents\\Socialhead\\Automation\\Katalon project\\CreateStore\\CreateStore\\Reports\\20230307_111854\\Store\\Create Store\\20230307_111855\\1678167610332.png]]

2023-03-07 12:40:13 - [MESSAGE][PASSED] - Navigate to 'https://themes.shopify.com/themes/sense?shop=khanh-ar-stag-1089.myshopify.com' successfully

2023-03-07 12:40:16 - [MESSAGE][PASSED] - Object: 'Object Repository/Shopify Theme/a_trytheme' is clicked on

2023-03-07 12:40:16 - [MESSAGE][PASSED] - shopify.store.innstallThemeShopifyViaUrl is PASSED

2023-03-07 12:40:16 - [TEST_STEP][PASSED] - shopify.store.clickPublishTheme(): shopify.store.clickPublishTheme is PASSED

2023-03-07 12:40:46 - [MESSAGE][PASSED] - Delayed 30 second(s)

2023-03-07 12:40:46 - [MESSAGE][PASSED] - Refresh successfully

2023-03-07 12:41:16 - [MESSAGE][PASSED] - Delayed 30 second(s)

2023-03-07 12:41:17 - [MESSAGE][PASSED] - Object 'Object Repository/Shopify Store/btn_publish_theme' is clickable

2023-03-07 12:41:17 - [MESSAGE][PASSED] - Object: 'Object Repository/Shopify Store/btn_publish_theme' is clicked on

2023-03-07 12:41:17 - [MESSAGE][PASSED] - shopify.store.clickPublishTheme is PASSED

2023-03-07 12:41:17 - [TEST_STEP][PASSED] - shopify.store.confirmPublishTheme(): shopify.store.confirmPublishTheme is PASSED

2023-03-07 12:41:27 - [MESSAGE][PASSED] - Delayed 10 second(s)

2023-03-07 12:41:27 - [MESSAGE][PASSED] - Object: 'Object Repository/Shopify Store/btn_confirm_publish_theme' is clicked on

2023-03-07 12:41:27 - [MESSAGE][PASSED] - shopify.store.confirmPublishTheme is PASSED

2023-03-07 12:41:27 - [TEST_STEP][PASSED] - shopify.store_setting.changeStoreCurrency(currency, store_name): shopify.store_setting.changeStoreCurrency is PASSED

2023-03-07 12:41:37 - [MESSAGE][PASSED] - Delayed 10 second(s)

2023-03-07 12:41:38 - [MESSAGE][PASSED] - Navigate to 'http://khanh-ar-stag-1089.myshopify.com/admin/settings/general' successfully

2023-03-07 12:41:45 - [MESSAGE][PASSED] - All options with value 'USD' are selected in object 'Object Repository/Shopify Store/select_currency' 

2023-03-07 12:41:45 - [MESSAGE][PASSED] - shopify.store_setting.changeStoreCurrency is PASSED

2023-03-07 12:41:45 - [TEST_STEP][PASSED] - shopify.store_setting.saveStoreSetting(): shopify.store_setting.saveStoreSetting is PASSED

2023-03-07 12:41:46 - [MESSAGE][PASSED] - Object: 'Object Repository/Shopify Store/span_save_admin_setting' is clicked on

2023-03-07 12:41:46 - [MESSAGE][PASSED] - shopify.store_setting.saveStoreSetting is PASSED

2023-03-07 12:41:46 - [TEST_STEP][PASSED] - shopify.store_setting.changeStorePassword(store_name, "1"): shopify.store_setting.changeStorePassword is PASSED

2023-03-07 12:41:56 - [MESSAGE][PASSED] - Delayed 10 second(s)

2023-03-07 12:41:57 - [MESSAGE][PASSED] - Navigate to 'http://khanh-ar-stag-1089.myshopify.com/admin/online_store/preferences?tutorial=unlock' successfully

2023-03-07 12:42:04 - [MESSAGE][PASSED] - Web element with id: 'Object Repository/Shopify Store/div_loading_bar' located by 'By.xpath: //*[@id = 'AppFrameLoadingBar']' is not present after '50' second(s)

2023-03-07 12:42:05 - [MESSAGE][PASSED] - Keys '1' sent to object: 'Object Repository/Shopify Store/input_storefront_password'

2023-03-07 12:42:05 - [MESSAGE][PASSED] - Keys 'ENTER + ' sent to object: 'Object Repository/Shopify Store/input_storefront_password'

2023-03-07 12:42:05 - [MESSAGE][PASSED] - shopify.store_setting.changeStorePassword is PASSED

2023-03-07 12:42:05 - [TEST_STEP][PASSED] - Start tear down : teardownIfPassed: Method 'teardownIfPassed' complete successfully

2023-03-07 12:42:05 - [TEST_STEP][PASSED] - data.excel.updateValueToSheet(file_data, "store", 4, store_name, 7, "Passed"): data.excel.updateValueToSheet is PASSED

2023-03-07 12:42:05 - [MESSAGE][PASSED] - data.excel.updateValueToSheet is PASSED

2023-03-07 12:42:05 - [MESSAGE][PASSED] - Method 'teardownIfPassed' complete successfully]]></system-out>
         <system-err><![CDATA[]]></system-err>
      </testcase>
      <testcase name="Test Cases/Shopify/CreateStore" time="274.166" classname="Test Cases/Shopify/CreateStore" status="PASSED">
         <system-out><![CDATA[2023-03-07 12:42:05 - [TEST_CASE][PASSED] - Test Cases/Shopify/CreateStore: Test Cases/Shopify/CreateStore

2023-03-07 12:42:05 - [TEST_STEP][PASSED] - Start listener action : skipStatus: null

2023-03-07 12:42:05 - [TEST_STEP][PASSED] - map = testCaseContext.getTestCaseVariables(): null

2023-03-07 12:42:05 - [TEST_STEP][PASSED] - testcae_status = map.get("testcase_status"): null

2023-03-07 12:42:05 - [TEST_STEP][PASSED] - println(testcae_status): null

2023-03-07 12:42:05 - [TEST_STEP][PASSED] - if (testcae_status == "Passed" || testcae_status == "Failed"): null

2023-03-07 12:42:05 - [TEST_STEP][PASSED] - log = new com.kms.katalon.core.util.KeywordUtil(): null

2023-03-07 12:42:05 - [TEST_STEP][PASSED] - openBrowser(""): Browser is opened with url: ''

2023-03-07 12:42:05 - [MESSAGE][WARNING] - A browser is already opened. Closing browser and opening a new one

2023-03-07 12:42:06 - [MESSAGE][INFO] - Starting 'Chrome' driver

2023-03-07 12:42:06 - [MESSAGE][INFO] - Action delay is set to 0 milliseconds

2023-03-07 12:42:07 - [MESSAGE][PASSED] - Browser is opened with url: ''

2023-03-07 12:42:07 - [TEST_STEP][PASSED] - maximizeWindow(): Current window maximized

2023-03-07 12:42:07 - [MESSAGE][PASSED] - Current window maximized

2023-03-07 12:42:07 - [TEST_STEP][PASSED] - shopify.store.loginShopifyPartner(partner_email, partner_password, partner_id): shopify.store.loginShopifyPartner is PASSED

2023-03-07 12:42:11 - [MESSAGE][PASSED] - Navigate to 'https://partners.shopify.com/1662018/stores/new' successfully

2023-03-07 12:42:11 - [MESSAGE][PASSED] - Text 'huynh@firegroup.io' is set on object 'Object Repository/Shopify/input_email_shopify'

2023-03-07 12:42:14 - [MESSAGE][PASSED] - Object: 'Object Repository/Shopify/btn_continue_with_email' is clicked on

2023-03-07 12:42:16 - [MESSAGE][PASSED] - Text ****** has been set on object 'Object Repository/Shopify/input_password_shopify'

2023-03-07 12:42:22 - [MESSAGE][PASSED] - Object: 'Object Repository/Shopify/btn_login' is clicked on

2023-03-07 12:42:22 - [MESSAGE][PASSED] - shopify.store.loginShopifyPartner is PASSED

2023-03-07 12:42:22 - [TEST_STEP][PASSED] - shopify.store.navigateToStoreDevelop(partner_id): shopify.store.navigateToStoreDevelop is PASSED

2023-03-07 12:42:23 - [MESSAGE][PASSED] - Navigate to 'https://partners.shopify.com/1662018/stores/new?store_type=dev_preview_store&developer_preview_handle=checkout_extensibility' successfully

2023-03-07 12:42:23 - [MESSAGE][PASSED] - shopify.store.navigateToStoreDevelop is PASSED

2023-03-07 12:42:23 - [TEST_STEP][PASSED] - shopify.store.inputStoreName(store_name): shopify.store.inputStoreName is PASSED

2023-03-07 12:42:25 - [MESSAGE][PASSED] - Text 'khanh-ar-stag-1090' is set on object 'Object Repository/Shopify/input_store_name'

2023-03-07 12:42:30 - [MESSAGE][PASSED] - Delayed 5 second(s)

2023-03-07 12:42:30 - [MESSAGE][PASSED] - shopify.store.inputStoreName is PASSED

2023-03-07 12:42:30 - [TEST_STEP][PASSED] - shopify.store.clickCreateStore(): shopify.store.clickCreateStore is PASSED

2023-03-07 12:42:30 - [MESSAGE][PASSED] - Object: 'Object Repository/Shopify/btn_create_store' is clicked on

2023-03-07 12:42:30 - [MESSAGE][PASSED] - Wait for page load successfully

2023-03-07 12:42:30 - [MESSAGE][PASSED] - shopify.store.clickCreateStore is PASSED

2023-03-07 12:42:30 - [TEST_STEP][PASSED] - shopify.store.importProduct(product_file_local): shopify.store.importProduct is PASSED

2023-03-07 12:43:03 - [MESSAGE][PASSED] - Object: 'Object Repository/Shopify/span_product' is clicked on

2023-03-07 12:43:04 - [MESSAGE][PASSED] - Object: 'Object Repository/Shopify/span_import_product' is clicked on

2023-03-07 12:43:05 - [MESSAGE][PASSED] - File 'C:\Users\huynh\Documents\Socialhead\Automation\Katalon project\CreateStore\CreateStore\Data\products_export.csv' sent to object: 'Object Repository/Shopify/file_product'

2023-03-07 12:43:05 - [MESSAGE][PASSED] - Object: 'Object Repository/Shopify/span_upload_product_continue' is clicked on

2023-03-07 12:43:08 - [MESSAGE][PASSED] - Object: 'Object Repository/Shopify/btn_product_confirm_import' is clicked on

2023-03-07 12:43:38 - [MESSAGE][PASSED] - Delayed 30 second(s)

2023-03-07 12:43:39 - [MESSAGE][PASSED] - Refresh successfully

2023-03-07 12:43:54 - [MESSAGE][PASSED] - Delayed 15 second(s)

2023-03-07 12:43:54 - [MESSAGE][PASSED] - shopify.store.importProduct is PASSED

2023-03-07 12:43:54 - [TEST_STEP][PASSED] - shopify.store.clickOnMenuOnlineStore(): shopify.store.clickOnMenuOnlineStore is PASSED

2023-03-07 12:43:54 - [MESSAGE][PASSED] - Object: 'Object Repository/Shopify Store/a_onlie_store' is clicked on

2023-03-07 12:44:04 - [MESSAGE][PASSED] - Delayed 10 second(s)

2023-03-07 12:44:04 - [MESSAGE][PASSED] - shopify.store.clickOnMenuOnlineStore is PASSED

2023-03-07 12:44:04 - [TEST_STEP][PASSED] - shopify.store.clickOnImportTheme(): shopify.store.clickOnImportTheme is PASSED

2023-03-07 12:44:14 - [MESSAGE][PASSED] - Delayed 10 second(s)

2023-03-07 12:44:24 - [MESSAGE][PASSED] - Delayed 10 second(s)

2023-03-07 12:44:25 - [MESSAGE][PASSED] - Object: 'Object Repository/Shopify Store/btn_add_theme' is clicked on

2023-03-07 12:44:25 - [MESSAGE][PASSED] - shopify.store.clickOnImportTheme is PASSED

2023-03-07 12:44:25 - [TEST_STEP][PASSED] - shopify.store.innstallThemeShopifyViaUrl(theme_url, store_name): shopify.store.innstallThemeShopifyViaUrl is PASSED

2023-03-07 12:44:27 - [MESSAGE][PASSED] - Navigate to 'https://themes.shopify.com/themes/sense?shop=khanh-ar-stag-1090.myshopify.com' successfully

2023-03-07 12:44:33 - [MESSAGE][PASSED] - Object: 'Object Repository/Shopify/div_user_card_name' is clicked on

2023-03-07 12:44:36 - [MESSAGE][PASSED] - Object: 'Object Repository/Shopify Theme/a_trytheme' is clicked on

2023-03-07 12:44:44 - [MESSAGE][PASSED] - Object: 'Object Repository/Shopify/div_user_card_name' is clicked on

2023-03-07 12:44:47 - [MESSAGE][PASSED] - Navigate to 'https://themes.shopify.com/themes/sense?shop=khanh-ar-stag-1090.myshopify.com' successfully

2023-03-07 12:44:50 - [MESSAGE][PASSED] - Object: 'Object Repository/Shopify Theme/a_trytheme' is clicked on

2023-03-07 12:44:50 - [MESSAGE][PASSED] - shopify.store.innstallThemeShopifyViaUrl is PASSED

2023-03-07 12:44:50 - [TEST_STEP][PASSED] - shopify.store.clickPublishTheme(): shopify.store.clickPublishTheme is PASSED

2023-03-07 12:45:20 - [MESSAGE][PASSED] - Delayed 30 second(s)

2023-03-07 12:45:21 - [MESSAGE][PASSED] - Refresh successfully

2023-03-07 12:45:51 - [MESSAGE][PASSED] - Delayed 30 second(s)

2023-03-07 12:45:51 - [MESSAGE][PASSED] - Object 'Object Repository/Shopify Store/btn_publish_theme' is clickable

2023-03-07 12:45:51 - [MESSAGE][PASSED] - Object: 'Object Repository/Shopify Store/btn_publish_theme' is clicked on

2023-03-07 12:45:51 - [MESSAGE][PASSED] - shopify.store.clickPublishTheme is PASSED

2023-03-07 12:45:51 - [TEST_STEP][PASSED] - shopify.store.confirmPublishTheme(): shopify.store.confirmPublishTheme is PASSED

2023-03-07 12:46:01 - [MESSAGE][PASSED] - Delayed 10 second(s)

2023-03-07 12:46:02 - [MESSAGE][PASSED] - Object: 'Object Repository/Shopify Store/btn_confirm_publish_theme' is clicked on

2023-03-07 12:46:02 - [MESSAGE][PASSED] - shopify.store.confirmPublishTheme is PASSED

2023-03-07 12:46:02 - [TEST_STEP][PASSED] - shopify.store_setting.changeStoreCurrency(currency, store_name): shopify.store_setting.changeStoreCurrency is PASSED

2023-03-07 12:46:12 - [MESSAGE][PASSED] - Delayed 10 second(s)

2023-03-07 12:46:13 - [MESSAGE][PASSED] - Navigate to 'http://khanh-ar-stag-1090.myshopify.com/admin/settings/general' successfully

2023-03-07 12:46:20 - [MESSAGE][PASSED] - All options with value 'USD' are selected in object 'Object Repository/Shopify Store/select_currency' 

2023-03-07 12:46:20 - [MESSAGE][PASSED] - shopify.store_setting.changeStoreCurrency is PASSED

2023-03-07 12:46:20 - [TEST_STEP][PASSED] - shopify.store_setting.saveStoreSetting(): shopify.store_setting.saveStoreSetting is PASSED

2023-03-07 12:46:20 - [MESSAGE][PASSED] - Object: 'Object Repository/Shopify Store/span_save_admin_setting' is clicked on

2023-03-07 12:46:20 - [MESSAGE][PASSED] - shopify.store_setting.saveStoreSetting is PASSED

2023-03-07 12:46:20 - [TEST_STEP][PASSED] - shopify.store_setting.changeStorePassword(store_name, "1"): shopify.store_setting.changeStorePassword is PASSED

2023-03-07 12:46:30 - [MESSAGE][PASSED] - Delayed 10 second(s)

2023-03-07 12:46:32 - [MESSAGE][PASSED] - Navigate to 'http://khanh-ar-stag-1090.myshopify.com/admin/online_store/preferences?tutorial=unlock' successfully

2023-03-07 12:46:38 - [MESSAGE][PASSED] - Web element with id: 'Object Repository/Shopify Store/div_loading_bar' located by 'By.xpath: //*[@id = 'AppFrameLoadingBar']' is not present after '50' second(s)

2023-03-07 12:46:39 - [MESSAGE][PASSED] - Keys '1' sent to object: 'Object Repository/Shopify Store/input_storefront_password'

2023-03-07 12:46:39 - [MESSAGE][PASSED] - Keys 'ENTER + ' sent to object: 'Object Repository/Shopify Store/input_storefront_password'

2023-03-07 12:46:39 - [MESSAGE][PASSED] - shopify.store_setting.changeStorePassword is PASSED

2023-03-07 12:46:39 - [TEST_STEP][PASSED] - Start tear down : teardownIfPassed: Method 'teardownIfPassed' complete successfully

2023-03-07 12:46:39 - [TEST_STEP][PASSED] - data.excel.updateValueToSheet(file_data, "store", 4, store_name, 7, "Passed"): data.excel.updateValueToSheet is PASSED

2023-03-07 12:46:39 - [MESSAGE][PASSED] - data.excel.updateValueToSheet is PASSED

2023-03-07 12:46:39 - [MESSAGE][PASSED] - Method 'teardownIfPassed' complete successfully]]></system-out>
         <system-err><![CDATA[]]></system-err>
      </testcase>
      <testcase name="Test Cases/Shopify/CreateStore" time="196.079" classname="Test Cases/Shopify/CreateStore" status="FAILED">
         <failure type="FAILED" message="Test Cases/Shopify/CreateStore FAILED.
Reason:
com.kms.katalon.core.exception.StepFailedException: Unable to click on object 'Object Repository/Shopify Theme/a_trytheme'
	at com.kms.katalon.core.webui.keyword.internal.WebUIKeywordMain.stepFailed(WebUIKeywordMain.groovy:64)
	at com.kms.katalon.core.webui.keyword.internal.WebUIKeywordMain.runKeyword(WebUIKeywordMain.groovy:26)
	at com.kms.katalon.core.webui.keyword.builtin.ClickKeyword.click(ClickKeyword.groovy:74)
	at com.kms.katalon.core.webui.keyword.builtin.ClickKeyword.execute(ClickKeyword.groovy:40)
	at com.kms.katalon.core.keyword.internal.KeywordExecutor.executeKeywordForPlatform(KeywordExecutor.groovy:74)
	at com.kms.katalon.core.webui.keyword.WebUiBuiltInKeywords.click(WebUiBuiltInKeywords.groovy:620)
	at com.kms.katalon.core.webui.keyword.WebUiBuiltInKeywords$click$3.call(Unknown Source)
	at shopify.store.innstallThemeShopifyViaUrl(store.groovy:123)
	at shopify.store.invokeMethod(store.groovy)
	at com.kms.katalon.core.main.CustomKeywordDelegatingMetaClass.invokeStaticMethod(CustomKeywordDelegatingMetaClass.java:55)
	at CreateStore.run(CreateStore:52)
	at com.kms.katalon.core.main.ScriptEngine.run(ScriptEngine.java:194)
	at com.kms.katalon.core.main.ScriptEngine.runScriptAsRawText(ScriptEngine.java:119)
	at com.kms.katalon.core.main.TestCaseExecutor.runScript(TestCaseExecutor.java:448)
	at com.kms.katalon.core.main.TestCaseExecutor.doExecute(TestCaseExecutor.java:439)
	at com.kms.katalon.core.main.TestCaseExecutor.processExecutionPhase(TestCaseExecutor.java:418)
	at com.kms.katalon.core.main.TestCaseExecutor.accessMainPhase(TestCaseExecutor.java:410)
	at com.kms.katalon.core.main.TestCaseExecutor.execute(TestCaseExecutor.java:285)
	at com.kms.katalon.core.common.CommonExecutor.accessTestCaseMainPhase(CommonExecutor.java:65)
	at com.kms.katalon.core.main.TestSuiteExecutor.accessTestSuiteMainPhase(TestSuiteExecutor.java:151)
	at com.kms.katalon.core.main.TestSuiteExecutor.execute(TestSuiteExecutor.java:106)
	at com.kms.katalon.core.main.TestCaseMain.startTestSuite(TestCaseMain.java:185)
	at com.kms.katalon.core.main.TestCaseMain$startTestSuite$0.call(Unknown Source)
	at TempTestSuite1678162735898.run(TempTestSuite1678162735898.groovy:36)
Caused by: com.kms.katalon.core.webui.exception.WebElementNotFoundException: Web element with id: 'Object Repository/Shopify Theme/a_trytheme' located by '//*[@id = 'AddTheme']' not found
	at com.kms.katalon.core.webui.common.WebUiCommonHelper.findWebElement(WebUiCommonHelper.java:1370)
	at com.kms.katalon.core.webui.keyword.internal.WebUIAbstractKeyword.findWebElement(WebUIAbstractKeyword.groovy:27)
	at com.kms.katalon.core.webui.keyword.builtin.ClickKeyword$_click_closure1.doCall(ClickKeyword.groovy:65)
	at com.kms.katalon.core.webui.keyword.builtin.ClickKeyword$_click_closure1.call(ClickKeyword.groovy)
	at com.kms.katalon.core.webui.keyword.internal.WebUIKeywordMain.runKeyword(WebUIKeywordMain.groovy:20)
	... 22 more
"/>
         <system-out><![CDATA[2023-03-07 12:46:39 - [TEST_CASE][FAILED] - Test Cases/Shopify/CreateStore: Test Cases/Shopify/CreateStore FAILED.
Reason:
com.kms.katalon.core.exception.StepFailedException: Unable to click on object 'Object Repository/Shopify Theme/a_trytheme'
	at com.kms.katalon.core.webui.keyword.internal.WebUIKeywordMain.stepFailed(WebUIKeywordMain.groovy:64)
	at com.kms.katalon.core.webui.keyword.internal.WebUIKeywordMain.runKeyword(WebUIKeywordMain.groovy:26)
	at com.kms.katalon.core.webui.keyword.builtin.ClickKeyword.click(ClickKeyword.groovy:74)
	at com.kms.katalon.core.webui.keyword.builtin.ClickKeyword.execute(ClickKeyword.groovy:40)
	at com.kms.katalon.core.keyword.internal.KeywordExecutor.executeKeywordForPlatform(KeywordExecutor.groovy:74)
	at com.kms.katalon.core.webui.keyword.WebUiBuiltInKeywords.click(WebUiBuiltInKeywords.groovy:620)
	at com.kms.katalon.core.webui.keyword.WebUiBuiltInKeywords$click$3.call(Unknown Source)
	at shopify.store.innstallThemeShopifyViaUrl(store.groovy:123)
	at shopify.store.invokeMethod(store.groovy)
	at com.kms.katalon.core.main.CustomKeywordDelegatingMetaClass.invokeStaticMethod(CustomKeywordDelegatingMetaClass.java:55)
	at CreateStore.run(CreateStore:52)
	at com.kms.katalon.core.main.ScriptEngine.run(ScriptEngine.java:194)
	at com.kms.katalon.core.main.ScriptEngine.runScriptAsRawText(ScriptEngine.java:119)
	at com.kms.katalon.core.main.TestCaseExecutor.runScript(TestCaseExecutor.java:448)
	at com.kms.katalon.core.main.TestCaseExecutor.doExecute(TestCaseExecutor.java:439)
	at com.kms.katalon.core.main.TestCaseExecutor.processExecutionPhase(TestCaseExecutor.java:418)
	at com.kms.katalon.core.main.TestCaseExecutor.accessMainPhase(TestCaseExecutor.java:410)
	at com.kms.katalon.core.main.TestCaseExecutor.execute(TestCaseExecutor.java:285)
	at com.kms.katalon.core.common.CommonExecutor.accessTestCaseMainPhase(CommonExecutor.java:65)
	at com.kms.katalon.core.main.TestSuiteExecutor.accessTestSuiteMainPhase(TestSuiteExecutor.java:151)
	at com.kms.katalon.core.main.TestSuiteExecutor.execute(TestSuiteExecutor.java:106)
	at com.kms.katalon.core.main.TestCaseMain.startTestSuite(TestCaseMain.java:185)
	at com.kms.katalon.core.main.TestCaseMain$startTestSuite$0.call(Unknown Source)
	at TempTestSuite1678162735898.run(TempTestSuite1678162735898.groovy:36)
Caused by: com.kms.katalon.core.webui.exception.WebElementNotFoundException: Web element with id: 'Object Repository/Shopify Theme/a_trytheme' located by '//*[@id = 'AddTheme']' not found
	at com.kms.katalon.core.webui.common.WebUiCommonHelper.findWebElement(WebUiCommonHelper.java:1370)
	at com.kms.katalon.core.webui.keyword.internal.WebUIAbstractKeyword.findWebElement(WebUIAbstractKeyword.groovy:27)
	at com.kms.katalon.core.webui.keyword.builtin.ClickKeyword$_click_closure1.doCall(ClickKeyword.groovy:65)
	at com.kms.katalon.core.webui.keyword.builtin.ClickKeyword$_click_closure1.call(ClickKeyword.groovy)
	at com.kms.katalon.core.webui.keyword.internal.WebUIKeywordMain.runKeyword(WebUIKeywordMain.groovy:20)
	... 22 more


2023-03-07 12:46:39 - [TEST_STEP][PASSED] - Start listener action : skipStatus: null

2023-03-07 12:46:39 - [TEST_STEP][PASSED] - map = testCaseContext.getTestCaseVariables(): null

2023-03-07 12:46:39 - [TEST_STEP][PASSED] - testcae_status = map.get("testcase_status"): null

2023-03-07 12:46:39 - [TEST_STEP][PASSED] - println(testcae_status): null

2023-03-07 12:46:39 - [TEST_STEP][PASSED] - if (testcae_status == "Passed" || testcae_status == "Failed"): null

2023-03-07 12:46:39 - [TEST_STEP][PASSED] - log = new com.kms.katalon.core.util.KeywordUtil(): null

2023-03-07 12:46:39 - [TEST_STEP][PASSED] - openBrowser(""): Browser is opened with url: ''

2023-03-07 12:46:39 - [MESSAGE][WARNING] - A browser is already opened. Closing browser and opening a new one

2023-03-07 12:46:40 - [MESSAGE][INFO] - Starting 'Chrome' driver

2023-03-07 12:46:40 - [MESSAGE][INFO] - Action delay is set to 0 milliseconds

2023-03-07 12:46:41 - [MESSAGE][PASSED] - Browser is opened with url: ''

2023-03-07 12:46:41 - [TEST_STEP][PASSED] - maximizeWindow(): Current window maximized

2023-03-07 12:46:41 - [MESSAGE][PASSED] - Current window maximized

2023-03-07 12:46:41 - [TEST_STEP][PASSED] - shopify.store.loginShopifyPartner(partner_email, partner_password, partner_id): shopify.store.loginShopifyPartner is PASSED

2023-03-07 12:46:45 - [MESSAGE][PASSED] - Navigate to 'https://partners.shopify.com/1662018/stores/new' successfully

2023-03-07 12:46:46 - [MESSAGE][PASSED] - Text 'huynh@firegroup.io' is set on object 'Object Repository/Shopify/input_email_shopify'

2023-03-07 12:46:48 - [MESSAGE][PASSED] - Object: 'Object Repository/Shopify/btn_continue_with_email' is clicked on

2023-03-07 12:46:50 - [MESSAGE][PASSED] - Text ****** has been set on object 'Object Repository/Shopify/input_password_shopify'

2023-03-07 12:46:55 - [MESSAGE][PASSED] - Object: 'Object Repository/Shopify/btn_login' is clicked on

2023-03-07 12:46:55 - [MESSAGE][PASSED] - shopify.store.loginShopifyPartner is PASSED

2023-03-07 12:46:55 - [TEST_STEP][PASSED] - shopify.store.navigateToStoreDevelop(partner_id): shopify.store.navigateToStoreDevelop is PASSED

2023-03-07 12:46:56 - [MESSAGE][PASSED] - Navigate to 'https://partners.shopify.com/1662018/stores/new?store_type=dev_preview_store&developer_preview_handle=checkout_extensibility' successfully

2023-03-07 12:46:56 - [MESSAGE][PASSED] - shopify.store.navigateToStoreDevelop is PASSED

2023-03-07 12:46:56 - [TEST_STEP][PASSED] - shopify.store.inputStoreName(store_name): shopify.store.inputStoreName is PASSED

2023-03-07 12:46:58 - [MESSAGE][PASSED] - Text 'khanh-ar-stag-1091' is set on object 'Object Repository/Shopify/input_store_name'

2023-03-07 12:47:03 - [MESSAGE][PASSED] - Delayed 5 second(s)

2023-03-07 12:47:03 - [MESSAGE][PASSED] - shopify.store.inputStoreName is PASSED

2023-03-07 12:47:03 - [TEST_STEP][PASSED] - shopify.store.clickCreateStore(): shopify.store.clickCreateStore is PASSED

2023-03-07 12:47:03 - [MESSAGE][PASSED] - Object: 'Object Repository/Shopify/btn_create_store' is clicked on

2023-03-07 12:47:03 - [MESSAGE][PASSED] - Wait for page load successfully

2023-03-07 12:47:03 - [MESSAGE][PASSED] - shopify.store.clickCreateStore is PASSED

2023-03-07 12:47:03 - [TEST_STEP][PASSED] - shopify.store.importProduct(product_file_local): shopify.store.importProduct is PASSED

2023-03-07 12:47:36 - [MESSAGE][PASSED] - Object: 'Object Repository/Shopify/span_product' is clicked on

2023-03-07 12:47:38 - [MESSAGE][PASSED] - Object: 'Object Repository/Shopify/span_import_product' is clicked on

2023-03-07 12:47:39 - [MESSAGE][PASSED] - File 'C:\Users\huynh\Documents\Socialhead\Automation\Katalon project\CreateStore\CreateStore\Data\products_export.csv' sent to object: 'Object Repository/Shopify/file_product'

2023-03-07 12:47:39 - [MESSAGE][PASSED] - Object: 'Object Repository/Shopify/span_upload_product_continue' is clicked on

2023-03-07 12:47:42 - [MESSAGE][PASSED] - Object: 'Object Repository/Shopify/btn_product_confirm_import' is clicked on

2023-03-07 12:48:12 - [MESSAGE][PASSED] - Delayed 30 second(s)

2023-03-07 12:48:13 - [MESSAGE][PASSED] - Refresh successfully

2023-03-07 12:48:28 - [MESSAGE][PASSED] - Delayed 15 second(s)

2023-03-07 12:48:28 - [MESSAGE][PASSED] - shopify.store.importProduct is PASSED

2023-03-07 12:48:28 - [TEST_STEP][PASSED] - shopify.store.clickOnMenuOnlineStore(): shopify.store.clickOnMenuOnlineStore is PASSED

2023-03-07 12:48:28 - [MESSAGE][PASSED] - Object: 'Object Repository/Shopify Store/a_onlie_store' is clicked on

2023-03-07 12:48:38 - [MESSAGE][PASSED] - Delayed 10 second(s)

2023-03-07 12:48:38 - [MESSAGE][PASSED] - shopify.store.clickOnMenuOnlineStore is PASSED

2023-03-07 12:48:38 - [TEST_STEP][PASSED] - shopify.store.clickOnImportTheme(): shopify.store.clickOnImportTheme is PASSED

2023-03-07 12:48:48 - [MESSAGE][PASSED] - Delayed 10 second(s)

2023-03-07 12:48:58 - [MESSAGE][PASSED] - Delayed 10 second(s)

2023-03-07 12:48:59 - [MESSAGE][PASSED] - Object: 'Object Repository/Shopify Store/btn_add_theme' is clicked on

2023-03-07 12:48:59 - [MESSAGE][PASSED] - shopify.store.clickOnImportTheme is PASSED

2023-03-07 12:48:59 - [TEST_STEP][FAILED] - shopify.store.innstallThemeShopifyViaUrl(theme_url, store_name): Unable to click on object 'Object Repository/Shopify Theme/a_trytheme'

2023-03-07 12:49:01 - [MESSAGE][PASSED] - Navigate to 'https://themes.shopify.com/themes/sense?shop=khanh-ar-stag-1091.myshopify.com' successfully

2023-03-07 12:49:12 - [MESSAGE][PASSED] - Object: 'Object Repository/Shopify/div_user_card_name' is clicked on

2023-03-07 12:49:15 - [MESSAGE][PASSED] - Object: 'Object Repository/Shopify Theme/a_trytheme' is clicked on

2023-03-07 12:49:20 - [MESSAGE][PASSED] - Object: 'Object Repository/Shopify/div_user_card_name' is clicked on

2023-03-07 12:49:24 - [MESSAGE][PASSED] - Navigate to 'https://themes.shopify.com/themes/sense?shop=khanh-ar-stag-1091.myshopify.com' successfully

2023-03-07 12:49:55 - [MESSAGE][INFO] - Unable to find the element located by 'By.xpath: //*[@id = 'AddTheme']'. Please recheck the objects properties to make sure the desired element is located. 

2023-03-07 12:49:55 - [MESSAGE][WARNING] - [SELF-HEALING] Failed to find element with id 'Object Repository/Shopify Theme/a_trytheme'. Try using Self-healing.

2023-03-07 12:49:55 - [MESSAGE][WARNING] - [SELF-HEALING] Cannot find elements when the XPath is null.

2023-03-07 12:49:55 - [MESSAGE][WARNING] - [SELF-HEALING] Cannot find elements when the selector is null

2023-03-07 12:49:55 - [MESSAGE][FAILED] - Unable to click on object 'Object Repository/Shopify Theme/a_trytheme' (Root cause: com.kms.katalon.core.exception.StepFailedException: Unable to click on object 'Object Repository/Shopify Theme/a_trytheme'
	at com.kms.katalon.core.webui.keyword.internal.WebUIKeywordMain.stepFailed(WebUIKeywordMain.groovy:64)
	at com.kms.katalon.core.webui.keyword.internal.WebUIKeywordMain.runKeyword(WebUIKeywordMain.groovy:26)
	at com.kms.katalon.core.webui.keyword.builtin.ClickKeyword.click(ClickKeyword.groovy:74)
	at com.kms.katalon.core.webui.keyword.builtin.ClickKeyword.execute(ClickKeyword.groovy:40)
	at com.kms.katalon.core.keyword.internal.KeywordExecutor.executeKeywordForPlatform(KeywordExecutor.groovy:74)
	at com.kms.katalon.core.webui.keyword.WebUiBuiltInKeywords.click(WebUiBuiltInKeywords.groovy:620)
	at com.kms.katalon.core.webui.keyword.WebUiBuiltInKeywords$click$3.call(Unknown Source)
	at shopify.store.innstallThemeShopifyViaUrl(store.groovy:123)
	at shopify.store.invokeMethod(store.groovy)
	at com.kms.katalon.core.main.CustomKeywordDelegatingMetaClass.invokeStaticMethod(CustomKeywordDelegatingMetaClass.java:55)
	at CreateStore.run(CreateStore:52)
	at com.kms.katalon.core.main.ScriptEngine.run(ScriptEngine.java:194)
	at com.kms.katalon.core.main.ScriptEngine.runScriptAsRawText(ScriptEngine.java:119)
	at com.kms.katalon.core.main.TestCaseExecutor.runScript(TestCaseExecutor.java:448)
	at com.kms.katalon.core.main.TestCaseExecutor.doExecute(TestCaseExecutor.java:439)
	at com.kms.katalon.core.main.TestCaseExecutor.processExecutionPhase(TestCaseExecutor.java:418)
	at com.kms.katalon.core.main.TestCaseExecutor.accessMainPhase(TestCaseExecutor.java:410)
	at com.kms.katalon.core.main.TestCaseExecutor.execute(TestCaseExecutor.java:285)
	at com.kms.katalon.core.common.CommonExecutor.accessTestCaseMainPhase(CommonExecutor.java:65)
	at com.kms.katalon.core.main.TestSuiteExecutor.accessTestSuiteMainPhase(TestSuiteExecutor.java:151)
	at com.kms.katalon.core.main.TestSuiteExecutor.execute(TestSuiteExecutor.java:106)
	at com.kms.katalon.core.main.TestCaseMain.startTestSuite(TestCaseMain.java:185)
	at com.kms.katalon.core.main.TestCaseMain$startTestSuite$0.call(Unknown Source)
	at TempTestSuite1678162735898.run(TempTestSuite1678162735898.groovy:36)
Caused by: com.kms.katalon.core.webui.exception.WebElementNotFoundException: Web element with id: 'Object Repository/Shopify Theme/a_trytheme' located by '//*[@id = 'AddTheme']' not found
	at com.kms.katalon.core.webui.common.WebUiCommonHelper.findWebElement(WebUiCommonHelper.java:1370)
	at com.kms.katalon.core.webui.keyword.internal.WebUIAbstractKeyword.findWebElement(WebUIAbstractKeyword.groovy:27)
	at com.kms.katalon.core.webui.keyword.builtin.ClickKeyword$_click_closure1.doCall(ClickKeyword.groovy:65)
	at com.kms.katalon.core.webui.keyword.builtin.ClickKeyword$_click_closure1.call(ClickKeyword.groovy)
	at com.kms.katalon.core.webui.keyword.internal.WebUIKeywordMain.runKeyword(WebUIKeywordMain.groovy:20)
	at com.kms.katalon.core.webui.keyword.builtin.ClickKeyword.click(ClickKeyword.groovy:74)
	at com.kms.katalon.core.webui.keyword.builtin.ClickKeyword.execute(ClickKeyword.groovy:40)
	at com.kms.katalon.core.keyword.internal.KeywordExecutor.executeKeywordForPlatform(KeywordExecutor.groovy:74)
	at com.kms.katalon.core.webui.keyword.WebUiBuiltInKeywords.click(WebUiBuiltInKeywords.groovy:620)
	at com.kms.katalon.core.webui.keyword.WebUiBuiltInKeywords$click$3.call(Unknown Source)
	at shopify.store.innstallThemeShopifyViaUrl(store.groovy:123)
	at shopify.store.invokeMethod(store.groovy)
	at com.kms.katalon.core.main.CustomKeywordDelegatingMetaClass.invokeStaticMethod(CustomKeywordDelegatingMetaClass.java:55)
	at Script1673851860327.run(Script1673851860327.groovy:52)
	... 13 more
)
[[ATTACHMENT|C:\\Users\\huynh\\Documents\\Socialhead\\Automation\\Katalon project\\CreateStore\\CreateStore\\Reports\\20230307_111854\\Store\\Create Store\\20230307_111855\\1678168195508.png]]

2023-03-07 12:49:55 - [MESSAGE][FAILED] - Unable to click on object 'Object Repository/Shopify Theme/a_trytheme'

2023-03-07 12:49:55 - [TEST_STEP][PASSED] - Start tear down : teardownIfFailed: Method 'teardownIfFailed' complete successfully

2023-03-07 12:49:55 - [TEST_STEP][PASSED] - data.excel.updateValueToSheet(file_data, "store", 4, store_name, 7, "Failed"): data.excel.updateValueToSheet is PASSED

2023-03-07 12:49:55 - [MESSAGE][PASSED] - data.excel.updateValueToSheet is PASSED

2023-03-07 12:49:55 - [MESSAGE][PASSED] - Method 'teardownIfFailed' complete successfully]]></system-out>
         <system-err><![CDATA[2023-03-07 12:46:39 - [TEST_CASE][FAILED] - Test Cases/Shopify/CreateStore: Test Cases/Shopify/CreateStore FAILED.
Reason:
com.kms.katalon.core.exception.StepFailedException: Unable to click on object 'Object Repository/Shopify Theme/a_trytheme'
	at com.kms.katalon.core.webui.keyword.internal.WebUIKeywordMain.stepFailed(WebUIKeywordMain.groovy:64)
	at com.kms.katalon.core.webui.keyword.internal.WebUIKeywordMain.runKeyword(WebUIKeywordMain.groovy:26)
	at com.kms.katalon.core.webui.keyword.builtin.ClickKeyword.click(ClickKeyword.groovy:74)
	at com.kms.katalon.core.webui.keyword.builtin.ClickKeyword.execute(ClickKeyword.groovy:40)
	at com.kms.katalon.core.keyword.internal.KeywordExecutor.executeKeywordForPlatform(KeywordExecutor.groovy:74)
	at com.kms.katalon.core.webui.keyword.WebUiBuiltInKeywords.click(WebUiBuiltInKeywords.groovy:620)
	at com.kms.katalon.core.webui.keyword.WebUiBuiltInKeywords$click$3.call(Unknown Source)
	at shopify.store.innstallThemeShopifyViaUrl(store.groovy:123)
	at shopify.store.invokeMethod(store.groovy)
	at com.kms.katalon.core.main.CustomKeywordDelegatingMetaClass.invokeStaticMethod(CustomKeywordDelegatingMetaClass.java:55)
	at CreateStore.run(CreateStore:52)
	at com.kms.katalon.core.main.ScriptEngine.run(ScriptEngine.java:194)
	at com.kms.katalon.core.main.ScriptEngine.runScriptAsRawText(ScriptEngine.java:119)
	at com.kms.katalon.core.main.TestCaseExecutor.runScript(TestCaseExecutor.java:448)
	at com.kms.katalon.core.main.TestCaseExecutor.doExecute(TestCaseExecutor.java:439)
	at com.kms.katalon.core.main.TestCaseExecutor.processExecutionPhase(TestCaseExecutor.java:418)
	at com.kms.katalon.core.main.TestCaseExecutor.accessMainPhase(TestCaseExecutor.java:410)
	at com.kms.katalon.core.main.TestCaseExecutor.execute(TestCaseExecutor.java:285)
	at com.kms.katalon.core.common.CommonExecutor.accessTestCaseMainPhase(CommonExecutor.java:65)
	at com.kms.katalon.core.main.TestSuiteExecutor.accessTestSuiteMainPhase(TestSuiteExecutor.java:151)
	at com.kms.katalon.core.main.TestSuiteExecutor.execute(TestSuiteExecutor.java:106)
	at com.kms.katalon.core.main.TestCaseMain.startTestSuite(TestCaseMain.java:185)
	at com.kms.katalon.core.main.TestCaseMain$startTestSuite$0.call(Unknown Source)
	at TempTestSuite1678162735898.run(TempTestSuite1678162735898.groovy:36)
Caused by: com.kms.katalon.core.webui.exception.WebElementNotFoundException: Web element with id: 'Object Repository/Shopify Theme/a_trytheme' located by '//*[@id = 'AddTheme']' not found
	at com.kms.katalon.core.webui.common.WebUiCommonHelper.findWebElement(WebUiCommonHelper.java:1370)
	at com.kms.katalon.core.webui.keyword.internal.WebUIAbstractKeyword.findWebElement(WebUIAbstractKeyword.groovy:27)
	at com.kms.katalon.core.webui.keyword.builtin.ClickKeyword$_click_closure1.doCall(ClickKeyword.groovy:65)
	at com.kms.katalon.core.webui.keyword.builtin.ClickKeyword$_click_closure1.call(ClickKeyword.groovy)
	at com.kms.katalon.core.webui.keyword.internal.WebUIKeywordMain.runKeyword(WebUIKeywordMain.groovy:20)
	... 22 more]]></system-err>
      </testcase>
      <testcase name="Test Cases/Shopify/CreateStore" time="299.249" classname="Test Cases/Shopify/CreateStore" status="PASSED">
         <system-out><![CDATA[2023-03-07 12:49:55 - [TEST_CASE][PASSED] - Test Cases/Shopify/CreateStore: Test Cases/Shopify/CreateStore

2023-03-07 12:49:55 - [TEST_STEP][PASSED] - Start listener action : skipStatus: null

2023-03-07 12:49:55 - [TEST_STEP][PASSED] - map = testCaseContext.getTestCaseVariables(): null

2023-03-07 12:49:55 - [TEST_STEP][PASSED] - testcae_status = map.get("testcase_status"): null

2023-03-07 12:49:55 - [TEST_STEP][PASSED] - println(testcae_status): null

2023-03-07 12:49:55 - [TEST_STEP][PASSED] - if (testcae_status == "Passed" || testcae_status == "Failed"): null

2023-03-07 12:49:55 - [TEST_STEP][PASSED] - log = new com.kms.katalon.core.util.KeywordUtil(): null

2023-03-07 12:49:55 - [TEST_STEP][PASSED] - openBrowser(""): Browser is opened with url: ''

2023-03-07 12:49:55 - [MESSAGE][WARNING] - A browser is already opened. Closing browser and opening a new one

2023-03-07 12:49:56 - [MESSAGE][INFO] - Starting 'Chrome' driver

2023-03-07 12:49:56 - [MESSAGE][INFO] - Action delay is set to 0 milliseconds

2023-03-07 12:49:57 - [MESSAGE][PASSED] - Browser is opened with url: ''

2023-03-07 12:49:57 - [TEST_STEP][PASSED] - maximizeWindow(): Current window maximized

2023-03-07 12:49:57 - [MESSAGE][PASSED] - Current window maximized

2023-03-07 12:49:57 - [TEST_STEP][PASSED] - shopify.store.loginShopifyPartner(partner_email, partner_password, partner_id): shopify.store.loginShopifyPartner is PASSED

2023-03-07 12:50:01 - [MESSAGE][PASSED] - Navigate to 'https://partners.shopify.com/1662018/stores/new' successfully

2023-03-07 12:50:02 - [MESSAGE][PASSED] - Text 'huynh@firegroup.io' is set on object 'Object Repository/Shopify/input_email_shopify'

2023-03-07 12:50:04 - [MESSAGE][PASSED] - Object: 'Object Repository/Shopify/btn_continue_with_email' is clicked on

2023-03-07 12:50:06 - [MESSAGE][PASSED] - Text ****** has been set on object 'Object Repository/Shopify/input_password_shopify'

2023-03-07 12:50:11 - [MESSAGE][PASSED] - Object: 'Object Repository/Shopify/btn_login' is clicked on

2023-03-07 12:50:11 - [MESSAGE][PASSED] - shopify.store.loginShopifyPartner is PASSED

2023-03-07 12:50:11 - [TEST_STEP][PASSED] - shopify.store.navigateToStoreDevelop(partner_id): shopify.store.navigateToStoreDevelop is PASSED

2023-03-07 12:50:12 - [MESSAGE][PASSED] - Navigate to 'https://partners.shopify.com/1662018/stores/new?store_type=dev_preview_store&developer_preview_handle=checkout_extensibility' successfully

2023-03-07 12:50:12 - [MESSAGE][PASSED] - shopify.store.navigateToStoreDevelop is PASSED

2023-03-07 12:50:12 - [TEST_STEP][PASSED] - shopify.store.inputStoreName(store_name): shopify.store.inputStoreName is PASSED

2023-03-07 12:50:14 - [MESSAGE][PASSED] - Text 'khanh-ar-stag-1092' is set on object 'Object Repository/Shopify/input_store_name'

2023-03-07 12:50:19 - [MESSAGE][PASSED] - Delayed 5 second(s)

2023-03-07 12:50:19 - [MESSAGE][PASSED] - shopify.store.inputStoreName is PASSED

2023-03-07 12:50:19 - [TEST_STEP][PASSED] - shopify.store.clickCreateStore(): shopify.store.clickCreateStore is PASSED

2023-03-07 12:50:19 - [MESSAGE][PASSED] - Object: 'Object Repository/Shopify/btn_create_store' is clicked on

2023-03-07 12:50:19 - [MESSAGE][PASSED] - Wait for page load successfully

2023-03-07 12:50:19 - [MESSAGE][PASSED] - shopify.store.clickCreateStore is PASSED

2023-03-07 12:50:19 - [TEST_STEP][PASSED] - shopify.store.importProduct(product_file_local): shopify.store.importProduct is PASSED

2023-03-07 12:50:50 - [MESSAGE][PASSED] - Object: 'Object Repository/Shopify/span_product' is clicked on

2023-03-07 12:50:52 - [MESSAGE][PASSED] - Object: 'Object Repository/Shopify/span_import_product' is clicked on

2023-03-07 12:50:53 - [MESSAGE][PASSED] - File 'C:\Users\huynh\Documents\Socialhead\Automation\Katalon project\CreateStore\CreateStore\Data\products_export.csv' sent to object: 'Object Repository/Shopify/file_product'

2023-03-07 12:50:53 - [MESSAGE][PASSED] - Object: 'Object Repository/Shopify/span_upload_product_continue' is clicked on

2023-03-07 12:50:56 - [MESSAGE][PASSED] - Object: 'Object Repository/Shopify/btn_product_confirm_import' is clicked on

2023-03-07 12:51:26 - [MESSAGE][PASSED] - Delayed 30 second(s)

2023-03-07 12:51:27 - [MESSAGE][PASSED] - Refresh successfully

2023-03-07 12:51:42 - [MESSAGE][PASSED] - Delayed 15 second(s)

2023-03-07 12:51:42 - [MESSAGE][PASSED] - shopify.store.importProduct is PASSED

2023-03-07 12:51:42 - [TEST_STEP][PASSED] - shopify.store.clickOnMenuOnlineStore(): shopify.store.clickOnMenuOnlineStore is PASSED

2023-03-07 12:51:42 - [MESSAGE][PASSED] - Object: 'Object Repository/Shopify Store/a_onlie_store' is clicked on

2023-03-07 12:51:52 - [MESSAGE][PASSED] - Delayed 10 second(s)

2023-03-07 12:51:52 - [MESSAGE][PASSED] - shopify.store.clickOnMenuOnlineStore is PASSED

2023-03-07 12:51:52 - [TEST_STEP][PASSED] - shopify.store.clickOnImportTheme(): shopify.store.clickOnImportTheme is PASSED

2023-03-07 12:52:02 - [MESSAGE][PASSED] - Delayed 10 second(s)

2023-03-07 12:52:12 - [MESSAGE][PASSED] - Delayed 10 second(s)

2023-03-07 12:52:12 - [MESSAGE][PASSED] - Object: 'Object Repository/Shopify Store/btn_add_theme' is clicked on

2023-03-07 12:52:12 - [MESSAGE][PASSED] - shopify.store.clickOnImportTheme is PASSED

2023-03-07 12:52:12 - [TEST_STEP][PASSED] - shopify.store.innstallThemeShopifyViaUrl(theme_url, store_name): shopify.store.innstallThemeShopifyViaUrl is PASSED

2023-03-07 12:52:15 - [MESSAGE][PASSED] - Navigate to 'https://themes.shopify.com/themes/sense?shop=khanh-ar-stag-1092.myshopify.com' successfully

2023-03-07 12:52:25 - [MESSAGE][PASSED] - Object: 'Object Repository/Shopify/div_user_card_name' is clicked on

2023-03-07 12:52:29 - [MESSAGE][PASSED] - Object: 'Object Repository/Shopify Theme/a_trytheme' is clicked on

2023-03-07 12:53:00 - [MESSAGE][INFO] - Unable to find the element located by 'By.xpath: //*[@class = 'user-card__name']'. Please recheck the objects properties to make sure the desired element is located. 

2023-03-07 12:53:00 - [MESSAGE][WARNING] - [SELF-HEALING] Failed to find element with id 'Object Repository/Shopify/div_user_card_name'. Try using Self-healing.

2023-03-07 12:53:00 - [MESSAGE][WARNING] - [SELF-HEALING] Cannot find elements when the XPath is null.

2023-03-07 12:53:00 - [MESSAGE][WARNING] - [SELF-HEALING] Cannot find elements when the selector is null

2023-03-07 12:53:00 - [MESSAGE][WARNING] - Unable to click on object 'Object Repository/Shopify/div_user_card_name' (Root cause: com.kms.katalon.core.exception.StepFailedException: Unable to click on object 'Object Repository/Shopify/div_user_card_name'
	at com.kms.katalon.core.webui.keyword.internal.WebUIKeywordMain.stepFailed(WebUIKeywordMain.groovy:64)
	at com.kms.katalon.core.webui.keyword.internal.WebUIKeywordMain.runKeyword(WebUIKeywordMain.groovy:26)
	at com.kms.katalon.core.webui.keyword.builtin.ClickKeyword.click(ClickKeyword.groovy:74)
	at com.kms.katalon.core.webui.keyword.builtin.ClickKeyword.execute(ClickKeyword.groovy:40)
	at com.kms.katalon.core.keyword.internal.KeywordExecutor.executeKeywordForPlatform(KeywordExecutor.groovy:74)
	at com.kms.katalon.core.webui.keyword.WebUiBuiltInKeywords.click(WebUiBuiltInKeywords.groovy:608)
	at com.kms.katalon.core.webui.keyword.WebUiBuiltInKeywords$click$10.call(Unknown Source)
	at shopify.store.innstallThemeShopifyViaUrl(store.groovy:121)
	at shopify.store.invokeMethod(store.groovy)
	at com.kms.katalon.core.main.CustomKeywordDelegatingMetaClass.invokeStaticMethod(CustomKeywordDelegatingMetaClass.java:55)
	at CreateStore.run(CreateStore:52)
	at com.kms.katalon.core.main.ScriptEngine.run(ScriptEngine.java:194)
	at com.kms.katalon.core.main.ScriptEngine.runScriptAsRawText(ScriptEngine.java:119)
	at com.kms.katalon.core.main.TestCaseExecutor.runScript(TestCaseExecutor.java:448)
	at com.kms.katalon.core.main.TestCaseExecutor.doExecute(TestCaseExecutor.java:439)
	at com.kms.katalon.core.main.TestCaseExecutor.processExecutionPhase(TestCaseExecutor.java:418)
	at com.kms.katalon.core.main.TestCaseExecutor.accessMainPhase(TestCaseExecutor.java:410)
	at com.kms.katalon.core.main.TestCaseExecutor.execute(TestCaseExecutor.java:285)
	at com.kms.katalon.core.common.CommonExecutor.accessTestCaseMainPhase(CommonExecutor.java:65)
	at com.kms.katalon.core.main.TestSuiteExecutor.accessTestSuiteMainPhase(TestSuiteExecutor.java:151)
	at com.kms.katalon.core.main.TestSuiteExecutor.execute(TestSuiteExecutor.java:106)
	at com.kms.katalon.core.main.TestCaseMain.startTestSuite(TestCaseMain.java:185)
	at com.kms.katalon.core.main.TestCaseMain$startTestSuite$0.call(Unknown Source)
	at TempTestSuite1678162735898.run(TempTestSuite1678162735898.groovy:36)
Caused by: com.kms.katalon.core.webui.exception.WebElementNotFoundException: Web element with id: 'Object Repository/Shopify/div_user_card_name' located by '//*[@class = 'user-card__name']' not found
	at com.kms.katalon.core.webui.common.WebUiCommonHelper.findWebElement(WebUiCommonHelper.java:1370)
	at com.kms.katalon.core.webui.keyword.internal.WebUIAbstractKeyword.findWebElement(WebUIAbstractKeyword.groovy:27)
	at com.kms.katalon.core.webui.keyword.builtin.ClickKeyword$_click_closure1.doCall(ClickKeyword.groovy:65)
	at com.kms.katalon.core.webui.keyword.builtin.ClickKeyword$_click_closure1.call(ClickKeyword.groovy)
	at com.kms.katalon.core.webui.keyword.internal.WebUIKeywordMain.runKeyword(WebUIKeywordMain.groovy:20)
	at com.kms.katalon.core.webui.keyword.builtin.ClickKeyword.click(ClickKeyword.groovy:74)
	at com.kms.katalon.core.webui.keyword.builtin.ClickKeyword.execute(ClickKeyword.groovy:40)
	at com.kms.katalon.core.keyword.internal.KeywordExecutor.executeKeywordForPlatform(KeywordExecutor.groovy:74)
	at com.kms.katalon.core.webui.keyword.WebUiBuiltInKeywords.click(WebUiBuiltInKeywords.groovy:608)
	at com.kms.katalon.core.webui.keyword.WebUiBuiltInKeywords$click$10.call(Unknown Source)
	at shopify.store.innstallThemeShopifyViaUrl(store.groovy:121)
	at shopify.store.invokeMethod(store.groovy)
	at com.kms.katalon.core.main.CustomKeywordDelegatingMetaClass.invokeStaticMethod(CustomKeywordDelegatingMetaClass.java:55)
	at Script1673851860327.run(Script1673851860327.groovy:52)
	... 13 more
)
[[ATTACHMENT|C:\\Users\\huynh\\Documents\\Socialhead\\Automation\\Katalon project\\CreateStore\\CreateStore\\Reports\\20230307_111854\\Store\\Create Store\\20230307_111855\\1678168380361.png]]

2023-03-07 12:53:03 - [MESSAGE][PASSED] - Navigate to 'https://themes.shopify.com/themes/sense?shop=khanh-ar-stag-1092.myshopify.com' successfully

2023-03-07 12:53:06 - [MESSAGE][PASSED] - Object: 'Object Repository/Shopify Theme/a_trytheme' is clicked on

2023-03-07 12:53:06 - [MESSAGE][PASSED] - shopify.store.innstallThemeShopifyViaUrl is PASSED

2023-03-07 12:53:06 - [TEST_STEP][PASSED] - shopify.store.clickPublishTheme(): shopify.store.clickPublishTheme is PASSED

2023-03-07 12:53:36 - [MESSAGE][PASSED] - Delayed 30 second(s)

2023-03-07 12:53:37 - [MESSAGE][PASSED] - Refresh successfully

2023-03-07 12:54:07 - [MESSAGE][PASSED] - Delayed 30 second(s)

2023-03-07 12:54:07 - [MESSAGE][PASSED] - Object 'Object Repository/Shopify Store/btn_publish_theme' is clickable

2023-03-07 12:54:07 - [MESSAGE][PASSED] - Object: 'Object Repository/Shopify Store/btn_publish_theme' is clicked on

2023-03-07 12:54:07 - [MESSAGE][PASSED] - shopify.store.clickPublishTheme is PASSED

2023-03-07 12:54:07 - [TEST_STEP][PASSED] - shopify.store.confirmPublishTheme(): shopify.store.confirmPublishTheme is PASSED

2023-03-07 12:54:17 - [MESSAGE][PASSED] - Delayed 10 second(s)

2023-03-07 12:54:17 - [MESSAGE][PASSED] - Object: 'Object Repository/Shopify Store/btn_confirm_publish_theme' is clicked on

2023-03-07 12:54:17 - [MESSAGE][PASSED] - shopify.store.confirmPublishTheme is PASSED

2023-03-07 12:54:17 - [TEST_STEP][PASSED] - shopify.store_setting.changeStoreCurrency(currency, store_name): shopify.store_setting.changeStoreCurrency is PASSED

2023-03-07 12:54:27 - [MESSAGE][PASSED] - Delayed 10 second(s)

2023-03-07 12:54:28 - [MESSAGE][PASSED] - Navigate to 'http://khanh-ar-stag-1092.myshopify.com/admin/settings/general' successfully

2023-03-07 12:54:35 - [MESSAGE][PASSED] - All options with value 'USD' are selected in object 'Object Repository/Shopify Store/select_currency' 

2023-03-07 12:54:35 - [MESSAGE][PASSED] - shopify.store_setting.changeStoreCurrency is PASSED

2023-03-07 12:54:35 - [TEST_STEP][PASSED] - shopify.store_setting.saveStoreSetting(): shopify.store_setting.saveStoreSetting is PASSED

2023-03-07 12:54:36 - [MESSAGE][PASSED] - Object: 'Object Repository/Shopify Store/span_save_admin_setting' is clicked on

2023-03-07 12:54:36 - [MESSAGE][PASSED] - shopify.store_setting.saveStoreSetting is PASSED

2023-03-07 12:54:36 - [TEST_STEP][PASSED] - shopify.store_setting.changeStorePassword(store_name, "1"): shopify.store_setting.changeStorePassword is PASSED

2023-03-07 12:54:46 - [MESSAGE][PASSED] - Delayed 10 second(s)

2023-03-07 12:54:47 - [MESSAGE][PASSED] - Navigate to 'http://khanh-ar-stag-1092.myshopify.com/admin/online_store/preferences?tutorial=unlock' successfully

2023-03-07 12:54:54 - [MESSAGE][PASSED] - Web element with id: 'Object Repository/Shopify Store/div_loading_bar' located by 'By.xpath: //*[@id = 'AppFrameLoadingBar']' is not present after '50' second(s)

2023-03-07 12:54:54 - [MESSAGE][PASSED] - Keys '1' sent to object: 'Object Repository/Shopify Store/input_storefront_password'

2023-03-07 12:54:54 - [MESSAGE][PASSED] - Keys 'ENTER + ' sent to object: 'Object Repository/Shopify Store/input_storefront_password'

2023-03-07 12:54:54 - [MESSAGE][PASSED] - shopify.store_setting.changeStorePassword is PASSED

2023-03-07 12:54:54 - [TEST_STEP][PASSED] - Start tear down : teardownIfPassed: Method 'teardownIfPassed' complete successfully

2023-03-07 12:54:54 - [TEST_STEP][PASSED] - data.excel.updateValueToSheet(file_data, "store", 4, store_name, 7, "Passed"): data.excel.updateValueToSheet is PASSED

2023-03-07 12:54:54 - [MESSAGE][PASSED] - data.excel.updateValueToSheet is PASSED

2023-03-07 12:54:54 - [MESSAGE][PASSED] - Method 'teardownIfPassed' complete successfully]]></system-out>
         <system-err><![CDATA[]]></system-err>
      </testcase>
      <testcase name="Test Cases/Shopify/CreateStore" time="303.316" classname="Test Cases/Shopify/CreateStore" status="PASSED">
         <system-out><![CDATA[2023-03-07 12:54:55 - [TEST_CASE][PASSED] - Test Cases/Shopify/CreateStore: Test Cases/Shopify/CreateStore

2023-03-07 12:54:55 - [TEST_STEP][PASSED] - Start listener action : skipStatus: null

2023-03-07 12:54:55 - [TEST_STEP][PASSED] - map = testCaseContext.getTestCaseVariables(): null

2023-03-07 12:54:55 - [TEST_STEP][PASSED] - testcae_status = map.get("testcase_status"): null

2023-03-07 12:54:55 - [TEST_STEP][PASSED] - println(testcae_status): null

2023-03-07 12:54:55 - [TEST_STEP][PASSED] - if (testcae_status == "Passed" || testcae_status == "Failed"): null

2023-03-07 12:54:55 - [TEST_STEP][PASSED] - log = new com.kms.katalon.core.util.KeywordUtil(): null

2023-03-07 12:54:55 - [TEST_STEP][PASSED] - openBrowser(""): Browser is opened with url: ''

2023-03-07 12:54:55 - [MESSAGE][WARNING] - A browser is already opened. Closing browser and opening a new one

2023-03-07 12:54:55 - [MESSAGE][INFO] - Starting 'Chrome' driver

2023-03-07 12:54:55 - [MESSAGE][INFO] - Action delay is set to 0 milliseconds

2023-03-07 12:54:56 - [MESSAGE][PASSED] - Browser is opened with url: ''

2023-03-07 12:54:56 - [TEST_STEP][PASSED] - maximizeWindow(): Current window maximized

2023-03-07 12:54:56 - [MESSAGE][PASSED] - Current window maximized

2023-03-07 12:54:56 - [TEST_STEP][PASSED] - shopify.store.loginShopifyPartner(partner_email, partner_password, partner_id): shopify.store.loginShopifyPartner is PASSED

2023-03-07 12:55:01 - [MESSAGE][PASSED] - Navigate to 'https://partners.shopify.com/1662018/stores/new' successfully

2023-03-07 12:55:02 - [MESSAGE][PASSED] - Text 'huynh@firegroup.io' is set on object 'Object Repository/Shopify/input_email_shopify'

2023-03-07 12:55:05 - [MESSAGE][PASSED] - Object: 'Object Repository/Shopify/btn_continue_with_email' is clicked on

2023-03-07 12:55:07 - [MESSAGE][PASSED] - Text ****** has been set on object 'Object Repository/Shopify/input_password_shopify'

2023-03-07 12:55:13 - [MESSAGE][PASSED] - Object: 'Object Repository/Shopify/btn_login' is clicked on

2023-03-07 12:55:13 - [MESSAGE][PASSED] - shopify.store.loginShopifyPartner is PASSED

2023-03-07 12:55:13 - [TEST_STEP][PASSED] - shopify.store.navigateToStoreDevelop(partner_id): shopify.store.navigateToStoreDevelop is PASSED

2023-03-07 12:55:13 - [MESSAGE][PASSED] - Navigate to 'https://partners.shopify.com/1662018/stores/new?store_type=dev_preview_store&developer_preview_handle=checkout_extensibility' successfully

2023-03-07 12:55:13 - [MESSAGE][PASSED] - shopify.store.navigateToStoreDevelop is PASSED

2023-03-07 12:55:13 - [TEST_STEP][PASSED] - shopify.store.inputStoreName(store_name): shopify.store.inputStoreName is PASSED

2023-03-07 12:55:15 - [MESSAGE][PASSED] - Text 'khanh-ar-stag-1093' is set on object 'Object Repository/Shopify/input_store_name'

2023-03-07 12:55:20 - [MESSAGE][PASSED] - Delayed 5 second(s)

2023-03-07 12:55:20 - [MESSAGE][PASSED] - shopify.store.inputStoreName is PASSED

2023-03-07 12:55:20 - [TEST_STEP][PASSED] - shopify.store.clickCreateStore(): shopify.store.clickCreateStore is PASSED

2023-03-07 12:55:20 - [MESSAGE][PASSED] - Object: 'Object Repository/Shopify/btn_create_store' is clicked on

2023-03-07 12:55:20 - [MESSAGE][PASSED] - Wait for page load successfully

2023-03-07 12:55:20 - [MESSAGE][PASSED] - shopify.store.clickCreateStore is PASSED

2023-03-07 12:55:20 - [TEST_STEP][PASSED] - shopify.store.importProduct(product_file_local): shopify.store.importProduct is PASSED

2023-03-07 12:55:51 - [MESSAGE][PASSED] - Object: 'Object Repository/Shopify/span_product' is clicked on

2023-03-07 12:55:53 - [MESSAGE][PASSED] - Object: 'Object Repository/Shopify/span_import_product' is clicked on

2023-03-07 12:55:53 - [MESSAGE][PASSED] - File 'C:\Users\huynh\Documents\Socialhead\Automation\Katalon project\CreateStore\CreateStore\Data\products_export.csv' sent to object: 'Object Repository/Shopify/file_product'

2023-03-07 12:55:54 - [MESSAGE][PASSED] - Object: 'Object Repository/Shopify/span_upload_product_continue' is clicked on

2023-03-07 12:55:58 - [MESSAGE][PASSED] - Object: 'Object Repository/Shopify/btn_product_confirm_import' is clicked on

2023-03-07 12:56:28 - [MESSAGE][PASSED] - Delayed 30 second(s)

2023-03-07 12:56:28 - [MESSAGE][PASSED] - Refresh successfully

2023-03-07 12:56:43 - [MESSAGE][PASSED] - Delayed 15 second(s)

2023-03-07 12:56:43 - [MESSAGE][PASSED] - shopify.store.importProduct is PASSED

2023-03-07 12:56:43 - [TEST_STEP][PASSED] - shopify.store.clickOnMenuOnlineStore(): shopify.store.clickOnMenuOnlineStore is PASSED

2023-03-07 12:56:44 - [MESSAGE][PASSED] - Object: 'Object Repository/Shopify Store/a_onlie_store' is clicked on

2023-03-07 12:56:54 - [MESSAGE][PASSED] - Delayed 10 second(s)

2023-03-07 12:56:54 - [MESSAGE][PASSED] - shopify.store.clickOnMenuOnlineStore is PASSED

2023-03-07 12:56:54 - [TEST_STEP][PASSED] - shopify.store.clickOnImportTheme(): shopify.store.clickOnImportTheme is PASSED

2023-03-07 12:57:04 - [MESSAGE][PASSED] - Delayed 10 second(s)

2023-03-07 12:57:14 - [MESSAGE][PASSED] - Delayed 10 second(s)

2023-03-07 12:57:14 - [MESSAGE][PASSED] - Object: 'Object Repository/Shopify Store/btn_add_theme' is clicked on

2023-03-07 12:57:14 - [MESSAGE][PASSED] - shopify.store.clickOnImportTheme is PASSED

2023-03-07 12:57:14 - [TEST_STEP][PASSED] - shopify.store.innstallThemeShopifyViaUrl(theme_url, store_name): shopify.store.innstallThemeShopifyViaUrl is PASSED

2023-03-07 12:57:17 - [MESSAGE][PASSED] - Navigate to 'https://themes.shopify.com/themes/sense?shop=khanh-ar-stag-1093.myshopify.com' successfully

2023-03-07 12:57:26 - [MESSAGE][PASSED] - Object: 'Object Repository/Shopify/div_user_card_name' is clicked on

2023-03-07 12:57:29 - [MESSAGE][PASSED] - Object: 'Object Repository/Shopify Theme/a_trytheme' is clicked on

2023-03-07 12:58:01 - [MESSAGE][INFO] - Unable to find the element located by 'By.xpath: //*[@class = 'user-card__name']'. Please recheck the objects properties to make sure the desired element is located. 

2023-03-07 12:58:01 - [MESSAGE][WARNING] - [SELF-HEALING] Failed to find element with id 'Object Repository/Shopify/div_user_card_name'. Try using Self-healing.

2023-03-07 12:58:01 - [MESSAGE][WARNING] - [SELF-HEALING] Cannot find elements when the XPath is null.

2023-03-07 12:58:01 - [MESSAGE][WARNING] - [SELF-HEALING] Cannot find elements when the selector is null

2023-03-07 12:58:01 - [MESSAGE][WARNING] - Unable to click on object 'Object Repository/Shopify/div_user_card_name' (Root cause: com.kms.katalon.core.exception.StepFailedException: Unable to click on object 'Object Repository/Shopify/div_user_card_name'
	at com.kms.katalon.core.webui.keyword.internal.WebUIKeywordMain.stepFailed(WebUIKeywordMain.groovy:64)
	at com.kms.katalon.core.webui.keyword.internal.WebUIKeywordMain.runKeyword(WebUIKeywordMain.groovy:26)
	at com.kms.katalon.core.webui.keyword.builtin.ClickKeyword.click(ClickKeyword.groovy:74)
	at com.kms.katalon.core.webui.keyword.builtin.ClickKeyword.execute(ClickKeyword.groovy:40)
	at com.kms.katalon.core.keyword.internal.KeywordExecutor.executeKeywordForPlatform(KeywordExecutor.groovy:74)
	at com.kms.katalon.core.webui.keyword.WebUiBuiltInKeywords.click(WebUiBuiltInKeywords.groovy:608)
	at com.kms.katalon.core.webui.keyword.WebUiBuiltInKeywords$click$10.call(Unknown Source)
	at shopify.store.innstallThemeShopifyViaUrl(store.groovy:121)
	at shopify.store.invokeMethod(store.groovy)
	at com.kms.katalon.core.main.CustomKeywordDelegatingMetaClass.invokeStaticMethod(CustomKeywordDelegatingMetaClass.java:55)
	at CreateStore.run(CreateStore:52)
	at com.kms.katalon.core.main.ScriptEngine.run(ScriptEngine.java:194)
	at com.kms.katalon.core.main.ScriptEngine.runScriptAsRawText(ScriptEngine.java:119)
	at com.kms.katalon.core.main.TestCaseExecutor.runScript(TestCaseExecutor.java:448)
	at com.kms.katalon.core.main.TestCaseExecutor.doExecute(TestCaseExecutor.java:439)
	at com.kms.katalon.core.main.TestCaseExecutor.processExecutionPhase(TestCaseExecutor.java:418)
	at com.kms.katalon.core.main.TestCaseExecutor.accessMainPhase(TestCaseExecutor.java:410)
	at com.kms.katalon.core.main.TestCaseExecutor.execute(TestCaseExecutor.java:285)
	at com.kms.katalon.core.common.CommonExecutor.accessTestCaseMainPhase(CommonExecutor.java:65)
	at com.kms.katalon.core.main.TestSuiteExecutor.accessTestSuiteMainPhase(TestSuiteExecutor.java:151)
	at com.kms.katalon.core.main.TestSuiteExecutor.execute(TestSuiteExecutor.java:106)
	at com.kms.katalon.core.main.TestCaseMain.startTestSuite(TestCaseMain.java:185)
	at com.kms.katalon.core.main.TestCaseMain$startTestSuite$0.call(Unknown Source)
	at TempTestSuite1678162735898.run(TempTestSuite1678162735898.groovy:36)
Caused by: com.kms.katalon.core.webui.exception.WebElementNotFoundException: Web element with id: 'Object Repository/Shopify/div_user_card_name' located by '//*[@class = 'user-card__name']' not found
	at com.kms.katalon.core.webui.common.WebUiCommonHelper.findWebElement(WebUiCommonHelper.java:1370)
	at com.kms.katalon.core.webui.keyword.internal.WebUIAbstractKeyword.findWebElement(WebUIAbstractKeyword.groovy:27)
	at com.kms.katalon.core.webui.keyword.builtin.ClickKeyword$_click_closure1.doCall(ClickKeyword.groovy:65)
	at com.kms.katalon.core.webui.keyword.builtin.ClickKeyword$_click_closure1.call(ClickKeyword.groovy)
	at com.kms.katalon.core.webui.keyword.internal.WebUIKeywordMain.runKeyword(WebUIKeywordMain.groovy:20)
	at com.kms.katalon.core.webui.keyword.builtin.ClickKeyword.click(ClickKeyword.groovy:74)
	at com.kms.katalon.core.webui.keyword.builtin.ClickKeyword.execute(ClickKeyword.groovy:40)
	at com.kms.katalon.core.keyword.internal.KeywordExecutor.executeKeywordForPlatform(KeywordExecutor.groovy:74)
	at com.kms.katalon.core.webui.keyword.WebUiBuiltInKeywords.click(WebUiBuiltInKeywords.groovy:608)
	at com.kms.katalon.core.webui.keyword.WebUiBuiltInKeywords$click$10.call(Unknown Source)
	at shopify.store.innstallThemeShopifyViaUrl(store.groovy:121)
	at shopify.store.invokeMethod(store.groovy)
	at com.kms.katalon.core.main.CustomKeywordDelegatingMetaClass.invokeStaticMethod(CustomKeywordDelegatingMetaClass.java:55)
	at Script1673851860327.run(Script1673851860327.groovy:52)
	... 13 more
)
[[ATTACHMENT|C:\\Users\\huynh\\Documents\\Socialhead\\Automation\\Katalon project\\CreateStore\\CreateStore\\Reports\\20230307_111854\\Store\\Create Store\\20230307_111855\\1678168681393.png]]

2023-03-07 12:58:06 - [MESSAGE][PASSED] - Navigate to 'https://themes.shopify.com/themes/sense?shop=khanh-ar-stag-1093.myshopify.com' successfully

2023-03-07 12:58:09 - [MESSAGE][PASSED] - Object: 'Object Repository/Shopify Theme/a_trytheme' is clicked on

2023-03-07 12:58:09 - [MESSAGE][PASSED] - shopify.store.innstallThemeShopifyViaUrl is PASSED

2023-03-07 12:58:09 - [TEST_STEP][PASSED] - shopify.store.clickPublishTheme(): shopify.store.clickPublishTheme is PASSED

2023-03-07 12:58:39 - [MESSAGE][PASSED] - Delayed 30 second(s)

2023-03-07 12:58:40 - [MESSAGE][PASSED] - Refresh successfully

2023-03-07 12:59:10 - [MESSAGE][PASSED] - Delayed 30 second(s)

2023-03-07 12:59:10 - [MESSAGE][PASSED] - Object 'Object Repository/Shopify Store/btn_publish_theme' is clickable

2023-03-07 12:59:10 - [MESSAGE][PASSED] - Object: 'Object Repository/Shopify Store/btn_publish_theme' is clicked on

2023-03-07 12:59:10 - [MESSAGE][PASSED] - shopify.store.clickPublishTheme is PASSED

2023-03-07 12:59:10 - [TEST_STEP][PASSED] - shopify.store.confirmPublishTheme(): shopify.store.confirmPublishTheme is PASSED

2023-03-07 12:59:20 - [MESSAGE][PASSED] - Delayed 10 second(s)

2023-03-07 12:59:21 - [MESSAGE][PASSED] - Object: 'Object Repository/Shopify Store/btn_confirm_publish_theme' is clicked on

2023-03-07 12:59:21 - [MESSAGE][PASSED] - shopify.store.confirmPublishTheme is PASSED

2023-03-07 12:59:21 - [TEST_STEP][PASSED] - shopify.store_setting.changeStoreCurrency(currency, store_name): shopify.store_setting.changeStoreCurrency is PASSED

2023-03-07 12:59:31 - [MESSAGE][PASSED] - Delayed 10 second(s)

2023-03-07 12:59:32 - [MESSAGE][PASSED] - Navigate to 'http://khanh-ar-stag-1093.myshopify.com/admin/settings/general' successfully

2023-03-07 12:59:39 - [MESSAGE][PASSED] - All options with value 'USD' are selected in object 'Object Repository/Shopify Store/select_currency' 

2023-03-07 12:59:39 - [MESSAGE][PASSED] - shopify.store_setting.changeStoreCurrency is PASSED

2023-03-07 12:59:39 - [TEST_STEP][PASSED] - shopify.store_setting.saveStoreSetting(): shopify.store_setting.saveStoreSetting is PASSED

2023-03-07 12:59:40 - [MESSAGE][PASSED] - Object: 'Object Repository/Shopify Store/span_save_admin_setting' is clicked on

2023-03-07 12:59:40 - [MESSAGE][PASSED] - shopify.store_setting.saveStoreSetting is PASSED

2023-03-07 12:59:40 - [TEST_STEP][PASSED] - shopify.store_setting.changeStorePassword(store_name, "1"): shopify.store_setting.changeStorePassword is PASSED

2023-03-07 12:59:50 - [MESSAGE][PASSED] - Delayed 10 second(s)

2023-03-07 12:59:51 - [MESSAGE][PASSED] - Navigate to 'http://khanh-ar-stag-1093.myshopify.com/admin/online_store/preferences?tutorial=unlock' successfully

2023-03-07 12:59:57 - [MESSAGE][PASSED] - Web element with id: 'Object Repository/Shopify Store/div_loading_bar' located by 'By.xpath: //*[@id = 'AppFrameLoadingBar']' is not present after '50' second(s)

2023-03-07 12:59:58 - [MESSAGE][PASSED] - Keys '1' sent to object: 'Object Repository/Shopify Store/input_storefront_password'

2023-03-07 12:59:58 - [MESSAGE][PASSED] - Keys 'ENTER + ' sent to object: 'Object Repository/Shopify Store/input_storefront_password'

2023-03-07 12:59:58 - [MESSAGE][PASSED] - shopify.store_setting.changeStorePassword is PASSED

2023-03-07 12:59:58 - [TEST_STEP][PASSED] - Start tear down : teardownIfPassed: Method 'teardownIfPassed' complete successfully

2023-03-07 12:59:58 - [TEST_STEP][PASSED] - data.excel.updateValueToSheet(file_data, "store", 4, store_name, 7, "Passed"): data.excel.updateValueToSheet is PASSED

2023-03-07 12:59:58 - [MESSAGE][PASSED] - data.excel.updateValueToSheet is PASSED

2023-03-07 12:59:58 - [MESSAGE][PASSED] - Method 'teardownIfPassed' complete successfully]]></system-out>
         <system-err><![CDATA[]]></system-err>
      </testcase>
      <testcase name="Test Cases/Shopify/CreateStore" time="61.672" classname="Test Cases/Shopify/CreateStore" status="FAILED">
         <failure type="FAILED" message="Test Cases/Shopify/CreateStore FAILED.
Reason:
com.kms.katalon.core.exception.StepFailedException: Unable to click on object 'Object Repository/Shopify/span_product'
	at com.kms.katalon.core.webui.keyword.internal.WebUIKeywordMain.stepFailed(WebUIKeywordMain.groovy:64)
	at com.kms.katalon.core.webui.keyword.internal.WebUIKeywordMain.runKeyword(WebUIKeywordMain.groovy:26)
	at com.kms.katalon.core.webui.keyword.builtin.ClickKeyword.click(ClickKeyword.groovy:74)
	at com.kms.katalon.core.webui.keyword.builtin.ClickKeyword.execute(ClickKeyword.groovy:40)
	at com.kms.katalon.core.keyword.internal.KeywordExecutor.executeKeywordForPlatform(KeywordExecutor.groovy:74)
	at com.kms.katalon.core.webui.keyword.WebUiBuiltInKeywords.click(WebUiBuiltInKeywords.groovy:620)
	at com.kms.katalon.core.webui.keyword.WebUiBuiltInKeywords$click$3.call(Unknown Source)
	at shopify.store.importProduct(store.groovy:51)
	at shopify.store.invokeMethod(store.groovy)
	at com.kms.katalon.core.main.CustomKeywordDelegatingMetaClass.invokeStaticMethod(CustomKeywordDelegatingMetaClass.java:55)
	at CreateStore.run(CreateStore:46)
	at com.kms.katalon.core.main.ScriptEngine.run(ScriptEngine.java:194)
	at com.kms.katalon.core.main.ScriptEngine.runScriptAsRawText(ScriptEngine.java:119)
	at com.kms.katalon.core.main.TestCaseExecutor.runScript(TestCaseExecutor.java:448)
	at com.kms.katalon.core.main.TestCaseExecutor.doExecute(TestCaseExecutor.java:439)
	at com.kms.katalon.core.main.TestCaseExecutor.processExecutionPhase(TestCaseExecutor.java:418)
	at com.kms.katalon.core.main.TestCaseExecutor.accessMainPhase(TestCaseExecutor.java:410)
	at com.kms.katalon.core.main.TestCaseExecutor.execute(TestCaseExecutor.java:285)
	at com.kms.katalon.core.common.CommonExecutor.accessTestCaseMainPhase(CommonExecutor.java:65)
	at com.kms.katalon.core.main.TestSuiteExecutor.accessTestSuiteMainPhase(TestSuiteExecutor.java:151)
	at com.kms.katalon.core.main.TestSuiteExecutor.execute(TestSuiteExecutor.java:106)
	at com.kms.katalon.core.main.TestCaseMain.startTestSuite(TestCaseMain.java:185)
	at com.kms.katalon.core.main.TestCaseMain$startTestSuite$0.call(Unknown Source)
	at TempTestSuite1678162735898.run(TempTestSuite1678162735898.groovy:36)
Caused by: com.kms.katalon.core.webui.exception.WebElementNotFoundException: Web element with id: 'Object Repository/Shopify/span_product' located by '//div[@id='AppFrameNav']/div/nav/div[2]/div[2]/ul/li[3]/div/div/a/span' not found
	at com.kms.katalon.core.webui.common.WebUiCommonHelper.findWebElement(WebUiCommonHelper.java:1370)
	at com.kms.katalon.core.webui.keyword.internal.WebUIAbstractKeyword.findWebElement(WebUIAbstractKeyword.groovy:27)
	at com.kms.katalon.core.webui.keyword.builtin.ClickKeyword$_click_closure1.doCall(ClickKeyword.groovy:65)
	at com.kms.katalon.core.webui.keyword.builtin.ClickKeyword$_click_closure1.call(ClickKeyword.groovy)
	at com.kms.katalon.core.webui.keyword.internal.WebUIKeywordMain.runKeyword(WebUIKeywordMain.groovy:20)
	... 22 more
"/>
         <system-out><![CDATA[2023-03-07 12:59:58 - [TEST_CASE][FAILED] - Test Cases/Shopify/CreateStore: Test Cases/Shopify/CreateStore FAILED.
Reason:
com.kms.katalon.core.exception.StepFailedException: Unable to click on object 'Object Repository/Shopify/span_product'
	at com.kms.katalon.core.webui.keyword.internal.WebUIKeywordMain.stepFailed(WebUIKeywordMain.groovy:64)
	at com.kms.katalon.core.webui.keyword.internal.WebUIKeywordMain.runKeyword(WebUIKeywordMain.groovy:26)
	at com.kms.katalon.core.webui.keyword.builtin.ClickKeyword.click(ClickKeyword.groovy:74)
	at com.kms.katalon.core.webui.keyword.builtin.ClickKeyword.execute(ClickKeyword.groovy:40)
	at com.kms.katalon.core.keyword.internal.KeywordExecutor.executeKeywordForPlatform(KeywordExecutor.groovy:74)
	at com.kms.katalon.core.webui.keyword.WebUiBuiltInKeywords.click(WebUiBuiltInKeywords.groovy:620)
	at com.kms.katalon.core.webui.keyword.WebUiBuiltInKeywords$click$3.call(Unknown Source)
	at shopify.store.importProduct(store.groovy:51)
	at shopify.store.invokeMethod(store.groovy)
	at com.kms.katalon.core.main.CustomKeywordDelegatingMetaClass.invokeStaticMethod(CustomKeywordDelegatingMetaClass.java:55)
	at CreateStore.run(CreateStore:46)
	at com.kms.katalon.core.main.ScriptEngine.run(ScriptEngine.java:194)
	at com.kms.katalon.core.main.ScriptEngine.runScriptAsRawText(ScriptEngine.java:119)
	at com.kms.katalon.core.main.TestCaseExecutor.runScript(TestCaseExecutor.java:448)
	at com.kms.katalon.core.main.TestCaseExecutor.doExecute(TestCaseExecutor.java:439)
	at com.kms.katalon.core.main.TestCaseExecutor.processExecutionPhase(TestCaseExecutor.java:418)
	at com.kms.katalon.core.main.TestCaseExecutor.accessMainPhase(TestCaseExecutor.java:410)
	at com.kms.katalon.core.main.TestCaseExecutor.execute(TestCaseExecutor.java:285)
	at com.kms.katalon.core.common.CommonExecutor.accessTestCaseMainPhase(CommonExecutor.java:65)
	at com.kms.katalon.core.main.TestSuiteExecutor.accessTestSuiteMainPhase(TestSuiteExecutor.java:151)
	at com.kms.katalon.core.main.TestSuiteExecutor.execute(TestSuiteExecutor.java:106)
	at com.kms.katalon.core.main.TestCaseMain.startTestSuite(TestCaseMain.java:185)
	at com.kms.katalon.core.main.TestCaseMain$startTestSuite$0.call(Unknown Source)
	at TempTestSuite1678162735898.run(TempTestSuite1678162735898.groovy:36)
Caused by: com.kms.katalon.core.webui.exception.WebElementNotFoundException: Web element with id: 'Object Repository/Shopify/span_product' located by '//div[@id='AppFrameNav']/div/nav/div[2]/div[2]/ul/li[3]/div/div/a/span' not found
	at com.kms.katalon.core.webui.common.WebUiCommonHelper.findWebElement(WebUiCommonHelper.java:1370)
	at com.kms.katalon.core.webui.keyword.internal.WebUIAbstractKeyword.findWebElement(WebUIAbstractKeyword.groovy:27)
	at com.kms.katalon.core.webui.keyword.builtin.ClickKeyword$_click_closure1.doCall(ClickKeyword.groovy:65)
	at com.kms.katalon.core.webui.keyword.builtin.ClickKeyword$_click_closure1.call(ClickKeyword.groovy)
	at com.kms.katalon.core.webui.keyword.internal.WebUIKeywordMain.runKeyword(WebUIKeywordMain.groovy:20)
	... 22 more


2023-03-07 12:59:58 - [TEST_STEP][PASSED] - Start listener action : skipStatus: null

2023-03-07 12:59:58 - [TEST_STEP][PASSED] - map = testCaseContext.getTestCaseVariables(): null

2023-03-07 12:59:58 - [TEST_STEP][PASSED] - testcae_status = map.get("testcase_status"): null

2023-03-07 12:59:58 - [TEST_STEP][PASSED] - println(testcae_status): null

2023-03-07 12:59:58 - [TEST_STEP][PASSED] - if (testcae_status == "Passed" || testcae_status == "Failed"): null

2023-03-07 12:59:58 - [TEST_STEP][PASSED] - log = new com.kms.katalon.core.util.KeywordUtil(): null

2023-03-07 12:59:58 - [TEST_STEP][PASSED] - openBrowser(""): Browser is opened with url: ''

2023-03-07 12:59:58 - [MESSAGE][WARNING] - A browser is already opened. Closing browser and opening a new one

2023-03-07 12:59:59 - [MESSAGE][INFO] - Starting 'Chrome' driver

2023-03-07 12:59:59 - [MESSAGE][INFO] - Action delay is set to 0 milliseconds

2023-03-07 13:00:00 - [MESSAGE][PASSED] - Browser is opened with url: ''

2023-03-07 13:00:00 - [TEST_STEP][PASSED] - maximizeWindow(): Current window maximized

2023-03-07 13:00:00 - [MESSAGE][PASSED] - Current window maximized

2023-03-07 13:00:00 - [TEST_STEP][PASSED] - shopify.store.loginShopifyPartner(partner_email, partner_password, partner_id): shopify.store.loginShopifyPartner is PASSED

2023-03-07 13:00:04 - [MESSAGE][PASSED] - Navigate to 'https://partners.shopify.com/1662018/stores/new' successfully

2023-03-07 13:00:05 - [MESSAGE][PASSED] - Text 'huynh@firegroup.io' is set on object 'Object Repository/Shopify/input_email_shopify'

2023-03-07 13:00:06 - [MESSAGE][PASSED] - Object: 'Object Repository/Shopify/btn_continue_with_email' is clicked on

2023-03-07 13:00:09 - [MESSAGE][PASSED] - Text ****** has been set on object 'Object Repository/Shopify/input_password_shopify'

2023-03-07 13:00:14 - [MESSAGE][PASSED] - Object: 'Object Repository/Shopify/btn_login' is clicked on

2023-03-07 13:00:14 - [MESSAGE][PASSED] - shopify.store.loginShopifyPartner is PASSED

2023-03-07 13:00:14 - [TEST_STEP][PASSED] - shopify.store.navigateToStoreDevelop(partner_id): shopify.store.navigateToStoreDevelop is PASSED

2023-03-07 13:00:15 - [MESSAGE][PASSED] - Navigate to 'https://partners.shopify.com/1662018/stores/new?store_type=dev_preview_store&developer_preview_handle=checkout_extensibility' successfully

2023-03-07 13:00:15 - [MESSAGE][PASSED] - shopify.store.navigateToStoreDevelop is PASSED

2023-03-07 13:00:15 - [TEST_STEP][PASSED] - shopify.store.inputStoreName(store_name): shopify.store.inputStoreName is PASSED

2023-03-07 13:00:16 - [MESSAGE][PASSED] - Text 'khanh-ar-stag-1094' is set on object 'Object Repository/Shopify/input_store_name'

2023-03-07 13:00:21 - [MESSAGE][PASSED] - Delayed 5 second(s)

2023-03-07 13:00:21 - [MESSAGE][PASSED] - shopify.store.inputStoreName is PASSED

2023-03-07 13:00:21 - [TEST_STEP][PASSED] - shopify.store.clickCreateStore(): shopify.store.clickCreateStore is PASSED

2023-03-07 13:00:22 - [MESSAGE][PASSED] - Object: 'Object Repository/Shopify/btn_create_store' is clicked on

2023-03-07 13:00:22 - [MESSAGE][PASSED] - Wait for page load successfully

2023-03-07 13:00:22 - [MESSAGE][PASSED] - shopify.store.clickCreateStore is PASSED

2023-03-07 13:00:22 - [TEST_STEP][FAILED] - shopify.store.importProduct(product_file_local): Unable to click on object 'Object Repository/Shopify/span_product'

2023-03-07 13:00:57 - [MESSAGE][INFO] - Unable to find the element located by 'By.xpath: //div[@id='AppFrameNav']/div/nav/div[2]/div[2]/ul/li[3]/div/div/a/span'. Please recheck the objects properties to make sure the desired element is located. 

2023-03-07 13:00:57 - [MESSAGE][WARNING] - [SELF-HEALING] Failed to find element with id 'Object Repository/Shopify/span_product'. Try using Self-healing.

2023-03-07 13:00:58 - [MESSAGE][INFO] - [SELF-HEALING] No working XPath is found.

2023-03-07 13:00:59 - [MESSAGE][INFO] - Unable to find the element located by 'By.xpath: '. Please recheck the objects properties to make sure the desired element is located. 

2023-03-07 13:00:59 - [MESSAGE][WARNING] - [SELF-HEALING] Cannot find elements when the selector is null

2023-03-07 13:01:00 - [MESSAGE][FAILED] - Unable to click on object 'Object Repository/Shopify/span_product' (Root cause: com.kms.katalon.core.exception.StepFailedException: Unable to click on object 'Object Repository/Shopify/span_product'
	at com.kms.katalon.core.webui.keyword.internal.WebUIKeywordMain.stepFailed(WebUIKeywordMain.groovy:64)
	at com.kms.katalon.core.webui.keyword.internal.WebUIKeywordMain.runKeyword(WebUIKeywordMain.groovy:26)
	at com.kms.katalon.core.webui.keyword.builtin.ClickKeyword.click(ClickKeyword.groovy:74)
	at com.kms.katalon.core.webui.keyword.builtin.ClickKeyword.execute(ClickKeyword.groovy:40)
	at com.kms.katalon.core.keyword.internal.KeywordExecutor.executeKeywordForPlatform(KeywordExecutor.groovy:74)
	at com.kms.katalon.core.webui.keyword.WebUiBuiltInKeywords.click(WebUiBuiltInKeywords.groovy:620)
	at com.kms.katalon.core.webui.keyword.WebUiBuiltInKeywords$click$3.call(Unknown Source)
	at shopify.store.importProduct(store.groovy:51)
	at shopify.store.invokeMethod(store.groovy)
	at com.kms.katalon.core.main.CustomKeywordDelegatingMetaClass.invokeStaticMethod(CustomKeywordDelegatingMetaClass.java:55)
	at CreateStore.run(CreateStore:46)
	at com.kms.katalon.core.main.ScriptEngine.run(ScriptEngine.java:194)
	at com.kms.katalon.core.main.ScriptEngine.runScriptAsRawText(ScriptEngine.java:119)
	at com.kms.katalon.core.main.TestCaseExecutor.runScript(TestCaseExecutor.java:448)
	at com.kms.katalon.core.main.TestCaseExecutor.doExecute(TestCaseExecutor.java:439)
	at com.kms.katalon.core.main.TestCaseExecutor.processExecutionPhase(TestCaseExecutor.java:418)
	at com.kms.katalon.core.main.TestCaseExecutor.accessMainPhase(TestCaseExecutor.java:410)
	at com.kms.katalon.core.main.TestCaseExecutor.execute(TestCaseExecutor.java:285)
	at com.kms.katalon.core.common.CommonExecutor.accessTestCaseMainPhase(CommonExecutor.java:65)
	at com.kms.katalon.core.main.TestSuiteExecutor.accessTestSuiteMainPhase(TestSuiteExecutor.java:151)
	at com.kms.katalon.core.main.TestSuiteExecutor.execute(TestSuiteExecutor.java:106)
	at com.kms.katalon.core.main.TestCaseMain.startTestSuite(TestCaseMain.java:185)
	at com.kms.katalon.core.main.TestCaseMain$startTestSuite$0.call(Unknown Source)
	at TempTestSuite1678162735898.run(TempTestSuite1678162735898.groovy:36)
Caused by: com.kms.katalon.core.webui.exception.WebElementNotFoundException: Web element with id: 'Object Repository/Shopify/span_product' located by '//div[@id='AppFrameNav']/div/nav/div[2]/div[2]/ul/li[3]/div/div/a/span' not found
	at com.kms.katalon.core.webui.common.WebUiCommonHelper.findWebElement(WebUiCommonHelper.java:1370)
	at com.kms.katalon.core.webui.keyword.internal.WebUIAbstractKeyword.findWebElement(WebUIAbstractKeyword.groovy:27)
	at com.kms.katalon.core.webui.keyword.builtin.ClickKeyword$_click_closure1.doCall(ClickKeyword.groovy:65)
	at com.kms.katalon.core.webui.keyword.builtin.ClickKeyword$_click_closure1.call(ClickKeyword.groovy)
	at com.kms.katalon.core.webui.keyword.internal.WebUIKeywordMain.runKeyword(WebUIKeywordMain.groovy:20)
	at com.kms.katalon.core.webui.keyword.builtin.ClickKeyword.click(ClickKeyword.groovy:74)
	at com.kms.katalon.core.webui.keyword.builtin.ClickKeyword.execute(ClickKeyword.groovy:40)
	at com.kms.katalon.core.keyword.internal.KeywordExecutor.executeKeywordForPlatform(KeywordExecutor.groovy:74)
	at com.kms.katalon.core.webui.keyword.WebUiBuiltInKeywords.click(WebUiBuiltInKeywords.groovy:620)
	at com.kms.katalon.core.webui.keyword.WebUiBuiltInKeywords$click$3.call(Unknown Source)
	at shopify.store.importProduct(store.groovy:51)
	at shopify.store.invokeMethod(store.groovy)
	at com.kms.katalon.core.main.CustomKeywordDelegatingMetaClass.invokeStaticMethod(CustomKeywordDelegatingMetaClass.java:55)
	at Script1673851860327.run(Script1673851860327.groovy:46)
	... 13 more
)
[[ATTACHMENT|C:\\Users\\huynh\\Documents\\Socialhead\\Automation\\Katalon project\\CreateStore\\CreateStore\\Reports\\20230307_111854\\Store\\Create Store\\20230307_111855\\1678168859909.png]]

2023-03-07 13:01:00 - [MESSAGE][FAILED] - Unable to click on object 'Object Repository/Shopify/span_product'

2023-03-07 13:01:00 - [TEST_STEP][PASSED] - Start tear down : teardownIfFailed: Method 'teardownIfFailed' complete successfully

2023-03-07 13:01:00 - [TEST_STEP][PASSED] - data.excel.updateValueToSheet(file_data, "store", 4, store_name, 7, "Failed"): data.excel.updateValueToSheet is PASSED

2023-03-07 13:01:00 - [MESSAGE][PASSED] - data.excel.updateValueToSheet is PASSED

2023-03-07 13:01:00 - [MESSAGE][PASSED] - Method 'teardownIfFailed' complete successfully]]></system-out>
         <system-err><![CDATA[2023-03-07 12:59:58 - [TEST_CASE][FAILED] - Test Cases/Shopify/CreateStore: Test Cases/Shopify/CreateStore FAILED.
Reason:
com.kms.katalon.core.exception.StepFailedException: Unable to click on object 'Object Repository/Shopify/span_product'
	at com.kms.katalon.core.webui.keyword.internal.WebUIKeywordMain.stepFailed(WebUIKeywordMain.groovy:64)
	at com.kms.katalon.core.webui.keyword.internal.WebUIKeywordMain.runKeyword(WebUIKeywordMain.groovy:26)
	at com.kms.katalon.core.webui.keyword.builtin.ClickKeyword.click(ClickKeyword.groovy:74)
	at com.kms.katalon.core.webui.keyword.builtin.ClickKeyword.execute(ClickKeyword.groovy:40)
	at com.kms.katalon.core.keyword.internal.KeywordExecutor.executeKeywordForPlatform(KeywordExecutor.groovy:74)
	at com.kms.katalon.core.webui.keyword.WebUiBuiltInKeywords.click(WebUiBuiltInKeywords.groovy:620)
	at com.kms.katalon.core.webui.keyword.WebUiBuiltInKeywords$click$3.call(Unknown Source)
	at shopify.store.importProduct(store.groovy:51)
	at shopify.store.invokeMethod(store.groovy)
	at com.kms.katalon.core.main.CustomKeywordDelegatingMetaClass.invokeStaticMethod(CustomKeywordDelegatingMetaClass.java:55)
	at CreateStore.run(CreateStore:46)
	at com.kms.katalon.core.main.ScriptEngine.run(ScriptEngine.java:194)
	at com.kms.katalon.core.main.ScriptEngine.runScriptAsRawText(ScriptEngine.java:119)
	at com.kms.katalon.core.main.TestCaseExecutor.runScript(TestCaseExecutor.java:448)
	at com.kms.katalon.core.main.TestCaseExecutor.doExecute(TestCaseExecutor.java:439)
	at com.kms.katalon.core.main.TestCaseExecutor.processExecutionPhase(TestCaseExecutor.java:418)
	at com.kms.katalon.core.main.TestCaseExecutor.accessMainPhase(TestCaseExecutor.java:410)
	at com.kms.katalon.core.main.TestCaseExecutor.execute(TestCaseExecutor.java:285)
	at com.kms.katalon.core.common.CommonExecutor.accessTestCaseMainPhase(CommonExecutor.java:65)
	at com.kms.katalon.core.main.TestSuiteExecutor.accessTestSuiteMainPhase(TestSuiteExecutor.java:151)
	at com.kms.katalon.core.main.TestSuiteExecutor.execute(TestSuiteExecutor.java:106)
	at com.kms.katalon.core.main.TestCaseMain.startTestSuite(TestCaseMain.java:185)
	at com.kms.katalon.core.main.TestCaseMain$startTestSuite$0.call(Unknown Source)
	at TempTestSuite1678162735898.run(TempTestSuite1678162735898.groovy:36)
Caused by: com.kms.katalon.core.webui.exception.WebElementNotFoundException: Web element with id: 'Object Repository/Shopify/span_product' located by '//div[@id='AppFrameNav']/div/nav/div[2]/div[2]/ul/li[3]/div/div/a/span' not found
	at com.kms.katalon.core.webui.common.WebUiCommonHelper.findWebElement(WebUiCommonHelper.java:1370)
	at com.kms.katalon.core.webui.keyword.internal.WebUIAbstractKeyword.findWebElement(WebUIAbstractKeyword.groovy:27)
	at com.kms.katalon.core.webui.keyword.builtin.ClickKeyword$_click_closure1.doCall(ClickKeyword.groovy:65)
	at com.kms.katalon.core.webui.keyword.builtin.ClickKeyword$_click_closure1.call(ClickKeyword.groovy)
	at com.kms.katalon.core.webui.keyword.internal.WebUIKeywordMain.runKeyword(WebUIKeywordMain.groovy:20)
	... 22 more]]></system-err>
      </testcase>
      <testcase name="Test Cases/Shopify/CreateStore" time="67.293" classname="Test Cases/Shopify/CreateStore" status="FAILED">
         <failure type="FAILED" message="Test Cases/Shopify/CreateStore FAILED.
Reason:
com.kms.katalon.core.exception.StepFailedException: Unable to click on object 'Object Repository/Shopify/span_product'
	at com.kms.katalon.core.webui.keyword.internal.WebUIKeywordMain.stepFailed(WebUIKeywordMain.groovy:64)
	at com.kms.katalon.core.webui.keyword.internal.WebUIKeywordMain.runKeyword(WebUIKeywordMain.groovy:26)
	at com.kms.katalon.core.webui.keyword.builtin.ClickKeyword.click(ClickKeyword.groovy:74)
	at com.kms.katalon.core.webui.keyword.builtin.ClickKeyword.execute(ClickKeyword.groovy:40)
	at com.kms.katalon.core.keyword.internal.KeywordExecutor.executeKeywordForPlatform(KeywordExecutor.groovy:74)
	at com.kms.katalon.core.webui.keyword.WebUiBuiltInKeywords.click(WebUiBuiltInKeywords.groovy:620)
	at com.kms.katalon.core.webui.keyword.WebUiBuiltInKeywords$click$3.call(Unknown Source)
	at shopify.store.importProduct(store.groovy:51)
	at shopify.store.invokeMethod(store.groovy)
	at com.kms.katalon.core.main.CustomKeywordDelegatingMetaClass.invokeStaticMethod(CustomKeywordDelegatingMetaClass.java:55)
	at CreateStore.run(CreateStore:46)
	at com.kms.katalon.core.main.ScriptEngine.run(ScriptEngine.java:194)
	at com.kms.katalon.core.main.ScriptEngine.runScriptAsRawText(ScriptEngine.java:119)
	at com.kms.katalon.core.main.TestCaseExecutor.runScript(TestCaseExecutor.java:448)
	at com.kms.katalon.core.main.TestCaseExecutor.doExecute(TestCaseExecutor.java:439)
	at com.kms.katalon.core.main.TestCaseExecutor.processExecutionPhase(TestCaseExecutor.java:418)
	at com.kms.katalon.core.main.TestCaseExecutor.accessMainPhase(TestCaseExecutor.java:410)
	at com.kms.katalon.core.main.TestCaseExecutor.execute(TestCaseExecutor.java:285)
	at com.kms.katalon.core.common.CommonExecutor.accessTestCaseMainPhase(CommonExecutor.java:65)
	at com.kms.katalon.core.main.TestSuiteExecutor.accessTestSuiteMainPhase(TestSuiteExecutor.java:151)
	at com.kms.katalon.core.main.TestSuiteExecutor.execute(TestSuiteExecutor.java:106)
	at com.kms.katalon.core.main.TestCaseMain.startTestSuite(TestCaseMain.java:185)
	at com.kms.katalon.core.main.TestCaseMain$startTestSuite$0.call(Unknown Source)
	at TempTestSuite1678162735898.run(TempTestSuite1678162735898.groovy:36)
Caused by: com.kms.katalon.core.webui.exception.WebElementNotFoundException: Web element with id: 'Object Repository/Shopify/span_product' located by '//div[@id='AppFrameNav']/div/nav/div[2]/div[2]/ul/li[3]/div/div/a/span' not found
	at com.kms.katalon.core.webui.common.WebUiCommonHelper.findWebElement(WebUiCommonHelper.java:1370)
	at com.kms.katalon.core.webui.keyword.internal.WebUIAbstractKeyword.findWebElement(WebUIAbstractKeyword.groovy:27)
	at com.kms.katalon.core.webui.keyword.builtin.ClickKeyword$_click_closure1.doCall(ClickKeyword.groovy:65)
	at com.kms.katalon.core.webui.keyword.builtin.ClickKeyword$_click_closure1.call(ClickKeyword.groovy)
	at com.kms.katalon.core.webui.keyword.internal.WebUIKeywordMain.runKeyword(WebUIKeywordMain.groovy:20)
	... 22 more
"/>
         <system-out><![CDATA[2023-03-07 13:01:00 - [TEST_CASE][FAILED] - Test Cases/Shopify/CreateStore: Test Cases/Shopify/CreateStore FAILED.
Reason:
com.kms.katalon.core.exception.StepFailedException: Unable to click on object 'Object Repository/Shopify/span_product'
	at com.kms.katalon.core.webui.keyword.internal.WebUIKeywordMain.stepFailed(WebUIKeywordMain.groovy:64)
	at com.kms.katalon.core.webui.keyword.internal.WebUIKeywordMain.runKeyword(WebUIKeywordMain.groovy:26)
	at com.kms.katalon.core.webui.keyword.builtin.ClickKeyword.click(ClickKeyword.groovy:74)
	at com.kms.katalon.core.webui.keyword.builtin.ClickKeyword.execute(ClickKeyword.groovy:40)
	at com.kms.katalon.core.keyword.internal.KeywordExecutor.executeKeywordForPlatform(KeywordExecutor.groovy:74)
	at com.kms.katalon.core.webui.keyword.WebUiBuiltInKeywords.click(WebUiBuiltInKeywords.groovy:620)
	at com.kms.katalon.core.webui.keyword.WebUiBuiltInKeywords$click$3.call(Unknown Source)
	at shopify.store.importProduct(store.groovy:51)
	at shopify.store.invokeMethod(store.groovy)
	at com.kms.katalon.core.main.CustomKeywordDelegatingMetaClass.invokeStaticMethod(CustomKeywordDelegatingMetaClass.java:55)
	at CreateStore.run(CreateStore:46)
	at com.kms.katalon.core.main.ScriptEngine.run(ScriptEngine.java:194)
	at com.kms.katalon.core.main.ScriptEngine.runScriptAsRawText(ScriptEngine.java:119)
	at com.kms.katalon.core.main.TestCaseExecutor.runScript(TestCaseExecutor.java:448)
	at com.kms.katalon.core.main.TestCaseExecutor.doExecute(TestCaseExecutor.java:439)
	at com.kms.katalon.core.main.TestCaseExecutor.processExecutionPhase(TestCaseExecutor.java:418)
	at com.kms.katalon.core.main.TestCaseExecutor.accessMainPhase(TestCaseExecutor.java:410)
	at com.kms.katalon.core.main.TestCaseExecutor.execute(TestCaseExecutor.java:285)
	at com.kms.katalon.core.common.CommonExecutor.accessTestCaseMainPhase(CommonExecutor.java:65)
	at com.kms.katalon.core.main.TestSuiteExecutor.accessTestSuiteMainPhase(TestSuiteExecutor.java:151)
	at com.kms.katalon.core.main.TestSuiteExecutor.execute(TestSuiteExecutor.java:106)
	at com.kms.katalon.core.main.TestCaseMain.startTestSuite(TestCaseMain.java:185)
	at com.kms.katalon.core.main.TestCaseMain$startTestSuite$0.call(Unknown Source)
	at TempTestSuite1678162735898.run(TempTestSuite1678162735898.groovy:36)
Caused by: com.kms.katalon.core.webui.exception.WebElementNotFoundException: Web element with id: 'Object Repository/Shopify/span_product' located by '//div[@id='AppFrameNav']/div/nav/div[2]/div[2]/ul/li[3]/div/div/a/span' not found
	at com.kms.katalon.core.webui.common.WebUiCommonHelper.findWebElement(WebUiCommonHelper.java:1370)
	at com.kms.katalon.core.webui.keyword.internal.WebUIAbstractKeyword.findWebElement(WebUIAbstractKeyword.groovy:27)
	at com.kms.katalon.core.webui.keyword.builtin.ClickKeyword$_click_closure1.doCall(ClickKeyword.groovy:65)
	at com.kms.katalon.core.webui.keyword.builtin.ClickKeyword$_click_closure1.call(ClickKeyword.groovy)
	at com.kms.katalon.core.webui.keyword.internal.WebUIKeywordMain.runKeyword(WebUIKeywordMain.groovy:20)
	... 22 more


2023-03-07 13:01:00 - [TEST_STEP][PASSED] - Start listener action : skipStatus: null

2023-03-07 13:01:00 - [TEST_STEP][PASSED] - map = testCaseContext.getTestCaseVariables(): null

2023-03-07 13:01:00 - [TEST_STEP][PASSED] - testcae_status = map.get("testcase_status"): null

2023-03-07 13:01:00 - [TEST_STEP][PASSED] - println(testcae_status): null

2023-03-07 13:01:00 - [TEST_STEP][PASSED] - if (testcae_status == "Passed" || testcae_status == "Failed"): null

2023-03-07 13:01:00 - [TEST_STEP][PASSED] - log = new com.kms.katalon.core.util.KeywordUtil(): null

2023-03-07 13:01:00 - [TEST_STEP][PASSED] - openBrowser(""): Browser is opened with url: ''

2023-03-07 13:01:00 - [MESSAGE][WARNING] - A browser is already opened. Closing browser and opening a new one

2023-03-07 13:01:00 - [MESSAGE][INFO] - Starting 'Chrome' driver

2023-03-07 13:01:00 - [MESSAGE][INFO] - Action delay is set to 0 milliseconds

2023-03-07 13:01:01 - [MESSAGE][PASSED] - Browser is opened with url: ''

2023-03-07 13:01:01 - [TEST_STEP][PASSED] - maximizeWindow(): Current window maximized

2023-03-07 13:01:01 - [MESSAGE][PASSED] - Current window maximized

2023-03-07 13:01:01 - [TEST_STEP][PASSED] - shopify.store.loginShopifyPartner(partner_email, partner_password, partner_id): shopify.store.loginShopifyPartner is PASSED

2023-03-07 13:01:08 - [MESSAGE][PASSED] - Navigate to 'https://partners.shopify.com/1662018/stores/new' successfully

2023-03-07 13:01:09 - [MESSAGE][PASSED] - Text 'huynh@firegroup.io' is set on object 'Object Repository/Shopify/input_email_shopify'

2023-03-07 13:01:12 - [MESSAGE][PASSED] - Object: 'Object Repository/Shopify/btn_continue_with_email' is clicked on

2023-03-07 13:01:14 - [MESSAGE][PASSED] - Text ****** has been set on object 'Object Repository/Shopify/input_password_shopify'

2023-03-07 13:01:22 - [MESSAGE][PASSED] - Object: 'Object Repository/Shopify/btn_login' is clicked on

2023-03-07 13:01:22 - [MESSAGE][PASSED] - shopify.store.loginShopifyPartner is PASSED

2023-03-07 13:01:22 - [TEST_STEP][PASSED] - shopify.store.navigateToStoreDevelop(partner_id): shopify.store.navigateToStoreDevelop is PASSED

2023-03-07 13:01:25 - [MESSAGE][PASSED] - Navigate to 'https://partners.shopify.com/1662018/stores/new?store_type=dev_preview_store&developer_preview_handle=checkout_extensibility' successfully

2023-03-07 13:01:25 - [MESSAGE][PASSED] - shopify.store.navigateToStoreDevelop is PASSED

2023-03-07 13:01:25 - [TEST_STEP][PASSED] - shopify.store.inputStoreName(store_name): shopify.store.inputStoreName is PASSED

2023-03-07 13:01:26 - [MESSAGE][PASSED] - Text 'khanh-ar-stag-1095' is set on object 'Object Repository/Shopify/input_store_name'

2023-03-07 13:01:31 - [MESSAGE][PASSED] - Delayed 5 second(s)

2023-03-07 13:01:31 - [MESSAGE][PASSED] - shopify.store.inputStoreName is PASSED

2023-03-07 13:01:31 - [TEST_STEP][PASSED] - shopify.store.clickCreateStore(): shopify.store.clickCreateStore is PASSED

2023-03-07 13:01:31 - [MESSAGE][PASSED] - Object: 'Object Repository/Shopify/btn_create_store' is clicked on

2023-03-07 13:01:31 - [MESSAGE][PASSED] - Wait for page load successfully

2023-03-07 13:01:31 - [MESSAGE][PASSED] - shopify.store.clickCreateStore is PASSED

2023-03-07 13:01:31 - [TEST_STEP][FAILED] - shopify.store.importProduct(product_file_local): Unable to click on object 'Object Repository/Shopify/span_product'

2023-03-07 13:02:05 - [MESSAGE][INFO] - Unable to find the element located by 'By.xpath: //div[@id='AppFrameNav']/div/nav/div[2]/div[2]/ul/li[3]/div/div/a/span'. Please recheck the objects properties to make sure the desired element is located. 

2023-03-07 13:02:05 - [MESSAGE][WARNING] - [SELF-HEALING] Failed to find element with id 'Object Repository/Shopify/span_product'. Try using Self-healing.

2023-03-07 13:02:06 - [MESSAGE][INFO] - [SELF-HEALING] No working XPath is found.

2023-03-07 13:02:07 - [MESSAGE][INFO] - Unable to find the element located by 'By.xpath: '. Please recheck the objects properties to make sure the desired element is located. 

2023-03-07 13:02:07 - [MESSAGE][WARNING] - [SELF-HEALING] Cannot find elements when the selector is null

2023-03-07 13:02:07 - [MESSAGE][FAILED] - Unable to click on object 'Object Repository/Shopify/span_product' (Root cause: com.kms.katalon.core.exception.StepFailedException: Unable to click on object 'Object Repository/Shopify/span_product'
	at com.kms.katalon.core.webui.keyword.internal.WebUIKeywordMain.stepFailed(WebUIKeywordMain.groovy:64)
	at com.kms.katalon.core.webui.keyword.internal.WebUIKeywordMain.runKeyword(WebUIKeywordMain.groovy:26)
	at com.kms.katalon.core.webui.keyword.builtin.ClickKeyword.click(ClickKeyword.groovy:74)
	at com.kms.katalon.core.webui.keyword.builtin.ClickKeyword.execute(ClickKeyword.groovy:40)
	at com.kms.katalon.core.keyword.internal.KeywordExecutor.executeKeywordForPlatform(KeywordExecutor.groovy:74)
	at com.kms.katalon.core.webui.keyword.WebUiBuiltInKeywords.click(WebUiBuiltInKeywords.groovy:620)
	at com.kms.katalon.core.webui.keyword.WebUiBuiltInKeywords$click$3.call(Unknown Source)
	at shopify.store.importProduct(store.groovy:51)
	at shopify.store.invokeMethod(store.groovy)
	at com.kms.katalon.core.main.CustomKeywordDelegatingMetaClass.invokeStaticMethod(CustomKeywordDelegatingMetaClass.java:55)
	at CreateStore.run(CreateStore:46)
	at com.kms.katalon.core.main.ScriptEngine.run(ScriptEngine.java:194)
	at com.kms.katalon.core.main.ScriptEngine.runScriptAsRawText(ScriptEngine.java:119)
	at com.kms.katalon.core.main.TestCaseExecutor.runScript(TestCaseExecutor.java:448)
	at com.kms.katalon.core.main.TestCaseExecutor.doExecute(TestCaseExecutor.java:439)
	at com.kms.katalon.core.main.TestCaseExecutor.processExecutionPhase(TestCaseExecutor.java:418)
	at com.kms.katalon.core.main.TestCaseExecutor.accessMainPhase(TestCaseExecutor.java:410)
	at com.kms.katalon.core.main.TestCaseExecutor.execute(TestCaseExecutor.java:285)
	at com.kms.katalon.core.common.CommonExecutor.accessTestCaseMainPhase(CommonExecutor.java:65)
	at com.kms.katalon.core.main.TestSuiteExecutor.accessTestSuiteMainPhase(TestSuiteExecutor.java:151)
	at com.kms.katalon.core.main.TestSuiteExecutor.execute(TestSuiteExecutor.java:106)
	at com.kms.katalon.core.main.TestCaseMain.startTestSuite(TestCaseMain.java:185)
	at com.kms.katalon.core.main.TestCaseMain$startTestSuite$0.call(Unknown Source)
	at TempTestSuite1678162735898.run(TempTestSuite1678162735898.groovy:36)
Caused by: com.kms.katalon.core.webui.exception.WebElementNotFoundException: Web element with id: 'Object Repository/Shopify/span_product' located by '//div[@id='AppFrameNav']/div/nav/div[2]/div[2]/ul/li[3]/div/div/a/span' not found
	at com.kms.katalon.core.webui.common.WebUiCommonHelper.findWebElement(WebUiCommonHelper.java:1370)
	at com.kms.katalon.core.webui.keyword.internal.WebUIAbstractKeyword.findWebElement(WebUIAbstractKeyword.groovy:27)
	at com.kms.katalon.core.webui.keyword.builtin.ClickKeyword$_click_closure1.doCall(ClickKeyword.groovy:65)
	at com.kms.katalon.core.webui.keyword.builtin.ClickKeyword$_click_closure1.call(ClickKeyword.groovy)
	at com.kms.katalon.core.webui.keyword.internal.WebUIKeywordMain.runKeyword(WebUIKeywordMain.groovy:20)
	at com.kms.katalon.core.webui.keyword.builtin.ClickKeyword.click(ClickKeyword.groovy:74)
	at com.kms.katalon.core.webui.keyword.builtin.ClickKeyword.execute(ClickKeyword.groovy:40)
	at com.kms.katalon.core.keyword.internal.KeywordExecutor.executeKeywordForPlatform(KeywordExecutor.groovy:74)
	at com.kms.katalon.core.webui.keyword.WebUiBuiltInKeywords.click(WebUiBuiltInKeywords.groovy:620)
	at com.kms.katalon.core.webui.keyword.WebUiBuiltInKeywords$click$3.call(Unknown Source)
	at shopify.store.importProduct(store.groovy:51)
	at shopify.store.invokeMethod(store.groovy)
	at com.kms.katalon.core.main.CustomKeywordDelegatingMetaClass.invokeStaticMethod(CustomKeywordDelegatingMetaClass.java:55)
	at Script1673851860327.run(Script1673851860327.groovy:46)
	... 13 more
)
[[ATTACHMENT|C:\\Users\\huynh\\Documents\\Socialhead\\Automation\\Katalon project\\CreateStore\\CreateStore\\Reports\\20230307_111854\\Store\\Create Store\\20230307_111855\\1678168927237.png]]

2023-03-07 13:02:07 - [MESSAGE][FAILED] - Unable to click on object 'Object Repository/Shopify/span_product'

2023-03-07 13:02:07 - [TEST_STEP][PASSED] - Start tear down : teardownIfFailed: Method 'teardownIfFailed' complete successfully

2023-03-07 13:02:07 - [TEST_STEP][PASSED] - data.excel.updateValueToSheet(file_data, "store", 4, store_name, 7, "Failed"): data.excel.updateValueToSheet is PASSED

2023-03-07 13:02:07 - [MESSAGE][PASSED] - data.excel.updateValueToSheet is PASSED

2023-03-07 13:02:07 - [MESSAGE][PASSED] - Method 'teardownIfFailed' complete successfully]]></system-out>
         <system-err><![CDATA[2023-03-07 13:01:00 - [TEST_CASE][FAILED] - Test Cases/Shopify/CreateStore: Test Cases/Shopify/CreateStore FAILED.
Reason:
com.kms.katalon.core.exception.StepFailedException: Unable to click on object 'Object Repository/Shopify/span_product'
	at com.kms.katalon.core.webui.keyword.internal.WebUIKeywordMain.stepFailed(WebUIKeywordMain.groovy:64)
	at com.kms.katalon.core.webui.keyword.internal.WebUIKeywordMain.runKeyword(WebUIKeywordMain.groovy:26)
	at com.kms.katalon.core.webui.keyword.builtin.ClickKeyword.click(ClickKeyword.groovy:74)
	at com.kms.katalon.core.webui.keyword.builtin.ClickKeyword.execute(ClickKeyword.groovy:40)
	at com.kms.katalon.core.keyword.internal.KeywordExecutor.executeKeywordForPlatform(KeywordExecutor.groovy:74)
	at com.kms.katalon.core.webui.keyword.WebUiBuiltInKeywords.click(WebUiBuiltInKeywords.groovy:620)
	at com.kms.katalon.core.webui.keyword.WebUiBuiltInKeywords$click$3.call(Unknown Source)
	at shopify.store.importProduct(store.groovy:51)
	at shopify.store.invokeMethod(store.groovy)
	at com.kms.katalon.core.main.CustomKeywordDelegatingMetaClass.invokeStaticMethod(CustomKeywordDelegatingMetaClass.java:55)
	at CreateStore.run(CreateStore:46)
	at com.kms.katalon.core.main.ScriptEngine.run(ScriptEngine.java:194)
	at com.kms.katalon.core.main.ScriptEngine.runScriptAsRawText(ScriptEngine.java:119)
	at com.kms.katalon.core.main.TestCaseExecutor.runScript(TestCaseExecutor.java:448)
	at com.kms.katalon.core.main.TestCaseExecutor.doExecute(TestCaseExecutor.java:439)
	at com.kms.katalon.core.main.TestCaseExecutor.processExecutionPhase(TestCaseExecutor.java:418)
	at com.kms.katalon.core.main.TestCaseExecutor.accessMainPhase(TestCaseExecutor.java:410)
	at com.kms.katalon.core.main.TestCaseExecutor.execute(TestCaseExecutor.java:285)
	at com.kms.katalon.core.common.CommonExecutor.accessTestCaseMainPhase(CommonExecutor.java:65)
	at com.kms.katalon.core.main.TestSuiteExecutor.accessTestSuiteMainPhase(TestSuiteExecutor.java:151)
	at com.kms.katalon.core.main.TestSuiteExecutor.execute(TestSuiteExecutor.java:106)
	at com.kms.katalon.core.main.TestCaseMain.startTestSuite(TestCaseMain.java:185)
	at com.kms.katalon.core.main.TestCaseMain$startTestSuite$0.call(Unknown Source)
	at TempTestSuite1678162735898.run(TempTestSuite1678162735898.groovy:36)
Caused by: com.kms.katalon.core.webui.exception.WebElementNotFoundException: Web element with id: 'Object Repository/Shopify/span_product' located by '//div[@id='AppFrameNav']/div/nav/div[2]/div[2]/ul/li[3]/div/div/a/span' not found
	at com.kms.katalon.core.webui.common.WebUiCommonHelper.findWebElement(WebUiCommonHelper.java:1370)
	at com.kms.katalon.core.webui.keyword.internal.WebUIAbstractKeyword.findWebElement(WebUIAbstractKeyword.groovy:27)
	at com.kms.katalon.core.webui.keyword.builtin.ClickKeyword$_click_closure1.doCall(ClickKeyword.groovy:65)
	at com.kms.katalon.core.webui.keyword.builtin.ClickKeyword$_click_closure1.call(ClickKeyword.groovy)
	at com.kms.katalon.core.webui.keyword.internal.WebUIKeywordMain.runKeyword(WebUIKeywordMain.groovy:20)
	... 22 more]]></system-err>
      </testcase>
      <testcase name="Test Cases/Shopify/CreateStore" time="58.136" classname="Test Cases/Shopify/CreateStore" status="FAILED">
         <failure type="FAILED" message="Test Cases/Shopify/CreateStore FAILED.
Reason:
com.kms.katalon.core.exception.StepFailedException: Unable to click on object 'Object Repository/Shopify/span_product'
	at com.kms.katalon.core.webui.keyword.internal.WebUIKeywordMain.stepFailed(WebUIKeywordMain.groovy:64)
	at com.kms.katalon.core.webui.keyword.internal.WebUIKeywordMain.runKeyword(WebUIKeywordMain.groovy:26)
	at com.kms.katalon.core.webui.keyword.builtin.ClickKeyword.click(ClickKeyword.groovy:74)
	at com.kms.katalon.core.webui.keyword.builtin.ClickKeyword.execute(ClickKeyword.groovy:40)
	at com.kms.katalon.core.keyword.internal.KeywordExecutor.executeKeywordForPlatform(KeywordExecutor.groovy:74)
	at com.kms.katalon.core.webui.keyword.WebUiBuiltInKeywords.click(WebUiBuiltInKeywords.groovy:620)
	at com.kms.katalon.core.webui.keyword.WebUiBuiltInKeywords$click$3.call(Unknown Source)
	at shopify.store.importProduct(store.groovy:51)
	at shopify.store.invokeMethod(store.groovy)
	at com.kms.katalon.core.main.CustomKeywordDelegatingMetaClass.invokeStaticMethod(CustomKeywordDelegatingMetaClass.java:55)
	at CreateStore.run(CreateStore:46)
	at com.kms.katalon.core.main.ScriptEngine.run(ScriptEngine.java:194)
	at com.kms.katalon.core.main.ScriptEngine.runScriptAsRawText(ScriptEngine.java:119)
	at com.kms.katalon.core.main.TestCaseExecutor.runScript(TestCaseExecutor.java:448)
	at com.kms.katalon.core.main.TestCaseExecutor.doExecute(TestCaseExecutor.java:439)
	at com.kms.katalon.core.main.TestCaseExecutor.processExecutionPhase(TestCaseExecutor.java:418)
	at com.kms.katalon.core.main.TestCaseExecutor.accessMainPhase(TestCaseExecutor.java:410)
	at com.kms.katalon.core.main.TestCaseExecutor.execute(TestCaseExecutor.java:285)
	at com.kms.katalon.core.common.CommonExecutor.accessTestCaseMainPhase(CommonExecutor.java:65)
	at com.kms.katalon.core.main.TestSuiteExecutor.accessTestSuiteMainPhase(TestSuiteExecutor.java:151)
	at com.kms.katalon.core.main.TestSuiteExecutor.execute(TestSuiteExecutor.java:106)
	at com.kms.katalon.core.main.TestCaseMain.startTestSuite(TestCaseMain.java:185)
	at com.kms.katalon.core.main.TestCaseMain$startTestSuite$0.call(Unknown Source)
	at TempTestSuite1678162735898.run(TempTestSuite1678162735898.groovy:36)
Caused by: com.kms.katalon.core.webui.exception.WebElementNotFoundException: Web element with id: 'Object Repository/Shopify/span_product' located by '//div[@id='AppFrameNav']/div/nav/div[2]/div[2]/ul/li[3]/div/div/a/span' not found
	at com.kms.katalon.core.webui.common.WebUiCommonHelper.findWebElement(WebUiCommonHelper.java:1370)
	at com.kms.katalon.core.webui.keyword.internal.WebUIAbstractKeyword.findWebElement(WebUIAbstractKeyword.groovy:27)
	at com.kms.katalon.core.webui.keyword.builtin.ClickKeyword$_click_closure1.doCall(ClickKeyword.groovy:65)
	at com.kms.katalon.core.webui.keyword.builtin.ClickKeyword$_click_closure1.call(ClickKeyword.groovy)
	at com.kms.katalon.core.webui.keyword.internal.WebUIKeywordMain.runKeyword(WebUIKeywordMain.groovy:20)
	... 22 more
"/>
         <system-out><![CDATA[2023-03-07 13:02:07 - [TEST_CASE][FAILED] - Test Cases/Shopify/CreateStore: Test Cases/Shopify/CreateStore FAILED.
Reason:
com.kms.katalon.core.exception.StepFailedException: Unable to click on object 'Object Repository/Shopify/span_product'
	at com.kms.katalon.core.webui.keyword.internal.WebUIKeywordMain.stepFailed(WebUIKeywordMain.groovy:64)
	at com.kms.katalon.core.webui.keyword.internal.WebUIKeywordMain.runKeyword(WebUIKeywordMain.groovy:26)
	at com.kms.katalon.core.webui.keyword.builtin.ClickKeyword.click(ClickKeyword.groovy:74)
	at com.kms.katalon.core.webui.keyword.builtin.ClickKeyword.execute(ClickKeyword.groovy:40)
	at com.kms.katalon.core.keyword.internal.KeywordExecutor.executeKeywordForPlatform(KeywordExecutor.groovy:74)
	at com.kms.katalon.core.webui.keyword.WebUiBuiltInKeywords.click(WebUiBuiltInKeywords.groovy:620)
	at com.kms.katalon.core.webui.keyword.WebUiBuiltInKeywords$click$3.call(Unknown Source)
	at shopify.store.importProduct(store.groovy:51)
	at shopify.store.invokeMethod(store.groovy)
	at com.kms.katalon.core.main.CustomKeywordDelegatingMetaClass.invokeStaticMethod(CustomKeywordDelegatingMetaClass.java:55)
	at CreateStore.run(CreateStore:46)
	at com.kms.katalon.core.main.ScriptEngine.run(ScriptEngine.java:194)
	at com.kms.katalon.core.main.ScriptEngine.runScriptAsRawText(ScriptEngine.java:119)
	at com.kms.katalon.core.main.TestCaseExecutor.runScript(TestCaseExecutor.java:448)
	at com.kms.katalon.core.main.TestCaseExecutor.doExecute(TestCaseExecutor.java:439)
	at com.kms.katalon.core.main.TestCaseExecutor.processExecutionPhase(TestCaseExecutor.java:418)
	at com.kms.katalon.core.main.TestCaseExecutor.accessMainPhase(TestCaseExecutor.java:410)
	at com.kms.katalon.core.main.TestCaseExecutor.execute(TestCaseExecutor.java:285)
	at com.kms.katalon.core.common.CommonExecutor.accessTestCaseMainPhase(CommonExecutor.java:65)
	at com.kms.katalon.core.main.TestSuiteExecutor.accessTestSuiteMainPhase(TestSuiteExecutor.java:151)
	at com.kms.katalon.core.main.TestSuiteExecutor.execute(TestSuiteExecutor.java:106)
	at com.kms.katalon.core.main.TestCaseMain.startTestSuite(TestCaseMain.java:185)
	at com.kms.katalon.core.main.TestCaseMain$startTestSuite$0.call(Unknown Source)
	at TempTestSuite1678162735898.run(TempTestSuite1678162735898.groovy:36)
Caused by: com.kms.katalon.core.webui.exception.WebElementNotFoundException: Web element with id: 'Object Repository/Shopify/span_product' located by '//div[@id='AppFrameNav']/div/nav/div[2]/div[2]/ul/li[3]/div/div/a/span' not found
	at com.kms.katalon.core.webui.common.WebUiCommonHelper.findWebElement(WebUiCommonHelper.java:1370)
	at com.kms.katalon.core.webui.keyword.internal.WebUIAbstractKeyword.findWebElement(WebUIAbstractKeyword.groovy:27)
	at com.kms.katalon.core.webui.keyword.builtin.ClickKeyword$_click_closure1.doCall(ClickKeyword.groovy:65)
	at com.kms.katalon.core.webui.keyword.builtin.ClickKeyword$_click_closure1.call(ClickKeyword.groovy)
	at com.kms.katalon.core.webui.keyword.internal.WebUIKeywordMain.runKeyword(WebUIKeywordMain.groovy:20)
	... 22 more


2023-03-07 13:02:07 - [TEST_STEP][PASSED] - Start listener action : skipStatus: null

2023-03-07 13:02:07 - [TEST_STEP][PASSED] - map = testCaseContext.getTestCaseVariables(): null

2023-03-07 13:02:07 - [TEST_STEP][PASSED] - testcae_status = map.get("testcase_status"): null

2023-03-07 13:02:07 - [TEST_STEP][PASSED] - println(testcae_status): null

2023-03-07 13:02:07 - [TEST_STEP][PASSED] - if (testcae_status == "Passed" || testcae_status == "Failed"): null

2023-03-07 13:02:07 - [TEST_STEP][PASSED] - log = new com.kms.katalon.core.util.KeywordUtil(): null

2023-03-07 13:02:07 - [TEST_STEP][PASSED] - openBrowser(""): Browser is opened with url: ''

2023-03-07 13:02:07 - [MESSAGE][WARNING] - A browser is already opened. Closing browser and opening a new one

2023-03-07 13:02:08 - [MESSAGE][INFO] - Starting 'Chrome' driver

2023-03-07 13:02:08 - [MESSAGE][INFO] - Action delay is set to 0 milliseconds

2023-03-07 13:02:09 - [MESSAGE][PASSED] - Browser is opened with url: ''

2023-03-07 13:02:09 - [TEST_STEP][PASSED] - maximizeWindow(): Current window maximized

2023-03-07 13:02:09 - [MESSAGE][PASSED] - Current window maximized

2023-03-07 13:02:09 - [TEST_STEP][PASSED] - shopify.store.loginShopifyPartner(partner_email, partner_password, partner_id): shopify.store.loginShopifyPartner is PASSED

2023-03-07 13:02:13 - [MESSAGE][PASSED] - Navigate to 'https://partners.shopify.com/1662018/stores/new' successfully

2023-03-07 13:02:13 - [MESSAGE][PASSED] - Text 'huynh@firegroup.io' is set on object 'Object Repository/Shopify/input_email_shopify'

2023-03-07 13:02:15 - [MESSAGE][PASSED] - Object: 'Object Repository/Shopify/btn_continue_with_email' is clicked on

2023-03-07 13:02:17 - [MESSAGE][PASSED] - Text ****** has been set on object 'Object Repository/Shopify/input_password_shopify'

2023-03-07 13:02:23 - [MESSAGE][PASSED] - Object: 'Object Repository/Shopify/btn_login' is clicked on

2023-03-07 13:02:23 - [MESSAGE][PASSED] - shopify.store.loginShopifyPartner is PASSED

2023-03-07 13:02:23 - [TEST_STEP][PASSED] - shopify.store.navigateToStoreDevelop(partner_id): shopify.store.navigateToStoreDevelop is PASSED

2023-03-07 13:02:23 - [MESSAGE][PASSED] - Navigate to 'https://partners.shopify.com/1662018/stores/new?store_type=dev_preview_store&developer_preview_handle=checkout_extensibility' successfully

2023-03-07 13:02:23 - [MESSAGE][PASSED] - shopify.store.navigateToStoreDevelop is PASSED

2023-03-07 13:02:23 - [TEST_STEP][PASSED] - shopify.store.inputStoreName(store_name): shopify.store.inputStoreName is PASSED

2023-03-07 13:02:25 - [MESSAGE][PASSED] - Text 'khanh-ar-stag-1096' is set on object 'Object Repository/Shopify/input_store_name'

2023-03-07 13:02:30 - [MESSAGE][PASSED] - Delayed 5 second(s)

2023-03-07 13:02:30 - [MESSAGE][PASSED] - shopify.store.inputStoreName is PASSED

2023-03-07 13:02:30 - [TEST_STEP][PASSED] - shopify.store.clickCreateStore(): shopify.store.clickCreateStore is PASSED

2023-03-07 13:02:30 - [MESSAGE][PASSED] - Object: 'Object Repository/Shopify/btn_create_store' is clicked on

2023-03-07 13:02:30 - [MESSAGE][PASSED] - Wait for page load successfully

2023-03-07 13:02:30 - [MESSAGE][PASSED] - shopify.store.clickCreateStore is PASSED

2023-03-07 13:02:30 - [TEST_STEP][FAILED] - shopify.store.importProduct(product_file_local): Unable to click on object 'Object Repository/Shopify/span_product'

2023-03-07 13:03:03 - [MESSAGE][INFO] - Unable to find the element located by 'By.xpath: //div[@id='AppFrameNav']/div/nav/div[2]/div[2]/ul/li[3]/div/div/a/span'. Please recheck the objects properties to make sure the desired element is located. 

2023-03-07 13:03:03 - [MESSAGE][WARNING] - [SELF-HEALING] Failed to find element with id 'Object Repository/Shopify/span_product'. Try using Self-healing.

2023-03-07 13:03:04 - [MESSAGE][INFO] - [SELF-HEALING] No working XPath is found.

2023-03-07 13:03:05 - [MESSAGE][INFO] - Unable to find the element located by 'By.xpath: '. Please recheck the objects properties to make sure the desired element is located. 

2023-03-07 13:03:05 - [MESSAGE][WARNING] - [SELF-HEALING] Cannot find elements when the selector is null

2023-03-07 13:03:05 - [MESSAGE][FAILED] - Unable to click on object 'Object Repository/Shopify/span_product' (Root cause: com.kms.katalon.core.exception.StepFailedException: Unable to click on object 'Object Repository/Shopify/span_product'
	at com.kms.katalon.core.webui.keyword.internal.WebUIKeywordMain.stepFailed(WebUIKeywordMain.groovy:64)
	at com.kms.katalon.core.webui.keyword.internal.WebUIKeywordMain.runKeyword(WebUIKeywordMain.groovy:26)
	at com.kms.katalon.core.webui.keyword.builtin.ClickKeyword.click(ClickKeyword.groovy:74)
	at com.kms.katalon.core.webui.keyword.builtin.ClickKeyword.execute(ClickKeyword.groovy:40)
	at com.kms.katalon.core.keyword.internal.KeywordExecutor.executeKeywordForPlatform(KeywordExecutor.groovy:74)
	at com.kms.katalon.core.webui.keyword.WebUiBuiltInKeywords.click(WebUiBuiltInKeywords.groovy:620)
	at com.kms.katalon.core.webui.keyword.WebUiBuiltInKeywords$click$3.call(Unknown Source)
	at shopify.store.importProduct(store.groovy:51)
	at shopify.store.invokeMethod(store.groovy)
	at com.kms.katalon.core.main.CustomKeywordDelegatingMetaClass.invokeStaticMethod(CustomKeywordDelegatingMetaClass.java:55)
	at CreateStore.run(CreateStore:46)
	at com.kms.katalon.core.main.ScriptEngine.run(ScriptEngine.java:194)
	at com.kms.katalon.core.main.ScriptEngine.runScriptAsRawText(ScriptEngine.java:119)
	at com.kms.katalon.core.main.TestCaseExecutor.runScript(TestCaseExecutor.java:448)
	at com.kms.katalon.core.main.TestCaseExecutor.doExecute(TestCaseExecutor.java:439)
	at com.kms.katalon.core.main.TestCaseExecutor.processExecutionPhase(TestCaseExecutor.java:418)
	at com.kms.katalon.core.main.TestCaseExecutor.accessMainPhase(TestCaseExecutor.java:410)
	at com.kms.katalon.core.main.TestCaseExecutor.execute(TestCaseExecutor.java:285)
	at com.kms.katalon.core.common.CommonExecutor.accessTestCaseMainPhase(CommonExecutor.java:65)
	at com.kms.katalon.core.main.TestSuiteExecutor.accessTestSuiteMainPhase(TestSuiteExecutor.java:151)
	at com.kms.katalon.core.main.TestSuiteExecutor.execute(TestSuiteExecutor.java:106)
	at com.kms.katalon.core.main.TestCaseMain.startTestSuite(TestCaseMain.java:185)
	at com.kms.katalon.core.main.TestCaseMain$startTestSuite$0.call(Unknown Source)
	at TempTestSuite1678162735898.run(TempTestSuite1678162735898.groovy:36)
Caused by: com.kms.katalon.core.webui.exception.WebElementNotFoundException: Web element with id: 'Object Repository/Shopify/span_product' located by '//div[@id='AppFrameNav']/div/nav/div[2]/div[2]/ul/li[3]/div/div/a/span' not found
	at com.kms.katalon.core.webui.common.WebUiCommonHelper.findWebElement(WebUiCommonHelper.java:1370)
	at com.kms.katalon.core.webui.keyword.internal.WebUIAbstractKeyword.findWebElement(WebUIAbstractKeyword.groovy:27)
	at com.kms.katalon.core.webui.keyword.builtin.ClickKeyword$_click_closure1.doCall(ClickKeyword.groovy:65)
	at com.kms.katalon.core.webui.keyword.builtin.ClickKeyword$_click_closure1.call(ClickKeyword.groovy)
	at com.kms.katalon.core.webui.keyword.internal.WebUIKeywordMain.runKeyword(WebUIKeywordMain.groovy:20)
	at com.kms.katalon.core.webui.keyword.builtin.ClickKeyword.click(ClickKeyword.groovy:74)
	at com.kms.katalon.core.webui.keyword.builtin.ClickKeyword.execute(ClickKeyword.groovy:40)
	at com.kms.katalon.core.keyword.internal.KeywordExecutor.executeKeywordForPlatform(KeywordExecutor.groovy:74)
	at com.kms.katalon.core.webui.keyword.WebUiBuiltInKeywords.click(WebUiBuiltInKeywords.groovy:620)
	at com.kms.katalon.core.webui.keyword.WebUiBuiltInKeywords$click$3.call(Unknown Source)
	at shopify.store.importProduct(store.groovy:51)
	at shopify.store.invokeMethod(store.groovy)
	at com.kms.katalon.core.main.CustomKeywordDelegatingMetaClass.invokeStaticMethod(CustomKeywordDelegatingMetaClass.java:55)
	at Script1673851860327.run(Script1673851860327.groovy:46)
	... 13 more
)
[[ATTACHMENT|C:\\Users\\huynh\\Documents\\Socialhead\\Automation\\Katalon project\\CreateStore\\CreateStore\\Reports\\20230307_111854\\Store\\Create Store\\20230307_111855\\1678168985403.png]]

2023-03-07 13:03:05 - [MESSAGE][FAILED] - Unable to click on object 'Object Repository/Shopify/span_product'

2023-03-07 13:03:05 - [TEST_STEP][PASSED] - Start tear down : teardownIfFailed: Method 'teardownIfFailed' complete successfully

2023-03-07 13:03:05 - [TEST_STEP][PASSED] - data.excel.updateValueToSheet(file_data, "store", 4, store_name, 7, "Failed"): data.excel.updateValueToSheet is PASSED

2023-03-07 13:03:05 - [MESSAGE][PASSED] - data.excel.updateValueToSheet is PASSED

2023-03-07 13:03:05 - [MESSAGE][PASSED] - Method 'teardownIfFailed' complete successfully]]></system-out>
         <system-err><![CDATA[2023-03-07 13:02:07 - [TEST_CASE][FAILED] - Test Cases/Shopify/CreateStore: Test Cases/Shopify/CreateStore FAILED.
Reason:
com.kms.katalon.core.exception.StepFailedException: Unable to click on object 'Object Repository/Shopify/span_product'
	at com.kms.katalon.core.webui.keyword.internal.WebUIKeywordMain.stepFailed(WebUIKeywordMain.groovy:64)
	at com.kms.katalon.core.webui.keyword.internal.WebUIKeywordMain.runKeyword(WebUIKeywordMain.groovy:26)
	at com.kms.katalon.core.webui.keyword.builtin.ClickKeyword.click(ClickKeyword.groovy:74)
	at com.kms.katalon.core.webui.keyword.builtin.ClickKeyword.execute(ClickKeyword.groovy:40)
	at com.kms.katalon.core.keyword.internal.KeywordExecutor.executeKeywordForPlatform(KeywordExecutor.groovy:74)
	at com.kms.katalon.core.webui.keyword.WebUiBuiltInKeywords.click(WebUiBuiltInKeywords.groovy:620)
	at com.kms.katalon.core.webui.keyword.WebUiBuiltInKeywords$click$3.call(Unknown Source)
	at shopify.store.importProduct(store.groovy:51)
	at shopify.store.invokeMethod(store.groovy)
	at com.kms.katalon.core.main.CustomKeywordDelegatingMetaClass.invokeStaticMethod(CustomKeywordDelegatingMetaClass.java:55)
	at CreateStore.run(CreateStore:46)
	at com.kms.katalon.core.main.ScriptEngine.run(ScriptEngine.java:194)
	at com.kms.katalon.core.main.ScriptEngine.runScriptAsRawText(ScriptEngine.java:119)
	at com.kms.katalon.core.main.TestCaseExecutor.runScript(TestCaseExecutor.java:448)
	at com.kms.katalon.core.main.TestCaseExecutor.doExecute(TestCaseExecutor.java:439)
	at com.kms.katalon.core.main.TestCaseExecutor.processExecutionPhase(TestCaseExecutor.java:418)
	at com.kms.katalon.core.main.TestCaseExecutor.accessMainPhase(TestCaseExecutor.java:410)
	at com.kms.katalon.core.main.TestCaseExecutor.execute(TestCaseExecutor.java:285)
	at com.kms.katalon.core.common.CommonExecutor.accessTestCaseMainPhase(CommonExecutor.java:65)
	at com.kms.katalon.core.main.TestSuiteExecutor.accessTestSuiteMainPhase(TestSuiteExecutor.java:151)
	at com.kms.katalon.core.main.TestSuiteExecutor.execute(TestSuiteExecutor.java:106)
	at com.kms.katalon.core.main.TestCaseMain.startTestSuite(TestCaseMain.java:185)
	at com.kms.katalon.core.main.TestCaseMain$startTestSuite$0.call(Unknown Source)
	at TempTestSuite1678162735898.run(TempTestSuite1678162735898.groovy:36)
Caused by: com.kms.katalon.core.webui.exception.WebElementNotFoundException: Web element with id: 'Object Repository/Shopify/span_product' located by '//div[@id='AppFrameNav']/div/nav/div[2]/div[2]/ul/li[3]/div/div/a/span' not found
	at com.kms.katalon.core.webui.common.WebUiCommonHelper.findWebElement(WebUiCommonHelper.java:1370)
	at com.kms.katalon.core.webui.keyword.internal.WebUIAbstractKeyword.findWebElement(WebUIAbstractKeyword.groovy:27)
	at com.kms.katalon.core.webui.keyword.builtin.ClickKeyword$_click_closure1.doCall(ClickKeyword.groovy:65)
	at com.kms.katalon.core.webui.keyword.builtin.ClickKeyword$_click_closure1.call(ClickKeyword.groovy)
	at com.kms.katalon.core.webui.keyword.internal.WebUIKeywordMain.runKeyword(WebUIKeywordMain.groovy:20)
	... 22 more]]></system-err>
      </testcase>
      <testcase name="Test Cases/Shopify/CreateStore" time="65.241" classname="Test Cases/Shopify/CreateStore" status="FAILED">
         <failure type="FAILED" message="Test Cases/Shopify/CreateStore FAILED.
Reason:
com.kms.katalon.core.exception.StepFailedException: Unable to click on object 'Object Repository/Shopify/span_product'
	at com.kms.katalon.core.webui.keyword.internal.WebUIKeywordMain.stepFailed(WebUIKeywordMain.groovy:64)
	at com.kms.katalon.core.webui.keyword.internal.WebUIKeywordMain.runKeyword(WebUIKeywordMain.groovy:26)
	at com.kms.katalon.core.webui.keyword.builtin.ClickKeyword.click(ClickKeyword.groovy:74)
	at com.kms.katalon.core.webui.keyword.builtin.ClickKeyword.execute(ClickKeyword.groovy:40)
	at com.kms.katalon.core.keyword.internal.KeywordExecutor.executeKeywordForPlatform(KeywordExecutor.groovy:74)
	at com.kms.katalon.core.webui.keyword.WebUiBuiltInKeywords.click(WebUiBuiltInKeywords.groovy:620)
	at com.kms.katalon.core.webui.keyword.WebUiBuiltInKeywords$click$3.call(Unknown Source)
	at shopify.store.importProduct(store.groovy:51)
	at shopify.store.invokeMethod(store.groovy)
	at com.kms.katalon.core.main.CustomKeywordDelegatingMetaClass.invokeStaticMethod(CustomKeywordDelegatingMetaClass.java:55)
	at CreateStore.run(CreateStore:46)
	at com.kms.katalon.core.main.ScriptEngine.run(ScriptEngine.java:194)
	at com.kms.katalon.core.main.ScriptEngine.runScriptAsRawText(ScriptEngine.java:119)
	at com.kms.katalon.core.main.TestCaseExecutor.runScript(TestCaseExecutor.java:448)
	at com.kms.katalon.core.main.TestCaseExecutor.doExecute(TestCaseExecutor.java:439)
	at com.kms.katalon.core.main.TestCaseExecutor.processExecutionPhase(TestCaseExecutor.java:418)
	at com.kms.katalon.core.main.TestCaseExecutor.accessMainPhase(TestCaseExecutor.java:410)
	at com.kms.katalon.core.main.TestCaseExecutor.execute(TestCaseExecutor.java:285)
	at com.kms.katalon.core.common.CommonExecutor.accessTestCaseMainPhase(CommonExecutor.java:65)
	at com.kms.katalon.core.main.TestSuiteExecutor.accessTestSuiteMainPhase(TestSuiteExecutor.java:151)
	at com.kms.katalon.core.main.TestSuiteExecutor.execute(TestSuiteExecutor.java:106)
	at com.kms.katalon.core.main.TestCaseMain.startTestSuite(TestCaseMain.java:185)
	at com.kms.katalon.core.main.TestCaseMain$startTestSuite$0.call(Unknown Source)
	at TempTestSuite1678162735898.run(TempTestSuite1678162735898.groovy:36)
Caused by: com.kms.katalon.core.webui.exception.WebElementNotFoundException: Web element with id: 'Object Repository/Shopify/span_product' located by '//div[@id='AppFrameNav']/div/nav/div[2]/div[2]/ul/li[3]/div/div/a/span' not found
	at com.kms.katalon.core.webui.common.WebUiCommonHelper.findWebElement(WebUiCommonHelper.java:1370)
	at com.kms.katalon.core.webui.keyword.internal.WebUIAbstractKeyword.findWebElement(WebUIAbstractKeyword.groovy:27)
	at com.kms.katalon.core.webui.keyword.builtin.ClickKeyword$_click_closure1.doCall(ClickKeyword.groovy:65)
	at com.kms.katalon.core.webui.keyword.builtin.ClickKeyword$_click_closure1.call(ClickKeyword.groovy)
	at com.kms.katalon.core.webui.keyword.internal.WebUIKeywordMain.runKeyword(WebUIKeywordMain.groovy:20)
	... 22 more
"/>
         <system-out><![CDATA[2023-03-07 13:03:05 - [TEST_CASE][FAILED] - Test Cases/Shopify/CreateStore: Test Cases/Shopify/CreateStore FAILED.
Reason:
com.kms.katalon.core.exception.StepFailedException: Unable to click on object 'Object Repository/Shopify/span_product'
	at com.kms.katalon.core.webui.keyword.internal.WebUIKeywordMain.stepFailed(WebUIKeywordMain.groovy:64)
	at com.kms.katalon.core.webui.keyword.internal.WebUIKeywordMain.runKeyword(WebUIKeywordMain.groovy:26)
	at com.kms.katalon.core.webui.keyword.builtin.ClickKeyword.click(ClickKeyword.groovy:74)
	at com.kms.katalon.core.webui.keyword.builtin.ClickKeyword.execute(ClickKeyword.groovy:40)
	at com.kms.katalon.core.keyword.internal.KeywordExecutor.executeKeywordForPlatform(KeywordExecutor.groovy:74)
	at com.kms.katalon.core.webui.keyword.WebUiBuiltInKeywords.click(WebUiBuiltInKeywords.groovy:620)
	at com.kms.katalon.core.webui.keyword.WebUiBuiltInKeywords$click$3.call(Unknown Source)
	at shopify.store.importProduct(store.groovy:51)
	at shopify.store.invokeMethod(store.groovy)
	at com.kms.katalon.core.main.CustomKeywordDelegatingMetaClass.invokeStaticMethod(CustomKeywordDelegatingMetaClass.java:55)
	at CreateStore.run(CreateStore:46)
	at com.kms.katalon.core.main.ScriptEngine.run(ScriptEngine.java:194)
	at com.kms.katalon.core.main.ScriptEngine.runScriptAsRawText(ScriptEngine.java:119)
	at com.kms.katalon.core.main.TestCaseExecutor.runScript(TestCaseExecutor.java:448)
	at com.kms.katalon.core.main.TestCaseExecutor.doExecute(TestCaseExecutor.java:439)
	at com.kms.katalon.core.main.TestCaseExecutor.processExecutionPhase(TestCaseExecutor.java:418)
	at com.kms.katalon.core.main.TestCaseExecutor.accessMainPhase(TestCaseExecutor.java:410)
	at com.kms.katalon.core.main.TestCaseExecutor.execute(TestCaseExecutor.java:285)
	at com.kms.katalon.core.common.CommonExecutor.accessTestCaseMainPhase(CommonExecutor.java:65)
	at com.kms.katalon.core.main.TestSuiteExecutor.accessTestSuiteMainPhase(TestSuiteExecutor.java:151)
	at com.kms.katalon.core.main.TestSuiteExecutor.execute(TestSuiteExecutor.java:106)
	at com.kms.katalon.core.main.TestCaseMain.startTestSuite(TestCaseMain.java:185)
	at com.kms.katalon.core.main.TestCaseMain$startTestSuite$0.call(Unknown Source)
	at TempTestSuite1678162735898.run(TempTestSuite1678162735898.groovy:36)
Caused by: com.kms.katalon.core.webui.exception.WebElementNotFoundException: Web element with id: 'Object Repository/Shopify/span_product' located by '//div[@id='AppFrameNav']/div/nav/div[2]/div[2]/ul/li[3]/div/div/a/span' not found
	at com.kms.katalon.core.webui.common.WebUiCommonHelper.findWebElement(WebUiCommonHelper.java:1370)
	at com.kms.katalon.core.webui.keyword.internal.WebUIAbstractKeyword.findWebElement(WebUIAbstractKeyword.groovy:27)
	at com.kms.katalon.core.webui.keyword.builtin.ClickKeyword$_click_closure1.doCall(ClickKeyword.groovy:65)
	at com.kms.katalon.core.webui.keyword.builtin.ClickKeyword$_click_closure1.call(ClickKeyword.groovy)
	at com.kms.katalon.core.webui.keyword.internal.WebUIKeywordMain.runKeyword(WebUIKeywordMain.groovy:20)
	... 22 more


2023-03-07 13:03:05 - [TEST_STEP][PASSED] - Start listener action : skipStatus: null

2023-03-07 13:03:05 - [TEST_STEP][PASSED] - map = testCaseContext.getTestCaseVariables(): null

2023-03-07 13:03:05 - [TEST_STEP][PASSED] - testcae_status = map.get("testcase_status"): null

2023-03-07 13:03:05 - [TEST_STEP][PASSED] - println(testcae_status): null

2023-03-07 13:03:05 - [TEST_STEP][PASSED] - if (testcae_status == "Passed" || testcae_status == "Failed"): null

2023-03-07 13:03:05 - [TEST_STEP][PASSED] - log = new com.kms.katalon.core.util.KeywordUtil(): null

2023-03-07 13:03:05 - [TEST_STEP][PASSED] - openBrowser(""): Browser is opened with url: ''

2023-03-07 13:03:05 - [MESSAGE][WARNING] - A browser is already opened. Closing browser and opening a new one

2023-03-07 13:03:06 - [MESSAGE][INFO] - Starting 'Chrome' driver

2023-03-07 13:03:06 - [MESSAGE][INFO] - Action delay is set to 0 milliseconds

2023-03-07 13:03:07 - [MESSAGE][PASSED] - Browser is opened with url: ''

2023-03-07 13:03:07 - [TEST_STEP][PASSED] - maximizeWindow(): Current window maximized

2023-03-07 13:03:07 - [MESSAGE][PASSED] - Current window maximized

2023-03-07 13:03:07 - [TEST_STEP][PASSED] - shopify.store.loginShopifyPartner(partner_email, partner_password, partner_id): shopify.store.loginShopifyPartner is PASSED

2023-03-07 13:03:13 - [MESSAGE][PASSED] - Navigate to 'https://partners.shopify.com/1662018/stores/new' successfully

2023-03-07 13:03:14 - [MESSAGE][PASSED] - Text 'huynh@firegroup.io' is set on object 'Object Repository/Shopify/input_email_shopify'

2023-03-07 13:03:17 - [MESSAGE][PASSED] - Object: 'Object Repository/Shopify/btn_continue_with_email' is clicked on

2023-03-07 13:03:19 - [MESSAGE][PASSED] - Text ****** has been set on object 'Object Repository/Shopify/input_password_shopify'

2023-03-07 13:03:24 - [MESSAGE][PASSED] - Object: 'Object Repository/Shopify/btn_login' is clicked on

2023-03-07 13:03:24 - [MESSAGE][PASSED] - shopify.store.loginShopifyPartner is PASSED

2023-03-07 13:03:24 - [TEST_STEP][PASSED] - shopify.store.navigateToStoreDevelop(partner_id): shopify.store.navigateToStoreDevelop is PASSED

2023-03-07 13:03:25 - [MESSAGE][PASSED] - Navigate to 'https://partners.shopify.com/1662018/stores/new?store_type=dev_preview_store&developer_preview_handle=checkout_extensibility' successfully

2023-03-07 13:03:25 - [MESSAGE][PASSED] - shopify.store.navigateToStoreDevelop is PASSED

2023-03-07 13:03:25 - [TEST_STEP][PASSED] - shopify.store.inputStoreName(store_name): shopify.store.inputStoreName is PASSED

2023-03-07 13:03:26 - [MESSAGE][PASSED] - Text 'khanh-ar-stag-1097' is set on object 'Object Repository/Shopify/input_store_name'

2023-03-07 13:03:31 - [MESSAGE][PASSED] - Delayed 5 second(s)

2023-03-07 13:03:31 - [MESSAGE][PASSED] - shopify.store.inputStoreName is PASSED

2023-03-07 13:03:31 - [TEST_STEP][PASSED] - shopify.store.clickCreateStore(): shopify.store.clickCreateStore is PASSED

2023-03-07 13:03:32 - [MESSAGE][PASSED] - Object: 'Object Repository/Shopify/btn_create_store' is clicked on

2023-03-07 13:03:32 - [MESSAGE][PASSED] - Wait for page load successfully

2023-03-07 13:03:32 - [MESSAGE][PASSED] - shopify.store.clickCreateStore is PASSED

2023-03-07 13:03:32 - [TEST_STEP][FAILED] - shopify.store.importProduct(product_file_local): Unable to click on object 'Object Repository/Shopify/span_product'

2023-03-07 13:04:04 - [MESSAGE][INFO] - Unable to find the element located by 'By.xpath: //div[@id='AppFrameNav']/div/nav/div[2]/div[2]/ul/li[3]/div/div/a/span'. Please recheck the objects properties to make sure the desired element is located. 

2023-03-07 13:04:04 - [MESSAGE][WARNING] - [SELF-HEALING] Failed to find element with id 'Object Repository/Shopify/span_product'. Try using Self-healing.

2023-03-07 13:04:05 - [MESSAGE][INFO] - [SELF-HEALING] No working XPath is found.

2023-03-07 13:04:10 - [MESSAGE][INFO] - Unable to find the element located by 'By.xpath: '. Please recheck the objects properties to make sure the desired element is located. 

2023-03-07 13:04:10 - [MESSAGE][WARNING] - [SELF-HEALING] Cannot find elements when the selector is null

2023-03-07 13:04:10 - [MESSAGE][FAILED] - Unable to click on object 'Object Repository/Shopify/span_product' (Root cause: com.kms.katalon.core.exception.StepFailedException: Unable to click on object 'Object Repository/Shopify/span_product'
	at com.kms.katalon.core.webui.keyword.internal.WebUIKeywordMain.stepFailed(WebUIKeywordMain.groovy:64)
	at com.kms.katalon.core.webui.keyword.internal.WebUIKeywordMain.runKeyword(WebUIKeywordMain.groovy:26)
	at com.kms.katalon.core.webui.keyword.builtin.ClickKeyword.click(ClickKeyword.groovy:74)
	at com.kms.katalon.core.webui.keyword.builtin.ClickKeyword.execute(ClickKeyword.groovy:40)
	at com.kms.katalon.core.keyword.internal.KeywordExecutor.executeKeywordForPlatform(KeywordExecutor.groovy:74)
	at com.kms.katalon.core.webui.keyword.WebUiBuiltInKeywords.click(WebUiBuiltInKeywords.groovy:620)
	at com.kms.katalon.core.webui.keyword.WebUiBuiltInKeywords$click$3.call(Unknown Source)
	at shopify.store.importProduct(store.groovy:51)
	at shopify.store.invokeMethod(store.groovy)
	at com.kms.katalon.core.main.CustomKeywordDelegatingMetaClass.invokeStaticMethod(CustomKeywordDelegatingMetaClass.java:55)
	at CreateStore.run(CreateStore:46)
	at com.kms.katalon.core.main.ScriptEngine.run(ScriptEngine.java:194)
	at com.kms.katalon.core.main.ScriptEngine.runScriptAsRawText(ScriptEngine.java:119)
	at com.kms.katalon.core.main.TestCaseExecutor.runScript(TestCaseExecutor.java:448)
	at com.kms.katalon.core.main.TestCaseExecutor.doExecute(TestCaseExecutor.java:439)
	at com.kms.katalon.core.main.TestCaseExecutor.processExecutionPhase(TestCaseExecutor.java:418)
	at com.kms.katalon.core.main.TestCaseExecutor.accessMainPhase(TestCaseExecutor.java:410)
	at com.kms.katalon.core.main.TestCaseExecutor.execute(TestCaseExecutor.java:285)
	at com.kms.katalon.core.common.CommonExecutor.accessTestCaseMainPhase(CommonExecutor.java:65)
	at com.kms.katalon.core.main.TestSuiteExecutor.accessTestSuiteMainPhase(TestSuiteExecutor.java:151)
	at com.kms.katalon.core.main.TestSuiteExecutor.execute(TestSuiteExecutor.java:106)
	at com.kms.katalon.core.main.TestCaseMain.startTestSuite(TestCaseMain.java:185)
	at com.kms.katalon.core.main.TestCaseMain$startTestSuite$0.call(Unknown Source)
	at TempTestSuite1678162735898.run(TempTestSuite1678162735898.groovy:36)
Caused by: com.kms.katalon.core.webui.exception.WebElementNotFoundException: Web element with id: 'Object Repository/Shopify/span_product' located by '//div[@id='AppFrameNav']/div/nav/div[2]/div[2]/ul/li[3]/div/div/a/span' not found
	at com.kms.katalon.core.webui.common.WebUiCommonHelper.findWebElement(WebUiCommonHelper.java:1370)
	at com.kms.katalon.core.webui.keyword.internal.WebUIAbstractKeyword.findWebElement(WebUIAbstractKeyword.groovy:27)
	at com.kms.katalon.core.webui.keyword.builtin.ClickKeyword$_click_closure1.doCall(ClickKeyword.groovy:65)
	at com.kms.katalon.core.webui.keyword.builtin.ClickKeyword$_click_closure1.call(ClickKeyword.groovy)
	at com.kms.katalon.core.webui.keyword.internal.WebUIKeywordMain.runKeyword(WebUIKeywordMain.groovy:20)
	at com.kms.katalon.core.webui.keyword.builtin.ClickKeyword.click(ClickKeyword.groovy:74)
	at com.kms.katalon.core.webui.keyword.builtin.ClickKeyword.execute(ClickKeyword.groovy:40)
	at com.kms.katalon.core.keyword.internal.KeywordExecutor.executeKeywordForPlatform(KeywordExecutor.groovy:74)
	at com.kms.katalon.core.webui.keyword.WebUiBuiltInKeywords.click(WebUiBuiltInKeywords.groovy:620)
	at com.kms.katalon.core.webui.keyword.WebUiBuiltInKeywords$click$3.call(Unknown Source)
	at shopify.store.importProduct(store.groovy:51)
	at shopify.store.invokeMethod(store.groovy)
	at com.kms.katalon.core.main.CustomKeywordDelegatingMetaClass.invokeStaticMethod(CustomKeywordDelegatingMetaClass.java:55)
	at Script1673851860327.run(Script1673851860327.groovy:46)
	... 13 more
)
[[ATTACHMENT|C:\\Users\\huynh\\Documents\\Socialhead\\Automation\\Katalon project\\CreateStore\\CreateStore\\Reports\\20230307_111854\\Store\\Create Store\\20230307_111855\\1678169050635.png]]

2023-03-07 13:04:10 - [MESSAGE][FAILED] - Unable to click on object 'Object Repository/Shopify/span_product'

2023-03-07 13:04:10 - [TEST_STEP][PASSED] - Start tear down : teardownIfFailed: Method 'teardownIfFailed' complete successfully

2023-03-07 13:04:10 - [TEST_STEP][PASSED] - data.excel.updateValueToSheet(file_data, "store", 4, store_name, 7, "Failed"): data.excel.updateValueToSheet is PASSED

2023-03-07 13:04:10 - [MESSAGE][PASSED] - data.excel.updateValueToSheet is PASSED

2023-03-07 13:04:10 - [MESSAGE][PASSED] - Method 'teardownIfFailed' complete successfully]]></system-out>
         <system-err><![CDATA[2023-03-07 13:03:05 - [TEST_CASE][FAILED] - Test Cases/Shopify/CreateStore: Test Cases/Shopify/CreateStore FAILED.
Reason:
com.kms.katalon.core.exception.StepFailedException: Unable to click on object 'Object Repository/Shopify/span_product'
	at com.kms.katalon.core.webui.keyword.internal.WebUIKeywordMain.stepFailed(WebUIKeywordMain.groovy:64)
	at com.kms.katalon.core.webui.keyword.internal.WebUIKeywordMain.runKeyword(WebUIKeywordMain.groovy:26)
	at com.kms.katalon.core.webui.keyword.builtin.ClickKeyword.click(ClickKeyword.groovy:74)
	at com.kms.katalon.core.webui.keyword.builtin.ClickKeyword.execute(ClickKeyword.groovy:40)
	at com.kms.katalon.core.keyword.internal.KeywordExecutor.executeKeywordForPlatform(KeywordExecutor.groovy:74)
	at com.kms.katalon.core.webui.keyword.WebUiBuiltInKeywords.click(WebUiBuiltInKeywords.groovy:620)
	at com.kms.katalon.core.webui.keyword.WebUiBuiltInKeywords$click$3.call(Unknown Source)
	at shopify.store.importProduct(store.groovy:51)
	at shopify.store.invokeMethod(store.groovy)
	at com.kms.katalon.core.main.CustomKeywordDelegatingMetaClass.invokeStaticMethod(CustomKeywordDelegatingMetaClass.java:55)
	at CreateStore.run(CreateStore:46)
	at com.kms.katalon.core.main.ScriptEngine.run(ScriptEngine.java:194)
	at com.kms.katalon.core.main.ScriptEngine.runScriptAsRawText(ScriptEngine.java:119)
	at com.kms.katalon.core.main.TestCaseExecutor.runScript(TestCaseExecutor.java:448)
	at com.kms.katalon.core.main.TestCaseExecutor.doExecute(TestCaseExecutor.java:439)
	at com.kms.katalon.core.main.TestCaseExecutor.processExecutionPhase(TestCaseExecutor.java:418)
	at com.kms.katalon.core.main.TestCaseExecutor.accessMainPhase(TestCaseExecutor.java:410)
	at com.kms.katalon.core.main.TestCaseExecutor.execute(TestCaseExecutor.java:285)
	at com.kms.katalon.core.common.CommonExecutor.accessTestCaseMainPhase(CommonExecutor.java:65)
	at com.kms.katalon.core.main.TestSuiteExecutor.accessTestSuiteMainPhase(TestSuiteExecutor.java:151)
	at com.kms.katalon.core.main.TestSuiteExecutor.execute(TestSuiteExecutor.java:106)
	at com.kms.katalon.core.main.TestCaseMain.startTestSuite(TestCaseMain.java:185)
	at com.kms.katalon.core.main.TestCaseMain$startTestSuite$0.call(Unknown Source)
	at TempTestSuite1678162735898.run(TempTestSuite1678162735898.groovy:36)
Caused by: com.kms.katalon.core.webui.exception.WebElementNotFoundException: Web element with id: 'Object Repository/Shopify/span_product' located by '//div[@id='AppFrameNav']/div/nav/div[2]/div[2]/ul/li[3]/div/div/a/span' not found
	at com.kms.katalon.core.webui.common.WebUiCommonHelper.findWebElement(WebUiCommonHelper.java:1370)
	at com.kms.katalon.core.webui.keyword.internal.WebUIAbstractKeyword.findWebElement(WebUIAbstractKeyword.groovy:27)
	at com.kms.katalon.core.webui.keyword.builtin.ClickKeyword$_click_closure1.doCall(ClickKeyword.groovy:65)
	at com.kms.katalon.core.webui.keyword.builtin.ClickKeyword$_click_closure1.call(ClickKeyword.groovy)
	at com.kms.katalon.core.webui.keyword.internal.WebUIKeywordMain.runKeyword(WebUIKeywordMain.groovy:20)
	... 22 more]]></system-err>
      </testcase>
      <testcase name="Test Cases/Shopify/CreateStore" time="308.872" classname="Test Cases/Shopify/CreateStore" status="PASSED">
         <system-out><![CDATA[2023-03-07 13:04:10 - [TEST_CASE][PASSED] - Test Cases/Shopify/CreateStore: Test Cases/Shopify/CreateStore

2023-03-07 13:04:10 - [TEST_STEP][PASSED] - Start listener action : skipStatus: null

2023-03-07 13:04:10 - [TEST_STEP][PASSED] - map = testCaseContext.getTestCaseVariables(): null

2023-03-07 13:04:10 - [TEST_STEP][PASSED] - testcae_status = map.get("testcase_status"): null

2023-03-07 13:04:10 - [TEST_STEP][PASSED] - println(testcae_status): null

2023-03-07 13:04:10 - [TEST_STEP][PASSED] - if (testcae_status == "Passed" || testcae_status == "Failed"): null

2023-03-07 13:04:10 - [TEST_STEP][PASSED] - log = new com.kms.katalon.core.util.KeywordUtil(): null

2023-03-07 13:04:10 - [TEST_STEP][PASSED] - openBrowser(""): Browser is opened with url: ''

2023-03-07 13:04:10 - [MESSAGE][WARNING] - A browser is already opened. Closing browser and opening a new one

2023-03-07 13:04:11 - [MESSAGE][INFO] - Starting 'Chrome' driver

2023-03-07 13:04:11 - [MESSAGE][INFO] - Action delay is set to 0 milliseconds

2023-03-07 13:04:12 - [MESSAGE][PASSED] - Browser is opened with url: ''

2023-03-07 13:04:12 - [TEST_STEP][PASSED] - maximizeWindow(): Current window maximized

2023-03-07 13:04:12 - [MESSAGE][PASSED] - Current window maximized

2023-03-07 13:04:12 - [TEST_STEP][PASSED] - shopify.store.loginShopifyPartner(partner_email, partner_password, partner_id): shopify.store.loginShopifyPartner is PASSED

2023-03-07 13:04:16 - [MESSAGE][PASSED] - Navigate to 'https://partners.shopify.com/1662018/stores/new' successfully

2023-03-07 13:04:17 - [MESSAGE][PASSED] - Text 'huynh@firegroup.io' is set on object 'Object Repository/Shopify/input_email_shopify'

2023-03-07 13:04:20 - [MESSAGE][PASSED] - Object: 'Object Repository/Shopify/btn_continue_with_email' is clicked on

2023-03-07 13:04:22 - [MESSAGE][PASSED] - Text ****** has been set on object 'Object Repository/Shopify/input_password_shopify'

2023-03-07 13:04:32 - [MESSAGE][PASSED] - Object: 'Object Repository/Shopify/btn_login' is clicked on

2023-03-07 13:04:32 - [MESSAGE][PASSED] - shopify.store.loginShopifyPartner is PASSED

2023-03-07 13:04:32 - [TEST_STEP][PASSED] - shopify.store.navigateToStoreDevelop(partner_id): shopify.store.navigateToStoreDevelop is PASSED

2023-03-07 13:04:32 - [MESSAGE][PASSED] - Navigate to 'https://partners.shopify.com/1662018/stores/new?store_type=dev_preview_store&developer_preview_handle=checkout_extensibility' successfully

2023-03-07 13:04:32 - [MESSAGE][PASSED] - shopify.store.navigateToStoreDevelop is PASSED

2023-03-07 13:04:32 - [TEST_STEP][PASSED] - shopify.store.inputStoreName(store_name): shopify.store.inputStoreName is PASSED

2023-03-07 13:04:34 - [MESSAGE][PASSED] - Text 'khanh-ar-stag-1098' is set on object 'Object Repository/Shopify/input_store_name'

2023-03-07 13:04:39 - [MESSAGE][PASSED] - Delayed 5 second(s)

2023-03-07 13:04:39 - [MESSAGE][PASSED] - shopify.store.inputStoreName is PASSED

2023-03-07 13:04:39 - [TEST_STEP][PASSED] - shopify.store.clickCreateStore(): shopify.store.clickCreateStore is PASSED

2023-03-07 13:04:39 - [MESSAGE][PASSED] - Object: 'Object Repository/Shopify/btn_create_store' is clicked on

2023-03-07 13:04:39 - [MESSAGE][PASSED] - Wait for page load successfully

2023-03-07 13:04:39 - [MESSAGE][PASSED] - shopify.store.clickCreateStore is PASSED

2023-03-07 13:04:39 - [TEST_STEP][PASSED] - shopify.store.importProduct(product_file_local): shopify.store.importProduct is PASSED

2023-03-07 13:05:12 - [MESSAGE][PASSED] - Object: 'Object Repository/Shopify/span_product' is clicked on

2023-03-07 13:05:14 - [MESSAGE][PASSED] - Object: 'Object Repository/Shopify/span_import_product' is clicked on

2023-03-07 13:05:14 - [MESSAGE][PASSED] - File 'C:\Users\huynh\Documents\Socialhead\Automation\Katalon project\CreateStore\CreateStore\Data\products_export.csv' sent to object: 'Object Repository/Shopify/file_product'

2023-03-07 13:05:15 - [MESSAGE][PASSED] - Object: 'Object Repository/Shopify/span_upload_product_continue' is clicked on

2023-03-07 13:05:18 - [MESSAGE][PASSED] - Object: 'Object Repository/Shopify/btn_product_confirm_import' is clicked on

2023-03-07 13:05:48 - [MESSAGE][PASSED] - Delayed 30 second(s)

2023-03-07 13:05:48 - [MESSAGE][PASSED] - Refresh successfully

2023-03-07 13:06:03 - [MESSAGE][PASSED] - Delayed 15 second(s)

2023-03-07 13:06:03 - [MESSAGE][PASSED] - shopify.store.importProduct is PASSED

2023-03-07 13:06:03 - [TEST_STEP][PASSED] - shopify.store.clickOnMenuOnlineStore(): shopify.store.clickOnMenuOnlineStore is PASSED

2023-03-07 13:06:04 - [MESSAGE][PASSED] - Object: 'Object Repository/Shopify Store/a_onlie_store' is clicked on

2023-03-07 13:06:14 - [MESSAGE][PASSED] - Delayed 10 second(s)

2023-03-07 13:06:14 - [MESSAGE][PASSED] - shopify.store.clickOnMenuOnlineStore is PASSED

2023-03-07 13:06:14 - [TEST_STEP][PASSED] - shopify.store.clickOnImportTheme(): shopify.store.clickOnImportTheme is PASSED

2023-03-07 13:06:24 - [MESSAGE][PASSED] - Delayed 10 second(s)

2023-03-07 13:06:34 - [MESSAGE][PASSED] - Delayed 10 second(s)

2023-03-07 13:06:34 - [MESSAGE][PASSED] - Object: 'Object Repository/Shopify Store/btn_add_theme' is clicked on

2023-03-07 13:06:34 - [MESSAGE][PASSED] - shopify.store.clickOnImportTheme is PASSED

2023-03-07 13:06:34 - [TEST_STEP][PASSED] - shopify.store.innstallThemeShopifyViaUrl(theme_url, store_name): shopify.store.innstallThemeShopifyViaUrl is PASSED

2023-03-07 13:06:38 - [MESSAGE][PASSED] - Navigate to 'https://themes.shopify.com/themes/sense?shop=khanh-ar-stag-1098.myshopify.com' successfully

2023-03-07 13:06:49 - [MESSAGE][PASSED] - Object: 'Object Repository/Shopify/div_user_card_name' is clicked on

2023-03-07 13:06:53 - [MESSAGE][PASSED] - Object: 'Object Repository/Shopify Theme/a_trytheme' is clicked on

2023-03-07 13:07:24 - [MESSAGE][INFO] - Unable to find the element located by 'By.xpath: //*[@class = 'user-card__name']'. Please recheck the objects properties to make sure the desired element is located. 

2023-03-07 13:07:24 - [MESSAGE][WARNING] - [SELF-HEALING] Failed to find element with id 'Object Repository/Shopify/div_user_card_name'. Try using Self-healing.

2023-03-07 13:07:24 - [MESSAGE][WARNING] - [SELF-HEALING] Cannot find elements when the XPath is null.

2023-03-07 13:07:24 - [MESSAGE][WARNING] - [SELF-HEALING] Cannot find elements when the selector is null

2023-03-07 13:07:24 - [MESSAGE][WARNING] - Unable to click on object 'Object Repository/Shopify/div_user_card_name' (Root cause: com.kms.katalon.core.exception.StepFailedException: Unable to click on object 'Object Repository/Shopify/div_user_card_name'
	at com.kms.katalon.core.webui.keyword.internal.WebUIKeywordMain.stepFailed(WebUIKeywordMain.groovy:64)
	at com.kms.katalon.core.webui.keyword.internal.WebUIKeywordMain.runKeyword(WebUIKeywordMain.groovy:26)
	at com.kms.katalon.core.webui.keyword.builtin.ClickKeyword.click(ClickKeyword.groovy:74)
	at com.kms.katalon.core.webui.keyword.builtin.ClickKeyword.execute(ClickKeyword.groovy:40)
	at com.kms.katalon.core.keyword.internal.KeywordExecutor.executeKeywordForPlatform(KeywordExecutor.groovy:74)
	at com.kms.katalon.core.webui.keyword.WebUiBuiltInKeywords.click(WebUiBuiltInKeywords.groovy:608)
	at com.kms.katalon.core.webui.keyword.WebUiBuiltInKeywords$click$10.call(Unknown Source)
	at shopify.store.innstallThemeShopifyViaUrl(store.groovy:121)
	at shopify.store.invokeMethod(store.groovy)
	at com.kms.katalon.core.main.CustomKeywordDelegatingMetaClass.invokeStaticMethod(CustomKeywordDelegatingMetaClass.java:55)
	at CreateStore.run(CreateStore:52)
	at com.kms.katalon.core.main.ScriptEngine.run(ScriptEngine.java:194)
	at com.kms.katalon.core.main.ScriptEngine.runScriptAsRawText(ScriptEngine.java:119)
	at com.kms.katalon.core.main.TestCaseExecutor.runScript(TestCaseExecutor.java:448)
	at com.kms.katalon.core.main.TestCaseExecutor.doExecute(TestCaseExecutor.java:439)
	at com.kms.katalon.core.main.TestCaseExecutor.processExecutionPhase(TestCaseExecutor.java:418)
	at com.kms.katalon.core.main.TestCaseExecutor.accessMainPhase(TestCaseExecutor.java:410)
	at com.kms.katalon.core.main.TestCaseExecutor.execute(TestCaseExecutor.java:285)
	at com.kms.katalon.core.common.CommonExecutor.accessTestCaseMainPhase(CommonExecutor.java:65)
	at com.kms.katalon.core.main.TestSuiteExecutor.accessTestSuiteMainPhase(TestSuiteExecutor.java:151)
	at com.kms.katalon.core.main.TestSuiteExecutor.execute(TestSuiteExecutor.java:106)
	at com.kms.katalon.core.main.TestCaseMain.startTestSuite(TestCaseMain.java:185)
	at com.kms.katalon.core.main.TestCaseMain$startTestSuite$0.call(Unknown Source)
	at TempTestSuite1678162735898.run(TempTestSuite1678162735898.groovy:36)
Caused by: com.kms.katalon.core.webui.exception.WebElementNotFoundException: Web element with id: 'Object Repository/Shopify/div_user_card_name' located by '//*[@class = 'user-card__name']' not found
	at com.kms.katalon.core.webui.common.WebUiCommonHelper.findWebElement(WebUiCommonHelper.java:1370)
	at com.kms.katalon.core.webui.keyword.internal.WebUIAbstractKeyword.findWebElement(WebUIAbstractKeyword.groovy:27)
	at com.kms.katalon.core.webui.keyword.builtin.ClickKeyword$_click_closure1.doCall(ClickKeyword.groovy:65)
	at com.kms.katalon.core.webui.keyword.builtin.ClickKeyword$_click_closure1.call(ClickKeyword.groovy)
	at com.kms.katalon.core.webui.keyword.internal.WebUIKeywordMain.runKeyword(WebUIKeywordMain.groovy:20)
	at com.kms.katalon.core.webui.keyword.builtin.ClickKeyword.click(ClickKeyword.groovy:74)
	at com.kms.katalon.core.webui.keyword.builtin.ClickKeyword.execute(ClickKeyword.groovy:40)
	at com.kms.katalon.core.keyword.internal.KeywordExecutor.executeKeywordForPlatform(KeywordExecutor.groovy:74)
	at com.kms.katalon.core.webui.keyword.WebUiBuiltInKeywords.click(WebUiBuiltInKeywords.groovy:608)
	at com.kms.katalon.core.webui.keyword.WebUiBuiltInKeywords$click$10.call(Unknown Source)
	at shopify.store.innstallThemeShopifyViaUrl(store.groovy:121)
	at shopify.store.invokeMethod(store.groovy)
	at com.kms.katalon.core.main.CustomKeywordDelegatingMetaClass.invokeStaticMethod(CustomKeywordDelegatingMetaClass.java:55)
	at Script1673851860327.run(Script1673851860327.groovy:52)
	... 13 more
)
[[ATTACHMENT|C:\\Users\\huynh\\Documents\\Socialhead\\Automation\\Katalon project\\CreateStore\\CreateStore\\Reports\\20230307_111854\\Store\\Create Store\\20230307_111855\\1678169244546.png]]

2023-03-07 13:07:28 - [MESSAGE][PASSED] - Navigate to 'https://themes.shopify.com/themes/sense?shop=khanh-ar-stag-1098.myshopify.com' successfully

2023-03-07 13:07:30 - [MESSAGE][PASSED] - Object: 'Object Repository/Shopify Theme/a_trytheme' is clicked on

2023-03-07 13:07:30 - [MESSAGE][PASSED] - shopify.store.innstallThemeShopifyViaUrl is PASSED

2023-03-07 13:07:30 - [TEST_STEP][PASSED] - shopify.store.clickPublishTheme(): shopify.store.clickPublishTheme is PASSED

2023-03-07 13:08:00 - [MESSAGE][PASSED] - Delayed 30 second(s)

2023-03-07 13:08:01 - [MESSAGE][PASSED] - Refresh successfully

2023-03-07 13:08:31 - [MESSAGE][PASSED] - Delayed 30 second(s)

2023-03-07 13:08:31 - [MESSAGE][PASSED] - Object 'Object Repository/Shopify Store/btn_publish_theme' is clickable

2023-03-07 13:08:31 - [MESSAGE][PASSED] - Object: 'Object Repository/Shopify Store/btn_publish_theme' is clicked on

2023-03-07 13:08:31 - [MESSAGE][PASSED] - shopify.store.clickPublishTheme is PASSED

2023-03-07 13:08:31 - [TEST_STEP][PASSED] - shopify.store.confirmPublishTheme(): shopify.store.confirmPublishTheme is PASSED

2023-03-07 13:08:41 - [MESSAGE][PASSED] - Delayed 10 second(s)

2023-03-07 13:08:42 - [MESSAGE][PASSED] - Object: 'Object Repository/Shopify Store/btn_confirm_publish_theme' is clicked on

2023-03-07 13:08:42 - [MESSAGE][PASSED] - shopify.store.confirmPublishTheme is PASSED

2023-03-07 13:08:42 - [TEST_STEP][PASSED] - shopify.store_setting.changeStoreCurrency(currency, store_name): shopify.store_setting.changeStoreCurrency is PASSED

2023-03-07 13:08:52 - [MESSAGE][PASSED] - Delayed 10 second(s)

2023-03-07 13:08:53 - [MESSAGE][PASSED] - Navigate to 'http://khanh-ar-stag-1098.myshopify.com/admin/settings/general' successfully

2023-03-07 13:09:00 - [MESSAGE][PASSED] - All options with value 'USD' are selected in object 'Object Repository/Shopify Store/select_currency' 

2023-03-07 13:09:00 - [MESSAGE][PASSED] - shopify.store_setting.changeStoreCurrency is PASSED

2023-03-07 13:09:00 - [TEST_STEP][PASSED] - shopify.store_setting.saveStoreSetting(): shopify.store_setting.saveStoreSetting is PASSED

2023-03-07 13:09:01 - [MESSAGE][PASSED] - Object: 'Object Repository/Shopify Store/span_save_admin_setting' is clicked on

2023-03-07 13:09:01 - [MESSAGE][PASSED] - shopify.store_setting.saveStoreSetting is PASSED

2023-03-07 13:09:01 - [TEST_STEP][PASSED] - shopify.store_setting.changeStorePassword(store_name, "1"): shopify.store_setting.changeStorePassword is PASSED

2023-03-07 13:09:11 - [MESSAGE][PASSED] - Delayed 10 second(s)

2023-03-07 13:09:12 - [MESSAGE][PASSED] - Navigate to 'http://khanh-ar-stag-1098.myshopify.com/admin/online_store/preferences?tutorial=unlock' successfully

2023-03-07 13:09:19 - [MESSAGE][PASSED] - Web element with id: 'Object Repository/Shopify Store/div_loading_bar' located by 'By.xpath: //*[@id = 'AppFrameLoadingBar']' is not present after '50' second(s)

2023-03-07 13:09:19 - [MESSAGE][PASSED] - Keys '1' sent to object: 'Object Repository/Shopify Store/input_storefront_password'

2023-03-07 13:09:19 - [MESSAGE][PASSED] - Keys 'ENTER + ' sent to object: 'Object Repository/Shopify Store/input_storefront_password'

2023-03-07 13:09:19 - [MESSAGE][PASSED] - shopify.store_setting.changeStorePassword is PASSED

2023-03-07 13:09:19 - [TEST_STEP][PASSED] - Start tear down : teardownIfPassed: Method 'teardownIfPassed' complete successfully

2023-03-07 13:09:19 - [TEST_STEP][PASSED] - data.excel.updateValueToSheet(file_data, "store", 4, store_name, 7, "Passed"): data.excel.updateValueToSheet is PASSED

2023-03-07 13:09:19 - [MESSAGE][PASSED] - data.excel.updateValueToSheet is PASSED

2023-03-07 13:09:19 - [MESSAGE][PASSED] - Method 'teardownIfPassed' complete successfully]]></system-out>
         <system-err><![CDATA[]]></system-err>
      </testcase>
      <testcase name="Test Cases/Shopify/CreateStore" time="286.909" classname="Test Cases/Shopify/CreateStore" status="FAILED">
         <failure type="FAILED" message="Test Cases/Shopify/CreateStore FAILED.
Reason:
com.kms.katalon.core.exception.StepFailedException: Unable to select option by value 'USD' of object 'Object Repository/Shopify Store/select_currency' 
	at com.kms.katalon.core.webui.keyword.internal.WebUIKeywordMain.stepFailed(WebUIKeywordMain.groovy:64)
	at com.kms.katalon.core.webui.keyword.internal.WebUIKeywordMain.runKeyword(WebUIKeywordMain.groovy:26)
	at com.kms.katalon.core.webui.keyword.builtin.SelectOptionByValueKeyword.selectOptionByValue(SelectOptionByValueKeyword.groovy:99)
	at com.kms.katalon.core.webui.keyword.builtin.SelectOptionByValueKeyword.execute(SelectOptionByValueKeyword.groovy:71)
	at com.kms.katalon.core.keyword.internal.KeywordExecutor.executeKeywordForPlatform(KeywordExecutor.groovy:74)
	at com.kms.katalon.core.webui.keyword.WebUiBuiltInKeywords.selectOptionByValue(WebUiBuiltInKeywords.groovy:1168)
	at com.kms.katalon.core.webui.keyword.WebUiBuiltInKeywords$selectOptionByValue$12.call(Unknown Source)
	at shopify.store_setting.changeStoreCurrency(store_setting.groovy:30)
	at shopify.store_setting.invokeMethod(store_setting.groovy)
	at com.kms.katalon.core.main.CustomKeywordDelegatingMetaClass.invokeStaticMethod(CustomKeywordDelegatingMetaClass.java:55)
	at CreateStore.run(CreateStore:60)
	at com.kms.katalon.core.main.ScriptEngine.run(ScriptEngine.java:194)
	at com.kms.katalon.core.main.ScriptEngine.runScriptAsRawText(ScriptEngine.java:119)
	at com.kms.katalon.core.main.TestCaseExecutor.runScript(TestCaseExecutor.java:448)
	at com.kms.katalon.core.main.TestCaseExecutor.doExecute(TestCaseExecutor.java:439)
	at com.kms.katalon.core.main.TestCaseExecutor.processExecutionPhase(TestCaseExecutor.java:418)
	at com.kms.katalon.core.main.TestCaseExecutor.accessMainPhase(TestCaseExecutor.java:410)
	at com.kms.katalon.core.main.TestCaseExecutor.execute(TestCaseExecutor.java:285)
	at com.kms.katalon.core.common.CommonExecutor.accessTestCaseMainPhase(CommonExecutor.java:65)
	at com.kms.katalon.core.main.TestSuiteExecutor.accessTestSuiteMainPhase(TestSuiteExecutor.java:151)
	at com.kms.katalon.core.main.TestSuiteExecutor.execute(TestSuiteExecutor.java:106)
	at com.kms.katalon.core.main.TestCaseMain.startTestSuite(TestCaseMain.java:185)
	at com.kms.katalon.core.main.TestCaseMain$startTestSuite$0.call(Unknown Source)
	at TempTestSuite1678162735898.run(TempTestSuite1678162735898.groovy:36)
Caused by: org.openqa.selenium.NoSuchElementException: Cannot locate option with value: USD
For documentation on this error, please visit: https://www.seleniumhq.org/exceptions/no_such_element.html
Build info: version: '3.141.59', revision: 'e82be7d358', time: '2018-11-14T08:25:53'
System info: host: 'HUYNH', ip: '172.18.224.1', os.name: 'Windows 10', os.arch: 'amd64', os.version: '10.0', java.version: '1.8.0_282'
Driver info: driver.version: unknown
	at org.openqa.selenium.support.ui.Select.findOptionsByValue(Select.java:283)
	at org.openqa.selenium.support.ui.Select.selectByValue(Select.java:186)
	at com.kms.katalon.core.webui.common.WebUiCommonHelper.selectOrDeselectOptionsByValue(WebUiCommonHelper.java:266)
	at com.kms.katalon.core.webui.keyword.builtin.SelectOptionByValueKeyword$_selectOptionByValue_closure1.doCall(SelectOptionByValueKeyword.groovy:88)
	at com.kms.katalon.core.webui.keyword.builtin.SelectOptionByValueKeyword$_selectOptionByValue_closure1.call(SelectOptionByValueKeyword.groovy)
	at com.kms.katalon.core.webui.keyword.internal.WebUIKeywordMain.runKeyword(WebUIKeywordMain.groovy:20)
	... 22 more
"/>
         <system-out><![CDATA[2023-03-07 13:09:19 - [TEST_CASE][FAILED] - Test Cases/Shopify/CreateStore: Test Cases/Shopify/CreateStore FAILED.
Reason:
com.kms.katalon.core.exception.StepFailedException: Unable to select option by value 'USD' of object 'Object Repository/Shopify Store/select_currency' 
	at com.kms.katalon.core.webui.keyword.internal.WebUIKeywordMain.stepFailed(WebUIKeywordMain.groovy:64)
	at com.kms.katalon.core.webui.keyword.internal.WebUIKeywordMain.runKeyword(WebUIKeywordMain.groovy:26)
	at com.kms.katalon.core.webui.keyword.builtin.SelectOptionByValueKeyword.selectOptionByValue(SelectOptionByValueKeyword.groovy:99)
	at com.kms.katalon.core.webui.keyword.builtin.SelectOptionByValueKeyword.execute(SelectOptionByValueKeyword.groovy:71)
	at com.kms.katalon.core.keyword.internal.KeywordExecutor.executeKeywordForPlatform(KeywordExecutor.groovy:74)
	at com.kms.katalon.core.webui.keyword.WebUiBuiltInKeywords.selectOptionByValue(WebUiBuiltInKeywords.groovy:1168)
	at com.kms.katalon.core.webui.keyword.WebUiBuiltInKeywords$selectOptionByValue$12.call(Unknown Source)
	at shopify.store_setting.changeStoreCurrency(store_setting.groovy:30)
	at shopify.store_setting.invokeMethod(store_setting.groovy)
	at com.kms.katalon.core.main.CustomKeywordDelegatingMetaClass.invokeStaticMethod(CustomKeywordDelegatingMetaClass.java:55)
	at CreateStore.run(CreateStore:60)
	at com.kms.katalon.core.main.ScriptEngine.run(ScriptEngine.java:194)
	at com.kms.katalon.core.main.ScriptEngine.runScriptAsRawText(ScriptEngine.java:119)
	at com.kms.katalon.core.main.TestCaseExecutor.runScript(TestCaseExecutor.java:448)
	at com.kms.katalon.core.main.TestCaseExecutor.doExecute(TestCaseExecutor.java:439)
	at com.kms.katalon.core.main.TestCaseExecutor.processExecutionPhase(TestCaseExecutor.java:418)
	at com.kms.katalon.core.main.TestCaseExecutor.accessMainPhase(TestCaseExecutor.java:410)
	at com.kms.katalon.core.main.TestCaseExecutor.execute(TestCaseExecutor.java:285)
	at com.kms.katalon.core.common.CommonExecutor.accessTestCaseMainPhase(CommonExecutor.java:65)
	at com.kms.katalon.core.main.TestSuiteExecutor.accessTestSuiteMainPhase(TestSuiteExecutor.java:151)
	at com.kms.katalon.core.main.TestSuiteExecutor.execute(TestSuiteExecutor.java:106)
	at com.kms.katalon.core.main.TestCaseMain.startTestSuite(TestCaseMain.java:185)
	at com.kms.katalon.core.main.TestCaseMain$startTestSuite$0.call(Unknown Source)
	at TempTestSuite1678162735898.run(TempTestSuite1678162735898.groovy:36)
Caused by: org.openqa.selenium.NoSuchElementException: Cannot locate option with value: USD
For documentation on this error, please visit: https://www.seleniumhq.org/exceptions/no_such_element.html
Build info: version: '3.141.59', revision: 'e82be7d358', time: '2018-11-14T08:25:53'
System info: host: 'HUYNH', ip: '172.18.224.1', os.name: 'Windows 10', os.arch: 'amd64', os.version: '10.0', java.version: '1.8.0_282'
Driver info: driver.version: unknown
	at org.openqa.selenium.support.ui.Select.findOptionsByValue(Select.java:283)
	at org.openqa.selenium.support.ui.Select.selectByValue(Select.java:186)
	at com.kms.katalon.core.webui.common.WebUiCommonHelper.selectOrDeselectOptionsByValue(WebUiCommonHelper.java:266)
	at com.kms.katalon.core.webui.keyword.builtin.SelectOptionByValueKeyword$_selectOptionByValue_closure1.doCall(SelectOptionByValueKeyword.groovy:88)
	at com.kms.katalon.core.webui.keyword.builtin.SelectOptionByValueKeyword$_selectOptionByValue_closure1.call(SelectOptionByValueKeyword.groovy)
	at com.kms.katalon.core.webui.keyword.internal.WebUIKeywordMain.runKeyword(WebUIKeywordMain.groovy:20)
	... 22 more


2023-03-07 13:09:19 - [TEST_STEP][PASSED] - Start listener action : skipStatus: null

2023-03-07 13:09:19 - [TEST_STEP][PASSED] - map = testCaseContext.getTestCaseVariables(): null

2023-03-07 13:09:19 - [TEST_STEP][PASSED] - testcae_status = map.get("testcase_status"): null

2023-03-07 13:09:19 - [TEST_STEP][PASSED] - println(testcae_status): null

2023-03-07 13:09:19 - [TEST_STEP][PASSED] - if (testcae_status == "Passed" || testcae_status == "Failed"): null

2023-03-07 13:09:19 - [TEST_STEP][PASSED] - log = new com.kms.katalon.core.util.KeywordUtil(): null

2023-03-07 13:09:19 - [TEST_STEP][PASSED] - openBrowser(""): Browser is opened with url: ''

2023-03-07 13:09:19 - [MESSAGE][WARNING] - A browser is already opened. Closing browser and opening a new one

2023-03-07 13:09:20 - [MESSAGE][INFO] - Starting 'Chrome' driver

2023-03-07 13:09:20 - [MESSAGE][INFO] - Action delay is set to 0 milliseconds

2023-03-07 13:09:21 - [MESSAGE][PASSED] - Browser is opened with url: ''

2023-03-07 13:09:21 - [TEST_STEP][PASSED] - maximizeWindow(): Current window maximized

2023-03-07 13:09:21 - [MESSAGE][PASSED] - Current window maximized

2023-03-07 13:09:21 - [TEST_STEP][PASSED] - shopify.store.loginShopifyPartner(partner_email, partner_password, partner_id): shopify.store.loginShopifyPartner is PASSED

2023-03-07 13:09:28 - [MESSAGE][PASSED] - Navigate to 'https://partners.shopify.com/1662018/stores/new' successfully

2023-03-07 13:09:28 - [MESSAGE][PASSED] - Text 'huynh@firegroup.io' is set on object 'Object Repository/Shopify/input_email_shopify'

2023-03-07 13:09:31 - [MESSAGE][PASSED] - Object: 'Object Repository/Shopify/btn_continue_with_email' is clicked on

2023-03-07 13:09:33 - [MESSAGE][PASSED] - Text ****** has been set on object 'Object Repository/Shopify/input_password_shopify'

2023-03-07 13:09:41 - [MESSAGE][PASSED] - Object: 'Object Repository/Shopify/btn_login' is clicked on

2023-03-07 13:09:41 - [MESSAGE][PASSED] - shopify.store.loginShopifyPartner is PASSED

2023-03-07 13:09:41 - [TEST_STEP][PASSED] - shopify.store.navigateToStoreDevelop(partner_id): shopify.store.navigateToStoreDevelop is PASSED

2023-03-07 13:09:42 - [MESSAGE][PASSED] - Navigate to 'https://partners.shopify.com/1662018/stores/new?store_type=dev_preview_store&developer_preview_handle=checkout_extensibility' successfully

2023-03-07 13:09:42 - [MESSAGE][PASSED] - shopify.store.navigateToStoreDevelop is PASSED

2023-03-07 13:09:42 - [TEST_STEP][PASSED] - shopify.store.inputStoreName(store_name): shopify.store.inputStoreName is PASSED

2023-03-07 13:09:44 - [MESSAGE][PASSED] - Text 'khanh-ar-stag-1099' is set on object 'Object Repository/Shopify/input_store_name'

2023-03-07 13:09:49 - [MESSAGE][PASSED] - Delayed 5 second(s)

2023-03-07 13:09:49 - [MESSAGE][PASSED] - shopify.store.inputStoreName is PASSED

2023-03-07 13:09:49 - [TEST_STEP][PASSED] - shopify.store.clickCreateStore(): shopify.store.clickCreateStore is PASSED

2023-03-07 13:09:49 - [MESSAGE][PASSED] - Object: 'Object Repository/Shopify/btn_create_store' is clicked on

2023-03-07 13:09:49 - [MESSAGE][PASSED] - Wait for page load successfully

2023-03-07 13:09:49 - [MESSAGE][PASSED] - shopify.store.clickCreateStore is PASSED

2023-03-07 13:09:49 - [TEST_STEP][PASSED] - shopify.store.importProduct(product_file_local): shopify.store.importProduct is PASSED

2023-03-07 13:10:19 - [MESSAGE][PASSED] - Object: 'Object Repository/Shopify/span_product' is clicked on

2023-03-07 13:10:21 - [MESSAGE][PASSED] - Object: 'Object Repository/Shopify/span_import_product' is clicked on

2023-03-07 13:10:21 - [MESSAGE][PASSED] - File 'C:\Users\huynh\Documents\Socialhead\Automation\Katalon project\CreateStore\CreateStore\Data\products_export.csv' sent to object: 'Object Repository/Shopify/file_product'

2023-03-07 13:10:22 - [MESSAGE][PASSED] - Object: 'Object Repository/Shopify/span_upload_product_continue' is clicked on

2023-03-07 13:10:25 - [MESSAGE][PASSED] - Object: 'Object Repository/Shopify/btn_product_confirm_import' is clicked on

2023-03-07 13:10:55 - [MESSAGE][PASSED] - Delayed 30 second(s)

2023-03-07 13:10:56 - [MESSAGE][PASSED] - Refresh successfully

2023-03-07 13:11:11 - [MESSAGE][PASSED] - Delayed 15 second(s)

2023-03-07 13:11:11 - [MESSAGE][PASSED] - shopify.store.importProduct is PASSED

2023-03-07 13:11:11 - [TEST_STEP][PASSED] - shopify.store.clickOnMenuOnlineStore(): shopify.store.clickOnMenuOnlineStore is PASSED

2023-03-07 13:11:11 - [MESSAGE][PASSED] - Object: 'Object Repository/Shopify Store/a_onlie_store' is clicked on

2023-03-07 13:11:21 - [MESSAGE][PASSED] - Delayed 10 second(s)

2023-03-07 13:11:21 - [MESSAGE][PASSED] - shopify.store.clickOnMenuOnlineStore is PASSED

2023-03-07 13:11:21 - [TEST_STEP][PASSED] - shopify.store.clickOnImportTheme(): shopify.store.clickOnImportTheme is PASSED

2023-03-07 13:11:31 - [MESSAGE][PASSED] - Delayed 10 second(s)

2023-03-07 13:11:41 - [MESSAGE][PASSED] - Delayed 10 second(s)

2023-03-07 13:11:42 - [MESSAGE][PASSED] - Object: 'Object Repository/Shopify Store/btn_add_theme' is clicked on

2023-03-07 13:11:42 - [MESSAGE][PASSED] - shopify.store.clickOnImportTheme is PASSED

2023-03-07 13:11:42 - [TEST_STEP][PASSED] - shopify.store.innstallThemeShopifyViaUrl(theme_url, store_name): shopify.store.innstallThemeShopifyViaUrl is PASSED

2023-03-07 13:11:45 - [MESSAGE][PASSED] - Navigate to 'https://themes.shopify.com/themes/sense?shop=khanh-ar-stag-1099.myshopify.com' successfully

2023-03-07 13:11:55 - [MESSAGE][PASSED] - Object: 'Object Repository/Shopify/div_user_card_name' is clicked on

2023-03-07 13:11:58 - [MESSAGE][PASSED] - Object: 'Object Repository/Shopify Theme/a_trytheme' is clicked on

2023-03-07 13:12:30 - [MESSAGE][INFO] - Unable to find the element located by 'By.xpath: //*[@class = 'user-card__name']'. Please recheck the objects properties to make sure the desired element is located. 

2023-03-07 13:12:30 - [MESSAGE][WARNING] - [SELF-HEALING] Failed to find element with id 'Object Repository/Shopify/div_user_card_name'. Try using Self-healing.

2023-03-07 13:12:30 - [MESSAGE][WARNING] - [SELF-HEALING] Cannot find elements when the XPath is null.

2023-03-07 13:12:30 - [MESSAGE][WARNING] - [SELF-HEALING] Cannot find elements when the selector is null

2023-03-07 13:12:30 - [MESSAGE][WARNING] - Unable to click on object 'Object Repository/Shopify/div_user_card_name' (Root cause: com.kms.katalon.core.exception.StepFailedException: Unable to click on object 'Object Repository/Shopify/div_user_card_name'
	at com.kms.katalon.core.webui.keyword.internal.WebUIKeywordMain.stepFailed(WebUIKeywordMain.groovy:64)
	at com.kms.katalon.core.webui.keyword.internal.WebUIKeywordMain.runKeyword(WebUIKeywordMain.groovy:26)
	at com.kms.katalon.core.webui.keyword.builtin.ClickKeyword.click(ClickKeyword.groovy:74)
	at com.kms.katalon.core.webui.keyword.builtin.ClickKeyword.execute(ClickKeyword.groovy:40)
	at com.kms.katalon.core.keyword.internal.KeywordExecutor.executeKeywordForPlatform(KeywordExecutor.groovy:74)
	at com.kms.katalon.core.webui.keyword.WebUiBuiltInKeywords.click(WebUiBuiltInKeywords.groovy:608)
	at com.kms.katalon.core.webui.keyword.WebUiBuiltInKeywords$click$10.call(Unknown Source)
	at shopify.store.innstallThemeShopifyViaUrl(store.groovy:121)
	at shopify.store.invokeMethod(store.groovy)
	at com.kms.katalon.core.main.CustomKeywordDelegatingMetaClass.invokeStaticMethod(CustomKeywordDelegatingMetaClass.java:55)
	at CreateStore.run(CreateStore:52)
	at com.kms.katalon.core.main.ScriptEngine.run(ScriptEngine.java:194)
	at com.kms.katalon.core.main.ScriptEngine.runScriptAsRawText(ScriptEngine.java:119)
	at com.kms.katalon.core.main.TestCaseExecutor.runScript(TestCaseExecutor.java:448)
	at com.kms.katalon.core.main.TestCaseExecutor.doExecute(TestCaseExecutor.java:439)
	at com.kms.katalon.core.main.TestCaseExecutor.processExecutionPhase(TestCaseExecutor.java:418)
	at com.kms.katalon.core.main.TestCaseExecutor.accessMainPhase(TestCaseExecutor.java:410)
	at com.kms.katalon.core.main.TestCaseExecutor.execute(TestCaseExecutor.java:285)
	at com.kms.katalon.core.common.CommonExecutor.accessTestCaseMainPhase(CommonExecutor.java:65)
	at com.kms.katalon.core.main.TestSuiteExecutor.accessTestSuiteMainPhase(TestSuiteExecutor.java:151)
	at com.kms.katalon.core.main.TestSuiteExecutor.execute(TestSuiteExecutor.java:106)
	at com.kms.katalon.core.main.TestCaseMain.startTestSuite(TestCaseMain.java:185)
	at com.kms.katalon.core.main.TestCaseMain$startTestSuite$0.call(Unknown Source)
	at TempTestSuite1678162735898.run(TempTestSuite1678162735898.groovy:36)
Caused by: com.kms.katalon.core.webui.exception.WebElementNotFoundException: Web element with id: 'Object Repository/Shopify/div_user_card_name' located by '//*[@class = 'user-card__name']' not found
	at com.kms.katalon.core.webui.common.WebUiCommonHelper.findWebElement(WebUiCommonHelper.java:1370)
	at com.kms.katalon.core.webui.keyword.internal.WebUIAbstractKeyword.findWebElement(WebUIAbstractKeyword.groovy:27)
	at com.kms.katalon.core.webui.keyword.builtin.ClickKeyword$_click_closure1.doCall(ClickKeyword.groovy:65)
	at com.kms.katalon.core.webui.keyword.builtin.ClickKeyword$_click_closure1.call(ClickKeyword.groovy)
	at com.kms.katalon.core.webui.keyword.internal.WebUIKeywordMain.runKeyword(WebUIKeywordMain.groovy:20)
	at com.kms.katalon.core.webui.keyword.builtin.ClickKeyword.click(ClickKeyword.groovy:74)
	at com.kms.katalon.core.webui.keyword.builtin.ClickKeyword.execute(ClickKeyword.groovy:40)
	at com.kms.katalon.core.keyword.internal.KeywordExecutor.executeKeywordForPlatform(KeywordExecutor.groovy:74)
	at com.kms.katalon.core.webui.keyword.WebUiBuiltInKeywords.click(WebUiBuiltInKeywords.groovy:608)
	at com.kms.katalon.core.webui.keyword.WebUiBuiltInKeywords$click$10.call(Unknown Source)
	at shopify.store.innstallThemeShopifyViaUrl(store.groovy:121)
	at shopify.store.invokeMethod(store.groovy)
	at com.kms.katalon.core.main.CustomKeywordDelegatingMetaClass.invokeStaticMethod(CustomKeywordDelegatingMetaClass.java:55)
	at Script1673851860327.run(Script1673851860327.groovy:52)
	... 13 more
)
[[ATTACHMENT|C:\\Users\\huynh\\Documents\\Socialhead\\Automation\\Katalon project\\CreateStore\\CreateStore\\Reports\\20230307_111854\\Store\\Create Store\\20230307_111855\\1678169550130.png]]

2023-03-07 13:12:33 - [MESSAGE][PASSED] - Navigate to 'https://themes.shopify.com/themes/sense?shop=khanh-ar-stag-1099.myshopify.com' successfully

2023-03-07 13:12:35 - [MESSAGE][PASSED] - Object: 'Object Repository/Shopify Theme/a_trytheme' is clicked on

2023-03-07 13:12:35 - [MESSAGE][PASSED] - shopify.store.innstallThemeShopifyViaUrl is PASSED

2023-03-07 13:12:35 - [TEST_STEP][PASSED] - shopify.store.clickPublishTheme(): shopify.store.clickPublishTheme is PASSED

2023-03-07 13:13:05 - [MESSAGE][PASSED] - Delayed 30 second(s)

2023-03-07 13:13:06 - [MESSAGE][PASSED] - Refresh successfully

2023-03-07 13:13:36 - [MESSAGE][PASSED] - Delayed 30 second(s)

2023-03-07 13:13:36 - [MESSAGE][PASSED] - Object 'Object Repository/Shopify Store/btn_publish_theme' is clickable

2023-03-07 13:13:36 - [MESSAGE][PASSED] - Object: 'Object Repository/Shopify Store/btn_publish_theme' is clicked on

2023-03-07 13:13:36 - [MESSAGE][PASSED] - shopify.store.clickPublishTheme is PASSED

2023-03-07 13:13:36 - [TEST_STEP][PASSED] - shopify.store.confirmPublishTheme(): shopify.store.confirmPublishTheme is PASSED

2023-03-07 13:13:46 - [MESSAGE][PASSED] - Delayed 10 second(s)

2023-03-07 13:13:47 - [MESSAGE][PASSED] - Object: 'Object Repository/Shopify Store/btn_confirm_publish_theme' is clicked on

2023-03-07 13:13:47 - [MESSAGE][PASSED] - shopify.store.confirmPublishTheme is PASSED

2023-03-07 13:13:47 - [TEST_STEP][FAILED] - shopify.store_setting.changeStoreCurrency(currency, store_name): Unable to select option by value 'USD' of object 'Object Repository/Shopify Store/select_currency' 

2023-03-07 13:13:57 - [MESSAGE][PASSED] - Delayed 10 second(s)

2023-03-07 13:13:58 - [MESSAGE][PASSED] - Navigate to 'http://khanh-ar-stag-1099.myshopify.com/admin/settings/general' successfully

2023-03-07 13:14:06 - [MESSAGE][FAILED] - Unable to select option by value 'USD' of object 'Object Repository/Shopify Store/select_currency'  (Root cause: com.kms.katalon.core.exception.StepFailedException: Unable to select option by value 'USD' of object 'Object Repository/Shopify Store/select_currency' 
	at com.kms.katalon.core.webui.keyword.internal.WebUIKeywordMain.stepFailed(WebUIKeywordMain.groovy:64)
	at com.kms.katalon.core.webui.keyword.internal.WebUIKeywordMain.runKeyword(WebUIKeywordMain.groovy:26)
	at com.kms.katalon.core.webui.keyword.builtin.SelectOptionByValueKeyword.selectOptionByValue(SelectOptionByValueKeyword.groovy:99)
	at com.kms.katalon.core.webui.keyword.builtin.SelectOptionByValueKeyword.execute(SelectOptionByValueKeyword.groovy:71)
	at com.kms.katalon.core.keyword.internal.KeywordExecutor.executeKeywordForPlatform(KeywordExecutor.groovy:74)
	at com.kms.katalon.core.webui.keyword.WebUiBuiltInKeywords.selectOptionByValue(WebUiBuiltInKeywords.groovy:1168)
	at com.kms.katalon.core.webui.keyword.WebUiBuiltInKeywords$selectOptionByValue$12.call(Unknown Source)
	at shopify.store_setting.changeStoreCurrency(store_setting.groovy:30)
	at shopify.store_setting.invokeMethod(store_setting.groovy)
	at com.kms.katalon.core.main.CustomKeywordDelegatingMetaClass.invokeStaticMethod(CustomKeywordDelegatingMetaClass.java:55)
	at CreateStore.run(CreateStore:60)
	at com.kms.katalon.core.main.ScriptEngine.run(ScriptEngine.java:194)
	at com.kms.katalon.core.main.ScriptEngine.runScriptAsRawText(ScriptEngine.java:119)
	at com.kms.katalon.core.main.TestCaseExecutor.runScript(TestCaseExecutor.java:448)
	at com.kms.katalon.core.main.TestCaseExecutor.doExecute(TestCaseExecutor.java:439)
	at com.kms.katalon.core.main.TestCaseExecutor.processExecutionPhase(TestCaseExecutor.java:418)
	at com.kms.katalon.core.main.TestCaseExecutor.accessMainPhase(TestCaseExecutor.java:410)
	at com.kms.katalon.core.main.TestCaseExecutor.execute(TestCaseExecutor.java:285)
	at com.kms.katalon.core.common.CommonExecutor.accessTestCaseMainPhase(CommonExecutor.java:65)
	at com.kms.katalon.core.main.TestSuiteExecutor.accessTestSuiteMainPhase(TestSuiteExecutor.java:151)
	at com.kms.katalon.core.main.TestSuiteExecutor.execute(TestSuiteExecutor.java:106)
	at com.kms.katalon.core.main.TestCaseMain.startTestSuite(TestCaseMain.java:185)
	at com.kms.katalon.core.main.TestCaseMain$startTestSuite$0.call(Unknown Source)
	at TempTestSuite1678162735898.run(TempTestSuite1678162735898.groovy:36)
Caused by: org.openqa.selenium.NoSuchElementException: Cannot locate option with value: USD
For documentation on this error, please visit: https://www.seleniumhq.org/exceptions/no_such_element.html
Build info: version: '3.141.59', revision: 'e82be7d358', time: '2018-11-14T08:25:53'
System info: host: 'HUYNH', ip: '172.18.224.1', os.name: 'Windows 10', os.arch: 'amd64', os.version: '10.0', java.version: '1.8.0_282'
Driver info: driver.version: unknown
	at org.openqa.selenium.support.ui.Select.findOptionsByValue(Select.java:283)
	at org.openqa.selenium.support.ui.Select.selectByValue(Select.java:186)
	at com.kms.katalon.core.webui.common.WebUiCommonHelper.selectOrDeselectOptionsByValue(WebUiCommonHelper.java:266)
	at com.kms.katalon.core.webui.keyword.builtin.SelectOptionByValueKeyword$_selectOptionByValue_closure1.doCall(SelectOptionByValueKeyword.groovy:88)
	at com.kms.katalon.core.webui.keyword.builtin.SelectOptionByValueKeyword$_selectOptionByValue_closure1.call(SelectOptionByValueKeyword.groovy)
	at com.kms.katalon.core.webui.keyword.internal.WebUIKeywordMain.runKeyword(WebUIKeywordMain.groovy:20)
	at com.kms.katalon.core.webui.keyword.builtin.SelectOptionByValueKeyword.selectOptionByValue(SelectOptionByValueKeyword.groovy:99)
	at com.kms.katalon.core.webui.keyword.builtin.SelectOptionByValueKeyword.execute(SelectOptionByValueKeyword.groovy:71)
	at com.kms.katalon.core.keyword.internal.KeywordExecutor.executeKeywordForPlatform(KeywordExecutor.groovy:74)
	at com.kms.katalon.core.webui.keyword.WebUiBuiltInKeywords.selectOptionByValue(WebUiBuiltInKeywords.groovy:1168)
	at com.kms.katalon.core.webui.keyword.WebUiBuiltInKeywords$selectOptionByValue$12.call(Unknown Source)
	at shopify.store_setting.changeStoreCurrency(store_setting.groovy:30)
	at shopify.store_setting.invokeMethod(store_setting.groovy)
	at com.kms.katalon.core.main.CustomKeywordDelegatingMetaClass.invokeStaticMethod(CustomKeywordDelegatingMetaClass.java:55)
	at Script1673851860327.run(Script1673851860327.groovy:60)
	... 13 more
)
[[ATTACHMENT|C:\\Users\\huynh\\Documents\\Socialhead\\Automation\\Katalon project\\CreateStore\\CreateStore\\Reports\\20230307_111854\\Store\\Create Store\\20230307_111855\\1678169646540.png]]

2023-03-07 13:14:06 - [MESSAGE][FAILED] - Unable to select option by value 'USD' of object 'Object Repository/Shopify Store/select_currency' 

2023-03-07 13:14:06 - [TEST_STEP][PASSED] - Start tear down : teardownIfFailed: Method 'teardownIfFailed' complete successfully

2023-03-07 13:14:06 - [TEST_STEP][PASSED] - data.excel.updateValueToSheet(file_data, "store", 4, store_name, 7, "Failed"): data.excel.updateValueToSheet is PASSED

2023-03-07 13:14:06 - [MESSAGE][PASSED] - data.excel.updateValueToSheet is PASSED

2023-03-07 13:14:06 - [MESSAGE][PASSED] - Method 'teardownIfFailed' complete successfully]]></system-out>
         <system-err><![CDATA[2023-03-07 13:09:19 - [TEST_CASE][FAILED] - Test Cases/Shopify/CreateStore: Test Cases/Shopify/CreateStore FAILED.
Reason:
com.kms.katalon.core.exception.StepFailedException: Unable to select option by value 'USD' of object 'Object Repository/Shopify Store/select_currency' 
	at com.kms.katalon.core.webui.keyword.internal.WebUIKeywordMain.stepFailed(WebUIKeywordMain.groovy:64)
	at com.kms.katalon.core.webui.keyword.internal.WebUIKeywordMain.runKeyword(WebUIKeywordMain.groovy:26)
	at com.kms.katalon.core.webui.keyword.builtin.SelectOptionByValueKeyword.selectOptionByValue(SelectOptionByValueKeyword.groovy:99)
	at com.kms.katalon.core.webui.keyword.builtin.SelectOptionByValueKeyword.execute(SelectOptionByValueKeyword.groovy:71)
	at com.kms.katalon.core.keyword.internal.KeywordExecutor.executeKeywordForPlatform(KeywordExecutor.groovy:74)
	at com.kms.katalon.core.webui.keyword.WebUiBuiltInKeywords.selectOptionByValue(WebUiBuiltInKeywords.groovy:1168)
	at com.kms.katalon.core.webui.keyword.WebUiBuiltInKeywords$selectOptionByValue$12.call(Unknown Source)
	at shopify.store_setting.changeStoreCurrency(store_setting.groovy:30)
	at shopify.store_setting.invokeMethod(store_setting.groovy)
	at com.kms.katalon.core.main.CustomKeywordDelegatingMetaClass.invokeStaticMethod(CustomKeywordDelegatingMetaClass.java:55)
	at CreateStore.run(CreateStore:60)
	at com.kms.katalon.core.main.ScriptEngine.run(ScriptEngine.java:194)
	at com.kms.katalon.core.main.ScriptEngine.runScriptAsRawText(ScriptEngine.java:119)
	at com.kms.katalon.core.main.TestCaseExecutor.runScript(TestCaseExecutor.java:448)
	at com.kms.katalon.core.main.TestCaseExecutor.doExecute(TestCaseExecutor.java:439)
	at com.kms.katalon.core.main.TestCaseExecutor.processExecutionPhase(TestCaseExecutor.java:418)
	at com.kms.katalon.core.main.TestCaseExecutor.accessMainPhase(TestCaseExecutor.java:410)
	at com.kms.katalon.core.main.TestCaseExecutor.execute(TestCaseExecutor.java:285)
	at com.kms.katalon.core.common.CommonExecutor.accessTestCaseMainPhase(CommonExecutor.java:65)
	at com.kms.katalon.core.main.TestSuiteExecutor.accessTestSuiteMainPhase(TestSuiteExecutor.java:151)
	at com.kms.katalon.core.main.TestSuiteExecutor.execute(TestSuiteExecutor.java:106)
	at com.kms.katalon.core.main.TestCaseMain.startTestSuite(TestCaseMain.java:185)
	at com.kms.katalon.core.main.TestCaseMain$startTestSuite$0.call(Unknown Source)
	at TempTestSuite1678162735898.run(TempTestSuite1678162735898.groovy:36)
Caused by: org.openqa.selenium.NoSuchElementException: Cannot locate option with value: USD
For documentation on this error, please visit: https://www.seleniumhq.org/exceptions/no_such_element.html
Build info: version: '3.141.59', revision: 'e82be7d358', time: '2018-11-14T08:25:53'
System info: host: 'HUYNH', ip: '172.18.224.1', os.name: 'Windows 10', os.arch: 'amd64', os.version: '10.0', java.version: '1.8.0_282'
Driver info: driver.version: unknown
	at org.openqa.selenium.support.ui.Select.findOptionsByValue(Select.java:283)
	at org.openqa.selenium.support.ui.Select.selectByValue(Select.java:186)
	at com.kms.katalon.core.webui.common.WebUiCommonHelper.selectOrDeselectOptionsByValue(WebUiCommonHelper.java:266)
	at com.kms.katalon.core.webui.keyword.builtin.SelectOptionByValueKeyword$_selectOptionByValue_closure1.doCall(SelectOptionByValueKeyword.groovy:88)
	at com.kms.katalon.core.webui.keyword.builtin.SelectOptionByValueKeyword$_selectOptionByValue_closure1.call(SelectOptionByValueKeyword.groovy)
	at com.kms.katalon.core.webui.keyword.internal.WebUIKeywordMain.runKeyword(WebUIKeywordMain.groovy:20)
	... 22 more]]></system-err>
      </testcase>
      <testcase name="Test Cases/Shopify/CreateStore" time="188.117" classname="Test Cases/Shopify/CreateStore" status="FAILED">
         <failure type="FAILED" message="Test Cases/Shopify/CreateStore FAILED.
Reason:
com.kms.katalon.core.exception.StepFailedException: Unable to click on object 'Object Repository/Shopify Theme/a_trytheme'
	at com.kms.katalon.core.webui.keyword.internal.WebUIKeywordMain.stepFailed(WebUIKeywordMain.groovy:64)
	at com.kms.katalon.core.webui.keyword.internal.WebUIKeywordMain.runKeyword(WebUIKeywordMain.groovy:26)
	at com.kms.katalon.core.webui.keyword.builtin.ClickKeyword.click(ClickKeyword.groovy:74)
	at com.kms.katalon.core.webui.keyword.builtin.ClickKeyword.execute(ClickKeyword.groovy:40)
	at com.kms.katalon.core.keyword.internal.KeywordExecutor.executeKeywordForPlatform(KeywordExecutor.groovy:74)
	at com.kms.katalon.core.webui.keyword.WebUiBuiltInKeywords.click(WebUiBuiltInKeywords.groovy:620)
	at com.kms.katalon.core.webui.keyword.WebUiBuiltInKeywords$click$3.call(Unknown Source)
	at shopify.store.innstallThemeShopifyViaUrl(store.groovy:123)
	at shopify.store.invokeMethod(store.groovy)
	at com.kms.katalon.core.main.CustomKeywordDelegatingMetaClass.invokeStaticMethod(CustomKeywordDelegatingMetaClass.java:55)
	at CreateStore.run(CreateStore:52)
	at com.kms.katalon.core.main.ScriptEngine.run(ScriptEngine.java:194)
	at com.kms.katalon.core.main.ScriptEngine.runScriptAsRawText(ScriptEngine.java:119)
	at com.kms.katalon.core.main.TestCaseExecutor.runScript(TestCaseExecutor.java:448)
	at com.kms.katalon.core.main.TestCaseExecutor.doExecute(TestCaseExecutor.java:439)
	at com.kms.katalon.core.main.TestCaseExecutor.processExecutionPhase(TestCaseExecutor.java:418)
	at com.kms.katalon.core.main.TestCaseExecutor.accessMainPhase(TestCaseExecutor.java:410)
	at com.kms.katalon.core.main.TestCaseExecutor.execute(TestCaseExecutor.java:285)
	at com.kms.katalon.core.common.CommonExecutor.accessTestCaseMainPhase(CommonExecutor.java:65)
	at com.kms.katalon.core.main.TestSuiteExecutor.accessTestSuiteMainPhase(TestSuiteExecutor.java:151)
	at com.kms.katalon.core.main.TestSuiteExecutor.execute(TestSuiteExecutor.java:106)
	at com.kms.katalon.core.main.TestCaseMain.startTestSuite(TestCaseMain.java:185)
	at com.kms.katalon.core.main.TestCaseMain$startTestSuite$0.call(Unknown Source)
	at TempTestSuite1678162735898.run(TempTestSuite1678162735898.groovy:36)
Caused by: com.kms.katalon.core.webui.exception.WebElementNotFoundException: Web element with id: 'Object Repository/Shopify Theme/a_trytheme' located by '//*[@id = 'AddTheme']' not found
	at com.kms.katalon.core.webui.common.WebUiCommonHelper.findWebElement(WebUiCommonHelper.java:1370)
	at com.kms.katalon.core.webui.keyword.internal.WebUIAbstractKeyword.findWebElement(WebUIAbstractKeyword.groovy:27)
	at com.kms.katalon.core.webui.keyword.builtin.ClickKeyword$_click_closure1.doCall(ClickKeyword.groovy:65)
	at com.kms.katalon.core.webui.keyword.builtin.ClickKeyword$_click_closure1.call(ClickKeyword.groovy)
	at com.kms.katalon.core.webui.keyword.internal.WebUIKeywordMain.runKeyword(WebUIKeywordMain.groovy:20)
	... 22 more
"/>
         <system-out><![CDATA[2023-03-07 13:14:06 - [TEST_CASE][FAILED] - Test Cases/Shopify/CreateStore: Test Cases/Shopify/CreateStore FAILED.
Reason:
com.kms.katalon.core.exception.StepFailedException: Unable to click on object 'Object Repository/Shopify Theme/a_trytheme'
	at com.kms.katalon.core.webui.keyword.internal.WebUIKeywordMain.stepFailed(WebUIKeywordMain.groovy:64)
	at com.kms.katalon.core.webui.keyword.internal.WebUIKeywordMain.runKeyword(WebUIKeywordMain.groovy:26)
	at com.kms.katalon.core.webui.keyword.builtin.ClickKeyword.click(ClickKeyword.groovy:74)
	at com.kms.katalon.core.webui.keyword.builtin.ClickKeyword.execute(ClickKeyword.groovy:40)
	at com.kms.katalon.core.keyword.internal.KeywordExecutor.executeKeywordForPlatform(KeywordExecutor.groovy:74)
	at com.kms.katalon.core.webui.keyword.WebUiBuiltInKeywords.click(WebUiBuiltInKeywords.groovy:620)
	at com.kms.katalon.core.webui.keyword.WebUiBuiltInKeywords$click$3.call(Unknown Source)
	at shopify.store.innstallThemeShopifyViaUrl(store.groovy:123)
	at shopify.store.invokeMethod(store.groovy)
	at com.kms.katalon.core.main.CustomKeywordDelegatingMetaClass.invokeStaticMethod(CustomKeywordDelegatingMetaClass.java:55)
	at CreateStore.run(CreateStore:52)
	at com.kms.katalon.core.main.ScriptEngine.run(ScriptEngine.java:194)
	at com.kms.katalon.core.main.ScriptEngine.runScriptAsRawText(ScriptEngine.java:119)
	at com.kms.katalon.core.main.TestCaseExecutor.runScript(TestCaseExecutor.java:448)
	at com.kms.katalon.core.main.TestCaseExecutor.doExecute(TestCaseExecutor.java:439)
	at com.kms.katalon.core.main.TestCaseExecutor.processExecutionPhase(TestCaseExecutor.java:418)
	at com.kms.katalon.core.main.TestCaseExecutor.accessMainPhase(TestCaseExecutor.java:410)
	at com.kms.katalon.core.main.TestCaseExecutor.execute(TestCaseExecutor.java:285)
	at com.kms.katalon.core.common.CommonExecutor.accessTestCaseMainPhase(CommonExecutor.java:65)
	at com.kms.katalon.core.main.TestSuiteExecutor.accessTestSuiteMainPhase(TestSuiteExecutor.java:151)
	at com.kms.katalon.core.main.TestSuiteExecutor.execute(TestSuiteExecutor.java:106)
	at com.kms.katalon.core.main.TestCaseMain.startTestSuite(TestCaseMain.java:185)
	at com.kms.katalon.core.main.TestCaseMain$startTestSuite$0.call(Unknown Source)
	at TempTestSuite1678162735898.run(TempTestSuite1678162735898.groovy:36)
Caused by: com.kms.katalon.core.webui.exception.WebElementNotFoundException: Web element with id: 'Object Repository/Shopify Theme/a_trytheme' located by '//*[@id = 'AddTheme']' not found
	at com.kms.katalon.core.webui.common.WebUiCommonHelper.findWebElement(WebUiCommonHelper.java:1370)
	at com.kms.katalon.core.webui.keyword.internal.WebUIAbstractKeyword.findWebElement(WebUIAbstractKeyword.groovy:27)
	at com.kms.katalon.core.webui.keyword.builtin.ClickKeyword$_click_closure1.doCall(ClickKeyword.groovy:65)
	at com.kms.katalon.core.webui.keyword.builtin.ClickKeyword$_click_closure1.call(ClickKeyword.groovy)
	at com.kms.katalon.core.webui.keyword.internal.WebUIKeywordMain.runKeyword(WebUIKeywordMain.groovy:20)
	... 22 more


2023-03-07 13:14:06 - [TEST_STEP][PASSED] - Start listener action : skipStatus: null

2023-03-07 13:14:06 - [TEST_STEP][PASSED] - map = testCaseContext.getTestCaseVariables(): null

2023-03-07 13:14:06 - [TEST_STEP][PASSED] - testcae_status = map.get("testcase_status"): null

2023-03-07 13:14:06 - [TEST_STEP][PASSED] - println(testcae_status): null

2023-03-07 13:14:06 - [TEST_STEP][PASSED] - if (testcae_status == "Passed" || testcae_status == "Failed"): null

2023-03-07 13:14:06 - [TEST_STEP][PASSED] - log = new com.kms.katalon.core.util.KeywordUtil(): null

2023-03-07 13:14:06 - [TEST_STEP][PASSED] - openBrowser(""): Browser is opened with url: ''

2023-03-07 13:14:06 - [MESSAGE][WARNING] - A browser is already opened. Closing browser and opening a new one

2023-03-07 13:14:07 - [MESSAGE][INFO] - Starting 'Chrome' driver

2023-03-07 13:14:07 - [MESSAGE][INFO] - Action delay is set to 0 milliseconds

2023-03-07 13:14:08 - [MESSAGE][PASSED] - Browser is opened with url: ''

2023-03-07 13:14:08 - [TEST_STEP][PASSED] - maximizeWindow(): Current window maximized

2023-03-07 13:14:08 - [MESSAGE][PASSED] - Current window maximized

2023-03-07 13:14:08 - [TEST_STEP][PASSED] - shopify.store.loginShopifyPartner(partner_email, partner_password, partner_id): shopify.store.loginShopifyPartner is PASSED

2023-03-07 13:14:12 - [MESSAGE][PASSED] - Navigate to 'https://partners.shopify.com/1662018/stores/new' successfully

2023-03-07 13:14:13 - [MESSAGE][PASSED] - Text 'huynh@firegroup.io' is set on object 'Object Repository/Shopify/input_email_shopify'

2023-03-07 13:14:16 - [MESSAGE][PASSED] - Object: 'Object Repository/Shopify/btn_continue_with_email' is clicked on

2023-03-07 13:14:18 - [MESSAGE][PASSED] - Text ****** has been set on object 'Object Repository/Shopify/input_password_shopify'

2023-03-07 13:14:23 - [MESSAGE][PASSED] - Object: 'Object Repository/Shopify/btn_login' is clicked on

2023-03-07 13:14:23 - [MESSAGE][PASSED] - shopify.store.loginShopifyPartner is PASSED

2023-03-07 13:14:23 - [TEST_STEP][PASSED] - shopify.store.navigateToStoreDevelop(partner_id): shopify.store.navigateToStoreDevelop is PASSED

2023-03-07 13:14:24 - [MESSAGE][PASSED] - Navigate to 'https://partners.shopify.com/1662018/stores/new?store_type=dev_preview_store&developer_preview_handle=checkout_extensibility' successfully

2023-03-07 13:14:24 - [MESSAGE][PASSED] - shopify.store.navigateToStoreDevelop is PASSED

2023-03-07 13:14:24 - [TEST_STEP][PASSED] - shopify.store.inputStoreName(store_name): shopify.store.inputStoreName is PASSED

2023-03-07 13:14:25 - [MESSAGE][PASSED] - Text 'khanh-ar-stag-1100' is set on object 'Object Repository/Shopify/input_store_name'

2023-03-07 13:14:30 - [MESSAGE][PASSED] - Delayed 5 second(s)

2023-03-07 13:14:30 - [MESSAGE][PASSED] - shopify.store.inputStoreName is PASSED

2023-03-07 13:14:30 - [TEST_STEP][PASSED] - shopify.store.clickCreateStore(): shopify.store.clickCreateStore is PASSED

2023-03-07 13:14:31 - [MESSAGE][PASSED] - Object: 'Object Repository/Shopify/btn_create_store' is clicked on

2023-03-07 13:14:31 - [MESSAGE][PASSED] - Wait for page load successfully

2023-03-07 13:14:31 - [MESSAGE][PASSED] - shopify.store.clickCreateStore is PASSED

2023-03-07 13:14:31 - [TEST_STEP][PASSED] - shopify.store.importProduct(product_file_local): shopify.store.importProduct is PASSED

2023-03-07 13:15:01 - [MESSAGE][PASSED] - Object: 'Object Repository/Shopify/span_product' is clicked on

2023-03-07 13:15:02 - [MESSAGE][PASSED] - Object: 'Object Repository/Shopify/span_import_product' is clicked on

2023-03-07 13:15:03 - [MESSAGE][PASSED] - File 'C:\Users\huynh\Documents\Socialhead\Automation\Katalon project\CreateStore\CreateStore\Data\products_export.csv' sent to object: 'Object Repository/Shopify/file_product'

2023-03-07 13:15:03 - [MESSAGE][PASSED] - Object: 'Object Repository/Shopify/span_upload_product_continue' is clicked on

2023-03-07 13:15:07 - [MESSAGE][PASSED] - Object: 'Object Repository/Shopify/btn_product_confirm_import' is clicked on

2023-03-07 13:15:37 - [MESSAGE][PASSED] - Delayed 30 second(s)

2023-03-07 13:15:38 - [MESSAGE][PASSED] - Refresh successfully

2023-03-07 13:15:53 - [MESSAGE][PASSED] - Delayed 15 second(s)

2023-03-07 13:15:53 - [MESSAGE][PASSED] - shopify.store.importProduct is PASSED

2023-03-07 13:15:53 - [TEST_STEP][PASSED] - shopify.store.clickOnMenuOnlineStore(): shopify.store.clickOnMenuOnlineStore is PASSED

2023-03-07 13:15:53 - [MESSAGE][PASSED] - Object: 'Object Repository/Shopify Store/a_onlie_store' is clicked on

2023-03-07 13:16:03 - [MESSAGE][PASSED] - Delayed 10 second(s)

2023-03-07 13:16:03 - [MESSAGE][PASSED] - shopify.store.clickOnMenuOnlineStore is PASSED

2023-03-07 13:16:03 - [TEST_STEP][PASSED] - shopify.store.clickOnImportTheme(): shopify.store.clickOnImportTheme is PASSED

2023-03-07 13:16:13 - [MESSAGE][PASSED] - Delayed 10 second(s)

2023-03-07 13:16:23 - [MESSAGE][PASSED] - Delayed 10 second(s)

2023-03-07 13:16:23 - [MESSAGE][PASSED] - Object: 'Object Repository/Shopify Store/btn_add_theme' is clicked on

2023-03-07 13:16:23 - [MESSAGE][PASSED] - shopify.store.clickOnImportTheme is PASSED

2023-03-07 13:16:23 - [TEST_STEP][FAILED] - shopify.store.innstallThemeShopifyViaUrl(theme_url, store_name): Unable to click on object 'Object Repository/Shopify Theme/a_trytheme'

2023-03-07 13:16:26 - [MESSAGE][PASSED] - Navigate to 'https://themes.shopify.com/themes/sense?shop=khanh-ar-stag-1100.myshopify.com' successfully

2023-03-07 13:16:31 - [MESSAGE][PASSED] - Object: 'Object Repository/Shopify/div_user_card_name' is clicked on

2023-03-07 13:16:34 - [MESSAGE][PASSED] - Object: 'Object Repository/Shopify Theme/a_trytheme' is clicked on

2023-03-07 13:16:40 - [MESSAGE][PASSED] - Object: 'Object Repository/Shopify/div_user_card_name' is clicked on

2023-03-07 13:16:43 - [MESSAGE][PASSED] - Navigate to 'https://themes.shopify.com/themes/sense?shop=khanh-ar-stag-1100.myshopify.com' successfully

2023-03-07 13:17:14 - [MESSAGE][INFO] - Unable to find the element located by 'By.xpath: //*[@id = 'AddTheme']'. Please recheck the objects properties to make sure the desired element is located. 

2023-03-07 13:17:14 - [MESSAGE][WARNING] - [SELF-HEALING] Failed to find element with id 'Object Repository/Shopify Theme/a_trytheme'. Try using Self-healing.

2023-03-07 13:17:14 - [MESSAGE][WARNING] - [SELF-HEALING] Cannot find elements when the XPath is null.

2023-03-07 13:17:14 - [MESSAGE][WARNING] - [SELF-HEALING] Cannot find elements when the selector is null

2023-03-07 13:17:14 - [MESSAGE][FAILED] - Unable to click on object 'Object Repository/Shopify Theme/a_trytheme' (Root cause: com.kms.katalon.core.exception.StepFailedException: Unable to click on object 'Object Repository/Shopify Theme/a_trytheme'
	at com.kms.katalon.core.webui.keyword.internal.WebUIKeywordMain.stepFailed(WebUIKeywordMain.groovy:64)
	at com.kms.katalon.core.webui.keyword.internal.WebUIKeywordMain.runKeyword(WebUIKeywordMain.groovy:26)
	at com.kms.katalon.core.webui.keyword.builtin.ClickKeyword.click(ClickKeyword.groovy:74)
	at com.kms.katalon.core.webui.keyword.builtin.ClickKeyword.execute(ClickKeyword.groovy:40)
	at com.kms.katalon.core.keyword.internal.KeywordExecutor.executeKeywordForPlatform(KeywordExecutor.groovy:74)
	at com.kms.katalon.core.webui.keyword.WebUiBuiltInKeywords.click(WebUiBuiltInKeywords.groovy:620)
	at com.kms.katalon.core.webui.keyword.WebUiBuiltInKeywords$click$3.call(Unknown Source)
	at shopify.store.innstallThemeShopifyViaUrl(store.groovy:123)
	at shopify.store.invokeMethod(store.groovy)
	at com.kms.katalon.core.main.CustomKeywordDelegatingMetaClass.invokeStaticMethod(CustomKeywordDelegatingMetaClass.java:55)
	at CreateStore.run(CreateStore:52)
	at com.kms.katalon.core.main.ScriptEngine.run(ScriptEngine.java:194)
	at com.kms.katalon.core.main.ScriptEngine.runScriptAsRawText(ScriptEngine.java:119)
	at com.kms.katalon.core.main.TestCaseExecutor.runScript(TestCaseExecutor.java:448)
	at com.kms.katalon.core.main.TestCaseExecutor.doExecute(TestCaseExecutor.java:439)
	at com.kms.katalon.core.main.TestCaseExecutor.processExecutionPhase(TestCaseExecutor.java:418)
	at com.kms.katalon.core.main.TestCaseExecutor.accessMainPhase(TestCaseExecutor.java:410)
	at com.kms.katalon.core.main.TestCaseExecutor.execute(TestCaseExecutor.java:285)
	at com.kms.katalon.core.common.CommonExecutor.accessTestCaseMainPhase(CommonExecutor.java:65)
	at com.kms.katalon.core.main.TestSuiteExecutor.accessTestSuiteMainPhase(TestSuiteExecutor.java:151)
	at com.kms.katalon.core.main.TestSuiteExecutor.execute(TestSuiteExecutor.java:106)
	at com.kms.katalon.core.main.TestCaseMain.startTestSuite(TestCaseMain.java:185)
	at com.kms.katalon.core.main.TestCaseMain$startTestSuite$0.call(Unknown Source)
	at TempTestSuite1678162735898.run(TempTestSuite1678162735898.groovy:36)
Caused by: com.kms.katalon.core.webui.exception.WebElementNotFoundException: Web element with id: 'Object Repository/Shopify Theme/a_trytheme' located by '//*[@id = 'AddTheme']' not found
	at com.kms.katalon.core.webui.common.WebUiCommonHelper.findWebElement(WebUiCommonHelper.java:1370)
	at com.kms.katalon.core.webui.keyword.internal.WebUIAbstractKeyword.findWebElement(WebUIAbstractKeyword.groovy:27)
	at com.kms.katalon.core.webui.keyword.builtin.ClickKeyword$_click_closure1.doCall(ClickKeyword.groovy:65)
	at com.kms.katalon.core.webui.keyword.builtin.ClickKeyword$_click_closure1.call(ClickKeyword.groovy)
	at com.kms.katalon.core.webui.keyword.internal.WebUIKeywordMain.runKeyword(WebUIKeywordMain.groovy:20)
	at com.kms.katalon.core.webui.keyword.builtin.ClickKeyword.click(ClickKeyword.groovy:74)
	at com.kms.katalon.core.webui.keyword.builtin.ClickKeyword.execute(ClickKeyword.groovy:40)
	at com.kms.katalon.core.keyword.internal.KeywordExecutor.executeKeywordForPlatform(KeywordExecutor.groovy:74)
	at com.kms.katalon.core.webui.keyword.WebUiBuiltInKeywords.click(WebUiBuiltInKeywords.groovy:620)
	at com.kms.katalon.core.webui.keyword.WebUiBuiltInKeywords$click$3.call(Unknown Source)
	at shopify.store.innstallThemeShopifyViaUrl(store.groovy:123)
	at shopify.store.invokeMethod(store.groovy)
	at com.kms.katalon.core.main.CustomKeywordDelegatingMetaClass.invokeStaticMethod(CustomKeywordDelegatingMetaClass.java:55)
	at Script1673851860327.run(Script1673851860327.groovy:52)
	... 13 more
)
[[ATTACHMENT|C:\\Users\\huynh\\Documents\\Socialhead\\Automation\\Katalon project\\CreateStore\\CreateStore\\Reports\\20230307_111854\\Store\\Create Store\\20230307_111855\\1678169834685.png]]

2023-03-07 13:17:14 - [MESSAGE][FAILED] - Unable to click on object 'Object Repository/Shopify Theme/a_trytheme'

2023-03-07 13:17:14 - [TEST_STEP][PASSED] - Start tear down : teardownIfFailed: Method 'teardownIfFailed' complete successfully

2023-03-07 13:17:14 - [TEST_STEP][PASSED] - data.excel.updateValueToSheet(file_data, "store", 4, store_name, 7, "Failed"): data.excel.updateValueToSheet is PASSED

2023-03-07 13:17:14 - [MESSAGE][PASSED] - data.excel.updateValueToSheet is PASSED

2023-03-07 13:17:14 - [MESSAGE][PASSED] - Method 'teardownIfFailed' complete successfully]]></system-out>
         <system-err><![CDATA[2023-03-07 13:14:06 - [TEST_CASE][FAILED] - Test Cases/Shopify/CreateStore: Test Cases/Shopify/CreateStore FAILED.
Reason:
com.kms.katalon.core.exception.StepFailedException: Unable to click on object 'Object Repository/Shopify Theme/a_trytheme'
	at com.kms.katalon.core.webui.keyword.internal.WebUIKeywordMain.stepFailed(WebUIKeywordMain.groovy:64)
	at com.kms.katalon.core.webui.keyword.internal.WebUIKeywordMain.runKeyword(WebUIKeywordMain.groovy:26)
	at com.kms.katalon.core.webui.keyword.builtin.ClickKeyword.click(ClickKeyword.groovy:74)
	at com.kms.katalon.core.webui.keyword.builtin.ClickKeyword.execute(ClickKeyword.groovy:40)
	at com.kms.katalon.core.keyword.internal.KeywordExecutor.executeKeywordForPlatform(KeywordExecutor.groovy:74)
	at com.kms.katalon.core.webui.keyword.WebUiBuiltInKeywords.click(WebUiBuiltInKeywords.groovy:620)
	at com.kms.katalon.core.webui.keyword.WebUiBuiltInKeywords$click$3.call(Unknown Source)
	at shopify.store.innstallThemeShopifyViaUrl(store.groovy:123)
	at shopify.store.invokeMethod(store.groovy)
	at com.kms.katalon.core.main.CustomKeywordDelegatingMetaClass.invokeStaticMethod(CustomKeywordDelegatingMetaClass.java:55)
	at CreateStore.run(CreateStore:52)
	at com.kms.katalon.core.main.ScriptEngine.run(ScriptEngine.java:194)
	at com.kms.katalon.core.main.ScriptEngine.runScriptAsRawText(ScriptEngine.java:119)
	at com.kms.katalon.core.main.TestCaseExecutor.runScript(TestCaseExecutor.java:448)
	at com.kms.katalon.core.main.TestCaseExecutor.doExecute(TestCaseExecutor.java:439)
	at com.kms.katalon.core.main.TestCaseExecutor.processExecutionPhase(TestCaseExecutor.java:418)
	at com.kms.katalon.core.main.TestCaseExecutor.accessMainPhase(TestCaseExecutor.java:410)
	at com.kms.katalon.core.main.TestCaseExecutor.execute(TestCaseExecutor.java:285)
	at com.kms.katalon.core.common.CommonExecutor.accessTestCaseMainPhase(CommonExecutor.java:65)
	at com.kms.katalon.core.main.TestSuiteExecutor.accessTestSuiteMainPhase(TestSuiteExecutor.java:151)
	at com.kms.katalon.core.main.TestSuiteExecutor.execute(TestSuiteExecutor.java:106)
	at com.kms.katalon.core.main.TestCaseMain.startTestSuite(TestCaseMain.java:185)
	at com.kms.katalon.core.main.TestCaseMain$startTestSuite$0.call(Unknown Source)
	at TempTestSuite1678162735898.run(TempTestSuite1678162735898.groovy:36)
Caused by: com.kms.katalon.core.webui.exception.WebElementNotFoundException: Web element with id: 'Object Repository/Shopify Theme/a_trytheme' located by '//*[@id = 'AddTheme']' not found
	at com.kms.katalon.core.webui.common.WebUiCommonHelper.findWebElement(WebUiCommonHelper.java:1370)
	at com.kms.katalon.core.webui.keyword.internal.WebUIAbstractKeyword.findWebElement(WebUIAbstractKeyword.groovy:27)
	at com.kms.katalon.core.webui.keyword.builtin.ClickKeyword$_click_closure1.doCall(ClickKeyword.groovy:65)
	at com.kms.katalon.core.webui.keyword.builtin.ClickKeyword$_click_closure1.call(ClickKeyword.groovy)
	at com.kms.katalon.core.webui.keyword.internal.WebUIKeywordMain.runKeyword(WebUIKeywordMain.groovy:20)
	... 22 more]]></system-err>
      </testcase>
      <testcase name="Test Cases/Shopify/CreateStore" time="56.514" classname="Test Cases/Shopify/CreateStore" status="FAILED">
         <failure type="FAILED" message="Test Cases/Shopify/CreateStore FAILED.
Reason:
com.kms.katalon.core.exception.StepFailedException: Unable to click on object 'Object Repository/Shopify/span_product'
	at com.kms.katalon.core.webui.keyword.internal.WebUIKeywordMain.stepFailed(WebUIKeywordMain.groovy:64)
	at com.kms.katalon.core.webui.keyword.internal.WebUIKeywordMain.runKeyword(WebUIKeywordMain.groovy:26)
	at com.kms.katalon.core.webui.keyword.builtin.ClickKeyword.click(ClickKeyword.groovy:74)
	at com.kms.katalon.core.webui.keyword.builtin.ClickKeyword.execute(ClickKeyword.groovy:40)
	at com.kms.katalon.core.keyword.internal.KeywordExecutor.executeKeywordForPlatform(KeywordExecutor.groovy:74)
	at com.kms.katalon.core.webui.keyword.WebUiBuiltInKeywords.click(WebUiBuiltInKeywords.groovy:620)
	at com.kms.katalon.core.webui.keyword.WebUiBuiltInKeywords$click$3.call(Unknown Source)
	at shopify.store.importProduct(store.groovy:51)
	at shopify.store.invokeMethod(store.groovy)
	at com.kms.katalon.core.main.CustomKeywordDelegatingMetaClass.invokeStaticMethod(CustomKeywordDelegatingMetaClass.java:55)
	at CreateStore.run(CreateStore:46)
	at com.kms.katalon.core.main.ScriptEngine.run(ScriptEngine.java:194)
	at com.kms.katalon.core.main.ScriptEngine.runScriptAsRawText(ScriptEngine.java:119)
	at com.kms.katalon.core.main.TestCaseExecutor.runScript(TestCaseExecutor.java:448)
	at com.kms.katalon.core.main.TestCaseExecutor.doExecute(TestCaseExecutor.java:439)
	at com.kms.katalon.core.main.TestCaseExecutor.processExecutionPhase(TestCaseExecutor.java:418)
	at com.kms.katalon.core.main.TestCaseExecutor.accessMainPhase(TestCaseExecutor.java:410)
	at com.kms.katalon.core.main.TestCaseExecutor.execute(TestCaseExecutor.java:285)
	at com.kms.katalon.core.common.CommonExecutor.accessTestCaseMainPhase(CommonExecutor.java:65)
	at com.kms.katalon.core.main.TestSuiteExecutor.accessTestSuiteMainPhase(TestSuiteExecutor.java:151)
	at com.kms.katalon.core.main.TestSuiteExecutor.execute(TestSuiteExecutor.java:106)
	at com.kms.katalon.core.main.TestCaseMain.startTestSuite(TestCaseMain.java:185)
	at com.kms.katalon.core.main.TestCaseMain$startTestSuite$0.call(Unknown Source)
	at TempTestSuite1678162735898.run(TempTestSuite1678162735898.groovy:36)
Caused by: com.kms.katalon.core.webui.exception.WebElementNotFoundException: Web element with id: 'Object Repository/Shopify/span_product' located by '//div[@id='AppFrameNav']/div/nav/div[2]/div[2]/ul/li[3]/div/div/a/span' not found
	at com.kms.katalon.core.webui.common.WebUiCommonHelper.findWebElement(WebUiCommonHelper.java:1370)
	at com.kms.katalon.core.webui.keyword.internal.WebUIAbstractKeyword.findWebElement(WebUIAbstractKeyword.groovy:27)
	at com.kms.katalon.core.webui.keyword.builtin.ClickKeyword$_click_closure1.doCall(ClickKeyword.groovy:65)
	at com.kms.katalon.core.webui.keyword.builtin.ClickKeyword$_click_closure1.call(ClickKeyword.groovy)
	at com.kms.katalon.core.webui.keyword.internal.WebUIKeywordMain.runKeyword(WebUIKeywordMain.groovy:20)
	... 22 more
"/>
         <system-out><![CDATA[2023-03-07 13:17:14 - [TEST_CASE][FAILED] - Test Cases/Shopify/CreateStore: Test Cases/Shopify/CreateStore FAILED.
Reason:
com.kms.katalon.core.exception.StepFailedException: Unable to click on object 'Object Repository/Shopify/span_product'
	at com.kms.katalon.core.webui.keyword.internal.WebUIKeywordMain.stepFailed(WebUIKeywordMain.groovy:64)
	at com.kms.katalon.core.webui.keyword.internal.WebUIKeywordMain.runKeyword(WebUIKeywordMain.groovy:26)
	at com.kms.katalon.core.webui.keyword.builtin.ClickKeyword.click(ClickKeyword.groovy:74)
	at com.kms.katalon.core.webui.keyword.builtin.ClickKeyword.execute(ClickKeyword.groovy:40)
	at com.kms.katalon.core.keyword.internal.KeywordExecutor.executeKeywordForPlatform(KeywordExecutor.groovy:74)
	at com.kms.katalon.core.webui.keyword.WebUiBuiltInKeywords.click(WebUiBuiltInKeywords.groovy:620)
	at com.kms.katalon.core.webui.keyword.WebUiBuiltInKeywords$click$3.call(Unknown Source)
	at shopify.store.importProduct(store.groovy:51)
	at shopify.store.invokeMethod(store.groovy)
	at com.kms.katalon.core.main.CustomKeywordDelegatingMetaClass.invokeStaticMethod(CustomKeywordDelegatingMetaClass.java:55)
	at CreateStore.run(CreateStore:46)
	at com.kms.katalon.core.main.ScriptEngine.run(ScriptEngine.java:194)
	at com.kms.katalon.core.main.ScriptEngine.runScriptAsRawText(ScriptEngine.java:119)
	at com.kms.katalon.core.main.TestCaseExecutor.runScript(TestCaseExecutor.java:448)
	at com.kms.katalon.core.main.TestCaseExecutor.doExecute(TestCaseExecutor.java:439)
	at com.kms.katalon.core.main.TestCaseExecutor.processExecutionPhase(TestCaseExecutor.java:418)
	at com.kms.katalon.core.main.TestCaseExecutor.accessMainPhase(TestCaseExecutor.java:410)
	at com.kms.katalon.core.main.TestCaseExecutor.execute(TestCaseExecutor.java:285)
	at com.kms.katalon.core.common.CommonExecutor.accessTestCaseMainPhase(CommonExecutor.java:65)
	at com.kms.katalon.core.main.TestSuiteExecutor.accessTestSuiteMainPhase(TestSuiteExecutor.java:151)
	at com.kms.katalon.core.main.TestSuiteExecutor.execute(TestSuiteExecutor.java:106)
	at com.kms.katalon.core.main.TestCaseMain.startTestSuite(TestCaseMain.java:185)
	at com.kms.katalon.core.main.TestCaseMain$startTestSuite$0.call(Unknown Source)
	at TempTestSuite1678162735898.run(TempTestSuite1678162735898.groovy:36)
Caused by: com.kms.katalon.core.webui.exception.WebElementNotFoundException: Web element with id: 'Object Repository/Shopify/span_product' located by '//div[@id='AppFrameNav']/div/nav/div[2]/div[2]/ul/li[3]/div/div/a/span' not found
	at com.kms.katalon.core.webui.common.WebUiCommonHelper.findWebElement(WebUiCommonHelper.java:1370)
	at com.kms.katalon.core.webui.keyword.internal.WebUIAbstractKeyword.findWebElement(WebUIAbstractKeyword.groovy:27)
	at com.kms.katalon.core.webui.keyword.builtin.ClickKeyword$_click_closure1.doCall(ClickKeyword.groovy:65)
	at com.kms.katalon.core.webui.keyword.builtin.ClickKeyword$_click_closure1.call(ClickKeyword.groovy)
	at com.kms.katalon.core.webui.keyword.internal.WebUIKeywordMain.runKeyword(WebUIKeywordMain.groovy:20)
	... 22 more


2023-03-07 13:17:14 - [TEST_STEP][PASSED] - Start listener action : skipStatus: null

2023-03-07 13:17:14 - [TEST_STEP][PASSED] - map = testCaseContext.getTestCaseVariables(): null

2023-03-07 13:17:14 - [TEST_STEP][PASSED] - testcae_status = map.get("testcase_status"): null

2023-03-07 13:17:14 - [TEST_STEP][PASSED] - println(testcae_status): null

2023-03-07 13:17:14 - [TEST_STEP][PASSED] - if (testcae_status == "Passed" || testcae_status == "Failed"): null

2023-03-07 13:17:14 - [TEST_STEP][PASSED] - log = new com.kms.katalon.core.util.KeywordUtil(): null

2023-03-07 13:17:14 - [TEST_STEP][PASSED] - openBrowser(""): Browser is opened with url: ''

2023-03-07 13:17:14 - [MESSAGE][WARNING] - A browser is already opened. Closing browser and opening a new one

2023-03-07 13:17:15 - [MESSAGE][INFO] - Starting 'Chrome' driver

2023-03-07 13:17:15 - [MESSAGE][INFO] - Action delay is set to 0 milliseconds

2023-03-07 13:17:16 - [MESSAGE][PASSED] - Browser is opened with url: ''

2023-03-07 13:17:16 - [TEST_STEP][PASSED] - maximizeWindow(): Current window maximized

2023-03-07 13:17:16 - [MESSAGE][PASSED] - Current window maximized

2023-03-07 13:17:16 - [TEST_STEP][PASSED] - shopify.store.loginShopifyPartner(partner_email, partner_password, partner_id): shopify.store.loginShopifyPartner is PASSED

2023-03-07 13:17:20 - [MESSAGE][PASSED] - Navigate to 'https://partners.shopify.com/1662018/stores/new' successfully

2023-03-07 13:17:21 - [MESSAGE][PASSED] - Text 'huynh@firegroup.io' is set on object 'Object Repository/Shopify/input_email_shopify'

2023-03-07 13:17:22 - [MESSAGE][PASSED] - Object: 'Object Repository/Shopify/btn_continue_with_email' is clicked on

2023-03-07 13:17:25 - [MESSAGE][PASSED] - Text ****** has been set on object 'Object Repository/Shopify/input_password_shopify'

2023-03-07 13:17:30 - [MESSAGE][PASSED] - Object: 'Object Repository/Shopify/btn_login' is clicked on

2023-03-07 13:17:30 - [MESSAGE][PASSED] - shopify.store.loginShopifyPartner is PASSED

2023-03-07 13:17:30 - [TEST_STEP][PASSED] - shopify.store.navigateToStoreDevelop(partner_id): shopify.store.navigateToStoreDevelop is PASSED

2023-03-07 13:17:31 - [MESSAGE][PASSED] - Navigate to 'https://partners.shopify.com/1662018/stores/new?store_type=dev_preview_store&developer_preview_handle=checkout_extensibility' successfully

2023-03-07 13:17:31 - [MESSAGE][PASSED] - shopify.store.navigateToStoreDevelop is PASSED

2023-03-07 13:17:31 - [TEST_STEP][PASSED] - shopify.store.inputStoreName(store_name): shopify.store.inputStoreName is PASSED

2023-03-07 13:17:32 - [MESSAGE][PASSED] - Text 'khanh-ar-stag-1101' is set on object 'Object Repository/Shopify/input_store_name'

2023-03-07 13:17:37 - [MESSAGE][PASSED] - Delayed 5 second(s)

2023-03-07 13:17:37 - [MESSAGE][PASSED] - shopify.store.inputStoreName is PASSED

2023-03-07 13:17:37 - [TEST_STEP][PASSED] - shopify.store.clickCreateStore(): shopify.store.clickCreateStore is PASSED

2023-03-07 13:17:38 - [MESSAGE][PASSED] - Object: 'Object Repository/Shopify/btn_create_store' is clicked on

2023-03-07 13:17:38 - [MESSAGE][PASSED] - Wait for page load successfully

2023-03-07 13:17:38 - [MESSAGE][PASSED] - shopify.store.clickCreateStore is PASSED

2023-03-07 13:17:38 - [TEST_STEP][FAILED] - shopify.store.importProduct(product_file_local): Unable to click on object 'Object Repository/Shopify/span_product'

2023-03-07 13:18:09 - [MESSAGE][INFO] - Unable to find the element located by 'By.xpath: //div[@id='AppFrameNav']/div/nav/div[2]/div[2]/ul/li[3]/div/div/a/span'. Please recheck the objects properties to make sure the desired element is located. 

2023-03-07 13:18:09 - [MESSAGE][WARNING] - [SELF-HEALING] Failed to find element with id 'Object Repository/Shopify/span_product'. Try using Self-healing.

2023-03-07 13:18:10 - [MESSAGE][INFO] - [SELF-HEALING] No working XPath is found.

2023-03-07 13:18:11 - [MESSAGE][INFO] - Unable to find the element located by 'By.xpath: '. Please recheck the objects properties to make sure the desired element is located. 

2023-03-07 13:18:11 - [MESSAGE][WARNING] - [SELF-HEALING] Cannot find elements when the selector is null

2023-03-07 13:18:11 - [MESSAGE][FAILED] - Unable to click on object 'Object Repository/Shopify/span_product' (Root cause: com.kms.katalon.core.exception.StepFailedException: Unable to click on object 'Object Repository/Shopify/span_product'
	at com.kms.katalon.core.webui.keyword.internal.WebUIKeywordMain.stepFailed(WebUIKeywordMain.groovy:64)
	at com.kms.katalon.core.webui.keyword.internal.WebUIKeywordMain.runKeyword(WebUIKeywordMain.groovy:26)
	at com.kms.katalon.core.webui.keyword.builtin.ClickKeyword.click(ClickKeyword.groovy:74)
	at com.kms.katalon.core.webui.keyword.builtin.ClickKeyword.execute(ClickKeyword.groovy:40)
	at com.kms.katalon.core.keyword.internal.KeywordExecutor.executeKeywordForPlatform(KeywordExecutor.groovy:74)
	at com.kms.katalon.core.webui.keyword.WebUiBuiltInKeywords.click(WebUiBuiltInKeywords.groovy:620)
	at com.kms.katalon.core.webui.keyword.WebUiBuiltInKeywords$click$3.call(Unknown Source)
	at shopify.store.importProduct(store.groovy:51)
	at shopify.store.invokeMethod(store.groovy)
	at com.kms.katalon.core.main.CustomKeywordDelegatingMetaClass.invokeStaticMethod(CustomKeywordDelegatingMetaClass.java:55)
	at CreateStore.run(CreateStore:46)
	at com.kms.katalon.core.main.ScriptEngine.run(ScriptEngine.java:194)
	at com.kms.katalon.core.main.ScriptEngine.runScriptAsRawText(ScriptEngine.java:119)
	at com.kms.katalon.core.main.TestCaseExecutor.runScript(TestCaseExecutor.java:448)
	at com.kms.katalon.core.main.TestCaseExecutor.doExecute(TestCaseExecutor.java:439)
	at com.kms.katalon.core.main.TestCaseExecutor.processExecutionPhase(TestCaseExecutor.java:418)
	at com.kms.katalon.core.main.TestCaseExecutor.accessMainPhase(TestCaseExecutor.java:410)
	at com.kms.katalon.core.main.TestCaseExecutor.execute(TestCaseExecutor.java:285)
	at com.kms.katalon.core.common.CommonExecutor.accessTestCaseMainPhase(CommonExecutor.java:65)
	at com.kms.katalon.core.main.TestSuiteExecutor.accessTestSuiteMainPhase(TestSuiteExecutor.java:151)
	at com.kms.katalon.core.main.TestSuiteExecutor.execute(TestSuiteExecutor.java:106)
	at com.kms.katalon.core.main.TestCaseMain.startTestSuite(TestCaseMain.java:185)
	at com.kms.katalon.core.main.TestCaseMain$startTestSuite$0.call(Unknown Source)
	at TempTestSuite1678162735898.run(TempTestSuite1678162735898.groovy:36)
Caused by: com.kms.katalon.core.webui.exception.WebElementNotFoundException: Web element with id: 'Object Repository/Shopify/span_product' located by '//div[@id='AppFrameNav']/div/nav/div[2]/div[2]/ul/li[3]/div/div/a/span' not found
	at com.kms.katalon.core.webui.common.WebUiCommonHelper.findWebElement(WebUiCommonHelper.java:1370)
	at com.kms.katalon.core.webui.keyword.internal.WebUIAbstractKeyword.findWebElement(WebUIAbstractKeyword.groovy:27)
	at com.kms.katalon.core.webui.keyword.builtin.ClickKeyword$_click_closure1.doCall(ClickKeyword.groovy:65)
	at com.kms.katalon.core.webui.keyword.builtin.ClickKeyword$_click_closure1.call(ClickKeyword.groovy)
	at com.kms.katalon.core.webui.keyword.internal.WebUIKeywordMain.runKeyword(WebUIKeywordMain.groovy:20)
	at com.kms.katalon.core.webui.keyword.builtin.ClickKeyword.click(ClickKeyword.groovy:74)
	at com.kms.katalon.core.webui.keyword.builtin.ClickKeyword.execute(ClickKeyword.groovy:40)
	at com.kms.katalon.core.keyword.internal.KeywordExecutor.executeKeywordForPlatform(KeywordExecutor.groovy:74)
	at com.kms.katalon.core.webui.keyword.WebUiBuiltInKeywords.click(WebUiBuiltInKeywords.groovy:620)
	at com.kms.katalon.core.webui.keyword.WebUiBuiltInKeywords$click$3.call(Unknown Source)
	at shopify.store.importProduct(store.groovy:51)
	at shopify.store.invokeMethod(store.groovy)
	at com.kms.katalon.core.main.CustomKeywordDelegatingMetaClass.invokeStaticMethod(CustomKeywordDelegatingMetaClass.java:55)
	at Script1673851860327.run(Script1673851860327.groovy:46)
	... 13 more
)
[[ATTACHMENT|C:\\Users\\huynh\\Documents\\Socialhead\\Automation\\Katalon project\\CreateStore\\CreateStore\\Reports\\20230307_111854\\Store\\Create Store\\20230307_111855\\1678169891292.png]]

2023-03-07 13:18:11 - [MESSAGE][FAILED] - Unable to click on object 'Object Repository/Shopify/span_product'

2023-03-07 13:18:11 - [TEST_STEP][PASSED] - Start tear down : teardownIfFailed: Method 'teardownIfFailed' complete successfully

2023-03-07 13:18:11 - [TEST_STEP][PASSED] - data.excel.updateValueToSheet(file_data, "store", 4, store_name, 7, "Failed"): data.excel.updateValueToSheet is PASSED

2023-03-07 13:18:11 - [MESSAGE][PASSED] - data.excel.updateValueToSheet is PASSED

2023-03-07 13:18:11 - [MESSAGE][PASSED] - Method 'teardownIfFailed' complete successfully]]></system-out>
         <system-err><![CDATA[2023-03-07 13:17:14 - [TEST_CASE][FAILED] - Test Cases/Shopify/CreateStore: Test Cases/Shopify/CreateStore FAILED.
Reason:
com.kms.katalon.core.exception.StepFailedException: Unable to click on object 'Object Repository/Shopify/span_product'
	at com.kms.katalon.core.webui.keyword.internal.WebUIKeywordMain.stepFailed(WebUIKeywordMain.groovy:64)
	at com.kms.katalon.core.webui.keyword.internal.WebUIKeywordMain.runKeyword(WebUIKeywordMain.groovy:26)
	at com.kms.katalon.core.webui.keyword.builtin.ClickKeyword.click(ClickKeyword.groovy:74)
	at com.kms.katalon.core.webui.keyword.builtin.ClickKeyword.execute(ClickKeyword.groovy:40)
	at com.kms.katalon.core.keyword.internal.KeywordExecutor.executeKeywordForPlatform(KeywordExecutor.groovy:74)
	at com.kms.katalon.core.webui.keyword.WebUiBuiltInKeywords.click(WebUiBuiltInKeywords.groovy:620)
	at com.kms.katalon.core.webui.keyword.WebUiBuiltInKeywords$click$3.call(Unknown Source)
	at shopify.store.importProduct(store.groovy:51)
	at shopify.store.invokeMethod(store.groovy)
	at com.kms.katalon.core.main.CustomKeywordDelegatingMetaClass.invokeStaticMethod(CustomKeywordDelegatingMetaClass.java:55)
	at CreateStore.run(CreateStore:46)
	at com.kms.katalon.core.main.ScriptEngine.run(ScriptEngine.java:194)
	at com.kms.katalon.core.main.ScriptEngine.runScriptAsRawText(ScriptEngine.java:119)
	at com.kms.katalon.core.main.TestCaseExecutor.runScript(TestCaseExecutor.java:448)
	at com.kms.katalon.core.main.TestCaseExecutor.doExecute(TestCaseExecutor.java:439)
	at com.kms.katalon.core.main.TestCaseExecutor.processExecutionPhase(TestCaseExecutor.java:418)
	at com.kms.katalon.core.main.TestCaseExecutor.accessMainPhase(TestCaseExecutor.java:410)
	at com.kms.katalon.core.main.TestCaseExecutor.execute(TestCaseExecutor.java:285)
	at com.kms.katalon.core.common.CommonExecutor.accessTestCaseMainPhase(CommonExecutor.java:65)
	at com.kms.katalon.core.main.TestSuiteExecutor.accessTestSuiteMainPhase(TestSuiteExecutor.java:151)
	at com.kms.katalon.core.main.TestSuiteExecutor.execute(TestSuiteExecutor.java:106)
	at com.kms.katalon.core.main.TestCaseMain.startTestSuite(TestCaseMain.java:185)
	at com.kms.katalon.core.main.TestCaseMain$startTestSuite$0.call(Unknown Source)
	at TempTestSuite1678162735898.run(TempTestSuite1678162735898.groovy:36)
Caused by: com.kms.katalon.core.webui.exception.WebElementNotFoundException: Web element with id: 'Object Repository/Shopify/span_product' located by '//div[@id='AppFrameNav']/div/nav/div[2]/div[2]/ul/li[3]/div/div/a/span' not found
	at com.kms.katalon.core.webui.common.WebUiCommonHelper.findWebElement(WebUiCommonHelper.java:1370)
	at com.kms.katalon.core.webui.keyword.internal.WebUIAbstractKeyword.findWebElement(WebUIAbstractKeyword.groovy:27)
	at com.kms.katalon.core.webui.keyword.builtin.ClickKeyword$_click_closure1.doCall(ClickKeyword.groovy:65)
	at com.kms.katalon.core.webui.keyword.builtin.ClickKeyword$_click_closure1.call(ClickKeyword.groovy)
	at com.kms.katalon.core.webui.keyword.internal.WebUIKeywordMain.runKeyword(WebUIKeywordMain.groovy:20)
	... 22 more]]></system-err>
      </testcase>
      <testcase name="Test Cases/Shopify/CreateStore" time="58.487" classname="Test Cases/Shopify/CreateStore" status="FAILED">
         <failure type="FAILED" message="Test Cases/Shopify/CreateStore FAILED.
Reason:
com.kms.katalon.core.exception.StepFailedException: Unable to click on object 'Object Repository/Shopify/span_product'
	at com.kms.katalon.core.webui.keyword.internal.WebUIKeywordMain.stepFailed(WebUIKeywordMain.groovy:64)
	at com.kms.katalon.core.webui.keyword.internal.WebUIKeywordMain.runKeyword(WebUIKeywordMain.groovy:26)
	at com.kms.katalon.core.webui.keyword.builtin.ClickKeyword.click(ClickKeyword.groovy:74)
	at com.kms.katalon.core.webui.keyword.builtin.ClickKeyword.execute(ClickKeyword.groovy:40)
	at com.kms.katalon.core.keyword.internal.KeywordExecutor.executeKeywordForPlatform(KeywordExecutor.groovy:74)
	at com.kms.katalon.core.webui.keyword.WebUiBuiltInKeywords.click(WebUiBuiltInKeywords.groovy:620)
	at com.kms.katalon.core.webui.keyword.WebUiBuiltInKeywords$click$3.call(Unknown Source)
	at shopify.store.importProduct(store.groovy:51)
	at shopify.store.invokeMethod(store.groovy)
	at com.kms.katalon.core.main.CustomKeywordDelegatingMetaClass.invokeStaticMethod(CustomKeywordDelegatingMetaClass.java:55)
	at CreateStore.run(CreateStore:46)
	at com.kms.katalon.core.main.ScriptEngine.run(ScriptEngine.java:194)
	at com.kms.katalon.core.main.ScriptEngine.runScriptAsRawText(ScriptEngine.java:119)
	at com.kms.katalon.core.main.TestCaseExecutor.runScript(TestCaseExecutor.java:448)
	at com.kms.katalon.core.main.TestCaseExecutor.doExecute(TestCaseExecutor.java:439)
	at com.kms.katalon.core.main.TestCaseExecutor.processExecutionPhase(TestCaseExecutor.java:418)
	at com.kms.katalon.core.main.TestCaseExecutor.accessMainPhase(TestCaseExecutor.java:410)
	at com.kms.katalon.core.main.TestCaseExecutor.execute(TestCaseExecutor.java:285)
	at com.kms.katalon.core.common.CommonExecutor.accessTestCaseMainPhase(CommonExecutor.java:65)
	at com.kms.katalon.core.main.TestSuiteExecutor.accessTestSuiteMainPhase(TestSuiteExecutor.java:151)
	at com.kms.katalon.core.main.TestSuiteExecutor.execute(TestSuiteExecutor.java:106)
	at com.kms.katalon.core.main.TestCaseMain.startTestSuite(TestCaseMain.java:185)
	at com.kms.katalon.core.main.TestCaseMain$startTestSuite$0.call(Unknown Source)
	at TempTestSuite1678162735898.run(TempTestSuite1678162735898.groovy:36)
Caused by: com.kms.katalon.core.webui.exception.WebElementNotFoundException: Web element with id: 'Object Repository/Shopify/span_product' located by '//div[@id='AppFrameNav']/div/nav/div[2]/div[2]/ul/li[3]/div/div/a/span' not found
	at com.kms.katalon.core.webui.common.WebUiCommonHelper.findWebElement(WebUiCommonHelper.java:1370)
	at com.kms.katalon.core.webui.keyword.internal.WebUIAbstractKeyword.findWebElement(WebUIAbstractKeyword.groovy:27)
	at com.kms.katalon.core.webui.keyword.builtin.ClickKeyword$_click_closure1.doCall(ClickKeyword.groovy:65)
	at com.kms.katalon.core.webui.keyword.builtin.ClickKeyword$_click_closure1.call(ClickKeyword.groovy)
	at com.kms.katalon.core.webui.keyword.internal.WebUIKeywordMain.runKeyword(WebUIKeywordMain.groovy:20)
	... 22 more
"/>
         <system-out><![CDATA[2023-03-07 13:18:11 - [TEST_CASE][FAILED] - Test Cases/Shopify/CreateStore: Test Cases/Shopify/CreateStore FAILED.
Reason:
com.kms.katalon.core.exception.StepFailedException: Unable to click on object 'Object Repository/Shopify/span_product'
	at com.kms.katalon.core.webui.keyword.internal.WebUIKeywordMain.stepFailed(WebUIKeywordMain.groovy:64)
	at com.kms.katalon.core.webui.keyword.internal.WebUIKeywordMain.runKeyword(WebUIKeywordMain.groovy:26)
	at com.kms.katalon.core.webui.keyword.builtin.ClickKeyword.click(ClickKeyword.groovy:74)
	at com.kms.katalon.core.webui.keyword.builtin.ClickKeyword.execute(ClickKeyword.groovy:40)
	at com.kms.katalon.core.keyword.internal.KeywordExecutor.executeKeywordForPlatform(KeywordExecutor.groovy:74)
	at com.kms.katalon.core.webui.keyword.WebUiBuiltInKeywords.click(WebUiBuiltInKeywords.groovy:620)
	at com.kms.katalon.core.webui.keyword.WebUiBuiltInKeywords$click$3.call(Unknown Source)
	at shopify.store.importProduct(store.groovy:51)
	at shopify.store.invokeMethod(store.groovy)
	at com.kms.katalon.core.main.CustomKeywordDelegatingMetaClass.invokeStaticMethod(CustomKeywordDelegatingMetaClass.java:55)
	at CreateStore.run(CreateStore:46)
	at com.kms.katalon.core.main.ScriptEngine.run(ScriptEngine.java:194)
	at com.kms.katalon.core.main.ScriptEngine.runScriptAsRawText(ScriptEngine.java:119)
	at com.kms.katalon.core.main.TestCaseExecutor.runScript(TestCaseExecutor.java:448)
	at com.kms.katalon.core.main.TestCaseExecutor.doExecute(TestCaseExecutor.java:439)
	at com.kms.katalon.core.main.TestCaseExecutor.processExecutionPhase(TestCaseExecutor.java:418)
	at com.kms.katalon.core.main.TestCaseExecutor.accessMainPhase(TestCaseExecutor.java:410)
	at com.kms.katalon.core.main.TestCaseExecutor.execute(TestCaseExecutor.java:285)
	at com.kms.katalon.core.common.CommonExecutor.accessTestCaseMainPhase(CommonExecutor.java:65)
	at com.kms.katalon.core.main.TestSuiteExecutor.accessTestSuiteMainPhase(TestSuiteExecutor.java:151)
	at com.kms.katalon.core.main.TestSuiteExecutor.execute(TestSuiteExecutor.java:106)
	at com.kms.katalon.core.main.TestCaseMain.startTestSuite(TestCaseMain.java:185)
	at com.kms.katalon.core.main.TestCaseMain$startTestSuite$0.call(Unknown Source)
	at TempTestSuite1678162735898.run(TempTestSuite1678162735898.groovy:36)
Caused by: com.kms.katalon.core.webui.exception.WebElementNotFoundException: Web element with id: 'Object Repository/Shopify/span_product' located by '//div[@id='AppFrameNav']/div/nav/div[2]/div[2]/ul/li[3]/div/div/a/span' not found
	at com.kms.katalon.core.webui.common.WebUiCommonHelper.findWebElement(WebUiCommonHelper.java:1370)
	at com.kms.katalon.core.webui.keyword.internal.WebUIAbstractKeyword.findWebElement(WebUIAbstractKeyword.groovy:27)
	at com.kms.katalon.core.webui.keyword.builtin.ClickKeyword$_click_closure1.doCall(ClickKeyword.groovy:65)
	at com.kms.katalon.core.webui.keyword.builtin.ClickKeyword$_click_closure1.call(ClickKeyword.groovy)
	at com.kms.katalon.core.webui.keyword.internal.WebUIKeywordMain.runKeyword(WebUIKeywordMain.groovy:20)
	... 22 more


2023-03-07 13:18:11 - [TEST_STEP][PASSED] - Start listener action : skipStatus: null

2023-03-07 13:18:11 - [TEST_STEP][PASSED] - map = testCaseContext.getTestCaseVariables(): null

2023-03-07 13:18:11 - [TEST_STEP][PASSED] - testcae_status = map.get("testcase_status"): null

2023-03-07 13:18:11 - [TEST_STEP][PASSED] - println(testcae_status): null

2023-03-07 13:18:11 - [TEST_STEP][PASSED] - if (testcae_status == "Passed" || testcae_status == "Failed"): null

2023-03-07 13:18:11 - [TEST_STEP][PASSED] - log = new com.kms.katalon.core.util.KeywordUtil(): null

2023-03-07 13:18:11 - [TEST_STEP][PASSED] - openBrowser(""): Browser is opened with url: ''

2023-03-07 13:18:11 - [MESSAGE][WARNING] - A browser is already opened. Closing browser and opening a new one

2023-03-07 13:18:12 - [MESSAGE][INFO] - Starting 'Chrome' driver

2023-03-07 13:18:12 - [MESSAGE][INFO] - Action delay is set to 0 milliseconds

2023-03-07 13:18:13 - [MESSAGE][PASSED] - Browser is opened with url: ''

2023-03-07 13:18:13 - [TEST_STEP][PASSED] - maximizeWindow(): Current window maximized

2023-03-07 13:18:13 - [MESSAGE][PASSED] - Current window maximized

2023-03-07 13:18:13 - [TEST_STEP][PASSED] - shopify.store.loginShopifyPartner(partner_email, partner_password, partner_id): shopify.store.loginShopifyPartner is PASSED

2023-03-07 13:18:17 - [MESSAGE][PASSED] - Navigate to 'https://partners.shopify.com/1662018/stores/new' successfully

2023-03-07 13:18:18 - [MESSAGE][PASSED] - Text 'huynh@firegroup.io' is set on object 'Object Repository/Shopify/input_email_shopify'

2023-03-07 13:18:19 - [MESSAGE][PASSED] - Object: 'Object Repository/Shopify/btn_continue_with_email' is clicked on

2023-03-07 13:18:21 - [MESSAGE][PASSED] - Text ****** has been set on object 'Object Repository/Shopify/input_password_shopify'

2023-03-07 13:18:26 - [MESSAGE][PASSED] - Object: 'Object Repository/Shopify/btn_login' is clicked on

2023-03-07 13:18:26 - [MESSAGE][PASSED] - shopify.store.loginShopifyPartner is PASSED

2023-03-07 13:18:26 - [TEST_STEP][PASSED] - shopify.store.navigateToStoreDevelop(partner_id): shopify.store.navigateToStoreDevelop is PASSED

2023-03-07 13:18:27 - [MESSAGE][PASSED] - Navigate to 'https://partners.shopify.com/1662018/stores/new?store_type=dev_preview_store&developer_preview_handle=checkout_extensibility' successfully

2023-03-07 13:18:27 - [MESSAGE][PASSED] - shopify.store.navigateToStoreDevelop is PASSED

2023-03-07 13:18:27 - [TEST_STEP][PASSED] - shopify.store.inputStoreName(store_name): shopify.store.inputStoreName is PASSED

2023-03-07 13:18:28 - [MESSAGE][PASSED] - Text 'khanh-ar-stag-1102' is set on object 'Object Repository/Shopify/input_store_name'

2023-03-07 13:18:33 - [MESSAGE][PASSED] - Delayed 5 second(s)

2023-03-07 13:18:33 - [MESSAGE][PASSED] - shopify.store.inputStoreName is PASSED

2023-03-07 13:18:33 - [TEST_STEP][PASSED] - shopify.store.clickCreateStore(): shopify.store.clickCreateStore is PASSED

2023-03-07 13:18:34 - [MESSAGE][PASSED] - Object: 'Object Repository/Shopify/btn_create_store' is clicked on

2023-03-07 13:18:34 - [MESSAGE][PASSED] - Wait for page load successfully

2023-03-07 13:18:34 - [MESSAGE][PASSED] - shopify.store.clickCreateStore is PASSED

2023-03-07 13:18:34 - [TEST_STEP][FAILED] - shopify.store.importProduct(product_file_local): Unable to click on object 'Object Repository/Shopify/span_product'

2023-03-07 13:19:07 - [MESSAGE][INFO] - Unable to find the element located by 'By.xpath: //div[@id='AppFrameNav']/div/nav/div[2]/div[2]/ul/li[3]/div/div/a/span'. Please recheck the objects properties to make sure the desired element is located. 

2023-03-07 13:19:07 - [MESSAGE][WARNING] - [SELF-HEALING] Failed to find element with id 'Object Repository/Shopify/span_product'. Try using Self-healing.

2023-03-07 13:19:08 - [MESSAGE][INFO] - [SELF-HEALING] No working XPath is found.

2023-03-07 13:19:09 - [MESSAGE][INFO] - Unable to find the element located by 'By.xpath: '. Please recheck the objects properties to make sure the desired element is located. 

2023-03-07 13:19:09 - [MESSAGE][WARNING] - [SELF-HEALING] Cannot find elements when the selector is null

2023-03-07 13:19:09 - [MESSAGE][FAILED] - Unable to click on object 'Object Repository/Shopify/span_product' (Root cause: com.kms.katalon.core.exception.StepFailedException: Unable to click on object 'Object Repository/Shopify/span_product'
	at com.kms.katalon.core.webui.keyword.internal.WebUIKeywordMain.stepFailed(WebUIKeywordMain.groovy:64)
	at com.kms.katalon.core.webui.keyword.internal.WebUIKeywordMain.runKeyword(WebUIKeywordMain.groovy:26)
	at com.kms.katalon.core.webui.keyword.builtin.ClickKeyword.click(ClickKeyword.groovy:74)
	at com.kms.katalon.core.webui.keyword.builtin.ClickKeyword.execute(ClickKeyword.groovy:40)
	at com.kms.katalon.core.keyword.internal.KeywordExecutor.executeKeywordForPlatform(KeywordExecutor.groovy:74)
	at com.kms.katalon.core.webui.keyword.WebUiBuiltInKeywords.click(WebUiBuiltInKeywords.groovy:620)
	at com.kms.katalon.core.webui.keyword.WebUiBuiltInKeywords$click$3.call(Unknown Source)
	at shopify.store.importProduct(store.groovy:51)
	at shopify.store.invokeMethod(store.groovy)
	at com.kms.katalon.core.main.CustomKeywordDelegatingMetaClass.invokeStaticMethod(CustomKeywordDelegatingMetaClass.java:55)
	at CreateStore.run(CreateStore:46)
	at com.kms.katalon.core.main.ScriptEngine.run(ScriptEngine.java:194)
	at com.kms.katalon.core.main.ScriptEngine.runScriptAsRawText(ScriptEngine.java:119)
	at com.kms.katalon.core.main.TestCaseExecutor.runScript(TestCaseExecutor.java:448)
	at com.kms.katalon.core.main.TestCaseExecutor.doExecute(TestCaseExecutor.java:439)
	at com.kms.katalon.core.main.TestCaseExecutor.processExecutionPhase(TestCaseExecutor.java:418)
	at com.kms.katalon.core.main.TestCaseExecutor.accessMainPhase(TestCaseExecutor.java:410)
	at com.kms.katalon.core.main.TestCaseExecutor.execute(TestCaseExecutor.java:285)
	at com.kms.katalon.core.common.CommonExecutor.accessTestCaseMainPhase(CommonExecutor.java:65)
	at com.kms.katalon.core.main.TestSuiteExecutor.accessTestSuiteMainPhase(TestSuiteExecutor.java:151)
	at com.kms.katalon.core.main.TestSuiteExecutor.execute(TestSuiteExecutor.java:106)
	at com.kms.katalon.core.main.TestCaseMain.startTestSuite(TestCaseMain.java:185)
	at com.kms.katalon.core.main.TestCaseMain$startTestSuite$0.call(Unknown Source)
	at TempTestSuite1678162735898.run(TempTestSuite1678162735898.groovy:36)
Caused by: com.kms.katalon.core.webui.exception.WebElementNotFoundException: Web element with id: 'Object Repository/Shopify/span_product' located by '//div[@id='AppFrameNav']/div/nav/div[2]/div[2]/ul/li[3]/div/div/a/span' not found
	at com.kms.katalon.core.webui.common.WebUiCommonHelper.findWebElement(WebUiCommonHelper.java:1370)
	at com.kms.katalon.core.webui.keyword.internal.WebUIAbstractKeyword.findWebElement(WebUIAbstractKeyword.groovy:27)
	at com.kms.katalon.core.webui.keyword.builtin.ClickKeyword$_click_closure1.doCall(ClickKeyword.groovy:65)
	at com.kms.katalon.core.webui.keyword.builtin.ClickKeyword$_click_closure1.call(ClickKeyword.groovy)
	at com.kms.katalon.core.webui.keyword.internal.WebUIKeywordMain.runKeyword(WebUIKeywordMain.groovy:20)
	at com.kms.katalon.core.webui.keyword.builtin.ClickKeyword.click(ClickKeyword.groovy:74)
	at com.kms.katalon.core.webui.keyword.builtin.ClickKeyword.execute(ClickKeyword.groovy:40)
	at com.kms.katalon.core.keyword.internal.KeywordExecutor.executeKeywordForPlatform(KeywordExecutor.groovy:74)
	at com.kms.katalon.core.webui.keyword.WebUiBuiltInKeywords.click(WebUiBuiltInKeywords.groovy:620)
	at com.kms.katalon.core.webui.keyword.WebUiBuiltInKeywords$click$3.call(Unknown Source)
	at shopify.store.importProduct(store.groovy:51)
	at shopify.store.invokeMethod(store.groovy)
	at com.kms.katalon.core.main.CustomKeywordDelegatingMetaClass.invokeStaticMethod(CustomKeywordDelegatingMetaClass.java:55)
	at Script1673851860327.run(Script1673851860327.groovy:46)
	... 13 more
)
[[ATTACHMENT|C:\\Users\\huynh\\Documents\\Socialhead\\Automation\\Katalon project\\CreateStore\\CreateStore\\Reports\\20230307_111854\\Store\\Create Store\\20230307_111855\\1678169949796.png]]

2023-03-07 13:19:09 - [MESSAGE][FAILED] - Unable to click on object 'Object Repository/Shopify/span_product'

2023-03-07 13:19:09 - [TEST_STEP][PASSED] - Start tear down : teardownIfFailed: Method 'teardownIfFailed' complete successfully

2023-03-07 13:19:09 - [TEST_STEP][PASSED] - data.excel.updateValueToSheet(file_data, "store", 4, store_name, 7, "Failed"): data.excel.updateValueToSheet is PASSED

2023-03-07 13:19:09 - [MESSAGE][PASSED] - data.excel.updateValueToSheet is PASSED

2023-03-07 13:19:09 - [MESSAGE][PASSED] - Method 'teardownIfFailed' complete successfully]]></system-out>
         <system-err><![CDATA[2023-03-07 13:18:11 - [TEST_CASE][FAILED] - Test Cases/Shopify/CreateStore: Test Cases/Shopify/CreateStore FAILED.
Reason:
com.kms.katalon.core.exception.StepFailedException: Unable to click on object 'Object Repository/Shopify/span_product'
	at com.kms.katalon.core.webui.keyword.internal.WebUIKeywordMain.stepFailed(WebUIKeywordMain.groovy:64)
	at com.kms.katalon.core.webui.keyword.internal.WebUIKeywordMain.runKeyword(WebUIKeywordMain.groovy:26)
	at com.kms.katalon.core.webui.keyword.builtin.ClickKeyword.click(ClickKeyword.groovy:74)
	at com.kms.katalon.core.webui.keyword.builtin.ClickKeyword.execute(ClickKeyword.groovy:40)
	at com.kms.katalon.core.keyword.internal.KeywordExecutor.executeKeywordForPlatform(KeywordExecutor.groovy:74)
	at com.kms.katalon.core.webui.keyword.WebUiBuiltInKeywords.click(WebUiBuiltInKeywords.groovy:620)
	at com.kms.katalon.core.webui.keyword.WebUiBuiltInKeywords$click$3.call(Unknown Source)
	at shopify.store.importProduct(store.groovy:51)
	at shopify.store.invokeMethod(store.groovy)
	at com.kms.katalon.core.main.CustomKeywordDelegatingMetaClass.invokeStaticMethod(CustomKeywordDelegatingMetaClass.java:55)
	at CreateStore.run(CreateStore:46)
	at com.kms.katalon.core.main.ScriptEngine.run(ScriptEngine.java:194)
	at com.kms.katalon.core.main.ScriptEngine.runScriptAsRawText(ScriptEngine.java:119)
	at com.kms.katalon.core.main.TestCaseExecutor.runScript(TestCaseExecutor.java:448)
	at com.kms.katalon.core.main.TestCaseExecutor.doExecute(TestCaseExecutor.java:439)
	at com.kms.katalon.core.main.TestCaseExecutor.processExecutionPhase(TestCaseExecutor.java:418)
	at com.kms.katalon.core.main.TestCaseExecutor.accessMainPhase(TestCaseExecutor.java:410)
	at com.kms.katalon.core.main.TestCaseExecutor.execute(TestCaseExecutor.java:285)
	at com.kms.katalon.core.common.CommonExecutor.accessTestCaseMainPhase(CommonExecutor.java:65)
	at com.kms.katalon.core.main.TestSuiteExecutor.accessTestSuiteMainPhase(TestSuiteExecutor.java:151)
	at com.kms.katalon.core.main.TestSuiteExecutor.execute(TestSuiteExecutor.java:106)
	at com.kms.katalon.core.main.TestCaseMain.startTestSuite(TestCaseMain.java:185)
	at com.kms.katalon.core.main.TestCaseMain$startTestSuite$0.call(Unknown Source)
	at TempTestSuite1678162735898.run(TempTestSuite1678162735898.groovy:36)
Caused by: com.kms.katalon.core.webui.exception.WebElementNotFoundException: Web element with id: 'Object Repository/Shopify/span_product' located by '//div[@id='AppFrameNav']/div/nav/div[2]/div[2]/ul/li[3]/div/div/a/span' not found
	at com.kms.katalon.core.webui.common.WebUiCommonHelper.findWebElement(WebUiCommonHelper.java:1370)
	at com.kms.katalon.core.webui.keyword.internal.WebUIAbstractKeyword.findWebElement(WebUIAbstractKeyword.groovy:27)
	at com.kms.katalon.core.webui.keyword.builtin.ClickKeyword$_click_closure1.doCall(ClickKeyword.groovy:65)
	at com.kms.katalon.core.webui.keyword.builtin.ClickKeyword$_click_closure1.call(ClickKeyword.groovy)
	at com.kms.katalon.core.webui.keyword.internal.WebUIKeywordMain.runKeyword(WebUIKeywordMain.groovy:20)
	... 22 more]]></system-err>
      </testcase>
      <testcase name="Test Cases/Shopify/CreateStore" time="2.142" classname="Test Cases/Shopify/CreateStore" status="FAILED">
         <failure type="FAILED" message="Test Cases/Shopify/CreateStore FAILED.
Reason:
com.kms.katalon.core.exception.StepFailedException: Unable to navigate to 'https://partners.shopify.com/1662018/stores/new'
	at com.kms.katalon.core.webui.keyword.internal.WebUIKeywordMain.stepFailed(WebUIKeywordMain.groovy:64)
	at com.kms.katalon.core.webui.keyword.internal.WebUIKeywordMain.runKeyword(WebUIKeywordMain.groovy:26)
	at com.kms.katalon.core.webui.keyword.builtin.NavigateToUrlKeyword.navigateToUrl(NavigateToUrlKeyword.groovy:83)
	at com.kms.katalon.core.webui.keyword.builtin.NavigateToUrlKeyword.execute(NavigateToUrlKeyword.groovy:67)
	at com.kms.katalon.core.keyword.internal.KeywordExecutor.executeKeywordForPlatform(KeywordExecutor.groovy:74)
	at com.kms.katalon.core.webui.keyword.WebUiBuiltInKeywords.navigateToUrl(WebUiBuiltInKeywords.groovy:187)
	at com.kms.katalon.core.webui.keyword.WebUiBuiltInKeywords$navigateToUrl$1.call(Unknown Source)
	at shopify.store.loginShopifyPartner(store.groovy:28)
	at shopify.store.invokeMethod(store.groovy)
	at com.kms.katalon.core.main.CustomKeywordDelegatingMetaClass.invokeStaticMethod(CustomKeywordDelegatingMetaClass.java:55)
	at CreateStore.run(CreateStore:37)
	at com.kms.katalon.core.main.ScriptEngine.run(ScriptEngine.java:194)
	at com.kms.katalon.core.main.ScriptEngine.runScriptAsRawText(ScriptEngine.java:119)
	at com.kms.katalon.core.main.TestCaseExecutor.runScript(TestCaseExecutor.java:448)
	at com.kms.katalon.core.main.TestCaseExecutor.doExecute(TestCaseExecutor.java:439)
	at com.kms.katalon.core.main.TestCaseExecutor.processExecutionPhase(TestCaseExecutor.java:418)
	at com.kms.katalon.core.main.TestCaseExecutor.accessMainPhase(TestCaseExecutor.java:410)
	at com.kms.katalon.core.main.TestCaseExecutor.execute(TestCaseExecutor.java:285)
	at com.kms.katalon.core.common.CommonExecutor.accessTestCaseMainPhase(CommonExecutor.java:65)
	at com.kms.katalon.core.main.TestSuiteExecutor.accessTestSuiteMainPhase(TestSuiteExecutor.java:151)
	at com.kms.katalon.core.main.TestSuiteExecutor.execute(TestSuiteExecutor.java:106)
	at com.kms.katalon.core.main.TestCaseMain.startTestSuite(TestCaseMain.java:185)
	at com.kms.katalon.core.main.TestCaseMain$startTestSuite$0.call(Unknown Source)
	at TempTestSuite1678162735898.run(TempTestSuite1678162735898.groovy:36)
Caused by: org.openqa.selenium.WebDriverException: unknown error: net::ERR_NAME_NOT_RESOLVED
  (Session info: chrome=110.0.5481.178)
Build info: version: '3.141.59', revision: 'e82be7d358', time: '2018-11-14T08:25:53'
System info: host: 'HUYNH', ip: '172.18.224.1', os.name: 'Windows 10', os.arch: 'amd64', os.version: '10.0', java.version: '1.8.0_282'
Driver info: com.kms.katalon.selenium.driver.CChromeDriver
Capabilities {acceptInsecureCerts: false, browserName: chrome, browserVersion: 110.0.5481.178, chrome: {chromedriverVersion: 109.0.5414.74 (e7c5703604da..., userDataDir: C:\Users\huynh\AppData\Loca...}, goog:chromeOptions: {debuggerAddress: localhost:59121}, javascriptEnabled: true, networkConnectionEnabled: false, pageLoadStrategy: normal, platform: WINDOWS, platformName: WINDOWS, proxy: Proxy(), setWindowRect: true, strictFileInteractability: false, timeouts: {implicit: 0, pageLoad: 300000, script: 30000}, unhandledPromptBehavior: dismiss and notify, webauthn:extension:credBlob: true, webauthn:extension:largeBlob: true, webauthn:virtualAuthenticators: true}
Session ID: a3cff83153c6321110407ab4d78bc27b
	at org.openqa.selenium.remote.http.W3CHttpResponseCodec.createException(W3CHttpResponseCodec.java:187)
	at org.openqa.selenium.remote.http.W3CHttpResponseCodec.decode(W3CHttpResponseCodec.java:122)
	at org.openqa.selenium.remote.http.W3CHttpResponseCodec.decode(W3CHttpResponseCodec.java:49)
	at org.openqa.selenium.remote.HttpCommandExecutor.execute(HttpCommandExecutor.java:158)
	at org.openqa.selenium.remote.service.DriverCommandExecutor.execute(DriverCommandExecutor.java:83)
	at org.openqa.selenium.remote.RemoteWebDriver.execute(RemoteWebDriver.java:552)
	at com.kms.katalon.selenium.driver.CChromeDriver.execute(CChromeDriver.java:19)
	at org.openqa.selenium.remote.RemoteWebDriver.get(RemoteWebDriver.java:277)
	at org.openqa.selenium.remote.RemoteWebDriver$RemoteNavigation.to(RemoteWebDriver.java:857)
	at org.openqa.selenium.support.events.EventFiringWebDriver$EventFiringNavigation.to(EventFiringWebDriver.java:569)
	at com.kms.katalon.core.webui.keyword.builtin.NavigateToUrlKeyword$_navigateToUrl_closure1.doCall(NavigateToUrlKeyword.groovy:81)
	at com.kms.katalon.core.webui.keyword.builtin.NavigateToUrlKeyword$_navigateToUrl_closure1.call(NavigateToUrlKeyword.groovy)
	at com.kms.katalon.core.webui.keyword.internal.WebUIKeywordMain.runKeyword(WebUIKeywordMain.groovy:20)
	... 22 more
"/>
         <system-out><![CDATA[2023-03-07 13:19:10 - [TEST_CASE][FAILED] - Test Cases/Shopify/CreateStore: Test Cases/Shopify/CreateStore FAILED.
Reason:
com.kms.katalon.core.exception.StepFailedException: Unable to navigate to 'https://partners.shopify.com/1662018/stores/new'
	at com.kms.katalon.core.webui.keyword.internal.WebUIKeywordMain.stepFailed(WebUIKeywordMain.groovy:64)
	at com.kms.katalon.core.webui.keyword.internal.WebUIKeywordMain.runKeyword(WebUIKeywordMain.groovy:26)
	at com.kms.katalon.core.webui.keyword.builtin.NavigateToUrlKeyword.navigateToUrl(NavigateToUrlKeyword.groovy:83)
	at com.kms.katalon.core.webui.keyword.builtin.NavigateToUrlKeyword.execute(NavigateToUrlKeyword.groovy:67)
	at com.kms.katalon.core.keyword.internal.KeywordExecutor.executeKeywordForPlatform(KeywordExecutor.groovy:74)
	at com.kms.katalon.core.webui.keyword.WebUiBuiltInKeywords.navigateToUrl(WebUiBuiltInKeywords.groovy:187)
	at com.kms.katalon.core.webui.keyword.WebUiBuiltInKeywords$navigateToUrl$1.call(Unknown Source)
	at shopify.store.loginShopifyPartner(store.groovy:28)
	at shopify.store.invokeMethod(store.groovy)
	at com.kms.katalon.core.main.CustomKeywordDelegatingMetaClass.invokeStaticMethod(CustomKeywordDelegatingMetaClass.java:55)
	at CreateStore.run(CreateStore:37)
	at com.kms.katalon.core.main.ScriptEngine.run(ScriptEngine.java:194)
	at com.kms.katalon.core.main.ScriptEngine.runScriptAsRawText(ScriptEngine.java:119)
	at com.kms.katalon.core.main.TestCaseExecutor.runScript(TestCaseExecutor.java:448)
	at com.kms.katalon.core.main.TestCaseExecutor.doExecute(TestCaseExecutor.java:439)
	at com.kms.katalon.core.main.TestCaseExecutor.processExecutionPhase(TestCaseExecutor.java:418)
	at com.kms.katalon.core.main.TestCaseExecutor.accessMainPhase(TestCaseExecutor.java:410)
	at com.kms.katalon.core.main.TestCaseExecutor.execute(TestCaseExecutor.java:285)
	at com.kms.katalon.core.common.CommonExecutor.accessTestCaseMainPhase(CommonExecutor.java:65)
	at com.kms.katalon.core.main.TestSuiteExecutor.accessTestSuiteMainPhase(TestSuiteExecutor.java:151)
	at com.kms.katalon.core.main.TestSuiteExecutor.execute(TestSuiteExecutor.java:106)
	at com.kms.katalon.core.main.TestCaseMain.startTestSuite(TestCaseMain.java:185)
	at com.kms.katalon.core.main.TestCaseMain$startTestSuite$0.call(Unknown Source)
	at TempTestSuite1678162735898.run(TempTestSuite1678162735898.groovy:36)
Caused by: org.openqa.selenium.WebDriverException: unknown error: net::ERR_NAME_NOT_RESOLVED
  (Session info: chrome=110.0.5481.178)
Build info: version: '3.141.59', revision: 'e82be7d358', time: '2018-11-14T08:25:53'
System info: host: 'HUYNH', ip: '172.18.224.1', os.name: 'Windows 10', os.arch: 'amd64', os.version: '10.0', java.version: '1.8.0_282'
Driver info: com.kms.katalon.selenium.driver.CChromeDriver
Capabilities {acceptInsecureCerts: false, browserName: chrome, browserVersion: 110.0.5481.178, chrome: {chromedriverVersion: 109.0.5414.74 (e7c5703604da..., userDataDir: C:\Users\huynh\AppData\Loca...}, goog:chromeOptions: {debuggerAddress: localhost:59121}, javascriptEnabled: true, networkConnectionEnabled: false, pageLoadStrategy: normal, platform: WINDOWS, platformName: WINDOWS, proxy: Proxy(), setWindowRect: true, strictFileInteractability: false, timeouts: {implicit: 0, pageLoad: 300000, script: 30000}, unhandledPromptBehavior: dismiss and notify, webauthn:extension:credBlob: true, webauthn:extension:largeBlob: true, webauthn:virtualAuthenticators: true}
Session ID: a3cff83153c6321110407ab4d78bc27b
	at org.openqa.selenium.remote.http.W3CHttpResponseCodec.createException(W3CHttpResponseCodec.java:187)
	at org.openqa.selenium.remote.http.W3CHttpResponseCodec.decode(W3CHttpResponseCodec.java:122)
	at org.openqa.selenium.remote.http.W3CHttpResponseCodec.decode(W3CHttpResponseCodec.java:49)
	at org.openqa.selenium.remote.HttpCommandExecutor.execute(HttpCommandExecutor.java:158)
	at org.openqa.selenium.remote.service.DriverCommandExecutor.execute(DriverCommandExecutor.java:83)
	at org.openqa.selenium.remote.RemoteWebDriver.execute(RemoteWebDriver.java:552)
	at com.kms.katalon.selenium.driver.CChromeDriver.execute(CChromeDriver.java:19)
	at org.openqa.selenium.remote.RemoteWebDriver.get(RemoteWebDriver.java:277)
	at org.openqa.selenium.remote.RemoteWebDriver$RemoteNavigation.to(RemoteWebDriver.java:857)
	at org.openqa.selenium.support.events.EventFiringWebDriver$EventFiringNavigation.to(EventFiringWebDriver.java:569)
	at com.kms.katalon.core.webui.keyword.builtin.NavigateToUrlKeyword$_navigateToUrl_closure1.doCall(NavigateToUrlKeyword.groovy:81)
	at com.kms.katalon.core.webui.keyword.builtin.NavigateToUrlKeyword$_navigateToUrl_closure1.call(NavigateToUrlKeyword.groovy)
	at com.kms.katalon.core.webui.keyword.internal.WebUIKeywordMain.runKeyword(WebUIKeywordMain.groovy:20)
	... 22 more


2023-03-07 13:19:10 - [TEST_STEP][PASSED] - Start listener action : skipStatus: null

2023-03-07 13:19:10 - [TEST_STEP][PASSED] - map = testCaseContext.getTestCaseVariables(): null

2023-03-07 13:19:10 - [TEST_STEP][PASSED] - testcae_status = map.get("testcase_status"): null

2023-03-07 13:19:10 - [TEST_STEP][PASSED] - println(testcae_status): null

2023-03-07 13:19:10 - [TEST_STEP][PASSED] - if (testcae_status == "Passed" || testcae_status == "Failed"): null

2023-03-07 13:19:10 - [TEST_STEP][PASSED] - log = new com.kms.katalon.core.util.KeywordUtil(): null

2023-03-07 13:19:10 - [TEST_STEP][PASSED] - openBrowser(""): Browser is opened with url: ''

2023-03-07 13:19:10 - [MESSAGE][WARNING] - A browser is already opened. Closing browser and opening a new one

2023-03-07 13:19:10 - [MESSAGE][INFO] - Starting 'Chrome' driver

2023-03-07 13:19:10 - [MESSAGE][INFO] - Action delay is set to 0 milliseconds

2023-03-07 13:19:11 - [MESSAGE][PASSED] - Browser is opened with url: ''

2023-03-07 13:19:11 - [TEST_STEP][PASSED] - maximizeWindow(): Current window maximized

2023-03-07 13:19:11 - [MESSAGE][PASSED] - Current window maximized

2023-03-07 13:19:11 - [TEST_STEP][FAILED] - shopify.store.loginShopifyPartner(partner_email, partner_password, partner_id): Unable to navigate to 'https://partners.shopify.com/1662018/stores/new'

2023-03-07 13:19:12 - [MESSAGE][FAILED] - Unable to navigate to 'https://partners.shopify.com/1662018/stores/new' (Root cause: com.kms.katalon.core.exception.StepFailedException: Unable to navigate to 'https://partners.shopify.com/1662018/stores/new'
	at com.kms.katalon.core.webui.keyword.internal.WebUIKeywordMain.stepFailed(WebUIKeywordMain.groovy:64)
	at com.kms.katalon.core.webui.keyword.internal.WebUIKeywordMain.runKeyword(WebUIKeywordMain.groovy:26)
	at com.kms.katalon.core.webui.keyword.builtin.NavigateToUrlKeyword.navigateToUrl(NavigateToUrlKeyword.groovy:83)
	at com.kms.katalon.core.webui.keyword.builtin.NavigateToUrlKeyword.execute(NavigateToUrlKeyword.groovy:67)
	at com.kms.katalon.core.keyword.internal.KeywordExecutor.executeKeywordForPlatform(KeywordExecutor.groovy:74)
	at com.kms.katalon.core.webui.keyword.WebUiBuiltInKeywords.navigateToUrl(WebUiBuiltInKeywords.groovy:187)
	at com.kms.katalon.core.webui.keyword.WebUiBuiltInKeywords$navigateToUrl$1.call(Unknown Source)
	at shopify.store.loginShopifyPartner(store.groovy:28)
	at shopify.store.invokeMethod(store.groovy)
	at com.kms.katalon.core.main.CustomKeywordDelegatingMetaClass.invokeStaticMethod(CustomKeywordDelegatingMetaClass.java:55)
	at CreateStore.run(CreateStore:37)
	at com.kms.katalon.core.main.ScriptEngine.run(ScriptEngine.java:194)
	at com.kms.katalon.core.main.ScriptEngine.runScriptAsRawText(ScriptEngine.java:119)
	at com.kms.katalon.core.main.TestCaseExecutor.runScript(TestCaseExecutor.java:448)
	at com.kms.katalon.core.main.TestCaseExecutor.doExecute(TestCaseExecutor.java:439)
	at com.kms.katalon.core.main.TestCaseExecutor.processExecutionPhase(TestCaseExecutor.java:418)
	at com.kms.katalon.core.main.TestCaseExecutor.accessMainPhase(TestCaseExecutor.java:410)
	at com.kms.katalon.core.main.TestCaseExecutor.execute(TestCaseExecutor.java:285)
	at com.kms.katalon.core.common.CommonExecutor.accessTestCaseMainPhase(CommonExecutor.java:65)
	at com.kms.katalon.core.main.TestSuiteExecutor.accessTestSuiteMainPhase(TestSuiteExecutor.java:151)
	at com.kms.katalon.core.main.TestSuiteExecutor.execute(TestSuiteExecutor.java:106)
	at com.kms.katalon.core.main.TestCaseMain.startTestSuite(TestCaseMain.java:185)
	at com.kms.katalon.core.main.TestCaseMain$startTestSuite$0.call(Unknown Source)
	at TempTestSuite1678162735898.run(TempTestSuite1678162735898.groovy:36)
Caused by: org.openqa.selenium.WebDriverException: unknown error: net::ERR_NAME_NOT_RESOLVED
  (Session info: chrome=110.0.5481.178)
Build info: version: '3.141.59', revision: 'e82be7d358', time: '2018-11-14T08:25:53'
System info: host: 'HUYNH', ip: '172.18.224.1', os.name: 'Windows 10', os.arch: 'amd64', os.version: '10.0', java.version: '1.8.0_282'
Driver info: com.kms.katalon.selenium.driver.CChromeDriver
Capabilities {acceptInsecureCerts: false, browserName: chrome, browserVersion: 110.0.5481.178, chrome: {chromedriverVersion: 109.0.5414.74 (e7c5703604da..., userDataDir: C:\Users\huynh\AppData\Loca...}, goog:chromeOptions: {debuggerAddress: localhost:59121}, javascriptEnabled: true, networkConnectionEnabled: false, pageLoadStrategy: normal, platform: WINDOWS, platformName: WINDOWS, proxy: Proxy(), setWindowRect: true, strictFileInteractability: false, timeouts: {implicit: 0, pageLoad: 300000, script: 30000}, unhandledPromptBehavior: dismiss and notify, webauthn:extension:credBlob: true, webauthn:extension:largeBlob: true, webauthn:virtualAuthenticators: true}
Session ID: a3cff83153c6321110407ab4d78bc27b
	at org.openqa.selenium.remote.http.W3CHttpResponseCodec.createException(W3CHttpResponseCodec.java:187)
	at org.openqa.selenium.remote.http.W3CHttpResponseCodec.decode(W3CHttpResponseCodec.java:122)
	at org.openqa.selenium.remote.http.W3CHttpResponseCodec.decode(W3CHttpResponseCodec.java:49)
	at org.openqa.selenium.remote.HttpCommandExecutor.execute(HttpCommandExecutor.java:158)
	at org.openqa.selenium.remote.service.DriverCommandExecutor.execute(DriverCommandExecutor.java:83)
	at org.openqa.selenium.remote.RemoteWebDriver.execute(RemoteWebDriver.java:552)
	at com.kms.katalon.selenium.driver.CChromeDriver.execute(CChromeDriver.java:19)
	at org.openqa.selenium.remote.RemoteWebDriver.get(RemoteWebDriver.java:277)
	at org.openqa.selenium.remote.RemoteWebDriver$RemoteNavigation.to(RemoteWebDriver.java:857)
	at org.openqa.selenium.support.events.EventFiringWebDriver$EventFiringNavigation.to(EventFiringWebDriver.java:569)
	at com.kms.katalon.core.webui.keyword.builtin.NavigateToUrlKeyword$_navigateToUrl_closure1.doCall(NavigateToUrlKeyword.groovy:81)
	at com.kms.katalon.core.webui.keyword.builtin.NavigateToUrlKeyword$_navigateToUrl_closure1.call(NavigateToUrlKeyword.groovy)
	at com.kms.katalon.core.webui.keyword.internal.WebUIKeywordMain.runKeyword(WebUIKeywordMain.groovy:20)
	at com.kms.katalon.core.webui.keyword.builtin.NavigateToUrlKeyword.navigateToUrl(NavigateToUrlKeyword.groovy:83)
	at com.kms.katalon.core.webui.keyword.builtin.NavigateToUrlKeyword.execute(NavigateToUrlKeyword.groovy:67)
	at com.kms.katalon.core.keyword.internal.KeywordExecutor.executeKeywordForPlatform(KeywordExecutor.groovy:74)
	at com.kms.katalon.core.webui.keyword.WebUiBuiltInKeywords.navigateToUrl(WebUiBuiltInKeywords.groovy:187)
	at com.kms.katalon.core.webui.keyword.WebUiBuiltInKeywords$navigateToUrl$1.call(Unknown Source)
	at shopify.store.loginShopifyPartner(store.groovy:28)
	at shopify.store.invokeMethod(store.groovy)
	at com.kms.katalon.core.main.CustomKeywordDelegatingMetaClass.invokeStaticMethod(CustomKeywordDelegatingMetaClass.java:55)
	at Script1673851860327.run(Script1673851860327.groovy:37)
	... 13 more
)
[[ATTACHMENT|C:\\Users\\huynh\\Documents\\Socialhead\\Automation\\Katalon project\\CreateStore\\CreateStore\\Reports\\20230307_111854\\Store\\Create Store\\20230307_111855\\1678169952003.png]]

2023-03-07 13:19:12 - [MESSAGE][FAILED] - Unable to navigate to 'https://partners.shopify.com/1662018/stores/new'

2023-03-07 13:19:12 - [TEST_STEP][PASSED] - Start tear down : teardownIfFailed: Method 'teardownIfFailed' complete successfully

2023-03-07 13:19:12 - [TEST_STEP][PASSED] - data.excel.updateValueToSheet(file_data, "store", 4, store_name, 7, "Failed"): data.excel.updateValueToSheet is PASSED

2023-03-07 13:19:12 - [MESSAGE][PASSED] - data.excel.updateValueToSheet is PASSED

2023-03-07 13:19:12 - [MESSAGE][PASSED] - Method 'teardownIfFailed' complete successfully]]></system-out>
         <system-err><![CDATA[2023-03-07 13:19:10 - [TEST_CASE][FAILED] - Test Cases/Shopify/CreateStore: Test Cases/Shopify/CreateStore FAILED.
Reason:
com.kms.katalon.core.exception.StepFailedException: Unable to navigate to 'https://partners.shopify.com/1662018/stores/new'
	at com.kms.katalon.core.webui.keyword.internal.WebUIKeywordMain.stepFailed(WebUIKeywordMain.groovy:64)
	at com.kms.katalon.core.webui.keyword.internal.WebUIKeywordMain.runKeyword(WebUIKeywordMain.groovy:26)
	at com.kms.katalon.core.webui.keyword.builtin.NavigateToUrlKeyword.navigateToUrl(NavigateToUrlKeyword.groovy:83)
	at com.kms.katalon.core.webui.keyword.builtin.NavigateToUrlKeyword.execute(NavigateToUrlKeyword.groovy:67)
	at com.kms.katalon.core.keyword.internal.KeywordExecutor.executeKeywordForPlatform(KeywordExecutor.groovy:74)
	at com.kms.katalon.core.webui.keyword.WebUiBuiltInKeywords.navigateToUrl(WebUiBuiltInKeywords.groovy:187)
	at com.kms.katalon.core.webui.keyword.WebUiBuiltInKeywords$navigateToUrl$1.call(Unknown Source)
	at shopify.store.loginShopifyPartner(store.groovy:28)
	at shopify.store.invokeMethod(store.groovy)
	at com.kms.katalon.core.main.CustomKeywordDelegatingMetaClass.invokeStaticMethod(CustomKeywordDelegatingMetaClass.java:55)
	at CreateStore.run(CreateStore:37)
	at com.kms.katalon.core.main.ScriptEngine.run(ScriptEngine.java:194)
	at com.kms.katalon.core.main.ScriptEngine.runScriptAsRawText(ScriptEngine.java:119)
	at com.kms.katalon.core.main.TestCaseExecutor.runScript(TestCaseExecutor.java:448)
	at com.kms.katalon.core.main.TestCaseExecutor.doExecute(TestCaseExecutor.java:439)
	at com.kms.katalon.core.main.TestCaseExecutor.processExecutionPhase(TestCaseExecutor.java:418)
	at com.kms.katalon.core.main.TestCaseExecutor.accessMainPhase(TestCaseExecutor.java:410)
	at com.kms.katalon.core.main.TestCaseExecutor.execute(TestCaseExecutor.java:285)
	at com.kms.katalon.core.common.CommonExecutor.accessTestCaseMainPhase(CommonExecutor.java:65)
	at com.kms.katalon.core.main.TestSuiteExecutor.accessTestSuiteMainPhase(TestSuiteExecutor.java:151)
	at com.kms.katalon.core.main.TestSuiteExecutor.execute(TestSuiteExecutor.java:106)
	at com.kms.katalon.core.main.TestCaseMain.startTestSuite(TestCaseMain.java:185)
	at com.kms.katalon.core.main.TestCaseMain$startTestSuite$0.call(Unknown Source)
	at TempTestSuite1678162735898.run(TempTestSuite1678162735898.groovy:36)
Caused by: org.openqa.selenium.WebDriverException: unknown error: net::ERR_NAME_NOT_RESOLVED
  (Session info: chrome=110.0.5481.178)
Build info: version: '3.141.59', revision: 'e82be7d358', time: '2018-11-14T08:25:53'
System info: host: 'HUYNH', ip: '172.18.224.1', os.name: 'Windows 10', os.arch: 'amd64', os.version: '10.0', java.version: '1.8.0_282'
Driver info: com.kms.katalon.selenium.driver.CChromeDriver
Capabilities {acceptInsecureCerts: false, browserName: chrome, browserVersion: 110.0.5481.178, chrome: {chromedriverVersion: 109.0.5414.74 (e7c5703604da..., userDataDir: C:\Users\huynh\AppData\Loca...}, goog:chromeOptions: {debuggerAddress: localhost:59121}, javascriptEnabled: true, networkConnectionEnabled: false, pageLoadStrategy: normal, platform: WINDOWS, platformName: WINDOWS, proxy: Proxy(), setWindowRect: true, strictFileInteractability: false, timeouts: {implicit: 0, pageLoad: 300000, script: 30000}, unhandledPromptBehavior: dismiss and notify, webauthn:extension:credBlob: true, webauthn:extension:largeBlob: true, webauthn:virtualAuthenticators: true}
Session ID: a3cff83153c6321110407ab4d78bc27b
	at org.openqa.selenium.remote.http.W3CHttpResponseCodec.createException(W3CHttpResponseCodec.java:187)
	at org.openqa.selenium.remote.http.W3CHttpResponseCodec.decode(W3CHttpResponseCodec.java:122)
	at org.openqa.selenium.remote.http.W3CHttpResponseCodec.decode(W3CHttpResponseCodec.java:49)
	at org.openqa.selenium.remote.HttpCommandExecutor.execute(HttpCommandExecutor.java:158)
	at org.openqa.selenium.remote.service.DriverCommandExecutor.execute(DriverCommandExecutor.java:83)
	at org.openqa.selenium.remote.RemoteWebDriver.execute(RemoteWebDriver.java:552)
	at com.kms.katalon.selenium.driver.CChromeDriver.execute(CChromeDriver.java:19)
	at org.openqa.selenium.remote.RemoteWebDriver.get(RemoteWebDriver.java:277)
	at org.openqa.selenium.remote.RemoteWebDriver$RemoteNavigation.to(RemoteWebDriver.java:857)
	at org.openqa.selenium.support.events.EventFiringWebDriver$EventFiringNavigation.to(EventFiringWebDriver.java:569)
	at com.kms.katalon.core.webui.keyword.builtin.NavigateToUrlKeyword$_navigateToUrl_closure1.doCall(NavigateToUrlKeyword.groovy:81)
	at com.kms.katalon.core.webui.keyword.builtin.NavigateToUrlKeyword$_navigateToUrl_closure1.call(NavigateToUrlKeyword.groovy)
	at com.kms.katalon.core.webui.keyword.internal.WebUIKeywordMain.runKeyword(WebUIKeywordMain.groovy:20)
	... 22 more]]></system-err>
      </testcase>
      <testcase name="Test Cases/Shopify/CreateStore" time="2.176" classname="Test Cases/Shopify/CreateStore" status="FAILED">
         <failure type="FAILED" message="Test Cases/Shopify/CreateStore FAILED.
Reason:
com.kms.katalon.core.exception.StepFailedException: Unable to navigate to 'https://partners.shopify.com/1662018/stores/new'
	at com.kms.katalon.core.webui.keyword.internal.WebUIKeywordMain.stepFailed(WebUIKeywordMain.groovy:64)
	at com.kms.katalon.core.webui.keyword.internal.WebUIKeywordMain.runKeyword(WebUIKeywordMain.groovy:26)
	at com.kms.katalon.core.webui.keyword.builtin.NavigateToUrlKeyword.navigateToUrl(NavigateToUrlKeyword.groovy:83)
	at com.kms.katalon.core.webui.keyword.builtin.NavigateToUrlKeyword.execute(NavigateToUrlKeyword.groovy:67)
	at com.kms.katalon.core.keyword.internal.KeywordExecutor.executeKeywordForPlatform(KeywordExecutor.groovy:74)
	at com.kms.katalon.core.webui.keyword.WebUiBuiltInKeywords.navigateToUrl(WebUiBuiltInKeywords.groovy:187)
	at com.kms.katalon.core.webui.keyword.WebUiBuiltInKeywords$navigateToUrl$1.call(Unknown Source)
	at shopify.store.loginShopifyPartner(store.groovy:28)
	at shopify.store.invokeMethod(store.groovy)
	at com.kms.katalon.core.main.CustomKeywordDelegatingMetaClass.invokeStaticMethod(CustomKeywordDelegatingMetaClass.java:55)
	at CreateStore.run(CreateStore:37)
	at com.kms.katalon.core.main.ScriptEngine.run(ScriptEngine.java:194)
	at com.kms.katalon.core.main.ScriptEngine.runScriptAsRawText(ScriptEngine.java:119)
	at com.kms.katalon.core.main.TestCaseExecutor.runScript(TestCaseExecutor.java:448)
	at com.kms.katalon.core.main.TestCaseExecutor.doExecute(TestCaseExecutor.java:439)
	at com.kms.katalon.core.main.TestCaseExecutor.processExecutionPhase(TestCaseExecutor.java:418)
	at com.kms.katalon.core.main.TestCaseExecutor.accessMainPhase(TestCaseExecutor.java:410)
	at com.kms.katalon.core.main.TestCaseExecutor.execute(TestCaseExecutor.java:285)
	at com.kms.katalon.core.common.CommonExecutor.accessTestCaseMainPhase(CommonExecutor.java:65)
	at com.kms.katalon.core.main.TestSuiteExecutor.accessTestSuiteMainPhase(TestSuiteExecutor.java:151)
	at com.kms.katalon.core.main.TestSuiteExecutor.execute(TestSuiteExecutor.java:106)
	at com.kms.katalon.core.main.TestCaseMain.startTestSuite(TestCaseMain.java:185)
	at com.kms.katalon.core.main.TestCaseMain$startTestSuite$0.call(Unknown Source)
	at TempTestSuite1678162735898.run(TempTestSuite1678162735898.groovy:36)
Caused by: org.openqa.selenium.WebDriverException: unknown error: net::ERR_NAME_NOT_RESOLVED
  (Session info: chrome=110.0.5481.178)
Build info: version: '3.141.59', revision: 'e82be7d358', time: '2018-11-14T08:25:53'
System info: host: 'HUYNH', ip: '172.18.224.1', os.name: 'Windows 10', os.arch: 'amd64', os.version: '10.0', java.version: '1.8.0_282'
Driver info: com.kms.katalon.selenium.driver.CChromeDriver
Capabilities {acceptInsecureCerts: false, browserName: chrome, browserVersion: 110.0.5481.178, chrome: {chromedriverVersion: 109.0.5414.74 (e7c5703604da..., userDataDir: C:\Users\huynh\AppData\Loca...}, goog:chromeOptions: {debuggerAddress: localhost:59135}, javascriptEnabled: true, networkConnectionEnabled: false, pageLoadStrategy: normal, platform: WINDOWS, platformName: WINDOWS, proxy: Proxy(), setWindowRect: true, strictFileInteractability: false, timeouts: {implicit: 0, pageLoad: 300000, script: 30000}, unhandledPromptBehavior: dismiss and notify, webauthn:extension:credBlob: true, webauthn:extension:largeBlob: true, webauthn:virtualAuthenticators: true}
Session ID: 6239916ad026208c880e22754fb88c93
	at org.openqa.selenium.remote.http.W3CHttpResponseCodec.createException(W3CHttpResponseCodec.java:187)
	at org.openqa.selenium.remote.http.W3CHttpResponseCodec.decode(W3CHttpResponseCodec.java:122)
	at org.openqa.selenium.remote.http.W3CHttpResponseCodec.decode(W3CHttpResponseCodec.java:49)
	at org.openqa.selenium.remote.HttpCommandExecutor.execute(HttpCommandExecutor.java:158)
	at org.openqa.selenium.remote.service.DriverCommandExecutor.execute(DriverCommandExecutor.java:83)
	at org.openqa.selenium.remote.RemoteWebDriver.execute(RemoteWebDriver.java:552)
	at com.kms.katalon.selenium.driver.CChromeDriver.execute(CChromeDriver.java:19)
	at org.openqa.selenium.remote.RemoteWebDriver.get(RemoteWebDriver.java:277)
	at org.openqa.selenium.remote.RemoteWebDriver$RemoteNavigation.to(RemoteWebDriver.java:857)
	at org.openqa.selenium.support.events.EventFiringWebDriver$EventFiringNavigation.to(EventFiringWebDriver.java:569)
	at com.kms.katalon.core.webui.keyword.builtin.NavigateToUrlKeyword$_navigateToUrl_closure1.doCall(NavigateToUrlKeyword.groovy:81)
	at com.kms.katalon.core.webui.keyword.builtin.NavigateToUrlKeyword$_navigateToUrl_closure1.call(NavigateToUrlKeyword.groovy)
	at com.kms.katalon.core.webui.keyword.internal.WebUIKeywordMain.runKeyword(WebUIKeywordMain.groovy:20)
	... 22 more
"/>
         <system-out><![CDATA[2023-03-07 13:19:12 - [TEST_CASE][FAILED] - Test Cases/Shopify/CreateStore: Test Cases/Shopify/CreateStore FAILED.
Reason:
com.kms.katalon.core.exception.StepFailedException: Unable to navigate to 'https://partners.shopify.com/1662018/stores/new'
	at com.kms.katalon.core.webui.keyword.internal.WebUIKeywordMain.stepFailed(WebUIKeywordMain.groovy:64)
	at com.kms.katalon.core.webui.keyword.internal.WebUIKeywordMain.runKeyword(WebUIKeywordMain.groovy:26)
	at com.kms.katalon.core.webui.keyword.builtin.NavigateToUrlKeyword.navigateToUrl(NavigateToUrlKeyword.groovy:83)
	at com.kms.katalon.core.webui.keyword.builtin.NavigateToUrlKeyword.execute(NavigateToUrlKeyword.groovy:67)
	at com.kms.katalon.core.keyword.internal.KeywordExecutor.executeKeywordForPlatform(KeywordExecutor.groovy:74)
	at com.kms.katalon.core.webui.keyword.WebUiBuiltInKeywords.navigateToUrl(WebUiBuiltInKeywords.groovy:187)
	at com.kms.katalon.core.webui.keyword.WebUiBuiltInKeywords$navigateToUrl$1.call(Unknown Source)
	at shopify.store.loginShopifyPartner(store.groovy:28)
	at shopify.store.invokeMethod(store.groovy)
	at com.kms.katalon.core.main.CustomKeywordDelegatingMetaClass.invokeStaticMethod(CustomKeywordDelegatingMetaClass.java:55)
	at CreateStore.run(CreateStore:37)
	at com.kms.katalon.core.main.ScriptEngine.run(ScriptEngine.java:194)
	at com.kms.katalon.core.main.ScriptEngine.runScriptAsRawText(ScriptEngine.java:119)
	at com.kms.katalon.core.main.TestCaseExecutor.runScript(TestCaseExecutor.java:448)
	at com.kms.katalon.core.main.TestCaseExecutor.doExecute(TestCaseExecutor.java:439)
	at com.kms.katalon.core.main.TestCaseExecutor.processExecutionPhase(TestCaseExecutor.java:418)
	at com.kms.katalon.core.main.TestCaseExecutor.accessMainPhase(TestCaseExecutor.java:410)
	at com.kms.katalon.core.main.TestCaseExecutor.execute(TestCaseExecutor.java:285)
	at com.kms.katalon.core.common.CommonExecutor.accessTestCaseMainPhase(CommonExecutor.java:65)
	at com.kms.katalon.core.main.TestSuiteExecutor.accessTestSuiteMainPhase(TestSuiteExecutor.java:151)
	at com.kms.katalon.core.main.TestSuiteExecutor.execute(TestSuiteExecutor.java:106)
	at com.kms.katalon.core.main.TestCaseMain.startTestSuite(TestCaseMain.java:185)
	at com.kms.katalon.core.main.TestCaseMain$startTestSuite$0.call(Unknown Source)
	at TempTestSuite1678162735898.run(TempTestSuite1678162735898.groovy:36)
Caused by: org.openqa.selenium.WebDriverException: unknown error: net::ERR_NAME_NOT_RESOLVED
  (Session info: chrome=110.0.5481.178)
Build info: version: '3.141.59', revision: 'e82be7d358', time: '2018-11-14T08:25:53'
System info: host: 'HUYNH', ip: '172.18.224.1', os.name: 'Windows 10', os.arch: 'amd64', os.version: '10.0', java.version: '1.8.0_282'
Driver info: com.kms.katalon.selenium.driver.CChromeDriver
Capabilities {acceptInsecureCerts: false, browserName: chrome, browserVersion: 110.0.5481.178, chrome: {chromedriverVersion: 109.0.5414.74 (e7c5703604da..., userDataDir: C:\Users\huynh\AppData\Loca...}, goog:chromeOptions: {debuggerAddress: localhost:59135}, javascriptEnabled: true, networkConnectionEnabled: false, pageLoadStrategy: normal, platform: WINDOWS, platformName: WINDOWS, proxy: Proxy(), setWindowRect: true, strictFileInteractability: false, timeouts: {implicit: 0, pageLoad: 300000, script: 30000}, unhandledPromptBehavior: dismiss and notify, webauthn:extension:credBlob: true, webauthn:extension:largeBlob: true, webauthn:virtualAuthenticators: true}
Session ID: 6239916ad026208c880e22754fb88c93
	at org.openqa.selenium.remote.http.W3CHttpResponseCodec.createException(W3CHttpResponseCodec.java:187)
	at org.openqa.selenium.remote.http.W3CHttpResponseCodec.decode(W3CHttpResponseCodec.java:122)
	at org.openqa.selenium.remote.http.W3CHttpResponseCodec.decode(W3CHttpResponseCodec.java:49)
	at org.openqa.selenium.remote.HttpCommandExecutor.execute(HttpCommandExecutor.java:158)
	at org.openqa.selenium.remote.service.DriverCommandExecutor.execute(DriverCommandExecutor.java:83)
	at org.openqa.selenium.remote.RemoteWebDriver.execute(RemoteWebDriver.java:552)
	at com.kms.katalon.selenium.driver.CChromeDriver.execute(CChromeDriver.java:19)
	at org.openqa.selenium.remote.RemoteWebDriver.get(RemoteWebDriver.java:277)
	at org.openqa.selenium.remote.RemoteWebDriver$RemoteNavigation.to(RemoteWebDriver.java:857)
	at org.openqa.selenium.support.events.EventFiringWebDriver$EventFiringNavigation.to(EventFiringWebDriver.java:569)
	at com.kms.katalon.core.webui.keyword.builtin.NavigateToUrlKeyword$_navigateToUrl_closure1.doCall(NavigateToUrlKeyword.groovy:81)
	at com.kms.katalon.core.webui.keyword.builtin.NavigateToUrlKeyword$_navigateToUrl_closure1.call(NavigateToUrlKeyword.groovy)
	at com.kms.katalon.core.webui.keyword.internal.WebUIKeywordMain.runKeyword(WebUIKeywordMain.groovy:20)
	... 22 more


2023-03-07 13:19:12 - [TEST_STEP][PASSED] - Start listener action : skipStatus: null

2023-03-07 13:19:12 - [TEST_STEP][PASSED] - map = testCaseContext.getTestCaseVariables(): null

2023-03-07 13:19:12 - [TEST_STEP][PASSED] - testcae_status = map.get("testcase_status"): null

2023-03-07 13:19:12 - [TEST_STEP][PASSED] - println(testcae_status): null

2023-03-07 13:19:12 - [TEST_STEP][PASSED] - if (testcae_status == "Passed" || testcae_status == "Failed"): null

2023-03-07 13:19:12 - [TEST_STEP][PASSED] - log = new com.kms.katalon.core.util.KeywordUtil(): null

2023-03-07 13:19:12 - [TEST_STEP][PASSED] - openBrowser(""): Browser is opened with url: ''

2023-03-07 13:19:12 - [MESSAGE][WARNING] - A browser is already opened. Closing browser and opening a new one

2023-03-07 13:19:12 - [MESSAGE][INFO] - Starting 'Chrome' driver

2023-03-07 13:19:12 - [MESSAGE][INFO] - Action delay is set to 0 milliseconds

2023-03-07 13:19:13 - [MESSAGE][PASSED] - Browser is opened with url: ''

2023-03-07 13:19:13 - [TEST_STEP][PASSED] - maximizeWindow(): Current window maximized

2023-03-07 13:19:14 - [MESSAGE][PASSED] - Current window maximized

2023-03-07 13:19:14 - [TEST_STEP][FAILED] - shopify.store.loginShopifyPartner(partner_email, partner_password, partner_id): Unable to navigate to 'https://partners.shopify.com/1662018/stores/new'

2023-03-07 13:19:14 - [MESSAGE][FAILED] - Unable to navigate to 'https://partners.shopify.com/1662018/stores/new' (Root cause: com.kms.katalon.core.exception.StepFailedException: Unable to navigate to 'https://partners.shopify.com/1662018/stores/new'
	at com.kms.katalon.core.webui.keyword.internal.WebUIKeywordMain.stepFailed(WebUIKeywordMain.groovy:64)
	at com.kms.katalon.core.webui.keyword.internal.WebUIKeywordMain.runKeyword(WebUIKeywordMain.groovy:26)
	at com.kms.katalon.core.webui.keyword.builtin.NavigateToUrlKeyword.navigateToUrl(NavigateToUrlKeyword.groovy:83)
	at com.kms.katalon.core.webui.keyword.builtin.NavigateToUrlKeyword.execute(NavigateToUrlKeyword.groovy:67)
	at com.kms.katalon.core.keyword.internal.KeywordExecutor.executeKeywordForPlatform(KeywordExecutor.groovy:74)
	at com.kms.katalon.core.webui.keyword.WebUiBuiltInKeywords.navigateToUrl(WebUiBuiltInKeywords.groovy:187)
	at com.kms.katalon.core.webui.keyword.WebUiBuiltInKeywords$navigateToUrl$1.call(Unknown Source)
	at shopify.store.loginShopifyPartner(store.groovy:28)
	at shopify.store.invokeMethod(store.groovy)
	at com.kms.katalon.core.main.CustomKeywordDelegatingMetaClass.invokeStaticMethod(CustomKeywordDelegatingMetaClass.java:55)
	at CreateStore.run(CreateStore:37)
	at com.kms.katalon.core.main.ScriptEngine.run(ScriptEngine.java:194)
	at com.kms.katalon.core.main.ScriptEngine.runScriptAsRawText(ScriptEngine.java:119)
	at com.kms.katalon.core.main.TestCaseExecutor.runScript(TestCaseExecutor.java:448)
	at com.kms.katalon.core.main.TestCaseExecutor.doExecute(TestCaseExecutor.java:439)
	at com.kms.katalon.core.main.TestCaseExecutor.processExecutionPhase(TestCaseExecutor.java:418)
	at com.kms.katalon.core.main.TestCaseExecutor.accessMainPhase(TestCaseExecutor.java:410)
	at com.kms.katalon.core.main.TestCaseExecutor.execute(TestCaseExecutor.java:285)
	at com.kms.katalon.core.common.CommonExecutor.accessTestCaseMainPhase(CommonExecutor.java:65)
	at com.kms.katalon.core.main.TestSuiteExecutor.accessTestSuiteMainPhase(TestSuiteExecutor.java:151)
	at com.kms.katalon.core.main.TestSuiteExecutor.execute(TestSuiteExecutor.java:106)
	at com.kms.katalon.core.main.TestCaseMain.startTestSuite(TestCaseMain.java:185)
	at com.kms.katalon.core.main.TestCaseMain$startTestSuite$0.call(Unknown Source)
	at TempTestSuite1678162735898.run(TempTestSuite1678162735898.groovy:36)
Caused by: org.openqa.selenium.WebDriverException: unknown error: net::ERR_NAME_NOT_RESOLVED
  (Session info: chrome=110.0.5481.178)
Build info: version: '3.141.59', revision: 'e82be7d358', time: '2018-11-14T08:25:53'
System info: host: 'HUYNH', ip: '172.18.224.1', os.name: 'Windows 10', os.arch: 'amd64', os.version: '10.0', java.version: '1.8.0_282'
Driver info: com.kms.katalon.selenium.driver.CChromeDriver
Capabilities {acceptInsecureCerts: false, browserName: chrome, browserVersion: 110.0.5481.178, chrome: {chromedriverVersion: 109.0.5414.74 (e7c5703604da..., userDataDir: C:\Users\huynh\AppData\Loca...}, goog:chromeOptions: {debuggerAddress: localhost:59135}, javascriptEnabled: true, networkConnectionEnabled: false, pageLoadStrategy: normal, platform: WINDOWS, platformName: WINDOWS, proxy: Proxy(), setWindowRect: true, strictFileInteractability: false, timeouts: {implicit: 0, pageLoad: 300000, script: 30000}, unhandledPromptBehavior: dismiss and notify, webauthn:extension:credBlob: true, webauthn:extension:largeBlob: true, webauthn:virtualAuthenticators: true}
Session ID: 6239916ad026208c880e22754fb88c93
	at org.openqa.selenium.remote.http.W3CHttpResponseCodec.createException(W3CHttpResponseCodec.java:187)
	at org.openqa.selenium.remote.http.W3CHttpResponseCodec.decode(W3CHttpResponseCodec.java:122)
	at org.openqa.selenium.remote.http.W3CHttpResponseCodec.decode(W3CHttpResponseCodec.java:49)
	at org.openqa.selenium.remote.HttpCommandExecutor.execute(HttpCommandExecutor.java:158)
	at org.openqa.selenium.remote.service.DriverCommandExecutor.execute(DriverCommandExecutor.java:83)
	at org.openqa.selenium.remote.RemoteWebDriver.execute(RemoteWebDriver.java:552)
	at com.kms.katalon.selenium.driver.CChromeDriver.execute(CChromeDriver.java:19)
	at org.openqa.selenium.remote.RemoteWebDriver.get(RemoteWebDriver.java:277)
	at org.openqa.selenium.remote.RemoteWebDriver$RemoteNavigation.to(RemoteWebDriver.java:857)
	at org.openqa.selenium.support.events.EventFiringWebDriver$EventFiringNavigation.to(EventFiringWebDriver.java:569)
	at com.kms.katalon.core.webui.keyword.builtin.NavigateToUrlKeyword$_navigateToUrl_closure1.doCall(NavigateToUrlKeyword.groovy:81)
	at com.kms.katalon.core.webui.keyword.builtin.NavigateToUrlKeyword$_navigateToUrl_closure1.call(NavigateToUrlKeyword.groovy)
	at com.kms.katalon.core.webui.keyword.internal.WebUIKeywordMain.runKeyword(WebUIKeywordMain.groovy:20)
	at com.kms.katalon.core.webui.keyword.builtin.NavigateToUrlKeyword.navigateToUrl(NavigateToUrlKeyword.groovy:83)
	at com.kms.katalon.core.webui.keyword.builtin.NavigateToUrlKeyword.execute(NavigateToUrlKeyword.groovy:67)
	at com.kms.katalon.core.keyword.internal.KeywordExecutor.executeKeywordForPlatform(KeywordExecutor.groovy:74)
	at com.kms.katalon.core.webui.keyword.WebUiBuiltInKeywords.navigateToUrl(WebUiBuiltInKeywords.groovy:187)
	at com.kms.katalon.core.webui.keyword.WebUiBuiltInKeywords$navigateToUrl$1.call(Unknown Source)
	at shopify.store.loginShopifyPartner(store.groovy:28)
	at shopify.store.invokeMethod(store.groovy)
	at com.kms.katalon.core.main.CustomKeywordDelegatingMetaClass.invokeStaticMethod(CustomKeywordDelegatingMetaClass.java:55)
	at Script1673851860327.run(Script1673851860327.groovy:37)
	... 13 more
)
[[ATTACHMENT|C:\\Users\\huynh\\Documents\\Socialhead\\Automation\\Katalon project\\CreateStore\\CreateStore\\Reports\\20230307_111854\\Store\\Create Store\\20230307_111855\\1678169954207.png]]

2023-03-07 13:19:14 - [MESSAGE][FAILED] - Unable to navigate to 'https://partners.shopify.com/1662018/stores/new'

2023-03-07 13:19:14 - [TEST_STEP][PASSED] - Start tear down : teardownIfFailed: Method 'teardownIfFailed' complete successfully

2023-03-07 13:19:14 - [TEST_STEP][PASSED] - data.excel.updateValueToSheet(file_data, "store", 4, store_name, 7, "Failed"): data.excel.updateValueToSheet is PASSED

2023-03-07 13:19:14 - [MESSAGE][PASSED] - data.excel.updateValueToSheet is PASSED

2023-03-07 13:19:14 - [MESSAGE][PASSED] - Method 'teardownIfFailed' complete successfully]]></system-out>
         <system-err><![CDATA[2023-03-07 13:19:12 - [TEST_CASE][FAILED] - Test Cases/Shopify/CreateStore: Test Cases/Shopify/CreateStore FAILED.
Reason:
com.kms.katalon.core.exception.StepFailedException: Unable to navigate to 'https://partners.shopify.com/1662018/stores/new'
	at com.kms.katalon.core.webui.keyword.internal.WebUIKeywordMain.stepFailed(WebUIKeywordMain.groovy:64)
	at com.kms.katalon.core.webui.keyword.internal.WebUIKeywordMain.runKeyword(WebUIKeywordMain.groovy:26)
	at com.kms.katalon.core.webui.keyword.builtin.NavigateToUrlKeyword.navigateToUrl(NavigateToUrlKeyword.groovy:83)
	at com.kms.katalon.core.webui.keyword.builtin.NavigateToUrlKeyword.execute(NavigateToUrlKeyword.groovy:67)
	at com.kms.katalon.core.keyword.internal.KeywordExecutor.executeKeywordForPlatform(KeywordExecutor.groovy:74)
	at com.kms.katalon.core.webui.keyword.WebUiBuiltInKeywords.navigateToUrl(WebUiBuiltInKeywords.groovy:187)
	at com.kms.katalon.core.webui.keyword.WebUiBuiltInKeywords$navigateToUrl$1.call(Unknown Source)
	at shopify.store.loginShopifyPartner(store.groovy:28)
	at shopify.store.invokeMethod(store.groovy)
	at com.kms.katalon.core.main.CustomKeywordDelegatingMetaClass.invokeStaticMethod(CustomKeywordDelegatingMetaClass.java:55)
	at CreateStore.run(CreateStore:37)
	at com.kms.katalon.core.main.ScriptEngine.run(ScriptEngine.java:194)
	at com.kms.katalon.core.main.ScriptEngine.runScriptAsRawText(ScriptEngine.java:119)
	at com.kms.katalon.core.main.TestCaseExecutor.runScript(TestCaseExecutor.java:448)
	at com.kms.katalon.core.main.TestCaseExecutor.doExecute(TestCaseExecutor.java:439)
	at com.kms.katalon.core.main.TestCaseExecutor.processExecutionPhase(TestCaseExecutor.java:418)
	at com.kms.katalon.core.main.TestCaseExecutor.accessMainPhase(TestCaseExecutor.java:410)
	at com.kms.katalon.core.main.TestCaseExecutor.execute(TestCaseExecutor.java:285)
	at com.kms.katalon.core.common.CommonExecutor.accessTestCaseMainPhase(CommonExecutor.java:65)
	at com.kms.katalon.core.main.TestSuiteExecutor.accessTestSuiteMainPhase(TestSuiteExecutor.java:151)
	at com.kms.katalon.core.main.TestSuiteExecutor.execute(TestSuiteExecutor.java:106)
	at com.kms.katalon.core.main.TestCaseMain.startTestSuite(TestCaseMain.java:185)
	at com.kms.katalon.core.main.TestCaseMain$startTestSuite$0.call(Unknown Source)
	at TempTestSuite1678162735898.run(TempTestSuite1678162735898.groovy:36)
Caused by: org.openqa.selenium.WebDriverException: unknown error: net::ERR_NAME_NOT_RESOLVED
  (Session info: chrome=110.0.5481.178)
Build info: version: '3.141.59', revision: 'e82be7d358', time: '2018-11-14T08:25:53'
System info: host: 'HUYNH', ip: '172.18.224.1', os.name: 'Windows 10', os.arch: 'amd64', os.version: '10.0', java.version: '1.8.0_282'
Driver info: com.kms.katalon.selenium.driver.CChromeDriver
Capabilities {acceptInsecureCerts: false, browserName: chrome, browserVersion: 110.0.5481.178, chrome: {chromedriverVersion: 109.0.5414.74 (e7c5703604da..., userDataDir: C:\Users\huynh\AppData\Loca...}, goog:chromeOptions: {debuggerAddress: localhost:59135}, javascriptEnabled: true, networkConnectionEnabled: false, pageLoadStrategy: normal, platform: WINDOWS, platformName: WINDOWS, proxy: Proxy(), setWindowRect: true, strictFileInteractability: false, timeouts: {implicit: 0, pageLoad: 300000, script: 30000}, unhandledPromptBehavior: dismiss and notify, webauthn:extension:credBlob: true, webauthn:extension:largeBlob: true, webauthn:virtualAuthenticators: true}
Session ID: 6239916ad026208c880e22754fb88c93
	at org.openqa.selenium.remote.http.W3CHttpResponseCodec.createException(W3CHttpResponseCodec.java:187)
	at org.openqa.selenium.remote.http.W3CHttpResponseCodec.decode(W3CHttpResponseCodec.java:122)
	at org.openqa.selenium.remote.http.W3CHttpResponseCodec.decode(W3CHttpResponseCodec.java:49)
	at org.openqa.selenium.remote.HttpCommandExecutor.execute(HttpCommandExecutor.java:158)
	at org.openqa.selenium.remote.service.DriverCommandExecutor.execute(DriverCommandExecutor.java:83)
	at org.openqa.selenium.remote.RemoteWebDriver.execute(RemoteWebDriver.java:552)
	at com.kms.katalon.selenium.driver.CChromeDriver.execute(CChromeDriver.java:19)
	at org.openqa.selenium.remote.RemoteWebDriver.get(RemoteWebDriver.java:277)
	at org.openqa.selenium.remote.RemoteWebDriver$RemoteNavigation.to(RemoteWebDriver.java:857)
	at org.openqa.selenium.support.events.EventFiringWebDriver$EventFiringNavigation.to(EventFiringWebDriver.java:569)
	at com.kms.katalon.core.webui.keyword.builtin.NavigateToUrlKeyword$_navigateToUrl_closure1.doCall(NavigateToUrlKeyword.groovy:81)
	at com.kms.katalon.core.webui.keyword.builtin.NavigateToUrlKeyword$_navigateToUrl_closure1.call(NavigateToUrlKeyword.groovy)
	at com.kms.katalon.core.webui.keyword.internal.WebUIKeywordMain.runKeyword(WebUIKeywordMain.groovy:20)
	... 22 more]]></system-err>
      </testcase>
      <testcase name="Test Cases/Shopify/CreateStore" time="35.753" classname="Test Cases/Shopify/CreateStore" status="FAILED">
         <failure type="FAILED" message="Test Cases/Shopify/CreateStore FAILED.
Reason:
com.kms.katalon.core.exception.StepFailedException: Unable to set text 'huynh@firegroup.io' of object 'Object Repository/Shopify/input_email_shopify'
	at com.kms.katalon.core.webui.keyword.internal.WebUIKeywordMain.stepFailed(WebUIKeywordMain.groovy:64)
	at com.kms.katalon.core.webui.keyword.internal.WebUIKeywordMain.runKeyword(WebUIKeywordMain.groovy:26)
	at com.kms.katalon.core.webui.keyword.builtin.SetTextKeyword.setText(SetTextKeyword.groovy:66)
	at com.kms.katalon.core.webui.keyword.builtin.SetTextKeyword.execute(SetTextKeyword.groovy:37)
	at com.kms.katalon.core.keyword.internal.KeywordExecutor.executeKeywordForPlatform(KeywordExecutor.groovy:74)
	at com.kms.katalon.core.webui.keyword.WebUiBuiltInKeywords.setText(WebUiBuiltInKeywords.groovy:980)
	at com.kms.katalon.core.webui.keyword.WebUiBuiltInKeywords$setText$2.call(Unknown Source)
	at shopify.store.loginShopifyPartner(store.groovy:29)
	at shopify.store.invokeMethod(store.groovy)
	at com.kms.katalon.core.main.CustomKeywordDelegatingMetaClass.invokeStaticMethod(CustomKeywordDelegatingMetaClass.java:55)
	at CreateStore.run(CreateStore:37)
	at com.kms.katalon.core.main.ScriptEngine.run(ScriptEngine.java:194)
	at com.kms.katalon.core.main.ScriptEngine.runScriptAsRawText(ScriptEngine.java:119)
	at com.kms.katalon.core.main.TestCaseExecutor.runScript(TestCaseExecutor.java:448)
	at com.kms.katalon.core.main.TestCaseExecutor.doExecute(TestCaseExecutor.java:439)
	at com.kms.katalon.core.main.TestCaseExecutor.processExecutionPhase(TestCaseExecutor.java:418)
	at com.kms.katalon.core.main.TestCaseExecutor.accessMainPhase(TestCaseExecutor.java:410)
	at com.kms.katalon.core.main.TestCaseExecutor.execute(TestCaseExecutor.java:285)
	at com.kms.katalon.core.common.CommonExecutor.accessTestCaseMainPhase(CommonExecutor.java:65)
	at com.kms.katalon.core.main.TestSuiteExecutor.accessTestSuiteMainPhase(TestSuiteExecutor.java:151)
	at com.kms.katalon.core.main.TestSuiteExecutor.execute(TestSuiteExecutor.java:106)
	at com.kms.katalon.core.main.TestCaseMain.startTestSuite(TestCaseMain.java:185)
	at com.kms.katalon.core.main.TestCaseMain$startTestSuite$0.call(Unknown Source)
	at TempTestSuite1678162735898.run(TempTestSuite1678162735898.groovy:36)
Caused by: com.kms.katalon.core.webui.exception.WebElementNotFoundException: Web element with id: 'Object Repository/Shopify/input_email_shopify' located by '//input[@id='account_email']' not found
	at com.kms.katalon.core.webui.common.WebUiCommonHelper.findWebElement(WebUiCommonHelper.java:1370)
	at com.kms.katalon.core.webui.keyword.internal.WebUIAbstractKeyword.findWebElement(WebUIAbstractKeyword.groovy:27)
	at com.kms.katalon.core.webui.keyword.internal.WebUIAbstractKeyword.findWebElement(WebUIAbstractKeyword.groovy:26)
	at com.kms.katalon.core.webui.keyword.builtin.SetTextKeyword$_setText_closure1.doCall(SetTextKeyword.groovy:51)
	at com.kms.katalon.core.webui.keyword.builtin.SetTextKeyword$_setText_closure1.call(SetTextKeyword.groovy)
	at com.kms.katalon.core.webui.keyword.internal.WebUIKeywordMain.runKeyword(WebUIKeywordMain.groovy:20)
	... 22 more
"/>
         <system-out><![CDATA[2023-03-07 13:19:14 - [TEST_CASE][FAILED] - Test Cases/Shopify/CreateStore: Test Cases/Shopify/CreateStore FAILED.
Reason:
com.kms.katalon.core.exception.StepFailedException: Unable to set text 'huynh@firegroup.io' of object 'Object Repository/Shopify/input_email_shopify'
	at com.kms.katalon.core.webui.keyword.internal.WebUIKeywordMain.stepFailed(WebUIKeywordMain.groovy:64)
	at com.kms.katalon.core.webui.keyword.internal.WebUIKeywordMain.runKeyword(WebUIKeywordMain.groovy:26)
	at com.kms.katalon.core.webui.keyword.builtin.SetTextKeyword.setText(SetTextKeyword.groovy:66)
	at com.kms.katalon.core.webui.keyword.builtin.SetTextKeyword.execute(SetTextKeyword.groovy:37)
	at com.kms.katalon.core.keyword.internal.KeywordExecutor.executeKeywordForPlatform(KeywordExecutor.groovy:74)
	at com.kms.katalon.core.webui.keyword.WebUiBuiltInKeywords.setText(WebUiBuiltInKeywords.groovy:980)
	at com.kms.katalon.core.webui.keyword.WebUiBuiltInKeywords$setText$2.call(Unknown Source)
	at shopify.store.loginShopifyPartner(store.groovy:29)
	at shopify.store.invokeMethod(store.groovy)
	at com.kms.katalon.core.main.CustomKeywordDelegatingMetaClass.invokeStaticMethod(CustomKeywordDelegatingMetaClass.java:55)
	at CreateStore.run(CreateStore:37)
	at com.kms.katalon.core.main.ScriptEngine.run(ScriptEngine.java:194)
	at com.kms.katalon.core.main.ScriptEngine.runScriptAsRawText(ScriptEngine.java:119)
	at com.kms.katalon.core.main.TestCaseExecutor.runScript(TestCaseExecutor.java:448)
	at com.kms.katalon.core.main.TestCaseExecutor.doExecute(TestCaseExecutor.java:439)
	at com.kms.katalon.core.main.TestCaseExecutor.processExecutionPhase(TestCaseExecutor.java:418)
	at com.kms.katalon.core.main.TestCaseExecutor.accessMainPhase(TestCaseExecutor.java:410)
	at com.kms.katalon.core.main.TestCaseExecutor.execute(TestCaseExecutor.java:285)
	at com.kms.katalon.core.common.CommonExecutor.accessTestCaseMainPhase(CommonExecutor.java:65)
	at com.kms.katalon.core.main.TestSuiteExecutor.accessTestSuiteMainPhase(TestSuiteExecutor.java:151)
	at com.kms.katalon.core.main.TestSuiteExecutor.execute(TestSuiteExecutor.java:106)
	at com.kms.katalon.core.main.TestCaseMain.startTestSuite(TestCaseMain.java:185)
	at com.kms.katalon.core.main.TestCaseMain$startTestSuite$0.call(Unknown Source)
	at TempTestSuite1678162735898.run(TempTestSuite1678162735898.groovy:36)
Caused by: com.kms.katalon.core.webui.exception.WebElementNotFoundException: Web element with id: 'Object Repository/Shopify/input_email_shopify' located by '//input[@id='account_email']' not found
	at com.kms.katalon.core.webui.common.WebUiCommonHelper.findWebElement(WebUiCommonHelper.java:1370)
	at com.kms.katalon.core.webui.keyword.internal.WebUIAbstractKeyword.findWebElement(WebUIAbstractKeyword.groovy:27)
	at com.kms.katalon.core.webui.keyword.internal.WebUIAbstractKeyword.findWebElement(WebUIAbstractKeyword.groovy:26)
	at com.kms.katalon.core.webui.keyword.builtin.SetTextKeyword$_setText_closure1.doCall(SetTextKeyword.groovy:51)
	at com.kms.katalon.core.webui.keyword.builtin.SetTextKeyword$_setText_closure1.call(SetTextKeyword.groovy)
	at com.kms.katalon.core.webui.keyword.internal.WebUIKeywordMain.runKeyword(WebUIKeywordMain.groovy:20)
	... 22 more


2023-03-07 13:19:14 - [TEST_STEP][PASSED] - Start listener action : skipStatus: null

2023-03-07 13:19:14 - [TEST_STEP][PASSED] - map = testCaseContext.getTestCaseVariables(): null

2023-03-07 13:19:14 - [TEST_STEP][PASSED] - testcae_status = map.get("testcase_status"): null

2023-03-07 13:19:14 - [TEST_STEP][PASSED] - println(testcae_status): null

2023-03-07 13:19:14 - [TEST_STEP][PASSED] - if (testcae_status == "Passed" || testcae_status == "Failed"): null

2023-03-07 13:19:14 - [TEST_STEP][PASSED] - log = new com.kms.katalon.core.util.KeywordUtil(): null

2023-03-07 13:19:14 - [TEST_STEP][PASSED] - openBrowser(""): Browser is opened with url: ''

2023-03-07 13:19:14 - [MESSAGE][WARNING] - A browser is already opened. Closing browser and opening a new one

2023-03-07 13:19:15 - [MESSAGE][INFO] - Starting 'Chrome' driver

2023-03-07 13:19:15 - [MESSAGE][INFO] - Action delay is set to 0 milliseconds

2023-03-07 13:19:16 - [MESSAGE][PASSED] - Browser is opened with url: ''

2023-03-07 13:19:16 - [TEST_STEP][PASSED] - maximizeWindow(): Current window maximized

2023-03-07 13:19:16 - [MESSAGE][PASSED] - Current window maximized

2023-03-07 13:19:16 - [TEST_STEP][FAILED] - shopify.store.loginShopifyPartner(partner_email, partner_password, partner_id): Unable to set text 'huynh@firegroup.io' of object 'Object Repository/Shopify/input_email_shopify'

2023-03-07 13:19:16 - [MESSAGE][PASSED] - Navigate to 'https://partners.shopify.com/1662018/stores/new' successfully

2023-03-07 13:19:48 - [MESSAGE][INFO] - Unable to find the element located by 'By.xpath: //input[@id='account_email']'. Please recheck the objects properties to make sure the desired element is located. 

2023-03-07 13:19:48 - [MESSAGE][WARNING] - [SELF-HEALING] Failed to find element with id 'Object Repository/Shopify/input_email_shopify'. Try using Self-healing.

2023-03-07 13:19:49 - [MESSAGE][INFO] - [SELF-HEALING] No working XPath is found.

2023-03-07 13:19:50 - [MESSAGE][INFO] - Unable to find the element located by 'By.xpath: '. Please recheck the objects properties to make sure the desired element is located. 

2023-03-07 13:19:50 - [MESSAGE][WARNING] - [SELF-HEALING] Cannot find elements when the selector is null

2023-03-07 13:19:50 - [MESSAGE][FAILED] - Unable to set text 'huynh@firegroup.io' of object 'Object Repository/Shopify/input_email_shopify' (Root cause: com.kms.katalon.core.exception.StepFailedException: Unable to set text 'huynh@firegroup.io' of object 'Object Repository/Shopify/input_email_shopify'
	at com.kms.katalon.core.webui.keyword.internal.WebUIKeywordMain.stepFailed(WebUIKeywordMain.groovy:64)
	at com.kms.katalon.core.webui.keyword.internal.WebUIKeywordMain.runKeyword(WebUIKeywordMain.groovy:26)
	at com.kms.katalon.core.webui.keyword.builtin.SetTextKeyword.setText(SetTextKeyword.groovy:66)
	at com.kms.katalon.core.webui.keyword.builtin.SetTextKeyword.execute(SetTextKeyword.groovy:37)
	at com.kms.katalon.core.keyword.internal.KeywordExecutor.executeKeywordForPlatform(KeywordExecutor.groovy:74)
	at com.kms.katalon.core.webui.keyword.WebUiBuiltInKeywords.setText(WebUiBuiltInKeywords.groovy:980)
	at com.kms.katalon.core.webui.keyword.WebUiBuiltInKeywords$setText$2.call(Unknown Source)
	at shopify.store.loginShopifyPartner(store.groovy:29)
	at shopify.store.invokeMethod(store.groovy)
	at com.kms.katalon.core.main.CustomKeywordDelegatingMetaClass.invokeStaticMethod(CustomKeywordDelegatingMetaClass.java:55)
	at CreateStore.run(CreateStore:37)
	at com.kms.katalon.core.main.ScriptEngine.run(ScriptEngine.java:194)
	at com.kms.katalon.core.main.ScriptEngine.runScriptAsRawText(ScriptEngine.java:119)
	at com.kms.katalon.core.main.TestCaseExecutor.runScript(TestCaseExecutor.java:448)
	at com.kms.katalon.core.main.TestCaseExecutor.doExecute(TestCaseExecutor.java:439)
	at com.kms.katalon.core.main.TestCaseExecutor.processExecutionPhase(TestCaseExecutor.java:418)
	at com.kms.katalon.core.main.TestCaseExecutor.accessMainPhase(TestCaseExecutor.java:410)
	at com.kms.katalon.core.main.TestCaseExecutor.execute(TestCaseExecutor.java:285)
	at com.kms.katalon.core.common.CommonExecutor.accessTestCaseMainPhase(CommonExecutor.java:65)
	at com.kms.katalon.core.main.TestSuiteExecutor.accessTestSuiteMainPhase(TestSuiteExecutor.java:151)
	at com.kms.katalon.core.main.TestSuiteExecutor.execute(TestSuiteExecutor.java:106)
	at com.kms.katalon.core.main.TestCaseMain.startTestSuite(TestCaseMain.java:185)
	at com.kms.katalon.core.main.TestCaseMain$startTestSuite$0.call(Unknown Source)
	at TempTestSuite1678162735898.run(TempTestSuite1678162735898.groovy:36)
Caused by: com.kms.katalon.core.webui.exception.WebElementNotFoundException: Web element with id: 'Object Repository/Shopify/input_email_shopify' located by '//input[@id='account_email']' not found
	at com.kms.katalon.core.webui.common.WebUiCommonHelper.findWebElement(WebUiCommonHelper.java:1370)
	at com.kms.katalon.core.webui.keyword.internal.WebUIAbstractKeyword.findWebElement(WebUIAbstractKeyword.groovy:27)
	at com.kms.katalon.core.webui.keyword.internal.WebUIAbstractKeyword.findWebElement(WebUIAbstractKeyword.groovy:26)
	at com.kms.katalon.core.webui.keyword.builtin.SetTextKeyword$_setText_closure1.doCall(SetTextKeyword.groovy:51)
	at com.kms.katalon.core.webui.keyword.builtin.SetTextKeyword$_setText_closure1.call(SetTextKeyword.groovy)
	at com.kms.katalon.core.webui.keyword.internal.WebUIKeywordMain.runKeyword(WebUIKeywordMain.groovy:20)
	at com.kms.katalon.core.webui.keyword.builtin.SetTextKeyword.setText(SetTextKeyword.groovy:66)
	at com.kms.katalon.core.webui.keyword.builtin.SetTextKeyword.execute(SetTextKeyword.groovy:37)
	at com.kms.katalon.core.keyword.internal.KeywordExecutor.executeKeywordForPlatform(KeywordExecutor.groovy:74)
	at com.kms.katalon.core.webui.keyword.WebUiBuiltInKeywords.setText(WebUiBuiltInKeywords.groovy:980)
	at com.kms.katalon.core.webui.keyword.WebUiBuiltInKeywords$setText$2.call(Unknown Source)
	at shopify.store.loginShopifyPartner(store.groovy:29)
	at shopify.store.invokeMethod(store.groovy)
	at com.kms.katalon.core.main.CustomKeywordDelegatingMetaClass.invokeStaticMethod(CustomKeywordDelegatingMetaClass.java:55)
	at Script1673851860327.run(Script1673851860327.groovy:37)
	... 13 more
)
[[ATTACHMENT|C:\\Users\\huynh\\Documents\\Socialhead\\Automation\\Katalon project\\CreateStore\\CreateStore\\Reports\\20230307_111854\\Store\\Create Store\\20230307_111855\\1678169990027.png]]

2023-03-07 13:19:50 - [MESSAGE][FAILED] - Unable to set text 'huynh@firegroup.io' of object 'Object Repository/Shopify/input_email_shopify'

2023-03-07 13:19:50 - [TEST_STEP][PASSED] - Start tear down : teardownIfFailed: Method 'teardownIfFailed' complete successfully

2023-03-07 13:19:50 - [TEST_STEP][PASSED] - data.excel.updateValueToSheet(file_data, "store", 4, store_name, 7, "Failed"): data.excel.updateValueToSheet is PASSED

2023-03-07 13:19:50 - [MESSAGE][PASSED] - data.excel.updateValueToSheet is PASSED

2023-03-07 13:19:50 - [MESSAGE][PASSED] - Method 'teardownIfFailed' complete successfully]]></system-out>
         <system-err><![CDATA[2023-03-07 13:19:14 - [TEST_CASE][FAILED] - Test Cases/Shopify/CreateStore: Test Cases/Shopify/CreateStore FAILED.
Reason:
com.kms.katalon.core.exception.StepFailedException: Unable to set text 'huynh@firegroup.io' of object 'Object Repository/Shopify/input_email_shopify'
	at com.kms.katalon.core.webui.keyword.internal.WebUIKeywordMain.stepFailed(WebUIKeywordMain.groovy:64)
	at com.kms.katalon.core.webui.keyword.internal.WebUIKeywordMain.runKeyword(WebUIKeywordMain.groovy:26)
	at com.kms.katalon.core.webui.keyword.builtin.SetTextKeyword.setText(SetTextKeyword.groovy:66)
	at com.kms.katalon.core.webui.keyword.builtin.SetTextKeyword.execute(SetTextKeyword.groovy:37)
	at com.kms.katalon.core.keyword.internal.KeywordExecutor.executeKeywordForPlatform(KeywordExecutor.groovy:74)
	at com.kms.katalon.core.webui.keyword.WebUiBuiltInKeywords.setText(WebUiBuiltInKeywords.groovy:980)
	at com.kms.katalon.core.webui.keyword.WebUiBuiltInKeywords$setText$2.call(Unknown Source)
	at shopify.store.loginShopifyPartner(store.groovy:29)
	at shopify.store.invokeMethod(store.groovy)
	at com.kms.katalon.core.main.CustomKeywordDelegatingMetaClass.invokeStaticMethod(CustomKeywordDelegatingMetaClass.java:55)
	at CreateStore.run(CreateStore:37)
	at com.kms.katalon.core.main.ScriptEngine.run(ScriptEngine.java:194)
	at com.kms.katalon.core.main.ScriptEngine.runScriptAsRawText(ScriptEngine.java:119)
	at com.kms.katalon.core.main.TestCaseExecutor.runScript(TestCaseExecutor.java:448)
	at com.kms.katalon.core.main.TestCaseExecutor.doExecute(TestCaseExecutor.java:439)
	at com.kms.katalon.core.main.TestCaseExecutor.processExecutionPhase(TestCaseExecutor.java:418)
	at com.kms.katalon.core.main.TestCaseExecutor.accessMainPhase(TestCaseExecutor.java:410)
	at com.kms.katalon.core.main.TestCaseExecutor.execute(TestCaseExecutor.java:285)
	at com.kms.katalon.core.common.CommonExecutor.accessTestCaseMainPhase(CommonExecutor.java:65)
	at com.kms.katalon.core.main.TestSuiteExecutor.accessTestSuiteMainPhase(TestSuiteExecutor.java:151)
	at com.kms.katalon.core.main.TestSuiteExecutor.execute(TestSuiteExecutor.java:106)
	at com.kms.katalon.core.main.TestCaseMain.startTestSuite(TestCaseMain.java:185)
	at com.kms.katalon.core.main.TestCaseMain$startTestSuite$0.call(Unknown Source)
	at TempTestSuite1678162735898.run(TempTestSuite1678162735898.groovy:36)
Caused by: com.kms.katalon.core.webui.exception.WebElementNotFoundException: Web element with id: 'Object Repository/Shopify/input_email_shopify' located by '//input[@id='account_email']' not found
	at com.kms.katalon.core.webui.common.WebUiCommonHelper.findWebElement(WebUiCommonHelper.java:1370)
	at com.kms.katalon.core.webui.keyword.internal.WebUIAbstractKeyword.findWebElement(WebUIAbstractKeyword.groovy:27)
	at com.kms.katalon.core.webui.keyword.internal.WebUIAbstractKeyword.findWebElement(WebUIAbstractKeyword.groovy:26)
	at com.kms.katalon.core.webui.keyword.builtin.SetTextKeyword$_setText_closure1.doCall(SetTextKeyword.groovy:51)
	at com.kms.katalon.core.webui.keyword.builtin.SetTextKeyword$_setText_closure1.call(SetTextKeyword.groovy)
	at com.kms.katalon.core.webui.keyword.internal.WebUIKeywordMain.runKeyword(WebUIKeywordMain.groovy:20)
	... 22 more]]></system-err>
      </testcase>
      <testcase name="Test Cases/Shopify/CreateStore" time="57.789" classname="Test Cases/Shopify/CreateStore" status="FAILED">
         <failure type="FAILED" message="Test Cases/Shopify/CreateStore FAILED.
Reason:
com.kms.katalon.core.exception.StepFailedException: Unable to click on object 'Object Repository/Shopify/span_product'
	at com.kms.katalon.core.webui.keyword.internal.WebUIKeywordMain.stepFailed(WebUIKeywordMain.groovy:64)
	at com.kms.katalon.core.webui.keyword.internal.WebUIKeywordMain.runKeyword(WebUIKeywordMain.groovy:26)
	at com.kms.katalon.core.webui.keyword.builtin.ClickKeyword.click(ClickKeyword.groovy:74)
	at com.kms.katalon.core.webui.keyword.builtin.ClickKeyword.execute(ClickKeyword.groovy:40)
	at com.kms.katalon.core.keyword.internal.KeywordExecutor.executeKeywordForPlatform(KeywordExecutor.groovy:74)
	at com.kms.katalon.core.webui.keyword.WebUiBuiltInKeywords.click(WebUiBuiltInKeywords.groovy:620)
	at com.kms.katalon.core.webui.keyword.WebUiBuiltInKeywords$click$3.call(Unknown Source)
	at shopify.store.importProduct(store.groovy:51)
	at shopify.store.invokeMethod(store.groovy)
	at com.kms.katalon.core.main.CustomKeywordDelegatingMetaClass.invokeStaticMethod(CustomKeywordDelegatingMetaClass.java:55)
	at CreateStore.run(CreateStore:46)
	at com.kms.katalon.core.main.ScriptEngine.run(ScriptEngine.java:194)
	at com.kms.katalon.core.main.ScriptEngine.runScriptAsRawText(ScriptEngine.java:119)
	at com.kms.katalon.core.main.TestCaseExecutor.runScript(TestCaseExecutor.java:448)
	at com.kms.katalon.core.main.TestCaseExecutor.doExecute(TestCaseExecutor.java:439)
	at com.kms.katalon.core.main.TestCaseExecutor.processExecutionPhase(TestCaseExecutor.java:418)
	at com.kms.katalon.core.main.TestCaseExecutor.accessMainPhase(TestCaseExecutor.java:410)
	at com.kms.katalon.core.main.TestCaseExecutor.execute(TestCaseExecutor.java:285)
	at com.kms.katalon.core.common.CommonExecutor.accessTestCaseMainPhase(CommonExecutor.java:65)
	at com.kms.katalon.core.main.TestSuiteExecutor.accessTestSuiteMainPhase(TestSuiteExecutor.java:151)
	at com.kms.katalon.core.main.TestSuiteExecutor.execute(TestSuiteExecutor.java:106)
	at com.kms.katalon.core.main.TestCaseMain.startTestSuite(TestCaseMain.java:185)
	at com.kms.katalon.core.main.TestCaseMain$startTestSuite$0.call(Unknown Source)
	at TempTestSuite1678162735898.run(TempTestSuite1678162735898.groovy:36)
Caused by: com.kms.katalon.core.webui.exception.WebElementNotFoundException: Web element with id: 'Object Repository/Shopify/span_product' located by '//div[@id='AppFrameNav']/div/nav/div[2]/div[2]/ul/li[3]/div/div/a/span' not found
	at com.kms.katalon.core.webui.common.WebUiCommonHelper.findWebElement(WebUiCommonHelper.java:1370)
	at com.kms.katalon.core.webui.keyword.internal.WebUIAbstractKeyword.findWebElement(WebUIAbstractKeyword.groovy:27)
	at com.kms.katalon.core.webui.keyword.builtin.ClickKeyword$_click_closure1.doCall(ClickKeyword.groovy:65)
	at com.kms.katalon.core.webui.keyword.builtin.ClickKeyword$_click_closure1.call(ClickKeyword.groovy)
	at com.kms.katalon.core.webui.keyword.internal.WebUIKeywordMain.runKeyword(WebUIKeywordMain.groovy:20)
	... 22 more
"/>
         <system-out><![CDATA[2023-03-07 13:19:50 - [TEST_CASE][FAILED] - Test Cases/Shopify/CreateStore: Test Cases/Shopify/CreateStore FAILED.
Reason:
com.kms.katalon.core.exception.StepFailedException: Unable to click on object 'Object Repository/Shopify/span_product'
	at com.kms.katalon.core.webui.keyword.internal.WebUIKeywordMain.stepFailed(WebUIKeywordMain.groovy:64)
	at com.kms.katalon.core.webui.keyword.internal.WebUIKeywordMain.runKeyword(WebUIKeywordMain.groovy:26)
	at com.kms.katalon.core.webui.keyword.builtin.ClickKeyword.click(ClickKeyword.groovy:74)
	at com.kms.katalon.core.webui.keyword.builtin.ClickKeyword.execute(ClickKeyword.groovy:40)
	at com.kms.katalon.core.keyword.internal.KeywordExecutor.executeKeywordForPlatform(KeywordExecutor.groovy:74)
	at com.kms.katalon.core.webui.keyword.WebUiBuiltInKeywords.click(WebUiBuiltInKeywords.groovy:620)
	at com.kms.katalon.core.webui.keyword.WebUiBuiltInKeywords$click$3.call(Unknown Source)
	at shopify.store.importProduct(store.groovy:51)
	at shopify.store.invokeMethod(store.groovy)
	at com.kms.katalon.core.main.CustomKeywordDelegatingMetaClass.invokeStaticMethod(CustomKeywordDelegatingMetaClass.java:55)
	at CreateStore.run(CreateStore:46)
	at com.kms.katalon.core.main.ScriptEngine.run(ScriptEngine.java:194)
	at com.kms.katalon.core.main.ScriptEngine.runScriptAsRawText(ScriptEngine.java:119)
	at com.kms.katalon.core.main.TestCaseExecutor.runScript(TestCaseExecutor.java:448)
	at com.kms.katalon.core.main.TestCaseExecutor.doExecute(TestCaseExecutor.java:439)
	at com.kms.katalon.core.main.TestCaseExecutor.processExecutionPhase(TestCaseExecutor.java:418)
	at com.kms.katalon.core.main.TestCaseExecutor.accessMainPhase(TestCaseExecutor.java:410)
	at com.kms.katalon.core.main.TestCaseExecutor.execute(TestCaseExecutor.java:285)
	at com.kms.katalon.core.common.CommonExecutor.accessTestCaseMainPhase(CommonExecutor.java:65)
	at com.kms.katalon.core.main.TestSuiteExecutor.accessTestSuiteMainPhase(TestSuiteExecutor.java:151)
	at com.kms.katalon.core.main.TestSuiteExecutor.execute(TestSuiteExecutor.java:106)
	at com.kms.katalon.core.main.TestCaseMain.startTestSuite(TestCaseMain.java:185)
	at com.kms.katalon.core.main.TestCaseMain$startTestSuite$0.call(Unknown Source)
	at TempTestSuite1678162735898.run(TempTestSuite1678162735898.groovy:36)
Caused by: com.kms.katalon.core.webui.exception.WebElementNotFoundException: Web element with id: 'Object Repository/Shopify/span_product' located by '//div[@id='AppFrameNav']/div/nav/div[2]/div[2]/ul/li[3]/div/div/a/span' not found
	at com.kms.katalon.core.webui.common.WebUiCommonHelper.findWebElement(WebUiCommonHelper.java:1370)
	at com.kms.katalon.core.webui.keyword.internal.WebUIAbstractKeyword.findWebElement(WebUIAbstractKeyword.groovy:27)
	at com.kms.katalon.core.webui.keyword.builtin.ClickKeyword$_click_closure1.doCall(ClickKeyword.groovy:65)
	at com.kms.katalon.core.webui.keyword.builtin.ClickKeyword$_click_closure1.call(ClickKeyword.groovy)
	at com.kms.katalon.core.webui.keyword.internal.WebUIKeywordMain.runKeyword(WebUIKeywordMain.groovy:20)
	... 22 more


2023-03-07 13:19:50 - [TEST_STEP][PASSED] - Start listener action : skipStatus: null

2023-03-07 13:19:50 - [TEST_STEP][PASSED] - map = testCaseContext.getTestCaseVariables(): null

2023-03-07 13:19:50 - [TEST_STEP][PASSED] - testcae_status = map.get("testcase_status"): null

2023-03-07 13:19:50 - [TEST_STEP][PASSED] - println(testcae_status): null

2023-03-07 13:19:50 - [TEST_STEP][PASSED] - if (testcae_status == "Passed" || testcae_status == "Failed"): null

2023-03-07 13:19:50 - [TEST_STEP][PASSED] - log = new com.kms.katalon.core.util.KeywordUtil(): null

2023-03-07 13:19:50 - [TEST_STEP][PASSED] - openBrowser(""): Browser is opened with url: ''

2023-03-07 13:19:50 - [MESSAGE][WARNING] - A browser is already opened. Closing browser and opening a new one

2023-03-07 13:19:50 - [MESSAGE][INFO] - Starting 'Chrome' driver

2023-03-07 13:19:50 - [MESSAGE][INFO] - Action delay is set to 0 milliseconds

2023-03-07 13:19:52 - [MESSAGE][PASSED] - Browser is opened with url: ''

2023-03-07 13:19:52 - [TEST_STEP][PASSED] - maximizeWindow(): Current window maximized

2023-03-07 13:19:52 - [MESSAGE][PASSED] - Current window maximized

2023-03-07 13:19:52 - [TEST_STEP][PASSED] - shopify.store.loginShopifyPartner(partner_email, partner_password, partner_id): shopify.store.loginShopifyPartner is PASSED

2023-03-07 13:19:56 - [MESSAGE][PASSED] - Navigate to 'https://partners.shopify.com/1662018/stores/new' successfully

2023-03-07 13:19:56 - [MESSAGE][PASSED] - Text 'huynh@firegroup.io' is set on object 'Object Repository/Shopify/input_email_shopify'

2023-03-07 13:19:59 - [MESSAGE][PASSED] - Object: 'Object Repository/Shopify/btn_continue_with_email' is clicked on

2023-03-07 13:20:01 - [MESSAGE][PASSED] - Text ****** has been set on object 'Object Repository/Shopify/input_password_shopify'

2023-03-07 13:20:06 - [MESSAGE][PASSED] - Object: 'Object Repository/Shopify/btn_login' is clicked on

2023-03-07 13:20:06 - [MESSAGE][PASSED] - shopify.store.loginShopifyPartner is PASSED

2023-03-07 13:20:06 - [TEST_STEP][PASSED] - shopify.store.navigateToStoreDevelop(partner_id): shopify.store.navigateToStoreDevelop is PASSED

2023-03-07 13:20:07 - [MESSAGE][PASSED] - Navigate to 'https://partners.shopify.com/1662018/stores/new?store_type=dev_preview_store&developer_preview_handle=checkout_extensibility' successfully

2023-03-07 13:20:07 - [MESSAGE][PASSED] - shopify.store.navigateToStoreDevelop is PASSED

2023-03-07 13:20:07 - [TEST_STEP][PASSED] - shopify.store.inputStoreName(store_name): shopify.store.inputStoreName is PASSED

2023-03-07 13:20:09 - [MESSAGE][PASSED] - Text 'khanh-ar-stag-1106' is set on object 'Object Repository/Shopify/input_store_name'

2023-03-07 13:20:14 - [MESSAGE][PASSED] - Delayed 5 second(s)

2023-03-07 13:20:14 - [MESSAGE][PASSED] - shopify.store.inputStoreName is PASSED

2023-03-07 13:20:14 - [TEST_STEP][PASSED] - shopify.store.clickCreateStore(): shopify.store.clickCreateStore is PASSED

2023-03-07 13:20:14 - [MESSAGE][PASSED] - Object: 'Object Repository/Shopify/btn_create_store' is clicked on

2023-03-07 13:20:14 - [MESSAGE][PASSED] - Wait for page load successfully

2023-03-07 13:20:14 - [MESSAGE][PASSED] - shopify.store.clickCreateStore is PASSED

2023-03-07 13:20:14 - [TEST_STEP][FAILED] - shopify.store.importProduct(product_file_local): Unable to click on object 'Object Repository/Shopify/span_product'

2023-03-07 13:20:45 - [MESSAGE][INFO] - Unable to find the element located by 'By.xpath: //div[@id='AppFrameNav']/div/nav/div[2]/div[2]/ul/li[3]/div/div/a/span'. Please recheck the objects properties to make sure the desired element is located. 

2023-03-07 13:20:45 - [MESSAGE][WARNING] - [SELF-HEALING] Failed to find element with id 'Object Repository/Shopify/span_product'. Try using Self-healing.

2023-03-07 13:20:46 - [MESSAGE][INFO] - [SELF-HEALING] No working XPath is found.

2023-03-07 13:20:47 - [MESSAGE][INFO] - Unable to find the element located by 'By.xpath: '. Please recheck the objects properties to make sure the desired element is located. 

2023-03-07 13:20:47 - [MESSAGE][WARNING] - [SELF-HEALING] Cannot find elements when the selector is null

2023-03-07 13:20:48 - [MESSAGE][FAILED] - Unable to click on object 'Object Repository/Shopify/span_product' (Root cause: com.kms.katalon.core.exception.StepFailedException: Unable to click on object 'Object Repository/Shopify/span_product'
	at com.kms.katalon.core.webui.keyword.internal.WebUIKeywordMain.stepFailed(WebUIKeywordMain.groovy:64)
	at com.kms.katalon.core.webui.keyword.internal.WebUIKeywordMain.runKeyword(WebUIKeywordMain.groovy:26)
	at com.kms.katalon.core.webui.keyword.builtin.ClickKeyword.click(ClickKeyword.groovy:74)
	at com.kms.katalon.core.webui.keyword.builtin.ClickKeyword.execute(ClickKeyword.groovy:40)
	at com.kms.katalon.core.keyword.internal.KeywordExecutor.executeKeywordForPlatform(KeywordExecutor.groovy:74)
	at com.kms.katalon.core.webui.keyword.WebUiBuiltInKeywords.click(WebUiBuiltInKeywords.groovy:620)
	at com.kms.katalon.core.webui.keyword.WebUiBuiltInKeywords$click$3.call(Unknown Source)
	at shopify.store.importProduct(store.groovy:51)
	at shopify.store.invokeMethod(store.groovy)
	at com.kms.katalon.core.main.CustomKeywordDelegatingMetaClass.invokeStaticMethod(CustomKeywordDelegatingMetaClass.java:55)
	at CreateStore.run(CreateStore:46)
	at com.kms.katalon.core.main.ScriptEngine.run(ScriptEngine.java:194)
	at com.kms.katalon.core.main.ScriptEngine.runScriptAsRawText(ScriptEngine.java:119)
	at com.kms.katalon.core.main.TestCaseExecutor.runScript(TestCaseExecutor.java:448)
	at com.kms.katalon.core.main.TestCaseExecutor.doExecute(TestCaseExecutor.java:439)
	at com.kms.katalon.core.main.TestCaseExecutor.processExecutionPhase(TestCaseExecutor.java:418)
	at com.kms.katalon.core.main.TestCaseExecutor.accessMainPhase(TestCaseExecutor.java:410)
	at com.kms.katalon.core.main.TestCaseExecutor.execute(TestCaseExecutor.java:285)
	at com.kms.katalon.core.common.CommonExecutor.accessTestCaseMainPhase(CommonExecutor.java:65)
	at com.kms.katalon.core.main.TestSuiteExecutor.accessTestSuiteMainPhase(TestSuiteExecutor.java:151)
	at com.kms.katalon.core.main.TestSuiteExecutor.execute(TestSuiteExecutor.java:106)
	at com.kms.katalon.core.main.TestCaseMain.startTestSuite(TestCaseMain.java:185)
	at com.kms.katalon.core.main.TestCaseMain$startTestSuite$0.call(Unknown Source)
	at TempTestSuite1678162735898.run(TempTestSuite1678162735898.groovy:36)
Caused by: com.kms.katalon.core.webui.exception.WebElementNotFoundException: Web element with id: 'Object Repository/Shopify/span_product' located by '//div[@id='AppFrameNav']/div/nav/div[2]/div[2]/ul/li[3]/div/div/a/span' not found
	at com.kms.katalon.core.webui.common.WebUiCommonHelper.findWebElement(WebUiCommonHelper.java:1370)
	at com.kms.katalon.core.webui.keyword.internal.WebUIAbstractKeyword.findWebElement(WebUIAbstractKeyword.groovy:27)
	at com.kms.katalon.core.webui.keyword.builtin.ClickKeyword$_click_closure1.doCall(ClickKeyword.groovy:65)
	at com.kms.katalon.core.webui.keyword.builtin.ClickKeyword$_click_closure1.call(ClickKeyword.groovy)
	at com.kms.katalon.core.webui.keyword.internal.WebUIKeywordMain.runKeyword(WebUIKeywordMain.groovy:20)
	at com.kms.katalon.core.webui.keyword.builtin.ClickKeyword.click(ClickKeyword.groovy:74)
	at com.kms.katalon.core.webui.keyword.builtin.ClickKeyword.execute(ClickKeyword.groovy:40)
	at com.kms.katalon.core.keyword.internal.KeywordExecutor.executeKeywordForPlatform(KeywordExecutor.groovy:74)
	at com.kms.katalon.core.webui.keyword.WebUiBuiltInKeywords.click(WebUiBuiltInKeywords.groovy:620)
	at com.kms.katalon.core.webui.keyword.WebUiBuiltInKeywords$click$3.call(Unknown Source)
	at shopify.store.importProduct(store.groovy:51)
	at shopify.store.invokeMethod(store.groovy)
	at com.kms.katalon.core.main.CustomKeywordDelegatingMetaClass.invokeStaticMethod(CustomKeywordDelegatingMetaClass.java:55)
	at Script1673851860327.run(Script1673851860327.groovy:46)
	... 13 more
)
[[ATTACHMENT|C:\\Users\\huynh\\Documents\\Socialhead\\Automation\\Katalon project\\CreateStore\\CreateStore\\Reports\\20230307_111854\\Store\\Create Store\\20230307_111855\\1678170047894.png]]

2023-03-07 13:20:48 - [MESSAGE][FAILED] - Unable to click on object 'Object Repository/Shopify/span_product'

2023-03-07 13:20:48 - [TEST_STEP][PASSED] - Start tear down : teardownIfFailed: Method 'teardownIfFailed' complete successfully

2023-03-07 13:20:48 - [TEST_STEP][PASSED] - data.excel.updateValueToSheet(file_data, "store", 4, store_name, 7, "Failed"): data.excel.updateValueToSheet is PASSED

2023-03-07 13:20:48 - [MESSAGE][PASSED] - data.excel.updateValueToSheet is PASSED

2023-03-07 13:20:48 - [MESSAGE][PASSED] - Method 'teardownIfFailed' complete successfully]]></system-out>
         <system-err><![CDATA[2023-03-07 13:19:50 - [TEST_CASE][FAILED] - Test Cases/Shopify/CreateStore: Test Cases/Shopify/CreateStore FAILED.
Reason:
com.kms.katalon.core.exception.StepFailedException: Unable to click on object 'Object Repository/Shopify/span_product'
	at com.kms.katalon.core.webui.keyword.internal.WebUIKeywordMain.stepFailed(WebUIKeywordMain.groovy:64)
	at com.kms.katalon.core.webui.keyword.internal.WebUIKeywordMain.runKeyword(WebUIKeywordMain.groovy:26)
	at com.kms.katalon.core.webui.keyword.builtin.ClickKeyword.click(ClickKeyword.groovy:74)
	at com.kms.katalon.core.webui.keyword.builtin.ClickKeyword.execute(ClickKeyword.groovy:40)
	at com.kms.katalon.core.keyword.internal.KeywordExecutor.executeKeywordForPlatform(KeywordExecutor.groovy:74)
	at com.kms.katalon.core.webui.keyword.WebUiBuiltInKeywords.click(WebUiBuiltInKeywords.groovy:620)
	at com.kms.katalon.core.webui.keyword.WebUiBuiltInKeywords$click$3.call(Unknown Source)
	at shopify.store.importProduct(store.groovy:51)
	at shopify.store.invokeMethod(store.groovy)
	at com.kms.katalon.core.main.CustomKeywordDelegatingMetaClass.invokeStaticMethod(CustomKeywordDelegatingMetaClass.java:55)
	at CreateStore.run(CreateStore:46)
	at com.kms.katalon.core.main.ScriptEngine.run(ScriptEngine.java:194)
	at com.kms.katalon.core.main.ScriptEngine.runScriptAsRawText(ScriptEngine.java:119)
	at com.kms.katalon.core.main.TestCaseExecutor.runScript(TestCaseExecutor.java:448)
	at com.kms.katalon.core.main.TestCaseExecutor.doExecute(TestCaseExecutor.java:439)
	at com.kms.katalon.core.main.TestCaseExecutor.processExecutionPhase(TestCaseExecutor.java:418)
	at com.kms.katalon.core.main.TestCaseExecutor.accessMainPhase(TestCaseExecutor.java:410)
	at com.kms.katalon.core.main.TestCaseExecutor.execute(TestCaseExecutor.java:285)
	at com.kms.katalon.core.common.CommonExecutor.accessTestCaseMainPhase(CommonExecutor.java:65)
	at com.kms.katalon.core.main.TestSuiteExecutor.accessTestSuiteMainPhase(TestSuiteExecutor.java:151)
	at com.kms.katalon.core.main.TestSuiteExecutor.execute(TestSuiteExecutor.java:106)
	at com.kms.katalon.core.main.TestCaseMain.startTestSuite(TestCaseMain.java:185)
	at com.kms.katalon.core.main.TestCaseMain$startTestSuite$0.call(Unknown Source)
	at TempTestSuite1678162735898.run(TempTestSuite1678162735898.groovy:36)
Caused by: com.kms.katalon.core.webui.exception.WebElementNotFoundException: Web element with id: 'Object Repository/Shopify/span_product' located by '//div[@id='AppFrameNav']/div/nav/div[2]/div[2]/ul/li[3]/div/div/a/span' not found
	at com.kms.katalon.core.webui.common.WebUiCommonHelper.findWebElement(WebUiCommonHelper.java:1370)
	at com.kms.katalon.core.webui.keyword.internal.WebUIAbstractKeyword.findWebElement(WebUIAbstractKeyword.groovy:27)
	at com.kms.katalon.core.webui.keyword.builtin.ClickKeyword$_click_closure1.doCall(ClickKeyword.groovy:65)
	at com.kms.katalon.core.webui.keyword.builtin.ClickKeyword$_click_closure1.call(ClickKeyword.groovy)
	at com.kms.katalon.core.webui.keyword.internal.WebUIKeywordMain.runKeyword(WebUIKeywordMain.groovy:20)
	... 22 more]]></system-err>
      </testcase>
      <testcase name="Test Cases/Shopify/CreateStore" time="301.645" classname="Test Cases/Shopify/CreateStore" status="PASSED">
         <system-out><![CDATA[2023-03-07 13:20:48 - [TEST_CASE][PASSED] - Test Cases/Shopify/CreateStore: Test Cases/Shopify/CreateStore

2023-03-07 13:20:48 - [TEST_STEP][PASSED] - Start listener action : skipStatus: null

2023-03-07 13:20:48 - [TEST_STEP][PASSED] - map = testCaseContext.getTestCaseVariables(): null

2023-03-07 13:20:48 - [TEST_STEP][PASSED] - testcae_status = map.get("testcase_status"): null

2023-03-07 13:20:48 - [TEST_STEP][PASSED] - println(testcae_status): null

2023-03-07 13:20:48 - [TEST_STEP][PASSED] - if (testcae_status == "Passed" || testcae_status == "Failed"): null

2023-03-07 13:20:48 - [TEST_STEP][PASSED] - log = new com.kms.katalon.core.util.KeywordUtil(): null

2023-03-07 13:20:48 - [TEST_STEP][PASSED] - openBrowser(""): Browser is opened with url: ''

2023-03-07 13:20:48 - [MESSAGE][WARNING] - A browser is already opened. Closing browser and opening a new one

2023-03-07 13:20:48 - [MESSAGE][INFO] - Starting 'Chrome' driver

2023-03-07 13:20:48 - [MESSAGE][INFO] - Action delay is set to 0 milliseconds

2023-03-07 13:20:49 - [MESSAGE][PASSED] - Browser is opened with url: ''

2023-03-07 13:20:49 - [TEST_STEP][PASSED] - maximizeWindow(): Current window maximized

2023-03-07 13:20:49 - [MESSAGE][PASSED] - Current window maximized

2023-03-07 13:20:49 - [TEST_STEP][PASSED] - shopify.store.loginShopifyPartner(partner_email, partner_password, partner_id): shopify.store.loginShopifyPartner is PASSED

2023-03-07 13:20:54 - [MESSAGE][PASSED] - Navigate to 'https://partners.shopify.com/1662018/stores/new' successfully

2023-03-07 13:20:54 - [MESSAGE][PASSED] - Text 'huynh@firegroup.io' is set on object 'Object Repository/Shopify/input_email_shopify'

2023-03-07 13:20:57 - [MESSAGE][PASSED] - Object: 'Object Repository/Shopify/btn_continue_with_email' is clicked on

2023-03-07 13:20:59 - [MESSAGE][PASSED] - Text ****** has been set on object 'Object Repository/Shopify/input_password_shopify'

2023-03-07 13:21:04 - [MESSAGE][PASSED] - Object: 'Object Repository/Shopify/btn_login' is clicked on

2023-03-07 13:21:04 - [MESSAGE][PASSED] - shopify.store.loginShopifyPartner is PASSED

2023-03-07 13:21:04 - [TEST_STEP][PASSED] - shopify.store.navigateToStoreDevelop(partner_id): shopify.store.navigateToStoreDevelop is PASSED

2023-03-07 13:21:05 - [MESSAGE][PASSED] - Navigate to 'https://partners.shopify.com/1662018/stores/new?store_type=dev_preview_store&developer_preview_handle=checkout_extensibility' successfully

2023-03-07 13:21:05 - [MESSAGE][PASSED] - shopify.store.navigateToStoreDevelop is PASSED

2023-03-07 13:21:05 - [TEST_STEP][PASSED] - shopify.store.inputStoreName(store_name): shopify.store.inputStoreName is PASSED

2023-03-07 13:21:07 - [MESSAGE][PASSED] - Text 'khanh-ar-stag-1107' is set on object 'Object Repository/Shopify/input_store_name'

2023-03-07 13:21:12 - [MESSAGE][PASSED] - Delayed 5 second(s)

2023-03-07 13:21:12 - [MESSAGE][PASSED] - shopify.store.inputStoreName is PASSED

2023-03-07 13:21:12 - [TEST_STEP][PASSED] - shopify.store.clickCreateStore(): shopify.store.clickCreateStore is PASSED

2023-03-07 13:21:12 - [MESSAGE][PASSED] - Object: 'Object Repository/Shopify/btn_create_store' is clicked on

2023-03-07 13:21:12 - [MESSAGE][PASSED] - Wait for page load successfully

2023-03-07 13:21:12 - [MESSAGE][PASSED] - shopify.store.clickCreateStore is PASSED

2023-03-07 13:21:12 - [TEST_STEP][PASSED] - shopify.store.importProduct(product_file_local): shopify.store.importProduct is PASSED

2023-03-07 13:21:41 - [MESSAGE][PASSED] - Object: 'Object Repository/Shopify/span_product' is clicked on

2023-03-07 13:21:42 - [MESSAGE][PASSED] - Object: 'Object Repository/Shopify/span_import_product' is clicked on

2023-03-07 13:21:43 - [MESSAGE][PASSED] - File 'C:\Users\huynh\Documents\Socialhead\Automation\Katalon project\CreateStore\CreateStore\Data\products_export.csv' sent to object: 'Object Repository/Shopify/file_product'

2023-03-07 13:21:43 - [MESSAGE][PASSED] - Object: 'Object Repository/Shopify/span_upload_product_continue' is clicked on

2023-03-07 13:21:46 - [MESSAGE][PASSED] - Object: 'Object Repository/Shopify/btn_product_confirm_import' is clicked on

2023-03-07 13:22:16 - [MESSAGE][PASSED] - Delayed 30 second(s)

2023-03-07 13:22:18 - [MESSAGE][PASSED] - Refresh successfully

2023-03-07 13:22:33 - [MESSAGE][PASSED] - Delayed 15 second(s)

2023-03-07 13:22:33 - [MESSAGE][PASSED] - shopify.store.importProduct is PASSED

2023-03-07 13:22:33 - [TEST_STEP][PASSED] - shopify.store.clickOnMenuOnlineStore(): shopify.store.clickOnMenuOnlineStore is PASSED

2023-03-07 13:22:34 - [MESSAGE][PASSED] - Object: 'Object Repository/Shopify Store/a_onlie_store' is clicked on

2023-03-07 13:22:44 - [MESSAGE][PASSED] - Delayed 10 second(s)

2023-03-07 13:22:44 - [MESSAGE][PASSED] - shopify.store.clickOnMenuOnlineStore is PASSED

2023-03-07 13:22:44 - [TEST_STEP][PASSED] - shopify.store.clickOnImportTheme(): shopify.store.clickOnImportTheme is PASSED

2023-03-07 13:22:54 - [MESSAGE][PASSED] - Delayed 10 second(s)

2023-03-07 13:23:04 - [MESSAGE][PASSED] - Delayed 10 second(s)

2023-03-07 13:23:04 - [MESSAGE][PASSED] - Object: 'Object Repository/Shopify Store/btn_add_theme' is clicked on

2023-03-07 13:23:04 - [MESSAGE][PASSED] - shopify.store.clickOnImportTheme is PASSED

2023-03-07 13:23:04 - [TEST_STEP][PASSED] - shopify.store.innstallThemeShopifyViaUrl(theme_url, store_name): shopify.store.innstallThemeShopifyViaUrl is PASSED

2023-03-07 13:23:07 - [MESSAGE][PASSED] - Navigate to 'https://themes.shopify.com/themes/sense?shop=khanh-ar-stag-1107.myshopify.com' successfully

2023-03-07 13:23:16 - [MESSAGE][PASSED] - Object: 'Object Repository/Shopify/div_user_card_name' is clicked on

2023-03-07 13:23:19 - [MESSAGE][PASSED] - Object: 'Object Repository/Shopify Theme/a_trytheme' is clicked on

2023-03-07 13:23:51 - [MESSAGE][INFO] - Unable to find the element located by 'By.xpath: //*[@class = 'user-card__name']'. Please recheck the objects properties to make sure the desired element is located. 

2023-03-07 13:23:51 - [MESSAGE][WARNING] - [SELF-HEALING] Failed to find element with id 'Object Repository/Shopify/div_user_card_name'. Try using Self-healing.

2023-03-07 13:23:51 - [MESSAGE][WARNING] - [SELF-HEALING] Cannot find elements when the XPath is null.

2023-03-07 13:23:51 - [MESSAGE][WARNING] - [SELF-HEALING] Cannot find elements when the selector is null

2023-03-07 13:23:51 - [MESSAGE][WARNING] - Unable to click on object 'Object Repository/Shopify/div_user_card_name' (Root cause: com.kms.katalon.core.exception.StepFailedException: Unable to click on object 'Object Repository/Shopify/div_user_card_name'
	at com.kms.katalon.core.webui.keyword.internal.WebUIKeywordMain.stepFailed(WebUIKeywordMain.groovy:64)
	at com.kms.katalon.core.webui.keyword.internal.WebUIKeywordMain.runKeyword(WebUIKeywordMain.groovy:26)
	at com.kms.katalon.core.webui.keyword.builtin.ClickKeyword.click(ClickKeyword.groovy:74)
	at com.kms.katalon.core.webui.keyword.builtin.ClickKeyword.execute(ClickKeyword.groovy:40)
	at com.kms.katalon.core.keyword.internal.KeywordExecutor.executeKeywordForPlatform(KeywordExecutor.groovy:74)
	at com.kms.katalon.core.webui.keyword.WebUiBuiltInKeywords.click(WebUiBuiltInKeywords.groovy:608)
	at com.kms.katalon.core.webui.keyword.WebUiBuiltInKeywords$click$10.call(Unknown Source)
	at shopify.store.innstallThemeShopifyViaUrl(store.groovy:121)
	at shopify.store.invokeMethod(store.groovy)
	at com.kms.katalon.core.main.CustomKeywordDelegatingMetaClass.invokeStaticMethod(CustomKeywordDelegatingMetaClass.java:55)
	at CreateStore.run(CreateStore:52)
	at com.kms.katalon.core.main.ScriptEngine.run(ScriptEngine.java:194)
	at com.kms.katalon.core.main.ScriptEngine.runScriptAsRawText(ScriptEngine.java:119)
	at com.kms.katalon.core.main.TestCaseExecutor.runScript(TestCaseExecutor.java:448)
	at com.kms.katalon.core.main.TestCaseExecutor.doExecute(TestCaseExecutor.java:439)
	at com.kms.katalon.core.main.TestCaseExecutor.processExecutionPhase(TestCaseExecutor.java:418)
	at com.kms.katalon.core.main.TestCaseExecutor.accessMainPhase(TestCaseExecutor.java:410)
	at com.kms.katalon.core.main.TestCaseExecutor.execute(TestCaseExecutor.java:285)
	at com.kms.katalon.core.common.CommonExecutor.accessTestCaseMainPhase(CommonExecutor.java:65)
	at com.kms.katalon.core.main.TestSuiteExecutor.accessTestSuiteMainPhase(TestSuiteExecutor.java:151)
	at com.kms.katalon.core.main.TestSuiteExecutor.execute(TestSuiteExecutor.java:106)
	at com.kms.katalon.core.main.TestCaseMain.startTestSuite(TestCaseMain.java:185)
	at com.kms.katalon.core.main.TestCaseMain$startTestSuite$0.call(Unknown Source)
	at TempTestSuite1678162735898.run(TempTestSuite1678162735898.groovy:36)
Caused by: com.kms.katalon.core.webui.exception.WebElementNotFoundException: Web element with id: 'Object Repository/Shopify/div_user_card_name' located by '//*[@class = 'user-card__name']' not found
	at com.kms.katalon.core.webui.common.WebUiCommonHelper.findWebElement(WebUiCommonHelper.java:1370)
	at com.kms.katalon.core.webui.keyword.internal.WebUIAbstractKeyword.findWebElement(WebUIAbstractKeyword.groovy:27)
	at com.kms.katalon.core.webui.keyword.builtin.ClickKeyword$_click_closure1.doCall(ClickKeyword.groovy:65)
	at com.kms.katalon.core.webui.keyword.builtin.ClickKeyword$_click_closure1.call(ClickKeyword.groovy)
	at com.kms.katalon.core.webui.keyword.internal.WebUIKeywordMain.runKeyword(WebUIKeywordMain.groovy:20)
	at com.kms.katalon.core.webui.keyword.builtin.ClickKeyword.click(ClickKeyword.groovy:74)
	at com.kms.katalon.core.webui.keyword.builtin.ClickKeyword.execute(ClickKeyword.groovy:40)
	at com.kms.katalon.core.keyword.internal.KeywordExecutor.executeKeywordForPlatform(KeywordExecutor.groovy:74)
	at com.kms.katalon.core.webui.keyword.WebUiBuiltInKeywords.click(WebUiBuiltInKeywords.groovy:608)
	at com.kms.katalon.core.webui.keyword.WebUiBuiltInKeywords$click$10.call(Unknown Source)
	at shopify.store.innstallThemeShopifyViaUrl(store.groovy:121)
	at shopify.store.invokeMethod(store.groovy)
	at com.kms.katalon.core.main.CustomKeywordDelegatingMetaClass.invokeStaticMethod(CustomKeywordDelegatingMetaClass.java:55)
	at Script1673851860327.run(Script1673851860327.groovy:52)
	... 13 more
)
[[ATTACHMENT|C:\\Users\\huynh\\Documents\\Socialhead\\Automation\\Katalon project\\CreateStore\\CreateStore\\Reports\\20230307_111854\\Store\\Create Store\\20230307_111855\\1678170231100.png]]

2023-03-07 13:23:58 - [MESSAGE][PASSED] - Navigate to 'https://themes.shopify.com/themes/sense?shop=khanh-ar-stag-1107.myshopify.com' successfully

2023-03-07 13:24:01 - [MESSAGE][PASSED] - Object: 'Object Repository/Shopify Theme/a_trytheme' is clicked on

2023-03-07 13:24:01 - [MESSAGE][PASSED] - shopify.store.innstallThemeShopifyViaUrl is PASSED

2023-03-07 13:24:01 - [TEST_STEP][PASSED] - shopify.store.clickPublishTheme(): shopify.store.clickPublishTheme is PASSED

2023-03-07 13:24:31 - [MESSAGE][PASSED] - Delayed 30 second(s)

2023-03-07 13:24:31 - [MESSAGE][PASSED] - Refresh successfully

2023-03-07 13:25:01 - [MESSAGE][PASSED] - Delayed 30 second(s)

2023-03-07 13:25:01 - [MESSAGE][PASSED] - Object 'Object Repository/Shopify Store/btn_publish_theme' is clickable

2023-03-07 13:25:01 - [MESSAGE][PASSED] - Object: 'Object Repository/Shopify Store/btn_publish_theme' is clicked on

2023-03-07 13:25:01 - [MESSAGE][PASSED] - shopify.store.clickPublishTheme is PASSED

2023-03-07 13:25:01 - [TEST_STEP][PASSED] - shopify.store.confirmPublishTheme(): shopify.store.confirmPublishTheme is PASSED

2023-03-07 13:25:11 - [MESSAGE][PASSED] - Delayed 10 second(s)

2023-03-07 13:25:12 - [MESSAGE][PASSED] - Object: 'Object Repository/Shopify Store/btn_confirm_publish_theme' is clicked on

2023-03-07 13:25:12 - [MESSAGE][PASSED] - shopify.store.confirmPublishTheme is PASSED

2023-03-07 13:25:12 - [TEST_STEP][PASSED] - shopify.store_setting.changeStoreCurrency(currency, store_name): shopify.store_setting.changeStoreCurrency is PASSED

2023-03-07 13:25:22 - [MESSAGE][PASSED] - Delayed 10 second(s)

2023-03-07 13:25:23 - [MESSAGE][PASSED] - Navigate to 'http://khanh-ar-stag-1107.myshopify.com/admin/settings/general' successfully

2023-03-07 13:25:30 - [MESSAGE][PASSED] - All options with value 'USD' are selected in object 'Object Repository/Shopify Store/select_currency' 

2023-03-07 13:25:30 - [MESSAGE][PASSED] - shopify.store_setting.changeStoreCurrency is PASSED

2023-03-07 13:25:30 - [TEST_STEP][PASSED] - shopify.store_setting.saveStoreSetting(): shopify.store_setting.saveStoreSetting is PASSED

2023-03-07 13:25:30 - [MESSAGE][PASSED] - Object: 'Object Repository/Shopify Store/span_save_admin_setting' is clicked on

2023-03-07 13:25:30 - [MESSAGE][PASSED] - shopify.store_setting.saveStoreSetting is PASSED

2023-03-07 13:25:30 - [TEST_STEP][PASSED] - shopify.store_setting.changeStorePassword(store_name, "1"): shopify.store_setting.changeStorePassword is PASSED

2023-03-07 13:25:41 - [MESSAGE][PASSED] - Delayed 10 second(s)

2023-03-07 13:25:42 - [MESSAGE][PASSED] - Navigate to 'http://khanh-ar-stag-1107.myshopify.com/admin/online_store/preferences?tutorial=unlock' successfully

2023-03-07 13:25:49 - [MESSAGE][PASSED] - Web element with id: 'Object Repository/Shopify Store/div_loading_bar' located by 'By.xpath: //*[@id = 'AppFrameLoadingBar']' is not present after '50' second(s)

2023-03-07 13:25:49 - [MESSAGE][PASSED] - Keys '1' sent to object: 'Object Repository/Shopify Store/input_storefront_password'

2023-03-07 13:25:49 - [MESSAGE][PASSED] - Keys 'ENTER + ' sent to object: 'Object Repository/Shopify Store/input_storefront_password'

2023-03-07 13:25:49 - [MESSAGE][PASSED] - shopify.store_setting.changeStorePassword is PASSED

2023-03-07 13:25:49 - [TEST_STEP][PASSED] - Start tear down : teardownIfPassed: Method 'teardownIfPassed' complete successfully

2023-03-07 13:25:49 - [TEST_STEP][PASSED] - data.excel.updateValueToSheet(file_data, "store", 4, store_name, 7, "Passed"): data.excel.updateValueToSheet is PASSED

2023-03-07 13:25:49 - [MESSAGE][PASSED] - data.excel.updateValueToSheet is PASSED

2023-03-07 13:25:49 - [MESSAGE][PASSED] - Method 'teardownIfPassed' complete successfully]]></system-out>
         <system-err><![CDATA[]]></system-err>
      </testcase>
      <testcase name="Test Cases/Shopify/CreateStore" time="304.011" classname="Test Cases/Shopify/CreateStore" status="PASSED">
         <system-out><![CDATA[2023-03-07 13:25:49 - [TEST_CASE][PASSED] - Test Cases/Shopify/CreateStore: Test Cases/Shopify/CreateStore

2023-03-07 13:25:49 - [TEST_STEP][PASSED] - Start listener action : skipStatus: null

2023-03-07 13:25:49 - [TEST_STEP][PASSED] - map = testCaseContext.getTestCaseVariables(): null

2023-03-07 13:25:49 - [TEST_STEP][PASSED] - testcae_status = map.get("testcase_status"): null

2023-03-07 13:25:49 - [TEST_STEP][PASSED] - println(testcae_status): null

2023-03-07 13:25:49 - [TEST_STEP][PASSED] - if (testcae_status == "Passed" || testcae_status == "Failed"): null

2023-03-07 13:25:49 - [TEST_STEP][PASSED] - log = new com.kms.katalon.core.util.KeywordUtil(): null

2023-03-07 13:25:49 - [TEST_STEP][PASSED] - openBrowser(""): Browser is opened with url: ''

2023-03-07 13:25:49 - [MESSAGE][WARNING] - A browser is already opened. Closing browser and opening a new one

2023-03-07 13:25:50 - [MESSAGE][INFO] - Starting 'Chrome' driver

2023-03-07 13:25:50 - [MESSAGE][INFO] - Action delay is set to 0 milliseconds

2023-03-07 13:25:51 - [MESSAGE][PASSED] - Browser is opened with url: ''

2023-03-07 13:25:51 - [TEST_STEP][PASSED] - maximizeWindow(): Current window maximized

2023-03-07 13:25:51 - [MESSAGE][PASSED] - Current window maximized

2023-03-07 13:25:51 - [TEST_STEP][PASSED] - shopify.store.loginShopifyPartner(partner_email, partner_password, partner_id): shopify.store.loginShopifyPartner is PASSED

2023-03-07 13:25:55 - [MESSAGE][PASSED] - Navigate to 'https://partners.shopify.com/1662018/stores/new' successfully

2023-03-07 13:25:56 - [MESSAGE][PASSED] - Text 'huynh@firegroup.io' is set on object 'Object Repository/Shopify/input_email_shopify'

2023-03-07 13:25:59 - [MESSAGE][PASSED] - Object: 'Object Repository/Shopify/btn_continue_with_email' is clicked on

2023-03-07 13:26:00 - [MESSAGE][PASSED] - Text ****** has been set on object 'Object Repository/Shopify/input_password_shopify'

2023-03-07 13:26:05 - [MESSAGE][PASSED] - Object: 'Object Repository/Shopify/btn_login' is clicked on

2023-03-07 13:26:05 - [MESSAGE][PASSED] - shopify.store.loginShopifyPartner is PASSED

2023-03-07 13:26:05 - [TEST_STEP][PASSED] - shopify.store.navigateToStoreDevelop(partner_id): shopify.store.navigateToStoreDevelop is PASSED

2023-03-07 13:26:06 - [MESSAGE][PASSED] - Navigate to 'https://partners.shopify.com/1662018/stores/new?store_type=dev_preview_store&developer_preview_handle=checkout_extensibility' successfully

2023-03-07 13:26:06 - [MESSAGE][PASSED] - shopify.store.navigateToStoreDevelop is PASSED

2023-03-07 13:26:06 - [TEST_STEP][PASSED] - shopify.store.inputStoreName(store_name): shopify.store.inputStoreName is PASSED

2023-03-07 13:26:08 - [MESSAGE][PASSED] - Text 'khanh-ar-stag-1108' is set on object 'Object Repository/Shopify/input_store_name'

2023-03-07 13:26:13 - [MESSAGE][PASSED] - Delayed 5 second(s)

2023-03-07 13:26:13 - [MESSAGE][PASSED] - shopify.store.inputStoreName is PASSED

2023-03-07 13:26:13 - [TEST_STEP][PASSED] - shopify.store.clickCreateStore(): shopify.store.clickCreateStore is PASSED

2023-03-07 13:26:13 - [MESSAGE][PASSED] - Object: 'Object Repository/Shopify/btn_create_store' is clicked on

2023-03-07 13:26:13 - [MESSAGE][PASSED] - Wait for page load successfully

2023-03-07 13:26:13 - [MESSAGE][PASSED] - shopify.store.clickCreateStore is PASSED

2023-03-07 13:26:13 - [TEST_STEP][PASSED] - shopify.store.importProduct(product_file_local): shopify.store.importProduct is PASSED

2023-03-07 13:26:46 - [MESSAGE][PASSED] - Object: 'Object Repository/Shopify/span_product' is clicked on

2023-03-07 13:26:48 - [MESSAGE][PASSED] - Object: 'Object Repository/Shopify/span_import_product' is clicked on

2023-03-07 13:26:48 - [MESSAGE][PASSED] - File 'C:\Users\huynh\Documents\Socialhead\Automation\Katalon project\CreateStore\CreateStore\Data\products_export.csv' sent to object: 'Object Repository/Shopify/file_product'

2023-03-07 13:26:49 - [MESSAGE][PASSED] - Object: 'Object Repository/Shopify/span_upload_product_continue' is clicked on

2023-03-07 13:26:53 - [MESSAGE][PASSED] - Object: 'Object Repository/Shopify/btn_product_confirm_import' is clicked on

2023-03-07 13:27:23 - [MESSAGE][PASSED] - Delayed 30 second(s)

2023-03-07 13:27:24 - [MESSAGE][PASSED] - Refresh successfully

2023-03-07 13:27:39 - [MESSAGE][PASSED] - Delayed 15 second(s)

2023-03-07 13:27:39 - [MESSAGE][PASSED] - shopify.store.importProduct is PASSED

2023-03-07 13:27:39 - [TEST_STEP][PASSED] - shopify.store.clickOnMenuOnlineStore(): shopify.store.clickOnMenuOnlineStore is PASSED

2023-03-07 13:27:39 - [MESSAGE][PASSED] - Object: 'Object Repository/Shopify Store/a_onlie_store' is clicked on

2023-03-07 13:27:49 - [MESSAGE][PASSED] - Delayed 10 second(s)

2023-03-07 13:27:49 - [MESSAGE][PASSED] - shopify.store.clickOnMenuOnlineStore is PASSED

2023-03-07 13:27:49 - [TEST_STEP][PASSED] - shopify.store.clickOnImportTheme(): shopify.store.clickOnImportTheme is PASSED

2023-03-07 13:27:59 - [MESSAGE][PASSED] - Delayed 10 second(s)

2023-03-07 13:28:09 - [MESSAGE][PASSED] - Delayed 10 second(s)

2023-03-07 13:28:10 - [MESSAGE][PASSED] - Object: 'Object Repository/Shopify Store/btn_add_theme' is clicked on

2023-03-07 13:28:10 - [MESSAGE][PASSED] - shopify.store.clickOnImportTheme is PASSED

2023-03-07 13:28:10 - [TEST_STEP][PASSED] - shopify.store.innstallThemeShopifyViaUrl(theme_url, store_name): shopify.store.innstallThemeShopifyViaUrl is PASSED

2023-03-07 13:28:12 - [MESSAGE][PASSED] - Navigate to 'https://themes.shopify.com/themes/sense?shop=khanh-ar-stag-1108.myshopify.com' successfully

2023-03-07 13:28:24 - [MESSAGE][PASSED] - Object: 'Object Repository/Shopify/div_user_card_name' is clicked on

2023-03-07 13:28:28 - [MESSAGE][PASSED] - Object: 'Object Repository/Shopify Theme/a_trytheme' is clicked on

2023-03-07 13:28:59 - [MESSAGE][INFO] - Unable to find the element located by 'By.xpath: //*[@class = 'user-card__name']'. Please recheck the objects properties to make sure the desired element is located. 

2023-03-07 13:28:59 - [MESSAGE][WARNING] - [SELF-HEALING] Failed to find element with id 'Object Repository/Shopify/div_user_card_name'. Try using Self-healing.

2023-03-07 13:28:59 - [MESSAGE][WARNING] - [SELF-HEALING] Cannot find elements when the XPath is null.

2023-03-07 13:28:59 - [MESSAGE][WARNING] - [SELF-HEALING] Cannot find elements when the selector is null

2023-03-07 13:28:59 - [MESSAGE][WARNING] - Unable to click on object 'Object Repository/Shopify/div_user_card_name' (Root cause: com.kms.katalon.core.exception.StepFailedException: Unable to click on object 'Object Repository/Shopify/div_user_card_name'
	at com.kms.katalon.core.webui.keyword.internal.WebUIKeywordMain.stepFailed(WebUIKeywordMain.groovy:64)
	at com.kms.katalon.core.webui.keyword.internal.WebUIKeywordMain.runKeyword(WebUIKeywordMain.groovy:26)
	at com.kms.katalon.core.webui.keyword.builtin.ClickKeyword.click(ClickKeyword.groovy:74)
	at com.kms.katalon.core.webui.keyword.builtin.ClickKeyword.execute(ClickKeyword.groovy:40)
	at com.kms.katalon.core.keyword.internal.KeywordExecutor.executeKeywordForPlatform(KeywordExecutor.groovy:74)
	at com.kms.katalon.core.webui.keyword.WebUiBuiltInKeywords.click(WebUiBuiltInKeywords.groovy:608)
	at com.kms.katalon.core.webui.keyword.WebUiBuiltInKeywords$click$10.call(Unknown Source)
	at shopify.store.innstallThemeShopifyViaUrl(store.groovy:121)
	at shopify.store.invokeMethod(store.groovy)
	at com.kms.katalon.core.main.CustomKeywordDelegatingMetaClass.invokeStaticMethod(CustomKeywordDelegatingMetaClass.java:55)
	at CreateStore.run(CreateStore:52)
	at com.kms.katalon.core.main.ScriptEngine.run(ScriptEngine.java:194)
	at com.kms.katalon.core.main.ScriptEngine.runScriptAsRawText(ScriptEngine.java:119)
	at com.kms.katalon.core.main.TestCaseExecutor.runScript(TestCaseExecutor.java:448)
	at com.kms.katalon.core.main.TestCaseExecutor.doExecute(TestCaseExecutor.java:439)
	at com.kms.katalon.core.main.TestCaseExecutor.processExecutionPhase(TestCaseExecutor.java:418)
	at com.kms.katalon.core.main.TestCaseExecutor.accessMainPhase(TestCaseExecutor.java:410)
	at com.kms.katalon.core.main.TestCaseExecutor.execute(TestCaseExecutor.java:285)
	at com.kms.katalon.core.common.CommonExecutor.accessTestCaseMainPhase(CommonExecutor.java:65)
	at com.kms.katalon.core.main.TestSuiteExecutor.accessTestSuiteMainPhase(TestSuiteExecutor.java:151)
	at com.kms.katalon.core.main.TestSuiteExecutor.execute(TestSuiteExecutor.java:106)
	at com.kms.katalon.core.main.TestCaseMain.startTestSuite(TestCaseMain.java:185)
	at com.kms.katalon.core.main.TestCaseMain$startTestSuite$0.call(Unknown Source)
	at TempTestSuite1678162735898.run(TempTestSuite1678162735898.groovy:36)
Caused by: com.kms.katalon.core.webui.exception.WebElementNotFoundException: Web element with id: 'Object Repository/Shopify/div_user_card_name' located by '//*[@class = 'user-card__name']' not found
	at com.kms.katalon.core.webui.common.WebUiCommonHelper.findWebElement(WebUiCommonHelper.java:1370)
	at com.kms.katalon.core.webui.keyword.internal.WebUIAbstractKeyword.findWebElement(WebUIAbstractKeyword.groovy:27)
	at com.kms.katalon.core.webui.keyword.builtin.ClickKeyword$_click_closure1.doCall(ClickKeyword.groovy:65)
	at com.kms.katalon.core.webui.keyword.builtin.ClickKeyword$_click_closure1.call(ClickKeyword.groovy)
	at com.kms.katalon.core.webui.keyword.internal.WebUIKeywordMain.runKeyword(WebUIKeywordMain.groovy:20)
	at com.kms.katalon.core.webui.keyword.builtin.ClickKeyword.click(ClickKeyword.groovy:74)
	at com.kms.katalon.core.webui.keyword.builtin.ClickKeyword.execute(ClickKeyword.groovy:40)
	at com.kms.katalon.core.keyword.internal.KeywordExecutor.executeKeywordForPlatform(KeywordExecutor.groovy:74)
	at com.kms.katalon.core.webui.keyword.WebUiBuiltInKeywords.click(WebUiBuiltInKeywords.groovy:608)
	at com.kms.katalon.core.webui.keyword.WebUiBuiltInKeywords$click$10.call(Unknown Source)
	at shopify.store.innstallThemeShopifyViaUrl(store.groovy:121)
	at shopify.store.invokeMethod(store.groovy)
	at com.kms.katalon.core.main.CustomKeywordDelegatingMetaClass.invokeStaticMethod(CustomKeywordDelegatingMetaClass.java:55)
	at Script1673851860327.run(Script1673851860327.groovy:52)
	... 13 more
)
[[ATTACHMENT|C:\\Users\\huynh\\Documents\\Socialhead\\Automation\\Katalon project\\CreateStore\\CreateStore\\Reports\\20230307_111854\\Store\\Create Store\\20230307_111855\\1678170539548.png]]

2023-03-07 13:29:03 - [MESSAGE][PASSED] - Navigate to 'https://themes.shopify.com/themes/sense?shop=khanh-ar-stag-1108.myshopify.com' successfully

2023-03-07 13:29:05 - [MESSAGE][PASSED] - Object: 'Object Repository/Shopify Theme/a_trytheme' is clicked on

2023-03-07 13:29:05 - [MESSAGE][PASSED] - shopify.store.innstallThemeShopifyViaUrl is PASSED

2023-03-07 13:29:05 - [TEST_STEP][PASSED] - shopify.store.clickPublishTheme(): shopify.store.clickPublishTheme is PASSED

2023-03-07 13:29:35 - [MESSAGE][PASSED] - Delayed 30 second(s)

2023-03-07 13:29:36 - [MESSAGE][PASSED] - Refresh successfully

2023-03-07 13:30:06 - [MESSAGE][PASSED] - Delayed 30 second(s)

2023-03-07 13:30:06 - [MESSAGE][PASSED] - Object 'Object Repository/Shopify Store/btn_publish_theme' is clickable

2023-03-07 13:30:06 - [MESSAGE][PASSED] - Object: 'Object Repository/Shopify Store/btn_publish_theme' is clicked on

2023-03-07 13:30:06 - [MESSAGE][PASSED] - shopify.store.clickPublishTheme is PASSED

2023-03-07 13:30:06 - [TEST_STEP][PASSED] - shopify.store.confirmPublishTheme(): shopify.store.confirmPublishTheme is PASSED

2023-03-07 13:30:16 - [MESSAGE][PASSED] - Delayed 10 second(s)

2023-03-07 13:30:17 - [MESSAGE][PASSED] - Object: 'Object Repository/Shopify Store/btn_confirm_publish_theme' is clicked on

2023-03-07 13:30:17 - [MESSAGE][PASSED] - shopify.store.confirmPublishTheme is PASSED

2023-03-07 13:30:17 - [TEST_STEP][PASSED] - shopify.store_setting.changeStoreCurrency(currency, store_name): shopify.store_setting.changeStoreCurrency is PASSED

2023-03-07 13:30:27 - [MESSAGE][PASSED] - Delayed 10 second(s)

2023-03-07 13:30:28 - [MESSAGE][PASSED] - Navigate to 'http://khanh-ar-stag-1108.myshopify.com/admin/settings/general' successfully

2023-03-07 13:30:34 - [MESSAGE][PASSED] - All options with value 'USD' are selected in object 'Object Repository/Shopify Store/select_currency' 

2023-03-07 13:30:34 - [MESSAGE][PASSED] - shopify.store_setting.changeStoreCurrency is PASSED

2023-03-07 13:30:34 - [TEST_STEP][PASSED] - shopify.store_setting.saveStoreSetting(): shopify.store_setting.saveStoreSetting is PASSED

2023-03-07 13:30:35 - [MESSAGE][PASSED] - Object: 'Object Repository/Shopify Store/span_save_admin_setting' is clicked on

2023-03-07 13:30:35 - [MESSAGE][PASSED] - shopify.store_setting.saveStoreSetting is PASSED

2023-03-07 13:30:35 - [TEST_STEP][PASSED] - shopify.store_setting.changeStorePassword(store_name, "1"): shopify.store_setting.changeStorePassword is PASSED

2023-03-07 13:30:45 - [MESSAGE][PASSED] - Delayed 10 second(s)

2023-03-07 13:30:46 - [MESSAGE][PASSED] - Navigate to 'http://khanh-ar-stag-1108.myshopify.com/admin/online_store/preferences?tutorial=unlock' successfully

2023-03-07 13:30:52 - [MESSAGE][PASSED] - Web element with id: 'Object Repository/Shopify Store/div_loading_bar' located by 'By.xpath: //*[@id = 'AppFrameLoadingBar']' is not present after '50' second(s)

2023-03-07 13:30:53 - [MESSAGE][PASSED] - Keys '1' sent to object: 'Object Repository/Shopify Store/input_storefront_password'

2023-03-07 13:30:53 - [MESSAGE][PASSED] - Keys 'ENTER + ' sent to object: 'Object Repository/Shopify Store/input_storefront_password'

2023-03-07 13:30:53 - [MESSAGE][PASSED] - shopify.store_setting.changeStorePassword is PASSED

2023-03-07 13:30:53 - [TEST_STEP][PASSED] - Start tear down : teardownIfPassed: Method 'teardownIfPassed' complete successfully

2023-03-07 13:30:53 - [TEST_STEP][PASSED] - data.excel.updateValueToSheet(file_data, "store", 4, store_name, 7, "Passed"): data.excel.updateValueToSheet is PASSED

2023-03-07 13:30:53 - [MESSAGE][PASSED] - data.excel.updateValueToSheet is PASSED

2023-03-07 13:30:53 - [MESSAGE][PASSED] - Method 'teardownIfPassed' complete successfully]]></system-out>
         <system-err><![CDATA[]]></system-err>
      </testcase>
      <testcase name="Test Cases/Shopify/CreateStore" time="302.798" classname="Test Cases/Shopify/CreateStore" status="PASSED">
         <system-out><![CDATA[2023-03-07 13:30:53 - [TEST_CASE][PASSED] - Test Cases/Shopify/CreateStore: Test Cases/Shopify/CreateStore

2023-03-07 13:30:53 - [TEST_STEP][PASSED] - Start listener action : skipStatus: null

2023-03-07 13:30:53 - [TEST_STEP][PASSED] - map = testCaseContext.getTestCaseVariables(): null

2023-03-07 13:30:53 - [TEST_STEP][PASSED] - testcae_status = map.get("testcase_status"): null

2023-03-07 13:30:53 - [TEST_STEP][PASSED] - println(testcae_status): null

2023-03-07 13:30:53 - [TEST_STEP][PASSED] - if (testcae_status == "Passed" || testcae_status == "Failed"): null

2023-03-07 13:30:53 - [TEST_STEP][PASSED] - log = new com.kms.katalon.core.util.KeywordUtil(): null

2023-03-07 13:30:53 - [TEST_STEP][PASSED] - openBrowser(""): Browser is opened with url: ''

2023-03-07 13:30:53 - [MESSAGE][WARNING] - A browser is already opened. Closing browser and opening a new one

2023-03-07 13:30:54 - [MESSAGE][INFO] - Starting 'Chrome' driver

2023-03-07 13:30:54 - [MESSAGE][INFO] - Action delay is set to 0 milliseconds

2023-03-07 13:30:55 - [MESSAGE][PASSED] - Browser is opened with url: ''

2023-03-07 13:30:55 - [TEST_STEP][PASSED] - maximizeWindow(): Current window maximized

2023-03-07 13:30:55 - [MESSAGE][PASSED] - Current window maximized

2023-03-07 13:30:55 - [TEST_STEP][PASSED] - shopify.store.loginShopifyPartner(partner_email, partner_password, partner_id): shopify.store.loginShopifyPartner is PASSED

2023-03-07 13:30:59 - [MESSAGE][PASSED] - Navigate to 'https://partners.shopify.com/1662018/stores/new' successfully

2023-03-07 13:30:59 - [MESSAGE][PASSED] - Text 'huynh@firegroup.io' is set on object 'Object Repository/Shopify/input_email_shopify'

2023-03-07 13:31:02 - [MESSAGE][PASSED] - Object: 'Object Repository/Shopify/btn_continue_with_email' is clicked on

2023-03-07 13:31:04 - [MESSAGE][PASSED] - Text ****** has been set on object 'Object Repository/Shopify/input_password_shopify'

2023-03-07 13:31:10 - [MESSAGE][PASSED] - Object: 'Object Repository/Shopify/btn_login' is clicked on

2023-03-07 13:31:10 - [MESSAGE][PASSED] - shopify.store.loginShopifyPartner is PASSED

2023-03-07 13:31:10 - [TEST_STEP][PASSED] - shopify.store.navigateToStoreDevelop(partner_id): shopify.store.navigateToStoreDevelop is PASSED

2023-03-07 13:31:10 - [MESSAGE][PASSED] - Navigate to 'https://partners.shopify.com/1662018/stores/new?store_type=dev_preview_store&developer_preview_handle=checkout_extensibility' successfully

2023-03-07 13:31:10 - [MESSAGE][PASSED] - shopify.store.navigateToStoreDevelop is PASSED

2023-03-07 13:31:10 - [TEST_STEP][PASSED] - shopify.store.inputStoreName(store_name): shopify.store.inputStoreName is PASSED

2023-03-07 13:31:12 - [MESSAGE][PASSED] - Text 'khanh-ar-stag-1109' is set on object 'Object Repository/Shopify/input_store_name'

2023-03-07 13:31:17 - [MESSAGE][PASSED] - Delayed 5 second(s)

2023-03-07 13:31:17 - [MESSAGE][PASSED] - shopify.store.inputStoreName is PASSED

2023-03-07 13:31:17 - [TEST_STEP][PASSED] - shopify.store.clickCreateStore(): shopify.store.clickCreateStore is PASSED

2023-03-07 13:31:17 - [MESSAGE][PASSED] - Object: 'Object Repository/Shopify/btn_create_store' is clicked on

2023-03-07 13:31:17 - [MESSAGE][PASSED] - Wait for page load successfully

2023-03-07 13:31:17 - [MESSAGE][PASSED] - shopify.store.clickCreateStore is PASSED

2023-03-07 13:31:17 - [TEST_STEP][PASSED] - shopify.store.importProduct(product_file_local): shopify.store.importProduct is PASSED

2023-03-07 13:31:49 - [MESSAGE][PASSED] - Object: 'Object Repository/Shopify/span_product' is clicked on

2023-03-07 13:31:51 - [MESSAGE][PASSED] - Object: 'Object Repository/Shopify/span_import_product' is clicked on

2023-03-07 13:31:51 - [MESSAGE][PASSED] - File 'C:\Users\huynh\Documents\Socialhead\Automation\Katalon project\CreateStore\CreateStore\Data\products_export.csv' sent to object: 'Object Repository/Shopify/file_product'

2023-03-07 13:31:52 - [MESSAGE][PASSED] - Object: 'Object Repository/Shopify/span_upload_product_continue' is clicked on

2023-03-07 13:31:56 - [MESSAGE][PASSED] - Object: 'Object Repository/Shopify/btn_product_confirm_import' is clicked on

2023-03-07 13:32:26 - [MESSAGE][PASSED] - Delayed 30 second(s)

2023-03-07 13:32:26 - [MESSAGE][PASSED] - Refresh successfully

2023-03-07 13:32:41 - [MESSAGE][PASSED] - Delayed 15 second(s)

2023-03-07 13:32:41 - [MESSAGE][PASSED] - shopify.store.importProduct is PASSED

2023-03-07 13:32:41 - [TEST_STEP][PASSED] - shopify.store.clickOnMenuOnlineStore(): shopify.store.clickOnMenuOnlineStore is PASSED

2023-03-07 13:32:42 - [MESSAGE][PASSED] - Object: 'Object Repository/Shopify Store/a_onlie_store' is clicked on

2023-03-07 13:32:52 - [MESSAGE][PASSED] - Delayed 10 second(s)

2023-03-07 13:32:52 - [MESSAGE][PASSED] - shopify.store.clickOnMenuOnlineStore is PASSED

2023-03-07 13:32:52 - [TEST_STEP][PASSED] - shopify.store.clickOnImportTheme(): shopify.store.clickOnImportTheme is PASSED

2023-03-07 13:33:02 - [MESSAGE][PASSED] - Delayed 10 second(s)

2023-03-07 13:33:12 - [MESSAGE][PASSED] - Delayed 10 second(s)

2023-03-07 13:33:12 - [MESSAGE][PASSED] - Object: 'Object Repository/Shopify Store/btn_add_theme' is clicked on

2023-03-07 13:33:12 - [MESSAGE][PASSED] - shopify.store.clickOnImportTheme is PASSED

2023-03-07 13:33:12 - [TEST_STEP][PASSED] - shopify.store.innstallThemeShopifyViaUrl(theme_url, store_name): shopify.store.innstallThemeShopifyViaUrl is PASSED

2023-03-07 13:33:15 - [MESSAGE][PASSED] - Navigate to 'https://themes.shopify.com/themes/sense?shop=khanh-ar-stag-1109.myshopify.com' successfully

2023-03-07 13:33:24 - [MESSAGE][PASSED] - Object: 'Object Repository/Shopify/div_user_card_name' is clicked on

2023-03-07 13:33:28 - [MESSAGE][PASSED] - Object: 'Object Repository/Shopify Theme/a_trytheme' is clicked on

2023-03-07 13:33:59 - [MESSAGE][INFO] - Unable to find the element located by 'By.xpath: //*[@class = 'user-card__name']'. Please recheck the objects properties to make sure the desired element is located. 

2023-03-07 13:33:59 - [MESSAGE][WARNING] - [SELF-HEALING] Failed to find element with id 'Object Repository/Shopify/div_user_card_name'. Try using Self-healing.

2023-03-07 13:33:59 - [MESSAGE][WARNING] - [SELF-HEALING] Cannot find elements when the XPath is null.

2023-03-07 13:33:59 - [MESSAGE][WARNING] - [SELF-HEALING] Cannot find elements when the selector is null

2023-03-07 13:33:59 - [MESSAGE][WARNING] - Unable to click on object 'Object Repository/Shopify/div_user_card_name' (Root cause: com.kms.katalon.core.exception.StepFailedException: Unable to click on object 'Object Repository/Shopify/div_user_card_name'
	at com.kms.katalon.core.webui.keyword.internal.WebUIKeywordMain.stepFailed(WebUIKeywordMain.groovy:64)
	at com.kms.katalon.core.webui.keyword.internal.WebUIKeywordMain.runKeyword(WebUIKeywordMain.groovy:26)
	at com.kms.katalon.core.webui.keyword.builtin.ClickKeyword.click(ClickKeyword.groovy:74)
	at com.kms.katalon.core.webui.keyword.builtin.ClickKeyword.execute(ClickKeyword.groovy:40)
	at com.kms.katalon.core.keyword.internal.KeywordExecutor.executeKeywordForPlatform(KeywordExecutor.groovy:74)
	at com.kms.katalon.core.webui.keyword.WebUiBuiltInKeywords.click(WebUiBuiltInKeywords.groovy:608)
	at com.kms.katalon.core.webui.keyword.WebUiBuiltInKeywords$click$10.call(Unknown Source)
	at shopify.store.innstallThemeShopifyViaUrl(store.groovy:121)
	at shopify.store.invokeMethod(store.groovy)
	at com.kms.katalon.core.main.CustomKeywordDelegatingMetaClass.invokeStaticMethod(CustomKeywordDelegatingMetaClass.java:55)
	at CreateStore.run(CreateStore:52)
	at com.kms.katalon.core.main.ScriptEngine.run(ScriptEngine.java:194)
	at com.kms.katalon.core.main.ScriptEngine.runScriptAsRawText(ScriptEngine.java:119)
	at com.kms.katalon.core.main.TestCaseExecutor.runScript(TestCaseExecutor.java:448)
	at com.kms.katalon.core.main.TestCaseExecutor.doExecute(TestCaseExecutor.java:439)
	at com.kms.katalon.core.main.TestCaseExecutor.processExecutionPhase(TestCaseExecutor.java:418)
	at com.kms.katalon.core.main.TestCaseExecutor.accessMainPhase(TestCaseExecutor.java:410)
	at com.kms.katalon.core.main.TestCaseExecutor.execute(TestCaseExecutor.java:285)
	at com.kms.katalon.core.common.CommonExecutor.accessTestCaseMainPhase(CommonExecutor.java:65)
	at com.kms.katalon.core.main.TestSuiteExecutor.accessTestSuiteMainPhase(TestSuiteExecutor.java:151)
	at com.kms.katalon.core.main.TestSuiteExecutor.execute(TestSuiteExecutor.java:106)
	at com.kms.katalon.core.main.TestCaseMain.startTestSuite(TestCaseMain.java:185)
	at com.kms.katalon.core.main.TestCaseMain$startTestSuite$0.call(Unknown Source)
	at TempTestSuite1678162735898.run(TempTestSuite1678162735898.groovy:36)
Caused by: com.kms.katalon.core.webui.exception.WebElementNotFoundException: Web element with id: 'Object Repository/Shopify/div_user_card_name' located by '//*[@class = 'user-card__name']' not found
	at com.kms.katalon.core.webui.common.WebUiCommonHelper.findWebElement(WebUiCommonHelper.java:1370)
	at com.kms.katalon.core.webui.keyword.internal.WebUIAbstractKeyword.findWebElement(WebUIAbstractKeyword.groovy:27)
	at com.kms.katalon.core.webui.keyword.builtin.ClickKeyword$_click_closure1.doCall(ClickKeyword.groovy:65)
	at com.kms.katalon.core.webui.keyword.builtin.ClickKeyword$_click_closure1.call(ClickKeyword.groovy)
	at com.kms.katalon.core.webui.keyword.internal.WebUIKeywordMain.runKeyword(WebUIKeywordMain.groovy:20)
	at com.kms.katalon.core.webui.keyword.builtin.ClickKeyword.click(ClickKeyword.groovy:74)
	at com.kms.katalon.core.webui.keyword.builtin.ClickKeyword.execute(ClickKeyword.groovy:40)
	at com.kms.katalon.core.keyword.internal.KeywordExecutor.executeKeywordForPlatform(KeywordExecutor.groovy:74)
	at com.kms.katalon.core.webui.keyword.WebUiBuiltInKeywords.click(WebUiBuiltInKeywords.groovy:608)
	at com.kms.katalon.core.webui.keyword.WebUiBuiltInKeywords$click$10.call(Unknown Source)
	at shopify.store.innstallThemeShopifyViaUrl(store.groovy:121)
	at shopify.store.invokeMethod(store.groovy)
	at com.kms.katalon.core.main.CustomKeywordDelegatingMetaClass.invokeStaticMethod(CustomKeywordDelegatingMetaClass.java:55)
	at Script1673851860327.run(Script1673851860327.groovy:52)
	... 13 more
)
[[ATTACHMENT|C:\\Users\\huynh\\Documents\\Socialhead\\Automation\\Katalon project\\CreateStore\\CreateStore\\Reports\\20230307_111854\\Store\\Create Store\\20230307_111855\\1678170839353.png]]

2023-03-07 13:34:03 - [MESSAGE][PASSED] - Navigate to 'https://themes.shopify.com/themes/sense?shop=khanh-ar-stag-1109.myshopify.com' successfully

2023-03-07 13:34:06 - [MESSAGE][PASSED] - Object: 'Object Repository/Shopify Theme/a_trytheme' is clicked on

2023-03-07 13:34:06 - [MESSAGE][PASSED] - shopify.store.innstallThemeShopifyViaUrl is PASSED

2023-03-07 13:34:06 - [TEST_STEP][PASSED] - shopify.store.clickPublishTheme(): shopify.store.clickPublishTheme is PASSED

2023-03-07 13:34:36 - [MESSAGE][PASSED] - Delayed 30 second(s)

2023-03-07 13:34:36 - [MESSAGE][PASSED] - Refresh successfully

2023-03-07 13:35:06 - [MESSAGE][PASSED] - Delayed 30 second(s)

2023-03-07 13:35:06 - [MESSAGE][PASSED] - Object 'Object Repository/Shopify Store/btn_publish_theme' is clickable

2023-03-07 13:35:06 - [MESSAGE][PASSED] - Object: 'Object Repository/Shopify Store/btn_publish_theme' is clicked on

2023-03-07 13:35:06 - [MESSAGE][PASSED] - shopify.store.clickPublishTheme is PASSED

2023-03-07 13:35:06 - [TEST_STEP][PASSED] - shopify.store.confirmPublishTheme(): shopify.store.confirmPublishTheme is PASSED

2023-03-07 13:35:16 - [MESSAGE][PASSED] - Delayed 10 second(s)

2023-03-07 13:35:17 - [MESSAGE][PASSED] - Object: 'Object Repository/Shopify Store/btn_confirm_publish_theme' is clicked on

2023-03-07 13:35:17 - [MESSAGE][PASSED] - shopify.store.confirmPublishTheme is PASSED

2023-03-07 13:35:17 - [TEST_STEP][PASSED] - shopify.store_setting.changeStoreCurrency(currency, store_name): shopify.store_setting.changeStoreCurrency is PASSED

2023-03-07 13:35:27 - [MESSAGE][PASSED] - Delayed 10 second(s)

2023-03-07 13:35:28 - [MESSAGE][PASSED] - Navigate to 'http://khanh-ar-stag-1109.myshopify.com/admin/settings/general' successfully

2023-03-07 13:35:36 - [MESSAGE][PASSED] - All options with value 'USD' are selected in object 'Object Repository/Shopify Store/select_currency' 

2023-03-07 13:35:36 - [MESSAGE][PASSED] - shopify.store_setting.changeStoreCurrency is PASSED

2023-03-07 13:35:36 - [TEST_STEP][PASSED] - shopify.store_setting.saveStoreSetting(): shopify.store_setting.saveStoreSetting is PASSED

2023-03-07 13:35:36 - [MESSAGE][PASSED] - Object: 'Object Repository/Shopify Store/span_save_admin_setting' is clicked on

2023-03-07 13:35:36 - [MESSAGE][PASSED] - shopify.store_setting.saveStoreSetting is PASSED

2023-03-07 13:35:36 - [TEST_STEP][PASSED] - shopify.store_setting.changeStorePassword(store_name, "1"): shopify.store_setting.changeStorePassword is PASSED

2023-03-07 13:35:46 - [MESSAGE][PASSED] - Delayed 10 second(s)

2023-03-07 13:35:48 - [MESSAGE][PASSED] - Navigate to 'http://khanh-ar-stag-1109.myshopify.com/admin/online_store/preferences?tutorial=unlock' successfully

2023-03-07 13:35:56 - [MESSAGE][PASSED] - Web element with id: 'Object Repository/Shopify Store/div_loading_bar' located by 'By.xpath: //*[@id = 'AppFrameLoadingBar']' is not present after '50' second(s)

2023-03-07 13:35:56 - [MESSAGE][PASSED] - Keys '1' sent to object: 'Object Repository/Shopify Store/input_storefront_password'

2023-03-07 13:35:56 - [MESSAGE][PASSED] - Keys 'ENTER + ' sent to object: 'Object Repository/Shopify Store/input_storefront_password'

2023-03-07 13:35:56 - [MESSAGE][PASSED] - shopify.store_setting.changeStorePassword is PASSED

2023-03-07 13:35:56 - [TEST_STEP][PASSED] - Start tear down : teardownIfPassed: Method 'teardownIfPassed' complete successfully

2023-03-07 13:35:56 - [TEST_STEP][PASSED] - data.excel.updateValueToSheet(file_data, "store", 4, store_name, 7, "Passed"): data.excel.updateValueToSheet is PASSED

2023-03-07 13:35:56 - [MESSAGE][PASSED] - data.excel.updateValueToSheet is PASSED

2023-03-07 13:35:56 - [MESSAGE][PASSED] - Method 'teardownIfPassed' complete successfully]]></system-out>
         <system-err><![CDATA[]]></system-err>
      </testcase>
      <testcase name="Test Cases/Shopify/CreateStore" time="57.981" classname="Test Cases/Shopify/CreateStore" status="FAILED">
         <failure type="FAILED" message="Test Cases/Shopify/CreateStore FAILED.
Reason:
com.kms.katalon.core.exception.StepFailedException: Unable to click on object 'Object Repository/Shopify/span_product'
	at com.kms.katalon.core.webui.keyword.internal.WebUIKeywordMain.stepFailed(WebUIKeywordMain.groovy:64)
	at com.kms.katalon.core.webui.keyword.internal.WebUIKeywordMain.runKeyword(WebUIKeywordMain.groovy:26)
	at com.kms.katalon.core.webui.keyword.builtin.ClickKeyword.click(ClickKeyword.groovy:74)
	at com.kms.katalon.core.webui.keyword.builtin.ClickKeyword.execute(ClickKeyword.groovy:40)
	at com.kms.katalon.core.keyword.internal.KeywordExecutor.executeKeywordForPlatform(KeywordExecutor.groovy:74)
	at com.kms.katalon.core.webui.keyword.WebUiBuiltInKeywords.click(WebUiBuiltInKeywords.groovy:620)
	at com.kms.katalon.core.webui.keyword.WebUiBuiltInKeywords$click$3.call(Unknown Source)
	at shopify.store.importProduct(store.groovy:51)
	at shopify.store.invokeMethod(store.groovy)
	at com.kms.katalon.core.main.CustomKeywordDelegatingMetaClass.invokeStaticMethod(CustomKeywordDelegatingMetaClass.java:55)
	at CreateStore.run(CreateStore:46)
	at com.kms.katalon.core.main.ScriptEngine.run(ScriptEngine.java:194)
	at com.kms.katalon.core.main.ScriptEngine.runScriptAsRawText(ScriptEngine.java:119)
	at com.kms.katalon.core.main.TestCaseExecutor.runScript(TestCaseExecutor.java:448)
	at com.kms.katalon.core.main.TestCaseExecutor.doExecute(TestCaseExecutor.java:439)
	at com.kms.katalon.core.main.TestCaseExecutor.processExecutionPhase(TestCaseExecutor.java:418)
	at com.kms.katalon.core.main.TestCaseExecutor.accessMainPhase(TestCaseExecutor.java:410)
	at com.kms.katalon.core.main.TestCaseExecutor.execute(TestCaseExecutor.java:285)
	at com.kms.katalon.core.common.CommonExecutor.accessTestCaseMainPhase(CommonExecutor.java:65)
	at com.kms.katalon.core.main.TestSuiteExecutor.accessTestSuiteMainPhase(TestSuiteExecutor.java:151)
	at com.kms.katalon.core.main.TestSuiteExecutor.execute(TestSuiteExecutor.java:106)
	at com.kms.katalon.core.main.TestCaseMain.startTestSuite(TestCaseMain.java:185)
	at com.kms.katalon.core.main.TestCaseMain$startTestSuite$0.call(Unknown Source)
	at TempTestSuite1678162735898.run(TempTestSuite1678162735898.groovy:36)
Caused by: com.kms.katalon.core.webui.exception.WebElementNotFoundException: Web element with id: 'Object Repository/Shopify/span_product' located by '//div[@id='AppFrameNav']/div/nav/div[2]/div[2]/ul/li[3]/div/div/a/span' not found
	at com.kms.katalon.core.webui.common.WebUiCommonHelper.findWebElement(WebUiCommonHelper.java:1370)
	at com.kms.katalon.core.webui.keyword.internal.WebUIAbstractKeyword.findWebElement(WebUIAbstractKeyword.groovy:27)
	at com.kms.katalon.core.webui.keyword.builtin.ClickKeyword$_click_closure1.doCall(ClickKeyword.groovy:65)
	at com.kms.katalon.core.webui.keyword.builtin.ClickKeyword$_click_closure1.call(ClickKeyword.groovy)
	at com.kms.katalon.core.webui.keyword.internal.WebUIKeywordMain.runKeyword(WebUIKeywordMain.groovy:20)
	... 22 more
"/>
         <system-out><![CDATA[2023-03-07 13:35:56 - [TEST_CASE][FAILED] - Test Cases/Shopify/CreateStore: Test Cases/Shopify/CreateStore FAILED.
Reason:
com.kms.katalon.core.exception.StepFailedException: Unable to click on object 'Object Repository/Shopify/span_product'
	at com.kms.katalon.core.webui.keyword.internal.WebUIKeywordMain.stepFailed(WebUIKeywordMain.groovy:64)
	at com.kms.katalon.core.webui.keyword.internal.WebUIKeywordMain.runKeyword(WebUIKeywordMain.groovy:26)
	at com.kms.katalon.core.webui.keyword.builtin.ClickKeyword.click(ClickKeyword.groovy:74)
	at com.kms.katalon.core.webui.keyword.builtin.ClickKeyword.execute(ClickKeyword.groovy:40)
	at com.kms.katalon.core.keyword.internal.KeywordExecutor.executeKeywordForPlatform(KeywordExecutor.groovy:74)
	at com.kms.katalon.core.webui.keyword.WebUiBuiltInKeywords.click(WebUiBuiltInKeywords.groovy:620)
	at com.kms.katalon.core.webui.keyword.WebUiBuiltInKeywords$click$3.call(Unknown Source)
	at shopify.store.importProduct(store.groovy:51)
	at shopify.store.invokeMethod(store.groovy)
	at com.kms.katalon.core.main.CustomKeywordDelegatingMetaClass.invokeStaticMethod(CustomKeywordDelegatingMetaClass.java:55)
	at CreateStore.run(CreateStore:46)
	at com.kms.katalon.core.main.ScriptEngine.run(ScriptEngine.java:194)
	at com.kms.katalon.core.main.ScriptEngine.runScriptAsRawText(ScriptEngine.java:119)
	at com.kms.katalon.core.main.TestCaseExecutor.runScript(TestCaseExecutor.java:448)
	at com.kms.katalon.core.main.TestCaseExecutor.doExecute(TestCaseExecutor.java:439)
	at com.kms.katalon.core.main.TestCaseExecutor.processExecutionPhase(TestCaseExecutor.java:418)
	at com.kms.katalon.core.main.TestCaseExecutor.accessMainPhase(TestCaseExecutor.java:410)
	at com.kms.katalon.core.main.TestCaseExecutor.execute(TestCaseExecutor.java:285)
	at com.kms.katalon.core.common.CommonExecutor.accessTestCaseMainPhase(CommonExecutor.java:65)
	at com.kms.katalon.core.main.TestSuiteExecutor.accessTestSuiteMainPhase(TestSuiteExecutor.java:151)
	at com.kms.katalon.core.main.TestSuiteExecutor.execute(TestSuiteExecutor.java:106)
	at com.kms.katalon.core.main.TestCaseMain.startTestSuite(TestCaseMain.java:185)
	at com.kms.katalon.core.main.TestCaseMain$startTestSuite$0.call(Unknown Source)
	at TempTestSuite1678162735898.run(TempTestSuite1678162735898.groovy:36)
Caused by: com.kms.katalon.core.webui.exception.WebElementNotFoundException: Web element with id: 'Object Repository/Shopify/span_product' located by '//div[@id='AppFrameNav']/div/nav/div[2]/div[2]/ul/li[3]/div/div/a/span' not found
	at com.kms.katalon.core.webui.common.WebUiCommonHelper.findWebElement(WebUiCommonHelper.java:1370)
	at com.kms.katalon.core.webui.keyword.internal.WebUIAbstractKeyword.findWebElement(WebUIAbstractKeyword.groovy:27)
	at com.kms.katalon.core.webui.keyword.builtin.ClickKeyword$_click_closure1.doCall(ClickKeyword.groovy:65)
	at com.kms.katalon.core.webui.keyword.builtin.ClickKeyword$_click_closure1.call(ClickKeyword.groovy)
	at com.kms.katalon.core.webui.keyword.internal.WebUIKeywordMain.runKeyword(WebUIKeywordMain.groovy:20)
	... 22 more


2023-03-07 13:35:56 - [TEST_STEP][PASSED] - Start listener action : skipStatus: null

2023-03-07 13:35:56 - [TEST_STEP][PASSED] - map = testCaseContext.getTestCaseVariables(): null

2023-03-07 13:35:56 - [TEST_STEP][PASSED] - testcae_status = map.get("testcase_status"): null

2023-03-07 13:35:56 - [TEST_STEP][PASSED] - println(testcae_status): null

2023-03-07 13:35:56 - [TEST_STEP][PASSED] - if (testcae_status == "Passed" || testcae_status == "Failed"): null

2023-03-07 13:35:56 - [TEST_STEP][PASSED] - log = new com.kms.katalon.core.util.KeywordUtil(): null

2023-03-07 13:35:56 - [TEST_STEP][PASSED] - openBrowser(""): Browser is opened with url: ''

2023-03-07 13:35:56 - [MESSAGE][WARNING] - A browser is already opened. Closing browser and opening a new one

2023-03-07 13:35:57 - [MESSAGE][INFO] - Starting 'Chrome' driver

2023-03-07 13:35:57 - [MESSAGE][INFO] - Action delay is set to 0 milliseconds

2023-03-07 13:35:58 - [MESSAGE][PASSED] - Browser is opened with url: ''

2023-03-07 13:35:58 - [TEST_STEP][PASSED] - maximizeWindow(): Current window maximized

2023-03-07 13:35:58 - [MESSAGE][PASSED] - Current window maximized

2023-03-07 13:35:58 - [TEST_STEP][PASSED] - shopify.store.loginShopifyPartner(partner_email, partner_password, partner_id): shopify.store.loginShopifyPartner is PASSED

2023-03-07 13:36:02 - [MESSAGE][PASSED] - Navigate to 'https://partners.shopify.com/1662018/stores/new' successfully

2023-03-07 13:36:03 - [MESSAGE][PASSED] - Text 'huynh@firegroup.io' is set on object 'Object Repository/Shopify/input_email_shopify'

2023-03-07 13:36:06 - [MESSAGE][PASSED] - Object: 'Object Repository/Shopify/btn_continue_with_email' is clicked on

2023-03-07 13:36:08 - [MESSAGE][PASSED] - Text ****** has been set on object 'Object Repository/Shopify/input_password_shopify'

2023-03-07 13:36:13 - [MESSAGE][PASSED] - Object: 'Object Repository/Shopify/btn_login' is clicked on

2023-03-07 13:36:13 - [MESSAGE][PASSED] - shopify.store.loginShopifyPartner is PASSED

2023-03-07 13:36:13 - [TEST_STEP][PASSED] - shopify.store.navigateToStoreDevelop(partner_id): shopify.store.navigateToStoreDevelop is PASSED

2023-03-07 13:36:14 - [MESSAGE][PASSED] - Navigate to 'https://partners.shopify.com/1662018/stores/new?store_type=dev_preview_store&developer_preview_handle=checkout_extensibility' successfully

2023-03-07 13:36:14 - [MESSAGE][PASSED] - shopify.store.navigateToStoreDevelop is PASSED

2023-03-07 13:36:14 - [TEST_STEP][PASSED] - shopify.store.inputStoreName(store_name): shopify.store.inputStoreName is PASSED

2023-03-07 13:36:15 - [MESSAGE][PASSED] - Text 'khanh-ar-stag-1110' is set on object 'Object Repository/Shopify/input_store_name'

2023-03-07 13:36:20 - [MESSAGE][PASSED] - Delayed 5 second(s)

2023-03-07 13:36:20 - [MESSAGE][PASSED] - shopify.store.inputStoreName is PASSED

2023-03-07 13:36:20 - [TEST_STEP][PASSED] - shopify.store.clickCreateStore(): shopify.store.clickCreateStore is PASSED

2023-03-07 13:36:21 - [MESSAGE][PASSED] - Object: 'Object Repository/Shopify/btn_create_store' is clicked on

2023-03-07 13:36:21 - [MESSAGE][PASSED] - Wait for page load successfully

2023-03-07 13:36:21 - [MESSAGE][PASSED] - shopify.store.clickCreateStore is PASSED

2023-03-07 13:36:21 - [TEST_STEP][FAILED] - shopify.store.importProduct(product_file_local): Unable to click on object 'Object Repository/Shopify/span_product'

2023-03-07 13:36:52 - [MESSAGE][INFO] - Unable to find the element located by 'By.xpath: //div[@id='AppFrameNav']/div/nav/div[2]/div[2]/ul/li[3]/div/div/a/span'. Please recheck the objects properties to make sure the desired element is located. 

2023-03-07 13:36:52 - [MESSAGE][WARNING] - [SELF-HEALING] Failed to find element with id 'Object Repository/Shopify/span_product'. Try using Self-healing.

2023-03-07 13:36:53 - [MESSAGE][INFO] - [SELF-HEALING] No working XPath is found.

2023-03-07 13:36:54 - [MESSAGE][INFO] - Unable to find the element located by 'By.xpath: '. Please recheck the objects properties to make sure the desired element is located. 

2023-03-07 13:36:54 - [MESSAGE][WARNING] - [SELF-HEALING] Cannot find elements when the selector is null

2023-03-07 13:36:54 - [MESSAGE][FAILED] - Unable to click on object 'Object Repository/Shopify/span_product' (Root cause: com.kms.katalon.core.exception.StepFailedException: Unable to click on object 'Object Repository/Shopify/span_product'
	at com.kms.katalon.core.webui.keyword.internal.WebUIKeywordMain.stepFailed(WebUIKeywordMain.groovy:64)
	at com.kms.katalon.core.webui.keyword.internal.WebUIKeywordMain.runKeyword(WebUIKeywordMain.groovy:26)
	at com.kms.katalon.core.webui.keyword.builtin.ClickKeyword.click(ClickKeyword.groovy:74)
	at com.kms.katalon.core.webui.keyword.builtin.ClickKeyword.execute(ClickKeyword.groovy:40)
	at com.kms.katalon.core.keyword.internal.KeywordExecutor.executeKeywordForPlatform(KeywordExecutor.groovy:74)
	at com.kms.katalon.core.webui.keyword.WebUiBuiltInKeywords.click(WebUiBuiltInKeywords.groovy:620)
	at com.kms.katalon.core.webui.keyword.WebUiBuiltInKeywords$click$3.call(Unknown Source)
	at shopify.store.importProduct(store.groovy:51)
	at shopify.store.invokeMethod(store.groovy)
	at com.kms.katalon.core.main.CustomKeywordDelegatingMetaClass.invokeStaticMethod(CustomKeywordDelegatingMetaClass.java:55)
	at CreateStore.run(CreateStore:46)
	at com.kms.katalon.core.main.ScriptEngine.run(ScriptEngine.java:194)
	at com.kms.katalon.core.main.ScriptEngine.runScriptAsRawText(ScriptEngine.java:119)
	at com.kms.katalon.core.main.TestCaseExecutor.runScript(TestCaseExecutor.java:448)
	at com.kms.katalon.core.main.TestCaseExecutor.doExecute(TestCaseExecutor.java:439)
	at com.kms.katalon.core.main.TestCaseExecutor.processExecutionPhase(TestCaseExecutor.java:418)
	at com.kms.katalon.core.main.TestCaseExecutor.accessMainPhase(TestCaseExecutor.java:410)
	at com.kms.katalon.core.main.TestCaseExecutor.execute(TestCaseExecutor.java:285)
	at com.kms.katalon.core.common.CommonExecutor.accessTestCaseMainPhase(CommonExecutor.java:65)
	at com.kms.katalon.core.main.TestSuiteExecutor.accessTestSuiteMainPhase(TestSuiteExecutor.java:151)
	at com.kms.katalon.core.main.TestSuiteExecutor.execute(TestSuiteExecutor.java:106)
	at com.kms.katalon.core.main.TestCaseMain.startTestSuite(TestCaseMain.java:185)
	at com.kms.katalon.core.main.TestCaseMain$startTestSuite$0.call(Unknown Source)
	at TempTestSuite1678162735898.run(TempTestSuite1678162735898.groovy:36)
Caused by: com.kms.katalon.core.webui.exception.WebElementNotFoundException: Web element with id: 'Object Repository/Shopify/span_product' located by '//div[@id='AppFrameNav']/div/nav/div[2]/div[2]/ul/li[3]/div/div/a/span' not found
	at com.kms.katalon.core.webui.common.WebUiCommonHelper.findWebElement(WebUiCommonHelper.java:1370)
	at com.kms.katalon.core.webui.keyword.internal.WebUIAbstractKeyword.findWebElement(WebUIAbstractKeyword.groovy:27)
	at com.kms.katalon.core.webui.keyword.builtin.ClickKeyword$_click_closure1.doCall(ClickKeyword.groovy:65)
	at com.kms.katalon.core.webui.keyword.builtin.ClickKeyword$_click_closure1.call(ClickKeyword.groovy)
	at com.kms.katalon.core.webui.keyword.internal.WebUIKeywordMain.runKeyword(WebUIKeywordMain.groovy:20)
	at com.kms.katalon.core.webui.keyword.builtin.ClickKeyword.click(ClickKeyword.groovy:74)
	at com.kms.katalon.core.webui.keyword.builtin.ClickKeyword.execute(ClickKeyword.groovy:40)
	at com.kms.katalon.core.keyword.internal.KeywordExecutor.executeKeywordForPlatform(KeywordExecutor.groovy:74)
	at com.kms.katalon.core.webui.keyword.WebUiBuiltInKeywords.click(WebUiBuiltInKeywords.groovy:620)
	at com.kms.katalon.core.webui.keyword.WebUiBuiltInKeywords$click$3.call(Unknown Source)
	at shopify.store.importProduct(store.groovy:51)
	at shopify.store.invokeMethod(store.groovy)
	at com.kms.katalon.core.main.CustomKeywordDelegatingMetaClass.invokeStaticMethod(CustomKeywordDelegatingMetaClass.java:55)
	at Script1673851860327.run(Script1673851860327.groovy:46)
	... 13 more
)
[[ATTACHMENT|C:\\Users\\huynh\\Documents\\Socialhead\\Automation\\Katalon project\\CreateStore\\CreateStore\\Reports\\20230307_111854\\Store\\Create Store\\20230307_111855\\1678171014468.png]]

2023-03-07 13:36:54 - [MESSAGE][FAILED] - Unable to click on object 'Object Repository/Shopify/span_product'

2023-03-07 13:36:54 - [TEST_STEP][PASSED] - Start tear down : teardownIfFailed: Method 'teardownIfFailed' complete successfully

2023-03-07 13:36:54 - [TEST_STEP][PASSED] - data.excel.updateValueToSheet(file_data, "store", 4, store_name, 7, "Failed"): data.excel.updateValueToSheet is PASSED

2023-03-07 13:36:54 - [MESSAGE][PASSED] - data.excel.updateValueToSheet is PASSED

2023-03-07 13:36:54 - [MESSAGE][PASSED] - Method 'teardownIfFailed' complete successfully]]></system-out>
         <system-err><![CDATA[2023-03-07 13:35:56 - [TEST_CASE][FAILED] - Test Cases/Shopify/CreateStore: Test Cases/Shopify/CreateStore FAILED.
Reason:
com.kms.katalon.core.exception.StepFailedException: Unable to click on object 'Object Repository/Shopify/span_product'
	at com.kms.katalon.core.webui.keyword.internal.WebUIKeywordMain.stepFailed(WebUIKeywordMain.groovy:64)
	at com.kms.katalon.core.webui.keyword.internal.WebUIKeywordMain.runKeyword(WebUIKeywordMain.groovy:26)
	at com.kms.katalon.core.webui.keyword.builtin.ClickKeyword.click(ClickKeyword.groovy:74)
	at com.kms.katalon.core.webui.keyword.builtin.ClickKeyword.execute(ClickKeyword.groovy:40)
	at com.kms.katalon.core.keyword.internal.KeywordExecutor.executeKeywordForPlatform(KeywordExecutor.groovy:74)
	at com.kms.katalon.core.webui.keyword.WebUiBuiltInKeywords.click(WebUiBuiltInKeywords.groovy:620)
	at com.kms.katalon.core.webui.keyword.WebUiBuiltInKeywords$click$3.call(Unknown Source)
	at shopify.store.importProduct(store.groovy:51)
	at shopify.store.invokeMethod(store.groovy)
	at com.kms.katalon.core.main.CustomKeywordDelegatingMetaClass.invokeStaticMethod(CustomKeywordDelegatingMetaClass.java:55)
	at CreateStore.run(CreateStore:46)
	at com.kms.katalon.core.main.ScriptEngine.run(ScriptEngine.java:194)
	at com.kms.katalon.core.main.ScriptEngine.runScriptAsRawText(ScriptEngine.java:119)
	at com.kms.katalon.core.main.TestCaseExecutor.runScript(TestCaseExecutor.java:448)
	at com.kms.katalon.core.main.TestCaseExecutor.doExecute(TestCaseExecutor.java:439)
	at com.kms.katalon.core.main.TestCaseExecutor.processExecutionPhase(TestCaseExecutor.java:418)
	at com.kms.katalon.core.main.TestCaseExecutor.accessMainPhase(TestCaseExecutor.java:410)
	at com.kms.katalon.core.main.TestCaseExecutor.execute(TestCaseExecutor.java:285)
	at com.kms.katalon.core.common.CommonExecutor.accessTestCaseMainPhase(CommonExecutor.java:65)
	at com.kms.katalon.core.main.TestSuiteExecutor.accessTestSuiteMainPhase(TestSuiteExecutor.java:151)
	at com.kms.katalon.core.main.TestSuiteExecutor.execute(TestSuiteExecutor.java:106)
	at com.kms.katalon.core.main.TestCaseMain.startTestSuite(TestCaseMain.java:185)
	at com.kms.katalon.core.main.TestCaseMain$startTestSuite$0.call(Unknown Source)
	at TempTestSuite1678162735898.run(TempTestSuite1678162735898.groovy:36)
Caused by: com.kms.katalon.core.webui.exception.WebElementNotFoundException: Web element with id: 'Object Repository/Shopify/span_product' located by '//div[@id='AppFrameNav']/div/nav/div[2]/div[2]/ul/li[3]/div/div/a/span' not found
	at com.kms.katalon.core.webui.common.WebUiCommonHelper.findWebElement(WebUiCommonHelper.java:1370)
	at com.kms.katalon.core.webui.keyword.internal.WebUIAbstractKeyword.findWebElement(WebUIAbstractKeyword.groovy:27)
	at com.kms.katalon.core.webui.keyword.builtin.ClickKeyword$_click_closure1.doCall(ClickKeyword.groovy:65)
	at com.kms.katalon.core.webui.keyword.builtin.ClickKeyword$_click_closure1.call(ClickKeyword.groovy)
	at com.kms.katalon.core.webui.keyword.internal.WebUIKeywordMain.runKeyword(WebUIKeywordMain.groovy:20)
	... 22 more]]></system-err>
      </testcase>
      <testcase name="Test Cases/Shopify/CreateStore" time="298.838" classname="Test Cases/Shopify/CreateStore" status="PASSED">
         <system-out><![CDATA[2023-03-07 13:36:54 - [TEST_CASE][PASSED] - Test Cases/Shopify/CreateStore: Test Cases/Shopify/CreateStore

2023-03-07 13:36:54 - [TEST_STEP][PASSED] - Start listener action : skipStatus: null

2023-03-07 13:36:54 - [TEST_STEP][PASSED] - map = testCaseContext.getTestCaseVariables(): null

2023-03-07 13:36:54 - [TEST_STEP][PASSED] - testcae_status = map.get("testcase_status"): null

2023-03-07 13:36:54 - [TEST_STEP][PASSED] - println(testcae_status): null

2023-03-07 13:36:54 - [TEST_STEP][PASSED] - if (testcae_status == "Passed" || testcae_status == "Failed"): null

2023-03-07 13:36:54 - [TEST_STEP][PASSED] - log = new com.kms.katalon.core.util.KeywordUtil(): null

2023-03-07 13:36:54 - [TEST_STEP][PASSED] - openBrowser(""): Browser is opened with url: ''

2023-03-07 13:36:54 - [MESSAGE][WARNING] - A browser is already opened. Closing browser and opening a new one

2023-03-07 13:36:55 - [MESSAGE][INFO] - Starting 'Chrome' driver

2023-03-07 13:36:55 - [MESSAGE][INFO] - Action delay is set to 0 milliseconds

2023-03-07 13:36:56 - [MESSAGE][PASSED] - Browser is opened with url: ''

2023-03-07 13:36:56 - [TEST_STEP][PASSED] - maximizeWindow(): Current window maximized

2023-03-07 13:36:56 - [MESSAGE][PASSED] - Current window maximized

2023-03-07 13:36:56 - [TEST_STEP][PASSED] - shopify.store.loginShopifyPartner(partner_email, partner_password, partner_id): shopify.store.loginShopifyPartner is PASSED

2023-03-07 13:37:01 - [MESSAGE][PASSED] - Navigate to 'https://partners.shopify.com/1662018/stores/new' successfully

2023-03-07 13:37:02 - [MESSAGE][PASSED] - Text 'huynh@firegroup.io' is set on object 'Object Repository/Shopify/input_email_shopify'

2023-03-07 13:37:05 - [MESSAGE][PASSED] - Object: 'Object Repository/Shopify/btn_continue_with_email' is clicked on

2023-03-07 13:37:07 - [MESSAGE][PASSED] - Text ****** has been set on object 'Object Repository/Shopify/input_password_shopify'

2023-03-07 13:37:11 - [MESSAGE][PASSED] - Object: 'Object Repository/Shopify/btn_login' is clicked on

2023-03-07 13:37:11 - [MESSAGE][PASSED] - shopify.store.loginShopifyPartner is PASSED

2023-03-07 13:37:11 - [TEST_STEP][PASSED] - shopify.store.navigateToStoreDevelop(partner_id): shopify.store.navigateToStoreDevelop is PASSED

2023-03-07 13:37:12 - [MESSAGE][PASSED] - Navigate to 'https://partners.shopify.com/1662018/stores/new?store_type=dev_preview_store&developer_preview_handle=checkout_extensibility' successfully

2023-03-07 13:37:12 - [MESSAGE][PASSED] - shopify.store.navigateToStoreDevelop is PASSED

2023-03-07 13:37:12 - [TEST_STEP][PASSED] - shopify.store.inputStoreName(store_name): shopify.store.inputStoreName is PASSED

2023-03-07 13:37:14 - [MESSAGE][PASSED] - Text 'khanh-ar-stag-1111' is set on object 'Object Repository/Shopify/input_store_name'

2023-03-07 13:37:19 - [MESSAGE][PASSED] - Delayed 5 second(s)

2023-03-07 13:37:19 - [MESSAGE][PASSED] - shopify.store.inputStoreName is PASSED

2023-03-07 13:37:19 - [TEST_STEP][PASSED] - shopify.store.clickCreateStore(): shopify.store.clickCreateStore is PASSED

2023-03-07 13:37:19 - [MESSAGE][PASSED] - Object: 'Object Repository/Shopify/btn_create_store' is clicked on

2023-03-07 13:37:19 - [MESSAGE][PASSED] - Wait for page load successfully

2023-03-07 13:37:19 - [MESSAGE][PASSED] - shopify.store.clickCreateStore is PASSED

2023-03-07 13:37:19 - [TEST_STEP][PASSED] - shopify.store.importProduct(product_file_local): shopify.store.importProduct is PASSED

2023-03-07 13:37:50 - [MESSAGE][PASSED] - Object: 'Object Repository/Shopify/span_product' is clicked on

2023-03-07 13:37:51 - [MESSAGE][PASSED] - Object: 'Object Repository/Shopify/span_import_product' is clicked on

2023-03-07 13:37:52 - [MESSAGE][PASSED] - File 'C:\Users\huynh\Documents\Socialhead\Automation\Katalon project\CreateStore\CreateStore\Data\products_export.csv' sent to object: 'Object Repository/Shopify/file_product'

2023-03-07 13:37:52 - [MESSAGE][PASSED] - Object: 'Object Repository/Shopify/span_upload_product_continue' is clicked on

2023-03-07 13:37:55 - [MESSAGE][PASSED] - Object: 'Object Repository/Shopify/btn_product_confirm_import' is clicked on

2023-03-07 13:38:25 - [MESSAGE][PASSED] - Delayed 30 second(s)

2023-03-07 13:38:26 - [MESSAGE][PASSED] - Refresh successfully

2023-03-07 13:38:41 - [MESSAGE][PASSED] - Delayed 15 second(s)

2023-03-07 13:38:41 - [MESSAGE][PASSED] - shopify.store.importProduct is PASSED

2023-03-07 13:38:41 - [TEST_STEP][PASSED] - shopify.store.clickOnMenuOnlineStore(): shopify.store.clickOnMenuOnlineStore is PASSED

2023-03-07 13:38:41 - [MESSAGE][PASSED] - Object: 'Object Repository/Shopify Store/a_onlie_store' is clicked on

2023-03-07 13:38:51 - [MESSAGE][PASSED] - Delayed 10 second(s)

2023-03-07 13:38:51 - [MESSAGE][PASSED] - shopify.store.clickOnMenuOnlineStore is PASSED

2023-03-07 13:38:51 - [TEST_STEP][PASSED] - shopify.store.clickOnImportTheme(): shopify.store.clickOnImportTheme is PASSED

2023-03-07 13:39:01 - [MESSAGE][PASSED] - Delayed 10 second(s)

2023-03-07 13:39:11 - [MESSAGE][PASSED] - Delayed 10 second(s)

2023-03-07 13:39:12 - [MESSAGE][PASSED] - Object: 'Object Repository/Shopify Store/btn_add_theme' is clicked on

2023-03-07 13:39:12 - [MESSAGE][PASSED] - shopify.store.clickOnImportTheme is PASSED

2023-03-07 13:39:12 - [TEST_STEP][PASSED] - shopify.store.innstallThemeShopifyViaUrl(theme_url, store_name): shopify.store.innstallThemeShopifyViaUrl is PASSED

2023-03-07 13:39:14 - [MESSAGE][PASSED] - Navigate to 'https://themes.shopify.com/themes/sense?shop=khanh-ar-stag-1111.myshopify.com' successfully

2023-03-07 13:39:24 - [MESSAGE][PASSED] - Object: 'Object Repository/Shopify/div_user_card_name' is clicked on

2023-03-07 13:39:27 - [MESSAGE][PASSED] - Object: 'Object Repository/Shopify Theme/a_trytheme' is clicked on

2023-03-07 13:39:59 - [MESSAGE][INFO] - Unable to find the element located by 'By.xpath: //*[@class = 'user-card__name']'. Please recheck the objects properties to make sure the desired element is located. 

2023-03-07 13:39:59 - [MESSAGE][WARNING] - [SELF-HEALING] Failed to find element with id 'Object Repository/Shopify/div_user_card_name'. Try using Self-healing.

2023-03-07 13:39:59 - [MESSAGE][WARNING] - [SELF-HEALING] Cannot find elements when the XPath is null.

2023-03-07 13:39:59 - [MESSAGE][WARNING] - [SELF-HEALING] Cannot find elements when the selector is null

2023-03-07 13:39:59 - [MESSAGE][WARNING] - Unable to click on object 'Object Repository/Shopify/div_user_card_name' (Root cause: com.kms.katalon.core.exception.StepFailedException: Unable to click on object 'Object Repository/Shopify/div_user_card_name'
	at com.kms.katalon.core.webui.keyword.internal.WebUIKeywordMain.stepFailed(WebUIKeywordMain.groovy:64)
	at com.kms.katalon.core.webui.keyword.internal.WebUIKeywordMain.runKeyword(WebUIKeywordMain.groovy:26)
	at com.kms.katalon.core.webui.keyword.builtin.ClickKeyword.click(ClickKeyword.groovy:74)
	at com.kms.katalon.core.webui.keyword.builtin.ClickKeyword.execute(ClickKeyword.groovy:40)
	at com.kms.katalon.core.keyword.internal.KeywordExecutor.executeKeywordForPlatform(KeywordExecutor.groovy:74)
	at com.kms.katalon.core.webui.keyword.WebUiBuiltInKeywords.click(WebUiBuiltInKeywords.groovy:608)
	at com.kms.katalon.core.webui.keyword.WebUiBuiltInKeywords$click$10.call(Unknown Source)
	at shopify.store.innstallThemeShopifyViaUrl(store.groovy:121)
	at shopify.store.invokeMethod(store.groovy)
	at com.kms.katalon.core.main.CustomKeywordDelegatingMetaClass.invokeStaticMethod(CustomKeywordDelegatingMetaClass.java:55)
	at CreateStore.run(CreateStore:52)
	at com.kms.katalon.core.main.ScriptEngine.run(ScriptEngine.java:194)
	at com.kms.katalon.core.main.ScriptEngine.runScriptAsRawText(ScriptEngine.java:119)
	at com.kms.katalon.core.main.TestCaseExecutor.runScript(TestCaseExecutor.java:448)
	at com.kms.katalon.core.main.TestCaseExecutor.doExecute(TestCaseExecutor.java:439)
	at com.kms.katalon.core.main.TestCaseExecutor.processExecutionPhase(TestCaseExecutor.java:418)
	at com.kms.katalon.core.main.TestCaseExecutor.accessMainPhase(TestCaseExecutor.java:410)
	at com.kms.katalon.core.main.TestCaseExecutor.execute(TestCaseExecutor.java:285)
	at com.kms.katalon.core.common.CommonExecutor.accessTestCaseMainPhase(CommonExecutor.java:65)
	at com.kms.katalon.core.main.TestSuiteExecutor.accessTestSuiteMainPhase(TestSuiteExecutor.java:151)
	at com.kms.katalon.core.main.TestSuiteExecutor.execute(TestSuiteExecutor.java:106)
	at com.kms.katalon.core.main.TestCaseMain.startTestSuite(TestCaseMain.java:185)
	at com.kms.katalon.core.main.TestCaseMain$startTestSuite$0.call(Unknown Source)
	at TempTestSuite1678162735898.run(TempTestSuite1678162735898.groovy:36)
Caused by: com.kms.katalon.core.webui.exception.WebElementNotFoundException: Web element with id: 'Object Repository/Shopify/div_user_card_name' located by '//*[@class = 'user-card__name']' not found
	at com.kms.katalon.core.webui.common.WebUiCommonHelper.findWebElement(WebUiCommonHelper.java:1370)
	at com.kms.katalon.core.webui.keyword.internal.WebUIAbstractKeyword.findWebElement(WebUIAbstractKeyword.groovy:27)
	at com.kms.katalon.core.webui.keyword.builtin.ClickKeyword$_click_closure1.doCall(ClickKeyword.groovy:65)
	at com.kms.katalon.core.webui.keyword.builtin.ClickKeyword$_click_closure1.call(ClickKeyword.groovy)
	at com.kms.katalon.core.webui.keyword.internal.WebUIKeywordMain.runKeyword(WebUIKeywordMain.groovy:20)
	at com.kms.katalon.core.webui.keyword.builtin.ClickKeyword.click(ClickKeyword.groovy:74)
	at com.kms.katalon.core.webui.keyword.builtin.ClickKeyword.execute(ClickKeyword.groovy:40)
	at com.kms.katalon.core.keyword.internal.KeywordExecutor.executeKeywordForPlatform(KeywordExecutor.groovy:74)
	at com.kms.katalon.core.webui.keyword.WebUiBuiltInKeywords.click(WebUiBuiltInKeywords.groovy:608)
	at com.kms.katalon.core.webui.keyword.WebUiBuiltInKeywords$click$10.call(Unknown Source)
	at shopify.store.innstallThemeShopifyViaUrl(store.groovy:121)
	at shopify.store.invokeMethod(store.groovy)
	at com.kms.katalon.core.main.CustomKeywordDelegatingMetaClass.invokeStaticMethod(CustomKeywordDelegatingMetaClass.java:55)
	at Script1673851860327.run(Script1673851860327.groovy:52)
	... 13 more
)
[[ATTACHMENT|C:\\Users\\huynh\\Documents\\Socialhead\\Automation\\Katalon project\\CreateStore\\CreateStore\\Reports\\20230307_111854\\Store\\Create Store\\20230307_111855\\1678171199049.png]]

2023-03-07 13:40:02 - [MESSAGE][PASSED] - Navigate to 'https://themes.shopify.com/themes/sense?shop=khanh-ar-stag-1111.myshopify.com' successfully

2023-03-07 13:40:05 - [MESSAGE][PASSED] - Object: 'Object Repository/Shopify Theme/a_trytheme' is clicked on

2023-03-07 13:40:05 - [MESSAGE][PASSED] - shopify.store.innstallThemeShopifyViaUrl is PASSED

2023-03-07 13:40:05 - [TEST_STEP][PASSED] - shopify.store.clickPublishTheme(): shopify.store.clickPublishTheme is PASSED

2023-03-07 13:40:35 - [MESSAGE][PASSED] - Delayed 30 second(s)

2023-03-07 13:40:35 - [MESSAGE][PASSED] - Refresh successfully

2023-03-07 13:41:05 - [MESSAGE][PASSED] - Delayed 30 second(s)

2023-03-07 13:41:06 - [MESSAGE][PASSED] - Object 'Object Repository/Shopify Store/btn_publish_theme' is clickable

2023-03-07 13:41:06 - [MESSAGE][PASSED] - Object: 'Object Repository/Shopify Store/btn_publish_theme' is clicked on

2023-03-07 13:41:06 - [MESSAGE][PASSED] - shopify.store.clickPublishTheme is PASSED

2023-03-07 13:41:06 - [TEST_STEP][PASSED] - shopify.store.confirmPublishTheme(): shopify.store.confirmPublishTheme is PASSED

2023-03-07 13:41:16 - [MESSAGE][PASSED] - Delayed 10 second(s)

2023-03-07 13:41:16 - [MESSAGE][PASSED] - Object: 'Object Repository/Shopify Store/btn_confirm_publish_theme' is clicked on

2023-03-07 13:41:16 - [MESSAGE][PASSED] - shopify.store.confirmPublishTheme is PASSED

2023-03-07 13:41:16 - [TEST_STEP][PASSED] - shopify.store_setting.changeStoreCurrency(currency, store_name): shopify.store_setting.changeStoreCurrency is PASSED

2023-03-07 13:41:26 - [MESSAGE][PASSED] - Delayed 10 second(s)

2023-03-07 13:41:27 - [MESSAGE][PASSED] - Navigate to 'http://khanh-ar-stag-1111.myshopify.com/admin/settings/general' successfully

2023-03-07 13:41:34 - [MESSAGE][PASSED] - All options with value 'USD' are selected in object 'Object Repository/Shopify Store/select_currency' 

2023-03-07 13:41:34 - [MESSAGE][PASSED] - shopify.store_setting.changeStoreCurrency is PASSED

2023-03-07 13:41:34 - [TEST_STEP][PASSED] - shopify.store_setting.saveStoreSetting(): shopify.store_setting.saveStoreSetting is PASSED

2023-03-07 13:41:35 - [MESSAGE][PASSED] - Object: 'Object Repository/Shopify Store/span_save_admin_setting' is clicked on

2023-03-07 13:41:35 - [MESSAGE][PASSED] - shopify.store_setting.saveStoreSetting is PASSED

2023-03-07 13:41:35 - [TEST_STEP][PASSED] - shopify.store_setting.changeStorePassword(store_name, "1"): shopify.store_setting.changeStorePassword is PASSED

2023-03-07 13:41:45 - [MESSAGE][PASSED] - Delayed 10 second(s)

2023-03-07 13:41:46 - [MESSAGE][PASSED] - Navigate to 'http://khanh-ar-stag-1111.myshopify.com/admin/online_store/preferences?tutorial=unlock' successfully

2023-03-07 13:41:52 - [MESSAGE][PASSED] - Web element with id: 'Object Repository/Shopify Store/div_loading_bar' located by 'By.xpath: //*[@id = 'AppFrameLoadingBar']' is not present after '50' second(s)

2023-03-07 13:41:53 - [MESSAGE][PASSED] - Keys '1' sent to object: 'Object Repository/Shopify Store/input_storefront_password'

2023-03-07 13:41:53 - [MESSAGE][PASSED] - Keys 'ENTER + ' sent to object: 'Object Repository/Shopify Store/input_storefront_password'

2023-03-07 13:41:53 - [MESSAGE][PASSED] - shopify.store_setting.changeStorePassword is PASSED

2023-03-07 13:41:53 - [TEST_STEP][PASSED] - Start tear down : teardownIfPassed: Method 'teardownIfPassed' complete successfully

2023-03-07 13:41:53 - [TEST_STEP][PASSED] - data.excel.updateValueToSheet(file_data, "store", 4, store_name, 7, "Passed"): data.excel.updateValueToSheet is PASSED

2023-03-07 13:41:53 - [MESSAGE][PASSED] - data.excel.updateValueToSheet is PASSED

2023-03-07 13:41:53 - [MESSAGE][PASSED] - Method 'teardownIfPassed' complete successfully]]></system-out>
         <system-err><![CDATA[]]></system-err>
      </testcase>
      <system-out><![CDATA[2023-03-07 11:19:01 - [TEST_SUITE][FAILED] - Create Store: Test Cases/Shopify/CreateStore FAILED.
Reason:
com.kms.katalon.core.exception.StepFailedException: Unable to click on object 'Object Repository/Shopify/span_product'
	at com.kms.katalon.core.webui.keyword.internal.WebUIKeywordMain.stepFailed(WebUIKeywordMain.groovy:64)
	at com.kms.katalon.core.webui.keyword.internal.WebUIKeywordMain.runKeyword(WebUIKeywordMain.groovy:26)
	at com.kms.katalon.core.webui.keyword.builtin.ClickKeyword.click(ClickKeyword.groovy:74)
	at com.kms.katalon.core.webui.keyword.builtin.ClickKeyword.execute(ClickKeyword.groovy:40)
	at com.kms.katalon.core.keyword.internal.KeywordExecutor.executeKeywordForPlatform(KeywordExecutor.groovy:74)
	at com.kms.katalon.core.webui.keyword.WebUiBuiltInKeywords.click(WebUiBuiltInKeywords.groovy:620)
	at com.kms.katalon.core.webui.keyword.WebUiBuiltInKeywords$click$3.call(Unknown Source)
	at shopify.store.importProduct(store.groovy:51)
	at shopify.store.invokeMethod(store.groovy)
	at com.kms.katalon.core.main.CustomKeywordDelegatingMetaClass.invokeStaticMethod(CustomKeywordDelegatingMetaClass.java:55)
	at CreateStore.run(CreateStore:46)
	at com.kms.katalon.core.main.ScriptEngine.run(ScriptEngine.java:194)
	at com.kms.katalon.core.main.ScriptEngine.runScriptAsRawText(ScriptEngine.java:119)
	at com.kms.katalon.core.main.TestCaseExecutor.runScript(TestCaseExecutor.java:448)
	at com.kms.katalon.core.main.TestCaseExecutor.doExecute(TestCaseExecutor.java:439)
	at com.kms.katalon.core.main.TestCaseExecutor.processExecutionPhase(TestCaseExecutor.java:418)
	at com.kms.katalon.core.main.TestCaseExecutor.accessMainPhase(TestCaseExecutor.java:410)
	at com.kms.katalon.core.main.TestCaseExecutor.execute(TestCaseExecutor.java:285)
	at com.kms.katalon.core.common.CommonExecutor.accessTestCaseMainPhase(CommonExecutor.java:65)
	at com.kms.katalon.core.main.TestSuiteExecutor.accessTestSuiteMainPhase(TestSuiteExecutor.java:151)
	at com.kms.katalon.core.main.TestSuiteExecutor.execute(TestSuiteExecutor.java:106)
	at com.kms.katalon.core.main.TestCaseMain.startTestSuite(TestCaseMain.java:185)
	at com.kms.katalon.core.main.TestCaseMain$startTestSuite$0.call(Unknown Source)
	at TempTestSuite1678162735898.run(TempTestSuite1678162735898.groovy:36)
Caused by: com.kms.katalon.core.webui.exception.WebElementNotFoundException: Web element with id: 'Object Repository/Shopify/span_product' located by '//div[@id='AppFrameNav']/div/nav/div[2]/div[2]/ul/li[3]/div/div/a/span' not found
	at com.kms.katalon.core.webui.common.WebUiCommonHelper.findWebElement(WebUiCommonHelper.java:1370)
	at com.kms.katalon.core.webui.keyword.internal.WebUIAbstractKeyword.findWebElement(WebUIAbstractKeyword.groovy:27)
	at com.kms.katalon.core.webui.keyword.builtin.ClickKeyword$_click_closure1.doCall(ClickKeyword.groovy:65)
	at com.kms.katalon.core.webui.keyword.builtin.ClickKeyword$_click_closure1.call(ClickKeyword.groovy)
	at com.kms.katalon.core.webui.keyword.internal.WebUIKeywordMain.runKeyword(WebUIKeywordMain.groovy:20)
	... 22 more]]></system-out>
      <system-err><![CDATA[2023-03-07 11:19:01 - [TEST_SUITE][FAILED] - Create Store: Test Cases/Shopify/CreateStore FAILED.
Reason:
com.kms.katalon.core.exception.StepFailedException: Unable to click on object 'Object Repository/Shopify/span_product'
	at com.kms.katalon.core.webui.keyword.internal.WebUIKeywordMain.stepFailed(WebUIKeywordMain.groovy:64)
	at com.kms.katalon.core.webui.keyword.internal.WebUIKeywordMain.runKeyword(WebUIKeywordMain.groovy:26)
	at com.kms.katalon.core.webui.keyword.builtin.ClickKeyword.click(ClickKeyword.groovy:74)
	at com.kms.katalon.core.webui.keyword.builtin.ClickKeyword.execute(ClickKeyword.groovy:40)
	at com.kms.katalon.core.keyword.internal.KeywordExecutor.executeKeywordForPlatform(KeywordExecutor.groovy:74)
	at com.kms.katalon.core.webui.keyword.WebUiBuiltInKeywords.click(WebUiBuiltInKeywords.groovy:620)
	at com.kms.katalon.core.webui.keyword.WebUiBuiltInKeywords$click$3.call(Unknown Source)
	at shopify.store.importProduct(store.groovy:51)
	at shopify.store.invokeMethod(store.groovy)
	at com.kms.katalon.core.main.CustomKeywordDelegatingMetaClass.invokeStaticMethod(CustomKeywordDelegatingMetaClass.java:55)
	at CreateStore.run(CreateStore:46)
	at com.kms.katalon.core.main.ScriptEngine.run(ScriptEngine.java:194)
	at com.kms.katalon.core.main.ScriptEngine.runScriptAsRawText(ScriptEngine.java:119)
	at com.kms.katalon.core.main.TestCaseExecutor.runScript(TestCaseExecutor.java:448)
	at com.kms.katalon.core.main.TestCaseExecutor.doExecute(TestCaseExecutor.java:439)
	at com.kms.katalon.core.main.TestCaseExecutor.processExecutionPhase(TestCaseExecutor.java:418)
	at com.kms.katalon.core.main.TestCaseExecutor.accessMainPhase(TestCaseExecutor.java:410)
	at com.kms.katalon.core.main.TestCaseExecutor.execute(TestCaseExecutor.java:285)
	at com.kms.katalon.core.common.CommonExecutor.accessTestCaseMainPhase(CommonExecutor.java:65)
	at com.kms.katalon.core.main.TestSuiteExecutor.accessTestSuiteMainPhase(TestSuiteExecutor.java:151)
	at com.kms.katalon.core.main.TestSuiteExecutor.execute(TestSuiteExecutor.java:106)
	at com.kms.katalon.core.main.TestCaseMain.startTestSuite(TestCaseMain.java:185)
	at com.kms.katalon.core.main.TestCaseMain$startTestSuite$0.call(Unknown Source)
	at TempTestSuite1678162735898.run(TempTestSuite1678162735898.groovy:36)
Caused by: com.kms.katalon.core.webui.exception.WebElementNotFoundException: Web element with id: 'Object Repository/Shopify/span_product' located by '//div[@id='AppFrameNav']/div/nav/div[2]/div[2]/ul/li[3]/div/div/a/span' not found
	at com.kms.katalon.core.webui.common.WebUiCommonHelper.findWebElement(WebUiCommonHelper.java:1370)
	at com.kms.katalon.core.webui.keyword.internal.WebUIAbstractKeyword.findWebElement(WebUIAbstractKeyword.groovy:27)
	at com.kms.katalon.core.webui.keyword.builtin.ClickKeyword$_click_closure1.doCall(ClickKeyword.groovy:65)
	at com.kms.katalon.core.webui.keyword.builtin.ClickKeyword$_click_closure1.call(ClickKeyword.groovy)
	at com.kms.katalon.core.webui.keyword.internal.WebUIKeywordMain.runKeyword(WebUIKeywordMain.groovy:20)
	... 22 more]]></system-err>
   </testsuite>
</testsuites>
