<?xml version="1.0" encoding="UTF-8"?>
<testsuites name="Create Store" time="12.065" tests="259" failures="0" errors="0">
   <testsuite name="Create Store" tests="259" failures="0" errors="0" time="12.065" skipped="259" timestamp="2023-02-10 16:08:09" hostname="huynh - huynh.mshome.net" id="Test Suites/Store/Create Store">
      <properties>
         <property name="deviceName" value=""/>
         <property name="devicePlatform" value=""/>
         <property name="logFolder" value="C:\\Users\\huynh\\Documents\\Socialhead\\Automation\\Katalon project\\CreateStore\\CreateStore\\Reports\\20230210_160801\\Store\\Create Store\\20230210_160802"/>
         <property name="logFiles" value="C:\\Users\\huynh\\Documents\\Socialhead\\Automation\\Katalon project\\CreateStore\\CreateStore\\Reports\\20230210_160801\\Store\\Create Store\\20230210_160802\\execution0.log"/>
         <property name="attachments" value=""/>
         <property name="hostName" value="huynh - huynh.mshome.net"/>
         <property name="hostAddress" value="172.18.224.1"/>
         <property name="os" value="Windows 10 64bit"/>
         <property name="katalonVersion" value="8.5.5.208"/>
      </properties>
      <testcase name="Test Cases/Shopify/CreateStore" time="0.042" classname="Test Cases/Shopify/CreateStore" status="SKIPPED">
         <system-out><![CDATA[2023-02-10 16:08:09 - [TEST_CASE][SKIPPED] - Test Cases/Shopify/CreateStore: 

2023-02-10 16:08:09 - [TEST_STEP][PASSED] - Start listener action : skipStatus: null

2023-02-10 16:08:09 - [TEST_STEP][PASSED] - map = testCaseContext.getTestCaseVariables(): null

2023-02-10 16:08:09 - [TEST_STEP][PASSED] - testcae_status = map.get("testcase_status"): null

2023-02-10 16:08:09 - [TEST_STEP][PASSED] - if (testcae_status == "Passed" || testcae_status == "Failed"): null

2023-02-10 16:08:09 - [TEST_STEP][PASSED] - testCaseContext.skipThisTestCase(): null]]></system-out>
         <system-err><![CDATA[]]></system-err>
      </testcase>
      <testcase name="Test Cases/Shopify/CreateStore" time="0.014" classname="Test Cases/Shopify/CreateStore" status="SKIPPED">
         <system-out><![CDATA[2023-02-10 16:08:10 - [TEST_CASE][SKIPPED] - Test Cases/Shopify/CreateStore: 

2023-02-10 16:08:10 - [TEST_STEP][PASSED] - Start listener action : skipStatus: null

2023-02-10 16:08:10 - [TEST_STEP][PASSED] - map = testCaseContext.getTestCaseVariables(): null

2023-02-10 16:08:10 - [TEST_STEP][PASSED] - testcae_status = map.get("testcase_status"): null

2023-02-10 16:08:10 - [TEST_STEP][PASSED] - if (testcae_status == "Passed" || testcae_status == "Failed"): null

2023-02-10 16:08:10 - [TEST_STEP][PASSED] - testCaseContext.skipThisTestCase(): null]]></system-out>
         <system-err><![CDATA[]]></system-err>
      </testcase>
      <testcase name="Test Cases/Shopify/CreateStore" time="0.015" classname="Test Cases/Shopify/CreateStore" status="SKIPPED">
         <system-out><![CDATA[2023-02-10 16:08:10 - [TEST_CASE][SKIPPED] - Test Cases/Shopify/CreateStore: 

2023-02-10 16:08:10 - [TEST_STEP][PASSED] - Start listener action : skipStatus: null

2023-02-10 16:08:10 - [TEST_STEP][PASSED] - map = testCaseContext.getTestCaseVariables(): null

2023-02-10 16:08:10 - [TEST_STEP][PASSED] - testcae_status = map.get("testcase_status"): null

2023-02-10 16:08:10 - [TEST_STEP][PASSED] - if (testcae_status == "Passed" || testcae_status == "Failed"): null

2023-02-10 16:08:10 - [TEST_STEP][PASSED] - testCaseContext.skipThisTestCase(): null]]></system-out>
         <system-err><![CDATA[]]></system-err>
      </testcase>
      <testcase name="Test Cases/Shopify/CreateStore" time="0.031" classname="Test Cases/Shopify/CreateStore" status="SKIPPED">
         <system-out><![CDATA[2023-02-10 16:08:10 - [TEST_CASE][SKIPPED] - Test Cases/Shopify/CreateStore: 

2023-02-10 16:08:10 - [TEST_STEP][PASSED] - Start listener action : skipStatus: null

2023-02-10 16:08:10 - [TEST_STEP][PASSED] - map = testCaseContext.getTestCaseVariables(): null

2023-02-10 16:08:10 - [TEST_STEP][PASSED] - testcae_status = map.get("testcase_status"): null

2023-02-10 16:08:10 - [TEST_STEP][PASSED] - if (testcae_status == "Passed" || testcae_status == "Failed"): null

2023-02-10 16:08:10 - [TEST_STEP][PASSED] - testCaseContext.skipThisTestCase(): null]]></system-out>
         <system-err><![CDATA[]]></system-err>
      </testcase>
      <testcase name="Test Cases/Shopify/CreateStore" time="0.017" classname="Test Cases/Shopify/CreateStore" status="SKIPPED">
         <system-out><![CDATA[2023-02-10 16:08:10 - [TEST_CASE][SKIPPED] - Test Cases/Shopify/CreateStore: 

2023-02-10 16:08:10 - [TEST_STEP][PASSED] - Start listener action : skipStatus: null

2023-02-10 16:08:10 - [TEST_STEP][PASSED] - map = testCaseContext.getTestCaseVariables(): null

2023-02-10 16:08:10 - [TEST_STEP][PASSED] - testcae_status = map.get("testcase_status"): null

2023-02-10 16:08:10 - [TEST_STEP][PASSED] - if (testcae_status == "Passed" || testcae_status == "Failed"): null

2023-02-10 16:08:10 - [TEST_STEP][PASSED] - testCaseContext.skipThisTestCase(): null]]></system-out>
         <system-err><![CDATA[]]></system-err>
      </testcase>
      <testcase name="Test Cases/Shopify/CreateStore" time="0.016" classname="Test Cases/Shopify/CreateStore" status="SKIPPED">
         <system-out><![CDATA[2023-02-10 16:08:10 - [TEST_CASE][SKIPPED] - Test Cases/Shopify/CreateStore: 

2023-02-10 16:08:10 - [TEST_STEP][PASSED] - Start listener action : skipStatus: null

2023-02-10 16:08:10 - [TEST_STEP][PASSED] - map = testCaseContext.getTestCaseVariables(): null

2023-02-10 16:08:10 - [TEST_STEP][PASSED] - testcae_status = map.get("testcase_status"): null

2023-02-10 16:08:10 - [TEST_STEP][PASSED] - if (testcae_status == "Passed" || testcae_status == "Failed"): null

2023-02-10 16:08:10 - [TEST_STEP][PASSED] - testCaseContext.skipThisTestCase(): null]]></system-out>
         <system-err><![CDATA[]]></system-err>
      </testcase>
      <testcase name="Test Cases/Shopify/CreateStore" time="0.016" classname="Test Cases/Shopify/CreateStore" status="SKIPPED">
         <system-out><![CDATA[2023-02-10 16:08:10 - [TEST_CASE][SKIPPED] - Test Cases/Shopify/CreateStore: 

2023-02-10 16:08:10 - [TEST_STEP][PASSED] - Start listener action : skipStatus: null

2023-02-10 16:08:10 - [TEST_STEP][PASSED] - map = testCaseContext.getTestCaseVariables(): null

2023-02-10 16:08:10 - [TEST_STEP][PASSED] - testcae_status = map.get("testcase_status"): null

2023-02-10 16:08:10 - [TEST_STEP][PASSED] - if (testcae_status == "Passed" || testcae_status == "Failed"): null

2023-02-10 16:08:10 - [TEST_STEP][PASSED] - testCaseContext.skipThisTestCase(): null]]></system-out>
         <system-err><![CDATA[]]></system-err>
      </testcase>
      <testcase name="Test Cases/Shopify/CreateStore" time="0.016" classname="Test Cases/Shopify/CreateStore" status="SKIPPED">
         <system-out><![CDATA[2023-02-10 16:08:10 - [TEST_CASE][SKIPPED] - Test Cases/Shopify/CreateStore: 

2023-02-10 16:08:10 - [TEST_STEP][PASSED] - Start listener action : skipStatus: null

2023-02-10 16:08:10 - [TEST_STEP][PASSED] - map = testCaseContext.getTestCaseVariables(): null

2023-02-10 16:08:10 - [TEST_STEP][PASSED] - testcae_status = map.get("testcase_status"): null

2023-02-10 16:08:10 - [TEST_STEP][PASSED] - if (testcae_status == "Passed" || testcae_status == "Failed"): null

2023-02-10 16:08:10 - [TEST_STEP][PASSED] - testCaseContext.skipThisTestCase(): null]]></system-out>
         <system-err><![CDATA[]]></system-err>
      </testcase>
      <testcase name="Test Cases/Shopify/CreateStore" time="0.016" classname="Test Cases/Shopify/CreateStore" status="SKIPPED">
         <system-out><![CDATA[2023-02-10 16:08:10 - [TEST_CASE][SKIPPED] - Test Cases/Shopify/CreateStore: 

2023-02-10 16:08:10 - [TEST_STEP][PASSED] - Start listener action : skipStatus: null

2023-02-10 16:08:10 - [TEST_STEP][PASSED] - map = testCaseContext.getTestCaseVariables(): null

2023-02-10 16:08:10 - [TEST_STEP][PASSED] - testcae_status = map.get("testcase_status"): null

2023-02-10 16:08:10 - [TEST_STEP][PASSED] - if (testcae_status == "Passed" || testcae_status == "Failed"): null

2023-02-10 16:08:10 - [TEST_STEP][PASSED] - testCaseContext.skipThisTestCase(): null]]></system-out>
         <system-err><![CDATA[]]></system-err>
      </testcase>
      <testcase name="Test Cases/Shopify/CreateStore" time="0.016" classname="Test Cases/Shopify/CreateStore" status="SKIPPED">
         <system-out><![CDATA[2023-02-10 16:08:10 - [TEST_CASE][SKIPPED] - Test Cases/Shopify/CreateStore: 

2023-02-10 16:08:10 - [TEST_STEP][PASSED] - Start listener action : skipStatus: null

2023-02-10 16:08:10 - [TEST_STEP][PASSED] - map = testCaseContext.getTestCaseVariables(): null

2023-02-10 16:08:10 - [TEST_STEP][PASSED] - testcae_status = map.get("testcase_status"): null

2023-02-10 16:08:10 - [TEST_STEP][PASSED] - if (testcae_status == "Passed" || testcae_status == "Failed"): null

2023-02-10 16:08:10 - [TEST_STEP][PASSED] - testCaseContext.skipThisTestCase(): null]]></system-out>
         <system-err><![CDATA[]]></system-err>
      </testcase>
      <testcase name="Test Cases/Shopify/CreateStore" time="0.016" classname="Test Cases/Shopify/CreateStore" status="SKIPPED">
         <system-out><![CDATA[2023-02-10 16:08:10 - [TEST_CASE][SKIPPED] - Test Cases/Shopify/CreateStore: 

2023-02-10 16:08:10 - [TEST_STEP][PASSED] - Start listener action : skipStatus: null

2023-02-10 16:08:10 - [TEST_STEP][PASSED] - map = testCaseContext.getTestCaseVariables(): null

2023-02-10 16:08:10 - [TEST_STEP][PASSED] - testcae_status = map.get("testcase_status"): null

2023-02-10 16:08:10 - [TEST_STEP][PASSED] - if (testcae_status == "Passed" || testcae_status == "Failed"): null

2023-02-10 16:08:10 - [TEST_STEP][PASSED] - testCaseContext.skipThisTestCase(): null]]></system-out>
         <system-err><![CDATA[]]></system-err>
      </testcase>
      <testcase name="Test Cases/Shopify/CreateStore" time="0.013" classname="Test Cases/Shopify/CreateStore" status="SKIPPED">
         <system-out><![CDATA[2023-02-10 16:08:10 - [TEST_CASE][SKIPPED] - Test Cases/Shopify/CreateStore: 

2023-02-10 16:08:10 - [TEST_STEP][PASSED] - Start listener action : skipStatus: null

2023-02-10 16:08:10 - [TEST_STEP][PASSED] - map = testCaseContext.getTestCaseVariables(): null

2023-02-10 16:08:10 - [TEST_STEP][PASSED] - testcae_status = map.get("testcase_status"): null

2023-02-10 16:08:10 - [TEST_STEP][PASSED] - if (testcae_status == "Passed" || testcae_status == "Failed"): null

2023-02-10 16:08:10 - [TEST_STEP][PASSED] - testCaseContext.skipThisTestCase(): null]]></system-out>
         <system-err><![CDATA[]]></system-err>
      </testcase>
      <testcase name="Test Cases/Shopify/CreateStore" time="0.016" classname="Test Cases/Shopify/CreateStore" status="SKIPPED">
         <system-out><![CDATA[2023-02-10 16:08:10 - [TEST_CASE][SKIPPED] - Test Cases/Shopify/CreateStore: 

2023-02-10 16:08:10 - [TEST_STEP][PASSED] - Start listener action : skipStatus: null

2023-02-10 16:08:10 - [TEST_STEP][PASSED] - map = testCaseContext.getTestCaseVariables(): null

2023-02-10 16:08:10 - [TEST_STEP][PASSED] - testcae_status = map.get("testcase_status"): null

2023-02-10 16:08:10 - [TEST_STEP][PASSED] - if (testcae_status == "Passed" || testcae_status == "Failed"): null

2023-02-10 16:08:10 - [TEST_STEP][PASSED] - testCaseContext.skipThisTestCase(): null]]></system-out>
         <system-err><![CDATA[]]></system-err>
      </testcase>
      <testcase name="Test Cases/Shopify/CreateStore" time="0.015" classname="Test Cases/Shopify/CreateStore" status="SKIPPED">
         <system-out><![CDATA[2023-02-10 16:08:10 - [TEST_CASE][SKIPPED] - Test Cases/Shopify/CreateStore: 

2023-02-10 16:08:10 - [TEST_STEP][PASSED] - Start listener action : skipStatus: null

2023-02-10 16:08:10 - [TEST_STEP][PASSED] - map = testCaseContext.getTestCaseVariables(): null

2023-02-10 16:08:10 - [TEST_STEP][PASSED] - testcae_status = map.get("testcase_status"): null

2023-02-10 16:08:10 - [TEST_STEP][PASSED] - if (testcae_status == "Passed" || testcae_status == "Failed"): null

2023-02-10 16:08:10 - [TEST_STEP][PASSED] - testCaseContext.skipThisTestCase(): null]]></system-out>
         <system-err><![CDATA[]]></system-err>
      </testcase>
      <testcase name="Test Cases/Shopify/CreateStore" time="0.016" classname="Test Cases/Shopify/CreateStore" status="SKIPPED">
         <system-out><![CDATA[2023-02-10 16:08:10 - [TEST_CASE][SKIPPED] - Test Cases/Shopify/CreateStore: 

2023-02-10 16:08:10 - [TEST_STEP][PASSED] - Start listener action : skipStatus: null

2023-02-10 16:08:10 - [TEST_STEP][PASSED] - map = testCaseContext.getTestCaseVariables(): null

2023-02-10 16:08:10 - [TEST_STEP][PASSED] - testcae_status = map.get("testcase_status"): null

2023-02-10 16:08:10 - [TEST_STEP][PASSED] - if (testcae_status == "Passed" || testcae_status == "Failed"): null

2023-02-10 16:08:10 - [TEST_STEP][PASSED] - testCaseContext.skipThisTestCase(): null]]></system-out>
         <system-err><![CDATA[]]></system-err>
      </testcase>
      <testcase name="Test Cases/Shopify/CreateStore" time="0.016" classname="Test Cases/Shopify/CreateStore" status="SKIPPED">
         <system-out><![CDATA[2023-02-10 16:08:10 - [TEST_CASE][SKIPPED] - Test Cases/Shopify/CreateStore: 

2023-02-10 16:08:10 - [TEST_STEP][PASSED] - Start listener action : skipStatus: null

2023-02-10 16:08:10 - [TEST_STEP][PASSED] - map = testCaseContext.getTestCaseVariables(): null

2023-02-10 16:08:10 - [TEST_STEP][PASSED] - testcae_status = map.get("testcase_status"): null

2023-02-10 16:08:10 - [TEST_STEP][PASSED] - if (testcae_status == "Passed" || testcae_status == "Failed"): null

2023-02-10 16:08:10 - [TEST_STEP][PASSED] - testCaseContext.skipThisTestCase(): null]]></system-out>
         <system-err><![CDATA[]]></system-err>
      </testcase>
      <testcase name="Test Cases/Shopify/CreateStore" time="0.017" classname="Test Cases/Shopify/CreateStore" status="SKIPPED">
         <system-out><![CDATA[2023-02-10 16:08:11 - [TEST_CASE][SKIPPED] - Test Cases/Shopify/CreateStore: 

2023-02-10 16:08:11 - [TEST_STEP][PASSED] - Start listener action : skipStatus: null

2023-02-10 16:08:11 - [TEST_STEP][PASSED] - map = testCaseContext.getTestCaseVariables(): null

2023-02-10 16:08:11 - [TEST_STEP][PASSED] - testcae_status = map.get("testcase_status"): null

2023-02-10 16:08:11 - [TEST_STEP][PASSED] - if (testcae_status == "Passed" || testcae_status == "Failed"): null

2023-02-10 16:08:11 - [TEST_STEP][PASSED] - testCaseContext.skipThisTestCase(): null]]></system-out>
         <system-err><![CDATA[]]></system-err>
      </testcase>
      <testcase name="Test Cases/Shopify/CreateStore" time="0.016" classname="Test Cases/Shopify/CreateStore" status="SKIPPED">
         <system-out><![CDATA[2023-02-10 16:08:11 - [TEST_CASE][SKIPPED] - Test Cases/Shopify/CreateStore: 

2023-02-10 16:08:11 - [TEST_STEP][PASSED] - Start listener action : skipStatus: null

2023-02-10 16:08:11 - [TEST_STEP][PASSED] - map = testCaseContext.getTestCaseVariables(): null

2023-02-10 16:08:11 - [TEST_STEP][PASSED] - testcae_status = map.get("testcase_status"): null

2023-02-10 16:08:11 - [TEST_STEP][PASSED] - if (testcae_status == "Passed" || testcae_status == "Failed"): null

2023-02-10 16:08:11 - [TEST_STEP][PASSED] - testCaseContext.skipThisTestCase(): null]]></system-out>
         <system-err><![CDATA[]]></system-err>
      </testcase>
      <testcase name="Test Cases/Shopify/CreateStore" time="0.015" classname="Test Cases/Shopify/CreateStore" status="SKIPPED">
         <system-out><![CDATA[2023-02-10 16:08:11 - [TEST_CASE][SKIPPED] - Test Cases/Shopify/CreateStore: 

2023-02-10 16:08:11 - [TEST_STEP][PASSED] - Start listener action : skipStatus: null

2023-02-10 16:08:11 - [TEST_STEP][PASSED] - map = testCaseContext.getTestCaseVariables(): null

2023-02-10 16:08:11 - [TEST_STEP][PASSED] - testcae_status = map.get("testcase_status"): null

2023-02-10 16:08:11 - [TEST_STEP][PASSED] - if (testcae_status == "Passed" || testcae_status == "Failed"): null

2023-02-10 16:08:11 - [TEST_STEP][PASSED] - testCaseContext.skipThisTestCase(): null]]></system-out>
         <system-err><![CDATA[]]></system-err>
      </testcase>
      <testcase name="Test Cases/Shopify/CreateStore" time="0.016" classname="Test Cases/Shopify/CreateStore" status="SKIPPED">
         <system-out><![CDATA[2023-02-10 16:08:11 - [TEST_CASE][SKIPPED] - Test Cases/Shopify/CreateStore: 

2023-02-10 16:08:11 - [TEST_STEP][PASSED] - Start listener action : skipStatus: null

2023-02-10 16:08:11 - [TEST_STEP][PASSED] - map = testCaseContext.getTestCaseVariables(): null

2023-02-10 16:08:11 - [TEST_STEP][PASSED] - testcae_status = map.get("testcase_status"): null

2023-02-10 16:08:11 - [TEST_STEP][PASSED] - if (testcae_status == "Passed" || testcae_status == "Failed"): null

2023-02-10 16:08:11 - [TEST_STEP][PASSED] - testCaseContext.skipThisTestCase(): null]]></system-out>
         <system-err><![CDATA[]]></system-err>
      </testcase>
      <testcase name="Test Cases/Shopify/CreateStore" time="0.016" classname="Test Cases/Shopify/CreateStore" status="SKIPPED">
         <system-out><![CDATA[2023-02-10 16:08:11 - [TEST_CASE][SKIPPED] - Test Cases/Shopify/CreateStore: 

2023-02-10 16:08:11 - [TEST_STEP][PASSED] - Start listener action : skipStatus: null

2023-02-10 16:08:11 - [TEST_STEP][PASSED] - map = testCaseContext.getTestCaseVariables(): null

2023-02-10 16:08:11 - [TEST_STEP][PASSED] - testcae_status = map.get("testcase_status"): null

2023-02-10 16:08:11 - [TEST_STEP][PASSED] - if (testcae_status == "Passed" || testcae_status == "Failed"): null

2023-02-10 16:08:11 - [TEST_STEP][PASSED] - testCaseContext.skipThisTestCase(): null]]></system-out>
         <system-err><![CDATA[]]></system-err>
      </testcase>
      <testcase name="Test Cases/Shopify/CreateStore" time="0.015" classname="Test Cases/Shopify/CreateStore" status="SKIPPED">
         <system-out><![CDATA[2023-02-10 16:08:11 - [TEST_CASE][SKIPPED] - Test Cases/Shopify/CreateStore: 

2023-02-10 16:08:11 - [TEST_STEP][PASSED] - Start listener action : skipStatus: null

2023-02-10 16:08:11 - [TEST_STEP][PASSED] - map = testCaseContext.getTestCaseVariables(): null

2023-02-10 16:08:11 - [TEST_STEP][PASSED] - testcae_status = map.get("testcase_status"): null

2023-02-10 16:08:11 - [TEST_STEP][PASSED] - if (testcae_status == "Passed" || testcae_status == "Failed"): null

2023-02-10 16:08:11 - [TEST_STEP][PASSED] - testCaseContext.skipThisTestCase(): null]]></system-out>
         <system-err><![CDATA[]]></system-err>
      </testcase>
      <testcase name="Test Cases/Shopify/CreateStore" time="0.015" classname="Test Cases/Shopify/CreateStore" status="SKIPPED">
         <system-out><![CDATA[2023-02-10 16:08:11 - [TEST_CASE][SKIPPED] - Test Cases/Shopify/CreateStore: 

2023-02-10 16:08:11 - [TEST_STEP][PASSED] - Start listener action : skipStatus: null

2023-02-10 16:08:11 - [TEST_STEP][PASSED] - map = testCaseContext.getTestCaseVariables(): null

2023-02-10 16:08:11 - [TEST_STEP][PASSED] - testcae_status = map.get("testcase_status"): null

2023-02-10 16:08:11 - [TEST_STEP][PASSED] - if (testcae_status == "Passed" || testcae_status == "Failed"): null

2023-02-10 16:08:11 - [TEST_STEP][PASSED] - testCaseContext.skipThisTestCase(): null]]></system-out>
         <system-err><![CDATA[]]></system-err>
      </testcase>
      <testcase name="Test Cases/Shopify/CreateStore" time="0.016" classname="Test Cases/Shopify/CreateStore" status="SKIPPED">
         <system-out><![CDATA[2023-02-10 16:08:11 - [TEST_CASE][SKIPPED] - Test Cases/Shopify/CreateStore: 

2023-02-10 16:08:11 - [TEST_STEP][PASSED] - Start listener action : skipStatus: null

2023-02-10 16:08:11 - [TEST_STEP][PASSED] - map = testCaseContext.getTestCaseVariables(): null

2023-02-10 16:08:11 - [TEST_STEP][PASSED] - testcae_status = map.get("testcase_status"): null

2023-02-10 16:08:11 - [TEST_STEP][PASSED] - if (testcae_status == "Passed" || testcae_status == "Failed"): null

2023-02-10 16:08:11 - [TEST_STEP][PASSED] - testCaseContext.skipThisTestCase(): null]]></system-out>
         <system-err><![CDATA[]]></system-err>
      </testcase>
      <testcase name="Test Cases/Shopify/CreateStore" time="0.016" classname="Test Cases/Shopify/CreateStore" status="SKIPPED">
         <system-out><![CDATA[2023-02-10 16:08:11 - [TEST_CASE][SKIPPED] - Test Cases/Shopify/CreateStore: 

2023-02-10 16:08:11 - [TEST_STEP][PASSED] - Start listener action : skipStatus: null

2023-02-10 16:08:11 - [TEST_STEP][PASSED] - map = testCaseContext.getTestCaseVariables(): null

2023-02-10 16:08:11 - [TEST_STEP][PASSED] - testcae_status = map.get("testcase_status"): null

2023-02-10 16:08:11 - [TEST_STEP][PASSED] - if (testcae_status == "Passed" || testcae_status == "Failed"): null

2023-02-10 16:08:11 - [TEST_STEP][PASSED] - testCaseContext.skipThisTestCase(): null]]></system-out>
         <system-err><![CDATA[]]></system-err>
      </testcase>
      <testcase name="Test Cases/Shopify/CreateStore" time="0.016" classname="Test Cases/Shopify/CreateStore" status="SKIPPED">
         <system-out><![CDATA[2023-02-10 16:08:11 - [TEST_CASE][SKIPPED] - Test Cases/Shopify/CreateStore: 

2023-02-10 16:08:11 - [TEST_STEP][PASSED] - Start listener action : skipStatus: null

2023-02-10 16:08:11 - [TEST_STEP][PASSED] - map = testCaseContext.getTestCaseVariables(): null

2023-02-10 16:08:11 - [TEST_STEP][PASSED] - testcae_status = map.get("testcase_status"): null

2023-02-10 16:08:11 - [TEST_STEP][PASSED] - if (testcae_status == "Passed" || testcae_status == "Failed"): null

2023-02-10 16:08:11 - [TEST_STEP][PASSED] - testCaseContext.skipThisTestCase(): null]]></system-out>
         <system-err><![CDATA[]]></system-err>
      </testcase>
      <testcase name="Test Cases/Shopify/CreateStore" time="0.016" classname="Test Cases/Shopify/CreateStore" status="SKIPPED">
         <system-out><![CDATA[2023-02-10 16:08:11 - [TEST_CASE][SKIPPED] - Test Cases/Shopify/CreateStore: 

2023-02-10 16:08:11 - [TEST_STEP][PASSED] - Start listener action : skipStatus: null

2023-02-10 16:08:11 - [TEST_STEP][PASSED] - map = testCaseContext.getTestCaseVariables(): null

2023-02-10 16:08:11 - [TEST_STEP][PASSED] - testcae_status = map.get("testcase_status"): null

2023-02-10 16:08:11 - [TEST_STEP][PASSED] - if (testcae_status == "Passed" || testcae_status == "Failed"): null

2023-02-10 16:08:11 - [TEST_STEP][PASSED] - testCaseContext.skipThisTestCase(): null]]></system-out>
         <system-err><![CDATA[]]></system-err>
      </testcase>
      <testcase name="Test Cases/Shopify/CreateStore" time="0.016" classname="Test Cases/Shopify/CreateStore" status="SKIPPED">
         <system-out><![CDATA[2023-02-10 16:08:11 - [TEST_CASE][SKIPPED] - Test Cases/Shopify/CreateStore: 

2023-02-10 16:08:11 - [TEST_STEP][PASSED] - Start listener action : skipStatus: null

2023-02-10 16:08:11 - [TEST_STEP][PASSED] - map = testCaseContext.getTestCaseVariables(): null

2023-02-10 16:08:11 - [TEST_STEP][PASSED] - testcae_status = map.get("testcase_status"): null

2023-02-10 16:08:11 - [TEST_STEP][PASSED] - if (testcae_status == "Passed" || testcae_status == "Failed"): null

2023-02-10 16:08:11 - [TEST_STEP][PASSED] - testCaseContext.skipThisTestCase(): null]]></system-out>
         <system-err><![CDATA[]]></system-err>
      </testcase>
      <testcase name="Test Cases/Shopify/CreateStore" time="0.015" classname="Test Cases/Shopify/CreateStore" status="SKIPPED">
         <system-out><![CDATA[2023-02-10 16:08:11 - [TEST_CASE][SKIPPED] - Test Cases/Shopify/CreateStore: 

2023-02-10 16:08:11 - [TEST_STEP][PASSED] - Start listener action : skipStatus: null

2023-02-10 16:08:11 - [TEST_STEP][PASSED] - map = testCaseContext.getTestCaseVariables(): null

2023-02-10 16:08:11 - [TEST_STEP][PASSED] - testcae_status = map.get("testcase_status"): null

2023-02-10 16:08:11 - [TEST_STEP][PASSED] - if (testcae_status == "Passed" || testcae_status == "Failed"): null

2023-02-10 16:08:11 - [TEST_STEP][PASSED] - testCaseContext.skipThisTestCase(): null]]></system-out>
         <system-err><![CDATA[]]></system-err>
      </testcase>
      <testcase name="Test Cases/Shopify/CreateStore" time="0.015" classname="Test Cases/Shopify/CreateStore" status="SKIPPED">
         <system-out><![CDATA[2023-02-10 16:08:11 - [TEST_CASE][SKIPPED] - Test Cases/Shopify/CreateStore: 

2023-02-10 16:08:11 - [TEST_STEP][PASSED] - Start listener action : skipStatus: null

2023-02-10 16:08:11 - [TEST_STEP][PASSED] - map = testCaseContext.getTestCaseVariables(): null

2023-02-10 16:08:11 - [TEST_STEP][PASSED] - testcae_status = map.get("testcase_status"): null

2023-02-10 16:08:11 - [TEST_STEP][PASSED] - if (testcae_status == "Passed" || testcae_status == "Failed"): null

2023-02-10 16:08:11 - [TEST_STEP][PASSED] - testCaseContext.skipThisTestCase(): null]]></system-out>
         <system-err><![CDATA[]]></system-err>
      </testcase>
      <testcase name="Test Cases/Shopify/CreateStore" time="0.0" classname="Test Cases/Shopify/CreateStore" status="SKIPPED">
         <system-out><![CDATA[2023-02-10 16:08:11 - [TEST_CASE][SKIPPED] - Test Cases/Shopify/CreateStore: 

2023-02-10 16:08:11 - [TEST_STEP][PASSED] - Start listener action : skipStatus: null

2023-02-10 16:08:11 - [TEST_STEP][PASSED] - map = testCaseContext.getTestCaseVariables(): null

2023-02-10 16:08:11 - [TEST_STEP][PASSED] - testcae_status = map.get("testcase_status"): null

2023-02-10 16:08:11 - [TEST_STEP][PASSED] - if (testcae_status == "Passed" || testcae_status == "Failed"): null

2023-02-10 16:08:11 - [TEST_STEP][PASSED] - testCaseContext.skipThisTestCase(): null]]></system-out>
         <system-err><![CDATA[]]></system-err>
      </testcase>
      <testcase name="Test Cases/Shopify/CreateStore" time="0.004" classname="Test Cases/Shopify/CreateStore" status="SKIPPED">
         <system-out><![CDATA[2023-02-10 16:08:11 - [TEST_CASE][SKIPPED] - Test Cases/Shopify/CreateStore: 

2023-02-10 16:08:11 - [TEST_STEP][PASSED] - Start listener action : skipStatus: null

2023-02-10 16:08:11 - [TEST_STEP][PASSED] - map = testCaseContext.getTestCaseVariables(): null

2023-02-10 16:08:11 - [TEST_STEP][PASSED] - testcae_status = map.get("testcase_status"): null

2023-02-10 16:08:11 - [TEST_STEP][PASSED] - if (testcae_status == "Passed" || testcae_status == "Failed"): null

2023-02-10 16:08:11 - [TEST_STEP][PASSED] - testCaseContext.skipThisTestCase(): null]]></system-out>
         <system-err><![CDATA[]]></system-err>
      </testcase>
      <testcase name="Test Cases/Shopify/CreateStore" time="0.015" classname="Test Cases/Shopify/CreateStore" status="SKIPPED">
         <system-out><![CDATA[2023-02-10 16:08:11 - [TEST_CASE][SKIPPED] - Test Cases/Shopify/CreateStore: 

2023-02-10 16:08:11 - [TEST_STEP][PASSED] - Start listener action : skipStatus: null

2023-02-10 16:08:11 - [TEST_STEP][PASSED] - map = testCaseContext.getTestCaseVariables(): null

2023-02-10 16:08:11 - [TEST_STEP][PASSED] - testcae_status = map.get("testcase_status"): null

2023-02-10 16:08:11 - [TEST_STEP][PASSED] - if (testcae_status == "Passed" || testcae_status == "Failed"): null

2023-02-10 16:08:11 - [TEST_STEP][PASSED] - testCaseContext.skipThisTestCase(): null]]></system-out>
         <system-err><![CDATA[]]></system-err>
      </testcase>
      <testcase name="Test Cases/Shopify/CreateStore" time="0.016" classname="Test Cases/Shopify/CreateStore" status="SKIPPED">
         <system-out><![CDATA[2023-02-10 16:08:11 - [TEST_CASE][SKIPPED] - Test Cases/Shopify/CreateStore: 

2023-02-10 16:08:11 - [TEST_STEP][PASSED] - Start listener action : skipStatus: null

2023-02-10 16:08:11 - [TEST_STEP][PASSED] - map = testCaseContext.getTestCaseVariables(): null

2023-02-10 16:08:11 - [TEST_STEP][PASSED] - testcae_status = map.get("testcase_status"): null

2023-02-10 16:08:11 - [TEST_STEP][PASSED] - if (testcae_status == "Passed" || testcae_status == "Failed"): null

2023-02-10 16:08:11 - [TEST_STEP][PASSED] - testCaseContext.skipThisTestCase(): null]]></system-out>
         <system-err><![CDATA[]]></system-err>
      </testcase>
      <testcase name="Test Cases/Shopify/CreateStore" time="0.001" classname="Test Cases/Shopify/CreateStore" status="SKIPPED">
         <system-out><![CDATA[2023-02-10 16:08:11 - [TEST_CASE][SKIPPED] - Test Cases/Shopify/CreateStore: 

2023-02-10 16:08:11 - [TEST_STEP][PASSED] - Start listener action : skipStatus: null

2023-02-10 16:08:11 - [TEST_STEP][PASSED] - map = testCaseContext.getTestCaseVariables(): null

2023-02-10 16:08:11 - [TEST_STEP][PASSED] - testcae_status = map.get("testcase_status"): null

2023-02-10 16:08:11 - [TEST_STEP][PASSED] - if (testcae_status == "Passed" || testcae_status == "Failed"): null

2023-02-10 16:08:11 - [TEST_STEP][PASSED] - testCaseContext.skipThisTestCase(): null]]></system-out>
         <system-err><![CDATA[]]></system-err>
      </testcase>
      <testcase name="Test Cases/Shopify/CreateStore" time="0.0" classname="Test Cases/Shopify/CreateStore" status="SKIPPED">
         <system-out><![CDATA[2023-02-10 16:08:11 - [TEST_CASE][SKIPPED] - Test Cases/Shopify/CreateStore: 

2023-02-10 16:08:11 - [TEST_STEP][PASSED] - Start listener action : skipStatus: null

2023-02-10 16:08:11 - [TEST_STEP][PASSED] - map = testCaseContext.getTestCaseVariables(): null

2023-02-10 16:08:11 - [TEST_STEP][PASSED] - testcae_status = map.get("testcase_status"): null

2023-02-10 16:08:11 - [TEST_STEP][PASSED] - if (testcae_status == "Passed" || testcae_status == "Failed"): null

2023-02-10 16:08:11 - [TEST_STEP][PASSED] - testCaseContext.skipThisTestCase(): null]]></system-out>
         <system-err><![CDATA[]]></system-err>
      </testcase>
      <testcase name="Test Cases/Shopify/CreateStore" time="0.015" classname="Test Cases/Shopify/CreateStore" status="SKIPPED">
         <system-out><![CDATA[2023-02-10 16:08:11 - [TEST_CASE][SKIPPED] - Test Cases/Shopify/CreateStore: 

2023-02-10 16:08:11 - [TEST_STEP][PASSED] - Start listener action : skipStatus: null

2023-02-10 16:08:12 - [TEST_STEP][PASSED] - map = testCaseContext.getTestCaseVariables(): null

2023-02-10 16:08:12 - [TEST_STEP][PASSED] - testcae_status = map.get("testcase_status"): null

2023-02-10 16:08:12 - [TEST_STEP][PASSED] - if (testcae_status == "Passed" || testcae_status == "Failed"): null

2023-02-10 16:08:12 - [TEST_STEP][PASSED] - testCaseContext.skipThisTestCase(): null]]></system-out>
         <system-err><![CDATA[]]></system-err>
      </testcase>
      <testcase name="Test Cases/Shopify/CreateStore" time="0.024" classname="Test Cases/Shopify/CreateStore" status="SKIPPED">
         <system-out><![CDATA[2023-02-10 16:08:12 - [TEST_CASE][SKIPPED] - Test Cases/Shopify/CreateStore: 

2023-02-10 16:08:12 - [TEST_STEP][PASSED] - Start listener action : skipStatus: null

2023-02-10 16:08:12 - [TEST_STEP][PASSED] - map = testCaseContext.getTestCaseVariables(): null

2023-02-10 16:08:12 - [TEST_STEP][PASSED] - testcae_status = map.get("testcase_status"): null

2023-02-10 16:08:12 - [TEST_STEP][PASSED] - if (testcae_status == "Passed" || testcae_status == "Failed"): null

2023-02-10 16:08:12 - [TEST_STEP][PASSED] - testCaseContext.skipThisTestCase(): null]]></system-out>
         <system-err><![CDATA[]]></system-err>
      </testcase>
      <testcase name="Test Cases/Shopify/CreateStore" time="0.0" classname="Test Cases/Shopify/CreateStore" status="SKIPPED">
         <system-out><![CDATA[2023-02-10 16:08:12 - [TEST_CASE][SKIPPED] - Test Cases/Shopify/CreateStore: 

2023-02-10 16:08:12 - [TEST_STEP][PASSED] - Start listener action : skipStatus: null

2023-02-10 16:08:12 - [TEST_STEP][PASSED] - map = testCaseContext.getTestCaseVariables(): null

2023-02-10 16:08:12 - [TEST_STEP][PASSED] - testcae_status = map.get("testcase_status"): null

2023-02-10 16:08:12 - [TEST_STEP][PASSED] - if (testcae_status == "Passed" || testcae_status == "Failed"): null

2023-02-10 16:08:12 - [TEST_STEP][PASSED] - testCaseContext.skipThisTestCase(): null]]></system-out>
         <system-err><![CDATA[]]></system-err>
      </testcase>
      <testcase name="Test Cases/Shopify/CreateStore" time="0.016" classname="Test Cases/Shopify/CreateStore" status="SKIPPED">
         <system-out><![CDATA[2023-02-10 16:08:12 - [TEST_CASE][SKIPPED] - Test Cases/Shopify/CreateStore: 

2023-02-10 16:08:12 - [TEST_STEP][PASSED] - Start listener action : skipStatus: null

2023-02-10 16:08:12 - [TEST_STEP][PASSED] - map = testCaseContext.getTestCaseVariables(): null

2023-02-10 16:08:12 - [TEST_STEP][PASSED] - testcae_status = map.get("testcase_status"): null

2023-02-10 16:08:12 - [TEST_STEP][PASSED] - if (testcae_status == "Passed" || testcae_status == "Failed"): null

2023-02-10 16:08:12 - [TEST_STEP][PASSED] - testCaseContext.skipThisTestCase(): null]]></system-out>
         <system-err><![CDATA[]]></system-err>
      </testcase>
      <testcase name="Test Cases/Shopify/CreateStore" time="0.016" classname="Test Cases/Shopify/CreateStore" status="SKIPPED">
         <system-out><![CDATA[2023-02-10 16:08:12 - [TEST_CASE][SKIPPED] - Test Cases/Shopify/CreateStore: 

2023-02-10 16:08:12 - [TEST_STEP][PASSED] - Start listener action : skipStatus: null

2023-02-10 16:08:12 - [TEST_STEP][PASSED] - map = testCaseContext.getTestCaseVariables(): null

2023-02-10 16:08:12 - [TEST_STEP][PASSED] - testcae_status = map.get("testcase_status"): null

2023-02-10 16:08:12 - [TEST_STEP][PASSED] - if (testcae_status == "Passed" || testcae_status == "Failed"): null

2023-02-10 16:08:12 - [TEST_STEP][PASSED] - testCaseContext.skipThisTestCase(): null]]></system-out>
         <system-err><![CDATA[]]></system-err>
      </testcase>
      <testcase name="Test Cases/Shopify/CreateStore" time="0.016" classname="Test Cases/Shopify/CreateStore" status="SKIPPED">
         <system-out><![CDATA[2023-02-10 16:08:12 - [TEST_CASE][SKIPPED] - Test Cases/Shopify/CreateStore: 

2023-02-10 16:08:12 - [TEST_STEP][PASSED] - Start listener action : skipStatus: null

2023-02-10 16:08:12 - [TEST_STEP][PASSED] - map = testCaseContext.getTestCaseVariables(): null

2023-02-10 16:08:12 - [TEST_STEP][PASSED] - testcae_status = map.get("testcase_status"): null

2023-02-10 16:08:12 - [TEST_STEP][PASSED] - if (testcae_status == "Passed" || testcae_status == "Failed"): null

2023-02-10 16:08:12 - [TEST_STEP][PASSED] - testCaseContext.skipThisTestCase(): null]]></system-out>
         <system-err><![CDATA[]]></system-err>
      </testcase>
      <testcase name="Test Cases/Shopify/CreateStore" time="0.015" classname="Test Cases/Shopify/CreateStore" status="SKIPPED">
         <system-out><![CDATA[2023-02-10 16:08:12 - [TEST_CASE][SKIPPED] - Test Cases/Shopify/CreateStore: 

2023-02-10 16:08:12 - [TEST_STEP][PASSED] - Start listener action : skipStatus: null

2023-02-10 16:08:12 - [TEST_STEP][PASSED] - map = testCaseContext.getTestCaseVariables(): null

2023-02-10 16:08:12 - [TEST_STEP][PASSED] - testcae_status = map.get("testcase_status"): null

2023-02-10 16:08:12 - [TEST_STEP][PASSED] - if (testcae_status == "Passed" || testcae_status == "Failed"): null

2023-02-10 16:08:12 - [TEST_STEP][PASSED] - testCaseContext.skipThisTestCase(): null]]></system-out>
         <system-err><![CDATA[]]></system-err>
      </testcase>
      <testcase name="Test Cases/Shopify/CreateStore" time="0.015" classname="Test Cases/Shopify/CreateStore" status="SKIPPED">
         <system-out><![CDATA[2023-02-10 16:08:12 - [TEST_CASE][SKIPPED] - Test Cases/Shopify/CreateStore: 

2023-02-10 16:08:12 - [TEST_STEP][PASSED] - Start listener action : skipStatus: null

2023-02-10 16:08:12 - [TEST_STEP][PASSED] - map = testCaseContext.getTestCaseVariables(): null

2023-02-10 16:08:12 - [TEST_STEP][PASSED] - testcae_status = map.get("testcase_status"): null

2023-02-10 16:08:12 - [TEST_STEP][PASSED] - if (testcae_status == "Passed" || testcae_status == "Failed"): null

2023-02-10 16:08:12 - [TEST_STEP][PASSED] - testCaseContext.skipThisTestCase(): null]]></system-out>
         <system-err><![CDATA[]]></system-err>
      </testcase>
      <testcase name="Test Cases/Shopify/CreateStore" time="0.0" classname="Test Cases/Shopify/CreateStore" status="SKIPPED">
         <system-out><![CDATA[2023-02-10 16:08:12 - [TEST_CASE][SKIPPED] - Test Cases/Shopify/CreateStore: 

2023-02-10 16:08:12 - [TEST_STEP][PASSED] - Start listener action : skipStatus: null

2023-02-10 16:08:12 - [TEST_STEP][PASSED] - map = testCaseContext.getTestCaseVariables(): null

2023-02-10 16:08:12 - [TEST_STEP][PASSED] - testcae_status = map.get("testcase_status"): null

2023-02-10 16:08:12 - [TEST_STEP][PASSED] - if (testcae_status == "Passed" || testcae_status == "Failed"): null

2023-02-10 16:08:12 - [TEST_STEP][PASSED] - testCaseContext.skipThisTestCase(): null]]></system-out>
         <system-err><![CDATA[]]></system-err>
      </testcase>
      <testcase name="Test Cases/Shopify/CreateStore" time="0.015" classname="Test Cases/Shopify/CreateStore" status="SKIPPED">
         <system-out><![CDATA[2023-02-10 16:08:12 - [TEST_CASE][SKIPPED] - Test Cases/Shopify/CreateStore: 

2023-02-10 16:08:12 - [TEST_STEP][PASSED] - Start listener action : skipStatus: null

2023-02-10 16:08:12 - [TEST_STEP][PASSED] - map = testCaseContext.getTestCaseVariables(): null

2023-02-10 16:08:12 - [TEST_STEP][PASSED] - testcae_status = map.get("testcase_status"): null

2023-02-10 16:08:12 - [TEST_STEP][PASSED] - if (testcae_status == "Passed" || testcae_status == "Failed"): null

2023-02-10 16:08:12 - [TEST_STEP][PASSED] - testCaseContext.skipThisTestCase(): null]]></system-out>
         <system-err><![CDATA[]]></system-err>
      </testcase>
      <testcase name="Test Cases/Shopify/CreateStore" time="0.015" classname="Test Cases/Shopify/CreateStore" status="SKIPPED">
         <system-out><![CDATA[2023-02-10 16:08:12 - [TEST_CASE][SKIPPED] - Test Cases/Shopify/CreateStore: 

2023-02-10 16:08:12 - [TEST_STEP][PASSED] - Start listener action : skipStatus: null

2023-02-10 16:08:12 - [TEST_STEP][PASSED] - map = testCaseContext.getTestCaseVariables(): null

2023-02-10 16:08:12 - [TEST_STEP][PASSED] - testcae_status = map.get("testcase_status"): null

2023-02-10 16:08:12 - [TEST_STEP][PASSED] - if (testcae_status == "Passed" || testcae_status == "Failed"): null

2023-02-10 16:08:12 - [TEST_STEP][PASSED] - testCaseContext.skipThisTestCase(): null]]></system-out>
         <system-err><![CDATA[]]></system-err>
      </testcase>
      <testcase name="Test Cases/Shopify/CreateStore" time="0.016" classname="Test Cases/Shopify/CreateStore" status="SKIPPED">
         <system-out><![CDATA[2023-02-10 16:08:12 - [TEST_CASE][SKIPPED] - Test Cases/Shopify/CreateStore: 

2023-02-10 16:08:12 - [TEST_STEP][PASSED] - Start listener action : skipStatus: null

2023-02-10 16:08:12 - [TEST_STEP][PASSED] - map = testCaseContext.getTestCaseVariables(): null

2023-02-10 16:08:12 - [TEST_STEP][PASSED] - testcae_status = map.get("testcase_status"): null

2023-02-10 16:08:12 - [TEST_STEP][PASSED] - if (testcae_status == "Passed" || testcae_status == "Failed"): null

2023-02-10 16:08:12 - [TEST_STEP][PASSED] - testCaseContext.skipThisTestCase(): null]]></system-out>
         <system-err><![CDATA[]]></system-err>
      </testcase>
      <testcase name="Test Cases/Shopify/CreateStore" time="0.016" classname="Test Cases/Shopify/CreateStore" status="SKIPPED">
         <system-out><![CDATA[2023-02-10 16:08:12 - [TEST_CASE][SKIPPED] - Test Cases/Shopify/CreateStore: 

2023-02-10 16:08:12 - [TEST_STEP][PASSED] - Start listener action : skipStatus: null

2023-02-10 16:08:12 - [TEST_STEP][PASSED] - map = testCaseContext.getTestCaseVariables(): null

2023-02-10 16:08:12 - [TEST_STEP][PASSED] - testcae_status = map.get("testcase_status"): null

2023-02-10 16:08:12 - [TEST_STEP][PASSED] - if (testcae_status == "Passed" || testcae_status == "Failed"): null

2023-02-10 16:08:12 - [TEST_STEP][PASSED] - testCaseContext.skipThisTestCase(): null]]></system-out>
         <system-err><![CDATA[]]></system-err>
      </testcase>
      <testcase name="Test Cases/Shopify/CreateStore" time="0.016" classname="Test Cases/Shopify/CreateStore" status="SKIPPED">
         <system-out><![CDATA[2023-02-10 16:08:12 - [TEST_CASE][SKIPPED] - Test Cases/Shopify/CreateStore: 

2023-02-10 16:08:12 - [TEST_STEP][PASSED] - Start listener action : skipStatus: null

2023-02-10 16:08:12 - [TEST_STEP][PASSED] - map = testCaseContext.getTestCaseVariables(): null

2023-02-10 16:08:12 - [TEST_STEP][PASSED] - testcae_status = map.get("testcase_status"): null

2023-02-10 16:08:12 - [TEST_STEP][PASSED] - if (testcae_status == "Passed" || testcae_status == "Failed"): null

2023-02-10 16:08:12 - [TEST_STEP][PASSED] - testCaseContext.skipThisTestCase(): null]]></system-out>
         <system-err><![CDATA[]]></system-err>
      </testcase>
      <testcase name="Test Cases/Shopify/CreateStore" time="0.016" classname="Test Cases/Shopify/CreateStore" status="SKIPPED">
         <system-out><![CDATA[2023-02-10 16:08:12 - [TEST_CASE][SKIPPED] - Test Cases/Shopify/CreateStore: 

2023-02-10 16:08:12 - [TEST_STEP][PASSED] - Start listener action : skipStatus: null

2023-02-10 16:08:12 - [TEST_STEP][PASSED] - map = testCaseContext.getTestCaseVariables(): null

2023-02-10 16:08:12 - [TEST_STEP][PASSED] - testcae_status = map.get("testcase_status"): null

2023-02-10 16:08:12 - [TEST_STEP][PASSED] - if (testcae_status == "Passed" || testcae_status == "Failed"): null

2023-02-10 16:08:12 - [TEST_STEP][PASSED] - testCaseContext.skipThisTestCase(): null]]></system-out>
         <system-err><![CDATA[]]></system-err>
      </testcase>
      <testcase name="Test Cases/Shopify/CreateStore" time="0.016" classname="Test Cases/Shopify/CreateStore" status="SKIPPED">
         <system-out><![CDATA[2023-02-10 16:08:12 - [TEST_CASE][SKIPPED] - Test Cases/Shopify/CreateStore: 

2023-02-10 16:08:12 - [TEST_STEP][PASSED] - Start listener action : skipStatus: null

2023-02-10 16:08:12 - [TEST_STEP][PASSED] - map = testCaseContext.getTestCaseVariables(): null

2023-02-10 16:08:12 - [TEST_STEP][PASSED] - testcae_status = map.get("testcase_status"): null

2023-02-10 16:08:12 - [TEST_STEP][PASSED] - if (testcae_status == "Passed" || testcae_status == "Failed"): null

2023-02-10 16:08:12 - [TEST_STEP][PASSED] - testCaseContext.skipThisTestCase(): null]]></system-out>
         <system-err><![CDATA[]]></system-err>
      </testcase>
      <testcase name="Test Cases/Shopify/CreateStore" time="0.015" classname="Test Cases/Shopify/CreateStore" status="SKIPPED">
         <system-out><![CDATA[2023-02-10 16:08:12 - [TEST_CASE][SKIPPED] - Test Cases/Shopify/CreateStore: 

2023-02-10 16:08:12 - [TEST_STEP][PASSED] - Start listener action : skipStatus: null

2023-02-10 16:08:12 - [TEST_STEP][PASSED] - map = testCaseContext.getTestCaseVariables(): null

2023-02-10 16:08:12 - [TEST_STEP][PASSED] - testcae_status = map.get("testcase_status"): null

2023-02-10 16:08:12 - [TEST_STEP][PASSED] - if (testcae_status == "Passed" || testcae_status == "Failed"): null

2023-02-10 16:08:12 - [TEST_STEP][PASSED] - testCaseContext.skipThisTestCase(): null]]></system-out>
         <system-err><![CDATA[]]></system-err>
      </testcase>
      <testcase name="Test Cases/Shopify/CreateStore" time="0.008" classname="Test Cases/Shopify/CreateStore" status="SKIPPED">
         <system-out><![CDATA[2023-02-10 16:08:12 - [TEST_CASE][SKIPPED] - Test Cases/Shopify/CreateStore: 

2023-02-10 16:08:12 - [TEST_STEP][PASSED] - Start listener action : skipStatus: null

2023-02-10 16:08:12 - [TEST_STEP][PASSED] - map = testCaseContext.getTestCaseVariables(): null

2023-02-10 16:08:12 - [TEST_STEP][PASSED] - testcae_status = map.get("testcase_status"): null

2023-02-10 16:08:12 - [TEST_STEP][PASSED] - if (testcae_status == "Passed" || testcae_status == "Failed"): null

2023-02-10 16:08:12 - [TEST_STEP][PASSED] - testCaseContext.skipThisTestCase(): null]]></system-out>
         <system-err><![CDATA[]]></system-err>
      </testcase>
      <testcase name="Test Cases/Shopify/CreateStore" time="0.014" classname="Test Cases/Shopify/CreateStore" status="SKIPPED">
         <system-out><![CDATA[2023-02-10 16:08:12 - [TEST_CASE][SKIPPED] - Test Cases/Shopify/CreateStore: 

2023-02-10 16:08:12 - [TEST_STEP][PASSED] - Start listener action : skipStatus: null

2023-02-10 16:08:12 - [TEST_STEP][PASSED] - map = testCaseContext.getTestCaseVariables(): null

2023-02-10 16:08:12 - [TEST_STEP][PASSED] - testcae_status = map.get("testcase_status"): null

2023-02-10 16:08:12 - [TEST_STEP][PASSED] - if (testcae_status == "Passed" || testcae_status == "Failed"): null

2023-02-10 16:08:12 - [TEST_STEP][PASSED] - testCaseContext.skipThisTestCase(): null]]></system-out>
         <system-err><![CDATA[]]></system-err>
      </testcase>
      <testcase name="Test Cases/Shopify/CreateStore" time="0.022" classname="Test Cases/Shopify/CreateStore" status="SKIPPED">
         <system-out><![CDATA[2023-02-10 16:08:12 - [TEST_CASE][SKIPPED] - Test Cases/Shopify/CreateStore: 

2023-02-10 16:08:12 - [TEST_STEP][PASSED] - Start listener action : skipStatus: null

2023-02-10 16:08:12 - [TEST_STEP][PASSED] - map = testCaseContext.getTestCaseVariables(): null

2023-02-10 16:08:12 - [TEST_STEP][PASSED] - testcae_status = map.get("testcase_status"): null

2023-02-10 16:08:12 - [TEST_STEP][PASSED] - if (testcae_status == "Passed" || testcae_status == "Failed"): null

2023-02-10 16:08:12 - [TEST_STEP][PASSED] - testCaseContext.skipThisTestCase(): null]]></system-out>
         <system-err><![CDATA[]]></system-err>
      </testcase>
      <testcase name="Test Cases/Shopify/CreateStore" time="0.02" classname="Test Cases/Shopify/CreateStore" status="SKIPPED">
         <system-out><![CDATA[2023-02-10 16:08:12 - [TEST_CASE][SKIPPED] - Test Cases/Shopify/CreateStore: 

2023-02-10 16:08:12 - [TEST_STEP][PASSED] - Start listener action : skipStatus: null

2023-02-10 16:08:12 - [TEST_STEP][PASSED] - map = testCaseContext.getTestCaseVariables(): null

2023-02-10 16:08:12 - [TEST_STEP][PASSED] - testcae_status = map.get("testcase_status"): null

2023-02-10 16:08:12 - [TEST_STEP][PASSED] - if (testcae_status == "Passed" || testcae_status == "Failed"): null

2023-02-10 16:08:12 - [TEST_STEP][PASSED] - testCaseContext.skipThisTestCase(): null]]></system-out>
         <system-err><![CDATA[]]></system-err>
      </testcase>
      <testcase name="Test Cases/Shopify/CreateStore" time="0.016" classname="Test Cases/Shopify/CreateStore" status="SKIPPED">
         <system-out><![CDATA[2023-02-10 16:08:12 - [TEST_CASE][SKIPPED] - Test Cases/Shopify/CreateStore: 

2023-02-10 16:08:12 - [TEST_STEP][PASSED] - Start listener action : skipStatus: null

2023-02-10 16:08:12 - [TEST_STEP][PASSED] - map = testCaseContext.getTestCaseVariables(): null

2023-02-10 16:08:12 - [TEST_STEP][PASSED] - testcae_status = map.get("testcase_status"): null

2023-02-10 16:08:12 - [TEST_STEP][PASSED] - if (testcae_status == "Passed" || testcae_status == "Failed"): null

2023-02-10 16:08:12 - [TEST_STEP][PASSED] - testCaseContext.skipThisTestCase(): null]]></system-out>
         <system-err><![CDATA[]]></system-err>
      </testcase>
      <testcase name="Test Cases/Shopify/CreateStore" time="0.015" classname="Test Cases/Shopify/CreateStore" status="SKIPPED">
         <system-out><![CDATA[2023-02-10 16:08:13 - [TEST_CASE][SKIPPED] - Test Cases/Shopify/CreateStore: 

2023-02-10 16:08:13 - [TEST_STEP][PASSED] - Start listener action : skipStatus: null

2023-02-10 16:08:13 - [TEST_STEP][PASSED] - map = testCaseContext.getTestCaseVariables(): null

2023-02-10 16:08:13 - [TEST_STEP][PASSED] - testcae_status = map.get("testcase_status"): null

2023-02-10 16:08:13 - [TEST_STEP][PASSED] - if (testcae_status == "Passed" || testcae_status == "Failed"): null

2023-02-10 16:08:13 - [TEST_STEP][PASSED] - testCaseContext.skipThisTestCase(): null]]></system-out>
         <system-err><![CDATA[]]></system-err>
      </testcase>
      <testcase name="Test Cases/Shopify/CreateStore" time="0.017" classname="Test Cases/Shopify/CreateStore" status="SKIPPED">
         <system-out><![CDATA[2023-02-10 16:08:13 - [TEST_CASE][SKIPPED] - Test Cases/Shopify/CreateStore: 

2023-02-10 16:08:13 - [TEST_STEP][PASSED] - Start listener action : skipStatus: null

2023-02-10 16:08:13 - [TEST_STEP][PASSED] - map = testCaseContext.getTestCaseVariables(): null

2023-02-10 16:08:13 - [TEST_STEP][PASSED] - testcae_status = map.get("testcase_status"): null

2023-02-10 16:08:13 - [TEST_STEP][PASSED] - if (testcae_status == "Passed" || testcae_status == "Failed"): null

2023-02-10 16:08:13 - [TEST_STEP][PASSED] - testCaseContext.skipThisTestCase(): null]]></system-out>
         <system-err><![CDATA[]]></system-err>
      </testcase>
      <testcase name="Test Cases/Shopify/CreateStore" time="0.015" classname="Test Cases/Shopify/CreateStore" status="SKIPPED">
         <system-out><![CDATA[2023-02-10 16:08:13 - [TEST_CASE][SKIPPED] - Test Cases/Shopify/CreateStore: 

2023-02-10 16:08:13 - [TEST_STEP][PASSED] - Start listener action : skipStatus: null

2023-02-10 16:08:13 - [TEST_STEP][PASSED] - map = testCaseContext.getTestCaseVariables(): null

2023-02-10 16:08:13 - [TEST_STEP][PASSED] - testcae_status = map.get("testcase_status"): null

2023-02-10 16:08:13 - [TEST_STEP][PASSED] - if (testcae_status == "Passed" || testcae_status == "Failed"): null

2023-02-10 16:08:13 - [TEST_STEP][PASSED] - testCaseContext.skipThisTestCase(): null]]></system-out>
         <system-err><![CDATA[]]></system-err>
      </testcase>
      <testcase name="Test Cases/Shopify/CreateStore" time="0.016" classname="Test Cases/Shopify/CreateStore" status="SKIPPED">
         <system-out><![CDATA[2023-02-10 16:08:13 - [TEST_CASE][SKIPPED] - Test Cases/Shopify/CreateStore: 

2023-02-10 16:08:13 - [TEST_STEP][PASSED] - Start listener action : skipStatus: null

2023-02-10 16:08:13 - [TEST_STEP][PASSED] - map = testCaseContext.getTestCaseVariables(): null

2023-02-10 16:08:13 - [TEST_STEP][PASSED] - testcae_status = map.get("testcase_status"): null

2023-02-10 16:08:13 - [TEST_STEP][PASSED] - if (testcae_status == "Passed" || testcae_status == "Failed"): null

2023-02-10 16:08:13 - [TEST_STEP][PASSED] - testCaseContext.skipThisTestCase(): null]]></system-out>
         <system-err><![CDATA[]]></system-err>
      </testcase>
      <testcase name="Test Cases/Shopify/CreateStore" time="0.016" classname="Test Cases/Shopify/CreateStore" status="SKIPPED">
         <system-out><![CDATA[2023-02-10 16:08:13 - [TEST_CASE][SKIPPED] - Test Cases/Shopify/CreateStore: 

2023-02-10 16:08:13 - [TEST_STEP][PASSED] - Start listener action : skipStatus: null

2023-02-10 16:08:13 - [TEST_STEP][PASSED] - map = testCaseContext.getTestCaseVariables(): null

2023-02-10 16:08:13 - [TEST_STEP][PASSED] - testcae_status = map.get("testcase_status"): null

2023-02-10 16:08:13 - [TEST_STEP][PASSED] - if (testcae_status == "Passed" || testcae_status == "Failed"): null

2023-02-10 16:08:13 - [TEST_STEP][PASSED] - testCaseContext.skipThisTestCase(): null]]></system-out>
         <system-err><![CDATA[]]></system-err>
      </testcase>
      <testcase name="Test Cases/Shopify/CreateStore" time="0.017" classname="Test Cases/Shopify/CreateStore" status="SKIPPED">
         <system-out><![CDATA[2023-02-10 16:08:13 - [TEST_CASE][SKIPPED] - Test Cases/Shopify/CreateStore: 

2023-02-10 16:08:13 - [TEST_STEP][PASSED] - Start listener action : skipStatus: null

2023-02-10 16:08:13 - [TEST_STEP][PASSED] - map = testCaseContext.getTestCaseVariables(): null

2023-02-10 16:08:13 - [TEST_STEP][PASSED] - testcae_status = map.get("testcase_status"): null

2023-02-10 16:08:13 - [TEST_STEP][PASSED] - if (testcae_status == "Passed" || testcae_status == "Failed"): null

2023-02-10 16:08:13 - [TEST_STEP][PASSED] - testCaseContext.skipThisTestCase(): null]]></system-out>
         <system-err><![CDATA[]]></system-err>
      </testcase>
      <testcase name="Test Cases/Shopify/CreateStore" time="0.0" classname="Test Cases/Shopify/CreateStore" status="SKIPPED">
         <system-out><![CDATA[2023-02-10 16:08:13 - [TEST_CASE][SKIPPED] - Test Cases/Shopify/CreateStore: 

2023-02-10 16:08:13 - [TEST_STEP][PASSED] - Start listener action : skipStatus: null

2023-02-10 16:08:13 - [TEST_STEP][PASSED] - map = testCaseContext.getTestCaseVariables(): null

2023-02-10 16:08:13 - [TEST_STEP][PASSED] - testcae_status = map.get("testcase_status"): null

2023-02-10 16:08:13 - [TEST_STEP][PASSED] - if (testcae_status == "Passed" || testcae_status == "Failed"): null

2023-02-10 16:08:13 - [TEST_STEP][PASSED] - testCaseContext.skipThisTestCase(): null]]></system-out>
         <system-err><![CDATA[]]></system-err>
      </testcase>
      <testcase name="Test Cases/Shopify/CreateStore" time="0.016" classname="Test Cases/Shopify/CreateStore" status="SKIPPED">
         <system-out><![CDATA[2023-02-10 16:08:13 - [TEST_CASE][SKIPPED] - Test Cases/Shopify/CreateStore: 

2023-02-10 16:08:13 - [TEST_STEP][PASSED] - Start listener action : skipStatus: null

2023-02-10 16:08:13 - [TEST_STEP][PASSED] - map = testCaseContext.getTestCaseVariables(): null

2023-02-10 16:08:13 - [TEST_STEP][PASSED] - testcae_status = map.get("testcase_status"): null

2023-02-10 16:08:13 - [TEST_STEP][PASSED] - if (testcae_status == "Passed" || testcae_status == "Failed"): null

2023-02-10 16:08:13 - [TEST_STEP][PASSED] - testCaseContext.skipThisTestCase(): null]]></system-out>
         <system-err><![CDATA[]]></system-err>
      </testcase>
      <testcase name="Test Cases/Shopify/CreateStore" time="0.016" classname="Test Cases/Shopify/CreateStore" status="SKIPPED">
         <system-out><![CDATA[2023-02-10 16:08:13 - [TEST_CASE][SKIPPED] - Test Cases/Shopify/CreateStore: 

2023-02-10 16:08:13 - [TEST_STEP][PASSED] - Start listener action : skipStatus: null

2023-02-10 16:08:13 - [TEST_STEP][PASSED] - map = testCaseContext.getTestCaseVariables(): null

2023-02-10 16:08:13 - [TEST_STEP][PASSED] - testcae_status = map.get("testcase_status"): null

2023-02-10 16:08:13 - [TEST_STEP][PASSED] - if (testcae_status == "Passed" || testcae_status == "Failed"): null

2023-02-10 16:08:13 - [TEST_STEP][PASSED] - testCaseContext.skipThisTestCase(): null]]></system-out>
         <system-err><![CDATA[]]></system-err>
      </testcase>
      <testcase name="Test Cases/Shopify/CreateStore" time="0.016" classname="Test Cases/Shopify/CreateStore" status="SKIPPED">
         <system-out><![CDATA[2023-02-10 16:08:13 - [TEST_CASE][SKIPPED] - Test Cases/Shopify/CreateStore: 

2023-02-10 16:08:13 - [TEST_STEP][PASSED] - Start listener action : skipStatus: null

2023-02-10 16:08:13 - [TEST_STEP][PASSED] - map = testCaseContext.getTestCaseVariables(): null

2023-02-10 16:08:13 - [TEST_STEP][PASSED] - testcae_status = map.get("testcase_status"): null

2023-02-10 16:08:13 - [TEST_STEP][PASSED] - if (testcae_status == "Passed" || testcae_status == "Failed"): null

2023-02-10 16:08:13 - [TEST_STEP][PASSED] - testCaseContext.skipThisTestCase(): null]]></system-out>
         <system-err><![CDATA[]]></system-err>
      </testcase>
      <testcase name="Test Cases/Shopify/CreateStore" time="0.016" classname="Test Cases/Shopify/CreateStore" status="SKIPPED">
         <system-out><![CDATA[2023-02-10 16:08:13 - [TEST_CASE][SKIPPED] - Test Cases/Shopify/CreateStore: 

2023-02-10 16:08:13 - [TEST_STEP][PASSED] - Start listener action : skipStatus: null

2023-02-10 16:08:13 - [TEST_STEP][PASSED] - map = testCaseContext.getTestCaseVariables(): null

2023-02-10 16:08:13 - [TEST_STEP][PASSED] - testcae_status = map.get("testcase_status"): null

2023-02-10 16:08:13 - [TEST_STEP][PASSED] - if (testcae_status == "Passed" || testcae_status == "Failed"): null

2023-02-10 16:08:13 - [TEST_STEP][PASSED] - testCaseContext.skipThisTestCase(): null]]></system-out>
         <system-err><![CDATA[]]></system-err>
      </testcase>
      <testcase name="Test Cases/Shopify/CreateStore" time="0.016" classname="Test Cases/Shopify/CreateStore" status="SKIPPED">
         <system-out><![CDATA[2023-02-10 16:08:13 - [TEST_CASE][SKIPPED] - Test Cases/Shopify/CreateStore: 

2023-02-10 16:08:13 - [TEST_STEP][PASSED] - Start listener action : skipStatus: null

2023-02-10 16:08:13 - [TEST_STEP][PASSED] - map = testCaseContext.getTestCaseVariables(): null

2023-02-10 16:08:13 - [TEST_STEP][PASSED] - testcae_status = map.get("testcase_status"): null

2023-02-10 16:08:13 - [TEST_STEP][PASSED] - if (testcae_status == "Passed" || testcae_status == "Failed"): null

2023-02-10 16:08:13 - [TEST_STEP][PASSED] - testCaseContext.skipThisTestCase(): null]]></system-out>
         <system-err><![CDATA[]]></system-err>
      </testcase>
      <testcase name="Test Cases/Shopify/CreateStore" time="0.0" classname="Test Cases/Shopify/CreateStore" status="SKIPPED">
         <system-out><![CDATA[2023-02-10 16:08:13 - [TEST_CASE][SKIPPED] - Test Cases/Shopify/CreateStore: 

2023-02-10 16:08:13 - [TEST_STEP][PASSED] - Start listener action : skipStatus: null

2023-02-10 16:08:13 - [TEST_STEP][PASSED] - map = testCaseContext.getTestCaseVariables(): null

2023-02-10 16:08:13 - [TEST_STEP][PASSED] - testcae_status = map.get("testcase_status"): null

2023-02-10 16:08:13 - [TEST_STEP][PASSED] - if (testcae_status == "Passed" || testcae_status == "Failed"): null

2023-02-10 16:08:13 - [TEST_STEP][PASSED] - testCaseContext.skipThisTestCase(): null]]></system-out>
         <system-err><![CDATA[]]></system-err>
      </testcase>
      <testcase name="Test Cases/Shopify/CreateStore" time="0.016" classname="Test Cases/Shopify/CreateStore" status="SKIPPED">
         <system-out><![CDATA[2023-02-10 16:08:13 - [TEST_CASE][SKIPPED] - Test Cases/Shopify/CreateStore: 

2023-02-10 16:08:13 - [TEST_STEP][PASSED] - Start listener action : skipStatus: null

2023-02-10 16:08:13 - [TEST_STEP][PASSED] - map = testCaseContext.getTestCaseVariables(): null

2023-02-10 16:08:13 - [TEST_STEP][PASSED] - testcae_status = map.get("testcase_status"): null

2023-02-10 16:08:13 - [TEST_STEP][PASSED] - if (testcae_status == "Passed" || testcae_status == "Failed"): null

2023-02-10 16:08:13 - [TEST_STEP][PASSED] - testCaseContext.skipThisTestCase(): null]]></system-out>
         <system-err><![CDATA[]]></system-err>
      </testcase>
      <testcase name="Test Cases/Shopify/CreateStore" time="0.016" classname="Test Cases/Shopify/CreateStore" status="SKIPPED">
         <system-out><![CDATA[2023-02-10 16:08:13 - [TEST_CASE][SKIPPED] - Test Cases/Shopify/CreateStore: 

2023-02-10 16:08:13 - [TEST_STEP][PASSED] - Start listener action : skipStatus: null

2023-02-10 16:08:13 - [TEST_STEP][PASSED] - map = testCaseContext.getTestCaseVariables(): null

2023-02-10 16:08:13 - [TEST_STEP][PASSED] - testcae_status = map.get("testcase_status"): null

2023-02-10 16:08:13 - [TEST_STEP][PASSED] - if (testcae_status == "Passed" || testcae_status == "Failed"): null

2023-02-10 16:08:13 - [TEST_STEP][PASSED] - testCaseContext.skipThisTestCase(): null]]></system-out>
         <system-err><![CDATA[]]></system-err>
      </testcase>
      <testcase name="Test Cases/Shopify/CreateStore" time="0.0" classname="Test Cases/Shopify/CreateStore" status="SKIPPED">
         <system-out><![CDATA[2023-02-10 16:08:13 - [TEST_CASE][SKIPPED] - Test Cases/Shopify/CreateStore: 

2023-02-10 16:08:13 - [TEST_STEP][PASSED] - Start listener action : skipStatus: null

2023-02-10 16:08:13 - [TEST_STEP][PASSED] - map = testCaseContext.getTestCaseVariables(): null

2023-02-10 16:08:13 - [TEST_STEP][PASSED] - testcae_status = map.get("testcase_status"): null

2023-02-10 16:08:13 - [TEST_STEP][PASSED] - if (testcae_status == "Passed" || testcae_status == "Failed"): null

2023-02-10 16:08:13 - [TEST_STEP][PASSED] - testCaseContext.skipThisTestCase(): null]]></system-out>
         <system-err><![CDATA[]]></system-err>
      </testcase>
      <testcase name="Test Cases/Shopify/CreateStore" time="0.016" classname="Test Cases/Shopify/CreateStore" status="SKIPPED">
         <system-out><![CDATA[2023-02-10 16:08:13 - [TEST_CASE][SKIPPED] - Test Cases/Shopify/CreateStore: 

2023-02-10 16:08:13 - [TEST_STEP][PASSED] - Start listener action : skipStatus: null

2023-02-10 16:08:13 - [TEST_STEP][PASSED] - map = testCaseContext.getTestCaseVariables(): null

2023-02-10 16:08:13 - [TEST_STEP][PASSED] - testcae_status = map.get("testcase_status"): null

2023-02-10 16:08:13 - [TEST_STEP][PASSED] - if (testcae_status == "Passed" || testcae_status == "Failed"): null

2023-02-10 16:08:13 - [TEST_STEP][PASSED] - testCaseContext.skipThisTestCase(): null]]></system-out>
         <system-err><![CDATA[]]></system-err>
      </testcase>
      <testcase name="Test Cases/Shopify/CreateStore" time="0.011" classname="Test Cases/Shopify/CreateStore" status="SKIPPED">
         <system-out><![CDATA[2023-02-10 16:08:13 - [TEST_CASE][SKIPPED] - Test Cases/Shopify/CreateStore: 

2023-02-10 16:08:13 - [TEST_STEP][PASSED] - Start listener action : skipStatus: null

2023-02-10 16:08:13 - [TEST_STEP][PASSED] - map = testCaseContext.getTestCaseVariables(): null

2023-02-10 16:08:13 - [TEST_STEP][PASSED] - testcae_status = map.get("testcase_status"): null

2023-02-10 16:08:13 - [TEST_STEP][PASSED] - if (testcae_status == "Passed" || testcae_status == "Failed"): null

2023-02-10 16:08:13 - [TEST_STEP][PASSED] - testCaseContext.skipThisTestCase(): null]]></system-out>
         <system-err><![CDATA[]]></system-err>
      </testcase>
      <testcase name="Test Cases/Shopify/CreateStore" time="0.016" classname="Test Cases/Shopify/CreateStore" status="SKIPPED">
         <system-out><![CDATA[2023-02-10 16:08:13 - [TEST_CASE][SKIPPED] - Test Cases/Shopify/CreateStore: 

2023-02-10 16:08:13 - [TEST_STEP][PASSED] - Start listener action : skipStatus: null

2023-02-10 16:08:13 - [TEST_STEP][PASSED] - map = testCaseContext.getTestCaseVariables(): null

2023-02-10 16:08:13 - [TEST_STEP][PASSED] - testcae_status = map.get("testcase_status"): null

2023-02-10 16:08:13 - [TEST_STEP][PASSED] - if (testcae_status == "Passed" || testcae_status == "Failed"): null

2023-02-10 16:08:13 - [TEST_STEP][PASSED] - testCaseContext.skipThisTestCase(): null]]></system-out>
         <system-err><![CDATA[]]></system-err>
      </testcase>
      <testcase name="Test Cases/Shopify/CreateStore" time="0.031" classname="Test Cases/Shopify/CreateStore" status="SKIPPED">
         <system-out><![CDATA[2023-02-10 16:08:13 - [TEST_CASE][SKIPPED] - Test Cases/Shopify/CreateStore: 

2023-02-10 16:08:13 - [TEST_STEP][PASSED] - Start listener action : skipStatus: null

2023-02-10 16:08:13 - [TEST_STEP][PASSED] - map = testCaseContext.getTestCaseVariables(): null

2023-02-10 16:08:13 - [TEST_STEP][PASSED] - testcae_status = map.get("testcase_status"): null

2023-02-10 16:08:13 - [TEST_STEP][PASSED] - if (testcae_status == "Passed" || testcae_status == "Failed"): null

2023-02-10 16:08:13 - [TEST_STEP][PASSED] - testCaseContext.skipThisTestCase(): null]]></system-out>
         <system-err><![CDATA[]]></system-err>
      </testcase>
      <testcase name="Test Cases/Shopify/CreateStore" time="0.015" classname="Test Cases/Shopify/CreateStore" status="SKIPPED">
         <system-out><![CDATA[2023-02-10 16:08:13 - [TEST_CASE][SKIPPED] - Test Cases/Shopify/CreateStore: 

2023-02-10 16:08:13 - [TEST_STEP][PASSED] - Start listener action : skipStatus: null

2023-02-10 16:08:13 - [TEST_STEP][PASSED] - map = testCaseContext.getTestCaseVariables(): null

2023-02-10 16:08:13 - [TEST_STEP][PASSED] - testcae_status = map.get("testcase_status"): null

2023-02-10 16:08:13 - [TEST_STEP][PASSED] - if (testcae_status == "Passed" || testcae_status == "Failed"): null

2023-02-10 16:08:13 - [TEST_STEP][PASSED] - testCaseContext.skipThisTestCase(): null]]></system-out>
         <system-err><![CDATA[]]></system-err>
      </testcase>
      <testcase name="Test Cases/Shopify/CreateStore" time="0.0" classname="Test Cases/Shopify/CreateStore" status="SKIPPED">
         <system-out><![CDATA[2023-02-10 16:08:13 - [TEST_CASE][SKIPPED] - Test Cases/Shopify/CreateStore: 

2023-02-10 16:08:13 - [TEST_STEP][PASSED] - Start listener action : skipStatus: null

2023-02-10 16:08:13 - [TEST_STEP][PASSED] - map = testCaseContext.getTestCaseVariables(): null

2023-02-10 16:08:13 - [TEST_STEP][PASSED] - testcae_status = map.get("testcase_status"): null

2023-02-10 16:08:13 - [TEST_STEP][PASSED] - if (testcae_status == "Passed" || testcae_status == "Failed"): null

2023-02-10 16:08:13 - [TEST_STEP][PASSED] - testCaseContext.skipThisTestCase(): null]]></system-out>
         <system-err><![CDATA[]]></system-err>
      </testcase>
      <testcase name="Test Cases/Shopify/CreateStore" time="0.015" classname="Test Cases/Shopify/CreateStore" status="SKIPPED">
         <system-out><![CDATA[2023-02-10 16:08:14 - [TEST_CASE][SKIPPED] - Test Cases/Shopify/CreateStore: 

2023-02-10 16:08:14 - [TEST_STEP][PASSED] - Start listener action : skipStatus: null

2023-02-10 16:08:14 - [TEST_STEP][PASSED] - map = testCaseContext.getTestCaseVariables(): null

2023-02-10 16:08:14 - [TEST_STEP][PASSED] - testcae_status = map.get("testcase_status"): null

2023-02-10 16:08:14 - [TEST_STEP][PASSED] - if (testcae_status == "Passed" || testcae_status == "Failed"): null

2023-02-10 16:08:14 - [TEST_STEP][PASSED] - testCaseContext.skipThisTestCase(): null]]></system-out>
         <system-err><![CDATA[]]></system-err>
      </testcase>
      <testcase name="Test Cases/Shopify/CreateStore" time="0.015" classname="Test Cases/Shopify/CreateStore" status="SKIPPED">
         <system-out><![CDATA[2023-02-10 16:08:14 - [TEST_CASE][SKIPPED] - Test Cases/Shopify/CreateStore: 

2023-02-10 16:08:14 - [TEST_STEP][PASSED] - Start listener action : skipStatus: null

2023-02-10 16:08:14 - [TEST_STEP][PASSED] - map = testCaseContext.getTestCaseVariables(): null

2023-02-10 16:08:14 - [TEST_STEP][PASSED] - testcae_status = map.get("testcase_status"): null

2023-02-10 16:08:14 - [TEST_STEP][PASSED] - if (testcae_status == "Passed" || testcae_status == "Failed"): null

2023-02-10 16:08:14 - [TEST_STEP][PASSED] - testCaseContext.skipThisTestCase(): null]]></system-out>
         <system-err><![CDATA[]]></system-err>
      </testcase>
      <testcase name="Test Cases/Shopify/CreateStore" time="0.023" classname="Test Cases/Shopify/CreateStore" status="SKIPPED">
         <system-out><![CDATA[2023-02-10 16:08:14 - [TEST_CASE][SKIPPED] - Test Cases/Shopify/CreateStore: 

2023-02-10 16:08:14 - [TEST_STEP][PASSED] - Start listener action : skipStatus: null

2023-02-10 16:08:14 - [TEST_STEP][PASSED] - map = testCaseContext.getTestCaseVariables(): null

2023-02-10 16:08:14 - [TEST_STEP][PASSED] - testcae_status = map.get("testcase_status"): null

2023-02-10 16:08:14 - [TEST_STEP][PASSED] - if (testcae_status == "Passed" || testcae_status == "Failed"): null

2023-02-10 16:08:14 - [TEST_STEP][PASSED] - testCaseContext.skipThisTestCase(): null]]></system-out>
         <system-err><![CDATA[]]></system-err>
      </testcase>
      <testcase name="Test Cases/Shopify/CreateStore" time="0.016" classname="Test Cases/Shopify/CreateStore" status="SKIPPED">
         <system-out><![CDATA[2023-02-10 16:08:14 - [TEST_CASE][SKIPPED] - Test Cases/Shopify/CreateStore: 

2023-02-10 16:08:14 - [TEST_STEP][PASSED] - Start listener action : skipStatus: null

2023-02-10 16:08:14 - [TEST_STEP][PASSED] - map = testCaseContext.getTestCaseVariables(): null

2023-02-10 16:08:14 - [TEST_STEP][PASSED] - testcae_status = map.get("testcase_status"): null

2023-02-10 16:08:14 - [TEST_STEP][PASSED] - if (testcae_status == "Passed" || testcae_status == "Failed"): null

2023-02-10 16:08:14 - [TEST_STEP][PASSED] - testCaseContext.skipThisTestCase(): null]]></system-out>
         <system-err><![CDATA[]]></system-err>
      </testcase>
      <testcase name="Test Cases/Shopify/CreateStore" time="0.016" classname="Test Cases/Shopify/CreateStore" status="SKIPPED">
         <system-out><![CDATA[2023-02-10 16:08:14 - [TEST_CASE][SKIPPED] - Test Cases/Shopify/CreateStore: 

2023-02-10 16:08:14 - [TEST_STEP][PASSED] - Start listener action : skipStatus: null

2023-02-10 16:08:14 - [TEST_STEP][PASSED] - map = testCaseContext.getTestCaseVariables(): null

2023-02-10 16:08:14 - [TEST_STEP][PASSED] - testcae_status = map.get("testcase_status"): null

2023-02-10 16:08:14 - [TEST_STEP][PASSED] - if (testcae_status == "Passed" || testcae_status == "Failed"): null

2023-02-10 16:08:14 - [TEST_STEP][PASSED] - testCaseContext.skipThisTestCase(): null]]></system-out>
         <system-err><![CDATA[]]></system-err>
      </testcase>
      <testcase name="Test Cases/Shopify/CreateStore" time="0.016" classname="Test Cases/Shopify/CreateStore" status="SKIPPED">
         <system-out><![CDATA[2023-02-10 16:08:14 - [TEST_CASE][SKIPPED] - Test Cases/Shopify/CreateStore: 

2023-02-10 16:08:14 - [TEST_STEP][PASSED] - Start listener action : skipStatus: null

2023-02-10 16:08:14 - [TEST_STEP][PASSED] - map = testCaseContext.getTestCaseVariables(): null

2023-02-10 16:08:14 - [TEST_STEP][PASSED] - testcae_status = map.get("testcase_status"): null

2023-02-10 16:08:14 - [TEST_STEP][PASSED] - if (testcae_status == "Passed" || testcae_status == "Failed"): null

2023-02-10 16:08:14 - [TEST_STEP][PASSED] - testCaseContext.skipThisTestCase(): null]]></system-out>
         <system-err><![CDATA[]]></system-err>
      </testcase>
      <testcase name="Test Cases/Shopify/CreateStore" time="0.0" classname="Test Cases/Shopify/CreateStore" status="SKIPPED">
         <system-out><![CDATA[2023-02-10 16:08:14 - [TEST_CASE][SKIPPED] - Test Cases/Shopify/CreateStore: 

2023-02-10 16:08:14 - [TEST_STEP][PASSED] - Start listener action : skipStatus: null

2023-02-10 16:08:14 - [TEST_STEP][PASSED] - map = testCaseContext.getTestCaseVariables(): null

2023-02-10 16:08:14 - [TEST_STEP][PASSED] - testcae_status = map.get("testcase_status"): null

2023-02-10 16:08:14 - [TEST_STEP][PASSED] - if (testcae_status == "Passed" || testcae_status == "Failed"): null

2023-02-10 16:08:14 - [TEST_STEP][PASSED] - testCaseContext.skipThisTestCase(): null]]></system-out>
         <system-err><![CDATA[]]></system-err>
      </testcase>
      <testcase name="Test Cases/Shopify/CreateStore" time="0.016" classname="Test Cases/Shopify/CreateStore" status="SKIPPED">
         <system-out><![CDATA[2023-02-10 16:08:14 - [TEST_CASE][SKIPPED] - Test Cases/Shopify/CreateStore: 

2023-02-10 16:08:14 - [TEST_STEP][PASSED] - Start listener action : skipStatus: null

2023-02-10 16:08:14 - [TEST_STEP][PASSED] - map = testCaseContext.getTestCaseVariables(): null

2023-02-10 16:08:14 - [TEST_STEP][PASSED] - testcae_status = map.get("testcase_status"): null

2023-02-10 16:08:14 - [TEST_STEP][PASSED] - if (testcae_status == "Passed" || testcae_status == "Failed"): null

2023-02-10 16:08:14 - [TEST_STEP][PASSED] - testCaseContext.skipThisTestCase(): null]]></system-out>
         <system-err><![CDATA[]]></system-err>
      </testcase>
      <testcase name="Test Cases/Shopify/CreateStore" time="0.016" classname="Test Cases/Shopify/CreateStore" status="SKIPPED">
         <system-out><![CDATA[2023-02-10 16:08:14 - [TEST_CASE][SKIPPED] - Test Cases/Shopify/CreateStore: 

2023-02-10 16:08:14 - [TEST_STEP][PASSED] - Start listener action : skipStatus: null

2023-02-10 16:08:14 - [TEST_STEP][PASSED] - map = testCaseContext.getTestCaseVariables(): null

2023-02-10 16:08:14 - [TEST_STEP][PASSED] - testcae_status = map.get("testcase_status"): null

2023-02-10 16:08:14 - [TEST_STEP][PASSED] - if (testcae_status == "Passed" || testcae_status == "Failed"): null

2023-02-10 16:08:14 - [TEST_STEP][PASSED] - testCaseContext.skipThisTestCase(): null]]></system-out>
         <system-err><![CDATA[]]></system-err>
      </testcase>
      <testcase name="Test Cases/Shopify/CreateStore" time="0.0" classname="Test Cases/Shopify/CreateStore" status="SKIPPED">
         <system-out><![CDATA[2023-02-10 16:08:14 - [TEST_CASE][SKIPPED] - Test Cases/Shopify/CreateStore: 

2023-02-10 16:08:14 - [TEST_STEP][PASSED] - Start listener action : skipStatus: null

2023-02-10 16:08:14 - [TEST_STEP][PASSED] - map = testCaseContext.getTestCaseVariables(): null

2023-02-10 16:08:14 - [TEST_STEP][PASSED] - testcae_status = map.get("testcase_status"): null

2023-02-10 16:08:14 - [TEST_STEP][PASSED] - if (testcae_status == "Passed" || testcae_status == "Failed"): null

2023-02-10 16:08:14 - [TEST_STEP][PASSED] - testCaseContext.skipThisTestCase(): null]]></system-out>
         <system-err><![CDATA[]]></system-err>
      </testcase>
      <testcase name="Test Cases/Shopify/CreateStore" time="0.0" classname="Test Cases/Shopify/CreateStore" status="SKIPPED">
         <system-out><![CDATA[2023-02-10 16:08:14 - [TEST_CASE][SKIPPED] - Test Cases/Shopify/CreateStore: 

2023-02-10 16:08:14 - [TEST_STEP][PASSED] - Start listener action : skipStatus: null

2023-02-10 16:08:14 - [TEST_STEP][PASSED] - map = testCaseContext.getTestCaseVariables(): null

2023-02-10 16:08:14 - [TEST_STEP][PASSED] - testcae_status = map.get("testcase_status"): null

2023-02-10 16:08:14 - [TEST_STEP][PASSED] - if (testcae_status == "Passed" || testcae_status == "Failed"): null

2023-02-10 16:08:14 - [TEST_STEP][PASSED] - testCaseContext.skipThisTestCase(): null]]></system-out>
         <system-err><![CDATA[]]></system-err>
      </testcase>
      <testcase name="Test Cases/Shopify/CreateStore" time="0.016" classname="Test Cases/Shopify/CreateStore" status="SKIPPED">
         <system-out><![CDATA[2023-02-10 16:08:14 - [TEST_CASE][SKIPPED] - Test Cases/Shopify/CreateStore: 

2023-02-10 16:08:14 - [TEST_STEP][PASSED] - Start listener action : skipStatus: null

2023-02-10 16:08:14 - [TEST_STEP][PASSED] - map = testCaseContext.getTestCaseVariables(): null

2023-02-10 16:08:14 - [TEST_STEP][PASSED] - testcae_status = map.get("testcase_status"): null

2023-02-10 16:08:14 - [TEST_STEP][PASSED] - if (testcae_status == "Passed" || testcae_status == "Failed"): null

2023-02-10 16:08:14 - [TEST_STEP][PASSED] - testCaseContext.skipThisTestCase(): null]]></system-out>
         <system-err><![CDATA[]]></system-err>
      </testcase>
      <testcase name="Test Cases/Shopify/CreateStore" time="0.016" classname="Test Cases/Shopify/CreateStore" status="SKIPPED">
         <system-out><![CDATA[2023-02-10 16:08:14 - [TEST_CASE][SKIPPED] - Test Cases/Shopify/CreateStore: 

2023-02-10 16:08:14 - [TEST_STEP][PASSED] - Start listener action : skipStatus: null

2023-02-10 16:08:14 - [TEST_STEP][PASSED] - map = testCaseContext.getTestCaseVariables(): null

2023-02-10 16:08:14 - [TEST_STEP][PASSED] - testcae_status = map.get("testcase_status"): null

2023-02-10 16:08:14 - [TEST_STEP][PASSED] - if (testcae_status == "Passed" || testcae_status == "Failed"): null

2023-02-10 16:08:14 - [TEST_STEP][PASSED] - testCaseContext.skipThisTestCase(): null]]></system-out>
         <system-err><![CDATA[]]></system-err>
      </testcase>
      <testcase name="Test Cases/Shopify/CreateStore" time="0.0" classname="Test Cases/Shopify/CreateStore" status="SKIPPED">
         <system-out><![CDATA[2023-02-10 16:08:14 - [TEST_CASE][SKIPPED] - Test Cases/Shopify/CreateStore: 

2023-02-10 16:08:14 - [TEST_STEP][PASSED] - Start listener action : skipStatus: null

2023-02-10 16:08:14 - [TEST_STEP][PASSED] - map = testCaseContext.getTestCaseVariables(): null

2023-02-10 16:08:14 - [TEST_STEP][PASSED] - testcae_status = map.get("testcase_status"): null

2023-02-10 16:08:14 - [TEST_STEP][PASSED] - if (testcae_status == "Passed" || testcae_status == "Failed"): null

2023-02-10 16:08:14 - [TEST_STEP][PASSED] - testCaseContext.skipThisTestCase(): null]]></system-out>
         <system-err><![CDATA[]]></system-err>
      </testcase>
      <testcase name="Test Cases/Shopify/CreateStore" time="0.016" classname="Test Cases/Shopify/CreateStore" status="SKIPPED">
         <system-out><![CDATA[2023-02-10 16:08:14 - [TEST_CASE][SKIPPED] - Test Cases/Shopify/CreateStore: 

2023-02-10 16:08:14 - [TEST_STEP][PASSED] - Start listener action : skipStatus: null

2023-02-10 16:08:14 - [TEST_STEP][PASSED] - map = testCaseContext.getTestCaseVariables(): null

2023-02-10 16:08:14 - [TEST_STEP][PASSED] - testcae_status = map.get("testcase_status"): null

2023-02-10 16:08:14 - [TEST_STEP][PASSED] - if (testcae_status == "Passed" || testcae_status == "Failed"): null

2023-02-10 16:08:14 - [TEST_STEP][PASSED] - testCaseContext.skipThisTestCase(): null]]></system-out>
         <system-err><![CDATA[]]></system-err>
      </testcase>
      <testcase name="Test Cases/Shopify/CreateStore" time="0.016" classname="Test Cases/Shopify/CreateStore" status="SKIPPED">
         <system-out><![CDATA[2023-02-10 16:08:14 - [TEST_CASE][SKIPPED] - Test Cases/Shopify/CreateStore: 

2023-02-10 16:08:14 - [TEST_STEP][PASSED] - Start listener action : skipStatus: null

2023-02-10 16:08:14 - [TEST_STEP][PASSED] - map = testCaseContext.getTestCaseVariables(): null

2023-02-10 16:08:14 - [TEST_STEP][PASSED] - testcae_status = map.get("testcase_status"): null

2023-02-10 16:08:14 - [TEST_STEP][PASSED] - if (testcae_status == "Passed" || testcae_status == "Failed"): null

2023-02-10 16:08:14 - [TEST_STEP][PASSED] - testCaseContext.skipThisTestCase(): null]]></system-out>
         <system-err><![CDATA[]]></system-err>
      </testcase>
      <testcase name="Test Cases/Shopify/CreateStore" time="0.016" classname="Test Cases/Shopify/CreateStore" status="SKIPPED">
         <system-out><![CDATA[2023-02-10 16:08:14 - [TEST_CASE][SKIPPED] - Test Cases/Shopify/CreateStore: 

2023-02-10 16:08:14 - [TEST_STEP][PASSED] - Start listener action : skipStatus: null

2023-02-10 16:08:14 - [TEST_STEP][PASSED] - map = testCaseContext.getTestCaseVariables(): null

2023-02-10 16:08:14 - [TEST_STEP][PASSED] - testcae_status = map.get("testcase_status"): null

2023-02-10 16:08:14 - [TEST_STEP][PASSED] - if (testcae_status == "Passed" || testcae_status == "Failed"): null

2023-02-10 16:08:14 - [TEST_STEP][PASSED] - testCaseContext.skipThisTestCase(): null]]></system-out>
         <system-err><![CDATA[]]></system-err>
      </testcase>
      <testcase name="Test Cases/Shopify/CreateStore" time="0.017" classname="Test Cases/Shopify/CreateStore" status="SKIPPED">
         <system-out><![CDATA[2023-02-10 16:08:14 - [TEST_CASE][SKIPPED] - Test Cases/Shopify/CreateStore: 

2023-02-10 16:08:14 - [TEST_STEP][PASSED] - Start listener action : skipStatus: null

2023-02-10 16:08:14 - [TEST_STEP][PASSED] - map = testCaseContext.getTestCaseVariables(): null

2023-02-10 16:08:14 - [TEST_STEP][PASSED] - testcae_status = map.get("testcase_status"): null

2023-02-10 16:08:14 - [TEST_STEP][PASSED] - if (testcae_status == "Passed" || testcae_status == "Failed"): null

2023-02-10 16:08:14 - [TEST_STEP][PASSED] - testCaseContext.skipThisTestCase(): null]]></system-out>
         <system-err><![CDATA[]]></system-err>
      </testcase>
      <testcase name="Test Cases/Shopify/CreateStore" time="0.0" classname="Test Cases/Shopify/CreateStore" status="SKIPPED">
         <system-out><![CDATA[2023-02-10 16:08:14 - [TEST_CASE][SKIPPED] - Test Cases/Shopify/CreateStore: 

2023-02-10 16:08:14 - [TEST_STEP][PASSED] - Start listener action : skipStatus: null

2023-02-10 16:08:14 - [TEST_STEP][PASSED] - map = testCaseContext.getTestCaseVariables(): null

2023-02-10 16:08:14 - [TEST_STEP][PASSED] - testcae_status = map.get("testcase_status"): null

2023-02-10 16:08:14 - [TEST_STEP][PASSED] - if (testcae_status == "Passed" || testcae_status == "Failed"): null

2023-02-10 16:08:14 - [TEST_STEP][PASSED] - testCaseContext.skipThisTestCase(): null]]></system-out>
         <system-err><![CDATA[]]></system-err>
      </testcase>
      <testcase name="Test Cases/Shopify/CreateStore" time="0.015" classname="Test Cases/Shopify/CreateStore" status="SKIPPED">
         <system-out><![CDATA[2023-02-10 16:08:14 - [TEST_CASE][SKIPPED] - Test Cases/Shopify/CreateStore: 

2023-02-10 16:08:14 - [TEST_STEP][PASSED] - Start listener action : skipStatus: null

2023-02-10 16:08:14 - [TEST_STEP][PASSED] - map = testCaseContext.getTestCaseVariables(): null

2023-02-10 16:08:14 - [TEST_STEP][PASSED] - testcae_status = map.get("testcase_status"): null

2023-02-10 16:08:14 - [TEST_STEP][PASSED] - if (testcae_status == "Passed" || testcae_status == "Failed"): null

2023-02-10 16:08:14 - [TEST_STEP][PASSED] - testCaseContext.skipThisTestCase(): null]]></system-out>
         <system-err><![CDATA[]]></system-err>
      </testcase>
      <testcase name="Test Cases/Shopify/CreateStore" time="0.0" classname="Test Cases/Shopify/CreateStore" status="SKIPPED">
         <system-out><![CDATA[2023-02-10 16:08:14 - [TEST_CASE][SKIPPED] - Test Cases/Shopify/CreateStore: 

2023-02-10 16:08:14 - [TEST_STEP][PASSED] - Start listener action : skipStatus: null

2023-02-10 16:08:14 - [TEST_STEP][PASSED] - map = testCaseContext.getTestCaseVariables(): null

2023-02-10 16:08:14 - [TEST_STEP][PASSED] - testcae_status = map.get("testcase_status"): null

2023-02-10 16:08:14 - [TEST_STEP][PASSED] - if (testcae_status == "Passed" || testcae_status == "Failed"): null

2023-02-10 16:08:14 - [TEST_STEP][PASSED] - testCaseContext.skipThisTestCase(): null]]></system-out>
         <system-err><![CDATA[]]></system-err>
      </testcase>
      <testcase name="Test Cases/Shopify/CreateStore" time="0.0" classname="Test Cases/Shopify/CreateStore" status="SKIPPED">
         <system-out><![CDATA[2023-02-10 16:08:14 - [TEST_CASE][SKIPPED] - Test Cases/Shopify/CreateStore: 

2023-02-10 16:08:14 - [TEST_STEP][PASSED] - Start listener action : skipStatus: null

2023-02-10 16:08:14 - [TEST_STEP][PASSED] - map = testCaseContext.getTestCaseVariables(): null

2023-02-10 16:08:14 - [TEST_STEP][PASSED] - testcae_status = map.get("testcase_status"): null

2023-02-10 16:08:14 - [TEST_STEP][PASSED] - if (testcae_status == "Passed" || testcae_status == "Failed"): null

2023-02-10 16:08:14 - [TEST_STEP][PASSED] - testCaseContext.skipThisTestCase(): null]]></system-out>
         <system-err><![CDATA[]]></system-err>
      </testcase>
      <testcase name="Test Cases/Shopify/CreateStore" time="0.016" classname="Test Cases/Shopify/CreateStore" status="SKIPPED">
         <system-out><![CDATA[2023-02-10 16:08:15 - [TEST_CASE][SKIPPED] - Test Cases/Shopify/CreateStore: 

2023-02-10 16:08:15 - [TEST_STEP][PASSED] - Start listener action : skipStatus: null

2023-02-10 16:08:15 - [TEST_STEP][PASSED] - map = testCaseContext.getTestCaseVariables(): null

2023-02-10 16:08:15 - [TEST_STEP][PASSED] - testcae_status = map.get("testcase_status"): null

2023-02-10 16:08:15 - [TEST_STEP][PASSED] - if (testcae_status == "Passed" || testcae_status == "Failed"): null

2023-02-10 16:08:15 - [TEST_STEP][PASSED] - testCaseContext.skipThisTestCase(): null]]></system-out>
         <system-err><![CDATA[]]></system-err>
      </testcase>
      <testcase name="Test Cases/Shopify/CreateStore" time="0.0" classname="Test Cases/Shopify/CreateStore" status="SKIPPED">
         <system-out><![CDATA[2023-02-10 16:08:15 - [TEST_CASE][SKIPPED] - Test Cases/Shopify/CreateStore: 

2023-02-10 16:08:15 - [TEST_STEP][PASSED] - Start listener action : skipStatus: null

2023-02-10 16:08:15 - [TEST_STEP][PASSED] - map = testCaseContext.getTestCaseVariables(): null

2023-02-10 16:08:15 - [TEST_STEP][PASSED] - testcae_status = map.get("testcase_status"): null

2023-02-10 16:08:15 - [TEST_STEP][PASSED] - if (testcae_status == "Passed" || testcae_status == "Failed"): null

2023-02-10 16:08:15 - [TEST_STEP][PASSED] - testCaseContext.skipThisTestCase(): null]]></system-out>
         <system-err><![CDATA[]]></system-err>
      </testcase>
      <testcase name="Test Cases/Shopify/CreateStore" time="0.0" classname="Test Cases/Shopify/CreateStore" status="SKIPPED">
         <system-out><![CDATA[2023-02-10 16:08:15 - [TEST_CASE][SKIPPED] - Test Cases/Shopify/CreateStore: 

2023-02-10 16:08:15 - [TEST_STEP][PASSED] - Start listener action : skipStatus: null

2023-02-10 16:08:15 - [TEST_STEP][PASSED] - map = testCaseContext.getTestCaseVariables(): null

2023-02-10 16:08:15 - [TEST_STEP][PASSED] - testcae_status = map.get("testcase_status"): null

2023-02-10 16:08:15 - [TEST_STEP][PASSED] - if (testcae_status == "Passed" || testcae_status == "Failed"): null

2023-02-10 16:08:15 - [TEST_STEP][PASSED] - testCaseContext.skipThisTestCase(): null]]></system-out>
         <system-err><![CDATA[]]></system-err>
      </testcase>
      <testcase name="Test Cases/Shopify/CreateStore" time="0.025" classname="Test Cases/Shopify/CreateStore" status="SKIPPED">
         <system-out><![CDATA[2023-02-10 16:08:15 - [TEST_CASE][SKIPPED] - Test Cases/Shopify/CreateStore: 

2023-02-10 16:08:15 - [TEST_STEP][PASSED] - Start listener action : skipStatus: null

2023-02-10 16:08:15 - [TEST_STEP][PASSED] - map = testCaseContext.getTestCaseVariables(): null

2023-02-10 16:08:15 - [TEST_STEP][PASSED] - testcae_status = map.get("testcase_status"): null

2023-02-10 16:08:15 - [TEST_STEP][PASSED] - if (testcae_status == "Passed" || testcae_status == "Failed"): null

2023-02-10 16:08:15 - [TEST_STEP][PASSED] - testCaseContext.skipThisTestCase(): null]]></system-out>
         <system-err><![CDATA[]]></system-err>
      </testcase>
      <testcase name="Test Cases/Shopify/CreateStore" time="0.016" classname="Test Cases/Shopify/CreateStore" status="SKIPPED">
         <system-out><![CDATA[2023-02-10 16:08:15 - [TEST_CASE][SKIPPED] - Test Cases/Shopify/CreateStore: 

2023-02-10 16:08:15 - [TEST_STEP][PASSED] - Start listener action : skipStatus: null

2023-02-10 16:08:15 - [TEST_STEP][PASSED] - map = testCaseContext.getTestCaseVariables(): null

2023-02-10 16:08:15 - [TEST_STEP][PASSED] - testcae_status = map.get("testcase_status"): null

2023-02-10 16:08:15 - [TEST_STEP][PASSED] - if (testcae_status == "Passed" || testcae_status == "Failed"): null

2023-02-10 16:08:15 - [TEST_STEP][PASSED] - testCaseContext.skipThisTestCase(): null]]></system-out>
         <system-err><![CDATA[]]></system-err>
      </testcase>
      <testcase name="Test Cases/Shopify/CreateStore" time="0.016" classname="Test Cases/Shopify/CreateStore" status="SKIPPED">
         <system-out><![CDATA[2023-02-10 16:08:15 - [TEST_CASE][SKIPPED] - Test Cases/Shopify/CreateStore: 

2023-02-10 16:08:15 - [TEST_STEP][PASSED] - Start listener action : skipStatus: null

2023-02-10 16:08:15 - [TEST_STEP][PASSED] - map = testCaseContext.getTestCaseVariables(): null

2023-02-10 16:08:15 - [TEST_STEP][PASSED] - testcae_status = map.get("testcase_status"): null

2023-02-10 16:08:15 - [TEST_STEP][PASSED] - if (testcae_status == "Passed" || testcae_status == "Failed"): null

2023-02-10 16:08:15 - [TEST_STEP][PASSED] - testCaseContext.skipThisTestCase(): null]]></system-out>
         <system-err><![CDATA[]]></system-err>
      </testcase>
      <testcase name="Test Cases/Shopify/CreateStore" time="0.0" classname="Test Cases/Shopify/CreateStore" status="SKIPPED">
         <system-out><![CDATA[2023-02-10 16:08:15 - [TEST_CASE][SKIPPED] - Test Cases/Shopify/CreateStore: 

2023-02-10 16:08:15 - [TEST_STEP][PASSED] - Start listener action : skipStatus: null

2023-02-10 16:08:15 - [TEST_STEP][PASSED] - map = testCaseContext.getTestCaseVariables(): null

2023-02-10 16:08:15 - [TEST_STEP][PASSED] - testcae_status = map.get("testcase_status"): null

2023-02-10 16:08:15 - [TEST_STEP][PASSED] - if (testcae_status == "Passed" || testcae_status == "Failed"): null

2023-02-10 16:08:15 - [TEST_STEP][PASSED] - testCaseContext.skipThisTestCase(): null]]></system-out>
         <system-err><![CDATA[]]></system-err>
      </testcase>
      <testcase name="Test Cases/Shopify/CreateStore" time="0.016" classname="Test Cases/Shopify/CreateStore" status="SKIPPED">
         <system-out><![CDATA[2023-02-10 16:08:15 - [TEST_CASE][SKIPPED] - Test Cases/Shopify/CreateStore: 

2023-02-10 16:08:15 - [TEST_STEP][PASSED] - Start listener action : skipStatus: null

2023-02-10 16:08:15 - [TEST_STEP][PASSED] - map = testCaseContext.getTestCaseVariables(): null

2023-02-10 16:08:15 - [TEST_STEP][PASSED] - testcae_status = map.get("testcase_status"): null

2023-02-10 16:08:15 - [TEST_STEP][PASSED] - if (testcae_status == "Passed" || testcae_status == "Failed"): null

2023-02-10 16:08:15 - [TEST_STEP][PASSED] - testCaseContext.skipThisTestCase(): null]]></system-out>
         <system-err><![CDATA[]]></system-err>
      </testcase>
      <testcase name="Test Cases/Shopify/CreateStore" time="0.016" classname="Test Cases/Shopify/CreateStore" status="SKIPPED">
         <system-out><![CDATA[2023-02-10 16:08:15 - [TEST_CASE][SKIPPED] - Test Cases/Shopify/CreateStore: 

2023-02-10 16:08:15 - [TEST_STEP][PASSED] - Start listener action : skipStatus: null

2023-02-10 16:08:15 - [TEST_STEP][PASSED] - map = testCaseContext.getTestCaseVariables(): null

2023-02-10 16:08:15 - [TEST_STEP][PASSED] - testcae_status = map.get("testcase_status"): null

2023-02-10 16:08:15 - [TEST_STEP][PASSED] - if (testcae_status == "Passed" || testcae_status == "Failed"): null

2023-02-10 16:08:15 - [TEST_STEP][PASSED] - testCaseContext.skipThisTestCase(): null]]></system-out>
         <system-err><![CDATA[]]></system-err>
      </testcase>
      <testcase name="Test Cases/Shopify/CreateStore" time="0.0" classname="Test Cases/Shopify/CreateStore" status="SKIPPED">
         <system-out><![CDATA[2023-02-10 16:08:15 - [TEST_CASE][SKIPPED] - Test Cases/Shopify/CreateStore: 

2023-02-10 16:08:15 - [TEST_STEP][PASSED] - Start listener action : skipStatus: null

2023-02-10 16:08:15 - [TEST_STEP][PASSED] - map = testCaseContext.getTestCaseVariables(): null

2023-02-10 16:08:15 - [TEST_STEP][PASSED] - testcae_status = map.get("testcase_status"): null

2023-02-10 16:08:15 - [TEST_STEP][PASSED] - if (testcae_status == "Passed" || testcae_status == "Failed"): null

2023-02-10 16:08:15 - [TEST_STEP][PASSED] - testCaseContext.skipThisTestCase(): null]]></system-out>
         <system-err><![CDATA[]]></system-err>
      </testcase>
      <testcase name="Test Cases/Shopify/CreateStore" time="0.015" classname="Test Cases/Shopify/CreateStore" status="SKIPPED">
         <system-out><![CDATA[2023-02-10 16:08:15 - [TEST_CASE][SKIPPED] - Test Cases/Shopify/CreateStore: 

2023-02-10 16:08:15 - [TEST_STEP][PASSED] - Start listener action : skipStatus: null

2023-02-10 16:08:15 - [TEST_STEP][PASSED] - map = testCaseContext.getTestCaseVariables(): null

2023-02-10 16:08:15 - [TEST_STEP][PASSED] - testcae_status = map.get("testcase_status"): null

2023-02-10 16:08:15 - [TEST_STEP][PASSED] - if (testcae_status == "Passed" || testcae_status == "Failed"): null

2023-02-10 16:08:15 - [TEST_STEP][PASSED] - testCaseContext.skipThisTestCase(): null]]></system-out>
         <system-err><![CDATA[]]></system-err>
      </testcase>
      <testcase name="Test Cases/Shopify/CreateStore" time="0.016" classname="Test Cases/Shopify/CreateStore" status="SKIPPED">
         <system-out><![CDATA[2023-02-10 16:08:15 - [TEST_CASE][SKIPPED] - Test Cases/Shopify/CreateStore: 

2023-02-10 16:08:15 - [TEST_STEP][PASSED] - Start listener action : skipStatus: null

2023-02-10 16:08:15 - [TEST_STEP][PASSED] - map = testCaseContext.getTestCaseVariables(): null

2023-02-10 16:08:15 - [TEST_STEP][PASSED] - testcae_status = map.get("testcase_status"): null

2023-02-10 16:08:15 - [TEST_STEP][PASSED] - if (testcae_status == "Passed" || testcae_status == "Failed"): null

2023-02-10 16:08:15 - [TEST_STEP][PASSED] - testCaseContext.skipThisTestCase(): null]]></system-out>
         <system-err><![CDATA[]]></system-err>
      </testcase>
      <testcase name="Test Cases/Shopify/CreateStore" time="0.01" classname="Test Cases/Shopify/CreateStore" status="SKIPPED">
         <system-out><![CDATA[2023-02-10 16:08:15 - [TEST_CASE][SKIPPED] - Test Cases/Shopify/CreateStore: 

2023-02-10 16:08:15 - [TEST_STEP][PASSED] - Start listener action : skipStatus: null

2023-02-10 16:08:15 - [TEST_STEP][PASSED] - map = testCaseContext.getTestCaseVariables(): null

2023-02-10 16:08:15 - [TEST_STEP][PASSED] - testcae_status = map.get("testcase_status"): null

2023-02-10 16:08:15 - [TEST_STEP][PASSED] - if (testcae_status == "Passed" || testcae_status == "Failed"): null

2023-02-10 16:08:15 - [TEST_STEP][PASSED] - testCaseContext.skipThisTestCase(): null]]></system-out>
         <system-err><![CDATA[]]></system-err>
      </testcase>
      <testcase name="Test Cases/Shopify/CreateStore" time="0.01" classname="Test Cases/Shopify/CreateStore" status="SKIPPED">
         <system-out><![CDATA[2023-02-10 16:08:15 - [TEST_CASE][SKIPPED] - Test Cases/Shopify/CreateStore: 

2023-02-10 16:08:15 - [TEST_STEP][PASSED] - Start listener action : skipStatus: null

2023-02-10 16:08:15 - [TEST_STEP][PASSED] - map = testCaseContext.getTestCaseVariables(): null

2023-02-10 16:08:15 - [TEST_STEP][PASSED] - testcae_status = map.get("testcase_status"): null

2023-02-10 16:08:15 - [TEST_STEP][PASSED] - if (testcae_status == "Passed" || testcae_status == "Failed"): null

2023-02-10 16:08:15 - [TEST_STEP][PASSED] - testCaseContext.skipThisTestCase(): null]]></system-out>
         <system-err><![CDATA[]]></system-err>
      </testcase>
      <testcase name="Test Cases/Shopify/CreateStore" time="0.012" classname="Test Cases/Shopify/CreateStore" status="SKIPPED">
         <system-out><![CDATA[2023-02-10 16:08:15 - [TEST_CASE][SKIPPED] - Test Cases/Shopify/CreateStore: 

2023-02-10 16:08:15 - [TEST_STEP][PASSED] - Start listener action : skipStatus: null

2023-02-10 16:08:15 - [TEST_STEP][PASSED] - map = testCaseContext.getTestCaseVariables(): null

2023-02-10 16:08:15 - [TEST_STEP][PASSED] - testcae_status = map.get("testcase_status"): null

2023-02-10 16:08:15 - [TEST_STEP][PASSED] - if (testcae_status == "Passed" || testcae_status == "Failed"): null

2023-02-10 16:08:15 - [TEST_STEP][PASSED] - testCaseContext.skipThisTestCase(): null]]></system-out>
         <system-err><![CDATA[]]></system-err>
      </testcase>
      <testcase name="Test Cases/Shopify/CreateStore" time="0.016" classname="Test Cases/Shopify/CreateStore" status="SKIPPED">
         <system-out><![CDATA[2023-02-10 16:08:15 - [TEST_CASE][SKIPPED] - Test Cases/Shopify/CreateStore: 

2023-02-10 16:08:15 - [TEST_STEP][PASSED] - Start listener action : skipStatus: null

2023-02-10 16:08:15 - [TEST_STEP][PASSED] - map = testCaseContext.getTestCaseVariables(): null

2023-02-10 16:08:15 - [TEST_STEP][PASSED] - testcae_status = map.get("testcase_status"): null

2023-02-10 16:08:15 - [TEST_STEP][PASSED] - if (testcae_status == "Passed" || testcae_status == "Failed"): null

2023-02-10 16:08:15 - [TEST_STEP][PASSED] - testCaseContext.skipThisTestCase(): null]]></system-out>
         <system-err><![CDATA[]]></system-err>
      </testcase>
      <testcase name="Test Cases/Shopify/CreateStore" time="0.016" classname="Test Cases/Shopify/CreateStore" status="SKIPPED">
         <system-out><![CDATA[2023-02-10 16:08:15 - [TEST_CASE][SKIPPED] - Test Cases/Shopify/CreateStore: 

2023-02-10 16:08:15 - [TEST_STEP][PASSED] - Start listener action : skipStatus: null

2023-02-10 16:08:15 - [TEST_STEP][PASSED] - map = testCaseContext.getTestCaseVariables(): null

2023-02-10 16:08:15 - [TEST_STEP][PASSED] - testcae_status = map.get("testcase_status"): null

2023-02-10 16:08:15 - [TEST_STEP][PASSED] - if (testcae_status == "Passed" || testcae_status == "Failed"): null

2023-02-10 16:08:15 - [TEST_STEP][PASSED] - testCaseContext.skipThisTestCase(): null]]></system-out>
         <system-err><![CDATA[]]></system-err>
      </testcase>
      <testcase name="Test Cases/Shopify/CreateStore" time="0.0" classname="Test Cases/Shopify/CreateStore" status="SKIPPED">
         <system-out><![CDATA[2023-02-10 16:08:15 - [TEST_CASE][SKIPPED] - Test Cases/Shopify/CreateStore: 

2023-02-10 16:08:15 - [TEST_STEP][PASSED] - Start listener action : skipStatus: null

2023-02-10 16:08:15 - [TEST_STEP][PASSED] - map = testCaseContext.getTestCaseVariables(): null

2023-02-10 16:08:15 - [TEST_STEP][PASSED] - testcae_status = map.get("testcase_status"): null

2023-02-10 16:08:15 - [TEST_STEP][PASSED] - if (testcae_status == "Passed" || testcae_status == "Failed"): null

2023-02-10 16:08:15 - [TEST_STEP][PASSED] - testCaseContext.skipThisTestCase(): null]]></system-out>
         <system-err><![CDATA[]]></system-err>
      </testcase>
      <testcase name="Test Cases/Shopify/CreateStore" time="0.017" classname="Test Cases/Shopify/CreateStore" status="SKIPPED">
         <system-out><![CDATA[2023-02-10 16:08:15 - [TEST_CASE][SKIPPED] - Test Cases/Shopify/CreateStore: 

2023-02-10 16:08:15 - [TEST_STEP][PASSED] - Start listener action : skipStatus: null

2023-02-10 16:08:15 - [TEST_STEP][PASSED] - map = testCaseContext.getTestCaseVariables(): null

2023-02-10 16:08:15 - [TEST_STEP][PASSED] - testcae_status = map.get("testcase_status"): null

2023-02-10 16:08:15 - [TEST_STEP][PASSED] - if (testcae_status == "Passed" || testcae_status == "Failed"): null

2023-02-10 16:08:15 - [TEST_STEP][PASSED] - testCaseContext.skipThisTestCase(): null]]></system-out>
         <system-err><![CDATA[]]></system-err>
      </testcase>
      <testcase name="Test Cases/Shopify/CreateStore" time="0.016" classname="Test Cases/Shopify/CreateStore" status="SKIPPED">
         <system-out><![CDATA[2023-02-10 16:08:15 - [TEST_CASE][SKIPPED] - Test Cases/Shopify/CreateStore: 

2023-02-10 16:08:15 - [TEST_STEP][PASSED] - Start listener action : skipStatus: null

2023-02-10 16:08:15 - [TEST_STEP][PASSED] - map = testCaseContext.getTestCaseVariables(): null

2023-02-10 16:08:15 - [TEST_STEP][PASSED] - testcae_status = map.get("testcase_status"): null

2023-02-10 16:08:15 - [TEST_STEP][PASSED] - if (testcae_status == "Passed" || testcae_status == "Failed"): null

2023-02-10 16:08:15 - [TEST_STEP][PASSED] - testCaseContext.skipThisTestCase(): null]]></system-out>
         <system-err><![CDATA[]]></system-err>
      </testcase>
      <testcase name="Test Cases/Shopify/CreateStore" time="0.0" classname="Test Cases/Shopify/CreateStore" status="SKIPPED">
         <system-out><![CDATA[2023-02-10 16:08:15 - [TEST_CASE][SKIPPED] - Test Cases/Shopify/CreateStore: 

2023-02-10 16:08:15 - [TEST_STEP][PASSED] - Start listener action : skipStatus: null

2023-02-10 16:08:15 - [TEST_STEP][PASSED] - map = testCaseContext.getTestCaseVariables(): null

2023-02-10 16:08:15 - [TEST_STEP][PASSED] - testcae_status = map.get("testcase_status"): null

2023-02-10 16:08:15 - [TEST_STEP][PASSED] - if (testcae_status == "Passed" || testcae_status == "Failed"): null

2023-02-10 16:08:15 - [TEST_STEP][PASSED] - testCaseContext.skipThisTestCase(): null]]></system-out>
         <system-err><![CDATA[]]></system-err>
      </testcase>
      <testcase name="Test Cases/Shopify/CreateStore" time="0.016" classname="Test Cases/Shopify/CreateStore" status="SKIPPED">
         <system-out><![CDATA[2023-02-10 16:08:15 - [TEST_CASE][SKIPPED] - Test Cases/Shopify/CreateStore: 

2023-02-10 16:08:15 - [TEST_STEP][PASSED] - Start listener action : skipStatus: null

2023-02-10 16:08:15 - [TEST_STEP][PASSED] - map = testCaseContext.getTestCaseVariables(): null

2023-02-10 16:08:15 - [TEST_STEP][PASSED] - testcae_status = map.get("testcase_status"): null

2023-02-10 16:08:15 - [TEST_STEP][PASSED] - if (testcae_status == "Passed" || testcae_status == "Failed"): null

2023-02-10 16:08:15 - [TEST_STEP][PASSED] - testCaseContext.skipThisTestCase(): null]]></system-out>
         <system-err><![CDATA[]]></system-err>
      </testcase>
      <testcase name="Test Cases/Shopify/CreateStore" time="0.015" classname="Test Cases/Shopify/CreateStore" status="SKIPPED">
         <system-out><![CDATA[2023-02-10 16:08:15 - [TEST_CASE][SKIPPED] - Test Cases/Shopify/CreateStore: 

2023-02-10 16:08:15 - [TEST_STEP][PASSED] - Start listener action : skipStatus: null

2023-02-10 16:08:15 - [TEST_STEP][PASSED] - map = testCaseContext.getTestCaseVariables(): null

2023-02-10 16:08:15 - [TEST_STEP][PASSED] - testcae_status = map.get("testcase_status"): null

2023-02-10 16:08:15 - [TEST_STEP][PASSED] - if (testcae_status == "Passed" || testcae_status == "Failed"): null

2023-02-10 16:08:15 - [TEST_STEP][PASSED] - testCaseContext.skipThisTestCase(): null]]></system-out>
         <system-err><![CDATA[]]></system-err>
      </testcase>
      <testcase name="Test Cases/Shopify/CreateStore" time="0.016" classname="Test Cases/Shopify/CreateStore" status="SKIPPED">
         <system-out><![CDATA[2023-02-10 16:08:16 - [TEST_CASE][SKIPPED] - Test Cases/Shopify/CreateStore: 

2023-02-10 16:08:16 - [TEST_STEP][PASSED] - Start listener action : skipStatus: null

2023-02-10 16:08:16 - [TEST_STEP][PASSED] - map = testCaseContext.getTestCaseVariables(): null

2023-02-10 16:08:16 - [TEST_STEP][PASSED] - testcae_status = map.get("testcase_status"): null

2023-02-10 16:08:16 - [TEST_STEP][PASSED] - if (testcae_status == "Passed" || testcae_status == "Failed"): null

2023-02-10 16:08:16 - [TEST_STEP][PASSED] - testCaseContext.skipThisTestCase(): null]]></system-out>
         <system-err><![CDATA[]]></system-err>
      </testcase>
      <testcase name="Test Cases/Shopify/CreateStore" time="0.016" classname="Test Cases/Shopify/CreateStore" status="SKIPPED">
         <system-out><![CDATA[2023-02-10 16:08:16 - [TEST_CASE][SKIPPED] - Test Cases/Shopify/CreateStore: 

2023-02-10 16:08:16 - [TEST_STEP][PASSED] - Start listener action : skipStatus: null

2023-02-10 16:08:16 - [TEST_STEP][PASSED] - map = testCaseContext.getTestCaseVariables(): null

2023-02-10 16:08:16 - [TEST_STEP][PASSED] - testcae_status = map.get("testcase_status"): null

2023-02-10 16:08:16 - [TEST_STEP][PASSED] - if (testcae_status == "Passed" || testcae_status == "Failed"): null

2023-02-10 16:08:16 - [TEST_STEP][PASSED] - testCaseContext.skipThisTestCase(): null]]></system-out>
         <system-err><![CDATA[]]></system-err>
      </testcase>
      <testcase name="Test Cases/Shopify/CreateStore" time="0.016" classname="Test Cases/Shopify/CreateStore" status="SKIPPED">
         <system-out><![CDATA[2023-02-10 16:08:16 - [TEST_CASE][SKIPPED] - Test Cases/Shopify/CreateStore: 

2023-02-10 16:08:16 - [TEST_STEP][PASSED] - Start listener action : skipStatus: null

2023-02-10 16:08:16 - [TEST_STEP][PASSED] - map = testCaseContext.getTestCaseVariables(): null

2023-02-10 16:08:16 - [TEST_STEP][PASSED] - testcae_status = map.get("testcase_status"): null

2023-02-10 16:08:16 - [TEST_STEP][PASSED] - if (testcae_status == "Passed" || testcae_status == "Failed"): null

2023-02-10 16:08:16 - [TEST_STEP][PASSED] - testCaseContext.skipThisTestCase(): null]]></system-out>
         <system-err><![CDATA[]]></system-err>
      </testcase>
      <testcase name="Test Cases/Shopify/CreateStore" time="0.016" classname="Test Cases/Shopify/CreateStore" status="SKIPPED">
         <system-out><![CDATA[2023-02-10 16:08:16 - [TEST_CASE][SKIPPED] - Test Cases/Shopify/CreateStore: 

2023-02-10 16:08:16 - [TEST_STEP][PASSED] - Start listener action : skipStatus: null

2023-02-10 16:08:16 - [TEST_STEP][PASSED] - map = testCaseContext.getTestCaseVariables(): null

2023-02-10 16:08:16 - [TEST_STEP][PASSED] - testcae_status = map.get("testcase_status"): null

2023-02-10 16:08:16 - [TEST_STEP][PASSED] - if (testcae_status == "Passed" || testcae_status == "Failed"): null

2023-02-10 16:08:16 - [TEST_STEP][PASSED] - testCaseContext.skipThisTestCase(): null]]></system-out>
         <system-err><![CDATA[]]></system-err>
      </testcase>
      <testcase name="Test Cases/Shopify/CreateStore" time="0.016" classname="Test Cases/Shopify/CreateStore" status="SKIPPED">
         <system-out><![CDATA[2023-02-10 16:08:16 - [TEST_CASE][SKIPPED] - Test Cases/Shopify/CreateStore: 

2023-02-10 16:08:16 - [TEST_STEP][PASSED] - Start listener action : skipStatus: null

2023-02-10 16:08:16 - [TEST_STEP][PASSED] - map = testCaseContext.getTestCaseVariables(): null

2023-02-10 16:08:16 - [TEST_STEP][PASSED] - testcae_status = map.get("testcase_status"): null

2023-02-10 16:08:16 - [TEST_STEP][PASSED] - if (testcae_status == "Passed" || testcae_status == "Failed"): null

2023-02-10 16:08:16 - [TEST_STEP][PASSED] - testCaseContext.skipThisTestCase(): null]]></system-out>
         <system-err><![CDATA[]]></system-err>
      </testcase>
      <testcase name="Test Cases/Shopify/CreateStore" time="0.016" classname="Test Cases/Shopify/CreateStore" status="SKIPPED">
         <system-out><![CDATA[2023-02-10 16:08:16 - [TEST_CASE][SKIPPED] - Test Cases/Shopify/CreateStore: 

2023-02-10 16:08:16 - [TEST_STEP][PASSED] - Start listener action : skipStatus: null

2023-02-10 16:08:16 - [TEST_STEP][PASSED] - map = testCaseContext.getTestCaseVariables(): null

2023-02-10 16:08:16 - [TEST_STEP][PASSED] - testcae_status = map.get("testcase_status"): null

2023-02-10 16:08:16 - [TEST_STEP][PASSED] - if (testcae_status == "Passed" || testcae_status == "Failed"): null

2023-02-10 16:08:16 - [TEST_STEP][PASSED] - testCaseContext.skipThisTestCase(): null]]></system-out>
         <system-err><![CDATA[]]></system-err>
      </testcase>
      <testcase name="Test Cases/Shopify/CreateStore" time="0.0" classname="Test Cases/Shopify/CreateStore" status="SKIPPED">
         <system-out><![CDATA[2023-02-10 16:08:16 - [TEST_CASE][SKIPPED] - Test Cases/Shopify/CreateStore: 

2023-02-10 16:08:16 - [TEST_STEP][PASSED] - Start listener action : skipStatus: null

2023-02-10 16:08:16 - [TEST_STEP][PASSED] - map = testCaseContext.getTestCaseVariables(): null

2023-02-10 16:08:16 - [TEST_STEP][PASSED] - testcae_status = map.get("testcase_status"): null

2023-02-10 16:08:16 - [TEST_STEP][PASSED] - if (testcae_status == "Passed" || testcae_status == "Failed"): null

2023-02-10 16:08:16 - [TEST_STEP][PASSED] - testCaseContext.skipThisTestCase(): null]]></system-out>
         <system-err><![CDATA[]]></system-err>
      </testcase>
      <testcase name="Test Cases/Shopify/CreateStore" time="0.016" classname="Test Cases/Shopify/CreateStore" status="SKIPPED">
         <system-out><![CDATA[2023-02-10 16:08:16 - [TEST_CASE][SKIPPED] - Test Cases/Shopify/CreateStore: 

2023-02-10 16:08:16 - [TEST_STEP][PASSED] - Start listener action : skipStatus: null

2023-02-10 16:08:16 - [TEST_STEP][PASSED] - map = testCaseContext.getTestCaseVariables(): null

2023-02-10 16:08:16 - [TEST_STEP][PASSED] - testcae_status = map.get("testcase_status"): null

2023-02-10 16:08:16 - [TEST_STEP][PASSED] - if (testcae_status == "Passed" || testcae_status == "Failed"): null

2023-02-10 16:08:16 - [TEST_STEP][PASSED] - testCaseContext.skipThisTestCase(): null]]></system-out>
         <system-err><![CDATA[]]></system-err>
      </testcase>
      <testcase name="Test Cases/Shopify/CreateStore" time="0.0" classname="Test Cases/Shopify/CreateStore" status="SKIPPED">
         <system-out><![CDATA[2023-02-10 16:08:16 - [TEST_CASE][SKIPPED] - Test Cases/Shopify/CreateStore: 

2023-02-10 16:08:16 - [TEST_STEP][PASSED] - Start listener action : skipStatus: null

2023-02-10 16:08:16 - [TEST_STEP][PASSED] - map = testCaseContext.getTestCaseVariables(): null

2023-02-10 16:08:16 - [TEST_STEP][PASSED] - testcae_status = map.get("testcase_status"): null

2023-02-10 16:08:16 - [TEST_STEP][PASSED] - if (testcae_status == "Passed" || testcae_status == "Failed"): null

2023-02-10 16:08:16 - [TEST_STEP][PASSED] - testCaseContext.skipThisTestCase(): null]]></system-out>
         <system-err><![CDATA[]]></system-err>
      </testcase>
      <testcase name="Test Cases/Shopify/CreateStore" time="0.016" classname="Test Cases/Shopify/CreateStore" status="SKIPPED">
         <system-out><![CDATA[2023-02-10 16:08:16 - [TEST_CASE][SKIPPED] - Test Cases/Shopify/CreateStore: 

2023-02-10 16:08:16 - [TEST_STEP][PASSED] - Start listener action : skipStatus: null

2023-02-10 16:08:16 - [TEST_STEP][PASSED] - map = testCaseContext.getTestCaseVariables(): null

2023-02-10 16:08:16 - [TEST_STEP][PASSED] - testcae_status = map.get("testcase_status"): null

2023-02-10 16:08:16 - [TEST_STEP][PASSED] - if (testcae_status == "Passed" || testcae_status == "Failed"): null

2023-02-10 16:08:16 - [TEST_STEP][PASSED] - testCaseContext.skipThisTestCase(): null]]></system-out>
         <system-err><![CDATA[]]></system-err>
      </testcase>
      <testcase name="Test Cases/Shopify/CreateStore" time="0.016" classname="Test Cases/Shopify/CreateStore" status="SKIPPED">
         <system-out><![CDATA[2023-02-10 16:08:16 - [TEST_CASE][SKIPPED] - Test Cases/Shopify/CreateStore: 

2023-02-10 16:08:16 - [TEST_STEP][PASSED] - Start listener action : skipStatus: null

2023-02-10 16:08:16 - [TEST_STEP][PASSED] - map = testCaseContext.getTestCaseVariables(): null

2023-02-10 16:08:16 - [TEST_STEP][PASSED] - testcae_status = map.get("testcase_status"): null

2023-02-10 16:08:16 - [TEST_STEP][PASSED] - if (testcae_status == "Passed" || testcae_status == "Failed"): null

2023-02-10 16:08:16 - [TEST_STEP][PASSED] - testCaseContext.skipThisTestCase(): null]]></system-out>
         <system-err><![CDATA[]]></system-err>
      </testcase>
      <testcase name="Test Cases/Shopify/CreateStore" time="0.0" classname="Test Cases/Shopify/CreateStore" status="SKIPPED">
         <system-out><![CDATA[2023-02-10 16:08:16 - [TEST_CASE][SKIPPED] - Test Cases/Shopify/CreateStore: 

2023-02-10 16:08:16 - [TEST_STEP][PASSED] - Start listener action : skipStatus: null

2023-02-10 16:08:16 - [TEST_STEP][PASSED] - map = testCaseContext.getTestCaseVariables(): null

2023-02-10 16:08:16 - [TEST_STEP][PASSED] - testcae_status = map.get("testcase_status"): null

2023-02-10 16:08:16 - [TEST_STEP][PASSED] - if (testcae_status == "Passed" || testcae_status == "Failed"): null

2023-02-10 16:08:16 - [TEST_STEP][PASSED] - testCaseContext.skipThisTestCase(): null]]></system-out>
         <system-err><![CDATA[]]></system-err>
      </testcase>
      <testcase name="Test Cases/Shopify/CreateStore" time="0.016" classname="Test Cases/Shopify/CreateStore" status="SKIPPED">
         <system-out><![CDATA[2023-02-10 16:08:16 - [TEST_CASE][SKIPPED] - Test Cases/Shopify/CreateStore: 

2023-02-10 16:08:16 - [TEST_STEP][PASSED] - Start listener action : skipStatus: null

2023-02-10 16:08:16 - [TEST_STEP][PASSED] - map = testCaseContext.getTestCaseVariables(): null

2023-02-10 16:08:16 - [TEST_STEP][PASSED] - testcae_status = map.get("testcase_status"): null

2023-02-10 16:08:16 - [TEST_STEP][PASSED] - if (testcae_status == "Passed" || testcae_status == "Failed"): null

2023-02-10 16:08:16 - [TEST_STEP][PASSED] - testCaseContext.skipThisTestCase(): null]]></system-out>
         <system-err><![CDATA[]]></system-err>
      </testcase>
      <testcase name="Test Cases/Shopify/CreateStore" time="0.016" classname="Test Cases/Shopify/CreateStore" status="SKIPPED">
         <system-out><![CDATA[2023-02-10 16:08:16 - [TEST_CASE][SKIPPED] - Test Cases/Shopify/CreateStore: 

2023-02-10 16:08:16 - [TEST_STEP][PASSED] - Start listener action : skipStatus: null

2023-02-10 16:08:16 - [TEST_STEP][PASSED] - map = testCaseContext.getTestCaseVariables(): null

2023-02-10 16:08:16 - [TEST_STEP][PASSED] - testcae_status = map.get("testcase_status"): null

2023-02-10 16:08:16 - [TEST_STEP][PASSED] - if (testcae_status == "Passed" || testcae_status == "Failed"): null

2023-02-10 16:08:16 - [TEST_STEP][PASSED] - testCaseContext.skipThisTestCase(): null]]></system-out>
         <system-err><![CDATA[]]></system-err>
      </testcase>
      <testcase name="Test Cases/Shopify/CreateStore" time="0.016" classname="Test Cases/Shopify/CreateStore" status="SKIPPED">
         <system-out><![CDATA[2023-02-10 16:08:16 - [TEST_CASE][SKIPPED] - Test Cases/Shopify/CreateStore: 

2023-02-10 16:08:16 - [TEST_STEP][PASSED] - Start listener action : skipStatus: null

2023-02-10 16:08:16 - [TEST_STEP][PASSED] - map = testCaseContext.getTestCaseVariables(): null

2023-02-10 16:08:16 - [TEST_STEP][PASSED] - testcae_status = map.get("testcase_status"): null

2023-02-10 16:08:16 - [TEST_STEP][PASSED] - if (testcae_status == "Passed" || testcae_status == "Failed"): null

2023-02-10 16:08:16 - [TEST_STEP][PASSED] - testCaseContext.skipThisTestCase(): null]]></system-out>
         <system-err><![CDATA[]]></system-err>
      </testcase>
      <testcase name="Test Cases/Shopify/CreateStore" time="0.0" classname="Test Cases/Shopify/CreateStore" status="SKIPPED">
         <system-out><![CDATA[2023-02-10 16:08:16 - [TEST_CASE][SKIPPED] - Test Cases/Shopify/CreateStore: 

2023-02-10 16:08:16 - [TEST_STEP][PASSED] - Start listener action : skipStatus: null

2023-02-10 16:08:16 - [TEST_STEP][PASSED] - map = testCaseContext.getTestCaseVariables(): null

2023-02-10 16:08:16 - [TEST_STEP][PASSED] - testcae_status = map.get("testcase_status"): null

2023-02-10 16:08:16 - [TEST_STEP][PASSED] - if (testcae_status == "Passed" || testcae_status == "Failed"): null

2023-02-10 16:08:16 - [TEST_STEP][PASSED] - testCaseContext.skipThisTestCase(): null]]></system-out>
         <system-err><![CDATA[]]></system-err>
      </testcase>
      <testcase name="Test Cases/Shopify/CreateStore" time="0.011" classname="Test Cases/Shopify/CreateStore" status="SKIPPED">
         <system-out><![CDATA[2023-02-10 16:08:16 - [TEST_CASE][SKIPPED] - Test Cases/Shopify/CreateStore: 

2023-02-10 16:08:16 - [TEST_STEP][PASSED] - Start listener action : skipStatus: null

2023-02-10 16:08:16 - [TEST_STEP][PASSED] - map = testCaseContext.getTestCaseVariables(): null

2023-02-10 16:08:16 - [TEST_STEP][PASSED] - testcae_status = map.get("testcase_status"): null

2023-02-10 16:08:16 - [TEST_STEP][PASSED] - if (testcae_status == "Passed" || testcae_status == "Failed"): null

2023-02-10 16:08:16 - [TEST_STEP][PASSED] - testCaseContext.skipThisTestCase(): null]]></system-out>
         <system-err><![CDATA[]]></system-err>
      </testcase>
      <testcase name="Test Cases/Shopify/CreateStore" time="0.016" classname="Test Cases/Shopify/CreateStore" status="SKIPPED">
         <system-out><![CDATA[2023-02-10 16:08:16 - [TEST_CASE][SKIPPED] - Test Cases/Shopify/CreateStore: 

2023-02-10 16:08:16 - [TEST_STEP][PASSED] - Start listener action : skipStatus: null

2023-02-10 16:08:16 - [TEST_STEP][PASSED] - map = testCaseContext.getTestCaseVariables(): null

2023-02-10 16:08:16 - [TEST_STEP][PASSED] - testcae_status = map.get("testcase_status"): null

2023-02-10 16:08:16 - [TEST_STEP][PASSED] - if (testcae_status == "Passed" || testcae_status == "Failed"): null

2023-02-10 16:08:16 - [TEST_STEP][PASSED] - testCaseContext.skipThisTestCase(): null]]></system-out>
         <system-err><![CDATA[]]></system-err>
      </testcase>
      <testcase name="Test Cases/Shopify/CreateStore" time="0.0" classname="Test Cases/Shopify/CreateStore" status="SKIPPED">
         <system-out><![CDATA[2023-02-10 16:08:16 - [TEST_CASE][SKIPPED] - Test Cases/Shopify/CreateStore: 

2023-02-10 16:08:16 - [TEST_STEP][PASSED] - Start listener action : skipStatus: null

2023-02-10 16:08:16 - [TEST_STEP][PASSED] - map = testCaseContext.getTestCaseVariables(): null

2023-02-10 16:08:16 - [TEST_STEP][PASSED] - testcae_status = map.get("testcase_status"): null

2023-02-10 16:08:16 - [TEST_STEP][PASSED] - if (testcae_status == "Passed" || testcae_status == "Failed"): null

2023-02-10 16:08:16 - [TEST_STEP][PASSED] - testCaseContext.skipThisTestCase(): null]]></system-out>
         <system-err><![CDATA[]]></system-err>
      </testcase>
      <testcase name="Test Cases/Shopify/CreateStore" time="0.0" classname="Test Cases/Shopify/CreateStore" status="SKIPPED">
         <system-out><![CDATA[2023-02-10 16:08:16 - [TEST_CASE][SKIPPED] - Test Cases/Shopify/CreateStore: 

2023-02-10 16:08:16 - [TEST_STEP][PASSED] - Start listener action : skipStatus: null

2023-02-10 16:08:16 - [TEST_STEP][PASSED] - map = testCaseContext.getTestCaseVariables(): null

2023-02-10 16:08:16 - [TEST_STEP][PASSED] - testcae_status = map.get("testcase_status"): null

2023-02-10 16:08:16 - [TEST_STEP][PASSED] - if (testcae_status == "Passed" || testcae_status == "Failed"): null

2023-02-10 16:08:16 - [TEST_STEP][PASSED] - testCaseContext.skipThisTestCase(): null]]></system-out>
         <system-err><![CDATA[]]></system-err>
      </testcase>
      <testcase name="Test Cases/Shopify/CreateStore" time="0.016" classname="Test Cases/Shopify/CreateStore" status="SKIPPED">
         <system-out><![CDATA[2023-02-10 16:08:16 - [TEST_CASE][SKIPPED] - Test Cases/Shopify/CreateStore: 

2023-02-10 16:08:16 - [TEST_STEP][PASSED] - Start listener action : skipStatus: null

2023-02-10 16:08:16 - [TEST_STEP][PASSED] - map = testCaseContext.getTestCaseVariables(): null

2023-02-10 16:08:16 - [TEST_STEP][PASSED] - testcae_status = map.get("testcase_status"): null

2023-02-10 16:08:16 - [TEST_STEP][PASSED] - if (testcae_status == "Passed" || testcae_status == "Failed"): null

2023-02-10 16:08:16 - [TEST_STEP][PASSED] - testCaseContext.skipThisTestCase(): null]]></system-out>
         <system-err><![CDATA[]]></system-err>
      </testcase>
      <testcase name="Test Cases/Shopify/CreateStore" time="0.0" classname="Test Cases/Shopify/CreateStore" status="SKIPPED">
         <system-out><![CDATA[2023-02-10 16:08:17 - [TEST_CASE][SKIPPED] - Test Cases/Shopify/CreateStore: 

2023-02-10 16:08:17 - [TEST_STEP][PASSED] - Start listener action : skipStatus: null

2023-02-10 16:08:17 - [TEST_STEP][PASSED] - map = testCaseContext.getTestCaseVariables(): null

2023-02-10 16:08:17 - [TEST_STEP][PASSED] - testcae_status = map.get("testcase_status"): null

2023-02-10 16:08:17 - [TEST_STEP][PASSED] - if (testcae_status == "Passed" || testcae_status == "Failed"): null

2023-02-10 16:08:17 - [TEST_STEP][PASSED] - testCaseContext.skipThisTestCase(): null]]></system-out>
         <system-err><![CDATA[]]></system-err>
      </testcase>
      <testcase name="Test Cases/Shopify/CreateStore" time="0.0" classname="Test Cases/Shopify/CreateStore" status="SKIPPED">
         <system-out><![CDATA[2023-02-10 16:08:17 - [TEST_CASE][SKIPPED] - Test Cases/Shopify/CreateStore: 

2023-02-10 16:08:17 - [TEST_STEP][PASSED] - Start listener action : skipStatus: null

2023-02-10 16:08:17 - [TEST_STEP][PASSED] - map = testCaseContext.getTestCaseVariables(): null

2023-02-10 16:08:17 - [TEST_STEP][PASSED] - testcae_status = map.get("testcase_status"): null

2023-02-10 16:08:17 - [TEST_STEP][PASSED] - if (testcae_status == "Passed" || testcae_status == "Failed"): null

2023-02-10 16:08:17 - [TEST_STEP][PASSED] - testCaseContext.skipThisTestCase(): null]]></system-out>
         <system-err><![CDATA[]]></system-err>
      </testcase>
      <testcase name="Test Cases/Shopify/CreateStore" time="0.016" classname="Test Cases/Shopify/CreateStore" status="SKIPPED">
         <system-out><![CDATA[2023-02-10 16:08:17 - [TEST_CASE][SKIPPED] - Test Cases/Shopify/CreateStore: 

2023-02-10 16:08:17 - [TEST_STEP][PASSED] - Start listener action : skipStatus: null

2023-02-10 16:08:17 - [TEST_STEP][PASSED] - map = testCaseContext.getTestCaseVariables(): null

2023-02-10 16:08:17 - [TEST_STEP][PASSED] - testcae_status = map.get("testcase_status"): null

2023-02-10 16:08:17 - [TEST_STEP][PASSED] - if (testcae_status == "Passed" || testcae_status == "Failed"): null

2023-02-10 16:08:17 - [TEST_STEP][PASSED] - testCaseContext.skipThisTestCase(): null]]></system-out>
         <system-err><![CDATA[]]></system-err>
      </testcase>
      <testcase name="Test Cases/Shopify/CreateStore" time="0.0" classname="Test Cases/Shopify/CreateStore" status="SKIPPED">
         <system-out><![CDATA[2023-02-10 16:08:17 - [TEST_CASE][SKIPPED] - Test Cases/Shopify/CreateStore: 

2023-02-10 16:08:17 - [TEST_STEP][PASSED] - Start listener action : skipStatus: null

2023-02-10 16:08:17 - [TEST_STEP][PASSED] - map = testCaseContext.getTestCaseVariables(): null

2023-02-10 16:08:17 - [TEST_STEP][PASSED] - testcae_status = map.get("testcase_status"): null

2023-02-10 16:08:17 - [TEST_STEP][PASSED] - if (testcae_status == "Passed" || testcae_status == "Failed"): null

2023-02-10 16:08:17 - [TEST_STEP][PASSED] - testCaseContext.skipThisTestCase(): null]]></system-out>
         <system-err><![CDATA[]]></system-err>
      </testcase>
      <testcase name="Test Cases/Shopify/CreateStore" time="0.017" classname="Test Cases/Shopify/CreateStore" status="SKIPPED">
         <system-out><![CDATA[2023-02-10 16:08:17 - [TEST_CASE][SKIPPED] - Test Cases/Shopify/CreateStore: 

2023-02-10 16:08:17 - [TEST_STEP][PASSED] - Start listener action : skipStatus: null

2023-02-10 16:08:17 - [TEST_STEP][PASSED] - map = testCaseContext.getTestCaseVariables(): null

2023-02-10 16:08:17 - [TEST_STEP][PASSED] - testcae_status = map.get("testcase_status"): null

2023-02-10 16:08:17 - [TEST_STEP][PASSED] - if (testcae_status == "Passed" || testcae_status == "Failed"): null

2023-02-10 16:08:17 - [TEST_STEP][PASSED] - testCaseContext.skipThisTestCase(): null]]></system-out>
         <system-err><![CDATA[]]></system-err>
      </testcase>
      <testcase name="Test Cases/Shopify/CreateStore" time="0.0" classname="Test Cases/Shopify/CreateStore" status="SKIPPED">
         <system-out><![CDATA[2023-02-10 16:08:17 - [TEST_CASE][SKIPPED] - Test Cases/Shopify/CreateStore: 

2023-02-10 16:08:17 - [TEST_STEP][PASSED] - Start listener action : skipStatus: null

2023-02-10 16:08:17 - [TEST_STEP][PASSED] - map = testCaseContext.getTestCaseVariables(): null

2023-02-10 16:08:17 - [TEST_STEP][PASSED] - testcae_status = map.get("testcase_status"): null

2023-02-10 16:08:17 - [TEST_STEP][PASSED] - if (testcae_status == "Passed" || testcae_status == "Failed"): null

2023-02-10 16:08:17 - [TEST_STEP][PASSED] - testCaseContext.skipThisTestCase(): null]]></system-out>
         <system-err><![CDATA[]]></system-err>
      </testcase>
      <testcase name="Test Cases/Shopify/CreateStore" time="0.015" classname="Test Cases/Shopify/CreateStore" status="SKIPPED">
         <system-out><![CDATA[2023-02-10 16:08:17 - [TEST_CASE][SKIPPED] - Test Cases/Shopify/CreateStore: 

2023-02-10 16:08:17 - [TEST_STEP][PASSED] - Start listener action : skipStatus: null

2023-02-10 16:08:17 - [TEST_STEP][PASSED] - map = testCaseContext.getTestCaseVariables(): null

2023-02-10 16:08:17 - [TEST_STEP][PASSED] - testcae_status = map.get("testcase_status"): null

2023-02-10 16:08:17 - [TEST_STEP][PASSED] - if (testcae_status == "Passed" || testcae_status == "Failed"): null

2023-02-10 16:08:17 - [TEST_STEP][PASSED] - testCaseContext.skipThisTestCase(): null]]></system-out>
         <system-err><![CDATA[]]></system-err>
      </testcase>
      <testcase name="Test Cases/Shopify/CreateStore" time="0.0" classname="Test Cases/Shopify/CreateStore" status="SKIPPED">
         <system-out><![CDATA[2023-02-10 16:08:17 - [TEST_CASE][SKIPPED] - Test Cases/Shopify/CreateStore: 

2023-02-10 16:08:17 - [TEST_STEP][PASSED] - Start listener action : skipStatus: null

2023-02-10 16:08:17 - [TEST_STEP][PASSED] - map = testCaseContext.getTestCaseVariables(): null

2023-02-10 16:08:17 - [TEST_STEP][PASSED] - testcae_status = map.get("testcase_status"): null

2023-02-10 16:08:17 - [TEST_STEP][PASSED] - if (testcae_status == "Passed" || testcae_status == "Failed"): null

2023-02-10 16:08:17 - [TEST_STEP][PASSED] - testCaseContext.skipThisTestCase(): null]]></system-out>
         <system-err><![CDATA[]]></system-err>
      </testcase>
      <testcase name="Test Cases/Shopify/CreateStore" time="0.0" classname="Test Cases/Shopify/CreateStore" status="SKIPPED">
         <system-out><![CDATA[2023-02-10 16:08:17 - [TEST_CASE][SKIPPED] - Test Cases/Shopify/CreateStore: 

2023-02-10 16:08:17 - [TEST_STEP][PASSED] - Start listener action : skipStatus: null

2023-02-10 16:08:17 - [TEST_STEP][PASSED] - map = testCaseContext.getTestCaseVariables(): null

2023-02-10 16:08:17 - [TEST_STEP][PASSED] - testcae_status = map.get("testcase_status"): null

2023-02-10 16:08:17 - [TEST_STEP][PASSED] - if (testcae_status == "Passed" || testcae_status == "Failed"): null

2023-02-10 16:08:17 - [TEST_STEP][PASSED] - testCaseContext.skipThisTestCase(): null]]></system-out>
         <system-err><![CDATA[]]></system-err>
      </testcase>
      <testcase name="Test Cases/Shopify/CreateStore" time="0.0" classname="Test Cases/Shopify/CreateStore" status="SKIPPED">
         <system-out><![CDATA[2023-02-10 16:08:17 - [TEST_CASE][SKIPPED] - Test Cases/Shopify/CreateStore: 

2023-02-10 16:08:17 - [TEST_STEP][PASSED] - Start listener action : skipStatus: null

2023-02-10 16:08:17 - [TEST_STEP][PASSED] - map = testCaseContext.getTestCaseVariables(): null

2023-02-10 16:08:17 - [TEST_STEP][PASSED] - testcae_status = map.get("testcase_status"): null

2023-02-10 16:08:17 - [TEST_STEP][PASSED] - if (testcae_status == "Passed" || testcae_status == "Failed"): null

2023-02-10 16:08:17 - [TEST_STEP][PASSED] - testCaseContext.skipThisTestCase(): null]]></system-out>
         <system-err><![CDATA[]]></system-err>
      </testcase>
      <testcase name="Test Cases/Shopify/CreateStore" time="0.0" classname="Test Cases/Shopify/CreateStore" status="SKIPPED">
         <system-out><![CDATA[2023-02-10 16:08:17 - [TEST_CASE][SKIPPED] - Test Cases/Shopify/CreateStore: 

2023-02-10 16:08:17 - [TEST_STEP][PASSED] - Start listener action : skipStatus: null

2023-02-10 16:08:17 - [TEST_STEP][PASSED] - map = testCaseContext.getTestCaseVariables(): null

2023-02-10 16:08:17 - [TEST_STEP][PASSED] - testcae_status = map.get("testcase_status"): null

2023-02-10 16:08:17 - [TEST_STEP][PASSED] - if (testcae_status == "Passed" || testcae_status == "Failed"): null

2023-02-10 16:08:17 - [TEST_STEP][PASSED] - testCaseContext.skipThisTestCase(): null]]></system-out>
         <system-err><![CDATA[]]></system-err>
      </testcase>
      <testcase name="Test Cases/Shopify/CreateStore" time="0.016" classname="Test Cases/Shopify/CreateStore" status="SKIPPED">
         <system-out><![CDATA[2023-02-10 16:08:17 - [TEST_CASE][SKIPPED] - Test Cases/Shopify/CreateStore: 

2023-02-10 16:08:17 - [TEST_STEP][PASSED] - Start listener action : skipStatus: null

2023-02-10 16:08:17 - [TEST_STEP][PASSED] - map = testCaseContext.getTestCaseVariables(): null

2023-02-10 16:08:17 - [TEST_STEP][PASSED] - testcae_status = map.get("testcase_status"): null

2023-02-10 16:08:17 - [TEST_STEP][PASSED] - if (testcae_status == "Passed" || testcae_status == "Failed"): null

2023-02-10 16:08:17 - [TEST_STEP][PASSED] - testCaseContext.skipThisTestCase(): null]]></system-out>
         <system-err><![CDATA[]]></system-err>
      </testcase>
      <testcase name="Test Cases/Shopify/CreateStore" time="0.0" classname="Test Cases/Shopify/CreateStore" status="SKIPPED">
         <system-out><![CDATA[2023-02-10 16:08:17 - [TEST_CASE][SKIPPED] - Test Cases/Shopify/CreateStore: 

2023-02-10 16:08:17 - [TEST_STEP][PASSED] - Start listener action : skipStatus: null

2023-02-10 16:08:17 - [TEST_STEP][PASSED] - map = testCaseContext.getTestCaseVariables(): null

2023-02-10 16:08:17 - [TEST_STEP][PASSED] - testcae_status = map.get("testcase_status"): null

2023-02-10 16:08:17 - [TEST_STEP][PASSED] - if (testcae_status == "Passed" || testcae_status == "Failed"): null

2023-02-10 16:08:17 - [TEST_STEP][PASSED] - testCaseContext.skipThisTestCase(): null]]></system-out>
         <system-err><![CDATA[]]></system-err>
      </testcase>
      <testcase name="Test Cases/Shopify/CreateStore" time="0.016" classname="Test Cases/Shopify/CreateStore" status="SKIPPED">
         <system-out><![CDATA[2023-02-10 16:08:17 - [TEST_CASE][SKIPPED] - Test Cases/Shopify/CreateStore: 

2023-02-10 16:08:17 - [TEST_STEP][PASSED] - Start listener action : skipStatus: null

2023-02-10 16:08:17 - [TEST_STEP][PASSED] - map = testCaseContext.getTestCaseVariables(): null

2023-02-10 16:08:17 - [TEST_STEP][PASSED] - testcae_status = map.get("testcase_status"): null

2023-02-10 16:08:17 - [TEST_STEP][PASSED] - if (testcae_status == "Passed" || testcae_status == "Failed"): null

2023-02-10 16:08:17 - [TEST_STEP][PASSED] - testCaseContext.skipThisTestCase(): null]]></system-out>
         <system-err><![CDATA[]]></system-err>
      </testcase>
      <testcase name="Test Cases/Shopify/CreateStore" time="0.0" classname="Test Cases/Shopify/CreateStore" status="SKIPPED">
         <system-out><![CDATA[2023-02-10 16:08:17 - [TEST_CASE][SKIPPED] - Test Cases/Shopify/CreateStore: 

2023-02-10 16:08:17 - [TEST_STEP][PASSED] - Start listener action : skipStatus: null

2023-02-10 16:08:17 - [TEST_STEP][PASSED] - map = testCaseContext.getTestCaseVariables(): null

2023-02-10 16:08:17 - [TEST_STEP][PASSED] - testcae_status = map.get("testcase_status"): null

2023-02-10 16:08:17 - [TEST_STEP][PASSED] - if (testcae_status == "Passed" || testcae_status == "Failed"): null

2023-02-10 16:08:17 - [TEST_STEP][PASSED] - testCaseContext.skipThisTestCase(): null]]></system-out>
         <system-err><![CDATA[]]></system-err>
      </testcase>
      <testcase name="Test Cases/Shopify/CreateStore" time="0.0" classname="Test Cases/Shopify/CreateStore" status="SKIPPED">
         <system-out><![CDATA[2023-02-10 16:08:17 - [TEST_CASE][SKIPPED] - Test Cases/Shopify/CreateStore: 

2023-02-10 16:08:17 - [TEST_STEP][PASSED] - Start listener action : skipStatus: null

2023-02-10 16:08:17 - [TEST_STEP][PASSED] - map = testCaseContext.getTestCaseVariables(): null

2023-02-10 16:08:17 - [TEST_STEP][PASSED] - testcae_status = map.get("testcase_status"): null

2023-02-10 16:08:17 - [TEST_STEP][PASSED] - if (testcae_status == "Passed" || testcae_status == "Failed"): null

2023-02-10 16:08:17 - [TEST_STEP][PASSED] - testCaseContext.skipThisTestCase(): null]]></system-out>
         <system-err><![CDATA[]]></system-err>
      </testcase>
      <testcase name="Test Cases/Shopify/CreateStore" time="0.016" classname="Test Cases/Shopify/CreateStore" status="SKIPPED">
         <system-out><![CDATA[2023-02-10 16:08:17 - [TEST_CASE][SKIPPED] - Test Cases/Shopify/CreateStore: 

2023-02-10 16:08:17 - [TEST_STEP][PASSED] - Start listener action : skipStatus: null

2023-02-10 16:08:17 - [TEST_STEP][PASSED] - map = testCaseContext.getTestCaseVariables(): null

2023-02-10 16:08:17 - [TEST_STEP][PASSED] - testcae_status = map.get("testcase_status"): null

2023-02-10 16:08:17 - [TEST_STEP][PASSED] - if (testcae_status == "Passed" || testcae_status == "Failed"): null

2023-02-10 16:08:17 - [TEST_STEP][PASSED] - testCaseContext.skipThisTestCase(): null]]></system-out>
         <system-err><![CDATA[]]></system-err>
      </testcase>
      <testcase name="Test Cases/Shopify/CreateStore" time="0.0" classname="Test Cases/Shopify/CreateStore" status="SKIPPED">
         <system-out><![CDATA[2023-02-10 16:08:17 - [TEST_CASE][SKIPPED] - Test Cases/Shopify/CreateStore: 

2023-02-10 16:08:17 - [TEST_STEP][PASSED] - Start listener action : skipStatus: null

2023-02-10 16:08:17 - [TEST_STEP][PASSED] - map = testCaseContext.getTestCaseVariables(): null

2023-02-10 16:08:17 - [TEST_STEP][PASSED] - testcae_status = map.get("testcase_status"): null

2023-02-10 16:08:17 - [TEST_STEP][PASSED] - if (testcae_status == "Passed" || testcae_status == "Failed"): null

2023-02-10 16:08:17 - [TEST_STEP][PASSED] - testCaseContext.skipThisTestCase(): null]]></system-out>
         <system-err><![CDATA[]]></system-err>
      </testcase>
      <testcase name="Test Cases/Shopify/CreateStore" time="0.016" classname="Test Cases/Shopify/CreateStore" status="SKIPPED">
         <system-out><![CDATA[2023-02-10 16:08:17 - [TEST_CASE][SKIPPED] - Test Cases/Shopify/CreateStore: 

2023-02-10 16:08:17 - [TEST_STEP][PASSED] - Start listener action : skipStatus: null

2023-02-10 16:08:17 - [TEST_STEP][PASSED] - map = testCaseContext.getTestCaseVariables(): null

2023-02-10 16:08:17 - [TEST_STEP][PASSED] - testcae_status = map.get("testcase_status"): null

2023-02-10 16:08:17 - [TEST_STEP][PASSED] - if (testcae_status == "Passed" || testcae_status == "Failed"): null

2023-02-10 16:08:17 - [TEST_STEP][PASSED] - testCaseContext.skipThisTestCase(): null]]></system-out>
         <system-err><![CDATA[]]></system-err>
      </testcase>
      <testcase name="Test Cases/Shopify/CreateStore" time="0.016" classname="Test Cases/Shopify/CreateStore" status="SKIPPED">
         <system-out><![CDATA[2023-02-10 16:08:17 - [TEST_CASE][SKIPPED] - Test Cases/Shopify/CreateStore: 

2023-02-10 16:08:17 - [TEST_STEP][PASSED] - Start listener action : skipStatus: null

2023-02-10 16:08:17 - [TEST_STEP][PASSED] - map = testCaseContext.getTestCaseVariables(): null

2023-02-10 16:08:17 - [TEST_STEP][PASSED] - testcae_status = map.get("testcase_status"): null

2023-02-10 16:08:17 - [TEST_STEP][PASSED] - if (testcae_status == "Passed" || testcae_status == "Failed"): null

2023-02-10 16:08:17 - [TEST_STEP][PASSED] - testCaseContext.skipThisTestCase(): null]]></system-out>
         <system-err><![CDATA[]]></system-err>
      </testcase>
      <testcase name="Test Cases/Shopify/CreateStore" time="0.006" classname="Test Cases/Shopify/CreateStore" status="SKIPPED">
         <system-out><![CDATA[2023-02-10 16:08:17 - [TEST_CASE][SKIPPED] - Test Cases/Shopify/CreateStore: 

2023-02-10 16:08:17 - [TEST_STEP][PASSED] - Start listener action : skipStatus: null

2023-02-10 16:08:17 - [TEST_STEP][PASSED] - map = testCaseContext.getTestCaseVariables(): null

2023-02-10 16:08:17 - [TEST_STEP][PASSED] - testcae_status = map.get("testcase_status"): null

2023-02-10 16:08:17 - [TEST_STEP][PASSED] - if (testcae_status == "Passed" || testcae_status == "Failed"): null

2023-02-10 16:08:17 - [TEST_STEP][PASSED] - testCaseContext.skipThisTestCase(): null]]></system-out>
         <system-err><![CDATA[]]></system-err>
      </testcase>
      <testcase name="Test Cases/Shopify/CreateStore" time="0.016" classname="Test Cases/Shopify/CreateStore" status="SKIPPED">
         <system-out><![CDATA[2023-02-10 16:08:17 - [TEST_CASE][SKIPPED] - Test Cases/Shopify/CreateStore: 

2023-02-10 16:08:17 - [TEST_STEP][PASSED] - Start listener action : skipStatus: null

2023-02-10 16:08:17 - [TEST_STEP][PASSED] - map = testCaseContext.getTestCaseVariables(): null

2023-02-10 16:08:17 - [TEST_STEP][PASSED] - testcae_status = map.get("testcase_status"): null

2023-02-10 16:08:17 - [TEST_STEP][PASSED] - if (testcae_status == "Passed" || testcae_status == "Failed"): null

2023-02-10 16:08:17 - [TEST_STEP][PASSED] - testCaseContext.skipThisTestCase(): null]]></system-out>
         <system-err><![CDATA[]]></system-err>
      </testcase>
      <testcase name="Test Cases/Shopify/CreateStore" time="0.016" classname="Test Cases/Shopify/CreateStore" status="SKIPPED">
         <system-out><![CDATA[2023-02-10 16:08:17 - [TEST_CASE][SKIPPED] - Test Cases/Shopify/CreateStore: 

2023-02-10 16:08:17 - [TEST_STEP][PASSED] - Start listener action : skipStatus: null

2023-02-10 16:08:17 - [TEST_STEP][PASSED] - map = testCaseContext.getTestCaseVariables(): null

2023-02-10 16:08:17 - [TEST_STEP][PASSED] - testcae_status = map.get("testcase_status"): null

2023-02-10 16:08:17 - [TEST_STEP][PASSED] - if (testcae_status == "Passed" || testcae_status == "Failed"): null

2023-02-10 16:08:17 - [TEST_STEP][PASSED] - testCaseContext.skipThisTestCase(): null]]></system-out>
         <system-err><![CDATA[]]></system-err>
      </testcase>
      <testcase name="Test Cases/Shopify/CreateStore" time="0.0" classname="Test Cases/Shopify/CreateStore" status="SKIPPED">
         <system-out><![CDATA[2023-02-10 16:08:18 - [TEST_CASE][SKIPPED] - Test Cases/Shopify/CreateStore: 

2023-02-10 16:08:18 - [TEST_STEP][PASSED] - Start listener action : skipStatus: null

2023-02-10 16:08:18 - [TEST_STEP][PASSED] - map = testCaseContext.getTestCaseVariables(): null

2023-02-10 16:08:18 - [TEST_STEP][PASSED] - testcae_status = map.get("testcase_status"): null

2023-02-10 16:08:18 - [TEST_STEP][PASSED] - if (testcae_status == "Passed" || testcae_status == "Failed"): null

2023-02-10 16:08:18 - [TEST_STEP][PASSED] - testCaseContext.skipThisTestCase(): null]]></system-out>
         <system-err><![CDATA[]]></system-err>
      </testcase>
      <testcase name="Test Cases/Shopify/CreateStore" time="0.016" classname="Test Cases/Shopify/CreateStore" status="SKIPPED">
         <system-out><![CDATA[2023-02-10 16:08:18 - [TEST_CASE][SKIPPED] - Test Cases/Shopify/CreateStore: 

2023-02-10 16:08:18 - [TEST_STEP][PASSED] - Start listener action : skipStatus: null

2023-02-10 16:08:18 - [TEST_STEP][PASSED] - map = testCaseContext.getTestCaseVariables(): null

2023-02-10 16:08:18 - [TEST_STEP][PASSED] - testcae_status = map.get("testcase_status"): null

2023-02-10 16:08:18 - [TEST_STEP][PASSED] - if (testcae_status == "Passed" || testcae_status == "Failed"): null

2023-02-10 16:08:18 - [TEST_STEP][PASSED] - testCaseContext.skipThisTestCase(): null]]></system-out>
         <system-err><![CDATA[]]></system-err>
      </testcase>
      <testcase name="Test Cases/Shopify/CreateStore" time="0.0" classname="Test Cases/Shopify/CreateStore" status="SKIPPED">
         <system-out><![CDATA[2023-02-10 16:08:18 - [TEST_CASE][SKIPPED] - Test Cases/Shopify/CreateStore: 

2023-02-10 16:08:18 - [TEST_STEP][PASSED] - Start listener action : skipStatus: null

2023-02-10 16:08:18 - [TEST_STEP][PASSED] - map = testCaseContext.getTestCaseVariables(): null

2023-02-10 16:08:18 - [TEST_STEP][PASSED] - testcae_status = map.get("testcase_status"): null

2023-02-10 16:08:18 - [TEST_STEP][PASSED] - if (testcae_status == "Passed" || testcae_status == "Failed"): null

2023-02-10 16:08:18 - [TEST_STEP][PASSED] - testCaseContext.skipThisTestCase(): null]]></system-out>
         <system-err><![CDATA[]]></system-err>
      </testcase>
      <testcase name="Test Cases/Shopify/CreateStore" time="0.016" classname="Test Cases/Shopify/CreateStore" status="SKIPPED">
         <system-out><![CDATA[2023-02-10 16:08:18 - [TEST_CASE][SKIPPED] - Test Cases/Shopify/CreateStore: 

2023-02-10 16:08:18 - [TEST_STEP][PASSED] - Start listener action : skipStatus: null

2023-02-10 16:08:18 - [TEST_STEP][PASSED] - map = testCaseContext.getTestCaseVariables(): null

2023-02-10 16:08:18 - [TEST_STEP][PASSED] - testcae_status = map.get("testcase_status"): null

2023-02-10 16:08:18 - [TEST_STEP][PASSED] - if (testcae_status == "Passed" || testcae_status == "Failed"): null

2023-02-10 16:08:18 - [TEST_STEP][PASSED] - testCaseContext.skipThisTestCase(): null]]></system-out>
         <system-err><![CDATA[]]></system-err>
      </testcase>
      <testcase name="Test Cases/Shopify/CreateStore" time="0.014" classname="Test Cases/Shopify/CreateStore" status="SKIPPED">
         <system-out><![CDATA[2023-02-10 16:08:18 - [TEST_CASE][SKIPPED] - Test Cases/Shopify/CreateStore: 

2023-02-10 16:08:18 - [TEST_STEP][PASSED] - Start listener action : skipStatus: null

2023-02-10 16:08:18 - [TEST_STEP][PASSED] - map = testCaseContext.getTestCaseVariables(): null

2023-02-10 16:08:18 - [TEST_STEP][PASSED] - testcae_status = map.get("testcase_status"): null

2023-02-10 16:08:18 - [TEST_STEP][PASSED] - if (testcae_status == "Passed" || testcae_status == "Failed"): null

2023-02-10 16:08:18 - [TEST_STEP][PASSED] - testCaseContext.skipThisTestCase(): null]]></system-out>
         <system-err><![CDATA[]]></system-err>
      </testcase>
      <testcase name="Test Cases/Shopify/CreateStore" time="0.007" classname="Test Cases/Shopify/CreateStore" status="SKIPPED">
         <system-out><![CDATA[2023-02-10 16:08:18 - [TEST_CASE][SKIPPED] - Test Cases/Shopify/CreateStore: 

2023-02-10 16:08:18 - [TEST_STEP][PASSED] - Start listener action : skipStatus: null

2023-02-10 16:08:18 - [TEST_STEP][PASSED] - map = testCaseContext.getTestCaseVariables(): null

2023-02-10 16:08:18 - [TEST_STEP][PASSED] - testcae_status = map.get("testcase_status"): null

2023-02-10 16:08:18 - [TEST_STEP][PASSED] - if (testcae_status == "Passed" || testcae_status == "Failed"): null

2023-02-10 16:08:18 - [TEST_STEP][PASSED] - testCaseContext.skipThisTestCase(): null]]></system-out>
         <system-err><![CDATA[]]></system-err>
      </testcase>
      <testcase name="Test Cases/Shopify/CreateStore" time="0.003" classname="Test Cases/Shopify/CreateStore" status="SKIPPED">
         <system-out><![CDATA[2023-02-10 16:08:18 - [TEST_CASE][SKIPPED] - Test Cases/Shopify/CreateStore: 

2023-02-10 16:08:18 - [TEST_STEP][PASSED] - Start listener action : skipStatus: null

2023-02-10 16:08:18 - [TEST_STEP][PASSED] - map = testCaseContext.getTestCaseVariables(): null

2023-02-10 16:08:18 - [TEST_STEP][PASSED] - testcae_status = map.get("testcase_status"): null

2023-02-10 16:08:18 - [TEST_STEP][PASSED] - if (testcae_status == "Passed" || testcae_status == "Failed"): null

2023-02-10 16:08:18 - [TEST_STEP][PASSED] - testCaseContext.skipThisTestCase(): null]]></system-out>
         <system-err><![CDATA[]]></system-err>
      </testcase>
      <testcase name="Test Cases/Shopify/CreateStore" time="0.008" classname="Test Cases/Shopify/CreateStore" status="SKIPPED">
         <system-out><![CDATA[2023-02-10 16:08:18 - [TEST_CASE][SKIPPED] - Test Cases/Shopify/CreateStore: 

2023-02-10 16:08:18 - [TEST_STEP][PASSED] - Start listener action : skipStatus: null

2023-02-10 16:08:18 - [TEST_STEP][PASSED] - map = testCaseContext.getTestCaseVariables(): null

2023-02-10 16:08:18 - [TEST_STEP][PASSED] - testcae_status = map.get("testcase_status"): null

2023-02-10 16:08:18 - [TEST_STEP][PASSED] - if (testcae_status == "Passed" || testcae_status == "Failed"): null

2023-02-10 16:08:18 - [TEST_STEP][PASSED] - testCaseContext.skipThisTestCase(): null]]></system-out>
         <system-err><![CDATA[]]></system-err>
      </testcase>
      <testcase name="Test Cases/Shopify/CreateStore" time="0.015" classname="Test Cases/Shopify/CreateStore" status="SKIPPED">
         <system-out><![CDATA[2023-02-10 16:08:18 - [TEST_CASE][SKIPPED] - Test Cases/Shopify/CreateStore: 

2023-02-10 16:08:18 - [TEST_STEP][PASSED] - Start listener action : skipStatus: null

2023-02-10 16:08:18 - [TEST_STEP][PASSED] - map = testCaseContext.getTestCaseVariables(): null

2023-02-10 16:08:18 - [TEST_STEP][PASSED] - testcae_status = map.get("testcase_status"): null

2023-02-10 16:08:18 - [TEST_STEP][PASSED] - if (testcae_status == "Passed" || testcae_status == "Failed"): null

2023-02-10 16:08:18 - [TEST_STEP][PASSED] - testCaseContext.skipThisTestCase(): null]]></system-out>
         <system-err><![CDATA[]]></system-err>
      </testcase>
      <testcase name="Test Cases/Shopify/CreateStore" time="0.0" classname="Test Cases/Shopify/CreateStore" status="SKIPPED">
         <system-out><![CDATA[2023-02-10 16:08:18 - [TEST_CASE][SKIPPED] - Test Cases/Shopify/CreateStore: 

2023-02-10 16:08:18 - [TEST_STEP][PASSED] - Start listener action : skipStatus: null

2023-02-10 16:08:18 - [TEST_STEP][PASSED] - map = testCaseContext.getTestCaseVariables(): null

2023-02-10 16:08:18 - [TEST_STEP][PASSED] - testcae_status = map.get("testcase_status"): null

2023-02-10 16:08:18 - [TEST_STEP][PASSED] - if (testcae_status == "Passed" || testcae_status == "Failed"): null

2023-02-10 16:08:18 - [TEST_STEP][PASSED] - testCaseContext.skipThisTestCase(): null]]></system-out>
         <system-err><![CDATA[]]></system-err>
      </testcase>
      <testcase name="Test Cases/Shopify/CreateStore" time="0.015" classname="Test Cases/Shopify/CreateStore" status="SKIPPED">
         <system-out><![CDATA[2023-02-10 16:08:18 - [TEST_CASE][SKIPPED] - Test Cases/Shopify/CreateStore: 

2023-02-10 16:08:18 - [TEST_STEP][PASSED] - Start listener action : skipStatus: null

2023-02-10 16:08:18 - [TEST_STEP][PASSED] - map = testCaseContext.getTestCaseVariables(): null

2023-02-10 16:08:18 - [TEST_STEP][PASSED] - testcae_status = map.get("testcase_status"): null

2023-02-10 16:08:18 - [TEST_STEP][PASSED] - if (testcae_status == "Passed" || testcae_status == "Failed"): null

2023-02-10 16:08:18 - [TEST_STEP][PASSED] - testCaseContext.skipThisTestCase(): null]]></system-out>
         <system-err><![CDATA[]]></system-err>
      </testcase>
      <testcase name="Test Cases/Shopify/CreateStore" time="0.0" classname="Test Cases/Shopify/CreateStore" status="SKIPPED">
         <system-out><![CDATA[2023-02-10 16:08:18 - [TEST_CASE][SKIPPED] - Test Cases/Shopify/CreateStore: 

2023-02-10 16:08:18 - [TEST_STEP][PASSED] - Start listener action : skipStatus: null

2023-02-10 16:08:18 - [TEST_STEP][PASSED] - map = testCaseContext.getTestCaseVariables(): null

2023-02-10 16:08:18 - [TEST_STEP][PASSED] - testcae_status = map.get("testcase_status"): null

2023-02-10 16:08:18 - [TEST_STEP][PASSED] - if (testcae_status == "Passed" || testcae_status == "Failed"): null

2023-02-10 16:08:18 - [TEST_STEP][PASSED] - testCaseContext.skipThisTestCase(): null]]></system-out>
         <system-err><![CDATA[]]></system-err>
      </testcase>
      <testcase name="Test Cases/Shopify/CreateStore" time="0.0" classname="Test Cases/Shopify/CreateStore" status="SKIPPED">
         <system-out><![CDATA[2023-02-10 16:08:18 - [TEST_CASE][SKIPPED] - Test Cases/Shopify/CreateStore: 

2023-02-10 16:08:18 - [TEST_STEP][PASSED] - Start listener action : skipStatus: null

2023-02-10 16:08:18 - [TEST_STEP][PASSED] - map = testCaseContext.getTestCaseVariables(): null

2023-02-10 16:08:18 - [TEST_STEP][PASSED] - testcae_status = map.get("testcase_status"): null

2023-02-10 16:08:18 - [TEST_STEP][PASSED] - if (testcae_status == "Passed" || testcae_status == "Failed"): null

2023-02-10 16:08:18 - [TEST_STEP][PASSED] - testCaseContext.skipThisTestCase(): null]]></system-out>
         <system-err><![CDATA[]]></system-err>
      </testcase>
      <testcase name="Test Cases/Shopify/CreateStore" time="0.015" classname="Test Cases/Shopify/CreateStore" status="SKIPPED">
         <system-out><![CDATA[2023-02-10 16:08:18 - [TEST_CASE][SKIPPED] - Test Cases/Shopify/CreateStore: 

2023-02-10 16:08:18 - [TEST_STEP][PASSED] - Start listener action : skipStatus: null

2023-02-10 16:08:18 - [TEST_STEP][PASSED] - map = testCaseContext.getTestCaseVariables(): null

2023-02-10 16:08:18 - [TEST_STEP][PASSED] - testcae_status = map.get("testcase_status"): null

2023-02-10 16:08:18 - [TEST_STEP][PASSED] - if (testcae_status == "Passed" || testcae_status == "Failed"): null

2023-02-10 16:08:18 - [TEST_STEP][PASSED] - testCaseContext.skipThisTestCase(): null]]></system-out>
         <system-err><![CDATA[]]></system-err>
      </testcase>
      <testcase name="Test Cases/Shopify/CreateStore" time="0.0" classname="Test Cases/Shopify/CreateStore" status="SKIPPED">
         <system-out><![CDATA[2023-02-10 16:08:18 - [TEST_CASE][SKIPPED] - Test Cases/Shopify/CreateStore: 

2023-02-10 16:08:18 - [TEST_STEP][PASSED] - Start listener action : skipStatus: null

2023-02-10 16:08:18 - [TEST_STEP][PASSED] - map = testCaseContext.getTestCaseVariables(): null

2023-02-10 16:08:18 - [TEST_STEP][PASSED] - testcae_status = map.get("testcase_status"): null

2023-02-10 16:08:18 - [TEST_STEP][PASSED] - if (testcae_status == "Passed" || testcae_status == "Failed"): null

2023-02-10 16:08:18 - [TEST_STEP][PASSED] - testCaseContext.skipThisTestCase(): null]]></system-out>
         <system-err><![CDATA[]]></system-err>
      </testcase>
      <testcase name="Test Cases/Shopify/CreateStore" time="0.0" classname="Test Cases/Shopify/CreateStore" status="SKIPPED">
         <system-out><![CDATA[2023-02-10 16:08:18 - [TEST_CASE][SKIPPED] - Test Cases/Shopify/CreateStore: 

2023-02-10 16:08:18 - [TEST_STEP][PASSED] - Start listener action : skipStatus: null

2023-02-10 16:08:18 - [TEST_STEP][PASSED] - map = testCaseContext.getTestCaseVariables(): null

2023-02-10 16:08:18 - [TEST_STEP][PASSED] - testcae_status = map.get("testcase_status"): null

2023-02-10 16:08:18 - [TEST_STEP][PASSED] - if (testcae_status == "Passed" || testcae_status == "Failed"): null

2023-02-10 16:08:18 - [TEST_STEP][PASSED] - testCaseContext.skipThisTestCase(): null]]></system-out>
         <system-err><![CDATA[]]></system-err>
      </testcase>
      <testcase name="Test Cases/Shopify/CreateStore" time="0.015" classname="Test Cases/Shopify/CreateStore" status="SKIPPED">
         <system-out><![CDATA[2023-02-10 16:08:18 - [TEST_CASE][SKIPPED] - Test Cases/Shopify/CreateStore: 

2023-02-10 16:08:18 - [TEST_STEP][PASSED] - Start listener action : skipStatus: null

2023-02-10 16:08:18 - [TEST_STEP][PASSED] - map = testCaseContext.getTestCaseVariables(): null

2023-02-10 16:08:18 - [TEST_STEP][PASSED] - testcae_status = map.get("testcase_status"): null

2023-02-10 16:08:18 - [TEST_STEP][PASSED] - if (testcae_status == "Passed" || testcae_status == "Failed"): null

2023-02-10 16:08:18 - [TEST_STEP][PASSED] - testCaseContext.skipThisTestCase(): null]]></system-out>
         <system-err><![CDATA[]]></system-err>
      </testcase>
      <testcase name="Test Cases/Shopify/CreateStore" time="0.0" classname="Test Cases/Shopify/CreateStore" status="SKIPPED">
         <system-out><![CDATA[2023-02-10 16:08:18 - [TEST_CASE][SKIPPED] - Test Cases/Shopify/CreateStore: 

2023-02-10 16:08:18 - [TEST_STEP][PASSED] - Start listener action : skipStatus: null

2023-02-10 16:08:18 - [TEST_STEP][PASSED] - map = testCaseContext.getTestCaseVariables(): null

2023-02-10 16:08:18 - [TEST_STEP][PASSED] - testcae_status = map.get("testcase_status"): null

2023-02-10 16:08:18 - [TEST_STEP][PASSED] - if (testcae_status == "Passed" || testcae_status == "Failed"): null

2023-02-10 16:08:18 - [TEST_STEP][PASSED] - testCaseContext.skipThisTestCase(): null]]></system-out>
         <system-err><![CDATA[]]></system-err>
      </testcase>
      <testcase name="Test Cases/Shopify/CreateStore" time="0.016" classname="Test Cases/Shopify/CreateStore" status="SKIPPED">
         <system-out><![CDATA[2023-02-10 16:08:18 - [TEST_CASE][SKIPPED] - Test Cases/Shopify/CreateStore: 

2023-02-10 16:08:18 - [TEST_STEP][PASSED] - Start listener action : skipStatus: null

2023-02-10 16:08:18 - [TEST_STEP][PASSED] - map = testCaseContext.getTestCaseVariables(): null

2023-02-10 16:08:18 - [TEST_STEP][PASSED] - testcae_status = map.get("testcase_status"): null

2023-02-10 16:08:18 - [TEST_STEP][PASSED] - if (testcae_status == "Passed" || testcae_status == "Failed"): null

2023-02-10 16:08:18 - [TEST_STEP][PASSED] - testCaseContext.skipThisTestCase(): null]]></system-out>
         <system-err><![CDATA[]]></system-err>
      </testcase>
      <testcase name="Test Cases/Shopify/CreateStore" time="0.0" classname="Test Cases/Shopify/CreateStore" status="SKIPPED">
         <system-out><![CDATA[2023-02-10 16:08:18 - [TEST_CASE][SKIPPED] - Test Cases/Shopify/CreateStore: 

2023-02-10 16:08:18 - [TEST_STEP][PASSED] - Start listener action : skipStatus: null

2023-02-10 16:08:18 - [TEST_STEP][PASSED] - map = testCaseContext.getTestCaseVariables(): null

2023-02-10 16:08:18 - [TEST_STEP][PASSED] - testcae_status = map.get("testcase_status"): null

2023-02-10 16:08:18 - [TEST_STEP][PASSED] - if (testcae_status == "Passed" || testcae_status == "Failed"): null

2023-02-10 16:08:18 - [TEST_STEP][PASSED] - testCaseContext.skipThisTestCase(): null]]></system-out>
         <system-err><![CDATA[]]></system-err>
      </testcase>
      <testcase name="Test Cases/Shopify/CreateStore" time="0.016" classname="Test Cases/Shopify/CreateStore" status="SKIPPED">
         <system-out><![CDATA[2023-02-10 16:08:18 - [TEST_CASE][SKIPPED] - Test Cases/Shopify/CreateStore: 

2023-02-10 16:08:18 - [TEST_STEP][PASSED] - Start listener action : skipStatus: null

2023-02-10 16:08:18 - [TEST_STEP][PASSED] - map = testCaseContext.getTestCaseVariables(): null

2023-02-10 16:08:18 - [TEST_STEP][PASSED] - testcae_status = map.get("testcase_status"): null

2023-02-10 16:08:18 - [TEST_STEP][PASSED] - if (testcae_status == "Passed" || testcae_status == "Failed"): null

2023-02-10 16:08:18 - [TEST_STEP][PASSED] - testCaseContext.skipThisTestCase(): null]]></system-out>
         <system-err><![CDATA[]]></system-err>
      </testcase>
      <testcase name="Test Cases/Shopify/CreateStore" time="0.012" classname="Test Cases/Shopify/CreateStore" status="SKIPPED">
         <system-out><![CDATA[2023-02-10 16:08:18 - [TEST_CASE][SKIPPED] - Test Cases/Shopify/CreateStore: 

2023-02-10 16:08:18 - [TEST_STEP][PASSED] - Start listener action : skipStatus: null

2023-02-10 16:08:18 - [TEST_STEP][PASSED] - map = testCaseContext.getTestCaseVariables(): null

2023-02-10 16:08:18 - [TEST_STEP][PASSED] - testcae_status = map.get("testcase_status"): null

2023-02-10 16:08:18 - [TEST_STEP][PASSED] - if (testcae_status == "Passed" || testcae_status == "Failed"): null

2023-02-10 16:08:18 - [TEST_STEP][PASSED] - testCaseContext.skipThisTestCase(): null]]></system-out>
         <system-err><![CDATA[]]></system-err>
      </testcase>
      <testcase name="Test Cases/Shopify/CreateStore" time="0.0" classname="Test Cases/Shopify/CreateStore" status="SKIPPED">
         <system-out><![CDATA[2023-02-10 16:08:18 - [TEST_CASE][SKIPPED] - Test Cases/Shopify/CreateStore: 

2023-02-10 16:08:18 - [TEST_STEP][PASSED] - Start listener action : skipStatus: null

2023-02-10 16:08:18 - [TEST_STEP][PASSED] - map = testCaseContext.getTestCaseVariables(): null

2023-02-10 16:08:18 - [TEST_STEP][PASSED] - testcae_status = map.get("testcase_status"): null

2023-02-10 16:08:18 - [TEST_STEP][PASSED] - if (testcae_status == "Passed" || testcae_status == "Failed"): null

2023-02-10 16:08:18 - [TEST_STEP][PASSED] - testCaseContext.skipThisTestCase(): null]]></system-out>
         <system-err><![CDATA[]]></system-err>
      </testcase>
      <testcase name="Test Cases/Shopify/CreateStore" time="0.0" classname="Test Cases/Shopify/CreateStore" status="SKIPPED">
         <system-out><![CDATA[2023-02-10 16:08:18 - [TEST_CASE][SKIPPED] - Test Cases/Shopify/CreateStore: 

2023-02-10 16:08:18 - [TEST_STEP][PASSED] - Start listener action : skipStatus: null

2023-02-10 16:08:18 - [TEST_STEP][PASSED] - map = testCaseContext.getTestCaseVariables(): null

2023-02-10 16:08:18 - [TEST_STEP][PASSED] - testcae_status = map.get("testcase_status"): null

2023-02-10 16:08:18 - [TEST_STEP][PASSED] - if (testcae_status == "Passed" || testcae_status == "Failed"): null

2023-02-10 16:08:18 - [TEST_STEP][PASSED] - testCaseContext.skipThisTestCase(): null]]></system-out>
         <system-err><![CDATA[]]></system-err>
      </testcase>
      <testcase name="Test Cases/Shopify/CreateStore" time="0.015" classname="Test Cases/Shopify/CreateStore" status="SKIPPED">
         <system-out><![CDATA[2023-02-10 16:08:18 - [TEST_CASE][SKIPPED] - Test Cases/Shopify/CreateStore: 

2023-02-10 16:08:19 - [TEST_STEP][PASSED] - Start listener action : skipStatus: null

2023-02-10 16:08:19 - [TEST_STEP][PASSED] - map = testCaseContext.getTestCaseVariables(): null

2023-02-10 16:08:19 - [TEST_STEP][PASSED] - testcae_status = map.get("testcase_status"): null

2023-02-10 16:08:19 - [TEST_STEP][PASSED] - if (testcae_status == "Passed" || testcae_status == "Failed"): null

2023-02-10 16:08:19 - [TEST_STEP][PASSED] - testCaseContext.skipThisTestCase(): null]]></system-out>
         <system-err><![CDATA[]]></system-err>
      </testcase>
      <testcase name="Test Cases/Shopify/CreateStore" time="0.0" classname="Test Cases/Shopify/CreateStore" status="SKIPPED">
         <system-out><![CDATA[2023-02-10 16:08:19 - [TEST_CASE][SKIPPED] - Test Cases/Shopify/CreateStore: 

2023-02-10 16:08:19 - [TEST_STEP][PASSED] - Start listener action : skipStatus: null

2023-02-10 16:08:19 - [TEST_STEP][PASSED] - map = testCaseContext.getTestCaseVariables(): null

2023-02-10 16:08:19 - [TEST_STEP][PASSED] - testcae_status = map.get("testcase_status"): null

2023-02-10 16:08:19 - [TEST_STEP][PASSED] - if (testcae_status == "Passed" || testcae_status == "Failed"): null

2023-02-10 16:08:19 - [TEST_STEP][PASSED] - testCaseContext.skipThisTestCase(): null]]></system-out>
         <system-err><![CDATA[]]></system-err>
      </testcase>
      <testcase name="Test Cases/Shopify/CreateStore" time="0.0" classname="Test Cases/Shopify/CreateStore" status="SKIPPED">
         <system-out><![CDATA[2023-02-10 16:08:19 - [TEST_CASE][SKIPPED] - Test Cases/Shopify/CreateStore: 

2023-02-10 16:08:19 - [TEST_STEP][PASSED] - Start listener action : skipStatus: null

2023-02-10 16:08:19 - [TEST_STEP][PASSED] - map = testCaseContext.getTestCaseVariables(): null

2023-02-10 16:08:19 - [TEST_STEP][PASSED] - testcae_status = map.get("testcase_status"): null

2023-02-10 16:08:19 - [TEST_STEP][PASSED] - if (testcae_status == "Passed" || testcae_status == "Failed"): null

2023-02-10 16:08:19 - [TEST_STEP][PASSED] - testCaseContext.skipThisTestCase(): null]]></system-out>
         <system-err><![CDATA[]]></system-err>
      </testcase>
      <testcase name="Test Cases/Shopify/CreateStore" time="0.015" classname="Test Cases/Shopify/CreateStore" status="SKIPPED">
         <system-out><![CDATA[2023-02-10 16:08:19 - [TEST_CASE][SKIPPED] - Test Cases/Shopify/CreateStore: 

2023-02-10 16:08:19 - [TEST_STEP][PASSED] - Start listener action : skipStatus: null

2023-02-10 16:08:19 - [TEST_STEP][PASSED] - map = testCaseContext.getTestCaseVariables(): null

2023-02-10 16:08:19 - [TEST_STEP][PASSED] - testcae_status = map.get("testcase_status"): null

2023-02-10 16:08:19 - [TEST_STEP][PASSED] - if (testcae_status == "Passed" || testcae_status == "Failed"): null

2023-02-10 16:08:19 - [TEST_STEP][PASSED] - testCaseContext.skipThisTestCase(): null]]></system-out>
         <system-err><![CDATA[]]></system-err>
      </testcase>
      <testcase name="Test Cases/Shopify/CreateStore" time="0.0" classname="Test Cases/Shopify/CreateStore" status="SKIPPED">
         <system-out><![CDATA[2023-02-10 16:08:19 - [TEST_CASE][SKIPPED] - Test Cases/Shopify/CreateStore: 

2023-02-10 16:08:19 - [TEST_STEP][PASSED] - Start listener action : skipStatus: null

2023-02-10 16:08:19 - [TEST_STEP][PASSED] - map = testCaseContext.getTestCaseVariables(): null

2023-02-10 16:08:19 - [TEST_STEP][PASSED] - testcae_status = map.get("testcase_status"): null

2023-02-10 16:08:19 - [TEST_STEP][PASSED] - if (testcae_status == "Passed" || testcae_status == "Failed"): null

2023-02-10 16:08:19 - [TEST_STEP][PASSED] - testCaseContext.skipThisTestCase(): null]]></system-out>
         <system-err><![CDATA[]]></system-err>
      </testcase>
      <testcase name="Test Cases/Shopify/CreateStore" time="0.016" classname="Test Cases/Shopify/CreateStore" status="SKIPPED">
         <system-out><![CDATA[2023-02-10 16:08:19 - [TEST_CASE][SKIPPED] - Test Cases/Shopify/CreateStore: 

2023-02-10 16:08:19 - [TEST_STEP][PASSED] - Start listener action : skipStatus: null

2023-02-10 16:08:19 - [TEST_STEP][PASSED] - map = testCaseContext.getTestCaseVariables(): null

2023-02-10 16:08:19 - [TEST_STEP][PASSED] - testcae_status = map.get("testcase_status"): null

2023-02-10 16:08:19 - [TEST_STEP][PASSED] - if (testcae_status == "Passed" || testcae_status == "Failed"): null

2023-02-10 16:08:19 - [TEST_STEP][PASSED] - testCaseContext.skipThisTestCase(): null]]></system-out>
         <system-err><![CDATA[]]></system-err>
      </testcase>
      <testcase name="Test Cases/Shopify/CreateStore" time="0.008" classname="Test Cases/Shopify/CreateStore" status="SKIPPED">
         <system-out><![CDATA[2023-02-10 16:08:19 - [TEST_CASE][SKIPPED] - Test Cases/Shopify/CreateStore: 

2023-02-10 16:08:19 - [TEST_STEP][PASSED] - Start listener action : skipStatus: null

2023-02-10 16:08:19 - [TEST_STEP][PASSED] - map = testCaseContext.getTestCaseVariables(): null

2023-02-10 16:08:19 - [TEST_STEP][PASSED] - testcae_status = map.get("testcase_status"): null

2023-02-10 16:08:19 - [TEST_STEP][PASSED] - if (testcae_status == "Passed" || testcae_status == "Failed"): null

2023-02-10 16:08:19 - [TEST_STEP][PASSED] - testCaseContext.skipThisTestCase(): null]]></system-out>
         <system-err><![CDATA[]]></system-err>
      </testcase>
      <testcase name="Test Cases/Shopify/CreateStore" time="0.0" classname="Test Cases/Shopify/CreateStore" status="SKIPPED">
         <system-out><![CDATA[2023-02-10 16:08:19 - [TEST_CASE][SKIPPED] - Test Cases/Shopify/CreateStore: 

2023-02-10 16:08:19 - [TEST_STEP][PASSED] - Start listener action : skipStatus: null

2023-02-10 16:08:19 - [TEST_STEP][PASSED] - map = testCaseContext.getTestCaseVariables(): null

2023-02-10 16:08:19 - [TEST_STEP][PASSED] - testcae_status = map.get("testcase_status"): null

2023-02-10 16:08:19 - [TEST_STEP][PASSED] - if (testcae_status == "Passed" || testcae_status == "Failed"): null

2023-02-10 16:08:19 - [TEST_STEP][PASSED] - testCaseContext.skipThisTestCase(): null]]></system-out>
         <system-err><![CDATA[]]></system-err>
      </testcase>
      <testcase name="Test Cases/Shopify/CreateStore" time="0.0" classname="Test Cases/Shopify/CreateStore" status="SKIPPED">
         <system-out><![CDATA[2023-02-10 16:08:19 - [TEST_CASE][SKIPPED] - Test Cases/Shopify/CreateStore: 

2023-02-10 16:08:19 - [TEST_STEP][PASSED] - Start listener action : skipStatus: null

2023-02-10 16:08:19 - [TEST_STEP][PASSED] - map = testCaseContext.getTestCaseVariables(): null

2023-02-10 16:08:19 - [TEST_STEP][PASSED] - testcae_status = map.get("testcase_status"): null

2023-02-10 16:08:19 - [TEST_STEP][PASSED] - if (testcae_status == "Passed" || testcae_status == "Failed"): null

2023-02-10 16:08:19 - [TEST_STEP][PASSED] - testCaseContext.skipThisTestCase(): null]]></system-out>
         <system-err><![CDATA[]]></system-err>
      </testcase>
      <testcase name="Test Cases/Shopify/CreateStore" time="0.016" classname="Test Cases/Shopify/CreateStore" status="SKIPPED">
         <system-out><![CDATA[2023-02-10 16:08:19 - [TEST_CASE][SKIPPED] - Test Cases/Shopify/CreateStore: 

2023-02-10 16:08:19 - [TEST_STEP][PASSED] - Start listener action : skipStatus: null

2023-02-10 16:08:19 - [TEST_STEP][PASSED] - map = testCaseContext.getTestCaseVariables(): null

2023-02-10 16:08:19 - [TEST_STEP][PASSED] - testcae_status = map.get("testcase_status"): null

2023-02-10 16:08:19 - [TEST_STEP][PASSED] - if (testcae_status == "Passed" || testcae_status == "Failed"): null

2023-02-10 16:08:19 - [TEST_STEP][PASSED] - testCaseContext.skipThisTestCase(): null]]></system-out>
         <system-err><![CDATA[]]></system-err>
      </testcase>
      <testcase name="Test Cases/Shopify/CreateStore" time="0.0" classname="Test Cases/Shopify/CreateStore" status="SKIPPED">
         <system-out><![CDATA[2023-02-10 16:08:19 - [TEST_CASE][SKIPPED] - Test Cases/Shopify/CreateStore: 

2023-02-10 16:08:19 - [TEST_STEP][PASSED] - Start listener action : skipStatus: null

2023-02-10 16:08:19 - [TEST_STEP][PASSED] - map = testCaseContext.getTestCaseVariables(): null

2023-02-10 16:08:19 - [TEST_STEP][PASSED] - testcae_status = map.get("testcase_status"): null

2023-02-10 16:08:19 - [TEST_STEP][PASSED] - if (testcae_status == "Passed" || testcae_status == "Failed"): null

2023-02-10 16:08:19 - [TEST_STEP][PASSED] - testCaseContext.skipThisTestCase(): null]]></system-out>
         <system-err><![CDATA[]]></system-err>
      </testcase>
      <testcase name="Test Cases/Shopify/CreateStore" time="0.0" classname="Test Cases/Shopify/CreateStore" status="SKIPPED">
         <system-out><![CDATA[2023-02-10 16:08:19 - [TEST_CASE][SKIPPED] - Test Cases/Shopify/CreateStore: 

2023-02-10 16:08:19 - [TEST_STEP][PASSED] - Start listener action : skipStatus: null

2023-02-10 16:08:19 - [TEST_STEP][PASSED] - map = testCaseContext.getTestCaseVariables(): null

2023-02-10 16:08:19 - [TEST_STEP][PASSED] - testcae_status = map.get("testcase_status"): null

2023-02-10 16:08:19 - [TEST_STEP][PASSED] - if (testcae_status == "Passed" || testcae_status == "Failed"): null

2023-02-10 16:08:19 - [TEST_STEP][PASSED] - testCaseContext.skipThisTestCase(): null]]></system-out>
         <system-err><![CDATA[]]></system-err>
      </testcase>
      <testcase name="Test Cases/Shopify/CreateStore" time="0.016" classname="Test Cases/Shopify/CreateStore" status="SKIPPED">
         <system-out><![CDATA[2023-02-10 16:08:19 - [TEST_CASE][SKIPPED] - Test Cases/Shopify/CreateStore: 

2023-02-10 16:08:19 - [TEST_STEP][PASSED] - Start listener action : skipStatus: null

2023-02-10 16:08:19 - [TEST_STEP][PASSED] - map = testCaseContext.getTestCaseVariables(): null

2023-02-10 16:08:19 - [TEST_STEP][PASSED] - testcae_status = map.get("testcase_status"): null

2023-02-10 16:08:19 - [TEST_STEP][PASSED] - if (testcae_status == "Passed" || testcae_status == "Failed"): null

2023-02-10 16:08:19 - [TEST_STEP][PASSED] - testCaseContext.skipThisTestCase(): null]]></system-out>
         <system-err><![CDATA[]]></system-err>
      </testcase>
      <testcase name="Test Cases/Shopify/CreateStore" time="0.0" classname="Test Cases/Shopify/CreateStore" status="SKIPPED">
         <system-out><![CDATA[2023-02-10 16:08:19 - [TEST_CASE][SKIPPED] - Test Cases/Shopify/CreateStore: 

2023-02-10 16:08:19 - [TEST_STEP][PASSED] - Start listener action : skipStatus: null

2023-02-10 16:08:19 - [TEST_STEP][PASSED] - map = testCaseContext.getTestCaseVariables(): null

2023-02-10 16:08:19 - [TEST_STEP][PASSED] - testcae_status = map.get("testcase_status"): null

2023-02-10 16:08:19 - [TEST_STEP][PASSED] - if (testcae_status == "Passed" || testcae_status == "Failed"): null

2023-02-10 16:08:19 - [TEST_STEP][PASSED] - testCaseContext.skipThisTestCase(): null]]></system-out>
         <system-err><![CDATA[]]></system-err>
      </testcase>
      <testcase name="Test Cases/Shopify/CreateStore" time="0.0" classname="Test Cases/Shopify/CreateStore" status="SKIPPED">
         <system-out><![CDATA[2023-02-10 16:08:19 - [TEST_CASE][SKIPPED] - Test Cases/Shopify/CreateStore: 

2023-02-10 16:08:19 - [TEST_STEP][PASSED] - Start listener action : skipStatus: null

2023-02-10 16:08:19 - [TEST_STEP][PASSED] - map = testCaseContext.getTestCaseVariables(): null

2023-02-10 16:08:19 - [TEST_STEP][PASSED] - testcae_status = map.get("testcase_status"): null

2023-02-10 16:08:19 - [TEST_STEP][PASSED] - if (testcae_status == "Passed" || testcae_status == "Failed"): null

2023-02-10 16:08:19 - [TEST_STEP][PASSED] - testCaseContext.skipThisTestCase(): null]]></system-out>
         <system-err><![CDATA[]]></system-err>
      </testcase>
      <testcase name="Test Cases/Shopify/CreateStore" time="0.016" classname="Test Cases/Shopify/CreateStore" status="SKIPPED">
         <system-out><![CDATA[2023-02-10 16:08:19 - [TEST_CASE][SKIPPED] - Test Cases/Shopify/CreateStore: 

2023-02-10 16:08:19 - [TEST_STEP][PASSED] - Start listener action : skipStatus: null

2023-02-10 16:08:19 - [TEST_STEP][PASSED] - map = testCaseContext.getTestCaseVariables(): null

2023-02-10 16:08:19 - [TEST_STEP][PASSED] - testcae_status = map.get("testcase_status"): null

2023-02-10 16:08:19 - [TEST_STEP][PASSED] - if (testcae_status == "Passed" || testcae_status == "Failed"): null

2023-02-10 16:08:19 - [TEST_STEP][PASSED] - testCaseContext.skipThisTestCase(): null]]></system-out>
         <system-err><![CDATA[]]></system-err>
      </testcase>
      <testcase name="Test Cases/Shopify/CreateStore" time="0.0" classname="Test Cases/Shopify/CreateStore" status="SKIPPED">
         <system-out><![CDATA[2023-02-10 16:08:19 - [TEST_CASE][SKIPPED] - Test Cases/Shopify/CreateStore: 

2023-02-10 16:08:19 - [TEST_STEP][PASSED] - Start listener action : skipStatus: null

2023-02-10 16:08:19 - [TEST_STEP][PASSED] - map = testCaseContext.getTestCaseVariables(): null

2023-02-10 16:08:19 - [TEST_STEP][PASSED] - testcae_status = map.get("testcase_status"): null

2023-02-10 16:08:19 - [TEST_STEP][PASSED] - if (testcae_status == "Passed" || testcae_status == "Failed"): null

2023-02-10 16:08:19 - [TEST_STEP][PASSED] - testCaseContext.skipThisTestCase(): null]]></system-out>
         <system-err><![CDATA[]]></system-err>
      </testcase>
      <testcase name="Test Cases/Shopify/CreateStore" time="0.0" classname="Test Cases/Shopify/CreateStore" status="SKIPPED">
         <system-out><![CDATA[2023-02-10 16:08:19 - [TEST_CASE][SKIPPED] - Test Cases/Shopify/CreateStore: 

2023-02-10 16:08:19 - [TEST_STEP][PASSED] - Start listener action : skipStatus: null

2023-02-10 16:08:19 - [TEST_STEP][PASSED] - map = testCaseContext.getTestCaseVariables(): null

2023-02-10 16:08:19 - [TEST_STEP][PASSED] - testcae_status = map.get("testcase_status"): null

2023-02-10 16:08:19 - [TEST_STEP][PASSED] - if (testcae_status == "Passed" || testcae_status == "Failed"): null

2023-02-10 16:08:19 - [TEST_STEP][PASSED] - testCaseContext.skipThisTestCase(): null]]></system-out>
         <system-err><![CDATA[]]></system-err>
      </testcase>
      <testcase name="Test Cases/Shopify/CreateStore" time="0.016" classname="Test Cases/Shopify/CreateStore" status="SKIPPED">
         <system-out><![CDATA[2023-02-10 16:08:19 - [TEST_CASE][SKIPPED] - Test Cases/Shopify/CreateStore: 

2023-02-10 16:08:19 - [TEST_STEP][PASSED] - Start listener action : skipStatus: null

2023-02-10 16:08:19 - [TEST_STEP][PASSED] - map = testCaseContext.getTestCaseVariables(): null

2023-02-10 16:08:19 - [TEST_STEP][PASSED] - testcae_status = map.get("testcase_status"): null

2023-02-10 16:08:19 - [TEST_STEP][PASSED] - if (testcae_status == "Passed" || testcae_status == "Failed"): null

2023-02-10 16:08:19 - [TEST_STEP][PASSED] - testCaseContext.skipThisTestCase(): null]]></system-out>
         <system-err><![CDATA[]]></system-err>
      </testcase>
      <testcase name="Test Cases/Shopify/CreateStore" time="0.016" classname="Test Cases/Shopify/CreateStore" status="SKIPPED">
         <system-out><![CDATA[2023-02-10 16:08:19 - [TEST_CASE][SKIPPED] - Test Cases/Shopify/CreateStore: 

2023-02-10 16:08:19 - [TEST_STEP][PASSED] - Start listener action : skipStatus: null

2023-02-10 16:08:19 - [TEST_STEP][PASSED] - map = testCaseContext.getTestCaseVariables(): null

2023-02-10 16:08:19 - [TEST_STEP][PASSED] - testcae_status = map.get("testcase_status"): null

2023-02-10 16:08:19 - [TEST_STEP][PASSED] - if (testcae_status == "Passed" || testcae_status == "Failed"): null

2023-02-10 16:08:19 - [TEST_STEP][PASSED] - testCaseContext.skipThisTestCase(): null]]></system-out>
         <system-err><![CDATA[]]></system-err>
      </testcase>
      <testcase name="Test Cases/Shopify/CreateStore" time="0.0" classname="Test Cases/Shopify/CreateStore" status="SKIPPED">
         <system-out><![CDATA[2023-02-10 16:08:19 - [TEST_CASE][SKIPPED] - Test Cases/Shopify/CreateStore: 

2023-02-10 16:08:19 - [TEST_STEP][PASSED] - Start listener action : skipStatus: null

2023-02-10 16:08:19 - [TEST_STEP][PASSED] - map = testCaseContext.getTestCaseVariables(): null

2023-02-10 16:08:19 - [TEST_STEP][PASSED] - testcae_status = map.get("testcase_status"): null

2023-02-10 16:08:19 - [TEST_STEP][PASSED] - if (testcae_status == "Passed" || testcae_status == "Failed"): null

2023-02-10 16:08:19 - [TEST_STEP][PASSED] - testCaseContext.skipThisTestCase(): null]]></system-out>
         <system-err><![CDATA[]]></system-err>
      </testcase>
      <testcase name="Test Cases/Shopify/CreateStore" time="0.008" classname="Test Cases/Shopify/CreateStore" status="SKIPPED">
         <system-out><![CDATA[2023-02-10 16:08:19 - [TEST_CASE][SKIPPED] - Test Cases/Shopify/CreateStore: 

2023-02-10 16:08:19 - [TEST_STEP][PASSED] - Start listener action : skipStatus: null

2023-02-10 16:08:19 - [TEST_STEP][PASSED] - map = testCaseContext.getTestCaseVariables(): null

2023-02-10 16:08:19 - [TEST_STEP][PASSED] - testcae_status = map.get("testcase_status"): null

2023-02-10 16:08:19 - [TEST_STEP][PASSED] - if (testcae_status == "Passed" || testcae_status == "Failed"): null

2023-02-10 16:08:19 - [TEST_STEP][PASSED] - testCaseContext.skipThisTestCase(): null]]></system-out>
         <system-err><![CDATA[]]></system-err>
      </testcase>
      <testcase name="Test Cases/Shopify/CreateStore" time="0.016" classname="Test Cases/Shopify/CreateStore" status="SKIPPED">
         <system-out><![CDATA[2023-02-10 16:08:19 - [TEST_CASE][SKIPPED] - Test Cases/Shopify/CreateStore: 

2023-02-10 16:08:19 - [TEST_STEP][PASSED] - Start listener action : skipStatus: null

2023-02-10 16:08:19 - [TEST_STEP][PASSED] - map = testCaseContext.getTestCaseVariables(): null

2023-02-10 16:08:19 - [TEST_STEP][PASSED] - testcae_status = map.get("testcase_status"): null

2023-02-10 16:08:19 - [TEST_STEP][PASSED] - if (testcae_status == "Passed" || testcae_status == "Failed"): null

2023-02-10 16:08:19 - [TEST_STEP][PASSED] - testCaseContext.skipThisTestCase(): null]]></system-out>
         <system-err><![CDATA[]]></system-err>
      </testcase>
      <testcase name="Test Cases/Shopify/CreateStore" time="0.0" classname="Test Cases/Shopify/CreateStore" status="SKIPPED">
         <system-out><![CDATA[2023-02-10 16:08:19 - [TEST_CASE][SKIPPED] - Test Cases/Shopify/CreateStore: 

2023-02-10 16:08:19 - [TEST_STEP][PASSED] - Start listener action : skipStatus: null

2023-02-10 16:08:19 - [TEST_STEP][PASSED] - map = testCaseContext.getTestCaseVariables(): null

2023-02-10 16:08:19 - [TEST_STEP][PASSED] - testcae_status = map.get("testcase_status"): null

2023-02-10 16:08:19 - [TEST_STEP][PASSED] - if (testcae_status == "Passed" || testcae_status == "Failed"): null

2023-02-10 16:08:19 - [TEST_STEP][PASSED] - testCaseContext.skipThisTestCase(): null]]></system-out>
         <system-err><![CDATA[]]></system-err>
      </testcase>
      <testcase name="Test Cases/Shopify/CreateStore" time="0.0" classname="Test Cases/Shopify/CreateStore" status="SKIPPED">
         <system-out><![CDATA[2023-02-10 16:08:20 - [TEST_CASE][SKIPPED] - Test Cases/Shopify/CreateStore: 

2023-02-10 16:08:20 - [TEST_STEP][PASSED] - Start listener action : skipStatus: null

2023-02-10 16:08:20 - [TEST_STEP][PASSED] - map = testCaseContext.getTestCaseVariables(): null

2023-02-10 16:08:20 - [TEST_STEP][PASSED] - testcae_status = map.get("testcase_status"): null

2023-02-10 16:08:20 - [TEST_STEP][PASSED] - if (testcae_status == "Passed" || testcae_status == "Failed"): null

2023-02-10 16:08:20 - [TEST_STEP][PASSED] - testCaseContext.skipThisTestCase(): null]]></system-out>
         <system-err><![CDATA[]]></system-err>
      </testcase>
      <testcase name="Test Cases/Shopify/CreateStore" time="0.0" classname="Test Cases/Shopify/CreateStore" status="SKIPPED">
         <system-out><![CDATA[2023-02-10 16:08:20 - [TEST_CASE][SKIPPED] - Test Cases/Shopify/CreateStore: 

2023-02-10 16:08:20 - [TEST_STEP][PASSED] - Start listener action : skipStatus: null

2023-02-10 16:08:20 - [TEST_STEP][PASSED] - map = testCaseContext.getTestCaseVariables(): null

2023-02-10 16:08:20 - [TEST_STEP][PASSED] - testcae_status = map.get("testcase_status"): null

2023-02-10 16:08:20 - [TEST_STEP][PASSED] - if (testcae_status == "Passed" || testcae_status == "Failed"): null

2023-02-10 16:08:20 - [TEST_STEP][PASSED] - testCaseContext.skipThisTestCase(): null]]></system-out>
         <system-err><![CDATA[]]></system-err>
      </testcase>
      <testcase name="Test Cases/Shopify/CreateStore" time="0.0" classname="Test Cases/Shopify/CreateStore" status="SKIPPED">
         <system-out><![CDATA[2023-02-10 16:08:20 - [TEST_CASE][SKIPPED] - Test Cases/Shopify/CreateStore: 

2023-02-10 16:08:20 - [TEST_STEP][PASSED] - Start listener action : skipStatus: null

2023-02-10 16:08:20 - [TEST_STEP][PASSED] - map = testCaseContext.getTestCaseVariables(): null

2023-02-10 16:08:20 - [TEST_STEP][PASSED] - testcae_status = map.get("testcase_status"): null

2023-02-10 16:08:20 - [TEST_STEP][PASSED] - if (testcae_status == "Passed" || testcae_status == "Failed"): null

2023-02-10 16:08:20 - [TEST_STEP][PASSED] - testCaseContext.skipThisTestCase(): null]]></system-out>
         <system-err><![CDATA[]]></system-err>
      </testcase>
      <testcase name="Test Cases/Shopify/CreateStore" time="0.016" classname="Test Cases/Shopify/CreateStore" status="SKIPPED">
         <system-out><![CDATA[2023-02-10 16:08:20 - [TEST_CASE][SKIPPED] - Test Cases/Shopify/CreateStore: 

2023-02-10 16:08:20 - [TEST_STEP][PASSED] - Start listener action : skipStatus: null

2023-02-10 16:08:20 - [TEST_STEP][PASSED] - map = testCaseContext.getTestCaseVariables(): null

2023-02-10 16:08:20 - [TEST_STEP][PASSED] - testcae_status = map.get("testcase_status"): null

2023-02-10 16:08:20 - [TEST_STEP][PASSED] - if (testcae_status == "Passed" || testcae_status == "Failed"): null

2023-02-10 16:08:20 - [TEST_STEP][PASSED] - testCaseContext.skipThisTestCase(): null]]></system-out>
         <system-err><![CDATA[]]></system-err>
      </testcase>
      <testcase name="Test Cases/Shopify/CreateStore" time="0.016" classname="Test Cases/Shopify/CreateStore" status="SKIPPED">
         <system-out><![CDATA[2023-02-10 16:08:20 - [TEST_CASE][SKIPPED] - Test Cases/Shopify/CreateStore: 

2023-02-10 16:08:20 - [TEST_STEP][PASSED] - Start listener action : skipStatus: null

2023-02-10 16:08:20 - [TEST_STEP][PASSED] - map = testCaseContext.getTestCaseVariables(): null

2023-02-10 16:08:20 - [TEST_STEP][PASSED] - testcae_status = map.get("testcase_status"): null

2023-02-10 16:08:20 - [TEST_STEP][PASSED] - if (testcae_status == "Passed" || testcae_status == "Failed"): null

2023-02-10 16:08:20 - [TEST_STEP][PASSED] - testCaseContext.skipThisTestCase(): null]]></system-out>
         <system-err><![CDATA[]]></system-err>
      </testcase>
      <testcase name="Test Cases/Shopify/CreateStore" time="0.021" classname="Test Cases/Shopify/CreateStore" status="SKIPPED">
         <system-out><![CDATA[2023-02-10 16:08:20 - [TEST_CASE][SKIPPED] - Test Cases/Shopify/CreateStore: 

2023-02-10 16:08:20 - [TEST_STEP][PASSED] - Start listener action : skipStatus: null

2023-02-10 16:08:20 - [TEST_STEP][PASSED] - map = testCaseContext.getTestCaseVariables(): null

2023-02-10 16:08:20 - [TEST_STEP][PASSED] - testcae_status = map.get("testcase_status"): null

2023-02-10 16:08:20 - [TEST_STEP][PASSED] - if (testcae_status == "Passed" || testcae_status == "Failed"): null

2023-02-10 16:08:20 - [TEST_STEP][PASSED] - testCaseContext.skipThisTestCase(): null]]></system-out>
         <system-err><![CDATA[]]></system-err>
      </testcase>
      <testcase name="Test Cases/Shopify/CreateStore" time="0.0" classname="Test Cases/Shopify/CreateStore" status="SKIPPED">
         <system-out><![CDATA[2023-02-10 16:08:20 - [TEST_CASE][SKIPPED] - Test Cases/Shopify/CreateStore: 

2023-02-10 16:08:20 - [TEST_STEP][PASSED] - Start listener action : skipStatus: null

2023-02-10 16:08:20 - [TEST_STEP][PASSED] - map = testCaseContext.getTestCaseVariables(): null

2023-02-10 16:08:20 - [TEST_STEP][PASSED] - testcae_status = map.get("testcase_status"): null

2023-02-10 16:08:20 - [TEST_STEP][PASSED] - if (testcae_status == "Passed" || testcae_status == "Failed"): null

2023-02-10 16:08:20 - [TEST_STEP][PASSED] - testCaseContext.skipThisTestCase(): null]]></system-out>
         <system-err><![CDATA[]]></system-err>
      </testcase>
      <testcase name="Test Cases/Shopify/CreateStore" time="0.0" classname="Test Cases/Shopify/CreateStore" status="SKIPPED">
         <system-out><![CDATA[2023-02-10 16:08:20 - [TEST_CASE][SKIPPED] - Test Cases/Shopify/CreateStore: 

2023-02-10 16:08:20 - [TEST_STEP][PASSED] - Start listener action : skipStatus: null

2023-02-10 16:08:20 - [TEST_STEP][PASSED] - map = testCaseContext.getTestCaseVariables(): null

2023-02-10 16:08:20 - [TEST_STEP][PASSED] - testcae_status = map.get("testcase_status"): null

2023-02-10 16:08:20 - [TEST_STEP][PASSED] - if (testcae_status == "Passed" || testcae_status == "Failed"): null

2023-02-10 16:08:20 - [TEST_STEP][PASSED] - testCaseContext.skipThisTestCase(): null]]></system-out>
         <system-err><![CDATA[]]></system-err>
      </testcase>
      <testcase name="Test Cases/Shopify/CreateStore" time="0.0" classname="Test Cases/Shopify/CreateStore" status="SKIPPED">
         <system-out><![CDATA[2023-02-10 16:08:20 - [TEST_CASE][SKIPPED] - Test Cases/Shopify/CreateStore: 

2023-02-10 16:08:20 - [TEST_STEP][PASSED] - Start listener action : skipStatus: null

2023-02-10 16:08:20 - [TEST_STEP][PASSED] - map = testCaseContext.getTestCaseVariables(): null

2023-02-10 16:08:20 - [TEST_STEP][PASSED] - testcae_status = map.get("testcase_status"): null

2023-02-10 16:08:20 - [TEST_STEP][PASSED] - if (testcae_status == "Passed" || testcae_status == "Failed"): null

2023-02-10 16:08:20 - [TEST_STEP][PASSED] - testCaseContext.skipThisTestCase(): null]]></system-out>
         <system-err><![CDATA[]]></system-err>
      </testcase>
      <testcase name="Test Cases/Shopify/CreateStore" time="0.0" classname="Test Cases/Shopify/CreateStore" status="SKIPPED">
         <system-out><![CDATA[2023-02-10 16:08:20 - [TEST_CASE][SKIPPED] - Test Cases/Shopify/CreateStore: 

2023-02-10 16:08:20 - [TEST_STEP][PASSED] - Start listener action : skipStatus: null

2023-02-10 16:08:20 - [TEST_STEP][PASSED] - map = testCaseContext.getTestCaseVariables(): null

2023-02-10 16:08:20 - [TEST_STEP][PASSED] - testcae_status = map.get("testcase_status"): null

2023-02-10 16:08:20 - [TEST_STEP][PASSED] - if (testcae_status == "Passed" || testcae_status == "Failed"): null

2023-02-10 16:08:20 - [TEST_STEP][PASSED] - testCaseContext.skipThisTestCase(): null]]></system-out>
         <system-err><![CDATA[]]></system-err>
      </testcase>
      <testcase name="Test Cases/Shopify/CreateStore" time="0.0" classname="Test Cases/Shopify/CreateStore" status="SKIPPED">
         <system-out><![CDATA[2023-02-10 16:08:20 - [TEST_CASE][SKIPPED] - Test Cases/Shopify/CreateStore: 

2023-02-10 16:08:20 - [TEST_STEP][PASSED] - Start listener action : skipStatus: null

2023-02-10 16:08:20 - [TEST_STEP][PASSED] - map = testCaseContext.getTestCaseVariables(): null

2023-02-10 16:08:20 - [TEST_STEP][PASSED] - testcae_status = map.get("testcase_status"): null

2023-02-10 16:08:20 - [TEST_STEP][PASSED] - if (testcae_status == "Passed" || testcae_status == "Failed"): null

2023-02-10 16:08:20 - [TEST_STEP][PASSED] - testCaseContext.skipThisTestCase(): null]]></system-out>
         <system-err><![CDATA[]]></system-err>
      </testcase>
      <testcase name="Test Cases/Shopify/CreateStore" time="0.0" classname="Test Cases/Shopify/CreateStore" status="SKIPPED">
         <system-out><![CDATA[2023-02-10 16:08:20 - [TEST_CASE][SKIPPED] - Test Cases/Shopify/CreateStore: 

2023-02-10 16:08:20 - [TEST_STEP][PASSED] - Start listener action : skipStatus: null

2023-02-10 16:08:20 - [TEST_STEP][PASSED] - map = testCaseContext.getTestCaseVariables(): null

2023-02-10 16:08:20 - [TEST_STEP][PASSED] - testcae_status = map.get("testcase_status"): null

2023-02-10 16:08:20 - [TEST_STEP][PASSED] - if (testcae_status == "Passed" || testcae_status == "Failed"): null

2023-02-10 16:08:20 - [TEST_STEP][PASSED] - testCaseContext.skipThisTestCase(): null]]></system-out>
         <system-err><![CDATA[]]></system-err>
      </testcase>
      <testcase name="Test Cases/Shopify/CreateStore" time="0.016" classname="Test Cases/Shopify/CreateStore" status="SKIPPED">
         <system-out><![CDATA[2023-02-10 16:08:20 - [TEST_CASE][SKIPPED] - Test Cases/Shopify/CreateStore: 

2023-02-10 16:08:20 - [TEST_STEP][PASSED] - Start listener action : skipStatus: null

2023-02-10 16:08:20 - [TEST_STEP][PASSED] - map = testCaseContext.getTestCaseVariables(): null

2023-02-10 16:08:20 - [TEST_STEP][PASSED] - testcae_status = map.get("testcase_status"): null

2023-02-10 16:08:20 - [TEST_STEP][PASSED] - if (testcae_status == "Passed" || testcae_status == "Failed"): null

2023-02-10 16:08:20 - [TEST_STEP][PASSED] - testCaseContext.skipThisTestCase(): null]]></system-out>
         <system-err><![CDATA[]]></system-err>
      </testcase>
      <testcase name="Test Cases/Shopify/CreateStore" time="0.0" classname="Test Cases/Shopify/CreateStore" status="SKIPPED">
         <system-out><![CDATA[2023-02-10 16:08:20 - [TEST_CASE][SKIPPED] - Test Cases/Shopify/CreateStore: 

2023-02-10 16:08:20 - [TEST_STEP][PASSED] - Start listener action : skipStatus: null

2023-02-10 16:08:20 - [TEST_STEP][PASSED] - map = testCaseContext.getTestCaseVariables(): null

2023-02-10 16:08:20 - [TEST_STEP][PASSED] - testcae_status = map.get("testcase_status"): null

2023-02-10 16:08:20 - [TEST_STEP][PASSED] - if (testcae_status == "Passed" || testcae_status == "Failed"): null

2023-02-10 16:08:20 - [TEST_STEP][PASSED] - testCaseContext.skipThisTestCase(): null]]></system-out>
         <system-err><![CDATA[]]></system-err>
      </testcase>
      <testcase name="Test Cases/Shopify/CreateStore" time="0.016" classname="Test Cases/Shopify/CreateStore" status="SKIPPED">
         <system-out><![CDATA[2023-02-10 16:08:20 - [TEST_CASE][SKIPPED] - Test Cases/Shopify/CreateStore: 

2023-02-10 16:08:20 - [TEST_STEP][PASSED] - Start listener action : skipStatus: null

2023-02-10 16:08:20 - [TEST_STEP][PASSED] - map = testCaseContext.getTestCaseVariables(): null

2023-02-10 16:08:20 - [TEST_STEP][PASSED] - testcae_status = map.get("testcase_status"): null

2023-02-10 16:08:20 - [TEST_STEP][PASSED] - if (testcae_status == "Passed" || testcae_status == "Failed"): null

2023-02-10 16:08:20 - [TEST_STEP][PASSED] - testCaseContext.skipThisTestCase(): null]]></system-out>
         <system-err><![CDATA[]]></system-err>
      </testcase>
      <testcase name="Test Cases/Shopify/CreateStore" time="0.016" classname="Test Cases/Shopify/CreateStore" status="SKIPPED">
         <system-out><![CDATA[2023-02-10 16:08:20 - [TEST_CASE][SKIPPED] - Test Cases/Shopify/CreateStore: 

2023-02-10 16:08:20 - [TEST_STEP][PASSED] - Start listener action : skipStatus: null

2023-02-10 16:08:20 - [TEST_STEP][PASSED] - map = testCaseContext.getTestCaseVariables(): null

2023-02-10 16:08:20 - [TEST_STEP][PASSED] - testcae_status = map.get("testcase_status"): null

2023-02-10 16:08:20 - [TEST_STEP][PASSED] - if (testcae_status == "Passed" || testcae_status == "Failed"): null

2023-02-10 16:08:20 - [TEST_STEP][PASSED] - testCaseContext.skipThisTestCase(): null]]></system-out>
         <system-err><![CDATA[]]></system-err>
      </testcase>
      <testcase name="Test Cases/Shopify/CreateStore" time="0.0" classname="Test Cases/Shopify/CreateStore" status="SKIPPED">
         <system-out><![CDATA[2023-02-10 16:08:20 - [TEST_CASE][SKIPPED] - Test Cases/Shopify/CreateStore: 

2023-02-10 16:08:20 - [TEST_STEP][PASSED] - Start listener action : skipStatus: null

2023-02-10 16:08:20 - [TEST_STEP][PASSED] - map = testCaseContext.getTestCaseVariables(): null

2023-02-10 16:08:20 - [TEST_STEP][PASSED] - testcae_status = map.get("testcase_status"): null

2023-02-10 16:08:20 - [TEST_STEP][PASSED] - if (testcae_status == "Passed" || testcae_status == "Failed"): null

2023-02-10 16:08:20 - [TEST_STEP][PASSED] - testCaseContext.skipThisTestCase(): null]]></system-out>
         <system-err><![CDATA[]]></system-err>
      </testcase>
      <testcase name="Test Cases/Shopify/CreateStore" time="0.006" classname="Test Cases/Shopify/CreateStore" status="SKIPPED">
         <system-out><![CDATA[2023-02-10 16:08:20 - [TEST_CASE][SKIPPED] - Test Cases/Shopify/CreateStore: 

2023-02-10 16:08:20 - [TEST_STEP][PASSED] - Start listener action : skipStatus: null

2023-02-10 16:08:20 - [TEST_STEP][PASSED] - map = testCaseContext.getTestCaseVariables(): null

2023-02-10 16:08:20 - [TEST_STEP][PASSED] - testcae_status = map.get("testcase_status"): null

2023-02-10 16:08:20 - [TEST_STEP][PASSED] - if (testcae_status == "Passed" || testcae_status == "Failed"): null

2023-02-10 16:08:20 - [TEST_STEP][PASSED] - testCaseContext.skipThisTestCase(): null]]></system-out>
         <system-err><![CDATA[]]></system-err>
      </testcase>
      <testcase name="Test Cases/Shopify/CreateStore" time="0.006" classname="Test Cases/Shopify/CreateStore" status="SKIPPED">
         <system-out><![CDATA[2023-02-10 16:08:20 - [TEST_CASE][SKIPPED] - Test Cases/Shopify/CreateStore: 

2023-02-10 16:08:20 - [TEST_STEP][PASSED] - Start listener action : skipStatus: null

2023-02-10 16:08:20 - [TEST_STEP][PASSED] - map = testCaseContext.getTestCaseVariables(): null

2023-02-10 16:08:20 - [TEST_STEP][PASSED] - testcae_status = map.get("testcase_status"): null

2023-02-10 16:08:20 - [TEST_STEP][PASSED] - if (testcae_status == "Passed" || testcae_status == "Failed"): null

2023-02-10 16:08:20 - [TEST_STEP][PASSED] - testCaseContext.skipThisTestCase(): null]]></system-out>
         <system-err><![CDATA[]]></system-err>
      </testcase>
      <testcase name="Test Cases/Shopify/CreateStore" time="0.008" classname="Test Cases/Shopify/CreateStore" status="SKIPPED">
         <system-out><![CDATA[2023-02-10 16:08:20 - [TEST_CASE][SKIPPED] - Test Cases/Shopify/CreateStore: 

2023-02-10 16:08:20 - [TEST_STEP][PASSED] - Start listener action : skipStatus: null

2023-02-10 16:08:20 - [TEST_STEP][PASSED] - map = testCaseContext.getTestCaseVariables(): null

2023-02-10 16:08:20 - [TEST_STEP][PASSED] - testcae_status = map.get("testcase_status"): null

2023-02-10 16:08:20 - [TEST_STEP][PASSED] - if (testcae_status == "Passed" || testcae_status == "Failed"): null

2023-02-10 16:08:20 - [TEST_STEP][PASSED] - testCaseContext.skipThisTestCase(): null]]></system-out>
         <system-err><![CDATA[]]></system-err>
      </testcase>
      <testcase name="Test Cases/Shopify/CreateStore" time="0.016" classname="Test Cases/Shopify/CreateStore" status="SKIPPED">
         <system-out><![CDATA[2023-02-10 16:08:20 - [TEST_CASE][SKIPPED] - Test Cases/Shopify/CreateStore: 

2023-02-10 16:08:20 - [TEST_STEP][PASSED] - Start listener action : skipStatus: null

2023-02-10 16:08:20 - [TEST_STEP][PASSED] - map = testCaseContext.getTestCaseVariables(): null

2023-02-10 16:08:20 - [TEST_STEP][PASSED] - testcae_status = map.get("testcase_status"): null

2023-02-10 16:08:20 - [TEST_STEP][PASSED] - if (testcae_status == "Passed" || testcae_status == "Failed"): null

2023-02-10 16:08:20 - [TEST_STEP][PASSED] - testCaseContext.skipThisTestCase(): null]]></system-out>
         <system-err><![CDATA[]]></system-err>
      </testcase>
      <testcase name="Test Cases/Shopify/CreateStore" time="0.016" classname="Test Cases/Shopify/CreateStore" status="SKIPPED">
         <system-out><![CDATA[2023-02-10 16:08:20 - [TEST_CASE][SKIPPED] - Test Cases/Shopify/CreateStore: 

2023-02-10 16:08:20 - [TEST_STEP][PASSED] - Start listener action : skipStatus: null

2023-02-10 16:08:20 - [TEST_STEP][PASSED] - map = testCaseContext.getTestCaseVariables(): null

2023-02-10 16:08:20 - [TEST_STEP][PASSED] - testcae_status = map.get("testcase_status"): null

2023-02-10 16:08:20 - [TEST_STEP][PASSED] - if (testcae_status == "Passed" || testcae_status == "Failed"): null

2023-02-10 16:08:20 - [TEST_STEP][PASSED] - testCaseContext.skipThisTestCase(): null]]></system-out>
         <system-err><![CDATA[]]></system-err>
      </testcase>
      <testcase name="Test Cases/Shopify/CreateStore" time="0.0" classname="Test Cases/Shopify/CreateStore" status="SKIPPED">
         <system-out><![CDATA[2023-02-10 16:08:21 - [TEST_CASE][SKIPPED] - Test Cases/Shopify/CreateStore: 

2023-02-10 16:08:21 - [TEST_STEP][PASSED] - Start listener action : skipStatus: null

2023-02-10 16:08:21 - [TEST_STEP][PASSED] - map = testCaseContext.getTestCaseVariables(): null

2023-02-10 16:08:21 - [TEST_STEP][PASSED] - testcae_status = map.get("testcase_status"): null

2023-02-10 16:08:21 - [TEST_STEP][PASSED] - if (testcae_status == "Passed" || testcae_status == "Failed"): null

2023-02-10 16:08:21 - [TEST_STEP][PASSED] - testCaseContext.skipThisTestCase(): null]]></system-out>
         <system-err><![CDATA[]]></system-err>
      </testcase>
      <testcase name="Test Cases/Shopify/CreateStore" time="0.0" classname="Test Cases/Shopify/CreateStore" status="SKIPPED">
         <system-out><![CDATA[2023-02-10 16:08:21 - [TEST_CASE][SKIPPED] - Test Cases/Shopify/CreateStore: 

2023-02-10 16:08:21 - [TEST_STEP][PASSED] - Start listener action : skipStatus: null

2023-02-10 16:08:21 - [TEST_STEP][PASSED] - map = testCaseContext.getTestCaseVariables(): null

2023-02-10 16:08:21 - [TEST_STEP][PASSED] - testcae_status = map.get("testcase_status"): null

2023-02-10 16:08:21 - [TEST_STEP][PASSED] - if (testcae_status == "Passed" || testcae_status == "Failed"): null

2023-02-10 16:08:21 - [TEST_STEP][PASSED] - testCaseContext.skipThisTestCase(): null]]></system-out>
         <system-err><![CDATA[]]></system-err>
      </testcase>
      <testcase name="Test Cases/Shopify/CreateStore" time="0.0" classname="Test Cases/Shopify/CreateStore" status="SKIPPED">
         <system-out><![CDATA[2023-02-10 16:08:21 - [TEST_CASE][SKIPPED] - Test Cases/Shopify/CreateStore: 

2023-02-10 16:08:21 - [TEST_STEP][PASSED] - Start listener action : skipStatus: null

2023-02-10 16:08:21 - [TEST_STEP][PASSED] - map = testCaseContext.getTestCaseVariables(): null

2023-02-10 16:08:21 - [TEST_STEP][PASSED] - testcae_status = map.get("testcase_status"): null

2023-02-10 16:08:21 - [TEST_STEP][PASSED] - if (testcae_status == "Passed" || testcae_status == "Failed"): null

2023-02-10 16:08:21 - [TEST_STEP][PASSED] - testCaseContext.skipThisTestCase(): null]]></system-out>
         <system-err><![CDATA[]]></system-err>
      </testcase>
      <testcase name="Test Cases/Shopify/CreateStore" time="0.0" classname="Test Cases/Shopify/CreateStore" status="SKIPPED">
         <system-out><![CDATA[2023-02-10 16:08:21 - [TEST_CASE][SKIPPED] - Test Cases/Shopify/CreateStore: 

2023-02-10 16:08:21 - [TEST_STEP][PASSED] - Start listener action : skipStatus: null

2023-02-10 16:08:21 - [TEST_STEP][PASSED] - map = testCaseContext.getTestCaseVariables(): null

2023-02-10 16:08:21 - [TEST_STEP][PASSED] - testcae_status = map.get("testcase_status"): null

2023-02-10 16:08:21 - [TEST_STEP][PASSED] - if (testcae_status == "Passed" || testcae_status == "Failed"): null

2023-02-10 16:08:21 - [TEST_STEP][PASSED] - testCaseContext.skipThisTestCase(): null]]></system-out>
         <system-err><![CDATA[]]></system-err>
      </testcase>
      <testcase name="Test Cases/Shopify/CreateStore" time="0.016" classname="Test Cases/Shopify/CreateStore" status="SKIPPED">
         <system-out><![CDATA[2023-02-10 16:08:21 - [TEST_CASE][SKIPPED] - Test Cases/Shopify/CreateStore: 

2023-02-10 16:08:21 - [TEST_STEP][PASSED] - Start listener action : skipStatus: null

2023-02-10 16:08:21 - [TEST_STEP][PASSED] - map = testCaseContext.getTestCaseVariables(): null

2023-02-10 16:08:21 - [TEST_STEP][PASSED] - testcae_status = map.get("testcase_status"): null

2023-02-10 16:08:21 - [TEST_STEP][PASSED] - if (testcae_status == "Passed" || testcae_status == "Failed"): null

2023-02-10 16:08:21 - [TEST_STEP][PASSED] - testCaseContext.skipThisTestCase(): null]]></system-out>
         <system-err><![CDATA[]]></system-err>
      </testcase>
      <testcase name="Test Cases/Shopify/CreateStore" time="0.0" classname="Test Cases/Shopify/CreateStore" status="SKIPPED">
         <system-out><![CDATA[2023-02-10 16:08:21 - [TEST_CASE][SKIPPED] - Test Cases/Shopify/CreateStore: 

2023-02-10 16:08:21 - [TEST_STEP][PASSED] - Start listener action : skipStatus: null

2023-02-10 16:08:21 - [TEST_STEP][PASSED] - map = testCaseContext.getTestCaseVariables(): null

2023-02-10 16:08:21 - [TEST_STEP][PASSED] - testcae_status = map.get("testcase_status"): null

2023-02-10 16:08:21 - [TEST_STEP][PASSED] - if (testcae_status == "Passed" || testcae_status == "Failed"): null

2023-02-10 16:08:21 - [TEST_STEP][PASSED] - testCaseContext.skipThisTestCase(): null]]></system-out>
         <system-err><![CDATA[]]></system-err>
      </testcase>
      <testcase name="Test Cases/Shopify/CreateStore" time="0.021" classname="Test Cases/Shopify/CreateStore" status="SKIPPED">
         <system-out><![CDATA[2023-02-10 16:08:21 - [TEST_CASE][SKIPPED] - Test Cases/Shopify/CreateStore: 

2023-02-10 16:08:21 - [TEST_STEP][PASSED] - Start listener action : skipStatus: null

2023-02-10 16:08:21 - [TEST_STEP][PASSED] - map = testCaseContext.getTestCaseVariables(): null

2023-02-10 16:08:21 - [TEST_STEP][PASSED] - testcae_status = map.get("testcase_status"): null

2023-02-10 16:08:21 - [TEST_STEP][PASSED] - if (testcae_status == "Passed" || testcae_status == "Failed"): null

2023-02-10 16:08:21 - [TEST_STEP][PASSED] - testCaseContext.skipThisTestCase(): null]]></system-out>
         <system-err><![CDATA[]]></system-err>
      </testcase>
      <testcase name="Test Cases/Shopify/CreateStore" time="0.0" classname="Test Cases/Shopify/CreateStore" status="SKIPPED">
         <system-out><![CDATA[2023-02-10 16:08:21 - [TEST_CASE][SKIPPED] - Test Cases/Shopify/CreateStore: 

2023-02-10 16:08:21 - [TEST_STEP][PASSED] - Start listener action : skipStatus: null

2023-02-10 16:08:21 - [TEST_STEP][PASSED] - map = testCaseContext.getTestCaseVariables(): null

2023-02-10 16:08:21 - [TEST_STEP][PASSED] - testcae_status = map.get("testcase_status"): null

2023-02-10 16:08:21 - [TEST_STEP][PASSED] - if (testcae_status == "Passed" || testcae_status == "Failed"): null

2023-02-10 16:08:21 - [TEST_STEP][PASSED] - testCaseContext.skipThisTestCase(): null]]></system-out>
         <system-err><![CDATA[]]></system-err>
      </testcase>
      <testcase name="Test Cases/Shopify/CreateStore" time="0.0" classname="Test Cases/Shopify/CreateStore" status="SKIPPED">
         <system-out><![CDATA[2023-02-10 16:08:21 - [TEST_CASE][SKIPPED] - Test Cases/Shopify/CreateStore: 

2023-02-10 16:08:21 - [TEST_STEP][PASSED] - Start listener action : skipStatus: null

2023-02-10 16:08:21 - [TEST_STEP][PASSED] - map = testCaseContext.getTestCaseVariables(): null

2023-02-10 16:08:21 - [TEST_STEP][PASSED] - testcae_status = map.get("testcase_status"): null

2023-02-10 16:08:21 - [TEST_STEP][PASSED] - if (testcae_status == "Passed" || testcae_status == "Failed"): null

2023-02-10 16:08:21 - [TEST_STEP][PASSED] - testCaseContext.skipThisTestCase(): null]]></system-out>
         <system-err><![CDATA[]]></system-err>
      </testcase>
      <testcase name="Test Cases/Shopify/CreateStore" time="0.0" classname="Test Cases/Shopify/CreateStore" status="SKIPPED">
         <system-out><![CDATA[2023-02-10 16:08:21 - [TEST_CASE][SKIPPED] - Test Cases/Shopify/CreateStore: 

2023-02-10 16:08:21 - [TEST_STEP][PASSED] - Start listener action : skipStatus: null

2023-02-10 16:08:21 - [TEST_STEP][PASSED] - map = testCaseContext.getTestCaseVariables(): null

2023-02-10 16:08:21 - [TEST_STEP][PASSED] - testcae_status = map.get("testcase_status"): null

2023-02-10 16:08:21 - [TEST_STEP][PASSED] - if (testcae_status == "Passed" || testcae_status == "Failed"): null

2023-02-10 16:08:21 - [TEST_STEP][PASSED] - testCaseContext.skipThisTestCase(): null]]></system-out>
         <system-err><![CDATA[]]></system-err>
      </testcase>
      <testcase name="Test Cases/Shopify/CreateStore" time="0.0" classname="Test Cases/Shopify/CreateStore" status="SKIPPED">
         <system-out><![CDATA[2023-02-10 16:08:21 - [TEST_CASE][SKIPPED] - Test Cases/Shopify/CreateStore: 

2023-02-10 16:08:21 - [TEST_STEP][PASSED] - Start listener action : skipStatus: null

2023-02-10 16:08:21 - [TEST_STEP][PASSED] - map = testCaseContext.getTestCaseVariables(): null

2023-02-10 16:08:21 - [TEST_STEP][PASSED] - testcae_status = map.get("testcase_status"): null

2023-02-10 16:08:21 - [TEST_STEP][PASSED] - if (testcae_status == "Passed" || testcae_status == "Failed"): null

2023-02-10 16:08:21 - [TEST_STEP][PASSED] - testCaseContext.skipThisTestCase(): null]]></system-out>
         <system-err><![CDATA[]]></system-err>
      </testcase>
      <testcase name="Test Cases/Shopify/CreateStore" time="0.0" classname="Test Cases/Shopify/CreateStore" status="SKIPPED">
         <system-out><![CDATA[2023-02-10 16:08:21 - [TEST_CASE][SKIPPED] - Test Cases/Shopify/CreateStore: 

2023-02-10 16:08:21 - [TEST_STEP][PASSED] - Start listener action : skipStatus: null

2023-02-10 16:08:21 - [TEST_STEP][PASSED] - map = testCaseContext.getTestCaseVariables(): null

2023-02-10 16:08:21 - [TEST_STEP][PASSED] - testcae_status = map.get("testcase_status"): null

2023-02-10 16:08:21 - [TEST_STEP][PASSED] - if (testcae_status == "Passed" || testcae_status == "Failed"): null

2023-02-10 16:08:21 - [TEST_STEP][PASSED] - testCaseContext.skipThisTestCase(): null]]></system-out>
         <system-err><![CDATA[]]></system-err>
      </testcase>
      <testcase name="Test Cases/Shopify/CreateStore" time="0.015" classname="Test Cases/Shopify/CreateStore" status="SKIPPED">
         <system-out><![CDATA[2023-02-10 16:08:21 - [TEST_CASE][SKIPPED] - Test Cases/Shopify/CreateStore: 

2023-02-10 16:08:21 - [TEST_STEP][PASSED] - Start listener action : skipStatus: null

2023-02-10 16:08:21 - [TEST_STEP][PASSED] - map = testCaseContext.getTestCaseVariables(): null

2023-02-10 16:08:21 - [TEST_STEP][PASSED] - testcae_status = map.get("testcase_status"): null

2023-02-10 16:08:21 - [TEST_STEP][PASSED] - if (testcae_status == "Passed" || testcae_status == "Failed"): null

2023-02-10 16:08:21 - [TEST_STEP][PASSED] - testCaseContext.skipThisTestCase(): null]]></system-out>
         <system-err><![CDATA[]]></system-err>
      </testcase>
      <testcase name="Test Cases/Shopify/CreateStore" time="0.0" classname="Test Cases/Shopify/CreateStore" status="SKIPPED">
         <system-out><![CDATA[2023-02-10 16:08:21 - [TEST_CASE][SKIPPED] - Test Cases/Shopify/CreateStore: 

2023-02-10 16:08:21 - [TEST_STEP][PASSED] - Start listener action : skipStatus: null

2023-02-10 16:08:21 - [TEST_STEP][PASSED] - map = testCaseContext.getTestCaseVariables(): null

2023-02-10 16:08:21 - [TEST_STEP][PASSED] - testcae_status = map.get("testcase_status"): null

2023-02-10 16:08:21 - [TEST_STEP][PASSED] - if (testcae_status == "Passed" || testcae_status == "Failed"): null

2023-02-10 16:08:21 - [TEST_STEP][PASSED] - testCaseContext.skipThisTestCase(): null]]></system-out>
         <system-err><![CDATA[]]></system-err>
      </testcase>
      <testcase name="Test Cases/Shopify/CreateStore" time="0.015" classname="Test Cases/Shopify/CreateStore" status="SKIPPED">
         <system-out><![CDATA[2023-02-10 16:08:21 - [TEST_CASE][SKIPPED] - Test Cases/Shopify/CreateStore: 

2023-02-10 16:08:21 - [TEST_STEP][PASSED] - Start listener action : skipStatus: null

2023-02-10 16:08:21 - [TEST_STEP][PASSED] - map = testCaseContext.getTestCaseVariables(): null

2023-02-10 16:08:21 - [TEST_STEP][PASSED] - testcae_status = map.get("testcase_status"): null

2023-02-10 16:08:21 - [TEST_STEP][PASSED] - if (testcae_status == "Passed" || testcae_status == "Failed"): null

2023-02-10 16:08:21 - [TEST_STEP][PASSED] - testCaseContext.skipThisTestCase(): null]]></system-out>
         <system-err><![CDATA[]]></system-err>
      </testcase>
      <testcase name="Test Cases/Shopify/CreateStore" time="0.0" classname="Test Cases/Shopify/CreateStore" status="SKIPPED">
         <system-out><![CDATA[2023-02-10 16:08:21 - [TEST_CASE][SKIPPED] - Test Cases/Shopify/CreateStore: 

2023-02-10 16:08:21 - [TEST_STEP][PASSED] - Start listener action : skipStatus: null

2023-02-10 16:08:21 - [TEST_STEP][PASSED] - map = testCaseContext.getTestCaseVariables(): null

2023-02-10 16:08:21 - [TEST_STEP][PASSED] - testcae_status = map.get("testcase_status"): null

2023-02-10 16:08:21 - [TEST_STEP][PASSED] - if (testcae_status == "Passed" || testcae_status == "Failed"): null

2023-02-10 16:08:21 - [TEST_STEP][PASSED] - testCaseContext.skipThisTestCase(): null]]></system-out>
         <system-err><![CDATA[]]></system-err>
      </testcase>
      <testcase name="Test Cases/Shopify/CreateStore" time="0.016" classname="Test Cases/Shopify/CreateStore" status="SKIPPED">
         <system-out><![CDATA[2023-02-10 16:08:21 - [TEST_CASE][SKIPPED] - Test Cases/Shopify/CreateStore: 

2023-02-10 16:08:21 - [TEST_STEP][PASSED] - Start listener action : skipStatus: null

2023-02-10 16:08:21 - [TEST_STEP][PASSED] - map = testCaseContext.getTestCaseVariables(): null

2023-02-10 16:08:21 - [TEST_STEP][PASSED] - testcae_status = map.get("testcase_status"): null

2023-02-10 16:08:21 - [TEST_STEP][PASSED] - if (testcae_status == "Passed" || testcae_status == "Failed"): null

2023-02-10 16:08:21 - [TEST_STEP][PASSED] - testCaseContext.skipThisTestCase(): null]]></system-out>
         <system-err><![CDATA[]]></system-err>
      </testcase>
      <testcase name="Test Cases/Shopify/CreateStore" time="0.015" classname="Test Cases/Shopify/CreateStore" status="SKIPPED">
         <system-out><![CDATA[2023-02-10 16:08:21 - [TEST_CASE][SKIPPED] - Test Cases/Shopify/CreateStore: 

2023-02-10 16:08:21 - [TEST_STEP][PASSED] - Start listener action : skipStatus: null

2023-02-10 16:08:21 - [TEST_STEP][PASSED] - map = testCaseContext.getTestCaseVariables(): null

2023-02-10 16:08:21 - [TEST_STEP][PASSED] - testcae_status = map.get("testcase_status"): null

2023-02-10 16:08:21 - [TEST_STEP][PASSED] - if (testcae_status == "Passed" || testcae_status == "Failed"): null

2023-02-10 16:08:21 - [TEST_STEP][PASSED] - testCaseContext.skipThisTestCase(): null]]></system-out>
         <system-err><![CDATA[]]></system-err>
      </testcase>
      <testcase name="Test Cases/Shopify/CreateStore" time="0.0" classname="Test Cases/Shopify/CreateStore" status="SKIPPED">
         <system-out><![CDATA[2023-02-10 16:08:21 - [TEST_CASE][SKIPPED] - Test Cases/Shopify/CreateStore: 

2023-02-10 16:08:21 - [TEST_STEP][PASSED] - Start listener action : skipStatus: null

2023-02-10 16:08:21 - [TEST_STEP][PASSED] - map = testCaseContext.getTestCaseVariables(): null

2023-02-10 16:08:21 - [TEST_STEP][PASSED] - testcae_status = map.get("testcase_status"): null

2023-02-10 16:08:21 - [TEST_STEP][PASSED] - if (testcae_status == "Passed" || testcae_status == "Failed"): null

2023-02-10 16:08:21 - [TEST_STEP][PASSED] - testCaseContext.skipThisTestCase(): null]]></system-out>
         <system-err><![CDATA[]]></system-err>
      </testcase>
      <testcase name="Test Cases/Shopify/CreateStore" time="0.015" classname="Test Cases/Shopify/CreateStore" status="SKIPPED">
         <system-out><![CDATA[2023-02-10 16:08:21 - [TEST_CASE][SKIPPED] - Test Cases/Shopify/CreateStore: 

2023-02-10 16:08:21 - [TEST_STEP][PASSED] - Start listener action : skipStatus: null

2023-02-10 16:08:21 - [TEST_STEP][PASSED] - map = testCaseContext.getTestCaseVariables(): null

2023-02-10 16:08:21 - [TEST_STEP][PASSED] - testcae_status = map.get("testcase_status"): null

2023-02-10 16:08:21 - [TEST_STEP][PASSED] - if (testcae_status == "Passed" || testcae_status == "Failed"): null

2023-02-10 16:08:21 - [TEST_STEP][PASSED] - testCaseContext.skipThisTestCase(): null]]></system-out>
         <system-err><![CDATA[]]></system-err>
      </testcase>
      <system-out><![CDATA[2023-02-10 16:08:09 - [TEST_SUITE][PASSED] - Create Store:]]></system-out>
      <system-err><![CDATA[]]></system-err>
   </testsuite>
</testsuites>
